[2025-03-30T13:26:02.799+0000] {local_task_job_runner.py:123} INFO - ::group::Pre task execution logs
[2025-03-30T13:26:02.810+0000] {taskinstance.py:2614} INFO - Dependencies all met for dep_context=non-requeueable deps ti=<TaskInstance: my_dag.tsk_is_glue_job_finish_running scheduled__2025-03-23T00:00:00+00:00 [queued]>
[2025-03-30T13:26:02.817+0000] {taskinstance.py:2614} INFO - Dependencies all met for dep_context=requeueable deps ti=<TaskInstance: my_dag.tsk_is_glue_job_finish_running scheduled__2025-03-23T00:00:00+00:00 [queued]>
[2025-03-30T13:26:02.817+0000] {taskinstance.py:2867} INFO - Starting attempt 2 of 3
[2025-03-30T13:26:02.832+0000] {taskinstance.py:2890} INFO - Executing <Task(GlueJobSensor): tsk_is_glue_job_finish_running> on 2025-03-23 00:00:00+00:00
[2025-03-30T13:26:02.836+0000] {standard_task_runner.py:72} INFO - Started process 7026 to run task
[2025-03-30T13:26:02.839+0000] {standard_task_runner.py:104} INFO - Running: ['airflow', 'tasks', 'run', 'my_dag', 'tsk_is_glue_job_finish_running', 'scheduled__2025-03-23T00:00:00+00:00', '--job-id', '16', '--raw', '--subdir', 'DAGS_FOLDER/customer_churn_dag.py', '--cfg-path', '/tmp/tmpk6hclur6']
[2025-03-30T13:26:02.840+0000] {standard_task_runner.py:105} INFO - Job 16: Subtask tsk_is_glue_job_finish_running
[2025-03-30T13:26:02.877+0000] {task_command.py:467} INFO - Running <TaskInstance: my_dag.tsk_is_glue_job_finish_running scheduled__2025-03-23T00:00:00+00:00 [running]> on host ip-172-31-16-96.ec2.internal
[2025-03-30T13:26:02.939+0000] {taskinstance.py:3134} INFO - Exporting env vars: AIRFLOW_CTX_DAG_EMAIL='myemaildomain.com' AIRFLOW_CTX_DAG_OWNER='airflow' AIRFLOW_CTX_DAG_ID='my_dag' AIRFLOW_CTX_TASK_ID='tsk_is_glue_job_finish_running' AIRFLOW_CTX_EXECUTION_DATE='2025-03-23T00:00:00+00:00' AIRFLOW_CTX_TRY_NUMBER='2' AIRFLOW_CTX_DAG_RUN_ID='scheduled__2025-03-23T00:00:00+00:00'
[2025-03-30T13:26:02.939+0000] {taskinstance.py:732} INFO - ::endgroup::
[2025-03-30T13:26:02.950+0000] {glue.py:80} INFO - Poking for job run status :for Glue Job s3_upload_to_redshift_gluejob and ID jr_09b1363155f3efb6e34188cb70cf43bf991d4068c7fd85dbf72ea60a47781feb
[2025-03-30T13:26:02.955+0000] {base.py:84} INFO - Retrieving connection 'aws_s3_conn'
[2025-03-30T13:26:02.955+0000] {connection_wrapper.py:325} INFO - AWS Connection (conn_id='aws_s3_conn', conn_type='aws') credentials retrieved from login and password.
[2025-03-30T13:26:03.131+0000] {taskinstance.py:3313} ERROR - Task failed with exception
Traceback (most recent call last):
  File "/home/ubuntu/customer_churn_youtube_venv/lib/python3.12/site-packages/airflow/models/taskinstance.py", line 768, in _execute_task
    result = _execute_callable(context=context, **execute_callable_kwargs)
             ^^^^^^^^^^^^^^^^^^^^^^^^^^^^^^^^^^^^^^^^^^^^^^^^^^^^^^^^^^^^^
  File "/home/ubuntu/customer_churn_youtube_venv/lib/python3.12/site-packages/airflow/models/taskinstance.py", line 734, in _execute_callable
    return ExecutionCallableRunner(
           ^^^^^^^^^^^^^^^^^^^^^^^^
  File "/home/ubuntu/customer_churn_youtube_venv/lib/python3.12/site-packages/airflow/utils/operator_helpers.py", line 252, in run
    return self.func(*args, **kwargs)
           ^^^^^^^^^^^^^^^^^^^^^^^^^^
  File "/home/ubuntu/customer_churn_youtube_venv/lib/python3.12/site-packages/airflow/models/baseoperator.py", line 424, in wrapper
    return func(self, *args, **kwargs)
           ^^^^^^^^^^^^^^^^^^^^^^^^^^^
  File "/home/ubuntu/customer_churn_youtube_venv/lib/python3.12/site-packages/airflow/sensors/base.py", line 309, in execute
    raise e
  File "/home/ubuntu/customer_churn_youtube_venv/lib/python3.12/site-packages/airflow/sensors/base.py", line 289, in execute
    poke_return = self.poke(context)
                  ^^^^^^^^^^^^^^^^^^
  File "/home/ubuntu/customer_churn_youtube_venv/lib/python3.12/site-packages/airflow/providers/amazon/aws/sensors/glue.py", line 81, in poke
    job_state = self.hook.get_job_state(job_name=self.job_name, run_id=self.run_id)
                ^^^^^^^^^^^^^^^^^^^^^^^^^^^^^^^^^^^^^^^^^^^^^^^^^^^^^^^^^^^^^^^^^^^
  File "/home/ubuntu/customer_churn_youtube_venv/lib/python3.12/site-packages/airflow/providers/amazon/aws/hooks/glue.py", line 205, in get_job_state
    job_run = self.conn.get_job_run(JobName=job_name, RunId=run_id, PredecessorsIncluded=True)
              ^^^^^^^^^
  File "/usr/lib/python3.12/functools.py", line 995, in __get__
    val = self.func(instance)
          ^^^^^^^^^^^^^^^^^^^
  File "/home/ubuntu/customer_churn_youtube_venv/lib/python3.12/site-packages/airflow/providers/amazon/aws/hooks/base_aws.py", line 745, in conn
    return self.get_client_type(region_name=self.region_name)
           ^^^^^^^^^^^^^^^^^^^^^^^^^^^^^^^^^^^^^^^^^^^^^^^^^^
  File "/home/ubuntu/customer_churn_youtube_venv/lib/python3.12/site-packages/airflow/providers/amazon/aws/hooks/base_aws.py", line 715, in get_client_type
    return session.client(
           ^^^^^^^^^^^^^^^
  File "/home/ubuntu/customer_churn_youtube_venv/lib/python3.12/site-packages/boto3/session.py", line 322, in client
    return self._session.create_client(
           ^^^^^^^^^^^^^^^^^^^^^^^^^^^^
  File "/home/ubuntu/customer_churn_youtube_venv/lib/python3.12/site-packages/botocore/context.py", line 124, in wrapper
    return func(*args, **kwargs)
           ^^^^^^^^^^^^^^^^^^^^^
  File "/home/ubuntu/customer_churn_youtube_venv/lib/python3.12/site-packages/botocore/session.py", line 1019, in create_client
    client = client_creator.create_client(
             ^^^^^^^^^^^^^^^^^^^^^^^^^^^^^
  File "/home/ubuntu/customer_churn_youtube_venv/lib/python3.12/site-packages/botocore/client.py", line 166, in create_client
    client_args = self._get_client_args(
                  ^^^^^^^^^^^^^^^^^^^^^^
  File "/home/ubuntu/customer_churn_youtube_venv/lib/python3.12/site-packages/botocore/client.py", line 525, in _get_client_args
    return args_creator.get_client_args(
           ^^^^^^^^^^^^^^^^^^^^^^^^^^^^^
  File "/home/ubuntu/customer_churn_youtube_venv/lib/python3.12/site-packages/botocore/args.py", line 125, in get_client_args
    final_args = self.compute_client_args(
                 ^^^^^^^^^^^^^^^^^^^^^^^^^
  File "/home/ubuntu/customer_churn_youtube_venv/lib/python3.12/site-packages/botocore/args.py", line 249, in compute_client_args
    endpoint_config = self._compute_endpoint_config(
                      ^^^^^^^^^^^^^^^^^^^^^^^^^^^^^^
  File "/home/ubuntu/customer_churn_youtube_venv/lib/python3.12/site-packages/botocore/args.py", line 432, in _compute_endpoint_config
    return self._resolve_endpoint(**resolve_endpoint_kwargs)
           ^^^^^^^^^^^^^^^^^^^^^^^^^^^^^^^^^^^^^^^^^^^^^^^^^
  File "/home/ubuntu/customer_churn_youtube_venv/lib/python3.12/site-packages/botocore/args.py", line 537, in _resolve_endpoint
    return endpoint_bridge.resolve(
           ^^^^^^^^^^^^^^^^^^^^^^^^
  File "/home/ubuntu/customer_churn_youtube_venv/lib/python3.12/site-packages/botocore/client.py", line 630, in resolve
    resolved = self.endpoint_resolver.construct_endpoint(
               ^^^^^^^^^^^^^^^^^^^^^^^^^^^^^^^^^^^^^^^^^^
  File "/home/ubuntu/customer_churn_youtube_venv/lib/python3.12/site-packages/botocore/regions.py", line 232, in construct_endpoint
    result = self._endpoint_for_partition(
             ^^^^^^^^^^^^^^^^^^^^^^^^^^^^^
  File "/home/ubuntu/customer_churn_youtube_venv/lib/python3.12/site-packages/botocore/regions.py", line 280, in _endpoint_for_partition
    raise NoRegionError()
botocore.exceptions.NoRegionError: You must specify a region.
[2025-03-30T13:26:03.139+0000] {taskinstance.py:1226} INFO - Marking task as UP_FOR_RETRY. dag_id=my_dag, task_id=tsk_is_glue_job_finish_running, run_id=scheduled__2025-03-23T00:00:00+00:00, execution_date=20250323T000000, start_date=20250330T132602, end_date=20250330T132603
[2025-03-30T13:26:03.165+0000] {taskinstance.py:341} INFO - ::group::Post task execution logs
[2025-03-30T13:26:03.165+0000] {standard_task_runner.py:124} ERROR - Failed to execute job 16 for task tsk_is_glue_job_finish_running (You must specify a region.; 7026)
Traceback (most recent call last):
  File "/home/ubuntu/customer_churn_youtube_venv/lib/python3.12/site-packages/airflow/task/task_runner/standard_task_runner.py", line 117, in _start_by_fork
    ret = args.func(args, dag=self.dag)
          ^^^^^^^^^^^^^^^^^^^^^^^^^^^^^
  File "/home/ubuntu/customer_churn_youtube_venv/lib/python3.12/site-packages/airflow/cli/cli_config.py", line 49, in command
    return func(*args, **kwargs)
           ^^^^^^^^^^^^^^^^^^^^^
  File "/home/ubuntu/customer_churn_youtube_venv/lib/python3.12/site-packages/airflow/utils/cli.py", line 116, in wrapper
    return f(*args, **kwargs)
           ^^^^^^^^^^^^^^^^^^
  File "/home/ubuntu/customer_churn_youtube_venv/lib/python3.12/site-packages/airflow/cli/commands/task_command.py", line 483, in task_run
    task_return_code = _run_task_by_selected_method(args, _dag, ti)
                       ^^^^^^^^^^^^^^^^^^^^^^^^^^^^^^^^^^^^^^^^^^^^
  File "/home/ubuntu/customer_churn_youtube_venv/lib/python3.12/site-packages/airflow/cli/commands/task_command.py", line 256, in _run_task_by_selected_method
    return _run_raw_task(args, ti)
           ^^^^^^^^^^^^^^^^^^^^^^^
  File "/home/ubuntu/customer_churn_youtube_venv/lib/python3.12/site-packages/airflow/cli/commands/task_command.py", line 341, in _run_raw_task
    return ti._run_raw_task(
           ^^^^^^^^^^^^^^^^^
  File "/home/ubuntu/customer_churn_youtube_venv/lib/python3.12/site-packages/airflow/utils/session.py", line 97, in wrapper
    return func(*args, session=session, **kwargs)
           ^^^^^^^^^^^^^^^^^^^^^^^^^^^^^^^^^^^^^^
  File "/home/ubuntu/customer_churn_youtube_venv/lib/python3.12/site-packages/airflow/models/taskinstance.py", line 3006, in _run_raw_task
    return _run_raw_task(
           ^^^^^^^^^^^^^^
  File "/home/ubuntu/customer_churn_youtube_venv/lib/python3.12/site-packages/airflow/models/taskinstance.py", line 274, in _run_raw_task
    TaskInstance._execute_task_with_callbacks(
  File "/home/ubuntu/customer_churn_youtube_venv/lib/python3.12/site-packages/airflow/models/taskinstance.py", line 3161, in _execute_task_with_callbacks
    result = self._execute_task(context, task_orig)
             ^^^^^^^^^^^^^^^^^^^^^^^^^^^^^^^^^^^^^^
  File "/home/ubuntu/customer_churn_youtube_venv/lib/python3.12/site-packages/airflow/models/taskinstance.py", line 3185, in _execute_task
    return _execute_task(self, context, task_orig)
           ^^^^^^^^^^^^^^^^^^^^^^^^^^^^^^^^^^^^^^^
  File "/home/ubuntu/customer_churn_youtube_venv/lib/python3.12/site-packages/airflow/models/taskinstance.py", line 768, in _execute_task
    result = _execute_callable(context=context, **execute_callable_kwargs)
             ^^^^^^^^^^^^^^^^^^^^^^^^^^^^^^^^^^^^^^^^^^^^^^^^^^^^^^^^^^^^^
  File "/home/ubuntu/customer_churn_youtube_venv/lib/python3.12/site-packages/airflow/models/taskinstance.py", line 734, in _execute_callable
    return ExecutionCallableRunner(
           ^^^^^^^^^^^^^^^^^^^^^^^^
  File "/home/ubuntu/customer_churn_youtube_venv/lib/python3.12/site-packages/airflow/utils/operator_helpers.py", line 252, in run
    return self.func(*args, **kwargs)
           ^^^^^^^^^^^^^^^^^^^^^^^^^^
  File "/home/ubuntu/customer_churn_youtube_venv/lib/python3.12/site-packages/airflow/models/baseoperator.py", line 424, in wrapper
    return func(self, *args, **kwargs)
           ^^^^^^^^^^^^^^^^^^^^^^^^^^^
  File "/home/ubuntu/customer_churn_youtube_venv/lib/python3.12/site-packages/airflow/sensors/base.py", line 309, in execute
    raise e
  File "/home/ubuntu/customer_churn_youtube_venv/lib/python3.12/site-packages/airflow/sensors/base.py", line 289, in execute
    poke_return = self.poke(context)
                  ^^^^^^^^^^^^^^^^^^
  File "/home/ubuntu/customer_churn_youtube_venv/lib/python3.12/site-packages/airflow/providers/amazon/aws/sensors/glue.py", line 81, in poke
    job_state = self.hook.get_job_state(job_name=self.job_name, run_id=self.run_id)
                ^^^^^^^^^^^^^^^^^^^^^^^^^^^^^^^^^^^^^^^^^^^^^^^^^^^^^^^^^^^^^^^^^^^
  File "/home/ubuntu/customer_churn_youtube_venv/lib/python3.12/site-packages/airflow/providers/amazon/aws/hooks/glue.py", line 205, in get_job_state
    job_run = self.conn.get_job_run(JobName=job_name, RunId=run_id, PredecessorsIncluded=True)
              ^^^^^^^^^
  File "/usr/lib/python3.12/functools.py", line 995, in __get__
    val = self.func(instance)
          ^^^^^^^^^^^^^^^^^^^
  File "/home/ubuntu/customer_churn_youtube_venv/lib/python3.12/site-packages/airflow/providers/amazon/aws/hooks/base_aws.py", line 745, in conn
    return self.get_client_type(region_name=self.region_name)
           ^^^^^^^^^^^^^^^^^^^^^^^^^^^^^^^^^^^^^^^^^^^^^^^^^^
  File "/home/ubuntu/customer_churn_youtube_venv/lib/python3.12/site-packages/airflow/providers/amazon/aws/hooks/base_aws.py", line 715, in get_client_type
    return session.client(
           ^^^^^^^^^^^^^^^
  File "/home/ubuntu/customer_churn_youtube_venv/lib/python3.12/site-packages/boto3/session.py", line 322, in client
    return self._session.create_client(
           ^^^^^^^^^^^^^^^^^^^^^^^^^^^^
  File "/home/ubuntu/customer_churn_youtube_venv/lib/python3.12/site-packages/botocore/context.py", line 124, in wrapper
    return func(*args, **kwargs)
           ^^^^^^^^^^^^^^^^^^^^^
  File "/home/ubuntu/customer_churn_youtube_venv/lib/python3.12/site-packages/botocore/session.py", line 1019, in create_client
    client = client_creator.create_client(
             ^^^^^^^^^^^^^^^^^^^^^^^^^^^^^
  File "/home/ubuntu/customer_churn_youtube_venv/lib/python3.12/site-packages/botocore/client.py", line 166, in create_client
    client_args = self._get_client_args(
                  ^^^^^^^^^^^^^^^^^^^^^^
  File "/home/ubuntu/customer_churn_youtube_venv/lib/python3.12/site-packages/botocore/client.py", line 525, in _get_client_args
    return args_creator.get_client_args(
           ^^^^^^^^^^^^^^^^^^^^^^^^^^^^^
  File "/home/ubuntu/customer_churn_youtube_venv/lib/python3.12/site-packages/botocore/args.py", line 125, in get_client_args
    final_args = self.compute_client_args(
                 ^^^^^^^^^^^^^^^^^^^^^^^^^
  File "/home/ubuntu/customer_churn_youtube_venv/lib/python3.12/site-packages/botocore/args.py", line 249, in compute_client_args
    endpoint_config = self._compute_endpoint_config(
                      ^^^^^^^^^^^^^^^^^^^^^^^^^^^^^^
  File "/home/ubuntu/customer_churn_youtube_venv/lib/python3.12/site-packages/botocore/args.py", line 432, in _compute_endpoint_config
    return self._resolve_endpoint(**resolve_endpoint_kwargs)
           ^^^^^^^^^^^^^^^^^^^^^^^^^^^^^^^^^^^^^^^^^^^^^^^^^
  File "/home/ubuntu/customer_churn_youtube_venv/lib/python3.12/site-packages/botocore/args.py", line 537, in _resolve_endpoint
    return endpoint_bridge.resolve(
           ^^^^^^^^^^^^^^^^^^^^^^^^
  File "/home/ubuntu/customer_churn_youtube_venv/lib/python3.12/site-packages/botocore/client.py", line 630, in resolve
    resolved = self.endpoint_resolver.construct_endpoint(
               ^^^^^^^^^^^^^^^^^^^^^^^^^^^^^^^^^^^^^^^^^^
  File "/home/ubuntu/customer_churn_youtube_venv/lib/python3.12/site-packages/botocore/regions.py", line 232, in construct_endpoint
    result = self._endpoint_for_partition(
             ^^^^^^^^^^^^^^^^^^^^^^^^^^^^^
  File "/home/ubuntu/customer_churn_youtube_venv/lib/python3.12/site-packages/botocore/regions.py", line 280, in _endpoint_for_partition
    raise NoRegionError()
botocore.exceptions.NoRegionError: You must specify a region.
[2025-03-30T13:26:03.213+0000] {local_task_job_runner.py:266} INFO - Task exited with return code 1
[2025-03-30T13:26:03.229+0000] {taskinstance.py:3901} INFO - 0 downstream tasks scheduled from follow-on schedule check
[2025-03-30T13:26:03.230+0000] {local_task_job_runner.py:245} INFO - ::endgroup::
