[2025-03-27T16:09:29.581+0000] {processor.py:186} INFO - Started process (PID=3111) to work on /home/ubuntu/customer_churn_youtube_venv/lib/python3.12/site-packages/airflow/example_dags/example_dynamic_task_mapping.py
[2025-03-27T16:09:29.582+0000] {processor.py:914} INFO - Processing file /home/ubuntu/customer_churn_youtube_venv/lib/python3.12/site-packages/airflow/example_dags/example_dynamic_task_mapping.py for tasks to queue
[2025-03-27T16:09:29.583+0000] {logging_mixin.py:190} INFO - [2025-03-27T16:09:29.583+0000] {dagbag.py:588} INFO - Filling up the DagBag from /home/ubuntu/customer_churn_youtube_venv/lib/python3.12/site-packages/airflow/example_dags/example_dynamic_task_mapping.py
[2025-03-27T16:09:29.593+0000] {processor.py:925} INFO - DAG(s) 'example_dynamic_task_mapping' retrieved from /home/ubuntu/customer_churn_youtube_venv/lib/python3.12/site-packages/airflow/example_dags/example_dynamic_task_mapping.py
[2025-03-27T16:09:29.608+0000] {logging_mixin.py:190} INFO - [2025-03-27T16:09:29.608+0000] {dag.py:3239} INFO - Sync 1 DAGs
[2025-03-27T16:09:29.621+0000] {logging_mixin.py:190} INFO - [2025-03-27T16:09:29.621+0000] {dag.py:4180} INFO - Setting next_dagrun for example_dynamic_task_mapping to None, run_after=None
[2025-03-27T16:09:29.641+0000] {processor.py:208} INFO - Processing /home/ubuntu/customer_churn_youtube_venv/lib/python3.12/site-packages/airflow/example_dags/example_dynamic_task_mapping.py took 0.065 seconds
[2025-03-27T16:10:25.229+0000] {processor.py:186} INFO - Started process (PID=3173) to work on /home/ubuntu/customer_churn_youtube_venv/lib/python3.12/site-packages/airflow/example_dags/example_dynamic_task_mapping.py
[2025-03-27T16:10:25.231+0000] {processor.py:914} INFO - Processing file /home/ubuntu/customer_churn_youtube_venv/lib/python3.12/site-packages/airflow/example_dags/example_dynamic_task_mapping.py for tasks to queue
[2025-03-27T16:10:25.233+0000] {logging_mixin.py:190} INFO - [2025-03-27T16:10:25.233+0000] {dagbag.py:588} INFO - Filling up the DagBag from /home/ubuntu/customer_churn_youtube_venv/lib/python3.12/site-packages/airflow/example_dags/example_dynamic_task_mapping.py
[2025-03-27T16:10:25.241+0000] {processor.py:925} INFO - DAG(s) 'example_dynamic_task_mapping' retrieved from /home/ubuntu/customer_churn_youtube_venv/lib/python3.12/site-packages/airflow/example_dags/example_dynamic_task_mapping.py
[2025-03-27T16:10:25.257+0000] {logging_mixin.py:190} INFO - [2025-03-27T16:10:25.257+0000] {dag.py:3239} INFO - Sync 1 DAGs
[2025-03-27T16:10:25.268+0000] {logging_mixin.py:190} INFO - [2025-03-27T16:10:25.268+0000] {dag.py:4180} INFO - Setting next_dagrun for example_dynamic_task_mapping to None, run_after=None
[2025-03-27T16:10:25.287+0000] {processor.py:208} INFO - Processing /home/ubuntu/customer_churn_youtube_venv/lib/python3.12/site-packages/airflow/example_dags/example_dynamic_task_mapping.py took 0.064 seconds
[2025-03-27T16:11:21.958+0000] {processor.py:186} INFO - Started process (PID=3240) to work on /home/ubuntu/customer_churn_youtube_venv/lib/python3.12/site-packages/airflow/example_dags/example_dynamic_task_mapping.py
[2025-03-27T16:11:21.959+0000] {processor.py:914} INFO - Processing file /home/ubuntu/customer_churn_youtube_venv/lib/python3.12/site-packages/airflow/example_dags/example_dynamic_task_mapping.py for tasks to queue
[2025-03-27T16:11:21.961+0000] {logging_mixin.py:190} INFO - [2025-03-27T16:11:21.961+0000] {dagbag.py:588} INFO - Filling up the DagBag from /home/ubuntu/customer_churn_youtube_venv/lib/python3.12/site-packages/airflow/example_dags/example_dynamic_task_mapping.py
[2025-03-27T16:11:21.969+0000] {processor.py:925} INFO - DAG(s) 'example_dynamic_task_mapping' retrieved from /home/ubuntu/customer_churn_youtube_venv/lib/python3.12/site-packages/airflow/example_dags/example_dynamic_task_mapping.py
[2025-03-27T16:11:21.985+0000] {logging_mixin.py:190} INFO - [2025-03-27T16:11:21.984+0000] {dag.py:3239} INFO - Sync 1 DAGs
[2025-03-27T16:11:21.996+0000] {logging_mixin.py:190} INFO - [2025-03-27T16:11:21.995+0000] {dag.py:4180} INFO - Setting next_dagrun for example_dynamic_task_mapping to None, run_after=None
[2025-03-27T16:11:22.015+0000] {processor.py:208} INFO - Processing /home/ubuntu/customer_churn_youtube_venv/lib/python3.12/site-packages/airflow/example_dags/example_dynamic_task_mapping.py took 0.062 seconds
[2025-03-27T16:12:17.423+0000] {processor.py:186} INFO - Started process (PID=3309) to work on /home/ubuntu/customer_churn_youtube_venv/lib/python3.12/site-packages/airflow/example_dags/example_dynamic_task_mapping.py
[2025-03-27T16:12:17.424+0000] {processor.py:914} INFO - Processing file /home/ubuntu/customer_churn_youtube_venv/lib/python3.12/site-packages/airflow/example_dags/example_dynamic_task_mapping.py for tasks to queue
[2025-03-27T16:12:17.426+0000] {logging_mixin.py:190} INFO - [2025-03-27T16:12:17.426+0000] {dagbag.py:588} INFO - Filling up the DagBag from /home/ubuntu/customer_churn_youtube_venv/lib/python3.12/site-packages/airflow/example_dags/example_dynamic_task_mapping.py
[2025-03-27T16:12:17.434+0000] {processor.py:925} INFO - DAG(s) 'example_dynamic_task_mapping' retrieved from /home/ubuntu/customer_churn_youtube_venv/lib/python3.12/site-packages/airflow/example_dags/example_dynamic_task_mapping.py
[2025-03-27T16:12:17.449+0000] {logging_mixin.py:190} INFO - [2025-03-27T16:12:17.449+0000] {dag.py:3239} INFO - Sync 1 DAGs
[2025-03-27T16:12:17.464+0000] {logging_mixin.py:190} INFO - [2025-03-27T16:12:17.464+0000] {dag.py:4180} INFO - Setting next_dagrun for example_dynamic_task_mapping to None, run_after=None
[2025-03-27T16:12:17.483+0000] {processor.py:208} INFO - Processing /home/ubuntu/customer_churn_youtube_venv/lib/python3.12/site-packages/airflow/example_dags/example_dynamic_task_mapping.py took 0.065 seconds
[2025-03-27T16:13:12.016+0000] {processor.py:186} INFO - Started process (PID=3375) to work on /home/ubuntu/customer_churn_youtube_venv/lib/python3.12/site-packages/airflow/example_dags/example_dynamic_task_mapping.py
[2025-03-27T16:13:12.018+0000] {processor.py:914} INFO - Processing file /home/ubuntu/customer_churn_youtube_venv/lib/python3.12/site-packages/airflow/example_dags/example_dynamic_task_mapping.py for tasks to queue
[2025-03-27T16:13:12.020+0000] {logging_mixin.py:190} INFO - [2025-03-27T16:13:12.019+0000] {dagbag.py:588} INFO - Filling up the DagBag from /home/ubuntu/customer_churn_youtube_venv/lib/python3.12/site-packages/airflow/example_dags/example_dynamic_task_mapping.py
[2025-03-27T16:13:12.032+0000] {processor.py:925} INFO - DAG(s) 'example_dynamic_task_mapping' retrieved from /home/ubuntu/customer_churn_youtube_venv/lib/python3.12/site-packages/airflow/example_dags/example_dynamic_task_mapping.py
[2025-03-27T16:13:12.047+0000] {logging_mixin.py:190} INFO - [2025-03-27T16:13:12.047+0000] {dag.py:3239} INFO - Sync 1 DAGs
[2025-03-27T16:13:12.058+0000] {logging_mixin.py:190} INFO - [2025-03-27T16:13:12.058+0000] {dag.py:4180} INFO - Setting next_dagrun for example_dynamic_task_mapping to None, run_after=None
[2025-03-27T16:13:12.077+0000] {processor.py:208} INFO - Processing /home/ubuntu/customer_churn_youtube_venv/lib/python3.12/site-packages/airflow/example_dags/example_dynamic_task_mapping.py took 0.069 seconds
[2025-03-27T16:14:03.567+0000] {processor.py:186} INFO - Started process (PID=3444) to work on /home/ubuntu/customer_churn_youtube_venv/lib/python3.12/site-packages/airflow/example_dags/example_dynamic_task_mapping.py
[2025-03-27T16:14:03.568+0000] {processor.py:914} INFO - Processing file /home/ubuntu/customer_churn_youtube_venv/lib/python3.12/site-packages/airflow/example_dags/example_dynamic_task_mapping.py for tasks to queue
[2025-03-27T16:14:03.569+0000] {logging_mixin.py:190} INFO - [2025-03-27T16:14:03.569+0000] {dagbag.py:588} INFO - Filling up the DagBag from /home/ubuntu/customer_churn_youtube_venv/lib/python3.12/site-packages/airflow/example_dags/example_dynamic_task_mapping.py
[2025-03-27T16:14:03.579+0000] {processor.py:925} INFO - DAG(s) 'example_dynamic_task_mapping' retrieved from /home/ubuntu/customer_churn_youtube_venv/lib/python3.12/site-packages/airflow/example_dags/example_dynamic_task_mapping.py
[2025-03-27T16:14:03.592+0000] {logging_mixin.py:190} INFO - [2025-03-27T16:14:03.592+0000] {dag.py:3239} INFO - Sync 1 DAGs
[2025-03-27T16:14:03.604+0000] {logging_mixin.py:190} INFO - [2025-03-27T16:14:03.604+0000] {dag.py:4180} INFO - Setting next_dagrun for example_dynamic_task_mapping to None, run_after=None
[2025-03-27T16:14:03.626+0000] {processor.py:208} INFO - Processing /home/ubuntu/customer_churn_youtube_venv/lib/python3.12/site-packages/airflow/example_dags/example_dynamic_task_mapping.py took 0.064 seconds
[2025-03-27T16:15:24.272+0000] {processor.py:186} INFO - Started process (PID=3533) to work on /home/ubuntu/customer_churn_youtube_venv/lib/python3.12/site-packages/airflow/example_dags/example_dynamic_task_mapping.py
[2025-03-27T16:15:24.273+0000] {processor.py:914} INFO - Processing file /home/ubuntu/customer_churn_youtube_venv/lib/python3.12/site-packages/airflow/example_dags/example_dynamic_task_mapping.py for tasks to queue
[2025-03-27T16:15:24.276+0000] {logging_mixin.py:190} INFO - [2025-03-27T16:15:24.275+0000] {dagbag.py:588} INFO - Filling up the DagBag from /home/ubuntu/customer_churn_youtube_venv/lib/python3.12/site-packages/airflow/example_dags/example_dynamic_task_mapping.py
[2025-03-27T16:15:24.284+0000] {processor.py:925} INFO - DAG(s) 'example_dynamic_task_mapping' retrieved from /home/ubuntu/customer_churn_youtube_venv/lib/python3.12/site-packages/airflow/example_dags/example_dynamic_task_mapping.py
[2025-03-27T16:15:24.411+0000] {logging_mixin.py:190} INFO - [2025-03-27T16:15:24.411+0000] {dag.py:3239} INFO - Sync 1 DAGs
[2025-03-27T16:15:24.421+0000] {logging_mixin.py:190} INFO - [2025-03-27T16:15:24.420+0000] {dag.py:4180} INFO - Setting next_dagrun for example_dynamic_task_mapping to None, run_after=None
[2025-03-27T16:15:24.440+0000] {processor.py:208} INFO - Processing /home/ubuntu/customer_churn_youtube_venv/lib/python3.12/site-packages/airflow/example_dags/example_dynamic_task_mapping.py took 0.174 seconds
[2025-03-27T16:16:20.306+0000] {processor.py:186} INFO - Started process (PID=3598) to work on /home/ubuntu/customer_churn_youtube_venv/lib/python3.12/site-packages/airflow/example_dags/example_dynamic_task_mapping.py
[2025-03-27T16:16:20.309+0000] {processor.py:914} INFO - Processing file /home/ubuntu/customer_churn_youtube_venv/lib/python3.12/site-packages/airflow/example_dags/example_dynamic_task_mapping.py for tasks to queue
[2025-03-27T16:16:20.311+0000] {logging_mixin.py:190} INFO - [2025-03-27T16:16:20.310+0000] {dagbag.py:588} INFO - Filling up the DagBag from /home/ubuntu/customer_churn_youtube_venv/lib/python3.12/site-packages/airflow/example_dags/example_dynamic_task_mapping.py
[2025-03-27T16:16:20.319+0000] {processor.py:925} INFO - DAG(s) 'example_dynamic_task_mapping' retrieved from /home/ubuntu/customer_churn_youtube_venv/lib/python3.12/site-packages/airflow/example_dags/example_dynamic_task_mapping.py
[2025-03-27T16:16:20.335+0000] {logging_mixin.py:190} INFO - [2025-03-27T16:16:20.335+0000] {dag.py:3239} INFO - Sync 1 DAGs
[2025-03-27T16:16:20.348+0000] {logging_mixin.py:190} INFO - [2025-03-27T16:16:20.348+0000] {dag.py:4180} INFO - Setting next_dagrun for example_dynamic_task_mapping to None, run_after=None
[2025-03-27T16:16:20.373+0000] {processor.py:208} INFO - Processing /home/ubuntu/customer_churn_youtube_venv/lib/python3.12/site-packages/airflow/example_dags/example_dynamic_task_mapping.py took 0.071 seconds
[2025-03-27T16:17:13.173+0000] {processor.py:186} INFO - Started process (PID=3683) to work on /home/ubuntu/customer_churn_youtube_venv/lib/python3.12/site-packages/airflow/example_dags/example_dynamic_task_mapping.py
[2025-03-27T16:17:13.175+0000] {processor.py:914} INFO - Processing file /home/ubuntu/customer_churn_youtube_venv/lib/python3.12/site-packages/airflow/example_dags/example_dynamic_task_mapping.py for tasks to queue
[2025-03-27T16:17:13.177+0000] {logging_mixin.py:190} INFO - [2025-03-27T16:17:13.177+0000] {dagbag.py:588} INFO - Filling up the DagBag from /home/ubuntu/customer_churn_youtube_venv/lib/python3.12/site-packages/airflow/example_dags/example_dynamic_task_mapping.py
[2025-03-27T16:17:13.186+0000] {processor.py:925} INFO - DAG(s) 'example_dynamic_task_mapping' retrieved from /home/ubuntu/customer_churn_youtube_venv/lib/python3.12/site-packages/airflow/example_dags/example_dynamic_task_mapping.py
[2025-03-27T16:17:13.201+0000] {logging_mixin.py:190} INFO - [2025-03-27T16:17:13.200+0000] {dag.py:3239} INFO - Sync 1 DAGs
[2025-03-27T16:17:13.213+0000] {logging_mixin.py:190} INFO - [2025-03-27T16:17:13.213+0000] {dag.py:4180} INFO - Setting next_dagrun for example_dynamic_task_mapping to None, run_after=None
[2025-03-27T16:17:13.238+0000] {processor.py:208} INFO - Processing /home/ubuntu/customer_churn_youtube_venv/lib/python3.12/site-packages/airflow/example_dags/example_dynamic_task_mapping.py took 0.072 seconds
[2025-03-27T16:18:04.285+0000] {processor.py:186} INFO - Started process (PID=3736) to work on /home/ubuntu/customer_churn_youtube_venv/lib/python3.12/site-packages/airflow/example_dags/example_dynamic_task_mapping.py
[2025-03-27T16:18:04.286+0000] {processor.py:914} INFO - Processing file /home/ubuntu/customer_churn_youtube_venv/lib/python3.12/site-packages/airflow/example_dags/example_dynamic_task_mapping.py for tasks to queue
[2025-03-27T16:18:04.289+0000] {logging_mixin.py:190} INFO - [2025-03-27T16:18:04.287+0000] {dagbag.py:588} INFO - Filling up the DagBag from /home/ubuntu/customer_churn_youtube_venv/lib/python3.12/site-packages/airflow/example_dags/example_dynamic_task_mapping.py
[2025-03-27T16:18:04.297+0000] {processor.py:925} INFO - DAG(s) 'example_dynamic_task_mapping' retrieved from /home/ubuntu/customer_churn_youtube_venv/lib/python3.12/site-packages/airflow/example_dags/example_dynamic_task_mapping.py
[2025-03-27T16:18:04.312+0000] {logging_mixin.py:190} INFO - [2025-03-27T16:18:04.311+0000] {dag.py:3239} INFO - Sync 1 DAGs
[2025-03-27T16:18:04.324+0000] {logging_mixin.py:190} INFO - [2025-03-27T16:18:04.324+0000] {dag.py:4180} INFO - Setting next_dagrun for example_dynamic_task_mapping to None, run_after=None
[2025-03-27T16:18:04.347+0000] {processor.py:208} INFO - Processing /home/ubuntu/customer_churn_youtube_venv/lib/python3.12/site-packages/airflow/example_dags/example_dynamic_task_mapping.py took 0.068 seconds
[2025-03-27T16:18:57.133+0000] {processor.py:186} INFO - Started process (PID=3793) to work on /home/ubuntu/customer_churn_youtube_venv/lib/python3.12/site-packages/airflow/example_dags/example_dynamic_task_mapping.py
[2025-03-27T16:18:57.135+0000] {processor.py:914} INFO - Processing file /home/ubuntu/customer_churn_youtube_venv/lib/python3.12/site-packages/airflow/example_dags/example_dynamic_task_mapping.py for tasks to queue
[2025-03-27T16:18:57.136+0000] {logging_mixin.py:190} INFO - [2025-03-27T16:18:57.136+0000] {dagbag.py:588} INFO - Filling up the DagBag from /home/ubuntu/customer_churn_youtube_venv/lib/python3.12/site-packages/airflow/example_dags/example_dynamic_task_mapping.py
[2025-03-27T16:18:57.146+0000] {processor.py:925} INFO - DAG(s) 'example_dynamic_task_mapping' retrieved from /home/ubuntu/customer_churn_youtube_venv/lib/python3.12/site-packages/airflow/example_dags/example_dynamic_task_mapping.py
[2025-03-27T16:18:57.162+0000] {logging_mixin.py:190} INFO - [2025-03-27T16:18:57.162+0000] {dag.py:3239} INFO - Sync 1 DAGs
[2025-03-27T16:18:57.175+0000] {logging_mixin.py:190} INFO - [2025-03-27T16:18:57.174+0000] {dag.py:4180} INFO - Setting next_dagrun for example_dynamic_task_mapping to None, run_after=None
[2025-03-27T16:18:57.196+0000] {processor.py:208} INFO - Processing /home/ubuntu/customer_churn_youtube_venv/lib/python3.12/site-packages/airflow/example_dags/example_dynamic_task_mapping.py took 0.069 seconds
[2025-03-27T16:19:49.894+0000] {processor.py:186} INFO - Started process (PID=3851) to work on /home/ubuntu/customer_churn_youtube_venv/lib/python3.12/site-packages/airflow/example_dags/example_dynamic_task_mapping.py
[2025-03-27T16:19:49.897+0000] {processor.py:914} INFO - Processing file /home/ubuntu/customer_churn_youtube_venv/lib/python3.12/site-packages/airflow/example_dags/example_dynamic_task_mapping.py for tasks to queue
[2025-03-27T16:19:49.899+0000] {logging_mixin.py:190} INFO - [2025-03-27T16:19:49.898+0000] {dagbag.py:588} INFO - Filling up the DagBag from /home/ubuntu/customer_churn_youtube_venv/lib/python3.12/site-packages/airflow/example_dags/example_dynamic_task_mapping.py
[2025-03-27T16:19:49.908+0000] {processor.py:925} INFO - DAG(s) 'example_dynamic_task_mapping' retrieved from /home/ubuntu/customer_churn_youtube_venv/lib/python3.12/site-packages/airflow/example_dags/example_dynamic_task_mapping.py
[2025-03-27T16:19:49.922+0000] {logging_mixin.py:190} INFO - [2025-03-27T16:19:49.922+0000] {dag.py:3239} INFO - Sync 1 DAGs
[2025-03-27T16:19:49.935+0000] {logging_mixin.py:190} INFO - [2025-03-27T16:19:49.935+0000] {dag.py:4180} INFO - Setting next_dagrun for example_dynamic_task_mapping to None, run_after=None
[2025-03-27T16:19:49.958+0000] {processor.py:208} INFO - Processing /home/ubuntu/customer_churn_youtube_venv/lib/python3.12/site-packages/airflow/example_dags/example_dynamic_task_mapping.py took 0.068 seconds
[2025-03-27T16:21:06.657+0000] {processor.py:186} INFO - Started process (PID=3977) to work on /home/ubuntu/customer_churn_youtube_venv/lib/python3.12/site-packages/airflow/example_dags/example_dynamic_task_mapping.py
[2025-03-27T16:21:06.659+0000] {processor.py:914} INFO - Processing file /home/ubuntu/customer_churn_youtube_venv/lib/python3.12/site-packages/airflow/example_dags/example_dynamic_task_mapping.py for tasks to queue
[2025-03-27T16:21:06.661+0000] {logging_mixin.py:190} INFO - [2025-03-27T16:21:06.660+0000] {dagbag.py:588} INFO - Filling up the DagBag from /home/ubuntu/customer_churn_youtube_venv/lib/python3.12/site-packages/airflow/example_dags/example_dynamic_task_mapping.py
[2025-03-27T16:21:06.670+0000] {processor.py:925} INFO - DAG(s) 'example_dynamic_task_mapping' retrieved from /home/ubuntu/customer_churn_youtube_venv/lib/python3.12/site-packages/airflow/example_dags/example_dynamic_task_mapping.py
[2025-03-27T16:21:06.685+0000] {logging_mixin.py:190} INFO - [2025-03-27T16:21:06.685+0000] {dag.py:3239} INFO - Sync 1 DAGs
[2025-03-27T16:21:06.696+0000] {logging_mixin.py:190} INFO - [2025-03-27T16:21:06.696+0000] {dag.py:4180} INFO - Setting next_dagrun for example_dynamic_task_mapping to None, run_after=None
[2025-03-27T16:21:06.720+0000] {processor.py:208} INFO - Processing /home/ubuntu/customer_churn_youtube_venv/lib/python3.12/site-packages/airflow/example_dags/example_dynamic_task_mapping.py took 0.069 seconds
[2025-03-27T16:21:58.606+0000] {processor.py:186} INFO - Started process (PID=4506) to work on /home/ubuntu/customer_churn_youtube_venv/lib/python3.12/site-packages/airflow/example_dags/example_dynamic_task_mapping.py
[2025-03-27T16:21:58.608+0000] {processor.py:914} INFO - Processing file /home/ubuntu/customer_churn_youtube_venv/lib/python3.12/site-packages/airflow/example_dags/example_dynamic_task_mapping.py for tasks to queue
[2025-03-27T16:21:58.610+0000] {logging_mixin.py:190} INFO - [2025-03-27T16:21:58.609+0000] {dagbag.py:588} INFO - Filling up the DagBag from /home/ubuntu/customer_churn_youtube_venv/lib/python3.12/site-packages/airflow/example_dags/example_dynamic_task_mapping.py
[2025-03-27T16:21:58.619+0000] {processor.py:925} INFO - DAG(s) 'example_dynamic_task_mapping' retrieved from /home/ubuntu/customer_churn_youtube_venv/lib/python3.12/site-packages/airflow/example_dags/example_dynamic_task_mapping.py
[2025-03-27T16:21:58.633+0000] {logging_mixin.py:190} INFO - [2025-03-27T16:21:58.633+0000] {dag.py:3239} INFO - Sync 1 DAGs
[2025-03-27T16:21:58.644+0000] {logging_mixin.py:190} INFO - [2025-03-27T16:21:58.644+0000] {dag.py:4180} INFO - Setting next_dagrun for example_dynamic_task_mapping to None, run_after=None
[2025-03-27T16:21:58.685+0000] {processor.py:208} INFO - Processing /home/ubuntu/customer_churn_youtube_venv/lib/python3.12/site-packages/airflow/example_dags/example_dynamic_task_mapping.py took 0.085 seconds
[2025-03-27T16:22:51.661+0000] {processor.py:186} INFO - Started process (PID=4560) to work on /home/ubuntu/customer_churn_youtube_venv/lib/python3.12/site-packages/airflow/example_dags/example_dynamic_task_mapping.py
[2025-03-27T16:22:51.664+0000] {processor.py:914} INFO - Processing file /home/ubuntu/customer_churn_youtube_venv/lib/python3.12/site-packages/airflow/example_dags/example_dynamic_task_mapping.py for tasks to queue
[2025-03-27T16:22:51.665+0000] {logging_mixin.py:190} INFO - [2025-03-27T16:22:51.665+0000] {dagbag.py:588} INFO - Filling up the DagBag from /home/ubuntu/customer_churn_youtube_venv/lib/python3.12/site-packages/airflow/example_dags/example_dynamic_task_mapping.py
[2025-03-27T16:22:51.674+0000] {processor.py:925} INFO - DAG(s) 'example_dynamic_task_mapping' retrieved from /home/ubuntu/customer_churn_youtube_venv/lib/python3.12/site-packages/airflow/example_dags/example_dynamic_task_mapping.py
[2025-03-27T16:22:51.690+0000] {logging_mixin.py:190} INFO - [2025-03-27T16:22:51.689+0000] {dag.py:3239} INFO - Sync 1 DAGs
[2025-03-27T16:22:51.703+0000] {logging_mixin.py:190} INFO - [2025-03-27T16:22:51.702+0000] {dag.py:4180} INFO - Setting next_dagrun for example_dynamic_task_mapping to None, run_after=None
[2025-03-27T16:22:51.726+0000] {processor.py:208} INFO - Processing /home/ubuntu/customer_churn_youtube_venv/lib/python3.12/site-packages/airflow/example_dags/example_dynamic_task_mapping.py took 0.071 seconds
[2025-03-27T16:23:44.222+0000] {processor.py:186} INFO - Started process (PID=4619) to work on /home/ubuntu/customer_churn_youtube_venv/lib/python3.12/site-packages/airflow/example_dags/example_dynamic_task_mapping.py
[2025-03-27T16:23:44.224+0000] {processor.py:914} INFO - Processing file /home/ubuntu/customer_churn_youtube_venv/lib/python3.12/site-packages/airflow/example_dags/example_dynamic_task_mapping.py for tasks to queue
[2025-03-27T16:23:44.226+0000] {logging_mixin.py:190} INFO - [2025-03-27T16:23:44.226+0000] {dagbag.py:588} INFO - Filling up the DagBag from /home/ubuntu/customer_churn_youtube_venv/lib/python3.12/site-packages/airflow/example_dags/example_dynamic_task_mapping.py
[2025-03-27T16:23:44.235+0000] {processor.py:925} INFO - DAG(s) 'example_dynamic_task_mapping' retrieved from /home/ubuntu/customer_churn_youtube_venv/lib/python3.12/site-packages/airflow/example_dags/example_dynamic_task_mapping.py
[2025-03-27T16:23:44.250+0000] {logging_mixin.py:190} INFO - [2025-03-27T16:23:44.249+0000] {dag.py:3239} INFO - Sync 1 DAGs
[2025-03-27T16:23:44.263+0000] {logging_mixin.py:190} INFO - [2025-03-27T16:23:44.262+0000] {dag.py:4180} INFO - Setting next_dagrun for example_dynamic_task_mapping to None, run_after=None
[2025-03-27T16:23:44.285+0000] {processor.py:208} INFO - Processing /home/ubuntu/customer_churn_youtube_venv/lib/python3.12/site-packages/airflow/example_dags/example_dynamic_task_mapping.py took 0.068 seconds
[2025-03-27T16:24:57.529+0000] {processor.py:186} INFO - Started process (PID=4698) to work on /home/ubuntu/customer_churn_youtube_venv/lib/python3.12/site-packages/airflow/example_dags/example_dynamic_task_mapping.py
[2025-03-27T16:24:57.532+0000] {processor.py:914} INFO - Processing file /home/ubuntu/customer_churn_youtube_venv/lib/python3.12/site-packages/airflow/example_dags/example_dynamic_task_mapping.py for tasks to queue
[2025-03-27T16:24:57.534+0000] {logging_mixin.py:190} INFO - [2025-03-27T16:24:57.534+0000] {dagbag.py:588} INFO - Filling up the DagBag from /home/ubuntu/customer_churn_youtube_venv/lib/python3.12/site-packages/airflow/example_dags/example_dynamic_task_mapping.py
[2025-03-27T16:24:57.544+0000] {processor.py:925} INFO - DAG(s) 'example_dynamic_task_mapping' retrieved from /home/ubuntu/customer_churn_youtube_venv/lib/python3.12/site-packages/airflow/example_dags/example_dynamic_task_mapping.py
[2025-03-27T16:24:57.558+0000] {logging_mixin.py:190} INFO - [2025-03-27T16:24:57.558+0000] {dag.py:3239} INFO - Sync 1 DAGs
[2025-03-27T16:24:57.570+0000] {logging_mixin.py:190} INFO - [2025-03-27T16:24:57.570+0000] {dag.py:4180} INFO - Setting next_dagrun for example_dynamic_task_mapping to None, run_after=None
[2025-03-27T16:24:57.591+0000] {processor.py:208} INFO - Processing /home/ubuntu/customer_churn_youtube_venv/lib/python3.12/site-packages/airflow/example_dags/example_dynamic_task_mapping.py took 0.068 seconds
[2025-03-27T16:26:13.936+0000] {processor.py:186} INFO - Started process (PID=4786) to work on /home/ubuntu/customer_churn_youtube_venv/lib/python3.12/site-packages/airflow/example_dags/example_dynamic_task_mapping.py
[2025-03-27T16:26:13.937+0000] {processor.py:914} INFO - Processing file /home/ubuntu/customer_churn_youtube_venv/lib/python3.12/site-packages/airflow/example_dags/example_dynamic_task_mapping.py for tasks to queue
[2025-03-27T16:26:13.939+0000] {logging_mixin.py:190} INFO - [2025-03-27T16:26:13.939+0000] {dagbag.py:588} INFO - Filling up the DagBag from /home/ubuntu/customer_churn_youtube_venv/lib/python3.12/site-packages/airflow/example_dags/example_dynamic_task_mapping.py
[2025-03-27T16:26:13.949+0000] {processor.py:925} INFO - DAG(s) 'example_dynamic_task_mapping' retrieved from /home/ubuntu/customer_churn_youtube_venv/lib/python3.12/site-packages/airflow/example_dags/example_dynamic_task_mapping.py
[2025-03-27T16:26:13.963+0000] {logging_mixin.py:190} INFO - [2025-03-27T16:26:13.963+0000] {dag.py:3239} INFO - Sync 1 DAGs
[2025-03-27T16:26:13.975+0000] {logging_mixin.py:190} INFO - [2025-03-27T16:26:13.975+0000] {dag.py:4180} INFO - Setting next_dagrun for example_dynamic_task_mapping to None, run_after=None
[2025-03-27T16:26:13.997+0000] {processor.py:208} INFO - Processing /home/ubuntu/customer_churn_youtube_venv/lib/python3.12/site-packages/airflow/example_dags/example_dynamic_task_mapping.py took 0.067 seconds
[2025-03-27T16:27:09.011+0000] {processor.py:186} INFO - Started process (PID=4847) to work on /home/ubuntu/customer_churn_youtube_venv/lib/python3.12/site-packages/airflow/example_dags/example_dynamic_task_mapping.py
[2025-03-27T16:27:09.013+0000] {processor.py:914} INFO - Processing file /home/ubuntu/customer_churn_youtube_venv/lib/python3.12/site-packages/airflow/example_dags/example_dynamic_task_mapping.py for tasks to queue
[2025-03-27T16:27:09.015+0000] {logging_mixin.py:190} INFO - [2025-03-27T16:27:09.015+0000] {dagbag.py:588} INFO - Filling up the DagBag from /home/ubuntu/customer_churn_youtube_venv/lib/python3.12/site-packages/airflow/example_dags/example_dynamic_task_mapping.py
[2025-03-27T16:27:09.024+0000] {processor.py:925} INFO - DAG(s) 'example_dynamic_task_mapping' retrieved from /home/ubuntu/customer_churn_youtube_venv/lib/python3.12/site-packages/airflow/example_dags/example_dynamic_task_mapping.py
[2025-03-27T16:27:09.039+0000] {logging_mixin.py:190} INFO - [2025-03-27T16:27:09.039+0000] {dag.py:3239} INFO - Sync 1 DAGs
[2025-03-27T16:27:09.053+0000] {logging_mixin.py:190} INFO - [2025-03-27T16:27:09.052+0000] {dag.py:4180} INFO - Setting next_dagrun for example_dynamic_task_mapping to None, run_after=None
[2025-03-27T16:27:09.075+0000] {processor.py:208} INFO - Processing /home/ubuntu/customer_churn_youtube_venv/lib/python3.12/site-packages/airflow/example_dags/example_dynamic_task_mapping.py took 0.069 seconds
[2025-03-27T16:28:24.345+0000] {processor.py:186} INFO - Started process (PID=4929) to work on /home/ubuntu/customer_churn_youtube_venv/lib/python3.12/site-packages/airflow/example_dags/example_dynamic_task_mapping.py
[2025-03-27T16:28:24.347+0000] {processor.py:914} INFO - Processing file /home/ubuntu/customer_churn_youtube_venv/lib/python3.12/site-packages/airflow/example_dags/example_dynamic_task_mapping.py for tasks to queue
[2025-03-27T16:28:24.350+0000] {logging_mixin.py:190} INFO - [2025-03-27T16:28:24.349+0000] {dagbag.py:588} INFO - Filling up the DagBag from /home/ubuntu/customer_churn_youtube_venv/lib/python3.12/site-packages/airflow/example_dags/example_dynamic_task_mapping.py
[2025-03-27T16:28:24.361+0000] {processor.py:925} INFO - DAG(s) 'example_dynamic_task_mapping' retrieved from /home/ubuntu/customer_churn_youtube_venv/lib/python3.12/site-packages/airflow/example_dags/example_dynamic_task_mapping.py
[2025-03-27T16:28:24.381+0000] {logging_mixin.py:190} INFO - [2025-03-27T16:28:24.381+0000] {dag.py:3239} INFO - Sync 1 DAGs
[2025-03-27T16:28:24.396+0000] {logging_mixin.py:190} INFO - [2025-03-27T16:28:24.396+0000] {dag.py:4180} INFO - Setting next_dagrun for example_dynamic_task_mapping to None, run_after=None
[2025-03-27T16:28:24.425+0000] {processor.py:208} INFO - Processing /home/ubuntu/customer_churn_youtube_venv/lib/python3.12/site-packages/airflow/example_dags/example_dynamic_task_mapping.py took 0.087 seconds
[2025-03-27T16:29:40.236+0000] {processor.py:186} INFO - Started process (PID=5012) to work on /home/ubuntu/customer_churn_youtube_venv/lib/python3.12/site-packages/airflow/example_dags/example_dynamic_task_mapping.py
[2025-03-27T16:29:40.238+0000] {processor.py:914} INFO - Processing file /home/ubuntu/customer_churn_youtube_venv/lib/python3.12/site-packages/airflow/example_dags/example_dynamic_task_mapping.py for tasks to queue
[2025-03-27T16:29:40.239+0000] {logging_mixin.py:190} INFO - [2025-03-27T16:29:40.239+0000] {dagbag.py:588} INFO - Filling up the DagBag from /home/ubuntu/customer_churn_youtube_venv/lib/python3.12/site-packages/airflow/example_dags/example_dynamic_task_mapping.py
[2025-03-27T16:29:40.249+0000] {processor.py:925} INFO - DAG(s) 'example_dynamic_task_mapping' retrieved from /home/ubuntu/customer_churn_youtube_venv/lib/python3.12/site-packages/airflow/example_dags/example_dynamic_task_mapping.py
[2025-03-27T16:29:40.265+0000] {logging_mixin.py:190} INFO - [2025-03-27T16:29:40.265+0000] {dag.py:3239} INFO - Sync 1 DAGs
[2025-03-27T16:29:40.277+0000] {logging_mixin.py:190} INFO - [2025-03-27T16:29:40.277+0000] {dag.py:4180} INFO - Setting next_dagrun for example_dynamic_task_mapping to None, run_after=None
[2025-03-27T16:29:40.298+0000] {processor.py:208} INFO - Processing /home/ubuntu/customer_churn_youtube_venv/lib/python3.12/site-packages/airflow/example_dags/example_dynamic_task_mapping.py took 0.067 seconds
[2025-03-27T16:30:57.352+0000] {processor.py:186} INFO - Started process (PID=5098) to work on /home/ubuntu/customer_churn_youtube_venv/lib/python3.12/site-packages/airflow/example_dags/example_dynamic_task_mapping.py
[2025-03-27T16:30:57.354+0000] {processor.py:914} INFO - Processing file /home/ubuntu/customer_churn_youtube_venv/lib/python3.12/site-packages/airflow/example_dags/example_dynamic_task_mapping.py for tasks to queue
[2025-03-27T16:30:57.356+0000] {logging_mixin.py:190} INFO - [2025-03-27T16:30:57.355+0000] {dagbag.py:588} INFO - Filling up the DagBag from /home/ubuntu/customer_churn_youtube_venv/lib/python3.12/site-packages/airflow/example_dags/example_dynamic_task_mapping.py
[2025-03-27T16:30:57.365+0000] {processor.py:925} INFO - DAG(s) 'example_dynamic_task_mapping' retrieved from /home/ubuntu/customer_churn_youtube_venv/lib/python3.12/site-packages/airflow/example_dags/example_dynamic_task_mapping.py
[2025-03-27T16:30:57.380+0000] {logging_mixin.py:190} INFO - [2025-03-27T16:30:57.380+0000] {dag.py:3239} INFO - Sync 1 DAGs
[2025-03-27T16:30:57.393+0000] {logging_mixin.py:190} INFO - [2025-03-27T16:30:57.392+0000] {dag.py:4180} INFO - Setting next_dagrun for example_dynamic_task_mapping to None, run_after=None
[2025-03-27T16:30:57.413+0000] {processor.py:208} INFO - Processing /home/ubuntu/customer_churn_youtube_venv/lib/python3.12/site-packages/airflow/example_dags/example_dynamic_task_mapping.py took 0.066 seconds
[2025-03-27T16:31:52.555+0000] {processor.py:186} INFO - Started process (PID=5158) to work on /home/ubuntu/customer_churn_youtube_venv/lib/python3.12/site-packages/airflow/example_dags/example_dynamic_task_mapping.py
[2025-03-27T16:31:52.557+0000] {processor.py:914} INFO - Processing file /home/ubuntu/customer_churn_youtube_venv/lib/python3.12/site-packages/airflow/example_dags/example_dynamic_task_mapping.py for tasks to queue
[2025-03-27T16:31:52.559+0000] {logging_mixin.py:190} INFO - [2025-03-27T16:31:52.558+0000] {dagbag.py:588} INFO - Filling up the DagBag from /home/ubuntu/customer_churn_youtube_venv/lib/python3.12/site-packages/airflow/example_dags/example_dynamic_task_mapping.py
[2025-03-27T16:31:52.568+0000] {processor.py:925} INFO - DAG(s) 'example_dynamic_task_mapping' retrieved from /home/ubuntu/customer_churn_youtube_venv/lib/python3.12/site-packages/airflow/example_dags/example_dynamic_task_mapping.py
[2025-03-27T16:31:52.584+0000] {logging_mixin.py:190} INFO - [2025-03-27T16:31:52.584+0000] {dag.py:3239} INFO - Sync 1 DAGs
[2025-03-27T16:31:52.596+0000] {logging_mixin.py:190} INFO - [2025-03-27T16:31:52.596+0000] {dag.py:4180} INFO - Setting next_dagrun for example_dynamic_task_mapping to None, run_after=None
[2025-03-27T16:31:52.619+0000] {processor.py:208} INFO - Processing /home/ubuntu/customer_churn_youtube_venv/lib/python3.12/site-packages/airflow/example_dags/example_dynamic_task_mapping.py took 0.069 seconds
[2025-03-27T16:32:45.394+0000] {processor.py:186} INFO - Started process (PID=5213) to work on /home/ubuntu/customer_churn_youtube_venv/lib/python3.12/site-packages/airflow/example_dags/example_dynamic_task_mapping.py
[2025-03-27T16:32:45.396+0000] {processor.py:914} INFO - Processing file /home/ubuntu/customer_churn_youtube_venv/lib/python3.12/site-packages/airflow/example_dags/example_dynamic_task_mapping.py for tasks to queue
[2025-03-27T16:32:45.398+0000] {logging_mixin.py:190} INFO - [2025-03-27T16:32:45.398+0000] {dagbag.py:588} INFO - Filling up the DagBag from /home/ubuntu/customer_churn_youtube_venv/lib/python3.12/site-packages/airflow/example_dags/example_dynamic_task_mapping.py
[2025-03-27T16:32:45.407+0000] {processor.py:925} INFO - DAG(s) 'example_dynamic_task_mapping' retrieved from /home/ubuntu/customer_churn_youtube_venv/lib/python3.12/site-packages/airflow/example_dags/example_dynamic_task_mapping.py
[2025-03-27T16:32:45.422+0000] {logging_mixin.py:190} INFO - [2025-03-27T16:32:45.421+0000] {dag.py:3239} INFO - Sync 1 DAGs
[2025-03-27T16:32:45.434+0000] {logging_mixin.py:190} INFO - [2025-03-27T16:32:45.434+0000] {dag.py:4180} INFO - Setting next_dagrun for example_dynamic_task_mapping to None, run_after=None
[2025-03-27T16:32:45.456+0000] {processor.py:208} INFO - Processing /home/ubuntu/customer_churn_youtube_venv/lib/python3.12/site-packages/airflow/example_dags/example_dynamic_task_mapping.py took 0.067 seconds
[2025-03-27T16:33:38.365+0000] {processor.py:186} INFO - Started process (PID=5266) to work on /home/ubuntu/customer_churn_youtube_venv/lib/python3.12/site-packages/airflow/example_dags/example_dynamic_task_mapping.py
[2025-03-27T16:33:38.367+0000] {processor.py:914} INFO - Processing file /home/ubuntu/customer_churn_youtube_venv/lib/python3.12/site-packages/airflow/example_dags/example_dynamic_task_mapping.py for tasks to queue
[2025-03-27T16:33:38.369+0000] {logging_mixin.py:190} INFO - [2025-03-27T16:33:38.369+0000] {dagbag.py:588} INFO - Filling up the DagBag from /home/ubuntu/customer_churn_youtube_venv/lib/python3.12/site-packages/airflow/example_dags/example_dynamic_task_mapping.py
[2025-03-27T16:33:38.378+0000] {processor.py:925} INFO - DAG(s) 'example_dynamic_task_mapping' retrieved from /home/ubuntu/customer_churn_youtube_venv/lib/python3.12/site-packages/airflow/example_dags/example_dynamic_task_mapping.py
[2025-03-27T16:33:38.393+0000] {logging_mixin.py:190} INFO - [2025-03-27T16:33:38.393+0000] {dag.py:3239} INFO - Sync 1 DAGs
[2025-03-27T16:33:38.405+0000] {logging_mixin.py:190} INFO - [2025-03-27T16:33:38.405+0000] {dag.py:4180} INFO - Setting next_dagrun for example_dynamic_task_mapping to None, run_after=None
[2025-03-27T16:33:38.428+0000] {processor.py:208} INFO - Processing /home/ubuntu/customer_churn_youtube_venv/lib/python3.12/site-packages/airflow/example_dags/example_dynamic_task_mapping.py took 0.069 seconds
[2025-03-27T16:34:54.127+0000] {processor.py:186} INFO - Started process (PID=5347) to work on /home/ubuntu/customer_churn_youtube_venv/lib/python3.12/site-packages/airflow/example_dags/example_dynamic_task_mapping.py
[2025-03-27T16:34:54.128+0000] {processor.py:914} INFO - Processing file /home/ubuntu/customer_churn_youtube_venv/lib/python3.12/site-packages/airflow/example_dags/example_dynamic_task_mapping.py for tasks to queue
[2025-03-27T16:34:54.130+0000] {logging_mixin.py:190} INFO - [2025-03-27T16:34:54.130+0000] {dagbag.py:588} INFO - Filling up the DagBag from /home/ubuntu/customer_churn_youtube_venv/lib/python3.12/site-packages/airflow/example_dags/example_dynamic_task_mapping.py
[2025-03-27T16:34:54.140+0000] {processor.py:925} INFO - DAG(s) 'example_dynamic_task_mapping' retrieved from /home/ubuntu/customer_churn_youtube_venv/lib/python3.12/site-packages/airflow/example_dags/example_dynamic_task_mapping.py
[2025-03-27T16:34:54.155+0000] {logging_mixin.py:190} INFO - [2025-03-27T16:34:54.155+0000] {dag.py:3239} INFO - Sync 1 DAGs
[2025-03-27T16:34:54.166+0000] {logging_mixin.py:190} INFO - [2025-03-27T16:34:54.166+0000] {dag.py:4180} INFO - Setting next_dagrun for example_dynamic_task_mapping to None, run_after=None
[2025-03-27T16:34:54.193+0000] {processor.py:208} INFO - Processing /home/ubuntu/customer_churn_youtube_venv/lib/python3.12/site-packages/airflow/example_dags/example_dynamic_task_mapping.py took 0.072 seconds
[2025-03-27T16:35:45.621+0000] {processor.py:186} INFO - Started process (PID=5404) to work on /home/ubuntu/customer_churn_youtube_venv/lib/python3.12/site-packages/airflow/example_dags/example_dynamic_task_mapping.py
[2025-03-27T16:35:45.623+0000] {processor.py:914} INFO - Processing file /home/ubuntu/customer_churn_youtube_venv/lib/python3.12/site-packages/airflow/example_dags/example_dynamic_task_mapping.py for tasks to queue
[2025-03-27T16:35:45.625+0000] {logging_mixin.py:190} INFO - [2025-03-27T16:35:45.624+0000] {dagbag.py:588} INFO - Filling up the DagBag from /home/ubuntu/customer_churn_youtube_venv/lib/python3.12/site-packages/airflow/example_dags/example_dynamic_task_mapping.py
[2025-03-27T16:35:45.634+0000] {processor.py:925} INFO - DAG(s) 'example_dynamic_task_mapping' retrieved from /home/ubuntu/customer_churn_youtube_venv/lib/python3.12/site-packages/airflow/example_dags/example_dynamic_task_mapping.py
[2025-03-27T16:35:45.649+0000] {logging_mixin.py:190} INFO - [2025-03-27T16:35:45.649+0000] {dag.py:3239} INFO - Sync 1 DAGs
[2025-03-27T16:35:45.661+0000] {logging_mixin.py:190} INFO - [2025-03-27T16:35:45.661+0000] {dag.py:4180} INFO - Setting next_dagrun for example_dynamic_task_mapping to None, run_after=None
[2025-03-27T16:35:45.681+0000] {processor.py:208} INFO - Processing /home/ubuntu/customer_churn_youtube_venv/lib/python3.12/site-packages/airflow/example_dags/example_dynamic_task_mapping.py took 0.066 seconds
[2025-03-27T16:36:37.266+0000] {processor.py:186} INFO - Started process (PID=5457) to work on /home/ubuntu/customer_churn_youtube_venv/lib/python3.12/site-packages/airflow/example_dags/example_dynamic_task_mapping.py
[2025-03-27T16:36:37.268+0000] {processor.py:914} INFO - Processing file /home/ubuntu/customer_churn_youtube_venv/lib/python3.12/site-packages/airflow/example_dags/example_dynamic_task_mapping.py for tasks to queue
[2025-03-27T16:36:37.270+0000] {logging_mixin.py:190} INFO - [2025-03-27T16:36:37.269+0000] {dagbag.py:588} INFO - Filling up the DagBag from /home/ubuntu/customer_churn_youtube_venv/lib/python3.12/site-packages/airflow/example_dags/example_dynamic_task_mapping.py
[2025-03-27T16:36:37.279+0000] {processor.py:925} INFO - DAG(s) 'example_dynamic_task_mapping' retrieved from /home/ubuntu/customer_churn_youtube_venv/lib/python3.12/site-packages/airflow/example_dags/example_dynamic_task_mapping.py
[2025-03-27T16:36:37.294+0000] {logging_mixin.py:190} INFO - [2025-03-27T16:36:37.294+0000] {dag.py:3239} INFO - Sync 1 DAGs
[2025-03-27T16:36:37.306+0000] {logging_mixin.py:190} INFO - [2025-03-27T16:36:37.306+0000] {dag.py:4180} INFO - Setting next_dagrun for example_dynamic_task_mapping to None, run_after=None
[2025-03-27T16:36:37.326+0000] {processor.py:208} INFO - Processing /home/ubuntu/customer_churn_youtube_venv/lib/python3.12/site-packages/airflow/example_dags/example_dynamic_task_mapping.py took 0.065 seconds
[2025-03-27T16:37:31.555+0000] {processor.py:186} INFO - Started process (PID=5516) to work on /home/ubuntu/customer_churn_youtube_venv/lib/python3.12/site-packages/airflow/example_dags/example_dynamic_task_mapping.py
[2025-03-27T16:37:31.557+0000] {processor.py:914} INFO - Processing file /home/ubuntu/customer_churn_youtube_venv/lib/python3.12/site-packages/airflow/example_dags/example_dynamic_task_mapping.py for tasks to queue
[2025-03-27T16:37:31.560+0000] {logging_mixin.py:190} INFO - [2025-03-27T16:37:31.559+0000] {dagbag.py:588} INFO - Filling up the DagBag from /home/ubuntu/customer_churn_youtube_venv/lib/python3.12/site-packages/airflow/example_dags/example_dynamic_task_mapping.py
[2025-03-27T16:37:31.568+0000] {processor.py:925} INFO - DAG(s) 'example_dynamic_task_mapping' retrieved from /home/ubuntu/customer_churn_youtube_venv/lib/python3.12/site-packages/airflow/example_dags/example_dynamic_task_mapping.py
[2025-03-27T16:37:31.583+0000] {logging_mixin.py:190} INFO - [2025-03-27T16:37:31.583+0000] {dag.py:3239} INFO - Sync 1 DAGs
[2025-03-27T16:37:31.594+0000] {logging_mixin.py:190} INFO - [2025-03-27T16:37:31.594+0000] {dag.py:4180} INFO - Setting next_dagrun for example_dynamic_task_mapping to None, run_after=None
[2025-03-27T16:37:31.615+0000] {processor.py:208} INFO - Processing /home/ubuntu/customer_churn_youtube_venv/lib/python3.12/site-packages/airflow/example_dags/example_dynamic_task_mapping.py took 0.065 seconds
[2025-03-27T16:38:48.677+0000] {processor.py:186} INFO - Started process (PID=5597) to work on /home/ubuntu/customer_churn_youtube_venv/lib/python3.12/site-packages/airflow/example_dags/example_dynamic_task_mapping.py
[2025-03-27T16:38:48.679+0000] {processor.py:914} INFO - Processing file /home/ubuntu/customer_churn_youtube_venv/lib/python3.12/site-packages/airflow/example_dags/example_dynamic_task_mapping.py for tasks to queue
[2025-03-27T16:38:48.681+0000] {logging_mixin.py:190} INFO - [2025-03-27T16:38:48.680+0000] {dagbag.py:588} INFO - Filling up the DagBag from /home/ubuntu/customer_churn_youtube_venv/lib/python3.12/site-packages/airflow/example_dags/example_dynamic_task_mapping.py
[2025-03-27T16:38:48.691+0000] {processor.py:925} INFO - DAG(s) 'example_dynamic_task_mapping' retrieved from /home/ubuntu/customer_churn_youtube_venv/lib/python3.12/site-packages/airflow/example_dags/example_dynamic_task_mapping.py
[2025-03-27T16:38:48.706+0000] {logging_mixin.py:190} INFO - [2025-03-27T16:38:48.706+0000] {dag.py:3239} INFO - Sync 1 DAGs
[2025-03-27T16:38:48.717+0000] {logging_mixin.py:190} INFO - [2025-03-27T16:38:48.717+0000] {dag.py:4180} INFO - Setting next_dagrun for example_dynamic_task_mapping to None, run_after=None
[2025-03-27T16:38:48.740+0000] {processor.py:208} INFO - Processing /home/ubuntu/customer_churn_youtube_venv/lib/python3.12/site-packages/airflow/example_dags/example_dynamic_task_mapping.py took 0.069 seconds
[2025-03-27T16:40:03.293+0000] {processor.py:186} INFO - Started process (PID=5679) to work on /home/ubuntu/customer_churn_youtube_venv/lib/python3.12/site-packages/airflow/example_dags/example_dynamic_task_mapping.py
[2025-03-27T16:40:03.295+0000] {processor.py:914} INFO - Processing file /home/ubuntu/customer_churn_youtube_venv/lib/python3.12/site-packages/airflow/example_dags/example_dynamic_task_mapping.py for tasks to queue
[2025-03-27T16:40:03.297+0000] {logging_mixin.py:190} INFO - [2025-03-27T16:40:03.297+0000] {dagbag.py:588} INFO - Filling up the DagBag from /home/ubuntu/customer_churn_youtube_venv/lib/python3.12/site-packages/airflow/example_dags/example_dynamic_task_mapping.py
[2025-03-27T16:40:03.306+0000] {processor.py:925} INFO - DAG(s) 'example_dynamic_task_mapping' retrieved from /home/ubuntu/customer_churn_youtube_venv/lib/python3.12/site-packages/airflow/example_dags/example_dynamic_task_mapping.py
[2025-03-27T16:40:03.322+0000] {logging_mixin.py:190} INFO - [2025-03-27T16:40:03.322+0000] {dag.py:3239} INFO - Sync 1 DAGs
[2025-03-27T16:40:03.334+0000] {logging_mixin.py:190} INFO - [2025-03-27T16:40:03.334+0000] {dag.py:4180} INFO - Setting next_dagrun for example_dynamic_task_mapping to None, run_after=None
[2025-03-27T16:40:03.358+0000] {processor.py:208} INFO - Processing /home/ubuntu/customer_churn_youtube_venv/lib/python3.12/site-packages/airflow/example_dags/example_dynamic_task_mapping.py took 0.071 seconds
[2025-03-27T16:40:57.234+0000] {processor.py:186} INFO - Started process (PID=5738) to work on /home/ubuntu/customer_churn_youtube_venv/lib/python3.12/site-packages/airflow/example_dags/example_dynamic_task_mapping.py
[2025-03-27T16:40:57.236+0000] {processor.py:914} INFO - Processing file /home/ubuntu/customer_churn_youtube_venv/lib/python3.12/site-packages/airflow/example_dags/example_dynamic_task_mapping.py for tasks to queue
[2025-03-27T16:40:57.239+0000] {logging_mixin.py:190} INFO - [2025-03-27T16:40:57.238+0000] {dagbag.py:588} INFO - Filling up the DagBag from /home/ubuntu/customer_churn_youtube_venv/lib/python3.12/site-packages/airflow/example_dags/example_dynamic_task_mapping.py
[2025-03-27T16:40:57.248+0000] {processor.py:925} INFO - DAG(s) 'example_dynamic_task_mapping' retrieved from /home/ubuntu/customer_churn_youtube_venv/lib/python3.12/site-packages/airflow/example_dags/example_dynamic_task_mapping.py
[2025-03-27T16:40:57.261+0000] {logging_mixin.py:190} INFO - [2025-03-27T16:40:57.261+0000] {dag.py:3239} INFO - Sync 1 DAGs
[2025-03-27T16:40:57.273+0000] {logging_mixin.py:190} INFO - [2025-03-27T16:40:57.273+0000] {dag.py:4180} INFO - Setting next_dagrun for example_dynamic_task_mapping to None, run_after=None
[2025-03-27T16:40:57.294+0000] {processor.py:208} INFO - Processing /home/ubuntu/customer_churn_youtube_venv/lib/python3.12/site-packages/airflow/example_dags/example_dynamic_task_mapping.py took 0.065 seconds
[2025-03-27T16:41:51.723+0000] {processor.py:186} INFO - Started process (PID=5832) to work on /home/ubuntu/customer_churn_youtube_venv/lib/python3.12/site-packages/airflow/example_dags/example_dynamic_task_mapping.py
[2025-03-27T16:41:51.724+0000] {processor.py:914} INFO - Processing file /home/ubuntu/customer_churn_youtube_venv/lib/python3.12/site-packages/airflow/example_dags/example_dynamic_task_mapping.py for tasks to queue
[2025-03-27T16:41:51.726+0000] {logging_mixin.py:190} INFO - [2025-03-27T16:41:51.725+0000] {dagbag.py:588} INFO - Filling up the DagBag from /home/ubuntu/customer_churn_youtube_venv/lib/python3.12/site-packages/airflow/example_dags/example_dynamic_task_mapping.py
[2025-03-27T16:41:51.735+0000] {processor.py:925} INFO - DAG(s) 'example_dynamic_task_mapping' retrieved from /home/ubuntu/customer_churn_youtube_venv/lib/python3.12/site-packages/airflow/example_dags/example_dynamic_task_mapping.py
[2025-03-27T16:41:51.750+0000] {logging_mixin.py:190} INFO - [2025-03-27T16:41:51.749+0000] {dag.py:3239} INFO - Sync 1 DAGs
[2025-03-27T16:41:51.761+0000] {logging_mixin.py:190} INFO - [2025-03-27T16:41:51.761+0000] {dag.py:4180} INFO - Setting next_dagrun for example_dynamic_task_mapping to None, run_after=None
[2025-03-27T16:41:51.784+0000] {processor.py:208} INFO - Processing /home/ubuntu/customer_churn_youtube_venv/lib/python3.12/site-packages/airflow/example_dags/example_dynamic_task_mapping.py took 0.067 seconds
[2025-03-27T16:42:46.845+0000] {processor.py:186} INFO - Started process (PID=5914) to work on /home/ubuntu/customer_churn_youtube_venv/lib/python3.12/site-packages/airflow/example_dags/example_dynamic_task_mapping.py
[2025-03-27T16:42:46.847+0000] {processor.py:914} INFO - Processing file /home/ubuntu/customer_churn_youtube_venv/lib/python3.12/site-packages/airflow/example_dags/example_dynamic_task_mapping.py for tasks to queue
[2025-03-27T16:42:46.848+0000] {logging_mixin.py:190} INFO - [2025-03-27T16:42:46.848+0000] {dagbag.py:588} INFO - Filling up the DagBag from /home/ubuntu/customer_churn_youtube_venv/lib/python3.12/site-packages/airflow/example_dags/example_dynamic_task_mapping.py
[2025-03-27T16:42:46.858+0000] {processor.py:925} INFO - DAG(s) 'example_dynamic_task_mapping' retrieved from /home/ubuntu/customer_churn_youtube_venv/lib/python3.12/site-packages/airflow/example_dags/example_dynamic_task_mapping.py
[2025-03-27T16:42:46.871+0000] {logging_mixin.py:190} INFO - [2025-03-27T16:42:46.871+0000] {dag.py:3239} INFO - Sync 1 DAGs
[2025-03-27T16:42:46.883+0000] {logging_mixin.py:190} INFO - [2025-03-27T16:42:46.883+0000] {dag.py:4180} INFO - Setting next_dagrun for example_dynamic_task_mapping to None, run_after=None
[2025-03-27T16:42:46.906+0000] {processor.py:208} INFO - Processing /home/ubuntu/customer_churn_youtube_venv/lib/python3.12/site-packages/airflow/example_dags/example_dynamic_task_mapping.py took 0.066 seconds
[2025-03-27T16:44:01.768+0000] {processor.py:186} INFO - Started process (PID=6267) to work on /home/ubuntu/customer_churn_youtube_venv/lib/python3.12/site-packages/airflow/example_dags/example_dynamic_task_mapping.py
[2025-03-27T16:44:01.770+0000] {processor.py:914} INFO - Processing file /home/ubuntu/customer_churn_youtube_venv/lib/python3.12/site-packages/airflow/example_dags/example_dynamic_task_mapping.py for tasks to queue
[2025-03-27T16:44:01.774+0000] {logging_mixin.py:190} INFO - [2025-03-27T16:44:01.774+0000] {dagbag.py:588} INFO - Filling up the DagBag from /home/ubuntu/customer_churn_youtube_venv/lib/python3.12/site-packages/airflow/example_dags/example_dynamic_task_mapping.py
[2025-03-27T16:44:01.784+0000] {processor.py:925} INFO - DAG(s) 'example_dynamic_task_mapping' retrieved from /home/ubuntu/customer_churn_youtube_venv/lib/python3.12/site-packages/airflow/example_dags/example_dynamic_task_mapping.py
[2025-03-27T16:44:01.800+0000] {logging_mixin.py:190} INFO - [2025-03-27T16:44:01.800+0000] {dag.py:3239} INFO - Sync 1 DAGs
[2025-03-27T16:44:01.813+0000] {logging_mixin.py:190} INFO - [2025-03-27T16:44:01.813+0000] {dag.py:4180} INFO - Setting next_dagrun for example_dynamic_task_mapping to None, run_after=None
[2025-03-27T16:44:01.836+0000] {processor.py:208} INFO - Processing /home/ubuntu/customer_churn_youtube_venv/lib/python3.12/site-packages/airflow/example_dags/example_dynamic_task_mapping.py took 0.073 seconds
[2025-03-27T16:44:51.921+0000] {processor.py:186} INFO - Started process (PID=6473) to work on /home/ubuntu/customer_churn_youtube_venv/lib/python3.12/site-packages/airflow/example_dags/example_dynamic_task_mapping.py
[2025-03-27T16:44:51.923+0000] {processor.py:914} INFO - Processing file /home/ubuntu/customer_churn_youtube_venv/lib/python3.12/site-packages/airflow/example_dags/example_dynamic_task_mapping.py for tasks to queue
[2025-03-27T16:44:51.925+0000] {logging_mixin.py:190} INFO - [2025-03-27T16:44:51.925+0000] {dagbag.py:588} INFO - Filling up the DagBag from /home/ubuntu/customer_churn_youtube_venv/lib/python3.12/site-packages/airflow/example_dags/example_dynamic_task_mapping.py
[2025-03-27T16:44:51.935+0000] {processor.py:925} INFO - DAG(s) 'example_dynamic_task_mapping' retrieved from /home/ubuntu/customer_churn_youtube_venv/lib/python3.12/site-packages/airflow/example_dags/example_dynamic_task_mapping.py
[2025-03-27T16:44:51.951+0000] {logging_mixin.py:190} INFO - [2025-03-27T16:44:51.950+0000] {dag.py:3239} INFO - Sync 1 DAGs
[2025-03-27T16:44:51.963+0000] {logging_mixin.py:190} INFO - [2025-03-27T16:44:51.962+0000] {dag.py:4180} INFO - Setting next_dagrun for example_dynamic_task_mapping to None, run_after=None
[2025-03-27T16:44:51.986+0000] {processor.py:208} INFO - Processing /home/ubuntu/customer_churn_youtube_venv/lib/python3.12/site-packages/airflow/example_dags/example_dynamic_task_mapping.py took 0.070 seconds
[2025-03-27T16:46:08.831+0000] {processor.py:186} INFO - Started process (PID=6840) to work on /home/ubuntu/customer_churn_youtube_venv/lib/python3.12/site-packages/airflow/example_dags/example_dynamic_task_mapping.py
[2025-03-27T16:46:08.832+0000] {processor.py:914} INFO - Processing file /home/ubuntu/customer_churn_youtube_venv/lib/python3.12/site-packages/airflow/example_dags/example_dynamic_task_mapping.py for tasks to queue
[2025-03-27T16:46:08.835+0000] {logging_mixin.py:190} INFO - [2025-03-27T16:46:08.834+0000] {dagbag.py:588} INFO - Filling up the DagBag from /home/ubuntu/customer_churn_youtube_venv/lib/python3.12/site-packages/airflow/example_dags/example_dynamic_task_mapping.py
[2025-03-27T16:46:08.843+0000] {processor.py:925} INFO - DAG(s) 'example_dynamic_task_mapping' retrieved from /home/ubuntu/customer_churn_youtube_venv/lib/python3.12/site-packages/airflow/example_dags/example_dynamic_task_mapping.py
[2025-03-27T16:46:08.858+0000] {logging_mixin.py:190} INFO - [2025-03-27T16:46:08.858+0000] {dag.py:3239} INFO - Sync 1 DAGs
[2025-03-27T16:46:08.870+0000] {logging_mixin.py:190} INFO - [2025-03-27T16:46:08.870+0000] {dag.py:4180} INFO - Setting next_dagrun for example_dynamic_task_mapping to None, run_after=None
[2025-03-27T16:46:08.893+0000] {processor.py:208} INFO - Processing /home/ubuntu/customer_churn_youtube_venv/lib/python3.12/site-packages/airflow/example_dags/example_dynamic_task_mapping.py took 0.068 seconds
[2025-03-27T16:47:01.859+0000] {processor.py:186} INFO - Started process (PID=7362) to work on /home/ubuntu/customer_churn_youtube_venv/lib/python3.12/site-packages/airflow/example_dags/example_dynamic_task_mapping.py
[2025-03-27T16:47:01.860+0000] {processor.py:914} INFO - Processing file /home/ubuntu/customer_churn_youtube_venv/lib/python3.12/site-packages/airflow/example_dags/example_dynamic_task_mapping.py for tasks to queue
[2025-03-27T16:47:01.863+0000] {logging_mixin.py:190} INFO - [2025-03-27T16:47:01.863+0000] {dagbag.py:588} INFO - Filling up the DagBag from /home/ubuntu/customer_churn_youtube_venv/lib/python3.12/site-packages/airflow/example_dags/example_dynamic_task_mapping.py
[2025-03-27T16:47:01.872+0000] {processor.py:925} INFO - DAG(s) 'example_dynamic_task_mapping' retrieved from /home/ubuntu/customer_churn_youtube_venv/lib/python3.12/site-packages/airflow/example_dags/example_dynamic_task_mapping.py
[2025-03-27T16:47:01.889+0000] {logging_mixin.py:190} INFO - [2025-03-27T16:47:01.889+0000] {dag.py:3239} INFO - Sync 1 DAGs
[2025-03-27T16:47:01.902+0000] {logging_mixin.py:190} INFO - [2025-03-27T16:47:01.901+0000] {dag.py:4180} INFO - Setting next_dagrun for example_dynamic_task_mapping to None, run_after=None
[2025-03-27T16:47:01.923+0000] {processor.py:208} INFO - Processing /home/ubuntu/customer_churn_youtube_venv/lib/python3.12/site-packages/airflow/example_dags/example_dynamic_task_mapping.py took 0.070 seconds
[2025-03-27T16:48:20.716+0000] {processor.py:186} INFO - Started process (PID=7568) to work on /home/ubuntu/customer_churn_youtube_venv/lib/python3.12/site-packages/airflow/example_dags/example_dynamic_task_mapping.py
[2025-03-27T16:48:20.719+0000] {processor.py:914} INFO - Processing file /home/ubuntu/customer_churn_youtube_venv/lib/python3.12/site-packages/airflow/example_dags/example_dynamic_task_mapping.py for tasks to queue
[2025-03-27T16:48:20.721+0000] {logging_mixin.py:190} INFO - [2025-03-27T16:48:20.720+0000] {dagbag.py:588} INFO - Filling up the DagBag from /home/ubuntu/customer_churn_youtube_venv/lib/python3.12/site-packages/airflow/example_dags/example_dynamic_task_mapping.py
[2025-03-27T16:48:20.730+0000] {processor.py:925} INFO - DAG(s) 'example_dynamic_task_mapping' retrieved from /home/ubuntu/customer_churn_youtube_venv/lib/python3.12/site-packages/airflow/example_dags/example_dynamic_task_mapping.py
[2025-03-27T16:48:20.746+0000] {logging_mixin.py:190} INFO - [2025-03-27T16:48:20.746+0000] {dag.py:3239} INFO - Sync 1 DAGs
[2025-03-27T16:48:20.759+0000] {logging_mixin.py:190} INFO - [2025-03-27T16:48:20.759+0000] {dag.py:4180} INFO - Setting next_dagrun for example_dynamic_task_mapping to None, run_after=None
[2025-03-27T16:48:20.780+0000] {processor.py:208} INFO - Processing /home/ubuntu/customer_churn_youtube_venv/lib/python3.12/site-packages/airflow/example_dags/example_dynamic_task_mapping.py took 0.070 seconds
[2025-03-27T16:49:13.693+0000] {processor.py:186} INFO - Started process (PID=7626) to work on /home/ubuntu/customer_churn_youtube_venv/lib/python3.12/site-packages/airflow/example_dags/example_dynamic_task_mapping.py
[2025-03-27T16:49:13.695+0000] {processor.py:914} INFO - Processing file /home/ubuntu/customer_churn_youtube_venv/lib/python3.12/site-packages/airflow/example_dags/example_dynamic_task_mapping.py for tasks to queue
[2025-03-27T16:49:13.698+0000] {logging_mixin.py:190} INFO - [2025-03-27T16:49:13.697+0000] {dagbag.py:588} INFO - Filling up the DagBag from /home/ubuntu/customer_churn_youtube_venv/lib/python3.12/site-packages/airflow/example_dags/example_dynamic_task_mapping.py
[2025-03-27T16:49:13.707+0000] {processor.py:925} INFO - DAG(s) 'example_dynamic_task_mapping' retrieved from /home/ubuntu/customer_churn_youtube_venv/lib/python3.12/site-packages/airflow/example_dags/example_dynamic_task_mapping.py
[2025-03-27T16:49:13.723+0000] {logging_mixin.py:190} INFO - [2025-03-27T16:49:13.722+0000] {dag.py:3239} INFO - Sync 1 DAGs
[2025-03-27T16:49:13.734+0000] {logging_mixin.py:190} INFO - [2025-03-27T16:49:13.734+0000] {dag.py:4180} INFO - Setting next_dagrun for example_dynamic_task_mapping to None, run_after=None
[2025-03-27T16:49:13.756+0000] {processor.py:208} INFO - Processing /home/ubuntu/customer_churn_youtube_venv/lib/python3.12/site-packages/airflow/example_dags/example_dynamic_task_mapping.py took 0.068 seconds
[2025-03-27T16:50:31.329+0000] {processor.py:186} INFO - Started process (PID=7709) to work on /home/ubuntu/customer_churn_youtube_venv/lib/python3.12/site-packages/airflow/example_dags/example_dynamic_task_mapping.py
[2025-03-27T16:50:31.330+0000] {processor.py:914} INFO - Processing file /home/ubuntu/customer_churn_youtube_venv/lib/python3.12/site-packages/airflow/example_dags/example_dynamic_task_mapping.py for tasks to queue
[2025-03-27T16:50:31.333+0000] {logging_mixin.py:190} INFO - [2025-03-27T16:50:31.333+0000] {dagbag.py:588} INFO - Filling up the DagBag from /home/ubuntu/customer_churn_youtube_venv/lib/python3.12/site-packages/airflow/example_dags/example_dynamic_task_mapping.py
[2025-03-27T16:50:31.342+0000] {processor.py:925} INFO - DAG(s) 'example_dynamic_task_mapping' retrieved from /home/ubuntu/customer_churn_youtube_venv/lib/python3.12/site-packages/airflow/example_dags/example_dynamic_task_mapping.py
[2025-03-27T16:50:31.356+0000] {logging_mixin.py:190} INFO - [2025-03-27T16:50:31.355+0000] {dag.py:3239} INFO - Sync 1 DAGs
[2025-03-27T16:50:31.368+0000] {logging_mixin.py:190} INFO - [2025-03-27T16:50:31.368+0000] {dag.py:4180} INFO - Setting next_dagrun for example_dynamic_task_mapping to None, run_after=None
[2025-03-27T16:50:31.390+0000] {processor.py:208} INFO - Processing /home/ubuntu/customer_churn_youtube_venv/lib/python3.12/site-packages/airflow/example_dags/example_dynamic_task_mapping.py took 0.066 seconds
[2025-03-27T16:51:48.736+0000] {processor.py:186} INFO - Started process (PID=7788) to work on /home/ubuntu/customer_churn_youtube_venv/lib/python3.12/site-packages/airflow/example_dags/example_dynamic_task_mapping.py
[2025-03-27T16:51:48.738+0000] {processor.py:914} INFO - Processing file /home/ubuntu/customer_churn_youtube_venv/lib/python3.12/site-packages/airflow/example_dags/example_dynamic_task_mapping.py for tasks to queue
[2025-03-27T16:51:48.740+0000] {logging_mixin.py:190} INFO - [2025-03-27T16:51:48.739+0000] {dagbag.py:588} INFO - Filling up the DagBag from /home/ubuntu/customer_churn_youtube_venv/lib/python3.12/site-packages/airflow/example_dags/example_dynamic_task_mapping.py
[2025-03-27T16:51:48.750+0000] {processor.py:925} INFO - DAG(s) 'example_dynamic_task_mapping' retrieved from /home/ubuntu/customer_churn_youtube_venv/lib/python3.12/site-packages/airflow/example_dags/example_dynamic_task_mapping.py
[2025-03-27T16:51:48.764+0000] {logging_mixin.py:190} INFO - [2025-03-27T16:51:48.764+0000] {dag.py:3239} INFO - Sync 1 DAGs
[2025-03-27T16:51:48.776+0000] {logging_mixin.py:190} INFO - [2025-03-27T16:51:48.776+0000] {dag.py:4180} INFO - Setting next_dagrun for example_dynamic_task_mapping to None, run_after=None
[2025-03-27T16:51:48.800+0000] {processor.py:208} INFO - Processing /home/ubuntu/customer_churn_youtube_venv/lib/python3.12/site-packages/airflow/example_dags/example_dynamic_task_mapping.py took 0.071 seconds
[2025-03-27T16:53:02.598+0000] {processor.py:186} INFO - Started process (PID=7868) to work on /home/ubuntu/customer_churn_youtube_venv/lib/python3.12/site-packages/airflow/example_dags/example_dynamic_task_mapping.py
[2025-03-27T16:53:02.599+0000] {processor.py:914} INFO - Processing file /home/ubuntu/customer_churn_youtube_venv/lib/python3.12/site-packages/airflow/example_dags/example_dynamic_task_mapping.py for tasks to queue
[2025-03-27T16:53:02.602+0000] {logging_mixin.py:190} INFO - [2025-03-27T16:53:02.602+0000] {dagbag.py:588} INFO - Filling up the DagBag from /home/ubuntu/customer_churn_youtube_venv/lib/python3.12/site-packages/airflow/example_dags/example_dynamic_task_mapping.py
[2025-03-27T16:53:02.611+0000] {processor.py:925} INFO - DAG(s) 'example_dynamic_task_mapping' retrieved from /home/ubuntu/customer_churn_youtube_venv/lib/python3.12/site-packages/airflow/example_dags/example_dynamic_task_mapping.py
[2025-03-27T16:53:02.626+0000] {logging_mixin.py:190} INFO - [2025-03-27T16:53:02.626+0000] {dag.py:3239} INFO - Sync 1 DAGs
[2025-03-27T16:53:02.638+0000] {logging_mixin.py:190} INFO - [2025-03-27T16:53:02.638+0000] {dag.py:4180} INFO - Setting next_dagrun for example_dynamic_task_mapping to None, run_after=None
[2025-03-27T16:53:02.661+0000] {processor.py:208} INFO - Processing /home/ubuntu/customer_churn_youtube_venv/lib/python3.12/site-packages/airflow/example_dags/example_dynamic_task_mapping.py took 0.068 seconds
[2025-03-27T16:54:17.986+0000] {processor.py:186} INFO - Started process (PID=7947) to work on /home/ubuntu/customer_churn_youtube_venv/lib/python3.12/site-packages/airflow/example_dags/example_dynamic_task_mapping.py
[2025-03-27T16:54:17.988+0000] {processor.py:914} INFO - Processing file /home/ubuntu/customer_churn_youtube_venv/lib/python3.12/site-packages/airflow/example_dags/example_dynamic_task_mapping.py for tasks to queue
[2025-03-27T16:54:17.989+0000] {logging_mixin.py:190} INFO - [2025-03-27T16:54:17.989+0000] {dagbag.py:588} INFO - Filling up the DagBag from /home/ubuntu/customer_churn_youtube_venv/lib/python3.12/site-packages/airflow/example_dags/example_dynamic_task_mapping.py
[2025-03-27T16:54:17.998+0000] {processor.py:925} INFO - DAG(s) 'example_dynamic_task_mapping' retrieved from /home/ubuntu/customer_churn_youtube_venv/lib/python3.12/site-packages/airflow/example_dags/example_dynamic_task_mapping.py
[2025-03-27T16:54:18.013+0000] {logging_mixin.py:190} INFO - [2025-03-27T16:54:18.013+0000] {dag.py:3239} INFO - Sync 1 DAGs
[2025-03-27T16:54:18.024+0000] {logging_mixin.py:190} INFO - [2025-03-27T16:54:18.024+0000] {dag.py:4180} INFO - Setting next_dagrun for example_dynamic_task_mapping to None, run_after=None
[2025-03-27T16:54:18.047+0000] {processor.py:208} INFO - Processing /home/ubuntu/customer_churn_youtube_venv/lib/python3.12/site-packages/airflow/example_dags/example_dynamic_task_mapping.py took 0.067 seconds
[2025-03-27T16:55:08.897+0000] {processor.py:186} INFO - Started process (PID=8004) to work on /home/ubuntu/customer_churn_youtube_venv/lib/python3.12/site-packages/airflow/example_dags/example_dynamic_task_mapping.py
[2025-03-27T16:55:08.899+0000] {processor.py:914} INFO - Processing file /home/ubuntu/customer_churn_youtube_venv/lib/python3.12/site-packages/airflow/example_dags/example_dynamic_task_mapping.py for tasks to queue
[2025-03-27T16:55:08.901+0000] {logging_mixin.py:190} INFO - [2025-03-27T16:55:08.901+0000] {dagbag.py:588} INFO - Filling up the DagBag from /home/ubuntu/customer_churn_youtube_venv/lib/python3.12/site-packages/airflow/example_dags/example_dynamic_task_mapping.py
[2025-03-27T16:55:08.910+0000] {processor.py:925} INFO - DAG(s) 'example_dynamic_task_mapping' retrieved from /home/ubuntu/customer_churn_youtube_venv/lib/python3.12/site-packages/airflow/example_dags/example_dynamic_task_mapping.py
[2025-03-27T16:55:08.925+0000] {logging_mixin.py:190} INFO - [2025-03-27T16:55:08.925+0000] {dag.py:3239} INFO - Sync 1 DAGs
[2025-03-27T16:55:08.937+0000] {logging_mixin.py:190} INFO - [2025-03-27T16:55:08.936+0000] {dag.py:4180} INFO - Setting next_dagrun for example_dynamic_task_mapping to None, run_after=None
[2025-03-27T16:55:08.957+0000] {processor.py:208} INFO - Processing /home/ubuntu/customer_churn_youtube_venv/lib/python3.12/site-packages/airflow/example_dags/example_dynamic_task_mapping.py took 0.065 seconds
[2025-03-27T16:56:02.721+0000] {processor.py:186} INFO - Started process (PID=8081) to work on /home/ubuntu/customer_churn_youtube_venv/lib/python3.12/site-packages/airflow/example_dags/example_dynamic_task_mapping.py
[2025-03-27T16:56:02.723+0000] {processor.py:914} INFO - Processing file /home/ubuntu/customer_churn_youtube_venv/lib/python3.12/site-packages/airflow/example_dags/example_dynamic_task_mapping.py for tasks to queue
[2025-03-27T16:56:02.725+0000] {logging_mixin.py:190} INFO - [2025-03-27T16:56:02.724+0000] {dagbag.py:588} INFO - Filling up the DagBag from /home/ubuntu/customer_churn_youtube_venv/lib/python3.12/site-packages/airflow/example_dags/example_dynamic_task_mapping.py
[2025-03-27T16:56:02.734+0000] {processor.py:925} INFO - DAG(s) 'example_dynamic_task_mapping' retrieved from /home/ubuntu/customer_churn_youtube_venv/lib/python3.12/site-packages/airflow/example_dags/example_dynamic_task_mapping.py
[2025-03-27T16:56:02.868+0000] {logging_mixin.py:190} INFO - [2025-03-27T16:56:02.868+0000] {dag.py:3239} INFO - Sync 1 DAGs
[2025-03-27T16:56:02.877+0000] {logging_mixin.py:190} INFO - [2025-03-27T16:56:02.877+0000] {dag.py:4180} INFO - Setting next_dagrun for example_dynamic_task_mapping to None, run_after=None
[2025-03-27T16:56:02.902+0000] {processor.py:208} INFO - Processing /home/ubuntu/customer_churn_youtube_venv/lib/python3.12/site-packages/airflow/example_dags/example_dynamic_task_mapping.py took 0.187 seconds
[2025-03-27T16:57:01.415+0000] {processor.py:186} INFO - Started process (PID=8137) to work on /home/ubuntu/customer_churn_youtube_venv/lib/python3.12/site-packages/airflow/example_dags/example_dynamic_task_mapping.py
[2025-03-27T16:57:01.417+0000] {processor.py:914} INFO - Processing file /home/ubuntu/customer_churn_youtube_venv/lib/python3.12/site-packages/airflow/example_dags/example_dynamic_task_mapping.py for tasks to queue
[2025-03-27T16:57:01.419+0000] {logging_mixin.py:190} INFO - [2025-03-27T16:57:01.418+0000] {dagbag.py:588} INFO - Filling up the DagBag from /home/ubuntu/customer_churn_youtube_venv/lib/python3.12/site-packages/airflow/example_dags/example_dynamic_task_mapping.py
[2025-03-27T16:57:01.428+0000] {processor.py:925} INFO - DAG(s) 'example_dynamic_task_mapping' retrieved from /home/ubuntu/customer_churn_youtube_venv/lib/python3.12/site-packages/airflow/example_dags/example_dynamic_task_mapping.py
[2025-03-27T16:57:01.444+0000] {logging_mixin.py:190} INFO - [2025-03-27T16:57:01.443+0000] {dag.py:3239} INFO - Sync 1 DAGs
[2025-03-27T16:57:01.456+0000] {logging_mixin.py:190} INFO - [2025-03-27T16:57:01.455+0000] {dag.py:4180} INFO - Setting next_dagrun for example_dynamic_task_mapping to None, run_after=None
[2025-03-27T16:57:01.481+0000] {processor.py:208} INFO - Processing /home/ubuntu/customer_churn_youtube_venv/lib/python3.12/site-packages/airflow/example_dags/example_dynamic_task_mapping.py took 0.072 seconds
[2025-03-27T16:58:00.088+0000] {processor.py:186} INFO - Started process (PID=8194) to work on /home/ubuntu/customer_churn_youtube_venv/lib/python3.12/site-packages/airflow/example_dags/example_dynamic_task_mapping.py
[2025-03-27T16:58:00.089+0000] {processor.py:914} INFO - Processing file /home/ubuntu/customer_churn_youtube_venv/lib/python3.12/site-packages/airflow/example_dags/example_dynamic_task_mapping.py for tasks to queue
[2025-03-27T16:58:00.093+0000] {logging_mixin.py:190} INFO - [2025-03-27T16:58:00.092+0000] {dagbag.py:588} INFO - Filling up the DagBag from /home/ubuntu/customer_churn_youtube_venv/lib/python3.12/site-packages/airflow/example_dags/example_dynamic_task_mapping.py
[2025-03-27T16:58:00.102+0000] {processor.py:925} INFO - DAG(s) 'example_dynamic_task_mapping' retrieved from /home/ubuntu/customer_churn_youtube_venv/lib/python3.12/site-packages/airflow/example_dags/example_dynamic_task_mapping.py
[2025-03-27T16:58:00.118+0000] {logging_mixin.py:190} INFO - [2025-03-27T16:58:00.118+0000] {dag.py:3239} INFO - Sync 1 DAGs
[2025-03-27T16:58:00.131+0000] {logging_mixin.py:190} INFO - [2025-03-27T16:58:00.130+0000] {dag.py:4180} INFO - Setting next_dagrun for example_dynamic_task_mapping to None, run_after=None
[2025-03-27T16:58:00.155+0000] {processor.py:208} INFO - Processing /home/ubuntu/customer_churn_youtube_venv/lib/python3.12/site-packages/airflow/example_dags/example_dynamic_task_mapping.py took 0.074 seconds
[2025-03-27T16:58:57.621+0000] {processor.py:186} INFO - Started process (PID=8276) to work on /home/ubuntu/customer_churn_youtube_venv/lib/python3.12/site-packages/airflow/example_dags/example_dynamic_task_mapping.py
[2025-03-27T16:58:57.622+0000] {processor.py:914} INFO - Processing file /home/ubuntu/customer_churn_youtube_venv/lib/python3.12/site-packages/airflow/example_dags/example_dynamic_task_mapping.py for tasks to queue
[2025-03-27T16:58:57.624+0000] {logging_mixin.py:190} INFO - [2025-03-27T16:58:57.624+0000] {dagbag.py:588} INFO - Filling up the DagBag from /home/ubuntu/customer_churn_youtube_venv/lib/python3.12/site-packages/airflow/example_dags/example_dynamic_task_mapping.py
[2025-03-27T16:58:57.634+0000] {processor.py:925} INFO - DAG(s) 'example_dynamic_task_mapping' retrieved from /home/ubuntu/customer_churn_youtube_venv/lib/python3.12/site-packages/airflow/example_dags/example_dynamic_task_mapping.py
[2025-03-27T16:58:57.727+0000] {logging_mixin.py:190} INFO - [2025-03-27T16:58:57.727+0000] {dag.py:3239} INFO - Sync 1 DAGs
[2025-03-27T16:58:57.737+0000] {logging_mixin.py:190} INFO - [2025-03-27T16:58:57.737+0000] {dag.py:4180} INFO - Setting next_dagrun for example_dynamic_task_mapping to None, run_after=None
[2025-03-27T16:58:57.758+0000] {processor.py:208} INFO - Processing /home/ubuntu/customer_churn_youtube_venv/lib/python3.12/site-packages/airflow/example_dags/example_dynamic_task_mapping.py took 0.142 seconds
[2025-03-27T16:59:58.843+0000] {processor.py:186} INFO - Started process (PID=8335) to work on /home/ubuntu/customer_churn_youtube_venv/lib/python3.12/site-packages/airflow/example_dags/example_dynamic_task_mapping.py
[2025-03-27T16:59:58.845+0000] {processor.py:914} INFO - Processing file /home/ubuntu/customer_churn_youtube_venv/lib/python3.12/site-packages/airflow/example_dags/example_dynamic_task_mapping.py for tasks to queue
[2025-03-27T16:59:58.848+0000] {logging_mixin.py:190} INFO - [2025-03-27T16:59:58.847+0000] {dagbag.py:588} INFO - Filling up the DagBag from /home/ubuntu/customer_churn_youtube_venv/lib/python3.12/site-packages/airflow/example_dags/example_dynamic_task_mapping.py
[2025-03-27T16:59:58.856+0000] {processor.py:925} INFO - DAG(s) 'example_dynamic_task_mapping' retrieved from /home/ubuntu/customer_churn_youtube_venv/lib/python3.12/site-packages/airflow/example_dags/example_dynamic_task_mapping.py
[2025-03-27T16:59:58.871+0000] {logging_mixin.py:190} INFO - [2025-03-27T16:59:58.871+0000] {dag.py:3239} INFO - Sync 1 DAGs
[2025-03-27T16:59:58.883+0000] {logging_mixin.py:190} INFO - [2025-03-27T16:59:58.882+0000] {dag.py:4180} INFO - Setting next_dagrun for example_dynamic_task_mapping to None, run_after=None
[2025-03-27T16:59:58.907+0000] {processor.py:208} INFO - Processing /home/ubuntu/customer_churn_youtube_venv/lib/python3.12/site-packages/airflow/example_dags/example_dynamic_task_mapping.py took 0.068 seconds
[2025-03-27T17:00:53.621+0000] {processor.py:186} INFO - Started process (PID=8398) to work on /home/ubuntu/customer_churn_youtube_venv/lib/python3.12/site-packages/airflow/example_dags/example_dynamic_task_mapping.py
[2025-03-27T17:00:53.623+0000] {processor.py:914} INFO - Processing file /home/ubuntu/customer_churn_youtube_venv/lib/python3.12/site-packages/airflow/example_dags/example_dynamic_task_mapping.py for tasks to queue
[2025-03-27T17:00:53.625+0000] {logging_mixin.py:190} INFO - [2025-03-27T17:00:53.624+0000] {dagbag.py:588} INFO - Filling up the DagBag from /home/ubuntu/customer_churn_youtube_venv/lib/python3.12/site-packages/airflow/example_dags/example_dynamic_task_mapping.py
[2025-03-27T17:00:53.635+0000] {processor.py:925} INFO - DAG(s) 'example_dynamic_task_mapping' retrieved from /home/ubuntu/customer_churn_youtube_venv/lib/python3.12/site-packages/airflow/example_dags/example_dynamic_task_mapping.py
[2025-03-27T17:00:53.649+0000] {logging_mixin.py:190} INFO - [2025-03-27T17:00:53.649+0000] {dag.py:3239} INFO - Sync 1 DAGs
[2025-03-27T17:00:53.661+0000] {logging_mixin.py:190} INFO - [2025-03-27T17:00:53.661+0000] {dag.py:4180} INFO - Setting next_dagrun for example_dynamic_task_mapping to None, run_after=None
[2025-03-27T17:00:53.683+0000] {processor.py:208} INFO - Processing /home/ubuntu/customer_churn_youtube_venv/lib/python3.12/site-packages/airflow/example_dags/example_dynamic_task_mapping.py took 0.067 seconds
[2025-03-27T17:02:10.550+0000] {processor.py:186} INFO - Started process (PID=8478) to work on /home/ubuntu/customer_churn_youtube_venv/lib/python3.12/site-packages/airflow/example_dags/example_dynamic_task_mapping.py
[2025-03-27T17:02:10.552+0000] {processor.py:914} INFO - Processing file /home/ubuntu/customer_churn_youtube_venv/lib/python3.12/site-packages/airflow/example_dags/example_dynamic_task_mapping.py for tasks to queue
[2025-03-27T17:02:10.554+0000] {logging_mixin.py:190} INFO - [2025-03-27T17:02:10.553+0000] {dagbag.py:588} INFO - Filling up the DagBag from /home/ubuntu/customer_churn_youtube_venv/lib/python3.12/site-packages/airflow/example_dags/example_dynamic_task_mapping.py
[2025-03-27T17:02:10.563+0000] {processor.py:925} INFO - DAG(s) 'example_dynamic_task_mapping' retrieved from /home/ubuntu/customer_churn_youtube_venv/lib/python3.12/site-packages/airflow/example_dags/example_dynamic_task_mapping.py
[2025-03-27T17:02:10.579+0000] {logging_mixin.py:190} INFO - [2025-03-27T17:02:10.578+0000] {dag.py:3239} INFO - Sync 1 DAGs
[2025-03-27T17:02:10.591+0000] {logging_mixin.py:190} INFO - [2025-03-27T17:02:10.591+0000] {dag.py:4180} INFO - Setting next_dagrun for example_dynamic_task_mapping to None, run_after=None
[2025-03-27T17:02:10.613+0000] {processor.py:208} INFO - Processing /home/ubuntu/customer_churn_youtube_venv/lib/python3.12/site-packages/airflow/example_dags/example_dynamic_task_mapping.py took 0.069 seconds
[2025-03-27T17:03:26.416+0000] {processor.py:186} INFO - Started process (PID=8561) to work on /home/ubuntu/customer_churn_youtube_venv/lib/python3.12/site-packages/airflow/example_dags/example_dynamic_task_mapping.py
[2025-03-27T17:03:26.417+0000] {processor.py:914} INFO - Processing file /home/ubuntu/customer_churn_youtube_venv/lib/python3.12/site-packages/airflow/example_dags/example_dynamic_task_mapping.py for tasks to queue
[2025-03-27T17:03:26.420+0000] {logging_mixin.py:190} INFO - [2025-03-27T17:03:26.420+0000] {dagbag.py:588} INFO - Filling up the DagBag from /home/ubuntu/customer_churn_youtube_venv/lib/python3.12/site-packages/airflow/example_dags/example_dynamic_task_mapping.py
[2025-03-27T17:03:26.428+0000] {processor.py:925} INFO - DAG(s) 'example_dynamic_task_mapping' retrieved from /home/ubuntu/customer_churn_youtube_venv/lib/python3.12/site-packages/airflow/example_dags/example_dynamic_task_mapping.py
[2025-03-27T17:03:26.520+0000] {logging_mixin.py:190} INFO - [2025-03-27T17:03:26.520+0000] {dag.py:3239} INFO - Sync 1 DAGs
[2025-03-27T17:03:26.531+0000] {logging_mixin.py:190} INFO - [2025-03-27T17:03:26.531+0000] {dag.py:3262} INFO - Creating ORM DAG for example_dynamic_task_mapping
[2025-03-27T17:03:26.533+0000] {logging_mixin.py:190} INFO - [2025-03-27T17:03:26.533+0000] {dag.py:4180} INFO - Setting next_dagrun for example_dynamic_task_mapping to None, run_after=None
[2025-03-27T17:03:26.552+0000] {processor.py:208} INFO - Processing /home/ubuntu/customer_churn_youtube_venv/lib/python3.12/site-packages/airflow/example_dags/example_dynamic_task_mapping.py took 0.142 seconds
[2025-03-27T17:04:18.626+0000] {processor.py:186} INFO - Started process (PID=8622) to work on /home/ubuntu/customer_churn_youtube_venv/lib/python3.12/site-packages/airflow/example_dags/example_dynamic_task_mapping.py
[2025-03-27T17:04:18.627+0000] {processor.py:914} INFO - Processing file /home/ubuntu/customer_churn_youtube_venv/lib/python3.12/site-packages/airflow/example_dags/example_dynamic_task_mapping.py for tasks to queue
[2025-03-27T17:04:18.629+0000] {logging_mixin.py:190} INFO - [2025-03-27T17:04:18.629+0000] {dagbag.py:588} INFO - Filling up the DagBag from /home/ubuntu/customer_churn_youtube_venv/lib/python3.12/site-packages/airflow/example_dags/example_dynamic_task_mapping.py
[2025-03-27T17:04:18.638+0000] {processor.py:925} INFO - DAG(s) 'example_dynamic_task_mapping' retrieved from /home/ubuntu/customer_churn_youtube_venv/lib/python3.12/site-packages/airflow/example_dags/example_dynamic_task_mapping.py
[2025-03-27T17:04:18.654+0000] {logging_mixin.py:190} INFO - [2025-03-27T17:04:18.654+0000] {dag.py:3239} INFO - Sync 1 DAGs
[2025-03-27T17:04:18.666+0000] {logging_mixin.py:190} INFO - [2025-03-27T17:04:18.666+0000] {dag.py:4180} INFO - Setting next_dagrun for example_dynamic_task_mapping to None, run_after=None
[2025-03-27T17:04:18.688+0000] {processor.py:208} INFO - Processing /home/ubuntu/customer_churn_youtube_venv/lib/python3.12/site-packages/airflow/example_dags/example_dynamic_task_mapping.py took 0.068 seconds
[2025-03-27T17:05:10.190+0000] {processor.py:186} INFO - Started process (PID=8698) to work on /home/ubuntu/customer_churn_youtube_venv/lib/python3.12/site-packages/airflow/example_dags/example_dynamic_task_mapping.py
[2025-03-27T17:05:10.192+0000] {processor.py:914} INFO - Processing file /home/ubuntu/customer_churn_youtube_venv/lib/python3.12/site-packages/airflow/example_dags/example_dynamic_task_mapping.py for tasks to queue
[2025-03-27T17:05:10.195+0000] {logging_mixin.py:190} INFO - [2025-03-27T17:05:10.194+0000] {dagbag.py:588} INFO - Filling up the DagBag from /home/ubuntu/customer_churn_youtube_venv/lib/python3.12/site-packages/airflow/example_dags/example_dynamic_task_mapping.py
[2025-03-27T17:05:10.203+0000] {processor.py:925} INFO - DAG(s) 'example_dynamic_task_mapping' retrieved from /home/ubuntu/customer_churn_youtube_venv/lib/python3.12/site-packages/airflow/example_dags/example_dynamic_task_mapping.py
[2025-03-27T17:05:10.218+0000] {logging_mixin.py:190} INFO - [2025-03-27T17:05:10.218+0000] {dag.py:3239} INFO - Sync 1 DAGs
[2025-03-27T17:05:10.229+0000] {logging_mixin.py:190} INFO - [2025-03-27T17:05:10.229+0000] {dag.py:4180} INFO - Setting next_dagrun for example_dynamic_task_mapping to None, run_after=None
[2025-03-27T17:05:10.251+0000] {processor.py:208} INFO - Processing /home/ubuntu/customer_churn_youtube_venv/lib/python3.12/site-packages/airflow/example_dags/example_dynamic_task_mapping.py took 0.067 seconds
[2025-03-27T17:06:04.656+0000] {processor.py:186} INFO - Started process (PID=8753) to work on /home/ubuntu/customer_churn_youtube_venv/lib/python3.12/site-packages/airflow/example_dags/example_dynamic_task_mapping.py
[2025-03-27T17:06:04.657+0000] {processor.py:914} INFO - Processing file /home/ubuntu/customer_churn_youtube_venv/lib/python3.12/site-packages/airflow/example_dags/example_dynamic_task_mapping.py for tasks to queue
[2025-03-27T17:06:04.659+0000] {logging_mixin.py:190} INFO - [2025-03-27T17:06:04.658+0000] {dagbag.py:588} INFO - Filling up the DagBag from /home/ubuntu/customer_churn_youtube_venv/lib/python3.12/site-packages/airflow/example_dags/example_dynamic_task_mapping.py
[2025-03-27T17:06:04.668+0000] {processor.py:925} INFO - DAG(s) 'example_dynamic_task_mapping' retrieved from /home/ubuntu/customer_churn_youtube_venv/lib/python3.12/site-packages/airflow/example_dags/example_dynamic_task_mapping.py
[2025-03-27T17:06:04.684+0000] {logging_mixin.py:190} INFO - [2025-03-27T17:06:04.684+0000] {dag.py:3239} INFO - Sync 1 DAGs
[2025-03-27T17:06:04.697+0000] {logging_mixin.py:190} INFO - [2025-03-27T17:06:04.696+0000] {dag.py:4180} INFO - Setting next_dagrun for example_dynamic_task_mapping to None, run_after=None
[2025-03-27T17:06:04.719+0000] {processor.py:208} INFO - Processing /home/ubuntu/customer_churn_youtube_venv/lib/python3.12/site-packages/airflow/example_dags/example_dynamic_task_mapping.py took 0.071 seconds
[2025-03-27T17:06:58.070+0000] {processor.py:186} INFO - Started process (PID=8808) to work on /home/ubuntu/customer_churn_youtube_venv/lib/python3.12/site-packages/airflow/example_dags/example_dynamic_task_mapping.py
[2025-03-27T17:06:58.073+0000] {processor.py:914} INFO - Processing file /home/ubuntu/customer_churn_youtube_venv/lib/python3.12/site-packages/airflow/example_dags/example_dynamic_task_mapping.py for tasks to queue
[2025-03-27T17:06:58.074+0000] {logging_mixin.py:190} INFO - [2025-03-27T17:06:58.074+0000] {dagbag.py:588} INFO - Filling up the DagBag from /home/ubuntu/customer_churn_youtube_venv/lib/python3.12/site-packages/airflow/example_dags/example_dynamic_task_mapping.py
[2025-03-27T17:06:58.084+0000] {processor.py:925} INFO - DAG(s) 'example_dynamic_task_mapping' retrieved from /home/ubuntu/customer_churn_youtube_venv/lib/python3.12/site-packages/airflow/example_dags/example_dynamic_task_mapping.py
[2025-03-27T17:06:58.099+0000] {logging_mixin.py:190} INFO - [2025-03-27T17:06:58.099+0000] {dag.py:3239} INFO - Sync 1 DAGs
[2025-03-27T17:06:58.111+0000] {logging_mixin.py:190} INFO - [2025-03-27T17:06:58.111+0000] {dag.py:4180} INFO - Setting next_dagrun for example_dynamic_task_mapping to None, run_after=None
[2025-03-27T17:06:58.133+0000] {processor.py:208} INFO - Processing /home/ubuntu/customer_churn_youtube_venv/lib/python3.12/site-packages/airflow/example_dags/example_dynamic_task_mapping.py took 0.068 seconds
[2025-03-27T17:07:50.832+0000] {processor.py:186} INFO - Started process (PID=8873) to work on /home/ubuntu/customer_churn_youtube_venv/lib/python3.12/site-packages/airflow/example_dags/example_dynamic_task_mapping.py
[2025-03-27T17:07:50.834+0000] {processor.py:914} INFO - Processing file /home/ubuntu/customer_churn_youtube_venv/lib/python3.12/site-packages/airflow/example_dags/example_dynamic_task_mapping.py for tasks to queue
[2025-03-27T17:07:50.836+0000] {logging_mixin.py:190} INFO - [2025-03-27T17:07:50.836+0000] {dagbag.py:588} INFO - Filling up the DagBag from /home/ubuntu/customer_churn_youtube_venv/lib/python3.12/site-packages/airflow/example_dags/example_dynamic_task_mapping.py
[2025-03-27T17:07:50.845+0000] {processor.py:925} INFO - DAG(s) 'example_dynamic_task_mapping' retrieved from /home/ubuntu/customer_churn_youtube_venv/lib/python3.12/site-packages/airflow/example_dags/example_dynamic_task_mapping.py
[2025-03-27T17:07:50.860+0000] {logging_mixin.py:190} INFO - [2025-03-27T17:07:50.860+0000] {dag.py:3239} INFO - Sync 1 DAGs
[2025-03-27T17:07:50.871+0000] {logging_mixin.py:190} INFO - [2025-03-27T17:07:50.871+0000] {dag.py:4180} INFO - Setting next_dagrun for example_dynamic_task_mapping to None, run_after=None
[2025-03-27T17:07:50.894+0000] {processor.py:208} INFO - Processing /home/ubuntu/customer_churn_youtube_venv/lib/python3.12/site-packages/airflow/example_dags/example_dynamic_task_mapping.py took 0.068 seconds
[2025-03-27T17:08:43.364+0000] {processor.py:186} INFO - Started process (PID=8930) to work on /home/ubuntu/customer_churn_youtube_venv/lib/python3.12/site-packages/airflow/example_dags/example_dynamic_task_mapping.py
[2025-03-27T17:08:43.366+0000] {processor.py:914} INFO - Processing file /home/ubuntu/customer_churn_youtube_venv/lib/python3.12/site-packages/airflow/example_dags/example_dynamic_task_mapping.py for tasks to queue
[2025-03-27T17:08:43.368+0000] {logging_mixin.py:190} INFO - [2025-03-27T17:08:43.368+0000] {dagbag.py:588} INFO - Filling up the DagBag from /home/ubuntu/customer_churn_youtube_venv/lib/python3.12/site-packages/airflow/example_dags/example_dynamic_task_mapping.py
[2025-03-27T17:08:43.378+0000] {processor.py:925} INFO - DAG(s) 'example_dynamic_task_mapping' retrieved from /home/ubuntu/customer_churn_youtube_venv/lib/python3.12/site-packages/airflow/example_dags/example_dynamic_task_mapping.py
[2025-03-27T17:08:43.394+0000] {logging_mixin.py:190} INFO - [2025-03-27T17:08:43.394+0000] {dag.py:3239} INFO - Sync 1 DAGs
[2025-03-27T17:08:43.406+0000] {logging_mixin.py:190} INFO - [2025-03-27T17:08:43.406+0000] {dag.py:4180} INFO - Setting next_dagrun for example_dynamic_task_mapping to None, run_after=None
[2025-03-27T17:08:43.428+0000] {processor.py:208} INFO - Processing /home/ubuntu/customer_churn_youtube_venv/lib/python3.12/site-packages/airflow/example_dags/example_dynamic_task_mapping.py took 0.069 seconds
[2025-03-27T17:10:02.835+0000] {processor.py:186} INFO - Started process (PID=9019) to work on /home/ubuntu/customer_churn_youtube_venv/lib/python3.12/site-packages/airflow/example_dags/example_dynamic_task_mapping.py
[2025-03-27T17:10:02.837+0000] {processor.py:914} INFO - Processing file /home/ubuntu/customer_churn_youtube_venv/lib/python3.12/site-packages/airflow/example_dags/example_dynamic_task_mapping.py for tasks to queue
[2025-03-27T17:10:02.839+0000] {logging_mixin.py:190} INFO - [2025-03-27T17:10:02.838+0000] {dagbag.py:588} INFO - Filling up the DagBag from /home/ubuntu/customer_churn_youtube_venv/lib/python3.12/site-packages/airflow/example_dags/example_dynamic_task_mapping.py
[2025-03-27T17:10:02.848+0000] {processor.py:925} INFO - DAG(s) 'example_dynamic_task_mapping' retrieved from /home/ubuntu/customer_churn_youtube_venv/lib/python3.12/site-packages/airflow/example_dags/example_dynamic_task_mapping.py
[2025-03-27T17:10:02.864+0000] {logging_mixin.py:190} INFO - [2025-03-27T17:10:02.863+0000] {dag.py:3239} INFO - Sync 1 DAGs
[2025-03-27T17:10:02.876+0000] {logging_mixin.py:190} INFO - [2025-03-27T17:10:02.875+0000] {dag.py:4180} INFO - Setting next_dagrun for example_dynamic_task_mapping to None, run_after=None
[2025-03-27T17:10:02.898+0000] {processor.py:208} INFO - Processing /home/ubuntu/customer_churn_youtube_venv/lib/python3.12/site-packages/airflow/example_dags/example_dynamic_task_mapping.py took 0.069 seconds
[2025-03-27T17:10:57.331+0000] {processor.py:186} INFO - Started process (PID=9079) to work on /home/ubuntu/customer_churn_youtube_venv/lib/python3.12/site-packages/airflow/example_dags/example_dynamic_task_mapping.py
[2025-03-27T17:10:57.333+0000] {processor.py:914} INFO - Processing file /home/ubuntu/customer_churn_youtube_venv/lib/python3.12/site-packages/airflow/example_dags/example_dynamic_task_mapping.py for tasks to queue
[2025-03-27T17:10:57.335+0000] {logging_mixin.py:190} INFO - [2025-03-27T17:10:57.334+0000] {dagbag.py:588} INFO - Filling up the DagBag from /home/ubuntu/customer_churn_youtube_venv/lib/python3.12/site-packages/airflow/example_dags/example_dynamic_task_mapping.py
[2025-03-27T17:10:57.344+0000] {processor.py:925} INFO - DAG(s) 'example_dynamic_task_mapping' retrieved from /home/ubuntu/customer_churn_youtube_venv/lib/python3.12/site-packages/airflow/example_dags/example_dynamic_task_mapping.py
[2025-03-27T17:10:57.358+0000] {logging_mixin.py:190} INFO - [2025-03-27T17:10:57.358+0000] {dag.py:3239} INFO - Sync 1 DAGs
[2025-03-27T17:10:57.370+0000] {logging_mixin.py:190} INFO - [2025-03-27T17:10:57.370+0000] {dag.py:4180} INFO - Setting next_dagrun for example_dynamic_task_mapping to None, run_after=None
[2025-03-27T17:10:57.394+0000] {processor.py:208} INFO - Processing /home/ubuntu/customer_churn_youtube_venv/lib/python3.12/site-packages/airflow/example_dags/example_dynamic_task_mapping.py took 0.069 seconds
[2025-03-27T17:11:51.752+0000] {processor.py:186} INFO - Started process (PID=9139) to work on /home/ubuntu/customer_churn_youtube_venv/lib/python3.12/site-packages/airflow/example_dags/example_dynamic_task_mapping.py
[2025-03-27T17:11:51.754+0000] {processor.py:914} INFO - Processing file /home/ubuntu/customer_churn_youtube_venv/lib/python3.12/site-packages/airflow/example_dags/example_dynamic_task_mapping.py for tasks to queue
[2025-03-27T17:11:51.757+0000] {logging_mixin.py:190} INFO - [2025-03-27T17:11:51.755+0000] {dagbag.py:588} INFO - Filling up the DagBag from /home/ubuntu/customer_churn_youtube_venv/lib/python3.12/site-packages/airflow/example_dags/example_dynamic_task_mapping.py
[2025-03-27T17:11:51.765+0000] {processor.py:925} INFO - DAG(s) 'example_dynamic_task_mapping' retrieved from /home/ubuntu/customer_churn_youtube_venv/lib/python3.12/site-packages/airflow/example_dags/example_dynamic_task_mapping.py
[2025-03-27T17:11:51.780+0000] {logging_mixin.py:190} INFO - [2025-03-27T17:11:51.780+0000] {dag.py:3239} INFO - Sync 1 DAGs
[2025-03-27T17:11:51.794+0000] {logging_mixin.py:190} INFO - [2025-03-27T17:11:51.793+0000] {dag.py:4180} INFO - Setting next_dagrun for example_dynamic_task_mapping to None, run_after=None
[2025-03-27T17:11:51.814+0000] {processor.py:208} INFO - Processing /home/ubuntu/customer_churn_youtube_venv/lib/python3.12/site-packages/airflow/example_dags/example_dynamic_task_mapping.py took 0.068 seconds
[2025-03-27T17:12:46.821+0000] {processor.py:186} INFO - Started process (PID=9208) to work on /home/ubuntu/customer_churn_youtube_venv/lib/python3.12/site-packages/airflow/example_dags/example_dynamic_task_mapping.py
[2025-03-27T17:12:46.823+0000] {processor.py:914} INFO - Processing file /home/ubuntu/customer_churn_youtube_venv/lib/python3.12/site-packages/airflow/example_dags/example_dynamic_task_mapping.py for tasks to queue
[2025-03-27T17:12:46.825+0000] {logging_mixin.py:190} INFO - [2025-03-27T17:12:46.824+0000] {dagbag.py:588} INFO - Filling up the DagBag from /home/ubuntu/customer_churn_youtube_venv/lib/python3.12/site-packages/airflow/example_dags/example_dynamic_task_mapping.py
[2025-03-27T17:12:46.834+0000] {processor.py:925} INFO - DAG(s) 'example_dynamic_task_mapping' retrieved from /home/ubuntu/customer_churn_youtube_venv/lib/python3.12/site-packages/airflow/example_dags/example_dynamic_task_mapping.py
[2025-03-27T17:12:46.849+0000] {logging_mixin.py:190} INFO - [2025-03-27T17:12:46.849+0000] {dag.py:3239} INFO - Sync 1 DAGs
[2025-03-27T17:12:46.861+0000] {logging_mixin.py:190} INFO - [2025-03-27T17:12:46.861+0000] {dag.py:4180} INFO - Setting next_dagrun for example_dynamic_task_mapping to None, run_after=None
[2025-03-27T17:12:46.882+0000] {processor.py:208} INFO - Processing /home/ubuntu/customer_churn_youtube_venv/lib/python3.12/site-packages/airflow/example_dags/example_dynamic_task_mapping.py took 0.067 seconds
[2025-03-27T17:14:02.824+0000] {processor.py:186} INFO - Started process (PID=9291) to work on /home/ubuntu/customer_churn_youtube_venv/lib/python3.12/site-packages/airflow/example_dags/example_dynamic_task_mapping.py
[2025-03-27T17:14:02.826+0000] {processor.py:914} INFO - Processing file /home/ubuntu/customer_churn_youtube_venv/lib/python3.12/site-packages/airflow/example_dags/example_dynamic_task_mapping.py for tasks to queue
[2025-03-27T17:14:02.829+0000] {logging_mixin.py:190} INFO - [2025-03-27T17:14:02.829+0000] {dagbag.py:588} INFO - Filling up the DagBag from /home/ubuntu/customer_churn_youtube_venv/lib/python3.12/site-packages/airflow/example_dags/example_dynamic_task_mapping.py
[2025-03-27T17:14:02.838+0000] {processor.py:925} INFO - DAG(s) 'example_dynamic_task_mapping' retrieved from /home/ubuntu/customer_churn_youtube_venv/lib/python3.12/site-packages/airflow/example_dags/example_dynamic_task_mapping.py
[2025-03-27T17:14:02.853+0000] {logging_mixin.py:190} INFO - [2025-03-27T17:14:02.853+0000] {dag.py:3239} INFO - Sync 1 DAGs
[2025-03-27T17:14:02.865+0000] {logging_mixin.py:190} INFO - [2025-03-27T17:14:02.865+0000] {dag.py:4180} INFO - Setting next_dagrun for example_dynamic_task_mapping to None, run_after=None
[2025-03-27T17:14:02.888+0000] {processor.py:208} INFO - Processing /home/ubuntu/customer_churn_youtube_venv/lib/python3.12/site-packages/airflow/example_dags/example_dynamic_task_mapping.py took 0.070 seconds
