[2025-03-27T16:09:33.697+0000] {processor.py:186} INFO - Started process (PID=3115) to work on /home/ubuntu/customer_churn_youtube_venv/lib/python3.12/site-packages/airflow/example_dags/example_branch_python_dop_operator_3.py
[2025-03-27T16:09:33.698+0000] {processor.py:914} INFO - Processing file /home/ubuntu/customer_churn_youtube_venv/lib/python3.12/site-packages/airflow/example_dags/example_branch_python_dop_operator_3.py for tasks to queue
[2025-03-27T16:09:33.701+0000] {logging_mixin.py:190} INFO - [2025-03-27T16:09:33.700+0000] {dagbag.py:588} INFO - Filling up the DagBag from /home/ubuntu/customer_churn_youtube_venv/lib/python3.12/site-packages/airflow/example_dags/example_branch_python_dop_operator_3.py
[2025-03-27T16:09:33.712+0000] {processor.py:925} INFO - DAG(s) 'example_branch_dop_operator_v3' retrieved from /home/ubuntu/customer_churn_youtube_venv/lib/python3.12/site-packages/airflow/example_dags/example_branch_python_dop_operator_3.py
[2025-03-27T16:09:33.726+0000] {logging_mixin.py:190} INFO - [2025-03-27T16:09:33.726+0000] {dag.py:3239} INFO - Sync 1 DAGs
[2025-03-27T16:09:33.747+0000] {logging_mixin.py:190} INFO - [2025-03-27T16:09:33.747+0000] {dag.py:4180} INFO - Setting next_dagrun for example_branch_dop_operator_v3 to 2025-03-27 16:08:00+00:00, run_after=2025-03-27 16:09:00+00:00
[2025-03-27T16:09:33.768+0000] {processor.py:208} INFO - Processing /home/ubuntu/customer_churn_youtube_venv/lib/python3.12/site-packages/airflow/example_dags/example_branch_python_dop_operator_3.py took 0.078 seconds
[2025-03-27T16:10:29.221+0000] {processor.py:186} INFO - Started process (PID=3178) to work on /home/ubuntu/customer_churn_youtube_venv/lib/python3.12/site-packages/airflow/example_dags/example_branch_python_dop_operator_3.py
[2025-03-27T16:10:29.223+0000] {processor.py:914} INFO - Processing file /home/ubuntu/customer_churn_youtube_venv/lib/python3.12/site-packages/airflow/example_dags/example_branch_python_dop_operator_3.py for tasks to queue
[2025-03-27T16:10:29.225+0000] {logging_mixin.py:190} INFO - [2025-03-27T16:10:29.225+0000] {dagbag.py:588} INFO - Filling up the DagBag from /home/ubuntu/customer_churn_youtube_venv/lib/python3.12/site-packages/airflow/example_dags/example_branch_python_dop_operator_3.py
[2025-03-27T16:10:29.236+0000] {processor.py:925} INFO - DAG(s) 'example_branch_dop_operator_v3' retrieved from /home/ubuntu/customer_churn_youtube_venv/lib/python3.12/site-packages/airflow/example_dags/example_branch_python_dop_operator_3.py
[2025-03-27T16:10:29.250+0000] {logging_mixin.py:190} INFO - [2025-03-27T16:10:29.249+0000] {dag.py:3239} INFO - Sync 1 DAGs
[2025-03-27T16:10:29.271+0000] {logging_mixin.py:190} INFO - [2025-03-27T16:10:29.271+0000] {dag.py:4180} INFO - Setting next_dagrun for example_branch_dop_operator_v3 to 2025-03-27 16:09:00+00:00, run_after=2025-03-27 16:10:00+00:00
[2025-03-27T16:10:29.289+0000] {processor.py:208} INFO - Processing /home/ubuntu/customer_churn_youtube_venv/lib/python3.12/site-packages/airflow/example_dags/example_branch_python_dop_operator_3.py took 0.074 seconds
[2025-03-27T16:11:49.659+0000] {processor.py:186} INFO - Started process (PID=3278) to work on /home/ubuntu/customer_churn_youtube_venv/lib/python3.12/site-packages/airflow/example_dags/example_branch_python_dop_operator_3.py
[2025-03-27T16:11:49.661+0000] {processor.py:914} INFO - Processing file /home/ubuntu/customer_churn_youtube_venv/lib/python3.12/site-packages/airflow/example_dags/example_branch_python_dop_operator_3.py for tasks to queue
[2025-03-27T16:11:49.663+0000] {logging_mixin.py:190} INFO - [2025-03-27T16:11:49.662+0000] {dagbag.py:588} INFO - Filling up the DagBag from /home/ubuntu/customer_churn_youtube_venv/lib/python3.12/site-packages/airflow/example_dags/example_branch_python_dop_operator_3.py
[2025-03-27T16:11:49.673+0000] {processor.py:925} INFO - DAG(s) 'example_branch_dop_operator_v3' retrieved from /home/ubuntu/customer_churn_youtube_venv/lib/python3.12/site-packages/airflow/example_dags/example_branch_python_dop_operator_3.py
[2025-03-27T16:11:49.688+0000] {logging_mixin.py:190} INFO - [2025-03-27T16:11:49.687+0000] {dag.py:3239} INFO - Sync 1 DAGs
[2025-03-27T16:11:49.711+0000] {logging_mixin.py:190} INFO - [2025-03-27T16:11:49.711+0000] {dag.py:4180} INFO - Setting next_dagrun for example_branch_dop_operator_v3 to 2025-03-27 16:10:00+00:00, run_after=2025-03-27 16:11:00+00:00
[2025-03-27T16:11:49.731+0000] {processor.py:208} INFO - Processing /home/ubuntu/customer_churn_youtube_venv/lib/python3.12/site-packages/airflow/example_dags/example_branch_python_dop_operator_3.py took 0.076 seconds
[2025-03-27T16:12:47.551+0000] {processor.py:186} INFO - Started process (PID=3339) to work on /home/ubuntu/customer_churn_youtube_venv/lib/python3.12/site-packages/airflow/example_dags/example_branch_python_dop_operator_3.py
[2025-03-27T16:12:47.553+0000] {processor.py:914} INFO - Processing file /home/ubuntu/customer_churn_youtube_venv/lib/python3.12/site-packages/airflow/example_dags/example_branch_python_dop_operator_3.py for tasks to queue
[2025-03-27T16:12:47.554+0000] {logging_mixin.py:190} INFO - [2025-03-27T16:12:47.554+0000] {dagbag.py:588} INFO - Filling up the DagBag from /home/ubuntu/customer_churn_youtube_venv/lib/python3.12/site-packages/airflow/example_dags/example_branch_python_dop_operator_3.py
[2025-03-27T16:12:47.565+0000] {processor.py:925} INFO - DAG(s) 'example_branch_dop_operator_v3' retrieved from /home/ubuntu/customer_churn_youtube_venv/lib/python3.12/site-packages/airflow/example_dags/example_branch_python_dop_operator_3.py
[2025-03-27T16:12:47.580+0000] {logging_mixin.py:190} INFO - [2025-03-27T16:12:47.579+0000] {dag.py:3239} INFO - Sync 1 DAGs
[2025-03-27T16:12:47.600+0000] {logging_mixin.py:190} INFO - [2025-03-27T16:12:47.600+0000] {dag.py:4180} INFO - Setting next_dagrun for example_branch_dop_operator_v3 to 2025-03-27 16:11:00+00:00, run_after=2025-03-27 16:12:00+00:00
[2025-03-27T16:12:47.622+0000] {processor.py:208} INFO - Processing /home/ubuntu/customer_churn_youtube_venv/lib/python3.12/site-packages/airflow/example_dags/example_branch_python_dop_operator_3.py took 0.077 seconds
[2025-03-27T16:13:39.736+0000] {processor.py:186} INFO - Started process (PID=3409) to work on /home/ubuntu/customer_churn_youtube_venv/lib/python3.12/site-packages/airflow/example_dags/example_branch_python_dop_operator_3.py
[2025-03-27T16:13:39.738+0000] {processor.py:914} INFO - Processing file /home/ubuntu/customer_churn_youtube_venv/lib/python3.12/site-packages/airflow/example_dags/example_branch_python_dop_operator_3.py for tasks to queue
[2025-03-27T16:13:39.740+0000] {logging_mixin.py:190} INFO - [2025-03-27T16:13:39.739+0000] {dagbag.py:588} INFO - Filling up the DagBag from /home/ubuntu/customer_churn_youtube_venv/lib/python3.12/site-packages/airflow/example_dags/example_branch_python_dop_operator_3.py
[2025-03-27T16:13:39.750+0000] {processor.py:925} INFO - DAG(s) 'example_branch_dop_operator_v3' retrieved from /home/ubuntu/customer_churn_youtube_venv/lib/python3.12/site-packages/airflow/example_dags/example_branch_python_dop_operator_3.py
[2025-03-27T16:13:39.765+0000] {logging_mixin.py:190} INFO - [2025-03-27T16:13:39.764+0000] {dag.py:3239} INFO - Sync 1 DAGs
[2025-03-27T16:13:39.788+0000] {logging_mixin.py:190} INFO - [2025-03-27T16:13:39.787+0000] {dag.py:4180} INFO - Setting next_dagrun for example_branch_dop_operator_v3 to 2025-03-27 16:12:00+00:00, run_after=2025-03-27 16:13:00+00:00
[2025-03-27T16:13:39.808+0000] {processor.py:208} INFO - Processing /home/ubuntu/customer_churn_youtube_venv/lib/python3.12/site-packages/airflow/example_dags/example_branch_python_dop_operator_3.py took 0.077 seconds
[2025-03-27T16:14:55.252+0000] {processor.py:186} INFO - Started process (PID=3503) to work on /home/ubuntu/customer_churn_youtube_venv/lib/python3.12/site-packages/airflow/example_dags/example_branch_python_dop_operator_3.py
[2025-03-27T16:14:55.254+0000] {processor.py:914} INFO - Processing file /home/ubuntu/customer_churn_youtube_venv/lib/python3.12/site-packages/airflow/example_dags/example_branch_python_dop_operator_3.py for tasks to queue
[2025-03-27T16:14:55.256+0000] {logging_mixin.py:190} INFO - [2025-03-27T16:14:55.256+0000] {dagbag.py:588} INFO - Filling up the DagBag from /home/ubuntu/customer_churn_youtube_venv/lib/python3.12/site-packages/airflow/example_dags/example_branch_python_dop_operator_3.py
[2025-03-27T16:14:55.265+0000] {processor.py:925} INFO - DAG(s) 'example_branch_dop_operator_v3' retrieved from /home/ubuntu/customer_churn_youtube_venv/lib/python3.12/site-packages/airflow/example_dags/example_branch_python_dop_operator_3.py
[2025-03-27T16:14:55.280+0000] {logging_mixin.py:190} INFO - [2025-03-27T16:14:55.280+0000] {dag.py:3239} INFO - Sync 1 DAGs
[2025-03-27T16:14:55.425+0000] {logging_mixin.py:190} INFO - [2025-03-27T16:14:55.425+0000] {dag.py:4180} INFO - Setting next_dagrun for example_branch_dop_operator_v3 to 2025-03-27 16:13:00+00:00, run_after=2025-03-27 16:14:00+00:00
[2025-03-27T16:14:55.445+0000] {processor.py:208} INFO - Processing /home/ubuntu/customer_churn_youtube_venv/lib/python3.12/site-packages/airflow/example_dags/example_branch_python_dop_operator_3.py took 0.199 seconds
[2025-03-27T16:15:52.161+0000] {processor.py:186} INFO - Started process (PID=3567) to work on /home/ubuntu/customer_churn_youtube_venv/lib/python3.12/site-packages/airflow/example_dags/example_branch_python_dop_operator_3.py
[2025-03-27T16:15:52.162+0000] {processor.py:914} INFO - Processing file /home/ubuntu/customer_churn_youtube_venv/lib/python3.12/site-packages/airflow/example_dags/example_branch_python_dop_operator_3.py for tasks to queue
[2025-03-27T16:15:52.164+0000] {logging_mixin.py:190} INFO - [2025-03-27T16:15:52.164+0000] {dagbag.py:588} INFO - Filling up the DagBag from /home/ubuntu/customer_churn_youtube_venv/lib/python3.12/site-packages/airflow/example_dags/example_branch_python_dop_operator_3.py
[2025-03-27T16:15:52.176+0000] {processor.py:925} INFO - DAG(s) 'example_branch_dop_operator_v3' retrieved from /home/ubuntu/customer_churn_youtube_venv/lib/python3.12/site-packages/airflow/example_dags/example_branch_python_dop_operator_3.py
[2025-03-27T16:15:52.192+0000] {logging_mixin.py:190} INFO - [2025-03-27T16:15:52.191+0000] {dag.py:3239} INFO - Sync 1 DAGs
[2025-03-27T16:15:52.213+0000] {logging_mixin.py:190} INFO - [2025-03-27T16:15:52.213+0000] {dag.py:4180} INFO - Setting next_dagrun for example_branch_dop_operator_v3 to 2025-03-27 16:14:00+00:00, run_after=2025-03-27 16:15:00+00:00
[2025-03-27T16:15:52.236+0000] {processor.py:208} INFO - Processing /home/ubuntu/customer_churn_youtube_venv/lib/python3.12/site-packages/airflow/example_dags/example_branch_python_dop_operator_3.py took 0.081 seconds
[2025-03-27T16:16:48.135+0000] {processor.py:186} INFO - Started process (PID=3641) to work on /home/ubuntu/customer_churn_youtube_venv/lib/python3.12/site-packages/airflow/example_dags/example_branch_python_dop_operator_3.py
[2025-03-27T16:16:48.137+0000] {processor.py:914} INFO - Processing file /home/ubuntu/customer_churn_youtube_venv/lib/python3.12/site-packages/airflow/example_dags/example_branch_python_dop_operator_3.py for tasks to queue
[2025-03-27T16:16:48.139+0000] {logging_mixin.py:190} INFO - [2025-03-27T16:16:48.139+0000] {dagbag.py:588} INFO - Filling up the DagBag from /home/ubuntu/customer_churn_youtube_venv/lib/python3.12/site-packages/airflow/example_dags/example_branch_python_dop_operator_3.py
[2025-03-27T16:16:48.150+0000] {processor.py:925} INFO - DAG(s) 'example_branch_dop_operator_v3' retrieved from /home/ubuntu/customer_churn_youtube_venv/lib/python3.12/site-packages/airflow/example_dags/example_branch_python_dop_operator_3.py
[2025-03-27T16:16:48.164+0000] {logging_mixin.py:190} INFO - [2025-03-27T16:16:48.164+0000] {dag.py:3239} INFO - Sync 1 DAGs
[2025-03-27T16:16:48.188+0000] {logging_mixin.py:190} INFO - [2025-03-27T16:16:48.187+0000] {dag.py:4180} INFO - Setting next_dagrun for example_branch_dop_operator_v3 to 2025-03-27 16:15:00+00:00, run_after=2025-03-27 16:16:00+00:00
[2025-03-27T16:16:48.210+0000] {processor.py:208} INFO - Processing /home/ubuntu/customer_churn_youtube_venv/lib/python3.12/site-packages/airflow/example_dags/example_branch_python_dop_operator_3.py took 0.080 seconds
[2025-03-27T16:18:05.433+0000] {processor.py:186} INFO - Started process (PID=3737) to work on /home/ubuntu/customer_churn_youtube_venv/lib/python3.12/site-packages/airflow/example_dags/example_branch_python_dop_operator_3.py
[2025-03-27T16:18:05.435+0000] {processor.py:914} INFO - Processing file /home/ubuntu/customer_churn_youtube_venv/lib/python3.12/site-packages/airflow/example_dags/example_branch_python_dop_operator_3.py for tasks to queue
[2025-03-27T16:18:05.436+0000] {logging_mixin.py:190} INFO - [2025-03-27T16:18:05.436+0000] {dagbag.py:588} INFO - Filling up the DagBag from /home/ubuntu/customer_churn_youtube_venv/lib/python3.12/site-packages/airflow/example_dags/example_branch_python_dop_operator_3.py
[2025-03-27T16:18:05.447+0000] {processor.py:925} INFO - DAG(s) 'example_branch_dop_operator_v3' retrieved from /home/ubuntu/customer_churn_youtube_venv/lib/python3.12/site-packages/airflow/example_dags/example_branch_python_dop_operator_3.py
[2025-03-27T16:18:05.463+0000] {logging_mixin.py:190} INFO - [2025-03-27T16:18:05.463+0000] {dag.py:3239} INFO - Sync 1 DAGs
[2025-03-27T16:18:05.484+0000] {logging_mixin.py:190} INFO - [2025-03-27T16:18:05.484+0000] {dag.py:4180} INFO - Setting next_dagrun for example_branch_dop_operator_v3 to 2025-03-27 16:17:00+00:00, run_after=2025-03-27 16:18:00+00:00
[2025-03-27T16:18:05.506+0000] {processor.py:208} INFO - Processing /home/ubuntu/customer_churn_youtube_venv/lib/python3.12/site-packages/airflow/example_dags/example_branch_python_dop_operator_3.py took 0.078 seconds
[2025-03-27T16:19:24.055+0000] {processor.py:186} INFO - Started process (PID=3820) to work on /home/ubuntu/customer_churn_youtube_venv/lib/python3.12/site-packages/airflow/example_dags/example_branch_python_dop_operator_3.py
[2025-03-27T16:19:24.058+0000] {processor.py:914} INFO - Processing file /home/ubuntu/customer_churn_youtube_venv/lib/python3.12/site-packages/airflow/example_dags/example_branch_python_dop_operator_3.py for tasks to queue
[2025-03-27T16:19:24.060+0000] {logging_mixin.py:190} INFO - [2025-03-27T16:19:24.059+0000] {dagbag.py:588} INFO - Filling up the DagBag from /home/ubuntu/customer_churn_youtube_venv/lib/python3.12/site-packages/airflow/example_dags/example_branch_python_dop_operator_3.py
[2025-03-27T16:19:24.071+0000] {processor.py:925} INFO - DAG(s) 'example_branch_dop_operator_v3' retrieved from /home/ubuntu/customer_churn_youtube_venv/lib/python3.12/site-packages/airflow/example_dags/example_branch_python_dop_operator_3.py
[2025-03-27T16:19:24.085+0000] {logging_mixin.py:190} INFO - [2025-03-27T16:19:24.085+0000] {dag.py:3239} INFO - Sync 1 DAGs
[2025-03-27T16:19:24.110+0000] {logging_mixin.py:190} INFO - [2025-03-27T16:19:24.110+0000] {dag.py:4180} INFO - Setting next_dagrun for example_branch_dop_operator_v3 to 2025-03-27 16:18:00+00:00, run_after=2025-03-27 16:19:00+00:00
[2025-03-27T16:19:24.131+0000] {processor.py:208} INFO - Processing /home/ubuntu/customer_churn_youtube_venv/lib/python3.12/site-packages/airflow/example_dags/example_branch_python_dop_operator_3.py took 0.081 seconds
[2025-03-27T16:20:41.385+0000] {processor.py:186} INFO - Started process (PID=3947) to work on /home/ubuntu/customer_churn_youtube_venv/lib/python3.12/site-packages/airflow/example_dags/example_branch_python_dop_operator_3.py
[2025-03-27T16:20:41.387+0000] {processor.py:914} INFO - Processing file /home/ubuntu/customer_churn_youtube_venv/lib/python3.12/site-packages/airflow/example_dags/example_branch_python_dop_operator_3.py for tasks to queue
[2025-03-27T16:20:41.389+0000] {logging_mixin.py:190} INFO - [2025-03-27T16:20:41.388+0000] {dagbag.py:588} INFO - Filling up the DagBag from /home/ubuntu/customer_churn_youtube_venv/lib/python3.12/site-packages/airflow/example_dags/example_branch_python_dop_operator_3.py
[2025-03-27T16:20:41.400+0000] {processor.py:925} INFO - DAG(s) 'example_branch_dop_operator_v3' retrieved from /home/ubuntu/customer_churn_youtube_venv/lib/python3.12/site-packages/airflow/example_dags/example_branch_python_dop_operator_3.py
[2025-03-27T16:20:41.415+0000] {logging_mixin.py:190} INFO - [2025-03-27T16:20:41.415+0000] {dag.py:3239} INFO - Sync 1 DAGs
[2025-03-27T16:20:41.437+0000] {logging_mixin.py:190} INFO - [2025-03-27T16:20:41.437+0000] {dag.py:4180} INFO - Setting next_dagrun for example_branch_dop_operator_v3 to 2025-03-27 16:19:00+00:00, run_after=2025-03-27 16:20:00+00:00
[2025-03-27T16:20:41.459+0000] {processor.py:208} INFO - Processing /home/ubuntu/customer_churn_youtube_venv/lib/python3.12/site-packages/airflow/example_dags/example_branch_python_dop_operator_3.py took 0.080 seconds
[2025-03-27T16:21:59.743+0000] {processor.py:186} INFO - Started process (PID=4507) to work on /home/ubuntu/customer_churn_youtube_venv/lib/python3.12/site-packages/airflow/example_dags/example_branch_python_dop_operator_3.py
[2025-03-27T16:21:59.746+0000] {processor.py:914} INFO - Processing file /home/ubuntu/customer_churn_youtube_venv/lib/python3.12/site-packages/airflow/example_dags/example_branch_python_dop_operator_3.py for tasks to queue
[2025-03-27T16:21:59.747+0000] {logging_mixin.py:190} INFO - [2025-03-27T16:21:59.747+0000] {dagbag.py:588} INFO - Filling up the DagBag from /home/ubuntu/customer_churn_youtube_venv/lib/python3.12/site-packages/airflow/example_dags/example_branch_python_dop_operator_3.py
[2025-03-27T16:21:59.758+0000] {processor.py:925} INFO - DAG(s) 'example_branch_dop_operator_v3' retrieved from /home/ubuntu/customer_churn_youtube_venv/lib/python3.12/site-packages/airflow/example_dags/example_branch_python_dop_operator_3.py
[2025-03-27T16:21:59.774+0000] {logging_mixin.py:190} INFO - [2025-03-27T16:21:59.774+0000] {dag.py:3239} INFO - Sync 1 DAGs
[2025-03-27T16:21:59.796+0000] {logging_mixin.py:190} INFO - [2025-03-27T16:21:59.796+0000] {dag.py:4180} INFO - Setting next_dagrun for example_branch_dop_operator_v3 to 2025-03-27 16:20:00+00:00, run_after=2025-03-27 16:21:00+00:00
[2025-03-27T16:21:59.818+0000] {processor.py:208} INFO - Processing /home/ubuntu/customer_churn_youtube_venv/lib/python3.12/site-packages/airflow/example_dags/example_branch_python_dop_operator_3.py took 0.080 seconds
[2025-03-27T16:22:56.313+0000] {processor.py:186} INFO - Started process (PID=4564) to work on /home/ubuntu/customer_churn_youtube_venv/lib/python3.12/site-packages/airflow/example_dags/example_branch_python_dop_operator_3.py
[2025-03-27T16:22:56.315+0000] {processor.py:914} INFO - Processing file /home/ubuntu/customer_churn_youtube_venv/lib/python3.12/site-packages/airflow/example_dags/example_branch_python_dop_operator_3.py for tasks to queue
[2025-03-27T16:22:56.316+0000] {logging_mixin.py:190} INFO - [2025-03-27T16:22:56.316+0000] {dagbag.py:588} INFO - Filling up the DagBag from /home/ubuntu/customer_churn_youtube_venv/lib/python3.12/site-packages/airflow/example_dags/example_branch_python_dop_operator_3.py
[2025-03-27T16:22:56.328+0000] {processor.py:925} INFO - DAG(s) 'example_branch_dop_operator_v3' retrieved from /home/ubuntu/customer_churn_youtube_venv/lib/python3.12/site-packages/airflow/example_dags/example_branch_python_dop_operator_3.py
[2025-03-27T16:22:56.344+0000] {logging_mixin.py:190} INFO - [2025-03-27T16:22:56.344+0000] {dag.py:3239} INFO - Sync 1 DAGs
[2025-03-27T16:22:56.368+0000] {logging_mixin.py:190} INFO - [2025-03-27T16:22:56.368+0000] {dag.py:4180} INFO - Setting next_dagrun for example_branch_dop_operator_v3 to 2025-03-27 16:21:00+00:00, run_after=2025-03-27 16:22:00+00:00
[2025-03-27T16:22:56.391+0000] {processor.py:208} INFO - Processing /home/ubuntu/customer_churn_youtube_venv/lib/python3.12/site-packages/airflow/example_dags/example_branch_python_dop_operator_3.py took 0.083 seconds
[2025-03-27T16:24:08.420+0000] {processor.py:186} INFO - Started process (PID=4645) to work on /home/ubuntu/customer_churn_youtube_venv/lib/python3.12/site-packages/airflow/example_dags/example_branch_python_dop_operator_3.py
[2025-03-27T16:24:08.422+0000] {processor.py:914} INFO - Processing file /home/ubuntu/customer_churn_youtube_venv/lib/python3.12/site-packages/airflow/example_dags/example_branch_python_dop_operator_3.py for tasks to queue
[2025-03-27T16:24:08.424+0000] {logging_mixin.py:190} INFO - [2025-03-27T16:24:08.423+0000] {dagbag.py:588} INFO - Filling up the DagBag from /home/ubuntu/customer_churn_youtube_venv/lib/python3.12/site-packages/airflow/example_dags/example_branch_python_dop_operator_3.py
[2025-03-27T16:24:08.435+0000] {processor.py:925} INFO - DAG(s) 'example_branch_dop_operator_v3' retrieved from /home/ubuntu/customer_churn_youtube_venv/lib/python3.12/site-packages/airflow/example_dags/example_branch_python_dop_operator_3.py
[2025-03-27T16:24:08.451+0000] {logging_mixin.py:190} INFO - [2025-03-27T16:24:08.450+0000] {dag.py:3239} INFO - Sync 1 DAGs
[2025-03-27T16:24:08.473+0000] {logging_mixin.py:190} INFO - [2025-03-27T16:24:08.473+0000] {dag.py:4180} INFO - Setting next_dagrun for example_branch_dop_operator_v3 to 2025-03-27 16:23:00+00:00, run_after=2025-03-27 16:24:00+00:00
[2025-03-27T16:24:08.495+0000] {processor.py:208} INFO - Processing /home/ubuntu/customer_churn_youtube_venv/lib/python3.12/site-packages/airflow/example_dags/example_branch_python_dop_operator_3.py took 0.081 seconds
[2025-03-27T16:25:23.495+0000] {processor.py:186} INFO - Started process (PID=4730) to work on /home/ubuntu/customer_churn_youtube_venv/lib/python3.12/site-packages/airflow/example_dags/example_branch_python_dop_operator_3.py
[2025-03-27T16:25:23.497+0000] {processor.py:914} INFO - Processing file /home/ubuntu/customer_churn_youtube_venv/lib/python3.12/site-packages/airflow/example_dags/example_branch_python_dop_operator_3.py for tasks to queue
[2025-03-27T16:25:23.499+0000] {logging_mixin.py:190} INFO - [2025-03-27T16:25:23.498+0000] {dagbag.py:588} INFO - Filling up the DagBag from /home/ubuntu/customer_churn_youtube_venv/lib/python3.12/site-packages/airflow/example_dags/example_branch_python_dop_operator_3.py
[2025-03-27T16:25:23.510+0000] {processor.py:925} INFO - DAG(s) 'example_branch_dop_operator_v3' retrieved from /home/ubuntu/customer_churn_youtube_venv/lib/python3.12/site-packages/airflow/example_dags/example_branch_python_dop_operator_3.py
[2025-03-27T16:25:23.525+0000] {logging_mixin.py:190} INFO - [2025-03-27T16:25:23.525+0000] {dag.py:3239} INFO - Sync 1 DAGs
[2025-03-27T16:25:23.546+0000] {logging_mixin.py:190} INFO - [2025-03-27T16:25:23.546+0000] {dag.py:4180} INFO - Setting next_dagrun for example_branch_dop_operator_v3 to 2025-03-27 16:24:00+00:00, run_after=2025-03-27 16:25:00+00:00
[2025-03-27T16:25:23.568+0000] {processor.py:208} INFO - Processing /home/ubuntu/customer_churn_youtube_venv/lib/python3.12/site-packages/airflow/example_dags/example_branch_python_dop_operator_3.py took 0.080 seconds
[2025-03-27T16:26:41.760+0000] {processor.py:186} INFO - Started process (PID=4816) to work on /home/ubuntu/customer_churn_youtube_venv/lib/python3.12/site-packages/airflow/example_dags/example_branch_python_dop_operator_3.py
[2025-03-27T16:26:41.761+0000] {processor.py:914} INFO - Processing file /home/ubuntu/customer_churn_youtube_venv/lib/python3.12/site-packages/airflow/example_dags/example_branch_python_dop_operator_3.py for tasks to queue
[2025-03-27T16:26:41.764+0000] {logging_mixin.py:190} INFO - [2025-03-27T16:26:41.763+0000] {dagbag.py:588} INFO - Filling up the DagBag from /home/ubuntu/customer_churn_youtube_venv/lib/python3.12/site-packages/airflow/example_dags/example_branch_python_dop_operator_3.py
[2025-03-27T16:26:41.776+0000] {processor.py:925} INFO - DAG(s) 'example_branch_dop_operator_v3' retrieved from /home/ubuntu/customer_churn_youtube_venv/lib/python3.12/site-packages/airflow/example_dags/example_branch_python_dop_operator_3.py
[2025-03-27T16:26:41.792+0000] {logging_mixin.py:190} INFO - [2025-03-27T16:26:41.792+0000] {dag.py:3239} INFO - Sync 1 DAGs
[2025-03-27T16:26:41.814+0000] {logging_mixin.py:190} INFO - [2025-03-27T16:26:41.814+0000] {dag.py:4180} INFO - Setting next_dagrun for example_branch_dop_operator_v3 to 2025-03-27 16:25:00+00:00, run_after=2025-03-27 16:26:00+00:00
[2025-03-27T16:26:41.837+0000] {processor.py:208} INFO - Processing /home/ubuntu/customer_churn_youtube_venv/lib/python3.12/site-packages/airflow/example_dags/example_branch_python_dop_operator_3.py took 0.083 seconds
[2025-03-27T16:27:34.874+0000] {processor.py:186} INFO - Started process (PID=4876) to work on /home/ubuntu/customer_churn_youtube_venv/lib/python3.12/site-packages/airflow/example_dags/example_branch_python_dop_operator_3.py
[2025-03-27T16:27:34.876+0000] {processor.py:914} INFO - Processing file /home/ubuntu/customer_churn_youtube_venv/lib/python3.12/site-packages/airflow/example_dags/example_branch_python_dop_operator_3.py for tasks to queue
[2025-03-27T16:27:34.879+0000] {logging_mixin.py:190} INFO - [2025-03-27T16:27:34.878+0000] {dagbag.py:588} INFO - Filling up the DagBag from /home/ubuntu/customer_churn_youtube_venv/lib/python3.12/site-packages/airflow/example_dags/example_branch_python_dop_operator_3.py
[2025-03-27T16:27:34.889+0000] {processor.py:925} INFO - DAG(s) 'example_branch_dop_operator_v3' retrieved from /home/ubuntu/customer_churn_youtube_venv/lib/python3.12/site-packages/airflow/example_dags/example_branch_python_dop_operator_3.py
[2025-03-27T16:27:34.904+0000] {logging_mixin.py:190} INFO - [2025-03-27T16:27:34.904+0000] {dag.py:3239} INFO - Sync 1 DAGs
[2025-03-27T16:27:34.926+0000] {logging_mixin.py:190} INFO - [2025-03-27T16:27:34.926+0000] {dag.py:4180} INFO - Setting next_dagrun for example_branch_dop_operator_v3 to 2025-03-27 16:26:00+00:00, run_after=2025-03-27 16:27:00+00:00
[2025-03-27T16:27:34.947+0000] {processor.py:208} INFO - Processing /home/ubuntu/customer_churn_youtube_venv/lib/python3.12/site-packages/airflow/example_dags/example_branch_python_dop_operator_3.py took 0.078 seconds
[2025-03-27T16:28:49.857+0000] {processor.py:186} INFO - Started process (PID=4959) to work on /home/ubuntu/customer_churn_youtube_venv/lib/python3.12/site-packages/airflow/example_dags/example_branch_python_dop_operator_3.py
[2025-03-27T16:28:49.858+0000] {processor.py:914} INFO - Processing file /home/ubuntu/customer_churn_youtube_venv/lib/python3.12/site-packages/airflow/example_dags/example_branch_python_dop_operator_3.py for tasks to queue
[2025-03-27T16:28:49.860+0000] {logging_mixin.py:190} INFO - [2025-03-27T16:28:49.859+0000] {dagbag.py:588} INFO - Filling up the DagBag from /home/ubuntu/customer_churn_youtube_venv/lib/python3.12/site-packages/airflow/example_dags/example_branch_python_dop_operator_3.py
[2025-03-27T16:28:49.871+0000] {processor.py:925} INFO - DAG(s) 'example_branch_dop_operator_v3' retrieved from /home/ubuntu/customer_churn_youtube_venv/lib/python3.12/site-packages/airflow/example_dags/example_branch_python_dop_operator_3.py
[2025-03-27T16:28:49.886+0000] {logging_mixin.py:190} INFO - [2025-03-27T16:28:49.886+0000] {dag.py:3239} INFO - Sync 1 DAGs
[2025-03-27T16:28:49.908+0000] {logging_mixin.py:190} INFO - [2025-03-27T16:28:49.908+0000] {dag.py:4180} INFO - Setting next_dagrun for example_branch_dop_operator_v3 to 2025-03-27 16:27:00+00:00, run_after=2025-03-27 16:28:00+00:00
[2025-03-27T16:28:49.931+0000] {processor.py:208} INFO - Processing /home/ubuntu/customer_churn_youtube_venv/lib/python3.12/site-packages/airflow/example_dags/example_branch_python_dop_operator_3.py took 0.081 seconds
[2025-03-27T16:30:06.907+0000] {processor.py:186} INFO - Started process (PID=5041) to work on /home/ubuntu/customer_churn_youtube_venv/lib/python3.12/site-packages/airflow/example_dags/example_branch_python_dop_operator_3.py
[2025-03-27T16:30:06.909+0000] {processor.py:914} INFO - Processing file /home/ubuntu/customer_churn_youtube_venv/lib/python3.12/site-packages/airflow/example_dags/example_branch_python_dop_operator_3.py for tasks to queue
[2025-03-27T16:30:06.911+0000] {logging_mixin.py:190} INFO - [2025-03-27T16:30:06.910+0000] {dagbag.py:588} INFO - Filling up the DagBag from /home/ubuntu/customer_churn_youtube_venv/lib/python3.12/site-packages/airflow/example_dags/example_branch_python_dop_operator_3.py
[2025-03-27T16:30:06.922+0000] {processor.py:925} INFO - DAG(s) 'example_branch_dop_operator_v3' retrieved from /home/ubuntu/customer_churn_youtube_venv/lib/python3.12/site-packages/airflow/example_dags/example_branch_python_dop_operator_3.py
[2025-03-27T16:30:06.936+0000] {logging_mixin.py:190} INFO - [2025-03-27T16:30:06.936+0000] {dag.py:3239} INFO - Sync 1 DAGs
[2025-03-27T16:30:06.960+0000] {logging_mixin.py:190} INFO - [2025-03-27T16:30:06.959+0000] {dag.py:4180} INFO - Setting next_dagrun for example_branch_dop_operator_v3 to 2025-03-27 16:29:00+00:00, run_after=2025-03-27 16:30:00+00:00
[2025-03-27T16:30:06.982+0000] {processor.py:208} INFO - Processing /home/ubuntu/customer_churn_youtube_venv/lib/python3.12/site-packages/airflow/example_dags/example_branch_python_dop_operator_3.py took 0.081 seconds
[2025-03-27T16:31:26.665+0000] {processor.py:186} INFO - Started process (PID=5128) to work on /home/ubuntu/customer_churn_youtube_venv/lib/python3.12/site-packages/airflow/example_dags/example_branch_python_dop_operator_3.py
[2025-03-27T16:31:26.666+0000] {processor.py:914} INFO - Processing file /home/ubuntu/customer_churn_youtube_venv/lib/python3.12/site-packages/airflow/example_dags/example_branch_python_dop_operator_3.py for tasks to queue
[2025-03-27T16:31:26.669+0000] {logging_mixin.py:190} INFO - [2025-03-27T16:31:26.669+0000] {dagbag.py:588} INFO - Filling up the DagBag from /home/ubuntu/customer_churn_youtube_venv/lib/python3.12/site-packages/airflow/example_dags/example_branch_python_dop_operator_3.py
[2025-03-27T16:31:26.680+0000] {processor.py:925} INFO - DAG(s) 'example_branch_dop_operator_v3' retrieved from /home/ubuntu/customer_churn_youtube_venv/lib/python3.12/site-packages/airflow/example_dags/example_branch_python_dop_operator_3.py
[2025-03-27T16:31:26.695+0000] {logging_mixin.py:190} INFO - [2025-03-27T16:31:26.694+0000] {dag.py:3239} INFO - Sync 1 DAGs
[2025-03-27T16:31:26.717+0000] {logging_mixin.py:190} INFO - [2025-03-27T16:31:26.717+0000] {dag.py:4180} INFO - Setting next_dagrun for example_branch_dop_operator_v3 to 2025-03-27 16:30:00+00:00, run_after=2025-03-27 16:31:00+00:00
[2025-03-27T16:31:26.739+0000] {processor.py:208} INFO - Processing /home/ubuntu/customer_churn_youtube_venv/lib/python3.12/site-packages/airflow/example_dags/example_branch_python_dop_operator_3.py took 0.080 seconds
[2025-03-27T16:32:19.642+0000] {processor.py:186} INFO - Started process (PID=5186) to work on /home/ubuntu/customer_churn_youtube_venv/lib/python3.12/site-packages/airflow/example_dags/example_branch_python_dop_operator_3.py
[2025-03-27T16:32:19.643+0000] {processor.py:914} INFO - Processing file /home/ubuntu/customer_churn_youtube_venv/lib/python3.12/site-packages/airflow/example_dags/example_branch_python_dop_operator_3.py for tasks to queue
[2025-03-27T16:32:19.646+0000] {logging_mixin.py:190} INFO - [2025-03-27T16:32:19.645+0000] {dagbag.py:588} INFO - Filling up the DagBag from /home/ubuntu/customer_churn_youtube_venv/lib/python3.12/site-packages/airflow/example_dags/example_branch_python_dop_operator_3.py
[2025-03-27T16:32:19.656+0000] {processor.py:925} INFO - DAG(s) 'example_branch_dop_operator_v3' retrieved from /home/ubuntu/customer_churn_youtube_venv/lib/python3.12/site-packages/airflow/example_dags/example_branch_python_dop_operator_3.py
[2025-03-27T16:32:19.671+0000] {logging_mixin.py:190} INFO - [2025-03-27T16:32:19.671+0000] {dag.py:3239} INFO - Sync 1 DAGs
[2025-03-27T16:32:19.694+0000] {logging_mixin.py:190} INFO - [2025-03-27T16:32:19.694+0000] {dag.py:4180} INFO - Setting next_dagrun for example_branch_dop_operator_v3 to 2025-03-27 16:31:00+00:00, run_after=2025-03-27 16:32:00+00:00
[2025-03-27T16:32:19.715+0000] {processor.py:208} INFO - Processing /home/ubuntu/customer_churn_youtube_venv/lib/python3.12/site-packages/airflow/example_dags/example_branch_python_dop_operator_3.py took 0.080 seconds
[2025-03-27T16:33:39.500+0000] {processor.py:186} INFO - Started process (PID=5267) to work on /home/ubuntu/customer_churn_youtube_venv/lib/python3.12/site-packages/airflow/example_dags/example_branch_python_dop_operator_3.py
[2025-03-27T16:33:39.501+0000] {processor.py:914} INFO - Processing file /home/ubuntu/customer_churn_youtube_venv/lib/python3.12/site-packages/airflow/example_dags/example_branch_python_dop_operator_3.py for tasks to queue
[2025-03-27T16:33:39.504+0000] {logging_mixin.py:190} INFO - [2025-03-27T16:33:39.503+0000] {dagbag.py:588} INFO - Filling up the DagBag from /home/ubuntu/customer_churn_youtube_venv/lib/python3.12/site-packages/airflow/example_dags/example_branch_python_dop_operator_3.py
[2025-03-27T16:33:39.514+0000] {processor.py:925} INFO - DAG(s) 'example_branch_dop_operator_v3' retrieved from /home/ubuntu/customer_churn_youtube_venv/lib/python3.12/site-packages/airflow/example_dags/example_branch_python_dop_operator_3.py
[2025-03-27T16:33:39.529+0000] {logging_mixin.py:190} INFO - [2025-03-27T16:33:39.529+0000] {dag.py:3239} INFO - Sync 1 DAGs
[2025-03-27T16:33:39.552+0000] {logging_mixin.py:190} INFO - [2025-03-27T16:33:39.552+0000] {dag.py:4180} INFO - Setting next_dagrun for example_branch_dop_operator_v3 to 2025-03-27 16:32:00+00:00, run_after=2025-03-27 16:33:00+00:00
[2025-03-27T16:33:39.574+0000] {processor.py:208} INFO - Processing /home/ubuntu/customer_churn_youtube_venv/lib/python3.12/site-packages/airflow/example_dags/example_branch_python_dop_operator_3.py took 0.079 seconds
[2025-03-27T16:34:55.273+0000] {processor.py:186} INFO - Started process (PID=5348) to work on /home/ubuntu/customer_churn_youtube_venv/lib/python3.12/site-packages/airflow/example_dags/example_branch_python_dop_operator_3.py
[2025-03-27T16:34:55.275+0000] {processor.py:914} INFO - Processing file /home/ubuntu/customer_churn_youtube_venv/lib/python3.12/site-packages/airflow/example_dags/example_branch_python_dop_operator_3.py for tasks to queue
[2025-03-27T16:34:55.277+0000] {logging_mixin.py:190} INFO - [2025-03-27T16:34:55.277+0000] {dagbag.py:588} INFO - Filling up the DagBag from /home/ubuntu/customer_churn_youtube_venv/lib/python3.12/site-packages/airflow/example_dags/example_branch_python_dop_operator_3.py
[2025-03-27T16:34:55.287+0000] {processor.py:925} INFO - DAG(s) 'example_branch_dop_operator_v3' retrieved from /home/ubuntu/customer_churn_youtube_venv/lib/python3.12/site-packages/airflow/example_dags/example_branch_python_dop_operator_3.py
[2025-03-27T16:34:55.303+0000] {logging_mixin.py:190} INFO - [2025-03-27T16:34:55.303+0000] {dag.py:3239} INFO - Sync 1 DAGs
[2025-03-27T16:34:55.325+0000] {logging_mixin.py:190} INFO - [2025-03-27T16:34:55.325+0000] {dag.py:4180} INFO - Setting next_dagrun for example_branch_dop_operator_v3 to 2025-03-27 16:33:00+00:00, run_after=2025-03-27 16:34:00+00:00
[2025-03-27T16:34:55.349+0000] {processor.py:208} INFO - Processing /home/ubuntu/customer_churn_youtube_venv/lib/python3.12/site-packages/airflow/example_dags/example_branch_python_dop_operator_3.py took 0.082 seconds
[2025-03-27T16:36:11.368+0000] {processor.py:186} INFO - Started process (PID=5430) to work on /home/ubuntu/customer_churn_youtube_venv/lib/python3.12/site-packages/airflow/example_dags/example_branch_python_dop_operator_3.py
[2025-03-27T16:36:11.369+0000] {processor.py:914} INFO - Processing file /home/ubuntu/customer_churn_youtube_venv/lib/python3.12/site-packages/airflow/example_dags/example_branch_python_dop_operator_3.py for tasks to queue
[2025-03-27T16:36:11.373+0000] {logging_mixin.py:190} INFO - [2025-03-27T16:36:11.370+0000] {dagbag.py:588} INFO - Filling up the DagBag from /home/ubuntu/customer_churn_youtube_venv/lib/python3.12/site-packages/airflow/example_dags/example_branch_python_dop_operator_3.py
[2025-03-27T16:36:11.384+0000] {processor.py:925} INFO - DAG(s) 'example_branch_dop_operator_v3' retrieved from /home/ubuntu/customer_churn_youtube_venv/lib/python3.12/site-packages/airflow/example_dags/example_branch_python_dop_operator_3.py
[2025-03-27T16:36:11.399+0000] {logging_mixin.py:190} INFO - [2025-03-27T16:36:11.399+0000] {dag.py:3239} INFO - Sync 1 DAGs
[2025-03-27T16:36:11.421+0000] {logging_mixin.py:190} INFO - [2025-03-27T16:36:11.420+0000] {dag.py:4180} INFO - Setting next_dagrun for example_branch_dop_operator_v3 to 2025-03-27 16:35:00+00:00, run_after=2025-03-27 16:36:00+00:00
[2025-03-27T16:36:11.443+0000] {processor.py:208} INFO - Processing /home/ubuntu/customer_churn_youtube_venv/lib/python3.12/site-packages/airflow/example_dags/example_branch_python_dop_operator_3.py took 0.082 seconds
[2025-03-27T16:37:05.493+0000] {processor.py:186} INFO - Started process (PID=5488) to work on /home/ubuntu/customer_churn_youtube_venv/lib/python3.12/site-packages/airflow/example_dags/example_branch_python_dop_operator_3.py
[2025-03-27T16:37:05.495+0000] {processor.py:914} INFO - Processing file /home/ubuntu/customer_churn_youtube_venv/lib/python3.12/site-packages/airflow/example_dags/example_branch_python_dop_operator_3.py for tasks to queue
[2025-03-27T16:37:05.497+0000] {logging_mixin.py:190} INFO - [2025-03-27T16:37:05.496+0000] {dagbag.py:588} INFO - Filling up the DagBag from /home/ubuntu/customer_churn_youtube_venv/lib/python3.12/site-packages/airflow/example_dags/example_branch_python_dop_operator_3.py
[2025-03-27T16:37:05.508+0000] {processor.py:925} INFO - DAG(s) 'example_branch_dop_operator_v3' retrieved from /home/ubuntu/customer_churn_youtube_venv/lib/python3.12/site-packages/airflow/example_dags/example_branch_python_dop_operator_3.py
[2025-03-27T16:37:05.522+0000] {logging_mixin.py:190} INFO - [2025-03-27T16:37:05.522+0000] {dag.py:3239} INFO - Sync 1 DAGs
[2025-03-27T16:37:05.544+0000] {logging_mixin.py:190} INFO - [2025-03-27T16:37:05.544+0000] {dag.py:4180} INFO - Setting next_dagrun for example_branch_dop_operator_v3 to 2025-03-27 16:36:00+00:00, run_after=2025-03-27 16:37:00+00:00
[2025-03-27T16:37:05.566+0000] {processor.py:208} INFO - Processing /home/ubuntu/customer_churn_youtube_venv/lib/python3.12/site-packages/airflow/example_dags/example_branch_python_dop_operator_3.py took 0.079 seconds
[2025-03-27T16:38:24.520+0000] {processor.py:186} INFO - Started process (PID=5570) to work on /home/ubuntu/customer_churn_youtube_venv/lib/python3.12/site-packages/airflow/example_dags/example_branch_python_dop_operator_3.py
[2025-03-27T16:38:24.523+0000] {processor.py:914} INFO - Processing file /home/ubuntu/customer_churn_youtube_venv/lib/python3.12/site-packages/airflow/example_dags/example_branch_python_dop_operator_3.py for tasks to queue
[2025-03-27T16:38:24.525+0000] {logging_mixin.py:190} INFO - [2025-03-27T16:38:24.524+0000] {dagbag.py:588} INFO - Filling up the DagBag from /home/ubuntu/customer_churn_youtube_venv/lib/python3.12/site-packages/airflow/example_dags/example_branch_python_dop_operator_3.py
[2025-03-27T16:38:24.535+0000] {processor.py:925} INFO - DAG(s) 'example_branch_dop_operator_v3' retrieved from /home/ubuntu/customer_churn_youtube_venv/lib/python3.12/site-packages/airflow/example_dags/example_branch_python_dop_operator_3.py
[2025-03-27T16:38:24.550+0000] {logging_mixin.py:190} INFO - [2025-03-27T16:38:24.549+0000] {dag.py:3239} INFO - Sync 1 DAGs
[2025-03-27T16:38:24.573+0000] {logging_mixin.py:190} INFO - [2025-03-27T16:38:24.572+0000] {dag.py:4180} INFO - Setting next_dagrun for example_branch_dop_operator_v3 to 2025-03-27 16:37:00+00:00, run_after=2025-03-27 16:38:00+00:00
[2025-03-27T16:38:24.595+0000] {processor.py:208} INFO - Processing /home/ubuntu/customer_churn_youtube_venv/lib/python3.12/site-packages/airflow/example_dags/example_branch_python_dop_operator_3.py took 0.080 seconds
[2025-03-27T16:39:38.593+0000] {processor.py:186} INFO - Started process (PID=5653) to work on /home/ubuntu/customer_churn_youtube_venv/lib/python3.12/site-packages/airflow/example_dags/example_branch_python_dop_operator_3.py
[2025-03-27T16:39:38.595+0000] {processor.py:914} INFO - Processing file /home/ubuntu/customer_churn_youtube_venv/lib/python3.12/site-packages/airflow/example_dags/example_branch_python_dop_operator_3.py for tasks to queue
[2025-03-27T16:39:38.597+0000] {logging_mixin.py:190} INFO - [2025-03-27T16:39:38.596+0000] {dagbag.py:588} INFO - Filling up the DagBag from /home/ubuntu/customer_churn_youtube_venv/lib/python3.12/site-packages/airflow/example_dags/example_branch_python_dop_operator_3.py
[2025-03-27T16:39:38.607+0000] {processor.py:925} INFO - DAG(s) 'example_branch_dop_operator_v3' retrieved from /home/ubuntu/customer_churn_youtube_venv/lib/python3.12/site-packages/airflow/example_dags/example_branch_python_dop_operator_3.py
[2025-03-27T16:39:38.622+0000] {logging_mixin.py:190} INFO - [2025-03-27T16:39:38.622+0000] {dag.py:3239} INFO - Sync 1 DAGs
[2025-03-27T16:39:38.644+0000] {logging_mixin.py:190} INFO - [2025-03-27T16:39:38.644+0000] {dag.py:4180} INFO - Setting next_dagrun for example_branch_dop_operator_v3 to 2025-03-27 16:38:00+00:00, run_after=2025-03-27 16:39:00+00:00
[2025-03-27T16:39:38.665+0000] {processor.py:208} INFO - Processing /home/ubuntu/customer_churn_youtube_venv/lib/python3.12/site-packages/airflow/example_dags/example_branch_python_dop_operator_3.py took 0.078 seconds
[2025-03-27T16:40:59.510+0000] {processor.py:186} INFO - Started process (PID=5740) to work on /home/ubuntu/customer_churn_youtube_venv/lib/python3.12/site-packages/airflow/example_dags/example_branch_python_dop_operator_3.py
[2025-03-27T16:40:59.512+0000] {processor.py:914} INFO - Processing file /home/ubuntu/customer_churn_youtube_venv/lib/python3.12/site-packages/airflow/example_dags/example_branch_python_dop_operator_3.py for tasks to queue
[2025-03-27T16:40:59.513+0000] {logging_mixin.py:190} INFO - [2025-03-27T16:40:59.513+0000] {dagbag.py:588} INFO - Filling up the DagBag from /home/ubuntu/customer_churn_youtube_venv/lib/python3.12/site-packages/airflow/example_dags/example_branch_python_dop_operator_3.py
[2025-03-27T16:40:59.525+0000] {processor.py:925} INFO - DAG(s) 'example_branch_dop_operator_v3' retrieved from /home/ubuntu/customer_churn_youtube_venv/lib/python3.12/site-packages/airflow/example_dags/example_branch_python_dop_operator_3.py
[2025-03-27T16:40:59.541+0000] {logging_mixin.py:190} INFO - [2025-03-27T16:40:59.541+0000] {dag.py:3239} INFO - Sync 1 DAGs
[2025-03-27T16:40:59.563+0000] {logging_mixin.py:190} INFO - [2025-03-27T16:40:59.563+0000] {dag.py:4180} INFO - Setting next_dagrun for example_branch_dop_operator_v3 to 2025-03-27 16:39:00+00:00, run_after=2025-03-27 16:40:00+00:00
[2025-03-27T16:40:59.585+0000] {processor.py:208} INFO - Processing /home/ubuntu/customer_churn_youtube_venv/lib/python3.12/site-packages/airflow/example_dags/example_branch_python_dop_operator_3.py took 0.081 seconds
[2025-03-27T16:41:53.917+0000] {processor.py:186} INFO - Started process (PID=5834) to work on /home/ubuntu/customer_churn_youtube_venv/lib/python3.12/site-packages/airflow/example_dags/example_branch_python_dop_operator_3.py
[2025-03-27T16:41:53.919+0000] {processor.py:914} INFO - Processing file /home/ubuntu/customer_churn_youtube_venv/lib/python3.12/site-packages/airflow/example_dags/example_branch_python_dop_operator_3.py for tasks to queue
[2025-03-27T16:41:53.921+0000] {logging_mixin.py:190} INFO - [2025-03-27T16:41:53.920+0000] {dagbag.py:588} INFO - Filling up the DagBag from /home/ubuntu/customer_churn_youtube_venv/lib/python3.12/site-packages/airflow/example_dags/example_branch_python_dop_operator_3.py
[2025-03-27T16:41:53.932+0000] {processor.py:925} INFO - DAG(s) 'example_branch_dop_operator_v3' retrieved from /home/ubuntu/customer_churn_youtube_venv/lib/python3.12/site-packages/airflow/example_dags/example_branch_python_dop_operator_3.py
[2025-03-27T16:41:53.948+0000] {logging_mixin.py:190} INFO - [2025-03-27T16:41:53.947+0000] {dag.py:3239} INFO - Sync 1 DAGs
[2025-03-27T16:41:53.970+0000] {logging_mixin.py:190} INFO - [2025-03-27T16:41:53.970+0000] {dag.py:4180} INFO - Setting next_dagrun for example_branch_dop_operator_v3 to 2025-03-27 16:40:00+00:00, run_after=2025-03-27 16:41:00+00:00
[2025-03-27T16:41:53.991+0000] {processor.py:208} INFO - Processing /home/ubuntu/customer_churn_youtube_venv/lib/python3.12/site-packages/airflow/example_dags/example_branch_python_dop_operator_3.py took 0.079 seconds
[2025-03-27T16:42:48.562+0000] {processor.py:186} INFO - Started process (PID=5916) to work on /home/ubuntu/customer_churn_youtube_venv/lib/python3.12/site-packages/airflow/example_dags/example_branch_python_dop_operator_3.py
[2025-03-27T16:42:48.563+0000] {processor.py:914} INFO - Processing file /home/ubuntu/customer_churn_youtube_venv/lib/python3.12/site-packages/airflow/example_dags/example_branch_python_dop_operator_3.py for tasks to queue
[2025-03-27T16:42:48.564+0000] {logging_mixin.py:190} INFO - [2025-03-27T16:42:48.564+0000] {dagbag.py:588} INFO - Filling up the DagBag from /home/ubuntu/customer_churn_youtube_venv/lib/python3.12/site-packages/airflow/example_dags/example_branch_python_dop_operator_3.py
[2025-03-27T16:42:48.576+0000] {processor.py:925} INFO - DAG(s) 'example_branch_dop_operator_v3' retrieved from /home/ubuntu/customer_churn_youtube_venv/lib/python3.12/site-packages/airflow/example_dags/example_branch_python_dop_operator_3.py
[2025-03-27T16:42:48.591+0000] {logging_mixin.py:190} INFO - [2025-03-27T16:42:48.591+0000] {dag.py:3239} INFO - Sync 1 DAGs
[2025-03-27T16:42:48.613+0000] {logging_mixin.py:190} INFO - [2025-03-27T16:42:48.612+0000] {dag.py:4180} INFO - Setting next_dagrun for example_branch_dop_operator_v3 to 2025-03-27 16:41:00+00:00, run_after=2025-03-27 16:42:00+00:00
[2025-03-27T16:42:48.635+0000] {processor.py:208} INFO - Processing /home/ubuntu/customer_churn_youtube_venv/lib/python3.12/site-packages/airflow/example_dags/example_branch_python_dop_operator_3.py took 0.079 seconds
[2025-03-27T16:44:04.048+0000] {processor.py:186} INFO - Started process (PID=6269) to work on /home/ubuntu/customer_churn_youtube_venv/lib/python3.12/site-packages/airflow/example_dags/example_branch_python_dop_operator_3.py
[2025-03-27T16:44:04.050+0000] {processor.py:914} INFO - Processing file /home/ubuntu/customer_churn_youtube_venv/lib/python3.12/site-packages/airflow/example_dags/example_branch_python_dop_operator_3.py for tasks to queue
[2025-03-27T16:44:04.052+0000] {logging_mixin.py:190} INFO - [2025-03-27T16:44:04.051+0000] {dagbag.py:588} INFO - Filling up the DagBag from /home/ubuntu/customer_churn_youtube_venv/lib/python3.12/site-packages/airflow/example_dags/example_branch_python_dop_operator_3.py
[2025-03-27T16:44:04.063+0000] {processor.py:925} INFO - DAG(s) 'example_branch_dop_operator_v3' retrieved from /home/ubuntu/customer_churn_youtube_venv/lib/python3.12/site-packages/airflow/example_dags/example_branch_python_dop_operator_3.py
[2025-03-27T16:44:04.077+0000] {logging_mixin.py:190} INFO - [2025-03-27T16:44:04.077+0000] {dag.py:3239} INFO - Sync 1 DAGs
[2025-03-27T16:44:04.101+0000] {logging_mixin.py:190} INFO - [2025-03-27T16:44:04.100+0000] {dag.py:4180} INFO - Setting next_dagrun for example_branch_dop_operator_v3 to 2025-03-27 16:43:00+00:00, run_after=2025-03-27 16:44:00+00:00
[2025-03-27T16:44:04.124+0000] {processor.py:208} INFO - Processing /home/ubuntu/customer_churn_youtube_venv/lib/python3.12/site-packages/airflow/example_dags/example_branch_python_dop_operator_3.py took 0.082 seconds
[2025-03-27T16:45:18.825+0000] {processor.py:186} INFO - Started process (PID=6636) to work on /home/ubuntu/customer_churn_youtube_venv/lib/python3.12/site-packages/airflow/example_dags/example_branch_python_dop_operator_3.py
[2025-03-27T16:45:18.827+0000] {processor.py:914} INFO - Processing file /home/ubuntu/customer_churn_youtube_venv/lib/python3.12/site-packages/airflow/example_dags/example_branch_python_dop_operator_3.py for tasks to queue
[2025-03-27T16:45:18.829+0000] {logging_mixin.py:190} INFO - [2025-03-27T16:45:18.829+0000] {dagbag.py:588} INFO - Filling up the DagBag from /home/ubuntu/customer_churn_youtube_venv/lib/python3.12/site-packages/airflow/example_dags/example_branch_python_dop_operator_3.py
[2025-03-27T16:45:18.840+0000] {processor.py:925} INFO - DAG(s) 'example_branch_dop_operator_v3' retrieved from /home/ubuntu/customer_churn_youtube_venv/lib/python3.12/site-packages/airflow/example_dags/example_branch_python_dop_operator_3.py
[2025-03-27T16:45:18.855+0000] {logging_mixin.py:190} INFO - [2025-03-27T16:45:18.855+0000] {dag.py:3239} INFO - Sync 1 DAGs
[2025-03-27T16:45:18.876+0000] {logging_mixin.py:190} INFO - [2025-03-27T16:45:18.876+0000] {dag.py:4180} INFO - Setting next_dagrun for example_branch_dop_operator_v3 to 2025-03-27 16:44:00+00:00, run_after=2025-03-27 16:45:00+00:00
[2025-03-27T16:45:18.902+0000] {processor.py:208} INFO - Processing /home/ubuntu/customer_churn_youtube_venv/lib/python3.12/site-packages/airflow/example_dags/example_branch_python_dop_operator_3.py took 0.082 seconds
[2025-03-27T16:46:37.025+0000] {processor.py:186} INFO - Started process (PID=6870) to work on /home/ubuntu/customer_churn_youtube_venv/lib/python3.12/site-packages/airflow/example_dags/example_branch_python_dop_operator_3.py
[2025-03-27T16:46:37.027+0000] {processor.py:914} INFO - Processing file /home/ubuntu/customer_churn_youtube_venv/lib/python3.12/site-packages/airflow/example_dags/example_branch_python_dop_operator_3.py for tasks to queue
[2025-03-27T16:46:37.029+0000] {logging_mixin.py:190} INFO - [2025-03-27T16:46:37.028+0000] {dagbag.py:588} INFO - Filling up the DagBag from /home/ubuntu/customer_churn_youtube_venv/lib/python3.12/site-packages/airflow/example_dags/example_branch_python_dop_operator_3.py
[2025-03-27T16:46:37.040+0000] {processor.py:925} INFO - DAG(s) 'example_branch_dop_operator_v3' retrieved from /home/ubuntu/customer_churn_youtube_venv/lib/python3.12/site-packages/airflow/example_dags/example_branch_python_dop_operator_3.py
[2025-03-27T16:46:37.056+0000] {logging_mixin.py:190} INFO - [2025-03-27T16:46:37.056+0000] {dag.py:3239} INFO - Sync 1 DAGs
[2025-03-27T16:46:37.079+0000] {logging_mixin.py:190} INFO - [2025-03-27T16:46:37.078+0000] {dag.py:4180} INFO - Setting next_dagrun for example_branch_dop_operator_v3 to 2025-03-27 16:45:00+00:00, run_after=2025-03-27 16:46:00+00:00
[2025-03-27T16:46:37.100+0000] {processor.py:208} INFO - Processing /home/ubuntu/customer_churn_youtube_venv/lib/python3.12/site-packages/airflow/example_dags/example_branch_python_dop_operator_3.py took 0.080 seconds
[2025-03-27T16:47:54.293+0000] {processor.py:186} INFO - Started process (PID=7541) to work on /home/ubuntu/customer_churn_youtube_venv/lib/python3.12/site-packages/airflow/example_dags/example_branch_python_dop_operator_3.py
[2025-03-27T16:47:54.294+0000] {processor.py:914} INFO - Processing file /home/ubuntu/customer_churn_youtube_venv/lib/python3.12/site-packages/airflow/example_dags/example_branch_python_dop_operator_3.py for tasks to queue
[2025-03-27T16:47:54.296+0000] {logging_mixin.py:190} INFO - [2025-03-27T16:47:54.296+0000] {dagbag.py:588} INFO - Filling up the DagBag from /home/ubuntu/customer_churn_youtube_venv/lib/python3.12/site-packages/airflow/example_dags/example_branch_python_dop_operator_3.py
[2025-03-27T16:47:54.307+0000] {processor.py:925} INFO - DAG(s) 'example_branch_dop_operator_v3' retrieved from /home/ubuntu/customer_churn_youtube_venv/lib/python3.12/site-packages/airflow/example_dags/example_branch_python_dop_operator_3.py
[2025-03-27T16:47:54.321+0000] {logging_mixin.py:190} INFO - [2025-03-27T16:47:54.321+0000] {dag.py:3239} INFO - Sync 1 DAGs
[2025-03-27T16:47:54.344+0000] {logging_mixin.py:190} INFO - [2025-03-27T16:47:54.344+0000] {dag.py:4180} INFO - Setting next_dagrun for example_branch_dop_operator_v3 to 2025-03-27 16:46:00+00:00, run_after=2025-03-27 16:47:00+00:00
[2025-03-27T16:47:54.367+0000] {processor.py:208} INFO - Processing /home/ubuntu/customer_churn_youtube_venv/lib/python3.12/site-packages/airflow/example_dags/example_branch_python_dop_operator_3.py took 0.080 seconds
[2025-03-27T16:48:48.390+0000] {processor.py:186} INFO - Started process (PID=7599) to work on /home/ubuntu/customer_churn_youtube_venv/lib/python3.12/site-packages/airflow/example_dags/example_branch_python_dop_operator_3.py
[2025-03-27T16:48:48.391+0000] {processor.py:914} INFO - Processing file /home/ubuntu/customer_churn_youtube_venv/lib/python3.12/site-packages/airflow/example_dags/example_branch_python_dop_operator_3.py for tasks to queue
[2025-03-27T16:48:48.393+0000] {logging_mixin.py:190} INFO - [2025-03-27T16:48:48.392+0000] {dagbag.py:588} INFO - Filling up the DagBag from /home/ubuntu/customer_churn_youtube_venv/lib/python3.12/site-packages/airflow/example_dags/example_branch_python_dop_operator_3.py
[2025-03-27T16:48:48.403+0000] {processor.py:925} INFO - DAG(s) 'example_branch_dop_operator_v3' retrieved from /home/ubuntu/customer_churn_youtube_venv/lib/python3.12/site-packages/airflow/example_dags/example_branch_python_dop_operator_3.py
[2025-03-27T16:48:48.418+0000] {logging_mixin.py:190} INFO - [2025-03-27T16:48:48.418+0000] {dag.py:3239} INFO - Sync 1 DAGs
[2025-03-27T16:48:48.440+0000] {logging_mixin.py:190} INFO - [2025-03-27T16:48:48.440+0000] {dag.py:4180} INFO - Setting next_dagrun for example_branch_dop_operator_v3 to 2025-03-27 16:47:00+00:00, run_after=2025-03-27 16:48:00+00:00
[2025-03-27T16:48:48.462+0000] {processor.py:208} INFO - Processing /home/ubuntu/customer_churn_youtube_venv/lib/python3.12/site-packages/airflow/example_dags/example_branch_python_dop_operator_3.py took 0.078 seconds
[2025-03-27T16:50:05.839+0000] {processor.py:186} INFO - Started process (PID=7679) to work on /home/ubuntu/customer_churn_youtube_venv/lib/python3.12/site-packages/airflow/example_dags/example_branch_python_dop_operator_3.py
[2025-03-27T16:50:05.842+0000] {processor.py:914} INFO - Processing file /home/ubuntu/customer_churn_youtube_venv/lib/python3.12/site-packages/airflow/example_dags/example_branch_python_dop_operator_3.py for tasks to queue
[2025-03-27T16:50:05.844+0000] {logging_mixin.py:190} INFO - [2025-03-27T16:50:05.843+0000] {dagbag.py:588} INFO - Filling up the DagBag from /home/ubuntu/customer_churn_youtube_venv/lib/python3.12/site-packages/airflow/example_dags/example_branch_python_dop_operator_3.py
[2025-03-27T16:50:05.856+0000] {processor.py:925} INFO - DAG(s) 'example_branch_dop_operator_v3' retrieved from /home/ubuntu/customer_churn_youtube_venv/lib/python3.12/site-packages/airflow/example_dags/example_branch_python_dop_operator_3.py
[2025-03-27T16:50:05.873+0000] {logging_mixin.py:190} INFO - [2025-03-27T16:50:05.872+0000] {dag.py:3239} INFO - Sync 1 DAGs
[2025-03-27T16:50:05.895+0000] {logging_mixin.py:190} INFO - [2025-03-27T16:50:05.895+0000] {dag.py:4180} INFO - Setting next_dagrun for example_branch_dop_operator_v3 to 2025-03-27 16:49:00+00:00, run_after=2025-03-27 16:50:00+00:00
[2025-03-27T16:50:05.916+0000] {processor.py:208} INFO - Processing /home/ubuntu/customer_churn_youtube_venv/lib/python3.12/site-packages/airflow/example_dags/example_branch_python_dop_operator_3.py took 0.082 seconds
[2025-03-27T16:51:23.476+0000] {processor.py:186} INFO - Started process (PID=7761) to work on /home/ubuntu/customer_churn_youtube_venv/lib/python3.12/site-packages/airflow/example_dags/example_branch_python_dop_operator_3.py
[2025-03-27T16:51:23.478+0000] {processor.py:914} INFO - Processing file /home/ubuntu/customer_churn_youtube_venv/lib/python3.12/site-packages/airflow/example_dags/example_branch_python_dop_operator_3.py for tasks to queue
[2025-03-27T16:51:23.479+0000] {logging_mixin.py:190} INFO - [2025-03-27T16:51:23.479+0000] {dagbag.py:588} INFO - Filling up the DagBag from /home/ubuntu/customer_churn_youtube_venv/lib/python3.12/site-packages/airflow/example_dags/example_branch_python_dop_operator_3.py
[2025-03-27T16:51:23.490+0000] {processor.py:925} INFO - DAG(s) 'example_branch_dop_operator_v3' retrieved from /home/ubuntu/customer_churn_youtube_venv/lib/python3.12/site-packages/airflow/example_dags/example_branch_python_dop_operator_3.py
[2025-03-27T16:51:23.505+0000] {logging_mixin.py:190} INFO - [2025-03-27T16:51:23.505+0000] {dag.py:3239} INFO - Sync 1 DAGs
[2025-03-27T16:51:23.526+0000] {logging_mixin.py:190} INFO - [2025-03-27T16:51:23.526+0000] {dag.py:4180} INFO - Setting next_dagrun for example_branch_dop_operator_v3 to 2025-03-27 16:50:00+00:00, run_after=2025-03-27 16:51:00+00:00
[2025-03-27T16:51:23.551+0000] {processor.py:208} INFO - Processing /home/ubuntu/customer_churn_youtube_venv/lib/python3.12/site-packages/airflow/example_dags/example_branch_python_dop_operator_3.py took 0.082 seconds
[2025-03-27T16:52:40.156+0000] {processor.py:186} INFO - Started process (PID=7841) to work on /home/ubuntu/customer_churn_youtube_venv/lib/python3.12/site-packages/airflow/example_dags/example_branch_python_dop_operator_3.py
[2025-03-27T16:52:40.158+0000] {processor.py:914} INFO - Processing file /home/ubuntu/customer_churn_youtube_venv/lib/python3.12/site-packages/airflow/example_dags/example_branch_python_dop_operator_3.py for tasks to queue
[2025-03-27T16:52:40.160+0000] {logging_mixin.py:190} INFO - [2025-03-27T16:52:40.160+0000] {dagbag.py:588} INFO - Filling up the DagBag from /home/ubuntu/customer_churn_youtube_venv/lib/python3.12/site-packages/airflow/example_dags/example_branch_python_dop_operator_3.py
[2025-03-27T16:52:40.172+0000] {processor.py:925} INFO - DAG(s) 'example_branch_dop_operator_v3' retrieved from /home/ubuntu/customer_churn_youtube_venv/lib/python3.12/site-packages/airflow/example_dags/example_branch_python_dop_operator_3.py
[2025-03-27T16:52:40.188+0000] {logging_mixin.py:190} INFO - [2025-03-27T16:52:40.187+0000] {dag.py:3239} INFO - Sync 1 DAGs
[2025-03-27T16:52:40.209+0000] {logging_mixin.py:190} INFO - [2025-03-27T16:52:40.209+0000] {dag.py:4180} INFO - Setting next_dagrun for example_branch_dop_operator_v3 to 2025-03-27 16:51:00+00:00, run_after=2025-03-27 16:52:00+00:00
[2025-03-27T16:52:40.232+0000] {processor.py:208} INFO - Processing /home/ubuntu/customer_churn_youtube_venv/lib/python3.12/site-packages/airflow/example_dags/example_branch_python_dop_operator_3.py took 0.082 seconds
[2025-03-27T16:53:54.432+0000] {processor.py:186} INFO - Started process (PID=7923) to work on /home/ubuntu/customer_churn_youtube_venv/lib/python3.12/site-packages/airflow/example_dags/example_branch_python_dop_operator_3.py
[2025-03-27T16:53:54.433+0000] {processor.py:914} INFO - Processing file /home/ubuntu/customer_churn_youtube_venv/lib/python3.12/site-packages/airflow/example_dags/example_branch_python_dop_operator_3.py for tasks to queue
[2025-03-27T16:53:54.436+0000] {logging_mixin.py:190} INFO - [2025-03-27T16:53:54.436+0000] {dagbag.py:588} INFO - Filling up the DagBag from /home/ubuntu/customer_churn_youtube_venv/lib/python3.12/site-packages/airflow/example_dags/example_branch_python_dop_operator_3.py
[2025-03-27T16:53:54.448+0000] {processor.py:925} INFO - DAG(s) 'example_branch_dop_operator_v3' retrieved from /home/ubuntu/customer_churn_youtube_venv/lib/python3.12/site-packages/airflow/example_dags/example_branch_python_dop_operator_3.py
[2025-03-27T16:53:54.463+0000] {logging_mixin.py:190} INFO - [2025-03-27T16:53:54.462+0000] {dag.py:3239} INFO - Sync 1 DAGs
[2025-03-27T16:53:54.484+0000] {logging_mixin.py:190} INFO - [2025-03-27T16:53:54.484+0000] {dag.py:4180} INFO - Setting next_dagrun for example_branch_dop_operator_v3 to 2025-03-27 16:52:00+00:00, run_after=2025-03-27 16:53:00+00:00
[2025-03-27T16:53:54.507+0000] {processor.py:208} INFO - Processing /home/ubuntu/customer_churn_youtube_venv/lib/python3.12/site-packages/airflow/example_dags/example_branch_python_dop_operator_3.py took 0.082 seconds
[2025-03-27T16:55:11.136+0000] {processor.py:186} INFO - Started process (PID=8006) to work on /home/ubuntu/customer_churn_youtube_venv/lib/python3.12/site-packages/airflow/example_dags/example_branch_python_dop_operator_3.py
[2025-03-27T16:55:11.138+0000] {processor.py:914} INFO - Processing file /home/ubuntu/customer_churn_youtube_venv/lib/python3.12/site-packages/airflow/example_dags/example_branch_python_dop_operator_3.py for tasks to queue
[2025-03-27T16:55:11.140+0000] {logging_mixin.py:190} INFO - [2025-03-27T16:55:11.140+0000] {dagbag.py:588} INFO - Filling up the DagBag from /home/ubuntu/customer_churn_youtube_venv/lib/python3.12/site-packages/airflow/example_dags/example_branch_python_dop_operator_3.py
[2025-03-27T16:55:11.152+0000] {processor.py:925} INFO - DAG(s) 'example_branch_dop_operator_v3' retrieved from /home/ubuntu/customer_churn_youtube_venv/lib/python3.12/site-packages/airflow/example_dags/example_branch_python_dop_operator_3.py
[2025-03-27T16:55:11.166+0000] {logging_mixin.py:190} INFO - [2025-03-27T16:55:11.166+0000] {dag.py:3239} INFO - Sync 1 DAGs
[2025-03-27T16:55:11.187+0000] {logging_mixin.py:190} INFO - [2025-03-27T16:55:11.187+0000] {dag.py:4180} INFO - Setting next_dagrun for example_branch_dop_operator_v3 to 2025-03-27 16:54:00+00:00, run_after=2025-03-27 16:55:00+00:00
[2025-03-27T16:55:11.212+0000] {processor.py:208} INFO - Processing /home/ubuntu/customer_churn_youtube_venv/lib/python3.12/site-packages/airflow/example_dags/example_branch_python_dop_operator_3.py took 0.084 seconds
[2025-03-27T16:56:34.429+0000] {processor.py:186} INFO - Started process (PID=8110) to work on /home/ubuntu/customer_churn_youtube_venv/lib/python3.12/site-packages/airflow/example_dags/example_branch_python_dop_operator_3.py
[2025-03-27T16:56:34.431+0000] {processor.py:914} INFO - Processing file /home/ubuntu/customer_churn_youtube_venv/lib/python3.12/site-packages/airflow/example_dags/example_branch_python_dop_operator_3.py for tasks to queue
[2025-03-27T16:56:34.433+0000] {logging_mixin.py:190} INFO - [2025-03-27T16:56:34.432+0000] {dagbag.py:588} INFO - Filling up the DagBag from /home/ubuntu/customer_churn_youtube_venv/lib/python3.12/site-packages/airflow/example_dags/example_branch_python_dop_operator_3.py
[2025-03-27T16:56:34.444+0000] {processor.py:925} INFO - DAG(s) 'example_branch_dop_operator_v3' retrieved from /home/ubuntu/customer_churn_youtube_venv/lib/python3.12/site-packages/airflow/example_dags/example_branch_python_dop_operator_3.py
[2025-03-27T16:56:34.544+0000] {logging_mixin.py:190} INFO - [2025-03-27T16:56:34.544+0000] {dag.py:3239} INFO - Sync 1 DAGs
[2025-03-27T16:56:34.563+0000] {logging_mixin.py:190} INFO - [2025-03-27T16:56:34.563+0000] {dag.py:4180} INFO - Setting next_dagrun for example_branch_dop_operator_v3 to 2025-03-27 16:55:00+00:00, run_after=2025-03-27 16:56:00+00:00
[2025-03-27T16:56:34.586+0000] {processor.py:208} INFO - Processing /home/ubuntu/customer_churn_youtube_venv/lib/python3.12/site-packages/airflow/example_dags/example_branch_python_dop_operator_3.py took 0.162 seconds
[2025-03-27T16:57:32.496+0000] {processor.py:186} INFO - Started process (PID=8167) to work on /home/ubuntu/customer_churn_youtube_venv/lib/python3.12/site-packages/airflow/example_dags/example_branch_python_dop_operator_3.py
[2025-03-27T16:57:32.498+0000] {processor.py:914} INFO - Processing file /home/ubuntu/customer_churn_youtube_venv/lib/python3.12/site-packages/airflow/example_dags/example_branch_python_dop_operator_3.py for tasks to queue
[2025-03-27T16:57:32.500+0000] {logging_mixin.py:190} INFO - [2025-03-27T16:57:32.500+0000] {dagbag.py:588} INFO - Filling up the DagBag from /home/ubuntu/customer_churn_youtube_venv/lib/python3.12/site-packages/airflow/example_dags/example_branch_python_dop_operator_3.py
[2025-03-27T16:57:32.511+0000] {processor.py:925} INFO - DAG(s) 'example_branch_dop_operator_v3' retrieved from /home/ubuntu/customer_churn_youtube_venv/lib/python3.12/site-packages/airflow/example_dags/example_branch_python_dop_operator_3.py
[2025-03-27T16:57:32.527+0000] {logging_mixin.py:190} INFO - [2025-03-27T16:57:32.527+0000] {dag.py:3239} INFO - Sync 1 DAGs
[2025-03-27T16:57:32.547+0000] {logging_mixin.py:190} INFO - [2025-03-27T16:57:32.547+0000] {dag.py:4180} INFO - Setting next_dagrun for example_branch_dop_operator_v3 to 2025-03-27 16:56:00+00:00, run_after=2025-03-27 16:57:00+00:00
[2025-03-27T16:57:32.571+0000] {processor.py:208} INFO - Processing /home/ubuntu/customer_churn_youtube_venv/lib/python3.12/site-packages/airflow/example_dags/example_branch_python_dop_operator_3.py took 0.082 seconds
[2025-03-27T16:58:28.460+0000] {processor.py:186} INFO - Started process (PID=8222) to work on /home/ubuntu/customer_churn_youtube_venv/lib/python3.12/site-packages/airflow/example_dags/example_branch_python_dop_operator_3.py
[2025-03-27T16:58:28.462+0000] {processor.py:914} INFO - Processing file /home/ubuntu/customer_churn_youtube_venv/lib/python3.12/site-packages/airflow/example_dags/example_branch_python_dop_operator_3.py for tasks to queue
[2025-03-27T16:58:28.464+0000] {logging_mixin.py:190} INFO - [2025-03-27T16:58:28.464+0000] {dagbag.py:588} INFO - Filling up the DagBag from /home/ubuntu/customer_churn_youtube_venv/lib/python3.12/site-packages/airflow/example_dags/example_branch_python_dop_operator_3.py
[2025-03-27T16:58:28.475+0000] {processor.py:925} INFO - DAG(s) 'example_branch_dop_operator_v3' retrieved from /home/ubuntu/customer_churn_youtube_venv/lib/python3.12/site-packages/airflow/example_dags/example_branch_python_dop_operator_3.py
[2025-03-27T16:58:28.490+0000] {logging_mixin.py:190} INFO - [2025-03-27T16:58:28.489+0000] {dag.py:3239} INFO - Sync 1 DAGs
[2025-03-27T16:58:28.513+0000] {logging_mixin.py:190} INFO - [2025-03-27T16:58:28.513+0000] {dag.py:4180} INFO - Setting next_dagrun for example_branch_dop_operator_v3 to 2025-03-27 16:57:00+00:00, run_after=2025-03-27 16:58:00+00:00
[2025-03-27T16:58:28.534+0000] {processor.py:208} INFO - Processing /home/ubuntu/customer_churn_youtube_venv/lib/python3.12/site-packages/airflow/example_dags/example_branch_python_dop_operator_3.py took 0.080 seconds
[2025-03-27T16:59:27.794+0000] {processor.py:186} INFO - Started process (PID=8303) to work on /home/ubuntu/customer_churn_youtube_venv/lib/python3.12/site-packages/airflow/example_dags/example_branch_python_dop_operator_3.py
[2025-03-27T16:59:27.797+0000] {processor.py:914} INFO - Processing file /home/ubuntu/customer_churn_youtube_venv/lib/python3.12/site-packages/airflow/example_dags/example_branch_python_dop_operator_3.py for tasks to queue
[2025-03-27T16:59:27.799+0000] {logging_mixin.py:190} INFO - [2025-03-27T16:59:27.798+0000] {dagbag.py:588} INFO - Filling up the DagBag from /home/ubuntu/customer_churn_youtube_venv/lib/python3.12/site-packages/airflow/example_dags/example_branch_python_dop_operator_3.py
[2025-03-27T16:59:27.810+0000] {processor.py:925} INFO - DAG(s) 'example_branch_dop_operator_v3' retrieved from /home/ubuntu/customer_churn_youtube_venv/lib/python3.12/site-packages/airflow/example_dags/example_branch_python_dop_operator_3.py
[2025-03-27T16:59:27.902+0000] {logging_mixin.py:190} INFO - [2025-03-27T16:59:27.902+0000] {dag.py:3239} INFO - Sync 1 DAGs
[2025-03-27T16:59:27.923+0000] {logging_mixin.py:190} INFO - [2025-03-27T16:59:27.923+0000] {dag.py:4180} INFO - Setting next_dagrun for example_branch_dop_operator_v3 to 2025-03-27 16:58:00+00:00, run_after=2025-03-27 16:59:00+00:00
[2025-03-27T16:59:27.949+0000] {processor.py:208} INFO - Processing /home/ubuntu/customer_churn_youtube_venv/lib/python3.12/site-packages/airflow/example_dags/example_branch_python_dop_operator_3.py took 0.160 seconds
[2025-03-27T17:00:25.835+0000] {processor.py:186} INFO - Started process (PID=8368) to work on /home/ubuntu/customer_churn_youtube_venv/lib/python3.12/site-packages/airflow/example_dags/example_branch_python_dop_operator_3.py
[2025-03-27T17:00:25.837+0000] {processor.py:914} INFO - Processing file /home/ubuntu/customer_churn_youtube_venv/lib/python3.12/site-packages/airflow/example_dags/example_branch_python_dop_operator_3.py for tasks to queue
[2025-03-27T17:00:25.838+0000] {logging_mixin.py:190} INFO - [2025-03-27T17:00:25.838+0000] {dagbag.py:588} INFO - Filling up the DagBag from /home/ubuntu/customer_churn_youtube_venv/lib/python3.12/site-packages/airflow/example_dags/example_branch_python_dop_operator_3.py
[2025-03-27T17:00:25.849+0000] {processor.py:925} INFO - DAG(s) 'example_branch_dop_operator_v3' retrieved from /home/ubuntu/customer_churn_youtube_venv/lib/python3.12/site-packages/airflow/example_dags/example_branch_python_dop_operator_3.py
[2025-03-27T17:00:25.866+0000] {logging_mixin.py:190} INFO - [2025-03-27T17:00:25.865+0000] {dag.py:3239} INFO - Sync 1 DAGs
[2025-03-27T17:00:25.887+0000] {logging_mixin.py:190} INFO - [2025-03-27T17:00:25.887+0000] {dag.py:4180} INFO - Setting next_dagrun for example_branch_dop_operator_v3 to 2025-03-27 16:59:00+00:00, run_after=2025-03-27 17:00:00+00:00
[2025-03-27T17:00:25.908+0000] {processor.py:208} INFO - Processing /home/ubuntu/customer_churn_youtube_venv/lib/python3.12/site-packages/airflow/example_dags/example_branch_python_dop_operator_3.py took 0.079 seconds
[2025-03-27T17:01:17.937+0000] {processor.py:186} INFO - Started process (PID=8423) to work on /home/ubuntu/customer_churn_youtube_venv/lib/python3.12/site-packages/airflow/example_dags/example_branch_python_dop_operator_3.py
[2025-03-27T17:01:17.938+0000] {processor.py:914} INFO - Processing file /home/ubuntu/customer_churn_youtube_venv/lib/python3.12/site-packages/airflow/example_dags/example_branch_python_dop_operator_3.py for tasks to queue
[2025-03-27T17:01:17.940+0000] {logging_mixin.py:190} INFO - [2025-03-27T17:01:17.940+0000] {dagbag.py:588} INFO - Filling up the DagBag from /home/ubuntu/customer_churn_youtube_venv/lib/python3.12/site-packages/airflow/example_dags/example_branch_python_dop_operator_3.py
[2025-03-27T17:01:17.951+0000] {processor.py:925} INFO - DAG(s) 'example_branch_dop_operator_v3' retrieved from /home/ubuntu/customer_churn_youtube_venv/lib/python3.12/site-packages/airflow/example_dags/example_branch_python_dop_operator_3.py
[2025-03-27T17:01:17.966+0000] {logging_mixin.py:190} INFO - [2025-03-27T17:01:17.966+0000] {dag.py:3239} INFO - Sync 1 DAGs
[2025-03-27T17:01:17.987+0000] {logging_mixin.py:190} INFO - [2025-03-27T17:01:17.987+0000] {dag.py:4180} INFO - Setting next_dagrun for example_branch_dop_operator_v3 to 2025-03-27 17:00:00+00:00, run_after=2025-03-27 17:01:00+00:00
[2025-03-27T17:01:18.012+0000] {processor.py:208} INFO - Processing /home/ubuntu/customer_churn_youtube_venv/lib/python3.12/site-packages/airflow/example_dags/example_branch_python_dop_operator_3.py took 0.082 seconds
[2025-03-27T17:02:14.392+0000] {processor.py:186} INFO - Started process (PID=8482) to work on /home/ubuntu/customer_churn_youtube_venv/lib/python3.12/site-packages/airflow/example_dags/example_branch_python_dop_operator_3.py
[2025-03-27T17:02:14.393+0000] {processor.py:914} INFO - Processing file /home/ubuntu/customer_churn_youtube_venv/lib/python3.12/site-packages/airflow/example_dags/example_branch_python_dop_operator_3.py for tasks to queue
[2025-03-27T17:02:14.396+0000] {logging_mixin.py:190} INFO - [2025-03-27T17:02:14.395+0000] {dagbag.py:588} INFO - Filling up the DagBag from /home/ubuntu/customer_churn_youtube_venv/lib/python3.12/site-packages/airflow/example_dags/example_branch_python_dop_operator_3.py
[2025-03-27T17:02:14.406+0000] {processor.py:925} INFO - DAG(s) 'example_branch_dop_operator_v3' retrieved from /home/ubuntu/customer_churn_youtube_venv/lib/python3.12/site-packages/airflow/example_dags/example_branch_python_dop_operator_3.py
[2025-03-27T17:02:14.423+0000] {logging_mixin.py:190} INFO - [2025-03-27T17:02:14.422+0000] {dag.py:3239} INFO - Sync 1 DAGs
[2025-03-27T17:02:14.446+0000] {logging_mixin.py:190} INFO - [2025-03-27T17:02:14.445+0000] {dag.py:4180} INFO - Setting next_dagrun for example_branch_dop_operator_v3 to 2025-03-27 17:01:00+00:00, run_after=2025-03-27 17:02:00+00:00
[2025-03-27T17:02:14.467+0000] {processor.py:208} INFO - Processing /home/ubuntu/customer_churn_youtube_venv/lib/python3.12/site-packages/airflow/example_dags/example_branch_python_dop_operator_3.py took 0.082 seconds
[2025-03-27T17:03:30.422+0000] {processor.py:186} INFO - Started process (PID=8565) to work on /home/ubuntu/customer_churn_youtube_venv/lib/python3.12/site-packages/airflow/example_dags/example_branch_python_dop_operator_3.py
[2025-03-27T17:03:30.424+0000] {processor.py:914} INFO - Processing file /home/ubuntu/customer_churn_youtube_venv/lib/python3.12/site-packages/airflow/example_dags/example_branch_python_dop_operator_3.py for tasks to queue
[2025-03-27T17:03:30.427+0000] {logging_mixin.py:190} INFO - [2025-03-27T17:03:30.426+0000] {dagbag.py:588} INFO - Filling up the DagBag from /home/ubuntu/customer_churn_youtube_venv/lib/python3.12/site-packages/airflow/example_dags/example_branch_python_dop_operator_3.py
[2025-03-27T17:03:30.438+0000] {processor.py:925} INFO - DAG(s) 'example_branch_dop_operator_v3' retrieved from /home/ubuntu/customer_churn_youtube_venv/lib/python3.12/site-packages/airflow/example_dags/example_branch_python_dop_operator_3.py
[2025-03-27T17:03:30.532+0000] {logging_mixin.py:190} INFO - [2025-03-27T17:03:30.532+0000] {dag.py:3239} INFO - Sync 1 DAGs
[2025-03-27T17:03:30.542+0000] {logging_mixin.py:190} INFO - [2025-03-27T17:03:30.541+0000] {dag.py:3262} INFO - Creating ORM DAG for example_branch_dop_operator_v3
[2025-03-27T17:03:30.552+0000] {logging_mixin.py:190} INFO - [2025-03-27T17:03:30.552+0000] {dag.py:4180} INFO - Setting next_dagrun for example_branch_dop_operator_v3 to 2025-03-27 17:02:00+00:00, run_after=2025-03-27 17:03:00+00:00
[2025-03-27T17:03:30.574+0000] {processor.py:208} INFO - Processing /home/ubuntu/customer_churn_youtube_venv/lib/python3.12/site-packages/airflow/example_dags/example_branch_python_dop_operator_3.py took 0.157 seconds
[2025-03-27T17:04:49.489+0000] {processor.py:186} INFO - Started process (PID=8659) to work on /home/ubuntu/customer_churn_youtube_venv/lib/python3.12/site-packages/airflow/example_dags/example_branch_python_dop_operator_3.py
[2025-03-27T17:04:49.490+0000] {processor.py:914} INFO - Processing file /home/ubuntu/customer_churn_youtube_venv/lib/python3.12/site-packages/airflow/example_dags/example_branch_python_dop_operator_3.py for tasks to queue
[2025-03-27T17:04:49.492+0000] {logging_mixin.py:190} INFO - [2025-03-27T17:04:49.492+0000] {dagbag.py:588} INFO - Filling up the DagBag from /home/ubuntu/customer_churn_youtube_venv/lib/python3.12/site-packages/airflow/example_dags/example_branch_python_dop_operator_3.py
[2025-03-27T17:04:49.504+0000] {processor.py:925} INFO - DAG(s) 'example_branch_dop_operator_v3' retrieved from /home/ubuntu/customer_churn_youtube_venv/lib/python3.12/site-packages/airflow/example_dags/example_branch_python_dop_operator_3.py
[2025-03-27T17:04:49.518+0000] {logging_mixin.py:190} INFO - [2025-03-27T17:04:49.518+0000] {dag.py:3239} INFO - Sync 1 DAGs
[2025-03-27T17:04:49.540+0000] {logging_mixin.py:190} INFO - [2025-03-27T17:04:49.540+0000] {dag.py:4180} INFO - Setting next_dagrun for example_branch_dop_operator_v3 to 2025-03-27 17:03:00+00:00, run_after=2025-03-27 17:04:00+00:00
[2025-03-27T17:04:49.565+0000] {processor.py:208} INFO - Processing /home/ubuntu/customer_churn_youtube_venv/lib/python3.12/site-packages/airflow/example_dags/example_branch_python_dop_operator_3.py took 0.081 seconds
[2025-03-27T17:06:07.845+0000] {processor.py:186} INFO - Started process (PID=8756) to work on /home/ubuntu/customer_churn_youtube_venv/lib/python3.12/site-packages/airflow/example_dags/example_branch_python_dop_operator_3.py
[2025-03-27T17:06:07.846+0000] {processor.py:914} INFO - Processing file /home/ubuntu/customer_churn_youtube_venv/lib/python3.12/site-packages/airflow/example_dags/example_branch_python_dop_operator_3.py for tasks to queue
[2025-03-27T17:06:07.848+0000] {logging_mixin.py:190} INFO - [2025-03-27T17:06:07.848+0000] {dagbag.py:588} INFO - Filling up the DagBag from /home/ubuntu/customer_churn_youtube_venv/lib/python3.12/site-packages/airflow/example_dags/example_branch_python_dop_operator_3.py
[2025-03-27T17:06:07.860+0000] {processor.py:925} INFO - DAG(s) 'example_branch_dop_operator_v3' retrieved from /home/ubuntu/customer_churn_youtube_venv/lib/python3.12/site-packages/airflow/example_dags/example_branch_python_dop_operator_3.py
[2025-03-27T17:06:07.876+0000] {logging_mixin.py:190} INFO - [2025-03-27T17:06:07.876+0000] {dag.py:3239} INFO - Sync 1 DAGs
[2025-03-27T17:06:07.898+0000] {logging_mixin.py:190} INFO - [2025-03-27T17:06:07.898+0000] {dag.py:4180} INFO - Setting next_dagrun for example_branch_dop_operator_v3 to 2025-03-27 17:05:00+00:00, run_after=2025-03-27 17:06:00+00:00
[2025-03-27T17:06:07.919+0000] {processor.py:208} INFO - Processing /home/ubuntu/customer_churn_youtube_venv/lib/python3.12/site-packages/airflow/example_dags/example_branch_python_dop_operator_3.py took 0.080 seconds
[2025-03-27T17:07:26.119+0000] {processor.py:186} INFO - Started process (PID=8846) to work on /home/ubuntu/customer_churn_youtube_venv/lib/python3.12/site-packages/airflow/example_dags/example_branch_python_dop_operator_3.py
[2025-03-27T17:07:26.121+0000] {processor.py:914} INFO - Processing file /home/ubuntu/customer_churn_youtube_venv/lib/python3.12/site-packages/airflow/example_dags/example_branch_python_dop_operator_3.py for tasks to queue
[2025-03-27T17:07:26.124+0000] {logging_mixin.py:190} INFO - [2025-03-27T17:07:26.123+0000] {dagbag.py:588} INFO - Filling up the DagBag from /home/ubuntu/customer_churn_youtube_venv/lib/python3.12/site-packages/airflow/example_dags/example_branch_python_dop_operator_3.py
[2025-03-27T17:07:26.134+0000] {processor.py:925} INFO - DAG(s) 'example_branch_dop_operator_v3' retrieved from /home/ubuntu/customer_churn_youtube_venv/lib/python3.12/site-packages/airflow/example_dags/example_branch_python_dop_operator_3.py
[2025-03-27T17:07:26.149+0000] {logging_mixin.py:190} INFO - [2025-03-27T17:07:26.149+0000] {dag.py:3239} INFO - Sync 1 DAGs
[2025-03-27T17:07:26.173+0000] {logging_mixin.py:190} INFO - [2025-03-27T17:07:26.173+0000] {dag.py:4180} INFO - Setting next_dagrun for example_branch_dop_operator_v3 to 2025-03-27 17:06:00+00:00, run_after=2025-03-27 17:07:00+00:00
[2025-03-27T17:07:26.197+0000] {processor.py:208} INFO - Processing /home/ubuntu/customer_churn_youtube_venv/lib/python3.12/site-packages/airflow/example_dags/example_branch_python_dop_operator_3.py took 0.084 seconds
[2025-03-27T17:08:45.941+0000] {processor.py:186} INFO - Started process (PID=8932) to work on /home/ubuntu/customer_churn_youtube_venv/lib/python3.12/site-packages/airflow/example_dags/example_branch_python_dop_operator_3.py
[2025-03-27T17:08:45.943+0000] {processor.py:914} INFO - Processing file /home/ubuntu/customer_churn_youtube_venv/lib/python3.12/site-packages/airflow/example_dags/example_branch_python_dop_operator_3.py for tasks to queue
[2025-03-27T17:08:45.945+0000] {logging_mixin.py:190} INFO - [2025-03-27T17:08:45.945+0000] {dagbag.py:588} INFO - Filling up the DagBag from /home/ubuntu/customer_churn_youtube_venv/lib/python3.12/site-packages/airflow/example_dags/example_branch_python_dop_operator_3.py
[2025-03-27T17:08:45.956+0000] {processor.py:925} INFO - DAG(s) 'example_branch_dop_operator_v3' retrieved from /home/ubuntu/customer_churn_youtube_venv/lib/python3.12/site-packages/airflow/example_dags/example_branch_python_dop_operator_3.py
[2025-03-27T17:08:45.971+0000] {logging_mixin.py:190} INFO - [2025-03-27T17:08:45.971+0000] {dag.py:3239} INFO - Sync 1 DAGs
[2025-03-27T17:08:45.993+0000] {logging_mixin.py:190} INFO - [2025-03-27T17:08:45.992+0000] {dag.py:4180} INFO - Setting next_dagrun for example_branch_dop_operator_v3 to 2025-03-27 17:07:00+00:00, run_after=2025-03-27 17:08:00+00:00
[2025-03-27T17:08:46.016+0000] {processor.py:208} INFO - Processing /home/ubuntu/customer_churn_youtube_venv/lib/python3.12/site-packages/airflow/example_dags/example_branch_python_dop_operator_3.py took 0.081 seconds
[2025-03-27T17:10:06.006+0000] {processor.py:186} INFO - Started process (PID=9022) to work on /home/ubuntu/customer_churn_youtube_venv/lib/python3.12/site-packages/airflow/example_dags/example_branch_python_dop_operator_3.py
[2025-03-27T17:10:06.008+0000] {processor.py:914} INFO - Processing file /home/ubuntu/customer_churn_youtube_venv/lib/python3.12/site-packages/airflow/example_dags/example_branch_python_dop_operator_3.py for tasks to queue
[2025-03-27T17:10:06.010+0000] {logging_mixin.py:190} INFO - [2025-03-27T17:10:06.010+0000] {dagbag.py:588} INFO - Filling up the DagBag from /home/ubuntu/customer_churn_youtube_venv/lib/python3.12/site-packages/airflow/example_dags/example_branch_python_dop_operator_3.py
[2025-03-27T17:10:06.022+0000] {processor.py:925} INFO - DAG(s) 'example_branch_dop_operator_v3' retrieved from /home/ubuntu/customer_churn_youtube_venv/lib/python3.12/site-packages/airflow/example_dags/example_branch_python_dop_operator_3.py
[2025-03-27T17:10:06.038+0000] {logging_mixin.py:190} INFO - [2025-03-27T17:10:06.038+0000] {dag.py:3239} INFO - Sync 1 DAGs
[2025-03-27T17:10:06.060+0000] {logging_mixin.py:190} INFO - [2025-03-27T17:10:06.060+0000] {dag.py:4180} INFO - Setting next_dagrun for example_branch_dop_operator_v3 to 2025-03-27 17:09:00+00:00, run_after=2025-03-27 17:10:00+00:00
[2025-03-27T17:10:06.083+0000] {processor.py:208} INFO - Processing /home/ubuntu/customer_churn_youtube_venv/lib/python3.12/site-packages/airflow/example_dags/example_branch_python_dop_operator_3.py took 0.082 seconds
[2025-03-27T17:11:00.877+0000] {processor.py:186} INFO - Started process (PID=9082) to work on /home/ubuntu/customer_churn_youtube_venv/lib/python3.12/site-packages/airflow/example_dags/example_branch_python_dop_operator_3.py
[2025-03-27T17:11:00.880+0000] {processor.py:914} INFO - Processing file /home/ubuntu/customer_churn_youtube_venv/lib/python3.12/site-packages/airflow/example_dags/example_branch_python_dop_operator_3.py for tasks to queue
[2025-03-27T17:11:00.882+0000] {logging_mixin.py:190} INFO - [2025-03-27T17:11:00.882+0000] {dagbag.py:588} INFO - Filling up the DagBag from /home/ubuntu/customer_churn_youtube_venv/lib/python3.12/site-packages/airflow/example_dags/example_branch_python_dop_operator_3.py
[2025-03-27T17:11:00.894+0000] {processor.py:925} INFO - DAG(s) 'example_branch_dop_operator_v3' retrieved from /home/ubuntu/customer_churn_youtube_venv/lib/python3.12/site-packages/airflow/example_dags/example_branch_python_dop_operator_3.py
[2025-03-27T17:11:00.909+0000] {logging_mixin.py:190} INFO - [2025-03-27T17:11:00.909+0000] {dag.py:3239} INFO - Sync 1 DAGs
[2025-03-27T17:11:00.931+0000] {logging_mixin.py:190} INFO - [2025-03-27T17:11:00.931+0000] {dag.py:4180} INFO - Setting next_dagrun for example_branch_dop_operator_v3 to 2025-03-27 17:10:00+00:00, run_after=2025-03-27 17:11:00+00:00
[2025-03-27T17:11:00.953+0000] {processor.py:208} INFO - Processing /home/ubuntu/customer_churn_youtube_venv/lib/python3.12/site-packages/airflow/example_dags/example_branch_python_dop_operator_3.py took 0.082 seconds
[2025-03-27T17:12:20.912+0000] {processor.py:186} INFO - Started process (PID=9171) to work on /home/ubuntu/customer_churn_youtube_venv/lib/python3.12/site-packages/airflow/example_dags/example_branch_python_dop_operator_3.py
[2025-03-27T17:12:20.915+0000] {processor.py:914} INFO - Processing file /home/ubuntu/customer_churn_youtube_venv/lib/python3.12/site-packages/airflow/example_dags/example_branch_python_dop_operator_3.py for tasks to queue
[2025-03-27T17:12:20.916+0000] {logging_mixin.py:190} INFO - [2025-03-27T17:12:20.916+0000] {dagbag.py:588} INFO - Filling up the DagBag from /home/ubuntu/customer_churn_youtube_venv/lib/python3.12/site-packages/airflow/example_dags/example_branch_python_dop_operator_3.py
[2025-03-27T17:12:20.927+0000] {processor.py:925} INFO - DAG(s) 'example_branch_dop_operator_v3' retrieved from /home/ubuntu/customer_churn_youtube_venv/lib/python3.12/site-packages/airflow/example_dags/example_branch_python_dop_operator_3.py
[2025-03-27T17:12:20.942+0000] {logging_mixin.py:190} INFO - [2025-03-27T17:12:20.942+0000] {dag.py:3239} INFO - Sync 1 DAGs
[2025-03-27T17:12:20.964+0000] {logging_mixin.py:190} INFO - [2025-03-27T17:12:20.964+0000] {dag.py:4180} INFO - Setting next_dagrun for example_branch_dop_operator_v3 to 2025-03-27 17:11:00+00:00, run_after=2025-03-27 17:12:00+00:00
[2025-03-27T17:12:20.988+0000] {processor.py:208} INFO - Processing /home/ubuntu/customer_churn_youtube_venv/lib/python3.12/site-packages/airflow/example_dags/example_branch_python_dop_operator_3.py took 0.083 seconds
[2025-03-27T17:13:38.887+0000] {processor.py:186} INFO - Started process (PID=9262) to work on /home/ubuntu/customer_churn_youtube_venv/lib/python3.12/site-packages/airflow/example_dags/example_branch_python_dop_operator_3.py
[2025-03-27T17:13:38.889+0000] {processor.py:914} INFO - Processing file /home/ubuntu/customer_churn_youtube_venv/lib/python3.12/site-packages/airflow/example_dags/example_branch_python_dop_operator_3.py for tasks to queue
[2025-03-27T17:13:38.892+0000] {logging_mixin.py:190} INFO - [2025-03-27T17:13:38.891+0000] {dagbag.py:588} INFO - Filling up the DagBag from /home/ubuntu/customer_churn_youtube_venv/lib/python3.12/site-packages/airflow/example_dags/example_branch_python_dop_operator_3.py
[2025-03-27T17:13:38.903+0000] {processor.py:925} INFO - DAG(s) 'example_branch_dop_operator_v3' retrieved from /home/ubuntu/customer_churn_youtube_venv/lib/python3.12/site-packages/airflow/example_dags/example_branch_python_dop_operator_3.py
[2025-03-27T17:13:38.919+0000] {logging_mixin.py:190} INFO - [2025-03-27T17:13:38.918+0000] {dag.py:3239} INFO - Sync 1 DAGs
[2025-03-27T17:13:38.941+0000] {logging_mixin.py:190} INFO - [2025-03-27T17:13:38.941+0000] {dag.py:4180} INFO - Setting next_dagrun for example_branch_dop_operator_v3 to 2025-03-27 17:12:00+00:00, run_after=2025-03-27 17:13:00+00:00
[2025-03-27T17:13:38.963+0000] {processor.py:208} INFO - Processing /home/ubuntu/customer_churn_youtube_venv/lib/python3.12/site-packages/airflow/example_dags/example_branch_python_dop_operator_3.py took 0.081 seconds
[2025-03-27T17:14:32.618+0000] {processor.py:186} INFO - Started process (PID=9319) to work on /home/ubuntu/customer_churn_youtube_venv/lib/python3.12/site-packages/airflow/example_dags/example_branch_python_dop_operator_3.py
[2025-03-27T17:14:32.619+0000] {processor.py:914} INFO - Processing file /home/ubuntu/customer_churn_youtube_venv/lib/python3.12/site-packages/airflow/example_dags/example_branch_python_dop_operator_3.py for tasks to queue
[2025-03-27T17:14:32.621+0000] {logging_mixin.py:190} INFO - [2025-03-27T17:14:32.621+0000] {dagbag.py:588} INFO - Filling up the DagBag from /home/ubuntu/customer_churn_youtube_venv/lib/python3.12/site-packages/airflow/example_dags/example_branch_python_dop_operator_3.py
[2025-03-27T17:14:32.632+0000] {processor.py:925} INFO - DAG(s) 'example_branch_dop_operator_v3' retrieved from /home/ubuntu/customer_churn_youtube_venv/lib/python3.12/site-packages/airflow/example_dags/example_branch_python_dop_operator_3.py
[2025-03-27T17:14:32.647+0000] {logging_mixin.py:190} INFO - [2025-03-27T17:14:32.647+0000] {dag.py:3239} INFO - Sync 1 DAGs
[2025-03-27T17:14:32.670+0000] {logging_mixin.py:190} INFO - [2025-03-27T17:14:32.669+0000] {dag.py:4180} INFO - Setting next_dagrun for example_branch_dop_operator_v3 to 2025-03-27 17:13:00+00:00, run_after=2025-03-27 17:14:00+00:00
[2025-03-27T17:14:32.692+0000] {processor.py:208} INFO - Processing /home/ubuntu/customer_churn_youtube_venv/lib/python3.12/site-packages/airflow/example_dags/example_branch_python_dop_operator_3.py took 0.079 seconds
