[2025-03-27T16:09:39.978+0000] {processor.py:186} INFO - Started process (PID=3121) to work on /home/ubuntu/customer_churn_youtube_venv/lib/python3.12/site-packages/airflow/example_dags/example_bash_operator.py
[2025-03-27T16:09:39.979+0000] {processor.py:914} INFO - Processing file /home/ubuntu/customer_churn_youtube_venv/lib/python3.12/site-packages/airflow/example_dags/example_bash_operator.py for tasks to queue
[2025-03-27T16:09:39.981+0000] {logging_mixin.py:190} INFO - [2025-03-27T16:09:39.980+0000] {dagbag.py:588} INFO - Filling up the DagBag from /home/ubuntu/customer_churn_youtube_venv/lib/python3.12/site-packages/airflow/example_dags/example_bash_operator.py
[2025-03-27T16:09:39.994+0000] {processor.py:925} INFO - DAG(s) 'example_bash_operator' retrieved from /home/ubuntu/customer_churn_youtube_venv/lib/python3.12/site-packages/airflow/example_dags/example_bash_operator.py
[2025-03-27T16:09:40.016+0000] {logging_mixin.py:190} INFO - [2025-03-27T16:09:40.015+0000] {dag.py:3239} INFO - Sync 1 DAGs
[2025-03-27T16:09:40.037+0000] {logging_mixin.py:190} INFO - [2025-03-27T16:09:40.037+0000] {dag.py:4180} INFO - Setting next_dagrun for example_bash_operator to 2025-03-26 00:00:00+00:00, run_after=2025-03-27 00:00:00+00:00
[2025-03-27T16:09:40.058+0000] {processor.py:208} INFO - Processing /home/ubuntu/customer_churn_youtube_venv/lib/python3.12/site-packages/airflow/example_dags/example_bash_operator.py took 0.085 seconds
[2025-03-27T16:10:57.235+0000] {processor.py:186} INFO - Started process (PID=3209) to work on /home/ubuntu/customer_churn_youtube_venv/lib/python3.12/site-packages/airflow/example_dags/example_bash_operator.py
[2025-03-27T16:10:57.236+0000] {processor.py:914} INFO - Processing file /home/ubuntu/customer_churn_youtube_venv/lib/python3.12/site-packages/airflow/example_dags/example_bash_operator.py for tasks to queue
[2025-03-27T16:10:57.239+0000] {logging_mixin.py:190} INFO - [2025-03-27T16:10:57.238+0000] {dagbag.py:588} INFO - Filling up the DagBag from /home/ubuntu/customer_churn_youtube_venv/lib/python3.12/site-packages/airflow/example_dags/example_bash_operator.py
[2025-03-27T16:10:57.252+0000] {processor.py:925} INFO - DAG(s) 'example_bash_operator' retrieved from /home/ubuntu/customer_churn_youtube_venv/lib/python3.12/site-packages/airflow/example_dags/example_bash_operator.py
[2025-03-27T16:10:57.272+0000] {logging_mixin.py:190} INFO - [2025-03-27T16:10:57.272+0000] {dag.py:3239} INFO - Sync 1 DAGs
[2025-03-27T16:10:57.301+0000] {logging_mixin.py:190} INFO - [2025-03-27T16:10:57.301+0000] {dag.py:4180} INFO - Setting next_dagrun for example_bash_operator to 2025-03-26 00:00:00+00:00, run_after=2025-03-27 00:00:00+00:00
[2025-03-27T16:10:57.321+0000] {processor.py:208} INFO - Processing /home/ubuntu/customer_churn_youtube_venv/lib/python3.12/site-packages/airflow/example_dags/example_bash_operator.py took 0.092 seconds
[2025-03-27T16:12:21.089+0000] {processor.py:186} INFO - Started process (PID=3313) to work on /home/ubuntu/customer_churn_youtube_venv/lib/python3.12/site-packages/airflow/example_dags/example_bash_operator.py
[2025-03-27T16:12:21.091+0000] {processor.py:914} INFO - Processing file /home/ubuntu/customer_churn_youtube_venv/lib/python3.12/site-packages/airflow/example_dags/example_bash_operator.py for tasks to queue
[2025-03-27T16:12:21.094+0000] {logging_mixin.py:190} INFO - [2025-03-27T16:12:21.094+0000] {dagbag.py:588} INFO - Filling up the DagBag from /home/ubuntu/customer_churn_youtube_venv/lib/python3.12/site-packages/airflow/example_dags/example_bash_operator.py
[2025-03-27T16:12:21.106+0000] {processor.py:925} INFO - DAG(s) 'example_bash_operator' retrieved from /home/ubuntu/customer_churn_youtube_venv/lib/python3.12/site-packages/airflow/example_dags/example_bash_operator.py
[2025-03-27T16:12:21.127+0000] {logging_mixin.py:190} INFO - [2025-03-27T16:12:21.126+0000] {dag.py:3239} INFO - Sync 1 DAGs
[2025-03-27T16:12:21.148+0000] {logging_mixin.py:190} INFO - [2025-03-27T16:12:21.148+0000] {dag.py:4180} INFO - Setting next_dagrun for example_bash_operator to 2025-03-26 00:00:00+00:00, run_after=2025-03-27 00:00:00+00:00
[2025-03-27T16:12:21.168+0000] {processor.py:208} INFO - Processing /home/ubuntu/customer_churn_youtube_venv/lib/python3.12/site-packages/airflow/example_dags/example_bash_operator.py took 0.085 seconds
[2025-03-27T16:13:41.026+0000] {processor.py:186} INFO - Started process (PID=3411) to work on /home/ubuntu/customer_churn_youtube_venv/lib/python3.12/site-packages/airflow/example_dags/example_bash_operator.py
[2025-03-27T16:13:41.028+0000] {processor.py:914} INFO - Processing file /home/ubuntu/customer_churn_youtube_venv/lib/python3.12/site-packages/airflow/example_dags/example_bash_operator.py for tasks to queue
[2025-03-27T16:13:41.030+0000] {logging_mixin.py:190} INFO - [2025-03-27T16:13:41.029+0000] {dagbag.py:588} INFO - Filling up the DagBag from /home/ubuntu/customer_churn_youtube_venv/lib/python3.12/site-packages/airflow/example_dags/example_bash_operator.py
[2025-03-27T16:13:41.043+0000] {processor.py:925} INFO - DAG(s) 'example_bash_operator' retrieved from /home/ubuntu/customer_churn_youtube_venv/lib/python3.12/site-packages/airflow/example_dags/example_bash_operator.py
[2025-03-27T16:13:41.064+0000] {logging_mixin.py:190} INFO - [2025-03-27T16:13:41.064+0000] {dag.py:3239} INFO - Sync 1 DAGs
[2025-03-27T16:13:41.084+0000] {logging_mixin.py:190} INFO - [2025-03-27T16:13:41.084+0000] {dag.py:4180} INFO - Setting next_dagrun for example_bash_operator to 2025-03-26 00:00:00+00:00, run_after=2025-03-27 00:00:00+00:00
[2025-03-27T16:13:41.102+0000] {processor.py:208} INFO - Processing /home/ubuntu/customer_churn_youtube_venv/lib/python3.12/site-packages/airflow/example_dags/example_bash_operator.py took 0.080 seconds
[2025-03-27T16:14:57.816+0000] {processor.py:186} INFO - Started process (PID=3505) to work on /home/ubuntu/customer_churn_youtube_venv/lib/python3.12/site-packages/airflow/example_dags/example_bash_operator.py
[2025-03-27T16:14:57.818+0000] {processor.py:914} INFO - Processing file /home/ubuntu/customer_churn_youtube_venv/lib/python3.12/site-packages/airflow/example_dags/example_bash_operator.py for tasks to queue
[2025-03-27T16:14:57.820+0000] {logging_mixin.py:190} INFO - [2025-03-27T16:14:57.819+0000] {dagbag.py:588} INFO - Filling up the DagBag from /home/ubuntu/customer_churn_youtube_venv/lib/python3.12/site-packages/airflow/example_dags/example_bash_operator.py
[2025-03-27T16:14:57.832+0000] {processor.py:925} INFO - DAG(s) 'example_bash_operator' retrieved from /home/ubuntu/customer_churn_youtube_venv/lib/python3.12/site-packages/airflow/example_dags/example_bash_operator.py
[2025-03-27T16:14:57.859+0000] {logging_mixin.py:190} INFO - [2025-03-27T16:14:57.859+0000] {dag.py:3239} INFO - Sync 1 DAGs
[2025-03-27T16:14:58.000+0000] {logging_mixin.py:190} INFO - [2025-03-27T16:14:58.000+0000] {dag.py:4180} INFO - Setting next_dagrun for example_bash_operator to 2025-03-26 00:00:00+00:00, run_after=2025-03-27 00:00:00+00:00
[2025-03-27T16:14:58.021+0000] {processor.py:208} INFO - Processing /home/ubuntu/customer_churn_youtube_venv/lib/python3.12/site-packages/airflow/example_dags/example_bash_operator.py took 0.211 seconds
[2025-03-27T16:15:56.721+0000] {processor.py:186} INFO - Started process (PID=3571) to work on /home/ubuntu/customer_churn_youtube_venv/lib/python3.12/site-packages/airflow/example_dags/example_bash_operator.py
[2025-03-27T16:15:56.723+0000] {processor.py:914} INFO - Processing file /home/ubuntu/customer_churn_youtube_venv/lib/python3.12/site-packages/airflow/example_dags/example_bash_operator.py for tasks to queue
[2025-03-27T16:15:56.725+0000] {logging_mixin.py:190} INFO - [2025-03-27T16:15:56.725+0000] {dagbag.py:588} INFO - Filling up the DagBag from /home/ubuntu/customer_churn_youtube_venv/lib/python3.12/site-packages/airflow/example_dags/example_bash_operator.py
[2025-03-27T16:15:56.738+0000] {processor.py:925} INFO - DAG(s) 'example_bash_operator' retrieved from /home/ubuntu/customer_churn_youtube_venv/lib/python3.12/site-packages/airflow/example_dags/example_bash_operator.py
[2025-03-27T16:15:56.760+0000] {logging_mixin.py:190} INFO - [2025-03-27T16:15:56.760+0000] {dag.py:3239} INFO - Sync 1 DAGs
[2025-03-27T16:15:56.781+0000] {logging_mixin.py:190} INFO - [2025-03-27T16:15:56.780+0000] {dag.py:4180} INFO - Setting next_dagrun for example_bash_operator to 2025-03-26 00:00:00+00:00, run_after=2025-03-27 00:00:00+00:00
[2025-03-27T16:15:56.802+0000] {processor.py:208} INFO - Processing /home/ubuntu/customer_churn_youtube_venv/lib/python3.12/site-packages/airflow/example_dags/example_bash_operator.py took 0.086 seconds
[2025-03-27T16:17:16.588+0000] {processor.py:186} INFO - Started process (PID=3686) to work on /home/ubuntu/customer_churn_youtube_venv/lib/python3.12/site-packages/airflow/example_dags/example_bash_operator.py
[2025-03-27T16:17:16.590+0000] {processor.py:914} INFO - Processing file /home/ubuntu/customer_churn_youtube_venv/lib/python3.12/site-packages/airflow/example_dags/example_bash_operator.py for tasks to queue
[2025-03-27T16:17:16.592+0000] {logging_mixin.py:190} INFO - [2025-03-27T16:17:16.592+0000] {dagbag.py:588} INFO - Filling up the DagBag from /home/ubuntu/customer_churn_youtube_venv/lib/python3.12/site-packages/airflow/example_dags/example_bash_operator.py
[2025-03-27T16:17:16.605+0000] {processor.py:925} INFO - DAG(s) 'example_bash_operator' retrieved from /home/ubuntu/customer_churn_youtube_venv/lib/python3.12/site-packages/airflow/example_dags/example_bash_operator.py
[2025-03-27T16:17:16.626+0000] {logging_mixin.py:190} INFO - [2025-03-27T16:17:16.626+0000] {dag.py:3239} INFO - Sync 1 DAGs
[2025-03-27T16:17:16.646+0000] {logging_mixin.py:190} INFO - [2025-03-27T16:17:16.646+0000] {dag.py:4180} INFO - Setting next_dagrun for example_bash_operator to 2025-03-26 00:00:00+00:00, run_after=2025-03-27 00:00:00+00:00
[2025-03-27T16:17:16.671+0000] {processor.py:208} INFO - Processing /home/ubuntu/customer_churn_youtube_venv/lib/python3.12/site-packages/airflow/example_dags/example_bash_operator.py took 0.088 seconds
[2025-03-27T16:18:32.420+0000] {processor.py:186} INFO - Started process (PID=3768) to work on /home/ubuntu/customer_churn_youtube_venv/lib/python3.12/site-packages/airflow/example_dags/example_bash_operator.py
[2025-03-27T16:18:32.422+0000] {processor.py:914} INFO - Processing file /home/ubuntu/customer_churn_youtube_venv/lib/python3.12/site-packages/airflow/example_dags/example_bash_operator.py for tasks to queue
[2025-03-27T16:18:32.424+0000] {logging_mixin.py:190} INFO - [2025-03-27T16:18:32.423+0000] {dagbag.py:588} INFO - Filling up the DagBag from /home/ubuntu/customer_churn_youtube_venv/lib/python3.12/site-packages/airflow/example_dags/example_bash_operator.py
[2025-03-27T16:18:32.437+0000] {processor.py:925} INFO - DAG(s) 'example_bash_operator' retrieved from /home/ubuntu/customer_churn_youtube_venv/lib/python3.12/site-packages/airflow/example_dags/example_bash_operator.py
[2025-03-27T16:18:32.458+0000] {logging_mixin.py:190} INFO - [2025-03-27T16:18:32.458+0000] {dag.py:3239} INFO - Sync 1 DAGs
[2025-03-27T16:18:32.477+0000] {logging_mixin.py:190} INFO - [2025-03-27T16:18:32.477+0000] {dag.py:4180} INFO - Setting next_dagrun for example_bash_operator to 2025-03-26 00:00:00+00:00, run_after=2025-03-27 00:00:00+00:00
[2025-03-27T16:18:32.502+0000] {processor.py:208} INFO - Processing /home/ubuntu/customer_churn_youtube_venv/lib/python3.12/site-packages/airflow/example_dags/example_bash_operator.py took 0.087 seconds
[2025-03-27T16:19:52.057+0000] {processor.py:186} INFO - Started process (PID=3853) to work on /home/ubuntu/customer_churn_youtube_venv/lib/python3.12/site-packages/airflow/example_dags/example_bash_operator.py
[2025-03-27T16:19:52.058+0000] {processor.py:914} INFO - Processing file /home/ubuntu/customer_churn_youtube_venv/lib/python3.12/site-packages/airflow/example_dags/example_bash_operator.py for tasks to queue
[2025-03-27T16:19:52.061+0000] {logging_mixin.py:190} INFO - [2025-03-27T16:19:52.060+0000] {dagbag.py:588} INFO - Filling up the DagBag from /home/ubuntu/customer_churn_youtube_venv/lib/python3.12/site-packages/airflow/example_dags/example_bash_operator.py
[2025-03-27T16:19:52.074+0000] {processor.py:925} INFO - DAG(s) 'example_bash_operator' retrieved from /home/ubuntu/customer_churn_youtube_venv/lib/python3.12/site-packages/airflow/example_dags/example_bash_operator.py
[2025-03-27T16:19:52.096+0000] {logging_mixin.py:190} INFO - [2025-03-27T16:19:52.096+0000] {dag.py:3239} INFO - Sync 1 DAGs
[2025-03-27T16:19:52.117+0000] {logging_mixin.py:190} INFO - [2025-03-27T16:19:52.117+0000] {dag.py:4180} INFO - Setting next_dagrun for example_bash_operator to 2025-03-26 00:00:00+00:00, run_after=2025-03-27 00:00:00+00:00
[2025-03-27T16:19:52.152+0000] {processor.py:208} INFO - Processing /home/ubuntu/customer_churn_youtube_venv/lib/python3.12/site-packages/airflow/example_dags/example_bash_operator.py took 0.101 seconds
[2025-03-27T16:21:08.934+0000] {processor.py:186} INFO - Started process (PID=3979) to work on /home/ubuntu/customer_churn_youtube_venv/lib/python3.12/site-packages/airflow/example_dags/example_bash_operator.py
[2025-03-27T16:21:08.935+0000] {processor.py:914} INFO - Processing file /home/ubuntu/customer_churn_youtube_venv/lib/python3.12/site-packages/airflow/example_dags/example_bash_operator.py for tasks to queue
[2025-03-27T16:21:08.938+0000] {logging_mixin.py:190} INFO - [2025-03-27T16:21:08.937+0000] {dagbag.py:588} INFO - Filling up the DagBag from /home/ubuntu/customer_churn_youtube_venv/lib/python3.12/site-packages/airflow/example_dags/example_bash_operator.py
[2025-03-27T16:21:08.951+0000] {processor.py:925} INFO - DAG(s) 'example_bash_operator' retrieved from /home/ubuntu/customer_churn_youtube_venv/lib/python3.12/site-packages/airflow/example_dags/example_bash_operator.py
[2025-03-27T16:21:08.972+0000] {logging_mixin.py:190} INFO - [2025-03-27T16:21:08.972+0000] {dag.py:3239} INFO - Sync 1 DAGs
[2025-03-27T16:21:08.992+0000] {logging_mixin.py:190} INFO - [2025-03-27T16:21:08.991+0000] {dag.py:4180} INFO - Setting next_dagrun for example_bash_operator to 2025-03-26 00:00:00+00:00, run_after=2025-03-27 00:00:00+00:00
[2025-03-27T16:21:09.016+0000] {processor.py:208} INFO - Processing /home/ubuntu/customer_churn_youtube_venv/lib/python3.12/site-packages/airflow/example_dags/example_bash_operator.py took 0.088 seconds
[2025-03-27T16:22:27.865+0000] {processor.py:186} INFO - Started process (PID=4536) to work on /home/ubuntu/customer_churn_youtube_venv/lib/python3.12/site-packages/airflow/example_dags/example_bash_operator.py
[2025-03-27T16:22:27.871+0000] {processor.py:914} INFO - Processing file /home/ubuntu/customer_churn_youtube_venv/lib/python3.12/site-packages/airflow/example_dags/example_bash_operator.py for tasks to queue
[2025-03-27T16:22:27.874+0000] {logging_mixin.py:190} INFO - [2025-03-27T16:22:27.873+0000] {dagbag.py:588} INFO - Filling up the DagBag from /home/ubuntu/customer_churn_youtube_venv/lib/python3.12/site-packages/airflow/example_dags/example_bash_operator.py
[2025-03-27T16:22:27.898+0000] {processor.py:925} INFO - DAG(s) 'example_bash_operator' retrieved from /home/ubuntu/customer_churn_youtube_venv/lib/python3.12/site-packages/airflow/example_dags/example_bash_operator.py
[2025-03-27T16:22:27.930+0000] {logging_mixin.py:190} INFO - [2025-03-27T16:22:27.930+0000] {dag.py:3239} INFO - Sync 1 DAGs
[2025-03-27T16:22:27.961+0000] {logging_mixin.py:190} INFO - [2025-03-27T16:22:27.960+0000] {dag.py:4180} INFO - Setting next_dagrun for example_bash_operator to 2025-03-26 00:00:00+00:00, run_after=2025-03-27 00:00:00+00:00
[2025-03-27T16:22:27.983+0000] {processor.py:208} INFO - Processing /home/ubuntu/customer_churn_youtube_venv/lib/python3.12/site-packages/airflow/example_dags/example_bash_operator.py took 0.126 seconds
[2025-03-27T16:23:46.246+0000] {processor.py:186} INFO - Started process (PID=4621) to work on /home/ubuntu/customer_churn_youtube_venv/lib/python3.12/site-packages/airflow/example_dags/example_bash_operator.py
[2025-03-27T16:23:46.248+0000] {processor.py:914} INFO - Processing file /home/ubuntu/customer_churn_youtube_venv/lib/python3.12/site-packages/airflow/example_dags/example_bash_operator.py for tasks to queue
[2025-03-27T16:23:46.250+0000] {logging_mixin.py:190} INFO - [2025-03-27T16:23:46.250+0000] {dagbag.py:588} INFO - Filling up the DagBag from /home/ubuntu/customer_churn_youtube_venv/lib/python3.12/site-packages/airflow/example_dags/example_bash_operator.py
[2025-03-27T16:23:46.264+0000] {processor.py:925} INFO - DAG(s) 'example_bash_operator' retrieved from /home/ubuntu/customer_churn_youtube_venv/lib/python3.12/site-packages/airflow/example_dags/example_bash_operator.py
[2025-03-27T16:23:46.285+0000] {logging_mixin.py:190} INFO - [2025-03-27T16:23:46.285+0000] {dag.py:3239} INFO - Sync 1 DAGs
[2025-03-27T16:23:46.305+0000] {logging_mixin.py:190} INFO - [2025-03-27T16:23:46.305+0000] {dag.py:4180} INFO - Setting next_dagrun for example_bash_operator to 2025-03-26 00:00:00+00:00, run_after=2025-03-27 00:00:00+00:00
[2025-03-27T16:23:46.327+0000] {processor.py:208} INFO - Processing /home/ubuntu/customer_churn_youtube_venv/lib/python3.12/site-packages/airflow/example_dags/example_bash_operator.py took 0.087 seconds
[2025-03-27T16:24:59.804+0000] {processor.py:186} INFO - Started process (PID=4701) to work on /home/ubuntu/customer_churn_youtube_venv/lib/python3.12/site-packages/airflow/example_dags/example_bash_operator.py
[2025-03-27T16:24:59.805+0000] {processor.py:914} INFO - Processing file /home/ubuntu/customer_churn_youtube_venv/lib/python3.12/site-packages/airflow/example_dags/example_bash_operator.py for tasks to queue
[2025-03-27T16:24:59.808+0000] {logging_mixin.py:190} INFO - [2025-03-27T16:24:59.807+0000] {dagbag.py:588} INFO - Filling up the DagBag from /home/ubuntu/customer_churn_youtube_venv/lib/python3.12/site-packages/airflow/example_dags/example_bash_operator.py
[2025-03-27T16:24:59.820+0000] {processor.py:925} INFO - DAG(s) 'example_bash_operator' retrieved from /home/ubuntu/customer_churn_youtube_venv/lib/python3.12/site-packages/airflow/example_dags/example_bash_operator.py
[2025-03-27T16:24:59.841+0000] {logging_mixin.py:190} INFO - [2025-03-27T16:24:59.841+0000] {dag.py:3239} INFO - Sync 1 DAGs
[2025-03-27T16:24:59.862+0000] {logging_mixin.py:190} INFO - [2025-03-27T16:24:59.861+0000] {dag.py:4180} INFO - Setting next_dagrun for example_bash_operator to 2025-03-26 00:00:00+00:00, run_after=2025-03-27 00:00:00+00:00
[2025-03-27T16:24:59.885+0000] {processor.py:208} INFO - Processing /home/ubuntu/customer_churn_youtube_venv/lib/python3.12/site-packages/airflow/example_dags/example_bash_operator.py took 0.087 seconds
[2025-03-27T16:26:16.223+0000] {processor.py:186} INFO - Started process (PID=4790) to work on /home/ubuntu/customer_churn_youtube_venv/lib/python3.12/site-packages/airflow/example_dags/example_bash_operator.py
[2025-03-27T16:26:16.224+0000] {processor.py:914} INFO - Processing file /home/ubuntu/customer_churn_youtube_venv/lib/python3.12/site-packages/airflow/example_dags/example_bash_operator.py for tasks to queue
[2025-03-27T16:26:16.226+0000] {logging_mixin.py:190} INFO - [2025-03-27T16:26:16.226+0000] {dagbag.py:588} INFO - Filling up the DagBag from /home/ubuntu/customer_churn_youtube_venv/lib/python3.12/site-packages/airflow/example_dags/example_bash_operator.py
[2025-03-27T16:26:16.239+0000] {processor.py:925} INFO - DAG(s) 'example_bash_operator' retrieved from /home/ubuntu/customer_churn_youtube_venv/lib/python3.12/site-packages/airflow/example_dags/example_bash_operator.py
[2025-03-27T16:26:16.262+0000] {logging_mixin.py:190} INFO - [2025-03-27T16:26:16.262+0000] {dag.py:3239} INFO - Sync 1 DAGs
[2025-03-27T16:26:16.283+0000] {logging_mixin.py:190} INFO - [2025-03-27T16:26:16.283+0000] {dag.py:4180} INFO - Setting next_dagrun for example_bash_operator to 2025-03-26 00:00:00+00:00, run_after=2025-03-27 00:00:00+00:00
[2025-03-27T16:26:16.302+0000] {processor.py:208} INFO - Processing /home/ubuntu/customer_churn_youtube_venv/lib/python3.12/site-packages/airflow/example_dags/example_bash_operator.py took 0.085 seconds
[2025-03-27T16:27:36.013+0000] {processor.py:186} INFO - Started process (PID=4877) to work on /home/ubuntu/customer_churn_youtube_venv/lib/python3.12/site-packages/airflow/example_dags/example_bash_operator.py
[2025-03-27T16:27:36.014+0000] {processor.py:914} INFO - Processing file /home/ubuntu/customer_churn_youtube_venv/lib/python3.12/site-packages/airflow/example_dags/example_bash_operator.py for tasks to queue
[2025-03-27T16:27:36.018+0000] {logging_mixin.py:190} INFO - [2025-03-27T16:27:36.017+0000] {dagbag.py:588} INFO - Filling up the DagBag from /home/ubuntu/customer_churn_youtube_venv/lib/python3.12/site-packages/airflow/example_dags/example_bash_operator.py
[2025-03-27T16:27:36.031+0000] {processor.py:925} INFO - DAG(s) 'example_bash_operator' retrieved from /home/ubuntu/customer_churn_youtube_venv/lib/python3.12/site-packages/airflow/example_dags/example_bash_operator.py
[2025-03-27T16:27:36.052+0000] {logging_mixin.py:190} INFO - [2025-03-27T16:27:36.052+0000] {dag.py:3239} INFO - Sync 1 DAGs
[2025-03-27T16:27:36.074+0000] {logging_mixin.py:190} INFO - [2025-03-27T16:27:36.074+0000] {dag.py:4180} INFO - Setting next_dagrun for example_bash_operator to 2025-03-26 00:00:00+00:00, run_after=2025-03-27 00:00:00+00:00
[2025-03-27T16:27:36.098+0000] {processor.py:208} INFO - Processing /home/ubuntu/customer_churn_youtube_venv/lib/python3.12/site-packages/airflow/example_dags/example_bash_operator.py took 0.092 seconds
[2025-03-27T16:28:50.992+0000] {processor.py:186} INFO - Started process (PID=4960) to work on /home/ubuntu/customer_churn_youtube_venv/lib/python3.12/site-packages/airflow/example_dags/example_bash_operator.py
[2025-03-27T16:28:50.994+0000] {processor.py:914} INFO - Processing file /home/ubuntu/customer_churn_youtube_venv/lib/python3.12/site-packages/airflow/example_dags/example_bash_operator.py for tasks to queue
[2025-03-27T16:28:50.996+0000] {logging_mixin.py:190} INFO - [2025-03-27T16:28:50.995+0000] {dagbag.py:588} INFO - Filling up the DagBag from /home/ubuntu/customer_churn_youtube_venv/lib/python3.12/site-packages/airflow/example_dags/example_bash_operator.py
[2025-03-27T16:28:51.010+0000] {processor.py:925} INFO - DAG(s) 'example_bash_operator' retrieved from /home/ubuntu/customer_churn_youtube_venv/lib/python3.12/site-packages/airflow/example_dags/example_bash_operator.py
[2025-03-27T16:28:51.031+0000] {logging_mixin.py:190} INFO - [2025-03-27T16:28:51.031+0000] {dag.py:3239} INFO - Sync 1 DAGs
[2025-03-27T16:28:51.051+0000] {logging_mixin.py:190} INFO - [2025-03-27T16:28:51.050+0000] {dag.py:4180} INFO - Setting next_dagrun for example_bash_operator to 2025-03-26 00:00:00+00:00, run_after=2025-03-27 00:00:00+00:00
[2025-03-27T16:28:51.073+0000] {processor.py:208} INFO - Processing /home/ubuntu/customer_churn_youtube_venv/lib/python3.12/site-packages/airflow/example_dags/example_bash_operator.py took 0.087 seconds
[2025-03-27T16:30:08.045+0000] {processor.py:186} INFO - Started process (PID=5042) to work on /home/ubuntu/customer_churn_youtube_venv/lib/python3.12/site-packages/airflow/example_dags/example_bash_operator.py
[2025-03-27T16:30:08.046+0000] {processor.py:914} INFO - Processing file /home/ubuntu/customer_churn_youtube_venv/lib/python3.12/site-packages/airflow/example_dags/example_bash_operator.py for tasks to queue
[2025-03-27T16:30:08.048+0000] {logging_mixin.py:190} INFO - [2025-03-27T16:30:08.048+0000] {dagbag.py:588} INFO - Filling up the DagBag from /home/ubuntu/customer_churn_youtube_venv/lib/python3.12/site-packages/airflow/example_dags/example_bash_operator.py
[2025-03-27T16:30:08.062+0000] {processor.py:925} INFO - DAG(s) 'example_bash_operator' retrieved from /home/ubuntu/customer_churn_youtube_venv/lib/python3.12/site-packages/airflow/example_dags/example_bash_operator.py
[2025-03-27T16:30:08.084+0000] {logging_mixin.py:190} INFO - [2025-03-27T16:30:08.083+0000] {dag.py:3239} INFO - Sync 1 DAGs
[2025-03-27T16:30:08.106+0000] {logging_mixin.py:190} INFO - [2025-03-27T16:30:08.105+0000] {dag.py:4180} INFO - Setting next_dagrun for example_bash_operator to 2025-03-26 00:00:00+00:00, run_after=2025-03-27 00:00:00+00:00
[2025-03-27T16:30:08.128+0000] {processor.py:208} INFO - Processing /home/ubuntu/customer_churn_youtube_venv/lib/python3.12/site-packages/airflow/example_dags/example_bash_operator.py took 0.089 seconds
[2025-03-27T16:31:28.087+0000] {processor.py:186} INFO - Started process (PID=5131) to work on /home/ubuntu/customer_churn_youtube_venv/lib/python3.12/site-packages/airflow/example_dags/example_bash_operator.py
[2025-03-27T16:31:28.089+0000] {processor.py:914} INFO - Processing file /home/ubuntu/customer_churn_youtube_venv/lib/python3.12/site-packages/airflow/example_dags/example_bash_operator.py for tasks to queue
[2025-03-27T16:31:28.093+0000] {logging_mixin.py:190} INFO - [2025-03-27T16:31:28.092+0000] {dagbag.py:588} INFO - Filling up the DagBag from /home/ubuntu/customer_churn_youtube_venv/lib/python3.12/site-packages/airflow/example_dags/example_bash_operator.py
[2025-03-27T16:31:28.106+0000] {processor.py:925} INFO - DAG(s) 'example_bash_operator' retrieved from /home/ubuntu/customer_churn_youtube_venv/lib/python3.12/site-packages/airflow/example_dags/example_bash_operator.py
[2025-03-27T16:31:28.128+0000] {logging_mixin.py:190} INFO - [2025-03-27T16:31:28.128+0000] {dag.py:3239} INFO - Sync 1 DAGs
[2025-03-27T16:31:28.148+0000] {logging_mixin.py:190} INFO - [2025-03-27T16:31:28.147+0000] {dag.py:4180} INFO - Setting next_dagrun for example_bash_operator to 2025-03-26 00:00:00+00:00, run_after=2025-03-27 00:00:00+00:00
[2025-03-27T16:31:28.170+0000] {processor.py:208} INFO - Processing /home/ubuntu/customer_churn_youtube_venv/lib/python3.12/site-packages/airflow/example_dags/example_bash_operator.py took 0.088 seconds
[2025-03-27T16:32:47.660+0000] {processor.py:186} INFO - Started process (PID=5215) to work on /home/ubuntu/customer_churn_youtube_venv/lib/python3.12/site-packages/airflow/example_dags/example_bash_operator.py
[2025-03-27T16:32:47.662+0000] {processor.py:914} INFO - Processing file /home/ubuntu/customer_churn_youtube_venv/lib/python3.12/site-packages/airflow/example_dags/example_bash_operator.py for tasks to queue
[2025-03-27T16:32:47.664+0000] {logging_mixin.py:190} INFO - [2025-03-27T16:32:47.664+0000] {dagbag.py:588} INFO - Filling up the DagBag from /home/ubuntu/customer_churn_youtube_venv/lib/python3.12/site-packages/airflow/example_dags/example_bash_operator.py
[2025-03-27T16:32:47.677+0000] {processor.py:925} INFO - DAG(s) 'example_bash_operator' retrieved from /home/ubuntu/customer_churn_youtube_venv/lib/python3.12/site-packages/airflow/example_dags/example_bash_operator.py
[2025-03-27T16:32:47.699+0000] {logging_mixin.py:190} INFO - [2025-03-27T16:32:47.699+0000] {dag.py:3239} INFO - Sync 1 DAGs
[2025-03-27T16:32:47.721+0000] {logging_mixin.py:190} INFO - [2025-03-27T16:32:47.720+0000] {dag.py:4180} INFO - Setting next_dagrun for example_bash_operator to 2025-03-26 00:00:00+00:00, run_after=2025-03-27 00:00:00+00:00
[2025-03-27T16:32:47.742+0000] {processor.py:208} INFO - Processing /home/ubuntu/customer_churn_youtube_venv/lib/python3.12/site-packages/airflow/example_dags/example_bash_operator.py took 0.087 seconds
[2025-03-27T16:34:06.061+0000] {processor.py:186} INFO - Started process (PID=5295) to work on /home/ubuntu/customer_churn_youtube_venv/lib/python3.12/site-packages/airflow/example_dags/example_bash_operator.py
[2025-03-27T16:34:06.063+0000] {processor.py:914} INFO - Processing file /home/ubuntu/customer_churn_youtube_venv/lib/python3.12/site-packages/airflow/example_dags/example_bash_operator.py for tasks to queue
[2025-03-27T16:34:06.065+0000] {logging_mixin.py:190} INFO - [2025-03-27T16:34:06.065+0000] {dagbag.py:588} INFO - Filling up the DagBag from /home/ubuntu/customer_churn_youtube_venv/lib/python3.12/site-packages/airflow/example_dags/example_bash_operator.py
[2025-03-27T16:34:06.078+0000] {processor.py:925} INFO - DAG(s) 'example_bash_operator' retrieved from /home/ubuntu/customer_churn_youtube_venv/lib/python3.12/site-packages/airflow/example_dags/example_bash_operator.py
[2025-03-27T16:34:06.099+0000] {logging_mixin.py:190} INFO - [2025-03-27T16:34:06.099+0000] {dag.py:3239} INFO - Sync 1 DAGs
[2025-03-27T16:34:06.120+0000] {logging_mixin.py:190} INFO - [2025-03-27T16:34:06.120+0000] {dag.py:4180} INFO - Setting next_dagrun for example_bash_operator to 2025-03-26 00:00:00+00:00, run_after=2025-03-27 00:00:00+00:00
[2025-03-27T16:34:06.141+0000] {processor.py:208} INFO - Processing /home/ubuntu/customer_churn_youtube_venv/lib/python3.12/site-packages/airflow/example_dags/example_bash_operator.py took 0.086 seconds
[2025-03-27T16:35:22.056+0000] {processor.py:186} INFO - Started process (PID=5380) to work on /home/ubuntu/customer_churn_youtube_venv/lib/python3.12/site-packages/airflow/example_dags/example_bash_operator.py
[2025-03-27T16:35:22.058+0000] {processor.py:914} INFO - Processing file /home/ubuntu/customer_churn_youtube_venv/lib/python3.12/site-packages/airflow/example_dags/example_bash_operator.py for tasks to queue
[2025-03-27T16:35:22.061+0000] {logging_mixin.py:190} INFO - [2025-03-27T16:35:22.061+0000] {dagbag.py:588} INFO - Filling up the DagBag from /home/ubuntu/customer_churn_youtube_venv/lib/python3.12/site-packages/airflow/example_dags/example_bash_operator.py
[2025-03-27T16:35:22.074+0000] {processor.py:925} INFO - DAG(s) 'example_bash_operator' retrieved from /home/ubuntu/customer_churn_youtube_venv/lib/python3.12/site-packages/airflow/example_dags/example_bash_operator.py
[2025-03-27T16:35:22.097+0000] {logging_mixin.py:190} INFO - [2025-03-27T16:35:22.096+0000] {dag.py:3239} INFO - Sync 1 DAGs
[2025-03-27T16:35:22.117+0000] {logging_mixin.py:190} INFO - [2025-03-27T16:35:22.117+0000] {dag.py:4180} INFO - Setting next_dagrun for example_bash_operator to 2025-03-26 00:00:00+00:00, run_after=2025-03-27 00:00:00+00:00
[2025-03-27T16:35:22.137+0000] {processor.py:208} INFO - Processing /home/ubuntu/customer_churn_youtube_venv/lib/python3.12/site-packages/airflow/example_dags/example_bash_operator.py took 0.086 seconds
[2025-03-27T16:36:40.697+0000] {processor.py:186} INFO - Started process (PID=5460) to work on /home/ubuntu/customer_churn_youtube_venv/lib/python3.12/site-packages/airflow/example_dags/example_bash_operator.py
[2025-03-27T16:36:40.699+0000] {processor.py:914} INFO - Processing file /home/ubuntu/customer_churn_youtube_venv/lib/python3.12/site-packages/airflow/example_dags/example_bash_operator.py for tasks to queue
[2025-03-27T16:36:40.701+0000] {logging_mixin.py:190} INFO - [2025-03-27T16:36:40.701+0000] {dagbag.py:588} INFO - Filling up the DagBag from /home/ubuntu/customer_churn_youtube_venv/lib/python3.12/site-packages/airflow/example_dags/example_bash_operator.py
[2025-03-27T16:36:40.714+0000] {processor.py:925} INFO - DAG(s) 'example_bash_operator' retrieved from /home/ubuntu/customer_churn_youtube_venv/lib/python3.12/site-packages/airflow/example_dags/example_bash_operator.py
[2025-03-27T16:36:40.737+0000] {logging_mixin.py:190} INFO - [2025-03-27T16:36:40.737+0000] {dag.py:3239} INFO - Sync 1 DAGs
[2025-03-27T16:36:40.757+0000] {logging_mixin.py:190} INFO - [2025-03-27T16:36:40.757+0000] {dag.py:4180} INFO - Setting next_dagrun for example_bash_operator to 2025-03-26 00:00:00+00:00, run_after=2025-03-27 00:00:00+00:00
[2025-03-27T16:36:40.782+0000] {processor.py:208} INFO - Processing /home/ubuntu/customer_churn_youtube_venv/lib/python3.12/site-packages/airflow/example_dags/example_bash_operator.py took 0.090 seconds
[2025-03-27T16:37:59.419+0000] {processor.py:186} INFO - Started process (PID=5545) to work on /home/ubuntu/customer_churn_youtube_venv/lib/python3.12/site-packages/airflow/example_dags/example_bash_operator.py
[2025-03-27T16:37:59.421+0000] {processor.py:914} INFO - Processing file /home/ubuntu/customer_churn_youtube_venv/lib/python3.12/site-packages/airflow/example_dags/example_bash_operator.py for tasks to queue
[2025-03-27T16:37:59.423+0000] {logging_mixin.py:190} INFO - [2025-03-27T16:37:59.422+0000] {dagbag.py:588} INFO - Filling up the DagBag from /home/ubuntu/customer_churn_youtube_venv/lib/python3.12/site-packages/airflow/example_dags/example_bash_operator.py
[2025-03-27T16:37:59.437+0000] {processor.py:925} INFO - DAG(s) 'example_bash_operator' retrieved from /home/ubuntu/customer_churn_youtube_venv/lib/python3.12/site-packages/airflow/example_dags/example_bash_operator.py
[2025-03-27T16:37:59.461+0000] {logging_mixin.py:190} INFO - [2025-03-27T16:37:59.461+0000] {dag.py:3239} INFO - Sync 1 DAGs
[2025-03-27T16:37:59.482+0000] {logging_mixin.py:190} INFO - [2025-03-27T16:37:59.482+0000] {dag.py:4180} INFO - Setting next_dagrun for example_bash_operator to 2025-03-26 00:00:00+00:00, run_after=2025-03-27 00:00:00+00:00
[2025-03-27T16:37:59.503+0000] {processor.py:208} INFO - Processing /home/ubuntu/customer_churn_youtube_venv/lib/python3.12/site-packages/airflow/example_dags/example_bash_operator.py took 0.089 seconds
[2025-03-27T16:39:16.361+0000] {processor.py:186} INFO - Started process (PID=5628) to work on /home/ubuntu/customer_churn_youtube_venv/lib/python3.12/site-packages/airflow/example_dags/example_bash_operator.py
[2025-03-27T16:39:16.363+0000] {processor.py:914} INFO - Processing file /home/ubuntu/customer_churn_youtube_venv/lib/python3.12/site-packages/airflow/example_dags/example_bash_operator.py for tasks to queue
[2025-03-27T16:39:16.365+0000] {logging_mixin.py:190} INFO - [2025-03-27T16:39:16.364+0000] {dagbag.py:588} INFO - Filling up the DagBag from /home/ubuntu/customer_churn_youtube_venv/lib/python3.12/site-packages/airflow/example_dags/example_bash_operator.py
[2025-03-27T16:39:16.378+0000] {processor.py:925} INFO - DAG(s) 'example_bash_operator' retrieved from /home/ubuntu/customer_churn_youtube_venv/lib/python3.12/site-packages/airflow/example_dags/example_bash_operator.py
[2025-03-27T16:39:16.400+0000] {logging_mixin.py:190} INFO - [2025-03-27T16:39:16.399+0000] {dag.py:3239} INFO - Sync 1 DAGs
[2025-03-27T16:39:16.420+0000] {logging_mixin.py:190} INFO - [2025-03-27T16:39:16.420+0000] {dag.py:4180} INFO - Setting next_dagrun for example_bash_operator to 2025-03-26 00:00:00+00:00, run_after=2025-03-27 00:00:00+00:00
[2025-03-27T16:39:16.444+0000] {processor.py:208} INFO - Processing /home/ubuntu/customer_churn_youtube_venv/lib/python3.12/site-packages/airflow/example_dags/example_bash_operator.py took 0.088 seconds
[2025-03-27T16:40:32.687+0000] {processor.py:186} INFO - Started process (PID=5714) to work on /home/ubuntu/customer_churn_youtube_venv/lib/python3.12/site-packages/airflow/example_dags/example_bash_operator.py
[2025-03-27T16:40:32.688+0000] {processor.py:914} INFO - Processing file /home/ubuntu/customer_churn_youtube_venv/lib/python3.12/site-packages/airflow/example_dags/example_bash_operator.py for tasks to queue
[2025-03-27T16:40:32.690+0000] {logging_mixin.py:190} INFO - [2025-03-27T16:40:32.690+0000] {dagbag.py:588} INFO - Filling up the DagBag from /home/ubuntu/customer_churn_youtube_venv/lib/python3.12/site-packages/airflow/example_dags/example_bash_operator.py
[2025-03-27T16:40:32.703+0000] {processor.py:925} INFO - DAG(s) 'example_bash_operator' retrieved from /home/ubuntu/customer_churn_youtube_venv/lib/python3.12/site-packages/airflow/example_dags/example_bash_operator.py
[2025-03-27T16:40:32.725+0000] {logging_mixin.py:190} INFO - [2025-03-27T16:40:32.724+0000] {dag.py:3239} INFO - Sync 1 DAGs
[2025-03-27T16:40:32.747+0000] {logging_mixin.py:190} INFO - [2025-03-27T16:40:32.746+0000] {dag.py:4180} INFO - Setting next_dagrun for example_bash_operator to 2025-03-26 00:00:00+00:00, run_after=2025-03-27 00:00:00+00:00
[2025-03-27T16:40:32.769+0000] {processor.py:208} INFO - Processing /home/ubuntu/customer_churn_youtube_venv/lib/python3.12/site-packages/airflow/example_dags/example_bash_operator.py took 0.087 seconds
[2025-03-27T16:41:56.201+0000] {processor.py:186} INFO - Started process (PID=5836) to work on /home/ubuntu/customer_churn_youtube_venv/lib/python3.12/site-packages/airflow/example_dags/example_bash_operator.py
[2025-03-27T16:41:56.203+0000] {processor.py:914} INFO - Processing file /home/ubuntu/customer_churn_youtube_venv/lib/python3.12/site-packages/airflow/example_dags/example_bash_operator.py for tasks to queue
[2025-03-27T16:41:56.206+0000] {logging_mixin.py:190} INFO - [2025-03-27T16:41:56.205+0000] {dagbag.py:588} INFO - Filling up the DagBag from /home/ubuntu/customer_churn_youtube_venv/lib/python3.12/site-packages/airflow/example_dags/example_bash_operator.py
[2025-03-27T16:41:56.219+0000] {processor.py:925} INFO - DAG(s) 'example_bash_operator' retrieved from /home/ubuntu/customer_churn_youtube_venv/lib/python3.12/site-packages/airflow/example_dags/example_bash_operator.py
[2025-03-27T16:41:56.241+0000] {logging_mixin.py:190} INFO - [2025-03-27T16:41:56.240+0000] {dag.py:3239} INFO - Sync 1 DAGs
[2025-03-27T16:41:56.262+0000] {logging_mixin.py:190} INFO - [2025-03-27T16:41:56.262+0000] {dag.py:4180} INFO - Setting next_dagrun for example_bash_operator to 2025-03-26 00:00:00+00:00, run_after=2025-03-27 00:00:00+00:00
[2025-03-27T16:41:56.282+0000] {processor.py:208} INFO - Processing /home/ubuntu/customer_churn_youtube_venv/lib/python3.12/site-packages/airflow/example_dags/example_bash_operator.py took 0.087 seconds
[2025-03-27T16:43:14.308+0000] {processor.py:186} INFO - Started process (PID=5966) to work on /home/ubuntu/customer_churn_youtube_venv/lib/python3.12/site-packages/airflow/example_dags/example_bash_operator.py
[2025-03-27T16:43:14.310+0000] {processor.py:914} INFO - Processing file /home/ubuntu/customer_churn_youtube_venv/lib/python3.12/site-packages/airflow/example_dags/example_bash_operator.py for tasks to queue
[2025-03-27T16:43:14.311+0000] {logging_mixin.py:190} INFO - [2025-03-27T16:43:14.311+0000] {dagbag.py:588} INFO - Filling up the DagBag from /home/ubuntu/customer_churn_youtube_venv/lib/python3.12/site-packages/airflow/example_dags/example_bash_operator.py
[2025-03-27T16:43:14.324+0000] {processor.py:925} INFO - DAG(s) 'example_bash_operator' retrieved from /home/ubuntu/customer_churn_youtube_venv/lib/python3.12/site-packages/airflow/example_dags/example_bash_operator.py
[2025-03-27T16:43:14.346+0000] {logging_mixin.py:190} INFO - [2025-03-27T16:43:14.346+0000] {dag.py:3239} INFO - Sync 1 DAGs
[2025-03-27T16:43:14.366+0000] {logging_mixin.py:190} INFO - [2025-03-27T16:43:14.365+0000] {dag.py:4180} INFO - Setting next_dagrun for example_bash_operator to 2025-03-26 00:00:00+00:00, run_after=2025-03-27 00:00:00+00:00
[2025-03-27T16:43:14.388+0000] {processor.py:208} INFO - Processing /home/ubuntu/customer_churn_youtube_venv/lib/python3.12/site-packages/airflow/example_dags/example_bash_operator.py took 0.085 seconds
[2025-03-27T16:44:31.327+0000] {processor.py:186} INFO - Started process (PID=6447) to work on /home/ubuntu/customer_churn_youtube_venv/lib/python3.12/site-packages/airflow/example_dags/example_bash_operator.py
[2025-03-27T16:44:31.329+0000] {processor.py:914} INFO - Processing file /home/ubuntu/customer_churn_youtube_venv/lib/python3.12/site-packages/airflow/example_dags/example_bash_operator.py for tasks to queue
[2025-03-27T16:44:31.331+0000] {logging_mixin.py:190} INFO - [2025-03-27T16:44:31.331+0000] {dagbag.py:588} INFO - Filling up the DagBag from /home/ubuntu/customer_churn_youtube_venv/lib/python3.12/site-packages/airflow/example_dags/example_bash_operator.py
[2025-03-27T16:44:31.344+0000] {processor.py:925} INFO - DAG(s) 'example_bash_operator' retrieved from /home/ubuntu/customer_churn_youtube_venv/lib/python3.12/site-packages/airflow/example_dags/example_bash_operator.py
[2025-03-27T16:44:31.365+0000] {logging_mixin.py:190} INFO - [2025-03-27T16:44:31.365+0000] {dag.py:3239} INFO - Sync 1 DAGs
[2025-03-27T16:44:31.384+0000] {logging_mixin.py:190} INFO - [2025-03-27T16:44:31.384+0000] {dag.py:4180} INFO - Setting next_dagrun for example_bash_operator to 2025-03-26 00:00:00+00:00, run_after=2025-03-27 00:00:00+00:00
[2025-03-27T16:44:31.407+0000] {processor.py:208} INFO - Processing /home/ubuntu/customer_churn_youtube_venv/lib/python3.12/site-packages/airflow/example_dags/example_bash_operator.py took 0.086 seconds
[2025-03-27T16:45:46.852+0000] {processor.py:186} INFO - Started process (PID=6780) to work on /home/ubuntu/customer_churn_youtube_venv/lib/python3.12/site-packages/airflow/example_dags/example_bash_operator.py
[2025-03-27T16:45:46.854+0000] {processor.py:914} INFO - Processing file /home/ubuntu/customer_churn_youtube_venv/lib/python3.12/site-packages/airflow/example_dags/example_bash_operator.py for tasks to queue
[2025-03-27T16:45:46.856+0000] {logging_mixin.py:190} INFO - [2025-03-27T16:45:46.855+0000] {dagbag.py:588} INFO - Filling up the DagBag from /home/ubuntu/customer_churn_youtube_venv/lib/python3.12/site-packages/airflow/example_dags/example_bash_operator.py
[2025-03-27T16:45:46.870+0000] {processor.py:925} INFO - DAG(s) 'example_bash_operator' retrieved from /home/ubuntu/customer_churn_youtube_venv/lib/python3.12/site-packages/airflow/example_dags/example_bash_operator.py
[2025-03-27T16:45:46.893+0000] {logging_mixin.py:190} INFO - [2025-03-27T16:45:46.893+0000] {dag.py:3239} INFO - Sync 1 DAGs
[2025-03-27T16:45:46.913+0000] {logging_mixin.py:190} INFO - [2025-03-27T16:45:46.912+0000] {dag.py:4180} INFO - Setting next_dagrun for example_bash_operator to 2025-03-26 00:00:00+00:00, run_after=2025-03-27 00:00:00+00:00
[2025-03-27T16:45:46.939+0000] {processor.py:208} INFO - Processing /home/ubuntu/customer_churn_youtube_venv/lib/python3.12/site-packages/airflow/example_dags/example_bash_operator.py took 0.093 seconds
[2025-03-27T16:47:05.271+0000] {processor.py:186} INFO - Started process (PID=7365) to work on /home/ubuntu/customer_churn_youtube_venv/lib/python3.12/site-packages/airflow/example_dags/example_bash_operator.py
[2025-03-27T16:47:05.274+0000] {processor.py:914} INFO - Processing file /home/ubuntu/customer_churn_youtube_venv/lib/python3.12/site-packages/airflow/example_dags/example_bash_operator.py for tasks to queue
[2025-03-27T16:47:05.276+0000] {logging_mixin.py:190} INFO - [2025-03-27T16:47:05.275+0000] {dagbag.py:588} INFO - Filling up the DagBag from /home/ubuntu/customer_churn_youtube_venv/lib/python3.12/site-packages/airflow/example_dags/example_bash_operator.py
[2025-03-27T16:47:05.288+0000] {processor.py:925} INFO - DAG(s) 'example_bash_operator' retrieved from /home/ubuntu/customer_churn_youtube_venv/lib/python3.12/site-packages/airflow/example_dags/example_bash_operator.py
[2025-03-27T16:47:05.311+0000] {logging_mixin.py:190} INFO - [2025-03-27T16:47:05.310+0000] {dag.py:3239} INFO - Sync 1 DAGs
[2025-03-27T16:47:05.330+0000] {logging_mixin.py:190} INFO - [2025-03-27T16:47:05.330+0000] {dag.py:4180} INFO - Setting next_dagrun for example_bash_operator to 2025-03-26 00:00:00+00:00, run_after=2025-03-27 00:00:00+00:00
[2025-03-27T16:47:05.352+0000] {processor.py:208} INFO - Processing /home/ubuntu/customer_churn_youtube_venv/lib/python3.12/site-packages/airflow/example_dags/example_bash_operator.py took 0.086 seconds
[2025-03-27T16:48:23.432+0000] {processor.py:186} INFO - Started process (PID=7571) to work on /home/ubuntu/customer_churn_youtube_venv/lib/python3.12/site-packages/airflow/example_dags/example_bash_operator.py
[2025-03-27T16:48:23.433+0000] {processor.py:914} INFO - Processing file /home/ubuntu/customer_churn_youtube_venv/lib/python3.12/site-packages/airflow/example_dags/example_bash_operator.py for tasks to queue
[2025-03-27T16:48:23.435+0000] {logging_mixin.py:190} INFO - [2025-03-27T16:48:23.435+0000] {dagbag.py:588} INFO - Filling up the DagBag from /home/ubuntu/customer_churn_youtube_venv/lib/python3.12/site-packages/airflow/example_dags/example_bash_operator.py
[2025-03-27T16:48:23.449+0000] {processor.py:925} INFO - DAG(s) 'example_bash_operator' retrieved from /home/ubuntu/customer_churn_youtube_venv/lib/python3.12/site-packages/airflow/example_dags/example_bash_operator.py
[2025-03-27T16:48:23.472+0000] {logging_mixin.py:190} INFO - [2025-03-27T16:48:23.472+0000] {dag.py:3239} INFO - Sync 1 DAGs
[2025-03-27T16:48:23.493+0000] {logging_mixin.py:190} INFO - [2025-03-27T16:48:23.493+0000] {dag.py:4180} INFO - Setting next_dagrun for example_bash_operator to 2025-03-26 00:00:00+00:00, run_after=2025-03-27 00:00:00+00:00
[2025-03-27T16:48:23.516+0000] {processor.py:208} INFO - Processing /home/ubuntu/customer_churn_youtube_venv/lib/python3.12/site-packages/airflow/example_dags/example_bash_operator.py took 0.090 seconds
[2025-03-27T16:49:40.465+0000] {processor.py:186} INFO - Started process (PID=7652) to work on /home/ubuntu/customer_churn_youtube_venv/lib/python3.12/site-packages/airflow/example_dags/example_bash_operator.py
[2025-03-27T16:49:40.467+0000] {processor.py:914} INFO - Processing file /home/ubuntu/customer_churn_youtube_venv/lib/python3.12/site-packages/airflow/example_dags/example_bash_operator.py for tasks to queue
[2025-03-27T16:49:40.469+0000] {logging_mixin.py:190} INFO - [2025-03-27T16:49:40.469+0000] {dagbag.py:588} INFO - Filling up the DagBag from /home/ubuntu/customer_churn_youtube_venv/lib/python3.12/site-packages/airflow/example_dags/example_bash_operator.py
[2025-03-27T16:49:40.482+0000] {processor.py:925} INFO - DAG(s) 'example_bash_operator' retrieved from /home/ubuntu/customer_churn_youtube_venv/lib/python3.12/site-packages/airflow/example_dags/example_bash_operator.py
[2025-03-27T16:49:40.504+0000] {logging_mixin.py:190} INFO - [2025-03-27T16:49:40.503+0000] {dag.py:3239} INFO - Sync 1 DAGs
[2025-03-27T16:49:40.523+0000] {logging_mixin.py:190} INFO - [2025-03-27T16:49:40.523+0000] {dag.py:4180} INFO - Setting next_dagrun for example_bash_operator to 2025-03-26 00:00:00+00:00, run_after=2025-03-27 00:00:00+00:00
[2025-03-27T16:49:40.543+0000] {processor.py:208} INFO - Processing /home/ubuntu/customer_churn_youtube_venv/lib/python3.12/site-packages/airflow/example_dags/example_bash_operator.py took 0.084 seconds
[2025-03-27T16:50:57.831+0000] {processor.py:186} INFO - Started process (PID=7736) to work on /home/ubuntu/customer_churn_youtube_venv/lib/python3.12/site-packages/airflow/example_dags/example_bash_operator.py
[2025-03-27T16:50:57.833+0000] {processor.py:914} INFO - Processing file /home/ubuntu/customer_churn_youtube_venv/lib/python3.12/site-packages/airflow/example_dags/example_bash_operator.py for tasks to queue
[2025-03-27T16:50:57.835+0000] {logging_mixin.py:190} INFO - [2025-03-27T16:50:57.835+0000] {dagbag.py:588} INFO - Filling up the DagBag from /home/ubuntu/customer_churn_youtube_venv/lib/python3.12/site-packages/airflow/example_dags/example_bash_operator.py
[2025-03-27T16:50:57.849+0000] {processor.py:925} INFO - DAG(s) 'example_bash_operator' retrieved from /home/ubuntu/customer_churn_youtube_venv/lib/python3.12/site-packages/airflow/example_dags/example_bash_operator.py
[2025-03-27T16:50:57.872+0000] {logging_mixin.py:190} INFO - [2025-03-27T16:50:57.871+0000] {dag.py:3239} INFO - Sync 1 DAGs
[2025-03-27T16:50:57.892+0000] {logging_mixin.py:190} INFO - [2025-03-27T16:50:57.891+0000] {dag.py:4180} INFO - Setting next_dagrun for example_bash_operator to 2025-03-26 00:00:00+00:00, run_after=2025-03-27 00:00:00+00:00
[2025-03-27T16:50:57.913+0000] {processor.py:208} INFO - Processing /home/ubuntu/customer_churn_youtube_venv/lib/python3.12/site-packages/airflow/example_dags/example_bash_operator.py took 0.088 seconds
[2025-03-27T16:52:15.076+0000] {processor.py:186} INFO - Started process (PID=7817) to work on /home/ubuntu/customer_churn_youtube_venv/lib/python3.12/site-packages/airflow/example_dags/example_bash_operator.py
[2025-03-27T16:52:15.077+0000] {processor.py:914} INFO - Processing file /home/ubuntu/customer_churn_youtube_venv/lib/python3.12/site-packages/airflow/example_dags/example_bash_operator.py for tasks to queue
[2025-03-27T16:52:15.079+0000] {logging_mixin.py:190} INFO - [2025-03-27T16:52:15.079+0000] {dagbag.py:588} INFO - Filling up the DagBag from /home/ubuntu/customer_churn_youtube_venv/lib/python3.12/site-packages/airflow/example_dags/example_bash_operator.py
[2025-03-27T16:52:15.093+0000] {processor.py:925} INFO - DAG(s) 'example_bash_operator' retrieved from /home/ubuntu/customer_churn_youtube_venv/lib/python3.12/site-packages/airflow/example_dags/example_bash_operator.py
[2025-03-27T16:52:15.114+0000] {logging_mixin.py:190} INFO - [2025-03-27T16:52:15.114+0000] {dag.py:3239} INFO - Sync 1 DAGs
[2025-03-27T16:52:15.134+0000] {logging_mixin.py:190} INFO - [2025-03-27T16:52:15.134+0000] {dag.py:4180} INFO - Setting next_dagrun for example_bash_operator to 2025-03-26 00:00:00+00:00, run_after=2025-03-27 00:00:00+00:00
[2025-03-27T16:52:15.156+0000] {processor.py:208} INFO - Processing /home/ubuntu/customer_churn_youtube_venv/lib/python3.12/site-packages/airflow/example_dags/example_bash_operator.py took 0.086 seconds
[2025-03-27T16:53:30.714+0000] {processor.py:186} INFO - Started process (PID=7895) to work on /home/ubuntu/customer_churn_youtube_venv/lib/python3.12/site-packages/airflow/example_dags/example_bash_operator.py
[2025-03-27T16:53:30.715+0000] {processor.py:914} INFO - Processing file /home/ubuntu/customer_churn_youtube_venv/lib/python3.12/site-packages/airflow/example_dags/example_bash_operator.py for tasks to queue
[2025-03-27T16:53:30.717+0000] {logging_mixin.py:190} INFO - [2025-03-27T16:53:30.716+0000] {dagbag.py:588} INFO - Filling up the DagBag from /home/ubuntu/customer_churn_youtube_venv/lib/python3.12/site-packages/airflow/example_dags/example_bash_operator.py
[2025-03-27T16:53:30.730+0000] {processor.py:925} INFO - DAG(s) 'example_bash_operator' retrieved from /home/ubuntu/customer_churn_youtube_venv/lib/python3.12/site-packages/airflow/example_dags/example_bash_operator.py
[2025-03-27T16:53:30.752+0000] {logging_mixin.py:190} INFO - [2025-03-27T16:53:30.752+0000] {dag.py:3239} INFO - Sync 1 DAGs
[2025-03-27T16:53:30.771+0000] {logging_mixin.py:190} INFO - [2025-03-27T16:53:30.771+0000] {dag.py:4180} INFO - Setting next_dagrun for example_bash_operator to 2025-03-26 00:00:00+00:00, run_after=2025-03-27 00:00:00+00:00
[2025-03-27T16:53:30.792+0000] {processor.py:208} INFO - Processing /home/ubuntu/customer_churn_youtube_venv/lib/python3.12/site-packages/airflow/example_dags/example_bash_operator.py took 0.085 seconds
[2025-03-27T16:54:47.578+0000] {processor.py:186} INFO - Started process (PID=7978) to work on /home/ubuntu/customer_churn_youtube_venv/lib/python3.12/site-packages/airflow/example_dags/example_bash_operator.py
[2025-03-27T16:54:47.579+0000] {processor.py:914} INFO - Processing file /home/ubuntu/customer_churn_youtube_venv/lib/python3.12/site-packages/airflow/example_dags/example_bash_operator.py for tasks to queue
[2025-03-27T16:54:47.582+0000] {logging_mixin.py:190} INFO - [2025-03-27T16:54:47.581+0000] {dagbag.py:588} INFO - Filling up the DagBag from /home/ubuntu/customer_churn_youtube_venv/lib/python3.12/site-packages/airflow/example_dags/example_bash_operator.py
[2025-03-27T16:54:47.595+0000] {processor.py:925} INFO - DAG(s) 'example_bash_operator' retrieved from /home/ubuntu/customer_churn_youtube_venv/lib/python3.12/site-packages/airflow/example_dags/example_bash_operator.py
[2025-03-27T16:54:47.617+0000] {logging_mixin.py:190} INFO - [2025-03-27T16:54:47.616+0000] {dag.py:3239} INFO - Sync 1 DAGs
[2025-03-27T16:54:47.636+0000] {logging_mixin.py:190} INFO - [2025-03-27T16:54:47.636+0000] {dag.py:4180} INFO - Setting next_dagrun for example_bash_operator to 2025-03-26 00:00:00+00:00, run_after=2025-03-27 00:00:00+00:00
[2025-03-27T16:54:47.658+0000] {processor.py:208} INFO - Processing /home/ubuntu/customer_churn_youtube_venv/lib/python3.12/site-packages/airflow/example_dags/example_bash_operator.py took 0.086 seconds
[2025-03-27T16:56:06.314+0000] {processor.py:186} INFO - Started process (PID=8084) to work on /home/ubuntu/customer_churn_youtube_venv/lib/python3.12/site-packages/airflow/example_dags/example_bash_operator.py
[2025-03-27T16:56:06.315+0000] {processor.py:914} INFO - Processing file /home/ubuntu/customer_churn_youtube_venv/lib/python3.12/site-packages/airflow/example_dags/example_bash_operator.py for tasks to queue
[2025-03-27T16:56:06.317+0000] {logging_mixin.py:190} INFO - [2025-03-27T16:56:06.317+0000] {dagbag.py:588} INFO - Filling up the DagBag from /home/ubuntu/customer_churn_youtube_venv/lib/python3.12/site-packages/airflow/example_dags/example_bash_operator.py
[2025-03-27T16:56:06.330+0000] {processor.py:925} INFO - DAG(s) 'example_bash_operator' retrieved from /home/ubuntu/customer_churn_youtube_venv/lib/python3.12/site-packages/airflow/example_dags/example_bash_operator.py
[2025-03-27T16:56:06.431+0000] {logging_mixin.py:190} INFO - [2025-03-27T16:56:06.431+0000] {dag.py:3239} INFO - Sync 1 DAGs
[2025-03-27T16:56:06.448+0000] {logging_mixin.py:190} INFO - [2025-03-27T16:56:06.448+0000] {dag.py:4180} INFO - Setting next_dagrun for example_bash_operator to 2025-03-26 00:00:00+00:00, run_after=2025-03-27 00:00:00+00:00
[2025-03-27T16:56:06.471+0000] {processor.py:208} INFO - Processing /home/ubuntu/customer_churn_youtube_venv/lib/python3.12/site-packages/airflow/example_dags/example_bash_operator.py took 0.163 seconds
[2025-03-27T16:57:06.567+0000] {processor.py:186} INFO - Started process (PID=8142) to work on /home/ubuntu/customer_churn_youtube_venv/lib/python3.12/site-packages/airflow/example_dags/example_bash_operator.py
[2025-03-27T16:57:06.570+0000] {processor.py:914} INFO - Processing file /home/ubuntu/customer_churn_youtube_venv/lib/python3.12/site-packages/airflow/example_dags/example_bash_operator.py for tasks to queue
[2025-03-27T16:57:06.573+0000] {logging_mixin.py:190} INFO - [2025-03-27T16:57:06.573+0000] {dagbag.py:588} INFO - Filling up the DagBag from /home/ubuntu/customer_churn_youtube_venv/lib/python3.12/site-packages/airflow/example_dags/example_bash_operator.py
[2025-03-27T16:57:06.587+0000] {processor.py:925} INFO - DAG(s) 'example_bash_operator' retrieved from /home/ubuntu/customer_churn_youtube_venv/lib/python3.12/site-packages/airflow/example_dags/example_bash_operator.py
[2025-03-27T16:57:06.608+0000] {logging_mixin.py:190} INFO - [2025-03-27T16:57:06.608+0000] {dag.py:3239} INFO - Sync 1 DAGs
[2025-03-27T16:57:06.628+0000] {logging_mixin.py:190} INFO - [2025-03-27T16:57:06.627+0000] {dag.py:4180} INFO - Setting next_dagrun for example_bash_operator to 2025-03-26 00:00:00+00:00, run_after=2025-03-27 00:00:00+00:00
[2025-03-27T16:57:06.650+0000] {processor.py:208} INFO - Processing /home/ubuntu/customer_churn_youtube_venv/lib/python3.12/site-packages/airflow/example_dags/example_bash_operator.py took 0.089 seconds
[2025-03-27T16:58:31.909+0000] {processor.py:186} INFO - Started process (PID=8226) to work on /home/ubuntu/customer_churn_youtube_venv/lib/python3.12/site-packages/airflow/example_dags/example_bash_operator.py
[2025-03-27T16:58:31.911+0000] {processor.py:914} INFO - Processing file /home/ubuntu/customer_churn_youtube_venv/lib/python3.12/site-packages/airflow/example_dags/example_bash_operator.py for tasks to queue
[2025-03-27T16:58:31.914+0000] {logging_mixin.py:190} INFO - [2025-03-27T16:58:31.913+0000] {dagbag.py:588} INFO - Filling up the DagBag from /home/ubuntu/customer_churn_youtube_venv/lib/python3.12/site-packages/airflow/example_dags/example_bash_operator.py
[2025-03-27T16:58:31.926+0000] {processor.py:925} INFO - DAG(s) 'example_bash_operator' retrieved from /home/ubuntu/customer_churn_youtube_venv/lib/python3.12/site-packages/airflow/example_dags/example_bash_operator.py
[2025-03-27T16:58:31.948+0000] {logging_mixin.py:190} INFO - [2025-03-27T16:58:31.948+0000] {dag.py:3239} INFO - Sync 1 DAGs
[2025-03-27T16:58:31.968+0000] {logging_mixin.py:190} INFO - [2025-03-27T16:58:31.968+0000] {dag.py:4180} INFO - Setting next_dagrun for example_bash_operator to 2025-03-26 00:00:00+00:00, run_after=2025-03-27 00:00:00+00:00
[2025-03-27T16:58:31.991+0000] {processor.py:208} INFO - Processing /home/ubuntu/customer_churn_youtube_venv/lib/python3.12/site-packages/airflow/example_dags/example_bash_operator.py took 0.086 seconds
[2025-03-27T16:59:32.538+0000] {processor.py:186} INFO - Started process (PID=8308) to work on /home/ubuntu/customer_churn_youtube_venv/lib/python3.12/site-packages/airflow/example_dags/example_bash_operator.py
[2025-03-27T16:59:32.539+0000] {processor.py:914} INFO - Processing file /home/ubuntu/customer_churn_youtube_venv/lib/python3.12/site-packages/airflow/example_dags/example_bash_operator.py for tasks to queue
[2025-03-27T16:59:32.541+0000] {logging_mixin.py:190} INFO - [2025-03-27T16:59:32.541+0000] {dagbag.py:588} INFO - Filling up the DagBag from /home/ubuntu/customer_churn_youtube_venv/lib/python3.12/site-packages/airflow/example_dags/example_bash_operator.py
[2025-03-27T16:59:32.555+0000] {processor.py:925} INFO - DAG(s) 'example_bash_operator' retrieved from /home/ubuntu/customer_churn_youtube_venv/lib/python3.12/site-packages/airflow/example_dags/example_bash_operator.py
[2025-03-27T16:59:32.654+0000] {logging_mixin.py:190} INFO - [2025-03-27T16:59:32.654+0000] {dag.py:3239} INFO - Sync 1 DAGs
[2025-03-27T16:59:32.673+0000] {logging_mixin.py:190} INFO - [2025-03-27T16:59:32.673+0000] {dag.py:4180} INFO - Setting next_dagrun for example_bash_operator to 2025-03-26 00:00:00+00:00, run_after=2025-03-27 00:00:00+00:00
[2025-03-27T16:59:32.694+0000] {processor.py:208} INFO - Processing /home/ubuntu/customer_churn_youtube_venv/lib/python3.12/site-packages/airflow/example_dags/example_bash_operator.py took 0.162 seconds
[2025-03-27T17:00:30.505+0000] {processor.py:186} INFO - Started process (PID=8373) to work on /home/ubuntu/customer_churn_youtube_venv/lib/python3.12/site-packages/airflow/example_dags/example_bash_operator.py
[2025-03-27T17:00:30.507+0000] {processor.py:914} INFO - Processing file /home/ubuntu/customer_churn_youtube_venv/lib/python3.12/site-packages/airflow/example_dags/example_bash_operator.py for tasks to queue
[2025-03-27T17:00:30.509+0000] {logging_mixin.py:190} INFO - [2025-03-27T17:00:30.509+0000] {dagbag.py:588} INFO - Filling up the DagBag from /home/ubuntu/customer_churn_youtube_venv/lib/python3.12/site-packages/airflow/example_dags/example_bash_operator.py
[2025-03-27T17:00:30.522+0000] {processor.py:925} INFO - DAG(s) 'example_bash_operator' retrieved from /home/ubuntu/customer_churn_youtube_venv/lib/python3.12/site-packages/airflow/example_dags/example_bash_operator.py
[2025-03-27T17:00:30.544+0000] {logging_mixin.py:190} INFO - [2025-03-27T17:00:30.544+0000] {dag.py:3239} INFO - Sync 1 DAGs
[2025-03-27T17:00:30.564+0000] {logging_mixin.py:190} INFO - [2025-03-27T17:00:30.563+0000] {dag.py:4180} INFO - Setting next_dagrun for example_bash_operator to 2025-03-26 00:00:00+00:00, run_after=2025-03-27 00:00:00+00:00
[2025-03-27T17:00:30.588+0000] {processor.py:208} INFO - Processing /home/ubuntu/customer_churn_youtube_venv/lib/python3.12/site-packages/airflow/example_dags/example_bash_operator.py took 0.088 seconds
[2025-03-27T17:01:47.899+0000] {processor.py:186} INFO - Started process (PID=8455) to work on /home/ubuntu/customer_churn_youtube_venv/lib/python3.12/site-packages/airflow/example_dags/example_bash_operator.py
[2025-03-27T17:01:47.900+0000] {processor.py:914} INFO - Processing file /home/ubuntu/customer_churn_youtube_venv/lib/python3.12/site-packages/airflow/example_dags/example_bash_operator.py for tasks to queue
[2025-03-27T17:01:47.902+0000] {logging_mixin.py:190} INFO - [2025-03-27T17:01:47.901+0000] {dagbag.py:588} INFO - Filling up the DagBag from /home/ubuntu/customer_churn_youtube_venv/lib/python3.12/site-packages/airflow/example_dags/example_bash_operator.py
[2025-03-27T17:01:47.916+0000] {processor.py:925} INFO - DAG(s) 'example_bash_operator' retrieved from /home/ubuntu/customer_churn_youtube_venv/lib/python3.12/site-packages/airflow/example_dags/example_bash_operator.py
[2025-03-27T17:01:47.937+0000] {logging_mixin.py:190} INFO - [2025-03-27T17:01:47.937+0000] {dag.py:3239} INFO - Sync 1 DAGs
[2025-03-27T17:01:47.957+0000] {logging_mixin.py:190} INFO - [2025-03-27T17:01:47.957+0000] {dag.py:4180} INFO - Setting next_dagrun for example_bash_operator to 2025-03-26 00:00:00+00:00, run_after=2025-03-27 00:00:00+00:00
[2025-03-27T17:01:47.978+0000] {processor.py:208} INFO - Processing /home/ubuntu/customer_churn_youtube_venv/lib/python3.12/site-packages/airflow/example_dags/example_bash_operator.py took 0.085 seconds
[2025-03-27T17:03:03.685+0000] {processor.py:186} INFO - Started process (PID=8537) to work on /home/ubuntu/customer_churn_youtube_venv/lib/python3.12/site-packages/airflow/example_dags/example_bash_operator.py
[2025-03-27T17:03:03.687+0000] {processor.py:914} INFO - Processing file /home/ubuntu/customer_churn_youtube_venv/lib/python3.12/site-packages/airflow/example_dags/example_bash_operator.py for tasks to queue
[2025-03-27T17:03:03.689+0000] {logging_mixin.py:190} INFO - [2025-03-27T17:03:03.689+0000] {dagbag.py:588} INFO - Filling up the DagBag from /home/ubuntu/customer_churn_youtube_venv/lib/python3.12/site-packages/airflow/example_dags/example_bash_operator.py
[2025-03-27T17:03:03.704+0000] {processor.py:925} INFO - DAG(s) 'example_bash_operator' retrieved from /home/ubuntu/customer_churn_youtube_venv/lib/python3.12/site-packages/airflow/example_dags/example_bash_operator.py
[2025-03-27T17:03:03.726+0000] {logging_mixin.py:190} INFO - [2025-03-27T17:03:03.726+0000] {dag.py:3239} INFO - Sync 1 DAGs
[2025-03-27T17:03:03.747+0000] {logging_mixin.py:190} INFO - [2025-03-27T17:03:03.747+0000] {dag.py:4180} INFO - Setting next_dagrun for example_bash_operator to 2025-03-26 00:00:00+00:00, run_after=2025-03-27 00:00:00+00:00
[2025-03-27T17:03:03.769+0000] {processor.py:208} INFO - Processing /home/ubuntu/customer_churn_youtube_venv/lib/python3.12/site-packages/airflow/example_dags/example_bash_operator.py took 0.089 seconds
[2025-03-27T17:04:23.776+0000] {processor.py:186} INFO - Started process (PID=8627) to work on /home/ubuntu/customer_churn_youtube_venv/lib/python3.12/site-packages/airflow/example_dags/example_bash_operator.py
[2025-03-27T17:04:23.778+0000] {processor.py:914} INFO - Processing file /home/ubuntu/customer_churn_youtube_venv/lib/python3.12/site-packages/airflow/example_dags/example_bash_operator.py for tasks to queue
[2025-03-27T17:04:23.780+0000] {logging_mixin.py:190} INFO - [2025-03-27T17:04:23.779+0000] {dagbag.py:588} INFO - Filling up the DagBag from /home/ubuntu/customer_churn_youtube_venv/lib/python3.12/site-packages/airflow/example_dags/example_bash_operator.py
[2025-03-27T17:04:23.793+0000] {processor.py:925} INFO - DAG(s) 'example_bash_operator' retrieved from /home/ubuntu/customer_churn_youtube_venv/lib/python3.12/site-packages/airflow/example_dags/example_bash_operator.py
[2025-03-27T17:04:23.893+0000] {logging_mixin.py:190} INFO - [2025-03-27T17:04:23.893+0000] {dag.py:3239} INFO - Sync 1 DAGs
[2025-03-27T17:04:23.904+0000] {logging_mixin.py:190} INFO - [2025-03-27T17:04:23.903+0000] {dag.py:3262} INFO - Creating ORM DAG for example_bash_operator
[2025-03-27T17:04:23.913+0000] {logging_mixin.py:190} INFO - [2025-03-27T17:04:23.912+0000] {dag.py:4180} INFO - Setting next_dagrun for example_bash_operator to 2025-03-26 00:00:00+00:00, run_after=2025-03-27 00:00:00+00:00
[2025-03-27T17:04:23.938+0000] {processor.py:208} INFO - Processing /home/ubuntu/customer_churn_youtube_venv/lib/python3.12/site-packages/airflow/example_dags/example_bash_operator.py took 0.168 seconds
[2025-03-27T17:05:41.082+0000] {processor.py:186} INFO - Started process (PID=8729) to work on /home/ubuntu/customer_churn_youtube_venv/lib/python3.12/site-packages/airflow/example_dags/example_bash_operator.py
[2025-03-27T17:05:41.084+0000] {processor.py:914} INFO - Processing file /home/ubuntu/customer_churn_youtube_venv/lib/python3.12/site-packages/airflow/example_dags/example_bash_operator.py for tasks to queue
[2025-03-27T17:05:41.086+0000] {logging_mixin.py:190} INFO - [2025-03-27T17:05:41.086+0000] {dagbag.py:588} INFO - Filling up the DagBag from /home/ubuntu/customer_churn_youtube_venv/lib/python3.12/site-packages/airflow/example_dags/example_bash_operator.py
[2025-03-27T17:05:41.099+0000] {processor.py:925} INFO - DAG(s) 'example_bash_operator' retrieved from /home/ubuntu/customer_churn_youtube_venv/lib/python3.12/site-packages/airflow/example_dags/example_bash_operator.py
[2025-03-27T17:05:41.121+0000] {logging_mixin.py:190} INFO - [2025-03-27T17:05:41.121+0000] {dag.py:3239} INFO - Sync 1 DAGs
[2025-03-27T17:05:41.142+0000] {logging_mixin.py:190} INFO - [2025-03-27T17:05:41.142+0000] {dag.py:4180} INFO - Setting next_dagrun for example_bash_operator to 2025-03-26 00:00:00+00:00, run_after=2025-03-27 00:00:00+00:00
[2025-03-27T17:05:41.163+0000] {processor.py:208} INFO - Processing /home/ubuntu/customer_churn_youtube_venv/lib/python3.12/site-packages/airflow/example_dags/example_bash_operator.py took 0.086 seconds
[2025-03-27T17:07:02.021+0000] {processor.py:186} INFO - Started process (PID=8816) to work on /home/ubuntu/customer_churn_youtube_venv/lib/python3.12/site-packages/airflow/example_dags/example_bash_operator.py
[2025-03-27T17:07:02.023+0000] {processor.py:914} INFO - Processing file /home/ubuntu/customer_churn_youtube_venv/lib/python3.12/site-packages/airflow/example_dags/example_bash_operator.py for tasks to queue
[2025-03-27T17:07:02.026+0000] {logging_mixin.py:190} INFO - [2025-03-27T17:07:02.025+0000] {dagbag.py:588} INFO - Filling up the DagBag from /home/ubuntu/customer_churn_youtube_venv/lib/python3.12/site-packages/airflow/example_dags/example_bash_operator.py
[2025-03-27T17:07:02.040+0000] {processor.py:925} INFO - DAG(s) 'example_bash_operator' retrieved from /home/ubuntu/customer_churn_youtube_venv/lib/python3.12/site-packages/airflow/example_dags/example_bash_operator.py
[2025-03-27T17:07:02.062+0000] {logging_mixin.py:190} INFO - [2025-03-27T17:07:02.062+0000] {dag.py:3239} INFO - Sync 1 DAGs
[2025-03-27T17:07:02.083+0000] {logging_mixin.py:190} INFO - [2025-03-27T17:07:02.083+0000] {dag.py:4180} INFO - Setting next_dagrun for example_bash_operator to 2025-03-26 00:00:00+00:00, run_after=2025-03-27 00:00:00+00:00
[2025-03-27T17:07:02.120+0000] {processor.py:208} INFO - Processing /home/ubuntu/customer_churn_youtube_venv/lib/python3.12/site-packages/airflow/example_dags/example_bash_operator.py took 0.105 seconds
[2025-03-27T17:08:21.018+0000] {processor.py:186} INFO - Started process (PID=8906) to work on /home/ubuntu/customer_churn_youtube_venv/lib/python3.12/site-packages/airflow/example_dags/example_bash_operator.py
[2025-03-27T17:08:21.020+0000] {processor.py:914} INFO - Processing file /home/ubuntu/customer_churn_youtube_venv/lib/python3.12/site-packages/airflow/example_dags/example_bash_operator.py for tasks to queue
[2025-03-27T17:08:21.023+0000] {logging_mixin.py:190} INFO - [2025-03-27T17:08:21.022+0000] {dagbag.py:588} INFO - Filling up the DagBag from /home/ubuntu/customer_churn_youtube_venv/lib/python3.12/site-packages/airflow/example_dags/example_bash_operator.py
[2025-03-27T17:08:21.038+0000] {processor.py:925} INFO - DAG(s) 'example_bash_operator' retrieved from /home/ubuntu/customer_churn_youtube_venv/lib/python3.12/site-packages/airflow/example_dags/example_bash_operator.py
[2025-03-27T17:08:21.060+0000] {logging_mixin.py:190} INFO - [2025-03-27T17:08:21.060+0000] {dag.py:3239} INFO - Sync 1 DAGs
[2025-03-27T17:08:21.080+0000] {logging_mixin.py:190} INFO - [2025-03-27T17:08:21.080+0000] {dag.py:4180} INFO - Setting next_dagrun for example_bash_operator to 2025-03-26 00:00:00+00:00, run_after=2025-03-27 00:00:00+00:00
[2025-03-27T17:08:21.101+0000] {processor.py:208} INFO - Processing /home/ubuntu/customer_churn_youtube_venv/lib/python3.12/site-packages/airflow/example_dags/example_bash_operator.py took 0.089 seconds
[2025-03-27T17:09:38.826+0000] {processor.py:186} INFO - Started process (PID=8996) to work on /home/ubuntu/customer_churn_youtube_venv/lib/python3.12/site-packages/airflow/example_dags/example_bash_operator.py
[2025-03-27T17:09:38.828+0000] {processor.py:914} INFO - Processing file /home/ubuntu/customer_churn_youtube_venv/lib/python3.12/site-packages/airflow/example_dags/example_bash_operator.py for tasks to queue
[2025-03-27T17:09:38.830+0000] {logging_mixin.py:190} INFO - [2025-03-27T17:09:38.830+0000] {dagbag.py:588} INFO - Filling up the DagBag from /home/ubuntu/customer_churn_youtube_venv/lib/python3.12/site-packages/airflow/example_dags/example_bash_operator.py
[2025-03-27T17:09:38.843+0000] {processor.py:925} INFO - DAG(s) 'example_bash_operator' retrieved from /home/ubuntu/customer_churn_youtube_venv/lib/python3.12/site-packages/airflow/example_dags/example_bash_operator.py
[2025-03-27T17:09:38.864+0000] {logging_mixin.py:190} INFO - [2025-03-27T17:09:38.864+0000] {dag.py:3239} INFO - Sync 1 DAGs
[2025-03-27T17:09:38.885+0000] {logging_mixin.py:190} INFO - [2025-03-27T17:09:38.885+0000] {dag.py:4180} INFO - Setting next_dagrun for example_bash_operator to 2025-03-26 00:00:00+00:00, run_after=2025-03-27 00:00:00+00:00
[2025-03-27T17:09:38.907+0000] {processor.py:208} INFO - Processing /home/ubuntu/customer_churn_youtube_venv/lib/python3.12/site-packages/airflow/example_dags/example_bash_operator.py took 0.087 seconds
[2025-03-27T17:11:01.330+0000] {processor.py:186} INFO - Started process (PID=9083) to work on /home/ubuntu/customer_churn_youtube_venv/lib/python3.12/site-packages/airflow/example_dags/example_bash_operator.py
[2025-03-27T17:11:01.332+0000] {processor.py:914} INFO - Processing file /home/ubuntu/customer_churn_youtube_venv/lib/python3.12/site-packages/airflow/example_dags/example_bash_operator.py for tasks to queue
[2025-03-27T17:11:01.334+0000] {logging_mixin.py:190} INFO - [2025-03-27T17:11:01.333+0000] {dagbag.py:588} INFO - Filling up the DagBag from /home/ubuntu/customer_churn_youtube_venv/lib/python3.12/site-packages/airflow/example_dags/example_bash_operator.py
[2025-03-27T17:11:01.348+0000] {processor.py:925} INFO - DAG(s) 'example_bash_operator' retrieved from /home/ubuntu/customer_churn_youtube_venv/lib/python3.12/site-packages/airflow/example_dags/example_bash_operator.py
[2025-03-27T17:11:01.369+0000] {logging_mixin.py:190} INFO - [2025-03-27T17:11:01.369+0000] {dag.py:3239} INFO - Sync 1 DAGs
[2025-03-27T17:11:01.391+0000] {logging_mixin.py:190} INFO - [2025-03-27T17:11:01.391+0000] {dag.py:4180} INFO - Setting next_dagrun for example_bash_operator to 2025-03-26 00:00:00+00:00, run_after=2025-03-27 00:00:00+00:00
[2025-03-27T17:11:01.413+0000] {processor.py:208} INFO - Processing /home/ubuntu/customer_churn_youtube_venv/lib/python3.12/site-packages/airflow/example_dags/example_bash_operator.py took 0.089 seconds
[2025-03-27T17:12:23.188+0000] {processor.py:186} INFO - Started process (PID=9173) to work on /home/ubuntu/customer_churn_youtube_venv/lib/python3.12/site-packages/airflow/example_dags/example_bash_operator.py
[2025-03-27T17:12:23.189+0000] {processor.py:914} INFO - Processing file /home/ubuntu/customer_churn_youtube_venv/lib/python3.12/site-packages/airflow/example_dags/example_bash_operator.py for tasks to queue
[2025-03-27T17:12:23.192+0000] {logging_mixin.py:190} INFO - [2025-03-27T17:12:23.191+0000] {dagbag.py:588} INFO - Filling up the DagBag from /home/ubuntu/customer_churn_youtube_venv/lib/python3.12/site-packages/airflow/example_dags/example_bash_operator.py
[2025-03-27T17:12:23.205+0000] {processor.py:925} INFO - DAG(s) 'example_bash_operator' retrieved from /home/ubuntu/customer_churn_youtube_venv/lib/python3.12/site-packages/airflow/example_dags/example_bash_operator.py
[2025-03-27T17:12:23.227+0000] {logging_mixin.py:190} INFO - [2025-03-27T17:12:23.227+0000] {dag.py:3239} INFO - Sync 1 DAGs
[2025-03-27T17:12:23.247+0000] {logging_mixin.py:190} INFO - [2025-03-27T17:12:23.247+0000] {dag.py:4180} INFO - Setting next_dagrun for example_bash_operator to 2025-03-26 00:00:00+00:00, run_after=2025-03-27 00:00:00+00:00
[2025-03-27T17:12:23.267+0000] {processor.py:208} INFO - Processing /home/ubuntu/customer_churn_youtube_venv/lib/python3.12/site-packages/airflow/example_dags/example_bash_operator.py took 0.085 seconds
[2025-03-27T17:13:41.170+0000] {processor.py:186} INFO - Started process (PID=9264) to work on /home/ubuntu/customer_churn_youtube_venv/lib/python3.12/site-packages/airflow/example_dags/example_bash_operator.py
[2025-03-27T17:13:41.171+0000] {processor.py:914} INFO - Processing file /home/ubuntu/customer_churn_youtube_venv/lib/python3.12/site-packages/airflow/example_dags/example_bash_operator.py for tasks to queue
[2025-03-27T17:13:41.173+0000] {logging_mixin.py:190} INFO - [2025-03-27T17:13:41.172+0000] {dagbag.py:588} INFO - Filling up the DagBag from /home/ubuntu/customer_churn_youtube_venv/lib/python3.12/site-packages/airflow/example_dags/example_bash_operator.py
[2025-03-27T17:13:41.186+0000] {processor.py:925} INFO - DAG(s) 'example_bash_operator' retrieved from /home/ubuntu/customer_churn_youtube_venv/lib/python3.12/site-packages/airflow/example_dags/example_bash_operator.py
[2025-03-27T17:13:41.207+0000] {logging_mixin.py:190} INFO - [2025-03-27T17:13:41.207+0000] {dag.py:3239} INFO - Sync 1 DAGs
[2025-03-27T17:13:41.227+0000] {logging_mixin.py:190} INFO - [2025-03-27T17:13:41.227+0000] {dag.py:4180} INFO - Setting next_dagrun for example_bash_operator to 2025-03-26 00:00:00+00:00, run_after=2025-03-27 00:00:00+00:00
[2025-03-27T17:13:41.248+0000] {processor.py:208} INFO - Processing /home/ubuntu/customer_churn_youtube_venv/lib/python3.12/site-packages/airflow/example_dags/example_bash_operator.py took 0.084 seconds
