[2025-03-27T16:09:30.719+0000] {processor.py:186} INFO - Started process (PID=3112) to work on /home/ubuntu/customer_churn_youtube_venv/lib/python3.12/site-packages/airflow/example_dags/example_kubernetes_executor.py
[2025-03-27T16:09:30.720+0000] {processor.py:914} INFO - Processing file /home/ubuntu/customer_churn_youtube_venv/lib/python3.12/site-packages/airflow/example_dags/example_kubernetes_executor.py for tasks to queue
[2025-03-27T16:09:30.722+0000] {logging_mixin.py:190} INFO - [2025-03-27T16:09:30.721+0000] {dagbag.py:588} INFO - Filling up the DagBag from /home/ubuntu/customer_churn_youtube_venv/lib/python3.12/site-packages/airflow/example_dags/example_kubernetes_executor.py
[2025-03-27T16:09:30.725+0000] {logging_mixin.py:190} INFO - [2025-03-27T16:09:30.725+0000] {example_kubernetes_executor.py:39} WARNING - The example_kubernetes_executor example DAG requires the kubernetes provider. Please install it with: pip install apache-airflow[cncf.kubernetes]
[2025-03-27T16:09:30.725+0000] {processor.py:927} WARNING - No viable dags retrieved from /home/ubuntu/customer_churn_youtube_venv/lib/python3.12/site-packages/airflow/example_dags/example_kubernetes_executor.py
[2025-03-27T16:09:30.738+0000] {processor.py:208} INFO - Processing /home/ubuntu/customer_churn_youtube_venv/lib/python3.12/site-packages/airflow/example_dags/example_kubernetes_executor.py took 0.025 seconds
[2025-03-27T16:10:26.366+0000] {processor.py:186} INFO - Started process (PID=3174) to work on /home/ubuntu/customer_churn_youtube_venv/lib/python3.12/site-packages/airflow/example_dags/example_kubernetes_executor.py
[2025-03-27T16:10:26.368+0000] {processor.py:914} INFO - Processing file /home/ubuntu/customer_churn_youtube_venv/lib/python3.12/site-packages/airflow/example_dags/example_kubernetes_executor.py for tasks to queue
[2025-03-27T16:10:26.370+0000] {logging_mixin.py:190} INFO - [2025-03-27T16:10:26.369+0000] {dagbag.py:588} INFO - Filling up the DagBag from /home/ubuntu/customer_churn_youtube_venv/lib/python3.12/site-packages/airflow/example_dags/example_kubernetes_executor.py
[2025-03-27T16:10:26.372+0000] {logging_mixin.py:190} INFO - [2025-03-27T16:10:26.372+0000] {example_kubernetes_executor.py:39} WARNING - The example_kubernetes_executor example DAG requires the kubernetes provider. Please install it with: pip install apache-airflow[cncf.kubernetes]
[2025-03-27T16:10:26.373+0000] {processor.py:927} WARNING - No viable dags retrieved from /home/ubuntu/customer_churn_youtube_venv/lib/python3.12/site-packages/airflow/example_dags/example_kubernetes_executor.py
[2025-03-27T16:10:26.383+0000] {processor.py:208} INFO - Processing /home/ubuntu/customer_churn_youtube_venv/lib/python3.12/site-packages/airflow/example_dags/example_kubernetes_executor.py took 0.021 seconds
[2025-03-27T16:11:23.096+0000] {processor.py:186} INFO - Started process (PID=3241) to work on /home/ubuntu/customer_churn_youtube_venv/lib/python3.12/site-packages/airflow/example_dags/example_kubernetes_executor.py
[2025-03-27T16:11:23.099+0000] {processor.py:914} INFO - Processing file /home/ubuntu/customer_churn_youtube_venv/lib/python3.12/site-packages/airflow/example_dags/example_kubernetes_executor.py for tasks to queue
[2025-03-27T16:11:23.101+0000] {logging_mixin.py:190} INFO - [2025-03-27T16:11:23.101+0000] {dagbag.py:588} INFO - Filling up the DagBag from /home/ubuntu/customer_churn_youtube_venv/lib/python3.12/site-packages/airflow/example_dags/example_kubernetes_executor.py
[2025-03-27T16:11:23.103+0000] {logging_mixin.py:190} INFO - [2025-03-27T16:11:23.103+0000] {example_kubernetes_executor.py:39} WARNING - The example_kubernetes_executor example DAG requires the kubernetes provider. Please install it with: pip install apache-airflow[cncf.kubernetes]
[2025-03-27T16:11:23.104+0000] {processor.py:927} WARNING - No viable dags retrieved from /home/ubuntu/customer_churn_youtube_venv/lib/python3.12/site-packages/airflow/example_dags/example_kubernetes_executor.py
[2025-03-27T16:11:23.114+0000] {processor.py:208} INFO - Processing /home/ubuntu/customer_churn_youtube_venv/lib/python3.12/site-packages/airflow/example_dags/example_kubernetes_executor.py took 0.022 seconds
[2025-03-27T16:12:17.668+0000] {processor.py:186} INFO - Started process (PID=3310) to work on /home/ubuntu/customer_churn_youtube_venv/lib/python3.12/site-packages/airflow/example_dags/example_kubernetes_executor.py
[2025-03-27T16:12:17.669+0000] {processor.py:914} INFO - Processing file /home/ubuntu/customer_churn_youtube_venv/lib/python3.12/site-packages/airflow/example_dags/example_kubernetes_executor.py for tasks to queue
[2025-03-27T16:12:17.672+0000] {logging_mixin.py:190} INFO - [2025-03-27T16:12:17.671+0000] {dagbag.py:588} INFO - Filling up the DagBag from /home/ubuntu/customer_churn_youtube_venv/lib/python3.12/site-packages/airflow/example_dags/example_kubernetes_executor.py
[2025-03-27T16:12:17.675+0000] {logging_mixin.py:190} INFO - [2025-03-27T16:12:17.675+0000] {example_kubernetes_executor.py:39} WARNING - The example_kubernetes_executor example DAG requires the kubernetes provider. Please install it with: pip install apache-airflow[cncf.kubernetes]
[2025-03-27T16:12:17.675+0000] {processor.py:927} WARNING - No viable dags retrieved from /home/ubuntu/customer_churn_youtube_venv/lib/python3.12/site-packages/airflow/example_dags/example_kubernetes_executor.py
[2025-03-27T16:12:17.684+0000] {processor.py:208} INFO - Processing /home/ubuntu/customer_churn_youtube_venv/lib/python3.12/site-packages/airflow/example_dags/example_kubernetes_executor.py took 0.022 seconds
[2025-03-27T16:13:13.153+0000] {processor.py:186} INFO - Started process (PID=3380) to work on /home/ubuntu/customer_churn_youtube_venv/lib/python3.12/site-packages/airflow/example_dags/example_kubernetes_executor.py
[2025-03-27T16:13:13.154+0000] {processor.py:914} INFO - Processing file /home/ubuntu/customer_churn_youtube_venv/lib/python3.12/site-packages/airflow/example_dags/example_kubernetes_executor.py for tasks to queue
[2025-03-27T16:13:13.156+0000] {logging_mixin.py:190} INFO - [2025-03-27T16:13:13.156+0000] {dagbag.py:588} INFO - Filling up the DagBag from /home/ubuntu/customer_churn_youtube_venv/lib/python3.12/site-packages/airflow/example_dags/example_kubernetes_executor.py
[2025-03-27T16:13:13.159+0000] {logging_mixin.py:190} INFO - [2025-03-27T16:13:13.159+0000] {example_kubernetes_executor.py:39} WARNING - The example_kubernetes_executor example DAG requires the kubernetes provider. Please install it with: pip install apache-airflow[cncf.kubernetes]
[2025-03-27T16:13:13.159+0000] {processor.py:927} WARNING - No viable dags retrieved from /home/ubuntu/customer_churn_youtube_venv/lib/python3.12/site-packages/airflow/example_dags/example_kubernetes_executor.py
[2025-03-27T16:13:13.170+0000] {processor.py:208} INFO - Processing /home/ubuntu/customer_churn_youtube_venv/lib/python3.12/site-packages/airflow/example_dags/example_kubernetes_executor.py took 0.022 seconds
[2025-03-27T16:14:04.710+0000] {processor.py:186} INFO - Started process (PID=3445) to work on /home/ubuntu/customer_churn_youtube_venv/lib/python3.12/site-packages/airflow/example_dags/example_kubernetes_executor.py
[2025-03-27T16:14:04.712+0000] {processor.py:914} INFO - Processing file /home/ubuntu/customer_churn_youtube_venv/lib/python3.12/site-packages/airflow/example_dags/example_kubernetes_executor.py for tasks to queue
[2025-03-27T16:14:04.717+0000] {logging_mixin.py:190} INFO - [2025-03-27T16:14:04.716+0000] {dagbag.py:588} INFO - Filling up the DagBag from /home/ubuntu/customer_churn_youtube_venv/lib/python3.12/site-packages/airflow/example_dags/example_kubernetes_executor.py
[2025-03-27T16:14:04.719+0000] {logging_mixin.py:190} INFO - [2025-03-27T16:14:04.719+0000] {example_kubernetes_executor.py:39} WARNING - The example_kubernetes_executor example DAG requires the kubernetes provider. Please install it with: pip install apache-airflow[cncf.kubernetes]
[2025-03-27T16:14:04.719+0000] {processor.py:927} WARNING - No viable dags retrieved from /home/ubuntu/customer_churn_youtube_venv/lib/python3.12/site-packages/airflow/example_dags/example_kubernetes_executor.py
[2025-03-27T16:14:04.730+0000] {processor.py:208} INFO - Processing /home/ubuntu/customer_churn_youtube_venv/lib/python3.12/site-packages/airflow/example_dags/example_kubernetes_executor.py took 0.025 seconds
[2025-03-27T16:15:25.523+0000] {processor.py:186} INFO - Started process (PID=3537) to work on /home/ubuntu/customer_churn_youtube_venv/lib/python3.12/site-packages/airflow/example_dags/example_kubernetes_executor.py
[2025-03-27T16:15:25.524+0000] {processor.py:914} INFO - Processing file /home/ubuntu/customer_churn_youtube_venv/lib/python3.12/site-packages/airflow/example_dags/example_kubernetes_executor.py for tasks to queue
[2025-03-27T16:15:25.526+0000] {logging_mixin.py:190} INFO - [2025-03-27T16:15:25.526+0000] {dagbag.py:588} INFO - Filling up the DagBag from /home/ubuntu/customer_churn_youtube_venv/lib/python3.12/site-packages/airflow/example_dags/example_kubernetes_executor.py
[2025-03-27T16:15:25.529+0000] {logging_mixin.py:190} INFO - [2025-03-27T16:15:25.528+0000] {example_kubernetes_executor.py:39} WARNING - The example_kubernetes_executor example DAG requires the kubernetes provider. Please install it with: pip install apache-airflow[cncf.kubernetes]
[2025-03-27T16:15:25.529+0000] {processor.py:927} WARNING - No viable dags retrieved from /home/ubuntu/customer_churn_youtube_venv/lib/python3.12/site-packages/airflow/example_dags/example_kubernetes_executor.py
[2025-03-27T16:15:25.540+0000] {processor.py:208} INFO - Processing /home/ubuntu/customer_churn_youtube_venv/lib/python3.12/site-packages/airflow/example_dags/example_kubernetes_executor.py took 0.023 seconds
[2025-03-27T16:16:21.318+0000] {processor.py:186} INFO - Started process (PID=3599) to work on /home/ubuntu/customer_churn_youtube_venv/lib/python3.12/site-packages/airflow/example_dags/example_kubernetes_executor.py
[2025-03-27T16:16:21.321+0000] {processor.py:914} INFO - Processing file /home/ubuntu/customer_churn_youtube_venv/lib/python3.12/site-packages/airflow/example_dags/example_kubernetes_executor.py for tasks to queue
[2025-03-27T16:16:21.322+0000] {logging_mixin.py:190} INFO - [2025-03-27T16:16:21.322+0000] {dagbag.py:588} INFO - Filling up the DagBag from /home/ubuntu/customer_churn_youtube_venv/lib/python3.12/site-packages/airflow/example_dags/example_kubernetes_executor.py
[2025-03-27T16:16:21.325+0000] {logging_mixin.py:190} INFO - [2025-03-27T16:16:21.325+0000] {example_kubernetes_executor.py:39} WARNING - The example_kubernetes_executor example DAG requires the kubernetes provider. Please install it with: pip install apache-airflow[cncf.kubernetes]
[2025-03-27T16:16:21.326+0000] {processor.py:927} WARNING - No viable dags retrieved from /home/ubuntu/customer_churn_youtube_venv/lib/python3.12/site-packages/airflow/example_dags/example_kubernetes_executor.py
[2025-03-27T16:16:21.336+0000] {processor.py:208} INFO - Processing /home/ubuntu/customer_churn_youtube_venv/lib/python3.12/site-packages/airflow/example_dags/example_kubernetes_executor.py took 0.024 seconds
[2025-03-27T16:17:14.313+0000] {processor.py:186} INFO - Started process (PID=3684) to work on /home/ubuntu/customer_churn_youtube_venv/lib/python3.12/site-packages/airflow/example_dags/example_kubernetes_executor.py
[2025-03-27T16:17:14.315+0000] {processor.py:914} INFO - Processing file /home/ubuntu/customer_churn_youtube_venv/lib/python3.12/site-packages/airflow/example_dags/example_kubernetes_executor.py for tasks to queue
[2025-03-27T16:17:14.317+0000] {logging_mixin.py:190} INFO - [2025-03-27T16:17:14.317+0000] {dagbag.py:588} INFO - Filling up the DagBag from /home/ubuntu/customer_churn_youtube_venv/lib/python3.12/site-packages/airflow/example_dags/example_kubernetes_executor.py
[2025-03-27T16:17:14.321+0000] {logging_mixin.py:190} INFO - [2025-03-27T16:17:14.321+0000] {example_kubernetes_executor.py:39} WARNING - The example_kubernetes_executor example DAG requires the kubernetes provider. Please install it with: pip install apache-airflow[cncf.kubernetes]
[2025-03-27T16:17:14.321+0000] {processor.py:927} WARNING - No viable dags retrieved from /home/ubuntu/customer_churn_youtube_venv/lib/python3.12/site-packages/airflow/example_dags/example_kubernetes_executor.py
[2025-03-27T16:17:14.333+0000] {processor.py:208} INFO - Processing /home/ubuntu/customer_churn_youtube_venv/lib/python3.12/site-packages/airflow/example_dags/example_kubernetes_executor.py took 0.025 seconds
[2025-03-27T16:18:30.131+0000] {processor.py:186} INFO - Started process (PID=3766) to work on /home/ubuntu/customer_churn_youtube_venv/lib/python3.12/site-packages/airflow/example_dags/example_kubernetes_executor.py
[2025-03-27T16:18:30.133+0000] {processor.py:914} INFO - Processing file /home/ubuntu/customer_churn_youtube_venv/lib/python3.12/site-packages/airflow/example_dags/example_kubernetes_executor.py for tasks to queue
[2025-03-27T16:18:30.135+0000] {logging_mixin.py:190} INFO - [2025-03-27T16:18:30.134+0000] {dagbag.py:588} INFO - Filling up the DagBag from /home/ubuntu/customer_churn_youtube_venv/lib/python3.12/site-packages/airflow/example_dags/example_kubernetes_executor.py
[2025-03-27T16:18:30.138+0000] {logging_mixin.py:190} INFO - [2025-03-27T16:18:30.137+0000] {example_kubernetes_executor.py:39} WARNING - The example_kubernetes_executor example DAG requires the kubernetes provider. Please install it with: pip install apache-airflow[cncf.kubernetes]
[2025-03-27T16:18:30.138+0000] {processor.py:927} WARNING - No viable dags retrieved from /home/ubuntu/customer_churn_youtube_venv/lib/python3.12/site-packages/airflow/example_dags/example_kubernetes_executor.py
[2025-03-27T16:18:30.149+0000] {processor.py:208} INFO - Processing /home/ubuntu/customer_churn_youtube_venv/lib/python3.12/site-packages/airflow/example_dags/example_kubernetes_executor.py took 0.023 seconds
[2025-03-27T16:19:22.920+0000] {processor.py:186} INFO - Started process (PID=3819) to work on /home/ubuntu/customer_churn_youtube_venv/lib/python3.12/site-packages/airflow/example_dags/example_kubernetes_executor.py
[2025-03-27T16:19:22.922+0000] {processor.py:914} INFO - Processing file /home/ubuntu/customer_churn_youtube_venv/lib/python3.12/site-packages/airflow/example_dags/example_kubernetes_executor.py for tasks to queue
[2025-03-27T16:19:22.924+0000] {logging_mixin.py:190} INFO - [2025-03-27T16:19:22.923+0000] {dagbag.py:588} INFO - Filling up the DagBag from /home/ubuntu/customer_churn_youtube_venv/lib/python3.12/site-packages/airflow/example_dags/example_kubernetes_executor.py
[2025-03-27T16:19:22.927+0000] {logging_mixin.py:190} INFO - [2025-03-27T16:19:22.927+0000] {example_kubernetes_executor.py:39} WARNING - The example_kubernetes_executor example DAG requires the kubernetes provider. Please install it with: pip install apache-airflow[cncf.kubernetes]
[2025-03-27T16:19:22.927+0000] {processor.py:927} WARNING - No viable dags retrieved from /home/ubuntu/customer_churn_youtube_venv/lib/python3.12/site-packages/airflow/example_dags/example_kubernetes_executor.py
[2025-03-27T16:19:22.937+0000] {processor.py:208} INFO - Processing /home/ubuntu/customer_churn_youtube_venv/lib/python3.12/site-packages/airflow/example_dags/example_kubernetes_executor.py took 0.023 seconds
[2025-03-27T16:20:15.541+0000] {processor.py:186} INFO - Started process (PID=3879) to work on /home/ubuntu/customer_churn_youtube_venv/lib/python3.12/site-packages/airflow/example_dags/example_kubernetes_executor.py
[2025-03-27T16:20:15.544+0000] {processor.py:914} INFO - Processing file /home/ubuntu/customer_churn_youtube_venv/lib/python3.12/site-packages/airflow/example_dags/example_kubernetes_executor.py for tasks to queue
[2025-03-27T16:20:15.546+0000] {logging_mixin.py:190} INFO - [2025-03-27T16:20:15.546+0000] {dagbag.py:588} INFO - Filling up the DagBag from /home/ubuntu/customer_churn_youtube_venv/lib/python3.12/site-packages/airflow/example_dags/example_kubernetes_executor.py
[2025-03-27T16:20:15.549+0000] {logging_mixin.py:190} INFO - [2025-03-27T16:20:15.549+0000] {example_kubernetes_executor.py:39} WARNING - The example_kubernetes_executor example DAG requires the kubernetes provider. Please install it with: pip install apache-airflow[cncf.kubernetes]
[2025-03-27T16:20:15.550+0000] {processor.py:927} WARNING - No viable dags retrieved from /home/ubuntu/customer_churn_youtube_venv/lib/python3.12/site-packages/airflow/example_dags/example_kubernetes_executor.py
[2025-03-27T16:20:15.560+0000] {processor.py:208} INFO - Processing /home/ubuntu/customer_churn_youtube_venv/lib/python3.12/site-packages/airflow/example_dags/example_kubernetes_executor.py took 0.024 seconds
[2025-03-27T16:21:35.031+0000] {processor.py:186} INFO - Started process (PID=4319) to work on /home/ubuntu/customer_churn_youtube_venv/lib/python3.12/site-packages/airflow/example_dags/example_kubernetes_executor.py
[2025-03-27T16:21:35.033+0000] {processor.py:914} INFO - Processing file /home/ubuntu/customer_churn_youtube_venv/lib/python3.12/site-packages/airflow/example_dags/example_kubernetes_executor.py for tasks to queue
[2025-03-27T16:21:35.035+0000] {logging_mixin.py:190} INFO - [2025-03-27T16:21:35.035+0000] {dagbag.py:588} INFO - Filling up the DagBag from /home/ubuntu/customer_churn_youtube_venv/lib/python3.12/site-packages/airflow/example_dags/example_kubernetes_executor.py
[2025-03-27T16:21:35.037+0000] {logging_mixin.py:190} INFO - [2025-03-27T16:21:35.037+0000] {example_kubernetes_executor.py:39} WARNING - The example_kubernetes_executor example DAG requires the kubernetes provider. Please install it with: pip install apache-airflow[cncf.kubernetes]
[2025-03-27T16:21:35.038+0000] {processor.py:927} WARNING - No viable dags retrieved from /home/ubuntu/customer_churn_youtube_venv/lib/python3.12/site-packages/airflow/example_dags/example_kubernetes_executor.py
[2025-03-27T16:21:35.048+0000] {processor.py:208} INFO - Processing /home/ubuntu/customer_churn_youtube_venv/lib/python3.12/site-packages/airflow/example_dags/example_kubernetes_executor.py took 0.022 seconds
[2025-03-27T16:22:52.686+0000] {processor.py:186} INFO - Started process (PID=4561) to work on /home/ubuntu/customer_churn_youtube_venv/lib/python3.12/site-packages/airflow/example_dags/example_kubernetes_executor.py
[2025-03-27T16:22:52.688+0000] {processor.py:914} INFO - Processing file /home/ubuntu/customer_churn_youtube_venv/lib/python3.12/site-packages/airflow/example_dags/example_kubernetes_executor.py for tasks to queue
[2025-03-27T16:22:52.691+0000] {logging_mixin.py:190} INFO - [2025-03-27T16:22:52.690+0000] {dagbag.py:588} INFO - Filling up the DagBag from /home/ubuntu/customer_churn_youtube_venv/lib/python3.12/site-packages/airflow/example_dags/example_kubernetes_executor.py
[2025-03-27T16:22:52.693+0000] {logging_mixin.py:190} INFO - [2025-03-27T16:22:52.693+0000] {example_kubernetes_executor.py:39} WARNING - The example_kubernetes_executor example DAG requires the kubernetes provider. Please install it with: pip install apache-airflow[cncf.kubernetes]
[2025-03-27T16:22:52.694+0000] {processor.py:927} WARNING - No viable dags retrieved from /home/ubuntu/customer_churn_youtube_venv/lib/python3.12/site-packages/airflow/example_dags/example_kubernetes_executor.py
[2025-03-27T16:22:52.704+0000] {processor.py:208} INFO - Processing /home/ubuntu/customer_churn_youtube_venv/lib/python3.12/site-packages/airflow/example_dags/example_kubernetes_executor.py took 0.023 seconds
[2025-03-27T16:23:45.373+0000] {processor.py:186} INFO - Started process (PID=4620) to work on /home/ubuntu/customer_churn_youtube_venv/lib/python3.12/site-packages/airflow/example_dags/example_kubernetes_executor.py
[2025-03-27T16:23:45.375+0000] {processor.py:914} INFO - Processing file /home/ubuntu/customer_churn_youtube_venv/lib/python3.12/site-packages/airflow/example_dags/example_kubernetes_executor.py for tasks to queue
[2025-03-27T16:23:45.377+0000] {logging_mixin.py:190} INFO - [2025-03-27T16:23:45.376+0000] {dagbag.py:588} INFO - Filling up the DagBag from /home/ubuntu/customer_churn_youtube_venv/lib/python3.12/site-packages/airflow/example_dags/example_kubernetes_executor.py
[2025-03-27T16:23:45.380+0000] {logging_mixin.py:190} INFO - [2025-03-27T16:23:45.380+0000] {example_kubernetes_executor.py:39} WARNING - The example_kubernetes_executor example DAG requires the kubernetes provider. Please install it with: pip install apache-airflow[cncf.kubernetes]
[2025-03-27T16:23:45.380+0000] {processor.py:927} WARNING - No viable dags retrieved from /home/ubuntu/customer_churn_youtube_venv/lib/python3.12/site-packages/airflow/example_dags/example_kubernetes_executor.py
[2025-03-27T16:23:45.392+0000] {processor.py:208} INFO - Processing /home/ubuntu/customer_churn_youtube_venv/lib/python3.12/site-packages/airflow/example_dags/example_kubernetes_executor.py took 0.025 seconds
[2025-03-27T16:24:58.668+0000] {processor.py:186} INFO - Started process (PID=4699) to work on /home/ubuntu/customer_churn_youtube_venv/lib/python3.12/site-packages/airflow/example_dags/example_kubernetes_executor.py
[2025-03-27T16:24:58.669+0000] {processor.py:914} INFO - Processing file /home/ubuntu/customer_churn_youtube_venv/lib/python3.12/site-packages/airflow/example_dags/example_kubernetes_executor.py for tasks to queue
[2025-03-27T16:24:58.672+0000] {logging_mixin.py:190} INFO - [2025-03-27T16:24:58.672+0000] {dagbag.py:588} INFO - Filling up the DagBag from /home/ubuntu/customer_churn_youtube_venv/lib/python3.12/site-packages/airflow/example_dags/example_kubernetes_executor.py
[2025-03-27T16:24:58.675+0000] {logging_mixin.py:190} INFO - [2025-03-27T16:24:58.675+0000] {example_kubernetes_executor.py:39} WARNING - The example_kubernetes_executor example DAG requires the kubernetes provider. Please install it with: pip install apache-airflow[cncf.kubernetes]
[2025-03-27T16:24:58.675+0000] {processor.py:927} WARNING - No viable dags retrieved from /home/ubuntu/customer_churn_youtube_venv/lib/python3.12/site-packages/airflow/example_dags/example_kubernetes_executor.py
[2025-03-27T16:24:58.687+0000] {processor.py:208} INFO - Processing /home/ubuntu/customer_churn_youtube_venv/lib/python3.12/site-packages/airflow/example_dags/example_kubernetes_executor.py took 0.024 seconds
[2025-03-27T16:26:15.086+0000] {processor.py:186} INFO - Started process (PID=4787) to work on /home/ubuntu/customer_churn_youtube_venv/lib/python3.12/site-packages/airflow/example_dags/example_kubernetes_executor.py
[2025-03-27T16:26:15.087+0000] {processor.py:914} INFO - Processing file /home/ubuntu/customer_churn_youtube_venv/lib/python3.12/site-packages/airflow/example_dags/example_kubernetes_executor.py for tasks to queue
[2025-03-27T16:26:15.089+0000] {logging_mixin.py:190} INFO - [2025-03-27T16:26:15.089+0000] {dagbag.py:588} INFO - Filling up the DagBag from /home/ubuntu/customer_churn_youtube_venv/lib/python3.12/site-packages/airflow/example_dags/example_kubernetes_executor.py
[2025-03-27T16:26:15.092+0000] {logging_mixin.py:190} INFO - [2025-03-27T16:26:15.092+0000] {example_kubernetes_executor.py:39} WARNING - The example_kubernetes_executor example DAG requires the kubernetes provider. Please install it with: pip install apache-airflow[cncf.kubernetes]
[2025-03-27T16:26:15.093+0000] {processor.py:927} WARNING - No viable dags retrieved from /home/ubuntu/customer_churn_youtube_venv/lib/python3.12/site-packages/airflow/example_dags/example_kubernetes_executor.py
[2025-03-27T16:26:15.103+0000] {processor.py:208} INFO - Processing /home/ubuntu/customer_churn_youtube_venv/lib/python3.12/site-packages/airflow/example_dags/example_kubernetes_executor.py took 0.023 seconds
[2025-03-27T16:27:10.149+0000] {processor.py:186} INFO - Started process (PID=4848) to work on /home/ubuntu/customer_churn_youtube_venv/lib/python3.12/site-packages/airflow/example_dags/example_kubernetes_executor.py
[2025-03-27T16:27:10.151+0000] {processor.py:914} INFO - Processing file /home/ubuntu/customer_churn_youtube_venv/lib/python3.12/site-packages/airflow/example_dags/example_kubernetes_executor.py for tasks to queue
[2025-03-27T16:27:10.153+0000] {logging_mixin.py:190} INFO - [2025-03-27T16:27:10.153+0000] {dagbag.py:588} INFO - Filling up the DagBag from /home/ubuntu/customer_churn_youtube_venv/lib/python3.12/site-packages/airflow/example_dags/example_kubernetes_executor.py
[2025-03-27T16:27:10.156+0000] {logging_mixin.py:190} INFO - [2025-03-27T16:27:10.155+0000] {example_kubernetes_executor.py:39} WARNING - The example_kubernetes_executor example DAG requires the kubernetes provider. Please install it with: pip install apache-airflow[cncf.kubernetes]
[2025-03-27T16:27:10.156+0000] {processor.py:927} WARNING - No viable dags retrieved from /home/ubuntu/customer_churn_youtube_venv/lib/python3.12/site-packages/airflow/example_dags/example_kubernetes_executor.py
[2025-03-27T16:27:10.165+0000] {processor.py:208} INFO - Processing /home/ubuntu/customer_churn_youtube_venv/lib/python3.12/site-packages/airflow/example_dags/example_kubernetes_executor.py took 0.023 seconds
[2025-03-27T16:28:25.488+0000] {processor.py:186} INFO - Started process (PID=4931) to work on /home/ubuntu/customer_churn_youtube_venv/lib/python3.12/site-packages/airflow/example_dags/example_kubernetes_executor.py
[2025-03-27T16:28:25.491+0000] {processor.py:914} INFO - Processing file /home/ubuntu/customer_churn_youtube_venv/lib/python3.12/site-packages/airflow/example_dags/example_kubernetes_executor.py for tasks to queue
[2025-03-27T16:28:25.493+0000] {logging_mixin.py:190} INFO - [2025-03-27T16:28:25.493+0000] {dagbag.py:588} INFO - Filling up the DagBag from /home/ubuntu/customer_churn_youtube_venv/lib/python3.12/site-packages/airflow/example_dags/example_kubernetes_executor.py
[2025-03-27T16:28:25.495+0000] {logging_mixin.py:190} INFO - [2025-03-27T16:28:25.495+0000] {example_kubernetes_executor.py:39} WARNING - The example_kubernetes_executor example DAG requires the kubernetes provider. Please install it with: pip install apache-airflow[cncf.kubernetes]
[2025-03-27T16:28:25.496+0000] {processor.py:927} WARNING - No viable dags retrieved from /home/ubuntu/customer_churn_youtube_venv/lib/python3.12/site-packages/airflow/example_dags/example_kubernetes_executor.py
[2025-03-27T16:28:25.506+0000] {processor.py:208} INFO - Processing /home/ubuntu/customer_churn_youtube_venv/lib/python3.12/site-packages/airflow/example_dags/example_kubernetes_executor.py took 0.024 seconds
[2025-03-27T16:29:41.390+0000] {processor.py:186} INFO - Started process (PID=5013) to work on /home/ubuntu/customer_churn_youtube_venv/lib/python3.12/site-packages/airflow/example_dags/example_kubernetes_executor.py
[2025-03-27T16:29:41.392+0000] {processor.py:914} INFO - Processing file /home/ubuntu/customer_churn_youtube_venv/lib/python3.12/site-packages/airflow/example_dags/example_kubernetes_executor.py for tasks to queue
[2025-03-27T16:29:41.394+0000] {logging_mixin.py:190} INFO - [2025-03-27T16:29:41.393+0000] {dagbag.py:588} INFO - Filling up the DagBag from /home/ubuntu/customer_churn_youtube_venv/lib/python3.12/site-packages/airflow/example_dags/example_kubernetes_executor.py
[2025-03-27T16:29:41.397+0000] {logging_mixin.py:190} INFO - [2025-03-27T16:29:41.397+0000] {example_kubernetes_executor.py:39} WARNING - The example_kubernetes_executor example DAG requires the kubernetes provider. Please install it with: pip install apache-airflow[cncf.kubernetes]
[2025-03-27T16:29:41.397+0000] {processor.py:927} WARNING - No viable dags retrieved from /home/ubuntu/customer_churn_youtube_venv/lib/python3.12/site-packages/airflow/example_dags/example_kubernetes_executor.py
[2025-03-27T16:29:41.407+0000] {processor.py:208} INFO - Processing /home/ubuntu/customer_churn_youtube_venv/lib/python3.12/site-packages/airflow/example_dags/example_kubernetes_executor.py took 0.023 seconds
[2025-03-27T16:30:58.494+0000] {processor.py:186} INFO - Started process (PID=5099) to work on /home/ubuntu/customer_churn_youtube_venv/lib/python3.12/site-packages/airflow/example_dags/example_kubernetes_executor.py
[2025-03-27T16:30:58.496+0000] {processor.py:914} INFO - Processing file /home/ubuntu/customer_churn_youtube_venv/lib/python3.12/site-packages/airflow/example_dags/example_kubernetes_executor.py for tasks to queue
[2025-03-27T16:30:58.498+0000] {logging_mixin.py:190} INFO - [2025-03-27T16:30:58.498+0000] {dagbag.py:588} INFO - Filling up the DagBag from /home/ubuntu/customer_churn_youtube_venv/lib/python3.12/site-packages/airflow/example_dags/example_kubernetes_executor.py
[2025-03-27T16:30:58.502+0000] {logging_mixin.py:190} INFO - [2025-03-27T16:30:58.501+0000] {example_kubernetes_executor.py:39} WARNING - The example_kubernetes_executor example DAG requires the kubernetes provider. Please install it with: pip install apache-airflow[cncf.kubernetes]
[2025-03-27T16:30:58.502+0000] {processor.py:927} WARNING - No viable dags retrieved from /home/ubuntu/customer_churn_youtube_venv/lib/python3.12/site-packages/airflow/example_dags/example_kubernetes_executor.py
[2025-03-27T16:30:58.513+0000] {processor.py:208} INFO - Processing /home/ubuntu/customer_churn_youtube_venv/lib/python3.12/site-packages/airflow/example_dags/example_kubernetes_executor.py took 0.024 seconds
[2025-03-27T16:31:53.695+0000] {processor.py:186} INFO - Started process (PID=5159) to work on /home/ubuntu/customer_churn_youtube_venv/lib/python3.12/site-packages/airflow/example_dags/example_kubernetes_executor.py
[2025-03-27T16:31:53.697+0000] {processor.py:914} INFO - Processing file /home/ubuntu/customer_churn_youtube_venv/lib/python3.12/site-packages/airflow/example_dags/example_kubernetes_executor.py for tasks to queue
[2025-03-27T16:31:53.699+0000] {logging_mixin.py:190} INFO - [2025-03-27T16:31:53.698+0000] {dagbag.py:588} INFO - Filling up the DagBag from /home/ubuntu/customer_churn_youtube_venv/lib/python3.12/site-packages/airflow/example_dags/example_kubernetes_executor.py
[2025-03-27T16:31:53.702+0000] {logging_mixin.py:190} INFO - [2025-03-27T16:31:53.701+0000] {example_kubernetes_executor.py:39} WARNING - The example_kubernetes_executor example DAG requires the kubernetes provider. Please install it with: pip install apache-airflow[cncf.kubernetes]
[2025-03-27T16:31:53.702+0000] {processor.py:927} WARNING - No viable dags retrieved from /home/ubuntu/customer_churn_youtube_venv/lib/python3.12/site-packages/airflow/example_dags/example_kubernetes_executor.py
[2025-03-27T16:31:53.713+0000] {processor.py:208} INFO - Processing /home/ubuntu/customer_churn_youtube_venv/lib/python3.12/site-packages/airflow/example_dags/example_kubernetes_executor.py took 0.024 seconds
[2025-03-27T16:32:46.520+0000] {processor.py:186} INFO - Started process (PID=5214) to work on /home/ubuntu/customer_churn_youtube_venv/lib/python3.12/site-packages/airflow/example_dags/example_kubernetes_executor.py
[2025-03-27T16:32:46.523+0000] {processor.py:914} INFO - Processing file /home/ubuntu/customer_churn_youtube_venv/lib/python3.12/site-packages/airflow/example_dags/example_kubernetes_executor.py for tasks to queue
[2025-03-27T16:32:46.525+0000] {logging_mixin.py:190} INFO - [2025-03-27T16:32:46.525+0000] {dagbag.py:588} INFO - Filling up the DagBag from /home/ubuntu/customer_churn_youtube_venv/lib/python3.12/site-packages/airflow/example_dags/example_kubernetes_executor.py
[2025-03-27T16:32:46.528+0000] {logging_mixin.py:190} INFO - [2025-03-27T16:32:46.528+0000] {example_kubernetes_executor.py:39} WARNING - The example_kubernetes_executor example DAG requires the kubernetes provider. Please install it with: pip install apache-airflow[cncf.kubernetes]
[2025-03-27T16:32:46.528+0000] {processor.py:927} WARNING - No viable dags retrieved from /home/ubuntu/customer_churn_youtube_venv/lib/python3.12/site-packages/airflow/example_dags/example_kubernetes_executor.py
[2025-03-27T16:32:46.539+0000] {processor.py:208} INFO - Processing /home/ubuntu/customer_churn_youtube_venv/lib/python3.12/site-packages/airflow/example_dags/example_kubernetes_executor.py took 0.024 seconds
[2025-03-27T16:34:03.787+0000] {processor.py:186} INFO - Started process (PID=5293) to work on /home/ubuntu/customer_churn_youtube_venv/lib/python3.12/site-packages/airflow/example_dags/example_kubernetes_executor.py
[2025-03-27T16:34:03.789+0000] {processor.py:914} INFO - Processing file /home/ubuntu/customer_churn_youtube_venv/lib/python3.12/site-packages/airflow/example_dags/example_kubernetes_executor.py for tasks to queue
[2025-03-27T16:34:03.791+0000] {logging_mixin.py:190} INFO - [2025-03-27T16:34:03.791+0000] {dagbag.py:588} INFO - Filling up the DagBag from /home/ubuntu/customer_churn_youtube_venv/lib/python3.12/site-packages/airflow/example_dags/example_kubernetes_executor.py
[2025-03-27T16:34:03.794+0000] {logging_mixin.py:190} INFO - [2025-03-27T16:34:03.794+0000] {example_kubernetes_executor.py:39} WARNING - The example_kubernetes_executor example DAG requires the kubernetes provider. Please install it with: pip install apache-airflow[cncf.kubernetes]
[2025-03-27T16:34:03.794+0000] {processor.py:927} WARNING - No viable dags retrieved from /home/ubuntu/customer_churn_youtube_venv/lib/python3.12/site-packages/airflow/example_dags/example_kubernetes_executor.py
[2025-03-27T16:34:03.804+0000] {processor.py:208} INFO - Processing /home/ubuntu/customer_churn_youtube_venv/lib/python3.12/site-packages/airflow/example_dags/example_kubernetes_executor.py took 0.023 seconds
[2025-03-27T16:35:19.772+0000] {processor.py:186} INFO - Started process (PID=5378) to work on /home/ubuntu/customer_churn_youtube_venv/lib/python3.12/site-packages/airflow/example_dags/example_kubernetes_executor.py
[2025-03-27T16:35:19.774+0000] {processor.py:914} INFO - Processing file /home/ubuntu/customer_churn_youtube_venv/lib/python3.12/site-packages/airflow/example_dags/example_kubernetes_executor.py for tasks to queue
[2025-03-27T16:35:19.776+0000] {logging_mixin.py:190} INFO - [2025-03-27T16:35:19.776+0000] {dagbag.py:588} INFO - Filling up the DagBag from /home/ubuntu/customer_churn_youtube_venv/lib/python3.12/site-packages/airflow/example_dags/example_kubernetes_executor.py
[2025-03-27T16:35:19.779+0000] {logging_mixin.py:190} INFO - [2025-03-27T16:35:19.779+0000] {example_kubernetes_executor.py:39} WARNING - The example_kubernetes_executor example DAG requires the kubernetes provider. Please install it with: pip install apache-airflow[cncf.kubernetes]
[2025-03-27T16:35:19.780+0000] {processor.py:927} WARNING - No viable dags retrieved from /home/ubuntu/customer_churn_youtube_venv/lib/python3.12/site-packages/airflow/example_dags/example_kubernetes_executor.py
[2025-03-27T16:35:19.791+0000] {processor.py:208} INFO - Processing /home/ubuntu/customer_churn_youtube_venv/lib/python3.12/site-packages/airflow/example_dags/example_kubernetes_executor.py took 0.025 seconds
[2025-03-27T16:36:38.418+0000] {processor.py:186} INFO - Started process (PID=5458) to work on /home/ubuntu/customer_churn_youtube_venv/lib/python3.12/site-packages/airflow/example_dags/example_kubernetes_executor.py
[2025-03-27T16:36:38.421+0000] {processor.py:914} INFO - Processing file /home/ubuntu/customer_churn_youtube_venv/lib/python3.12/site-packages/airflow/example_dags/example_kubernetes_executor.py for tasks to queue
[2025-03-27T16:36:38.422+0000] {logging_mixin.py:190} INFO - [2025-03-27T16:36:38.422+0000] {dagbag.py:588} INFO - Filling up the DagBag from /home/ubuntu/customer_churn_youtube_venv/lib/python3.12/site-packages/airflow/example_dags/example_kubernetes_executor.py
[2025-03-27T16:36:38.425+0000] {logging_mixin.py:190} INFO - [2025-03-27T16:36:38.425+0000] {example_kubernetes_executor.py:39} WARNING - The example_kubernetes_executor example DAG requires the kubernetes provider. Please install it with: pip install apache-airflow[cncf.kubernetes]
[2025-03-27T16:36:38.425+0000] {processor.py:927} WARNING - No viable dags retrieved from /home/ubuntu/customer_churn_youtube_venv/lib/python3.12/site-packages/airflow/example_dags/example_kubernetes_executor.py
[2025-03-27T16:36:38.435+0000] {processor.py:208} INFO - Processing /home/ubuntu/customer_churn_youtube_venv/lib/python3.12/site-packages/airflow/example_dags/example_kubernetes_executor.py took 0.023 seconds
[2025-03-27T16:37:56.555+0000] {processor.py:186} INFO - Started process (PID=5542) to work on /home/ubuntu/customer_churn_youtube_venv/lib/python3.12/site-packages/airflow/example_dags/example_kubernetes_executor.py
[2025-03-27T16:37:56.557+0000] {processor.py:914} INFO - Processing file /home/ubuntu/customer_churn_youtube_venv/lib/python3.12/site-packages/airflow/example_dags/example_kubernetes_executor.py for tasks to queue
[2025-03-27T16:37:56.559+0000] {logging_mixin.py:190} INFO - [2025-03-27T16:37:56.559+0000] {dagbag.py:588} INFO - Filling up the DagBag from /home/ubuntu/customer_churn_youtube_venv/lib/python3.12/site-packages/airflow/example_dags/example_kubernetes_executor.py
[2025-03-27T16:37:56.561+0000] {logging_mixin.py:190} INFO - [2025-03-27T16:37:56.561+0000] {example_kubernetes_executor.py:39} WARNING - The example_kubernetes_executor example DAG requires the kubernetes provider. Please install it with: pip install apache-airflow[cncf.kubernetes]
[2025-03-27T16:37:56.562+0000] {processor.py:927} WARNING - No viable dags retrieved from /home/ubuntu/customer_churn_youtube_venv/lib/python3.12/site-packages/airflow/example_dags/example_kubernetes_executor.py
[2025-03-27T16:37:56.574+0000] {processor.py:208} INFO - Processing /home/ubuntu/customer_churn_youtube_venv/lib/python3.12/site-packages/airflow/example_dags/example_kubernetes_executor.py took 0.024 seconds
[2025-03-27T16:38:49.816+0000] {processor.py:186} INFO - Started process (PID=5598) to work on /home/ubuntu/customer_churn_youtube_venv/lib/python3.12/site-packages/airflow/example_dags/example_kubernetes_executor.py
[2025-03-27T16:38:49.818+0000] {processor.py:914} INFO - Processing file /home/ubuntu/customer_churn_youtube_venv/lib/python3.12/site-packages/airflow/example_dags/example_kubernetes_executor.py for tasks to queue
[2025-03-27T16:38:49.820+0000] {logging_mixin.py:190} INFO - [2025-03-27T16:38:49.820+0000] {dagbag.py:588} INFO - Filling up the DagBag from /home/ubuntu/customer_churn_youtube_venv/lib/python3.12/site-packages/airflow/example_dags/example_kubernetes_executor.py
[2025-03-27T16:38:49.822+0000] {logging_mixin.py:190} INFO - [2025-03-27T16:38:49.822+0000] {example_kubernetes_executor.py:39} WARNING - The example_kubernetes_executor example DAG requires the kubernetes provider. Please install it with: pip install apache-airflow[cncf.kubernetes]
[2025-03-27T16:38:49.823+0000] {processor.py:927} WARNING - No viable dags retrieved from /home/ubuntu/customer_churn_youtube_venv/lib/python3.12/site-packages/airflow/example_dags/example_kubernetes_executor.py
[2025-03-27T16:38:49.834+0000] {processor.py:208} INFO - Processing /home/ubuntu/customer_churn_youtube_venv/lib/python3.12/site-packages/airflow/example_dags/example_kubernetes_executor.py took 0.023 seconds
[2025-03-27T16:40:03.627+0000] {processor.py:186} INFO - Started process (PID=5680) to work on /home/ubuntu/customer_churn_youtube_venv/lib/python3.12/site-packages/airflow/example_dags/example_kubernetes_executor.py
[2025-03-27T16:40:03.628+0000] {processor.py:914} INFO - Processing file /home/ubuntu/customer_churn_youtube_venv/lib/python3.12/site-packages/airflow/example_dags/example_kubernetes_executor.py for tasks to queue
[2025-03-27T16:40:03.631+0000] {logging_mixin.py:190} INFO - [2025-03-27T16:40:03.630+0000] {dagbag.py:588} INFO - Filling up the DagBag from /home/ubuntu/customer_churn_youtube_venv/lib/python3.12/site-packages/airflow/example_dags/example_kubernetes_executor.py
[2025-03-27T16:40:03.634+0000] {logging_mixin.py:190} INFO - [2025-03-27T16:40:03.634+0000] {example_kubernetes_executor.py:39} WARNING - The example_kubernetes_executor example DAG requires the kubernetes provider. Please install it with: pip install apache-airflow[cncf.kubernetes]
[2025-03-27T16:40:03.634+0000] {processor.py:927} WARNING - No viable dags retrieved from /home/ubuntu/customer_churn_youtube_venv/lib/python3.12/site-packages/airflow/example_dags/example_kubernetes_executor.py
[2025-03-27T16:40:03.645+0000] {processor.py:208} INFO - Processing /home/ubuntu/customer_churn_youtube_venv/lib/python3.12/site-packages/airflow/example_dags/example_kubernetes_executor.py took 0.024 seconds
[2025-03-27T16:40:58.373+0000] {processor.py:186} INFO - Started process (PID=5739) to work on /home/ubuntu/customer_churn_youtube_venv/lib/python3.12/site-packages/airflow/example_dags/example_kubernetes_executor.py
[2025-03-27T16:40:58.375+0000] {processor.py:914} INFO - Processing file /home/ubuntu/customer_churn_youtube_venv/lib/python3.12/site-packages/airflow/example_dags/example_kubernetes_executor.py for tasks to queue
[2025-03-27T16:40:58.377+0000] {logging_mixin.py:190} INFO - [2025-03-27T16:40:58.377+0000] {dagbag.py:588} INFO - Filling up the DagBag from /home/ubuntu/customer_churn_youtube_venv/lib/python3.12/site-packages/airflow/example_dags/example_kubernetes_executor.py
[2025-03-27T16:40:58.380+0000] {logging_mixin.py:190} INFO - [2025-03-27T16:40:58.380+0000] {example_kubernetes_executor.py:39} WARNING - The example_kubernetes_executor example DAG requires the kubernetes provider. Please install it with: pip install apache-airflow[cncf.kubernetes]
[2025-03-27T16:40:58.380+0000] {processor.py:927} WARNING - No viable dags retrieved from /home/ubuntu/customer_churn_youtube_venv/lib/python3.12/site-packages/airflow/example_dags/example_kubernetes_executor.py
[2025-03-27T16:40:58.390+0000] {processor.py:208} INFO - Processing /home/ubuntu/customer_churn_youtube_venv/lib/python3.12/site-packages/airflow/example_dags/example_kubernetes_executor.py took 0.023 seconds
[2025-03-27T16:41:52.873+0000] {processor.py:186} INFO - Started process (PID=5833) to work on /home/ubuntu/customer_churn_youtube_venv/lib/python3.12/site-packages/airflow/example_dags/example_kubernetes_executor.py
[2025-03-27T16:41:52.875+0000] {processor.py:914} INFO - Processing file /home/ubuntu/customer_churn_youtube_venv/lib/python3.12/site-packages/airflow/example_dags/example_kubernetes_executor.py for tasks to queue
[2025-03-27T16:41:52.877+0000] {logging_mixin.py:190} INFO - [2025-03-27T16:41:52.876+0000] {dagbag.py:588} INFO - Filling up the DagBag from /home/ubuntu/customer_churn_youtube_venv/lib/python3.12/site-packages/airflow/example_dags/example_kubernetes_executor.py
[2025-03-27T16:41:52.880+0000] {logging_mixin.py:190} INFO - [2025-03-27T16:41:52.879+0000] {example_kubernetes_executor.py:39} WARNING - The example_kubernetes_executor example DAG requires the kubernetes provider. Please install it with: pip install apache-airflow[cncf.kubernetes]
[2025-03-27T16:41:52.880+0000] {processor.py:927} WARNING - No viable dags retrieved from /home/ubuntu/customer_churn_youtube_venv/lib/python3.12/site-packages/airflow/example_dags/example_kubernetes_executor.py
[2025-03-27T16:41:52.890+0000] {processor.py:208} INFO - Processing /home/ubuntu/customer_churn_youtube_venv/lib/python3.12/site-packages/airflow/example_dags/example_kubernetes_executor.py took 0.023 seconds
[2025-03-27T16:42:47.983+0000] {processor.py:186} INFO - Started process (PID=5915) to work on /home/ubuntu/customer_churn_youtube_venv/lib/python3.12/site-packages/airflow/example_dags/example_kubernetes_executor.py
[2025-03-27T16:42:47.985+0000] {processor.py:914} INFO - Processing file /home/ubuntu/customer_churn_youtube_venv/lib/python3.12/site-packages/airflow/example_dags/example_kubernetes_executor.py for tasks to queue
[2025-03-27T16:42:47.987+0000] {logging_mixin.py:190} INFO - [2025-03-27T16:42:47.987+0000] {dagbag.py:588} INFO - Filling up the DagBag from /home/ubuntu/customer_churn_youtube_venv/lib/python3.12/site-packages/airflow/example_dags/example_kubernetes_executor.py
[2025-03-27T16:42:47.990+0000] {logging_mixin.py:190} INFO - [2025-03-27T16:42:47.990+0000] {example_kubernetes_executor.py:39} WARNING - The example_kubernetes_executor example DAG requires the kubernetes provider. Please install it with: pip install apache-airflow[cncf.kubernetes]
[2025-03-27T16:42:47.990+0000] {processor.py:927} WARNING - No viable dags retrieved from /home/ubuntu/customer_churn_youtube_venv/lib/python3.12/site-packages/airflow/example_dags/example_kubernetes_executor.py
[2025-03-27T16:42:48.000+0000] {processor.py:208} INFO - Processing /home/ubuntu/customer_churn_youtube_venv/lib/python3.12/site-packages/airflow/example_dags/example_kubernetes_executor.py took 0.022 seconds
[2025-03-27T16:44:02.909+0000] {processor.py:186} INFO - Started process (PID=6268) to work on /home/ubuntu/customer_churn_youtube_venv/lib/python3.12/site-packages/airflow/example_dags/example_kubernetes_executor.py
[2025-03-27T16:44:02.911+0000] {processor.py:914} INFO - Processing file /home/ubuntu/customer_churn_youtube_venv/lib/python3.12/site-packages/airflow/example_dags/example_kubernetes_executor.py for tasks to queue
[2025-03-27T16:44:02.913+0000] {logging_mixin.py:190} INFO - [2025-03-27T16:44:02.913+0000] {dagbag.py:588} INFO - Filling up the DagBag from /home/ubuntu/customer_churn_youtube_venv/lib/python3.12/site-packages/airflow/example_dags/example_kubernetes_executor.py
[2025-03-27T16:44:02.916+0000] {logging_mixin.py:190} INFO - [2025-03-27T16:44:02.915+0000] {example_kubernetes_executor.py:39} WARNING - The example_kubernetes_executor example DAG requires the kubernetes provider. Please install it with: pip install apache-airflow[cncf.kubernetes]
[2025-03-27T16:44:02.916+0000] {processor.py:927} WARNING - No viable dags retrieved from /home/ubuntu/customer_churn_youtube_venv/lib/python3.12/site-packages/airflow/example_dags/example_kubernetes_executor.py
[2025-03-27T16:44:02.927+0000] {processor.py:208} INFO - Processing /home/ubuntu/customer_churn_youtube_venv/lib/python3.12/site-packages/airflow/example_dags/example_kubernetes_executor.py took 0.024 seconds
[2025-03-27T16:44:53.074+0000] {processor.py:186} INFO - Started process (PID=6474) to work on /home/ubuntu/customer_churn_youtube_venv/lib/python3.12/site-packages/airflow/example_dags/example_kubernetes_executor.py
[2025-03-27T16:44:53.076+0000] {processor.py:914} INFO - Processing file /home/ubuntu/customer_churn_youtube_venv/lib/python3.12/site-packages/airflow/example_dags/example_kubernetes_executor.py for tasks to queue
[2025-03-27T16:44:53.078+0000] {logging_mixin.py:190} INFO - [2025-03-27T16:44:53.078+0000] {dagbag.py:588} INFO - Filling up the DagBag from /home/ubuntu/customer_churn_youtube_venv/lib/python3.12/site-packages/airflow/example_dags/example_kubernetes_executor.py
[2025-03-27T16:44:53.081+0000] {logging_mixin.py:190} INFO - [2025-03-27T16:44:53.081+0000] {example_kubernetes_executor.py:39} WARNING - The example_kubernetes_executor example DAG requires the kubernetes provider. Please install it with: pip install apache-airflow[cncf.kubernetes]
[2025-03-27T16:44:53.081+0000] {processor.py:927} WARNING - No viable dags retrieved from /home/ubuntu/customer_churn_youtube_venv/lib/python3.12/site-packages/airflow/example_dags/example_kubernetes_executor.py
[2025-03-27T16:44:53.092+0000] {processor.py:208} INFO - Processing /home/ubuntu/customer_churn_youtube_venv/lib/python3.12/site-packages/airflow/example_dags/example_kubernetes_executor.py took 0.023 seconds
[2025-03-27T16:46:08.993+0000] {processor.py:186} INFO - Started process (PID=6841) to work on /home/ubuntu/customer_churn_youtube_venv/lib/python3.12/site-packages/airflow/example_dags/example_kubernetes_executor.py
[2025-03-27T16:46:08.995+0000] {processor.py:914} INFO - Processing file /home/ubuntu/customer_churn_youtube_venv/lib/python3.12/site-packages/airflow/example_dags/example_kubernetes_executor.py for tasks to queue
[2025-03-27T16:46:08.997+0000] {logging_mixin.py:190} INFO - [2025-03-27T16:46:08.996+0000] {dagbag.py:588} INFO - Filling up the DagBag from /home/ubuntu/customer_churn_youtube_venv/lib/python3.12/site-packages/airflow/example_dags/example_kubernetes_executor.py
[2025-03-27T16:46:08.999+0000] {logging_mixin.py:190} INFO - [2025-03-27T16:46:08.999+0000] {example_kubernetes_executor.py:39} WARNING - The example_kubernetes_executor example DAG requires the kubernetes provider. Please install it with: pip install apache-airflow[cncf.kubernetes]
[2025-03-27T16:46:08.999+0000] {processor.py:927} WARNING - No viable dags retrieved from /home/ubuntu/customer_churn_youtube_venv/lib/python3.12/site-packages/airflow/example_dags/example_kubernetes_executor.py
[2025-03-27T16:46:09.010+0000] {processor.py:208} INFO - Processing /home/ubuntu/customer_churn_youtube_venv/lib/python3.12/site-packages/airflow/example_dags/example_kubernetes_executor.py took 0.022 seconds
[2025-03-27T16:47:02.998+0000] {processor.py:186} INFO - Started process (PID=7363) to work on /home/ubuntu/customer_churn_youtube_venv/lib/python3.12/site-packages/airflow/example_dags/example_kubernetes_executor.py
[2025-03-27T16:47:03.000+0000] {processor.py:914} INFO - Processing file /home/ubuntu/customer_churn_youtube_venv/lib/python3.12/site-packages/airflow/example_dags/example_kubernetes_executor.py for tasks to queue
[2025-03-27T16:47:03.002+0000] {logging_mixin.py:190} INFO - [2025-03-27T16:47:03.001+0000] {dagbag.py:588} INFO - Filling up the DagBag from /home/ubuntu/customer_churn_youtube_venv/lib/python3.12/site-packages/airflow/example_dags/example_kubernetes_executor.py
[2025-03-27T16:47:03.005+0000] {logging_mixin.py:190} INFO - [2025-03-27T16:47:03.005+0000] {example_kubernetes_executor.py:39} WARNING - The example_kubernetes_executor example DAG requires the kubernetes provider. Please install it with: pip install apache-airflow[cncf.kubernetes]
[2025-03-27T16:47:03.005+0000] {processor.py:927} WARNING - No viable dags retrieved from /home/ubuntu/customer_churn_youtube_venv/lib/python3.12/site-packages/airflow/example_dags/example_kubernetes_executor.py
[2025-03-27T16:47:03.017+0000] {processor.py:208} INFO - Processing /home/ubuntu/customer_churn_youtube_venv/lib/python3.12/site-packages/airflow/example_dags/example_kubernetes_executor.py took 0.025 seconds
[2025-03-27T16:48:21.855+0000] {processor.py:186} INFO - Started process (PID=7569) to work on /home/ubuntu/customer_churn_youtube_venv/lib/python3.12/site-packages/airflow/example_dags/example_kubernetes_executor.py
[2025-03-27T16:48:21.857+0000] {processor.py:914} INFO - Processing file /home/ubuntu/customer_churn_youtube_venv/lib/python3.12/site-packages/airflow/example_dags/example_kubernetes_executor.py for tasks to queue
[2025-03-27T16:48:21.859+0000] {logging_mixin.py:190} INFO - [2025-03-27T16:48:21.858+0000] {dagbag.py:588} INFO - Filling up the DagBag from /home/ubuntu/customer_churn_youtube_venv/lib/python3.12/site-packages/airflow/example_dags/example_kubernetes_executor.py
[2025-03-27T16:48:21.862+0000] {logging_mixin.py:190} INFO - [2025-03-27T16:48:21.862+0000] {example_kubernetes_executor.py:39} WARNING - The example_kubernetes_executor example DAG requires the kubernetes provider. Please install it with: pip install apache-airflow[cncf.kubernetes]
[2025-03-27T16:48:21.862+0000] {processor.py:927} WARNING - No viable dags retrieved from /home/ubuntu/customer_churn_youtube_venv/lib/python3.12/site-packages/airflow/example_dags/example_kubernetes_executor.py
[2025-03-27T16:48:21.873+0000] {processor.py:208} INFO - Processing /home/ubuntu/customer_churn_youtube_venv/lib/python3.12/site-packages/airflow/example_dags/example_kubernetes_executor.py took 0.023 seconds
[2025-03-27T16:49:38.842+0000] {processor.py:186} INFO - Started process (PID=7650) to work on /home/ubuntu/customer_churn_youtube_venv/lib/python3.12/site-packages/airflow/example_dags/example_kubernetes_executor.py
[2025-03-27T16:49:38.844+0000] {processor.py:914} INFO - Processing file /home/ubuntu/customer_churn_youtube_venv/lib/python3.12/site-packages/airflow/example_dags/example_kubernetes_executor.py for tasks to queue
[2025-03-27T16:49:38.846+0000] {logging_mixin.py:190} INFO - [2025-03-27T16:49:38.846+0000] {dagbag.py:588} INFO - Filling up the DagBag from /home/ubuntu/customer_churn_youtube_venv/lib/python3.12/site-packages/airflow/example_dags/example_kubernetes_executor.py
[2025-03-27T16:49:38.849+0000] {logging_mixin.py:190} INFO - [2025-03-27T16:49:38.849+0000] {example_kubernetes_executor.py:39} WARNING - The example_kubernetes_executor example DAG requires the kubernetes provider. Please install it with: pip install apache-airflow[cncf.kubernetes]
[2025-03-27T16:49:38.849+0000] {processor.py:927} WARNING - No viable dags retrieved from /home/ubuntu/customer_churn_youtube_venv/lib/python3.12/site-packages/airflow/example_dags/example_kubernetes_executor.py
[2025-03-27T16:49:38.860+0000] {processor.py:208} INFO - Processing /home/ubuntu/customer_churn_youtube_venv/lib/python3.12/site-packages/airflow/example_dags/example_kubernetes_executor.py took 0.023 seconds
[2025-03-27T16:50:32.078+0000] {processor.py:186} INFO - Started process (PID=7710) to work on /home/ubuntu/customer_churn_youtube_venv/lib/python3.12/site-packages/airflow/example_dags/example_kubernetes_executor.py
[2025-03-27T16:50:32.081+0000] {processor.py:914} INFO - Processing file /home/ubuntu/customer_churn_youtube_venv/lib/python3.12/site-packages/airflow/example_dags/example_kubernetes_executor.py for tasks to queue
[2025-03-27T16:50:32.082+0000] {logging_mixin.py:190} INFO - [2025-03-27T16:50:32.082+0000] {dagbag.py:588} INFO - Filling up the DagBag from /home/ubuntu/customer_churn_youtube_venv/lib/python3.12/site-packages/airflow/example_dags/example_kubernetes_executor.py
[2025-03-27T16:50:32.086+0000] {logging_mixin.py:190} INFO - [2025-03-27T16:50:32.086+0000] {example_kubernetes_executor.py:39} WARNING - The example_kubernetes_executor example DAG requires the kubernetes provider. Please install it with: pip install apache-airflow[cncf.kubernetes]
[2025-03-27T16:50:32.087+0000] {processor.py:927} WARNING - No viable dags retrieved from /home/ubuntu/customer_churn_youtube_venv/lib/python3.12/site-packages/airflow/example_dags/example_kubernetes_executor.py
[2025-03-27T16:50:32.097+0000] {processor.py:208} INFO - Processing /home/ubuntu/customer_churn_youtube_venv/lib/python3.12/site-packages/airflow/example_dags/example_kubernetes_executor.py took 0.025 seconds
[2025-03-27T16:51:49.225+0000] {processor.py:186} INFO - Started process (PID=7789) to work on /home/ubuntu/customer_churn_youtube_venv/lib/python3.12/site-packages/airflow/example_dags/example_kubernetes_executor.py
[2025-03-27T16:51:49.228+0000] {processor.py:914} INFO - Processing file /home/ubuntu/customer_churn_youtube_venv/lib/python3.12/site-packages/airflow/example_dags/example_kubernetes_executor.py for tasks to queue
[2025-03-27T16:51:49.229+0000] {logging_mixin.py:190} INFO - [2025-03-27T16:51:49.229+0000] {dagbag.py:588} INFO - Filling up the DagBag from /home/ubuntu/customer_churn_youtube_venv/lib/python3.12/site-packages/airflow/example_dags/example_kubernetes_executor.py
[2025-03-27T16:51:49.233+0000] {logging_mixin.py:190} INFO - [2025-03-27T16:51:49.233+0000] {example_kubernetes_executor.py:39} WARNING - The example_kubernetes_executor example DAG requires the kubernetes provider. Please install it with: pip install apache-airflow[cncf.kubernetes]
[2025-03-27T16:51:49.233+0000] {processor.py:927} WARNING - No viable dags retrieved from /home/ubuntu/customer_churn_youtube_venv/lib/python3.12/site-packages/airflow/example_dags/example_kubernetes_executor.py
[2025-03-27T16:51:49.243+0000] {processor.py:208} INFO - Processing /home/ubuntu/customer_churn_youtube_venv/lib/python3.12/site-packages/airflow/example_dags/example_kubernetes_executor.py took 0.023 seconds
[2025-03-27T16:53:03.731+0000] {processor.py:186} INFO - Started process (PID=7869) to work on /home/ubuntu/customer_churn_youtube_venv/lib/python3.12/site-packages/airflow/example_dags/example_kubernetes_executor.py
[2025-03-27T16:53:03.733+0000] {processor.py:914} INFO - Processing file /home/ubuntu/customer_churn_youtube_venv/lib/python3.12/site-packages/airflow/example_dags/example_kubernetes_executor.py for tasks to queue
[2025-03-27T16:53:03.735+0000] {logging_mixin.py:190} INFO - [2025-03-27T16:53:03.734+0000] {dagbag.py:588} INFO - Filling up the DagBag from /home/ubuntu/customer_churn_youtube_venv/lib/python3.12/site-packages/airflow/example_dags/example_kubernetes_executor.py
[2025-03-27T16:53:03.737+0000] {logging_mixin.py:190} INFO - [2025-03-27T16:53:03.737+0000] {example_kubernetes_executor.py:39} WARNING - The example_kubernetes_executor example DAG requires the kubernetes provider. Please install it with: pip install apache-airflow[cncf.kubernetes]
[2025-03-27T16:53:03.738+0000] {processor.py:927} WARNING - No viable dags retrieved from /home/ubuntu/customer_churn_youtube_venv/lib/python3.12/site-packages/airflow/example_dags/example_kubernetes_executor.py
[2025-03-27T16:53:03.749+0000] {processor.py:208} INFO - Processing /home/ubuntu/customer_churn_youtube_venv/lib/python3.12/site-packages/airflow/example_dags/example_kubernetes_executor.py took 0.023 seconds
[2025-03-27T16:54:18.578+0000] {processor.py:186} INFO - Started process (PID=7948) to work on /home/ubuntu/customer_churn_youtube_venv/lib/python3.12/site-packages/airflow/example_dags/example_kubernetes_executor.py
[2025-03-27T16:54:18.580+0000] {processor.py:914} INFO - Processing file /home/ubuntu/customer_churn_youtube_venv/lib/python3.12/site-packages/airflow/example_dags/example_kubernetes_executor.py for tasks to queue
[2025-03-27T16:54:18.582+0000] {logging_mixin.py:190} INFO - [2025-03-27T16:54:18.581+0000] {dagbag.py:588} INFO - Filling up the DagBag from /home/ubuntu/customer_churn_youtube_venv/lib/python3.12/site-packages/airflow/example_dags/example_kubernetes_executor.py
[2025-03-27T16:54:18.585+0000] {logging_mixin.py:190} INFO - [2025-03-27T16:54:18.585+0000] {example_kubernetes_executor.py:39} WARNING - The example_kubernetes_executor example DAG requires the kubernetes provider. Please install it with: pip install apache-airflow[cncf.kubernetes]
[2025-03-27T16:54:18.586+0000] {processor.py:927} WARNING - No viable dags retrieved from /home/ubuntu/customer_churn_youtube_venv/lib/python3.12/site-packages/airflow/example_dags/example_kubernetes_executor.py
[2025-03-27T16:54:18.597+0000] {processor.py:208} INFO - Processing /home/ubuntu/customer_churn_youtube_venv/lib/python3.12/site-packages/airflow/example_dags/example_kubernetes_executor.py took 0.024 seconds
[2025-03-27T16:55:09.981+0000] {processor.py:186} INFO - Started process (PID=8005) to work on /home/ubuntu/customer_churn_youtube_venv/lib/python3.12/site-packages/airflow/example_dags/example_kubernetes_executor.py
[2025-03-27T16:55:09.983+0000] {processor.py:914} INFO - Processing file /home/ubuntu/customer_churn_youtube_venv/lib/python3.12/site-packages/airflow/example_dags/example_kubernetes_executor.py for tasks to queue
[2025-03-27T16:55:09.985+0000] {logging_mixin.py:190} INFO - [2025-03-27T16:55:09.984+0000] {dagbag.py:588} INFO - Filling up the DagBag from /home/ubuntu/customer_churn_youtube_venv/lib/python3.12/site-packages/airflow/example_dags/example_kubernetes_executor.py
[2025-03-27T16:55:09.988+0000] {logging_mixin.py:190} INFO - [2025-03-27T16:55:09.987+0000] {example_kubernetes_executor.py:39} WARNING - The example_kubernetes_executor example DAG requires the kubernetes provider. Please install it with: pip install apache-airflow[cncf.kubernetes]
[2025-03-27T16:55:09.988+0000] {processor.py:927} WARNING - No viable dags retrieved from /home/ubuntu/customer_churn_youtube_venv/lib/python3.12/site-packages/airflow/example_dags/example_kubernetes_executor.py
[2025-03-27T16:55:09.998+0000] {processor.py:208} INFO - Processing /home/ubuntu/customer_churn_youtube_venv/lib/python3.12/site-packages/airflow/example_dags/example_kubernetes_executor.py took 0.022 seconds
[2025-03-27T16:56:03.964+0000] {processor.py:186} INFO - Started process (PID=8082) to work on /home/ubuntu/customer_churn_youtube_venv/lib/python3.12/site-packages/airflow/example_dags/example_kubernetes_executor.py
[2025-03-27T16:56:03.965+0000] {processor.py:914} INFO - Processing file /home/ubuntu/customer_churn_youtube_venv/lib/python3.12/site-packages/airflow/example_dags/example_kubernetes_executor.py for tasks to queue
[2025-03-27T16:56:03.967+0000] {logging_mixin.py:190} INFO - [2025-03-27T16:56:03.967+0000] {dagbag.py:588} INFO - Filling up the DagBag from /home/ubuntu/customer_churn_youtube_venv/lib/python3.12/site-packages/airflow/example_dags/example_kubernetes_executor.py
[2025-03-27T16:56:03.970+0000] {logging_mixin.py:190} INFO - [2025-03-27T16:56:03.970+0000] {example_kubernetes_executor.py:39} WARNING - The example_kubernetes_executor example DAG requires the kubernetes provider. Please install it with: pip install apache-airflow[cncf.kubernetes]
[2025-03-27T16:56:03.970+0000] {processor.py:927} WARNING - No viable dags retrieved from /home/ubuntu/customer_churn_youtube_venv/lib/python3.12/site-packages/airflow/example_dags/example_kubernetes_executor.py
[2025-03-27T16:56:03.981+0000] {processor.py:208} INFO - Processing /home/ubuntu/customer_churn_youtube_venv/lib/python3.12/site-packages/airflow/example_dags/example_kubernetes_executor.py took 0.023 seconds
[2025-03-27T16:57:02.553+0000] {processor.py:186} INFO - Started process (PID=8138) to work on /home/ubuntu/customer_churn_youtube_venv/lib/python3.12/site-packages/airflow/example_dags/example_kubernetes_executor.py
[2025-03-27T16:57:02.555+0000] {processor.py:914} INFO - Processing file /home/ubuntu/customer_churn_youtube_venv/lib/python3.12/site-packages/airflow/example_dags/example_kubernetes_executor.py for tasks to queue
[2025-03-27T16:57:02.556+0000] {logging_mixin.py:190} INFO - [2025-03-27T16:57:02.556+0000] {dagbag.py:588} INFO - Filling up the DagBag from /home/ubuntu/customer_churn_youtube_venv/lib/python3.12/site-packages/airflow/example_dags/example_kubernetes_executor.py
[2025-03-27T16:57:02.559+0000] {logging_mixin.py:190} INFO - [2025-03-27T16:57:02.559+0000] {example_kubernetes_executor.py:39} WARNING - The example_kubernetes_executor example DAG requires the kubernetes provider. Please install it with: pip install apache-airflow[cncf.kubernetes]
[2025-03-27T16:57:02.560+0000] {processor.py:927} WARNING - No viable dags retrieved from /home/ubuntu/customer_churn_youtube_venv/lib/python3.12/site-packages/airflow/example_dags/example_kubernetes_executor.py
[2025-03-27T16:57:02.570+0000] {processor.py:208} INFO - Processing /home/ubuntu/customer_churn_youtube_venv/lib/python3.12/site-packages/airflow/example_dags/example_kubernetes_executor.py took 0.022 seconds
[2025-03-27T16:58:01.112+0000] {processor.py:186} INFO - Started process (PID=8195) to work on /home/ubuntu/customer_churn_youtube_venv/lib/python3.12/site-packages/airflow/example_dags/example_kubernetes_executor.py
[2025-03-27T16:58:01.114+0000] {processor.py:914} INFO - Processing file /home/ubuntu/customer_churn_youtube_venv/lib/python3.12/site-packages/airflow/example_dags/example_kubernetes_executor.py for tasks to queue
[2025-03-27T16:58:01.116+0000] {logging_mixin.py:190} INFO - [2025-03-27T16:58:01.116+0000] {dagbag.py:588} INFO - Filling up the DagBag from /home/ubuntu/customer_churn_youtube_venv/lib/python3.12/site-packages/airflow/example_dags/example_kubernetes_executor.py
[2025-03-27T16:58:01.119+0000] {logging_mixin.py:190} INFO - [2025-03-27T16:58:01.118+0000] {example_kubernetes_executor.py:39} WARNING - The example_kubernetes_executor example DAG requires the kubernetes provider. Please install it with: pip install apache-airflow[cncf.kubernetes]
[2025-03-27T16:58:01.119+0000] {processor.py:927} WARNING - No viable dags retrieved from /home/ubuntu/customer_churn_youtube_venv/lib/python3.12/site-packages/airflow/example_dags/example_kubernetes_executor.py
[2025-03-27T16:58:01.130+0000] {processor.py:208} INFO - Processing /home/ubuntu/customer_churn_youtube_venv/lib/python3.12/site-packages/airflow/example_dags/example_kubernetes_executor.py took 0.023 seconds
[2025-03-27T16:58:58.867+0000] {processor.py:186} INFO - Started process (PID=8277) to work on /home/ubuntu/customer_churn_youtube_venv/lib/python3.12/site-packages/airflow/example_dags/example_kubernetes_executor.py
[2025-03-27T16:58:58.869+0000] {processor.py:914} INFO - Processing file /home/ubuntu/customer_churn_youtube_venv/lib/python3.12/site-packages/airflow/example_dags/example_kubernetes_executor.py for tasks to queue
[2025-03-27T16:58:58.871+0000] {logging_mixin.py:190} INFO - [2025-03-27T16:58:58.871+0000] {dagbag.py:588} INFO - Filling up the DagBag from /home/ubuntu/customer_churn_youtube_venv/lib/python3.12/site-packages/airflow/example_dags/example_kubernetes_executor.py
[2025-03-27T16:58:58.874+0000] {logging_mixin.py:190} INFO - [2025-03-27T16:58:58.873+0000] {example_kubernetes_executor.py:39} WARNING - The example_kubernetes_executor example DAG requires the kubernetes provider. Please install it with: pip install apache-airflow[cncf.kubernetes]
[2025-03-27T16:58:58.875+0000] {processor.py:927} WARNING - No viable dags retrieved from /home/ubuntu/customer_churn_youtube_venv/lib/python3.12/site-packages/airflow/example_dags/example_kubernetes_executor.py
[2025-03-27T16:58:58.884+0000] {processor.py:208} INFO - Processing /home/ubuntu/customer_churn_youtube_venv/lib/python3.12/site-packages/airflow/example_dags/example_kubernetes_executor.py took 0.023 seconds
[2025-03-27T16:59:59.981+0000] {processor.py:186} INFO - Started process (PID=8336) to work on /home/ubuntu/customer_churn_youtube_venv/lib/python3.12/site-packages/airflow/example_dags/example_kubernetes_executor.py
[2025-03-27T16:59:59.983+0000] {processor.py:914} INFO - Processing file /home/ubuntu/customer_churn_youtube_venv/lib/python3.12/site-packages/airflow/example_dags/example_kubernetes_executor.py for tasks to queue
[2025-03-27T16:59:59.985+0000] {logging_mixin.py:190} INFO - [2025-03-27T16:59:59.985+0000] {dagbag.py:588} INFO - Filling up the DagBag from /home/ubuntu/customer_churn_youtube_venv/lib/python3.12/site-packages/airflow/example_dags/example_kubernetes_executor.py
[2025-03-27T16:59:59.988+0000] {logging_mixin.py:190} INFO - [2025-03-27T16:59:59.988+0000] {example_kubernetes_executor.py:39} WARNING - The example_kubernetes_executor example DAG requires the kubernetes provider. Please install it with: pip install apache-airflow[cncf.kubernetes]
[2025-03-27T16:59:59.988+0000] {processor.py:927} WARNING - No viable dags retrieved from /home/ubuntu/customer_churn_youtube_venv/lib/python3.12/site-packages/airflow/example_dags/example_kubernetes_executor.py
[2025-03-27T16:59:59.998+0000] {processor.py:208} INFO - Processing /home/ubuntu/customer_churn_youtube_venv/lib/python3.12/site-packages/airflow/example_dags/example_kubernetes_executor.py took 0.022 seconds
[2025-03-27T17:00:54.762+0000] {processor.py:186} INFO - Started process (PID=8399) to work on /home/ubuntu/customer_churn_youtube_venv/lib/python3.12/site-packages/airflow/example_dags/example_kubernetes_executor.py
[2025-03-27T17:00:54.764+0000] {processor.py:914} INFO - Processing file /home/ubuntu/customer_churn_youtube_venv/lib/python3.12/site-packages/airflow/example_dags/example_kubernetes_executor.py for tasks to queue
[2025-03-27T17:00:54.766+0000] {logging_mixin.py:190} INFO - [2025-03-27T17:00:54.765+0000] {dagbag.py:588} INFO - Filling up the DagBag from /home/ubuntu/customer_churn_youtube_venv/lib/python3.12/site-packages/airflow/example_dags/example_kubernetes_executor.py
[2025-03-27T17:00:54.769+0000] {logging_mixin.py:190} INFO - [2025-03-27T17:00:54.769+0000] {example_kubernetes_executor.py:39} WARNING - The example_kubernetes_executor example DAG requires the kubernetes provider. Please install it with: pip install apache-airflow[cncf.kubernetes]
[2025-03-27T17:00:54.769+0000] {processor.py:927} WARNING - No viable dags retrieved from /home/ubuntu/customer_churn_youtube_venv/lib/python3.12/site-packages/airflow/example_dags/example_kubernetes_executor.py
[2025-03-27T17:00:54.780+0000] {processor.py:208} INFO - Processing /home/ubuntu/customer_churn_youtube_venv/lib/python3.12/site-packages/airflow/example_dags/example_kubernetes_executor.py took 0.024 seconds
[2025-03-27T17:02:11.689+0000] {processor.py:186} INFO - Started process (PID=8479) to work on /home/ubuntu/customer_churn_youtube_venv/lib/python3.12/site-packages/airflow/example_dags/example_kubernetes_executor.py
[2025-03-27T17:02:11.692+0000] {processor.py:914} INFO - Processing file /home/ubuntu/customer_churn_youtube_venv/lib/python3.12/site-packages/airflow/example_dags/example_kubernetes_executor.py for tasks to queue
[2025-03-27T17:02:11.694+0000] {logging_mixin.py:190} INFO - [2025-03-27T17:02:11.694+0000] {dagbag.py:588} INFO - Filling up the DagBag from /home/ubuntu/customer_churn_youtube_venv/lib/python3.12/site-packages/airflow/example_dags/example_kubernetes_executor.py
[2025-03-27T17:02:11.697+0000] {logging_mixin.py:190} INFO - [2025-03-27T17:02:11.697+0000] {example_kubernetes_executor.py:39} WARNING - The example_kubernetes_executor example DAG requires the kubernetes provider. Please install it with: pip install apache-airflow[cncf.kubernetes]
[2025-03-27T17:02:11.698+0000] {processor.py:927} WARNING - No viable dags retrieved from /home/ubuntu/customer_churn_youtube_venv/lib/python3.12/site-packages/airflow/example_dags/example_kubernetes_executor.py
[2025-03-27T17:02:11.708+0000] {processor.py:208} INFO - Processing /home/ubuntu/customer_churn_youtube_venv/lib/python3.12/site-packages/airflow/example_dags/example_kubernetes_executor.py took 0.024 seconds
[2025-03-27T17:03:26.699+0000] {processor.py:186} INFO - Started process (PID=8562) to work on /home/ubuntu/customer_churn_youtube_venv/lib/python3.12/site-packages/airflow/example_dags/example_kubernetes_executor.py
[2025-03-27T17:03:26.700+0000] {processor.py:914} INFO - Processing file /home/ubuntu/customer_churn_youtube_venv/lib/python3.12/site-packages/airflow/example_dags/example_kubernetes_executor.py for tasks to queue
[2025-03-27T17:03:26.702+0000] {logging_mixin.py:190} INFO - [2025-03-27T17:03:26.702+0000] {dagbag.py:588} INFO - Filling up the DagBag from /home/ubuntu/customer_churn_youtube_venv/lib/python3.12/site-packages/airflow/example_dags/example_kubernetes_executor.py
[2025-03-27T17:03:26.705+0000] {logging_mixin.py:190} INFO - [2025-03-27T17:03:26.705+0000] {example_kubernetes_executor.py:39} WARNING - The example_kubernetes_executor example DAG requires the kubernetes provider. Please install it with: pip install apache-airflow[cncf.kubernetes]
[2025-03-27T17:03:26.705+0000] {processor.py:927} WARNING - No viable dags retrieved from /home/ubuntu/customer_churn_youtube_venv/lib/python3.12/site-packages/airflow/example_dags/example_kubernetes_executor.py
[2025-03-27T17:03:26.716+0000] {processor.py:208} INFO - Processing /home/ubuntu/customer_churn_youtube_venv/lib/python3.12/site-packages/airflow/example_dags/example_kubernetes_executor.py took 0.023 seconds
[2025-03-27T17:04:19.778+0000] {processor.py:186} INFO - Started process (PID=8623) to work on /home/ubuntu/customer_churn_youtube_venv/lib/python3.12/site-packages/airflow/example_dags/example_kubernetes_executor.py
[2025-03-27T17:04:19.779+0000] {processor.py:914} INFO - Processing file /home/ubuntu/customer_churn_youtube_venv/lib/python3.12/site-packages/airflow/example_dags/example_kubernetes_executor.py for tasks to queue
[2025-03-27T17:04:19.781+0000] {logging_mixin.py:190} INFO - [2025-03-27T17:04:19.781+0000] {dagbag.py:588} INFO - Filling up the DagBag from /home/ubuntu/customer_churn_youtube_venv/lib/python3.12/site-packages/airflow/example_dags/example_kubernetes_executor.py
[2025-03-27T17:04:19.785+0000] {logging_mixin.py:190} INFO - [2025-03-27T17:04:19.784+0000] {example_kubernetes_executor.py:39} WARNING - The example_kubernetes_executor example DAG requires the kubernetes provider. Please install it with: pip install apache-airflow[cncf.kubernetes]
[2025-03-27T17:04:19.785+0000] {processor.py:927} WARNING - No viable dags retrieved from /home/ubuntu/customer_churn_youtube_venv/lib/python3.12/site-packages/airflow/example_dags/example_kubernetes_executor.py
[2025-03-27T17:04:19.795+0000] {processor.py:208} INFO - Processing /home/ubuntu/customer_churn_youtube_venv/lib/python3.12/site-packages/airflow/example_dags/example_kubernetes_executor.py took 0.023 seconds
[2025-03-27T17:05:11.351+0000] {processor.py:186} INFO - Started process (PID=8699) to work on /home/ubuntu/customer_churn_youtube_venv/lib/python3.12/site-packages/airflow/example_dags/example_kubernetes_executor.py
[2025-03-27T17:05:11.353+0000] {processor.py:914} INFO - Processing file /home/ubuntu/customer_churn_youtube_venv/lib/python3.12/site-packages/airflow/example_dags/example_kubernetes_executor.py for tasks to queue
[2025-03-27T17:05:11.355+0000] {logging_mixin.py:190} INFO - [2025-03-27T17:05:11.355+0000] {dagbag.py:588} INFO - Filling up the DagBag from /home/ubuntu/customer_churn_youtube_venv/lib/python3.12/site-packages/airflow/example_dags/example_kubernetes_executor.py
[2025-03-27T17:05:11.358+0000] {logging_mixin.py:190} INFO - [2025-03-27T17:05:11.358+0000] {example_kubernetes_executor.py:39} WARNING - The example_kubernetes_executor example DAG requires the kubernetes provider. Please install it with: pip install apache-airflow[cncf.kubernetes]
[2025-03-27T17:05:11.359+0000] {processor.py:927} WARNING - No viable dags retrieved from /home/ubuntu/customer_churn_youtube_venv/lib/python3.12/site-packages/airflow/example_dags/example_kubernetes_executor.py
[2025-03-27T17:05:11.369+0000] {processor.py:208} INFO - Processing /home/ubuntu/customer_churn_youtube_venv/lib/python3.12/site-packages/airflow/example_dags/example_kubernetes_executor.py took 0.025 seconds
[2025-03-27T17:06:05.255+0000] {processor.py:186} INFO - Started process (PID=8754) to work on /home/ubuntu/customer_churn_youtube_venv/lib/python3.12/site-packages/airflow/example_dags/example_kubernetes_executor.py
[2025-03-27T17:06:05.256+0000] {processor.py:914} INFO - Processing file /home/ubuntu/customer_churn_youtube_venv/lib/python3.12/site-packages/airflow/example_dags/example_kubernetes_executor.py for tasks to queue
[2025-03-27T17:06:05.259+0000] {logging_mixin.py:190} INFO - [2025-03-27T17:06:05.258+0000] {dagbag.py:588} INFO - Filling up the DagBag from /home/ubuntu/customer_churn_youtube_venv/lib/python3.12/site-packages/airflow/example_dags/example_kubernetes_executor.py
[2025-03-27T17:06:05.261+0000] {logging_mixin.py:190} INFO - [2025-03-27T17:06:05.261+0000] {example_kubernetes_executor.py:39} WARNING - The example_kubernetes_executor example DAG requires the kubernetes provider. Please install it with: pip install apache-airflow[cncf.kubernetes]
[2025-03-27T17:06:05.261+0000] {processor.py:927} WARNING - No viable dags retrieved from /home/ubuntu/customer_churn_youtube_venv/lib/python3.12/site-packages/airflow/example_dags/example_kubernetes_executor.py
[2025-03-27T17:06:05.271+0000] {processor.py:208} INFO - Processing /home/ubuntu/customer_churn_youtube_venv/lib/python3.12/site-packages/airflow/example_dags/example_kubernetes_executor.py took 0.022 seconds
[2025-03-27T17:06:58.596+0000] {processor.py:186} INFO - Started process (PID=8809) to work on /home/ubuntu/customer_churn_youtube_venv/lib/python3.12/site-packages/airflow/example_dags/example_kubernetes_executor.py
[2025-03-27T17:06:58.598+0000] {processor.py:914} INFO - Processing file /home/ubuntu/customer_churn_youtube_venv/lib/python3.12/site-packages/airflow/example_dags/example_kubernetes_executor.py for tasks to queue
[2025-03-27T17:06:58.600+0000] {logging_mixin.py:190} INFO - [2025-03-27T17:06:58.599+0000] {dagbag.py:588} INFO - Filling up the DagBag from /home/ubuntu/customer_churn_youtube_venv/lib/python3.12/site-packages/airflow/example_dags/example_kubernetes_executor.py
[2025-03-27T17:06:58.603+0000] {logging_mixin.py:190} INFO - [2025-03-27T17:06:58.602+0000] {example_kubernetes_executor.py:39} WARNING - The example_kubernetes_executor example DAG requires the kubernetes provider. Please install it with: pip install apache-airflow[cncf.kubernetes]
[2025-03-27T17:06:58.603+0000] {processor.py:927} WARNING - No viable dags retrieved from /home/ubuntu/customer_churn_youtube_venv/lib/python3.12/site-packages/airflow/example_dags/example_kubernetes_executor.py
[2025-03-27T17:06:58.613+0000] {processor.py:208} INFO - Processing /home/ubuntu/customer_churn_youtube_venv/lib/python3.12/site-packages/airflow/example_dags/example_kubernetes_executor.py took 0.022 seconds
[2025-03-27T17:08:16.694+0000] {processor.py:186} INFO - Started process (PID=8899) to work on /home/ubuntu/customer_churn_youtube_venv/lib/python3.12/site-packages/airflow/example_dags/example_kubernetes_executor.py
[2025-03-27T17:08:16.695+0000] {processor.py:914} INFO - Processing file /home/ubuntu/customer_churn_youtube_venv/lib/python3.12/site-packages/airflow/example_dags/example_kubernetes_executor.py for tasks to queue
[2025-03-27T17:08:16.697+0000] {logging_mixin.py:190} INFO - [2025-03-27T17:08:16.697+0000] {dagbag.py:588} INFO - Filling up the DagBag from /home/ubuntu/customer_churn_youtube_venv/lib/python3.12/site-packages/airflow/example_dags/example_kubernetes_executor.py
[2025-03-27T17:08:16.700+0000] {logging_mixin.py:190} INFO - [2025-03-27T17:08:16.700+0000] {example_kubernetes_executor.py:39} WARNING - The example_kubernetes_executor example DAG requires the kubernetes provider. Please install it with: pip install apache-airflow[cncf.kubernetes]
[2025-03-27T17:08:16.700+0000] {processor.py:927} WARNING - No viable dags retrieved from /home/ubuntu/customer_churn_youtube_venv/lib/python3.12/site-packages/airflow/example_dags/example_kubernetes_executor.py
[2025-03-27T17:08:16.709+0000] {processor.py:208} INFO - Processing /home/ubuntu/customer_churn_youtube_venv/lib/python3.12/site-packages/airflow/example_dags/example_kubernetes_executor.py took 0.021 seconds
[2025-03-27T17:09:08.971+0000] {processor.py:186} INFO - Started process (PID=8960) to work on /home/ubuntu/customer_churn_youtube_venv/lib/python3.12/site-packages/airflow/example_dags/example_kubernetes_executor.py
[2025-03-27T17:09:08.974+0000] {processor.py:914} INFO - Processing file /home/ubuntu/customer_churn_youtube_venv/lib/python3.12/site-packages/airflow/example_dags/example_kubernetes_executor.py for tasks to queue
[2025-03-27T17:09:08.976+0000] {logging_mixin.py:190} INFO - [2025-03-27T17:09:08.976+0000] {dagbag.py:588} INFO - Filling up the DagBag from /home/ubuntu/customer_churn_youtube_venv/lib/python3.12/site-packages/airflow/example_dags/example_kubernetes_executor.py
[2025-03-27T17:09:08.979+0000] {logging_mixin.py:190} INFO - [2025-03-27T17:09:08.979+0000] {example_kubernetes_executor.py:39} WARNING - The example_kubernetes_executor example DAG requires the kubernetes provider. Please install it with: pip install apache-airflow[cncf.kubernetes]
[2025-03-27T17:09:08.979+0000] {processor.py:927} WARNING - No viable dags retrieved from /home/ubuntu/customer_churn_youtube_venv/lib/python3.12/site-packages/airflow/example_dags/example_kubernetes_executor.py
[2025-03-27T17:09:08.991+0000] {processor.py:208} INFO - Processing /home/ubuntu/customer_churn_youtube_venv/lib/python3.12/site-packages/airflow/example_dags/example_kubernetes_executor.py took 0.025 seconds
[2025-03-27T17:10:03.973+0000] {processor.py:186} INFO - Started process (PID=9020) to work on /home/ubuntu/customer_churn_youtube_venv/lib/python3.12/site-packages/airflow/example_dags/example_kubernetes_executor.py
[2025-03-27T17:10:03.975+0000] {processor.py:914} INFO - Processing file /home/ubuntu/customer_churn_youtube_venv/lib/python3.12/site-packages/airflow/example_dags/example_kubernetes_executor.py for tasks to queue
[2025-03-27T17:10:03.977+0000] {logging_mixin.py:190} INFO - [2025-03-27T17:10:03.977+0000] {dagbag.py:588} INFO - Filling up the DagBag from /home/ubuntu/customer_churn_youtube_venv/lib/python3.12/site-packages/airflow/example_dags/example_kubernetes_executor.py
[2025-03-27T17:10:03.980+0000] {logging_mixin.py:190} INFO - [2025-03-27T17:10:03.980+0000] {example_kubernetes_executor.py:39} WARNING - The example_kubernetes_executor example DAG requires the kubernetes provider. Please install it with: pip install apache-airflow[cncf.kubernetes]
[2025-03-27T17:10:03.980+0000] {processor.py:927} WARNING - No viable dags retrieved from /home/ubuntu/customer_churn_youtube_venv/lib/python3.12/site-packages/airflow/example_dags/example_kubernetes_executor.py
[2025-03-27T17:10:03.992+0000] {processor.py:208} INFO - Processing /home/ubuntu/customer_churn_youtube_venv/lib/python3.12/site-packages/airflow/example_dags/example_kubernetes_executor.py took 0.024 seconds
[2025-03-27T17:10:58.467+0000] {processor.py:186} INFO - Started process (PID=9080) to work on /home/ubuntu/customer_churn_youtube_venv/lib/python3.12/site-packages/airflow/example_dags/example_kubernetes_executor.py
[2025-03-27T17:10:58.469+0000] {processor.py:914} INFO - Processing file /home/ubuntu/customer_churn_youtube_venv/lib/python3.12/site-packages/airflow/example_dags/example_kubernetes_executor.py for tasks to queue
[2025-03-27T17:10:58.471+0000] {logging_mixin.py:190} INFO - [2025-03-27T17:10:58.470+0000] {dagbag.py:588} INFO - Filling up the DagBag from /home/ubuntu/customer_churn_youtube_venv/lib/python3.12/site-packages/airflow/example_dags/example_kubernetes_executor.py
[2025-03-27T17:10:58.474+0000] {logging_mixin.py:190} INFO - [2025-03-27T17:10:58.474+0000] {example_kubernetes_executor.py:39} WARNING - The example_kubernetes_executor example DAG requires the kubernetes provider. Please install it with: pip install apache-airflow[cncf.kubernetes]
[2025-03-27T17:10:58.474+0000] {processor.py:927} WARNING - No viable dags retrieved from /home/ubuntu/customer_churn_youtube_venv/lib/python3.12/site-packages/airflow/example_dags/example_kubernetes_executor.py
[2025-03-27T17:10:58.485+0000] {processor.py:208} INFO - Processing /home/ubuntu/customer_churn_youtube_venv/lib/python3.12/site-packages/airflow/example_dags/example_kubernetes_executor.py took 0.023 seconds
[2025-03-27T17:11:52.891+0000] {processor.py:186} INFO - Started process (PID=9140) to work on /home/ubuntu/customer_churn_youtube_venv/lib/python3.12/site-packages/airflow/example_dags/example_kubernetes_executor.py
[2025-03-27T17:11:52.893+0000] {processor.py:914} INFO - Processing file /home/ubuntu/customer_churn_youtube_venv/lib/python3.12/site-packages/airflow/example_dags/example_kubernetes_executor.py for tasks to queue
[2025-03-27T17:11:52.895+0000] {logging_mixin.py:190} INFO - [2025-03-27T17:11:52.895+0000] {dagbag.py:588} INFO - Filling up the DagBag from /home/ubuntu/customer_churn_youtube_venv/lib/python3.12/site-packages/airflow/example_dags/example_kubernetes_executor.py
[2025-03-27T17:11:52.898+0000] {logging_mixin.py:190} INFO - [2025-03-27T17:11:52.898+0000] {example_kubernetes_executor.py:39} WARNING - The example_kubernetes_executor example DAG requires the kubernetes provider. Please install it with: pip install apache-airflow[cncf.kubernetes]
[2025-03-27T17:11:52.898+0000] {processor.py:927} WARNING - No viable dags retrieved from /home/ubuntu/customer_churn_youtube_venv/lib/python3.12/site-packages/airflow/example_dags/example_kubernetes_executor.py
[2025-03-27T17:11:52.911+0000] {processor.py:208} INFO - Processing /home/ubuntu/customer_churn_youtube_venv/lib/python3.12/site-packages/airflow/example_dags/example_kubernetes_executor.py took 0.026 seconds
[2025-03-27T17:12:47.958+0000] {processor.py:186} INFO - Started process (PID=9209) to work on /home/ubuntu/customer_churn_youtube_venv/lib/python3.12/site-packages/airflow/example_dags/example_kubernetes_executor.py
[2025-03-27T17:12:47.959+0000] {processor.py:914} INFO - Processing file /home/ubuntu/customer_churn_youtube_venv/lib/python3.12/site-packages/airflow/example_dags/example_kubernetes_executor.py for tasks to queue
[2025-03-27T17:12:47.961+0000] {logging_mixin.py:190} INFO - [2025-03-27T17:12:47.961+0000] {dagbag.py:588} INFO - Filling up the DagBag from /home/ubuntu/customer_churn_youtube_venv/lib/python3.12/site-packages/airflow/example_dags/example_kubernetes_executor.py
[2025-03-27T17:12:47.964+0000] {logging_mixin.py:190} INFO - [2025-03-27T17:12:47.964+0000] {example_kubernetes_executor.py:39} WARNING - The example_kubernetes_executor example DAG requires the kubernetes provider. Please install it with: pip install apache-airflow[cncf.kubernetes]
[2025-03-27T17:12:47.964+0000] {processor.py:927} WARNING - No viable dags retrieved from /home/ubuntu/customer_churn_youtube_venv/lib/python3.12/site-packages/airflow/example_dags/example_kubernetes_executor.py
[2025-03-27T17:12:47.975+0000] {processor.py:208} INFO - Processing /home/ubuntu/customer_churn_youtube_venv/lib/python3.12/site-packages/airflow/example_dags/example_kubernetes_executor.py took 0.022 seconds
[2025-03-27T17:14:03.965+0000] {processor.py:186} INFO - Started process (PID=9292) to work on /home/ubuntu/customer_churn_youtube_venv/lib/python3.12/site-packages/airflow/example_dags/example_kubernetes_executor.py
[2025-03-27T17:14:03.966+0000] {processor.py:914} INFO - Processing file /home/ubuntu/customer_churn_youtube_venv/lib/python3.12/site-packages/airflow/example_dags/example_kubernetes_executor.py for tasks to queue
[2025-03-27T17:14:03.969+0000] {logging_mixin.py:190} INFO - [2025-03-27T17:14:03.968+0000] {dagbag.py:588} INFO - Filling up the DagBag from /home/ubuntu/customer_churn_youtube_venv/lib/python3.12/site-packages/airflow/example_dags/example_kubernetes_executor.py
[2025-03-27T17:14:03.972+0000] {logging_mixin.py:190} INFO - [2025-03-27T17:14:03.972+0000] {example_kubernetes_executor.py:39} WARNING - The example_kubernetes_executor example DAG requires the kubernetes provider. Please install it with: pip install apache-airflow[cncf.kubernetes]
[2025-03-27T17:14:03.972+0000] {processor.py:927} WARNING - No viable dags retrieved from /home/ubuntu/customer_churn_youtube_venv/lib/python3.12/site-packages/airflow/example_dags/example_kubernetes_executor.py
[2025-03-27T17:14:03.982+0000] {processor.py:208} INFO - Processing /home/ubuntu/customer_churn_youtube_venv/lib/python3.12/site-packages/airflow/example_dags/example_kubernetes_executor.py took 0.024 seconds
