[2025-03-27T16:09:35.969+0000] {processor.py:186} INFO - Started process (PID=3117) to work on /home/ubuntu/customer_churn_youtube_venv/lib/python3.12/site-packages/airflow/example_dags/example_bash_decorator.py
[2025-03-27T16:09:35.970+0000] {processor.py:914} INFO - Processing file /home/ubuntu/customer_churn_youtube_venv/lib/python3.12/site-packages/airflow/example_dags/example_bash_decorator.py for tasks to queue
[2025-03-27T16:09:35.971+0000] {logging_mixin.py:190} INFO - [2025-03-27T16:09:35.971+0000] {dagbag.py:588} INFO - Filling up the DagBag from /home/ubuntu/customer_churn_youtube_venv/lib/python3.12/site-packages/airflow/example_dags/example_bash_decorator.py
[2025-03-27T16:09:35.986+0000] {processor.py:925} INFO - DAG(s) 'example_bash_decorator' retrieved from /home/ubuntu/customer_churn_youtube_venv/lib/python3.12/site-packages/airflow/example_dags/example_bash_decorator.py
[2025-03-27T16:09:36.079+0000] {logging_mixin.py:190} INFO - [2025-03-27T16:09:36.078+0000] {dag.py:3239} INFO - Sync 1 DAGs
[2025-03-27T16:09:36.090+0000] {logging_mixin.py:190} INFO - [2025-03-27T16:09:36.089+0000] {dag.py:4180} INFO - Setting next_dagrun for example_bash_decorator to None, run_after=None
[2025-03-27T16:09:36.108+0000] {processor.py:208} INFO - Processing /home/ubuntu/customer_churn_youtube_venv/lib/python3.12/site-packages/airflow/example_dags/example_bash_decorator.py took 0.145 seconds
[2025-03-27T16:10:31.502+0000] {processor.py:186} INFO - Started process (PID=3180) to work on /home/ubuntu/customer_churn_youtube_venv/lib/python3.12/site-packages/airflow/example_dags/example_bash_decorator.py
[2025-03-27T16:10:31.504+0000] {processor.py:914} INFO - Processing file /home/ubuntu/customer_churn_youtube_venv/lib/python3.12/site-packages/airflow/example_dags/example_bash_decorator.py for tasks to queue
[2025-03-27T16:10:31.506+0000] {logging_mixin.py:190} INFO - [2025-03-27T16:10:31.506+0000] {dagbag.py:588} INFO - Filling up the DagBag from /home/ubuntu/customer_churn_youtube_venv/lib/python3.12/site-packages/airflow/example_dags/example_bash_decorator.py
[2025-03-27T16:10:31.520+0000] {processor.py:925} INFO - DAG(s) 'example_bash_decorator' retrieved from /home/ubuntu/customer_churn_youtube_venv/lib/python3.12/site-packages/airflow/example_dags/example_bash_decorator.py
[2025-03-27T16:10:31.538+0000] {logging_mixin.py:190} INFO - [2025-03-27T16:10:31.538+0000] {dag.py:3239} INFO - Sync 1 DAGs
[2025-03-27T16:10:31.549+0000] {logging_mixin.py:190} INFO - [2025-03-27T16:10:31.549+0000] {dag.py:4180} INFO - Setting next_dagrun for example_bash_decorator to None, run_after=None
[2025-03-27T16:10:31.570+0000] {processor.py:208} INFO - Processing /home/ubuntu/customer_churn_youtube_venv/lib/python3.12/site-packages/airflow/example_dags/example_bash_decorator.py took 0.073 seconds
[2025-03-27T16:11:51.683+0000] {processor.py:186} INFO - Started process (PID=3280) to work on /home/ubuntu/customer_churn_youtube_venv/lib/python3.12/site-packages/airflow/example_dags/example_bash_decorator.py
[2025-03-27T16:11:51.684+0000] {processor.py:914} INFO - Processing file /home/ubuntu/customer_churn_youtube_venv/lib/python3.12/site-packages/airflow/example_dags/example_bash_decorator.py for tasks to queue
[2025-03-27T16:11:51.686+0000] {logging_mixin.py:190} INFO - [2025-03-27T16:11:51.686+0000] {dagbag.py:588} INFO - Filling up the DagBag from /home/ubuntu/customer_churn_youtube_venv/lib/python3.12/site-packages/airflow/example_dags/example_bash_decorator.py
[2025-03-27T16:11:51.702+0000] {processor.py:925} INFO - DAG(s) 'example_bash_decorator' retrieved from /home/ubuntu/customer_churn_youtube_venv/lib/python3.12/site-packages/airflow/example_dags/example_bash_decorator.py
[2025-03-27T16:11:51.719+0000] {logging_mixin.py:190} INFO - [2025-03-27T16:11:51.719+0000] {dag.py:3239} INFO - Sync 1 DAGs
[2025-03-27T16:11:51.730+0000] {logging_mixin.py:190} INFO - [2025-03-27T16:11:51.730+0000] {dag.py:4180} INFO - Setting next_dagrun for example_bash_decorator to None, run_after=None
[2025-03-27T16:11:51.749+0000] {processor.py:208} INFO - Processing /home/ubuntu/customer_churn_youtube_venv/lib/python3.12/site-packages/airflow/example_dags/example_bash_decorator.py took 0.070 seconds
[2025-03-27T16:12:48.250+0000] {processor.py:186} INFO - Started process (PID=3341) to work on /home/ubuntu/customer_churn_youtube_venv/lib/python3.12/site-packages/airflow/example_dags/example_bash_decorator.py
[2025-03-27T16:12:48.253+0000] {processor.py:914} INFO - Processing file /home/ubuntu/customer_churn_youtube_venv/lib/python3.12/site-packages/airflow/example_dags/example_bash_decorator.py for tasks to queue
[2025-03-27T16:12:48.255+0000] {logging_mixin.py:190} INFO - [2025-03-27T16:12:48.254+0000] {dagbag.py:588} INFO - Filling up the DagBag from /home/ubuntu/customer_churn_youtube_venv/lib/python3.12/site-packages/airflow/example_dags/example_bash_decorator.py
[2025-03-27T16:12:48.270+0000] {processor.py:925} INFO - DAG(s) 'example_bash_decorator' retrieved from /home/ubuntu/customer_churn_youtube_venv/lib/python3.12/site-packages/airflow/example_dags/example_bash_decorator.py
[2025-03-27T16:12:48.288+0000] {logging_mixin.py:190} INFO - [2025-03-27T16:12:48.288+0000] {dag.py:3239} INFO - Sync 1 DAGs
[2025-03-27T16:12:48.299+0000] {logging_mixin.py:190} INFO - [2025-03-27T16:12:48.299+0000] {dag.py:4180} INFO - Setting next_dagrun for example_bash_decorator to None, run_after=None
[2025-03-27T16:12:48.318+0000] {processor.py:208} INFO - Processing /home/ubuntu/customer_churn_youtube_venv/lib/python3.12/site-packages/airflow/example_dags/example_bash_decorator.py took 0.073 seconds
[2025-03-27T16:14:07.004+0000] {processor.py:186} INFO - Started process (PID=3447) to work on /home/ubuntu/customer_churn_youtube_venv/lib/python3.12/site-packages/airflow/example_dags/example_bash_decorator.py
[2025-03-27T16:14:07.007+0000] {processor.py:914} INFO - Processing file /home/ubuntu/customer_churn_youtube_venv/lib/python3.12/site-packages/airflow/example_dags/example_bash_decorator.py for tasks to queue
[2025-03-27T16:14:07.008+0000] {logging_mixin.py:190} INFO - [2025-03-27T16:14:07.008+0000] {dagbag.py:588} INFO - Filling up the DagBag from /home/ubuntu/customer_churn_youtube_venv/lib/python3.12/site-packages/airflow/example_dags/example_bash_decorator.py
[2025-03-27T16:14:07.023+0000] {processor.py:925} INFO - DAG(s) 'example_bash_decorator' retrieved from /home/ubuntu/customer_churn_youtube_venv/lib/python3.12/site-packages/airflow/example_dags/example_bash_decorator.py
[2025-03-27T16:14:07.041+0000] {logging_mixin.py:190} INFO - [2025-03-27T16:14:07.041+0000] {dag.py:3239} INFO - Sync 1 DAGs
[2025-03-27T16:14:07.053+0000] {logging_mixin.py:190} INFO - [2025-03-27T16:14:07.052+0000] {dag.py:4180} INFO - Setting next_dagrun for example_bash_decorator to None, run_after=None
[2025-03-27T16:14:07.076+0000] {processor.py:208} INFO - Processing /home/ubuntu/customer_churn_youtube_venv/lib/python3.12/site-packages/airflow/example_dags/example_bash_decorator.py took 0.077 seconds
[2025-03-27T16:15:29.035+0000] {processor.py:186} INFO - Started process (PID=3540) to work on /home/ubuntu/customer_churn_youtube_venv/lib/python3.12/site-packages/airflow/example_dags/example_bash_decorator.py
[2025-03-27T16:15:29.037+0000] {processor.py:914} INFO - Processing file /home/ubuntu/customer_churn_youtube_venv/lib/python3.12/site-packages/airflow/example_dags/example_bash_decorator.py for tasks to queue
[2025-03-27T16:15:29.039+0000] {logging_mixin.py:190} INFO - [2025-03-27T16:15:29.038+0000] {dagbag.py:588} INFO - Filling up the DagBag from /home/ubuntu/customer_churn_youtube_venv/lib/python3.12/site-packages/airflow/example_dags/example_bash_decorator.py
[2025-03-27T16:15:29.179+0000] {processor.py:925} INFO - DAG(s) 'example_bash_decorator' retrieved from /home/ubuntu/customer_churn_youtube_venv/lib/python3.12/site-packages/airflow/example_dags/example_bash_decorator.py
[2025-03-27T16:15:29.193+0000] {logging_mixin.py:190} INFO - [2025-03-27T16:15:29.193+0000] {dag.py:3239} INFO - Sync 1 DAGs
[2025-03-27T16:15:29.202+0000] {logging_mixin.py:190} INFO - [2025-03-27T16:15:29.202+0000] {dag.py:4180} INFO - Setting next_dagrun for example_bash_decorator to None, run_after=None
[2025-03-27T16:15:29.222+0000] {processor.py:208} INFO - Processing /home/ubuntu/customer_churn_youtube_venv/lib/python3.12/site-packages/airflow/example_dags/example_bash_decorator.py took 0.192 seconds
[2025-03-27T16:16:49.274+0000] {processor.py:186} INFO - Started process (PID=3642) to work on /home/ubuntu/customer_churn_youtube_venv/lib/python3.12/site-packages/airflow/example_dags/example_bash_decorator.py
[2025-03-27T16:16:49.275+0000] {processor.py:914} INFO - Processing file /home/ubuntu/customer_churn_youtube_venv/lib/python3.12/site-packages/airflow/example_dags/example_bash_decorator.py for tasks to queue
[2025-03-27T16:16:49.278+0000] {logging_mixin.py:190} INFO - [2025-03-27T16:16:49.277+0000] {dagbag.py:588} INFO - Filling up the DagBag from /home/ubuntu/customer_churn_youtube_venv/lib/python3.12/site-packages/airflow/example_dags/example_bash_decorator.py
[2025-03-27T16:16:49.294+0000] {processor.py:925} INFO - DAG(s) 'example_bash_decorator' retrieved from /home/ubuntu/customer_churn_youtube_venv/lib/python3.12/site-packages/airflow/example_dags/example_bash_decorator.py
[2025-03-27T16:16:49.312+0000] {logging_mixin.py:190} INFO - [2025-03-27T16:16:49.312+0000] {dag.py:3239} INFO - Sync 1 DAGs
[2025-03-27T16:16:49.324+0000] {logging_mixin.py:190} INFO - [2025-03-27T16:16:49.323+0000] {dag.py:4180} INFO - Setting next_dagrun for example_bash_decorator to None, run_after=None
[2025-03-27T16:16:49.345+0000] {processor.py:208} INFO - Processing /home/ubuntu/customer_churn_youtube_venv/lib/python3.12/site-packages/airflow/example_dags/example_bash_decorator.py took 0.076 seconds
[2025-03-27T16:18:06.203+0000] {processor.py:186} INFO - Started process (PID=3738) to work on /home/ubuntu/customer_churn_youtube_venv/lib/python3.12/site-packages/airflow/example_dags/example_bash_decorator.py
[2025-03-27T16:18:06.205+0000] {processor.py:914} INFO - Processing file /home/ubuntu/customer_churn_youtube_venv/lib/python3.12/site-packages/airflow/example_dags/example_bash_decorator.py for tasks to queue
[2025-03-27T16:18:06.207+0000] {logging_mixin.py:190} INFO - [2025-03-27T16:18:06.207+0000] {dagbag.py:588} INFO - Filling up the DagBag from /home/ubuntu/customer_churn_youtube_venv/lib/python3.12/site-packages/airflow/example_dags/example_bash_decorator.py
[2025-03-27T16:18:06.221+0000] {processor.py:925} INFO - DAG(s) 'example_bash_decorator' retrieved from /home/ubuntu/customer_churn_youtube_venv/lib/python3.12/site-packages/airflow/example_dags/example_bash_decorator.py
[2025-03-27T16:18:06.239+0000] {logging_mixin.py:190} INFO - [2025-03-27T16:18:06.239+0000] {dag.py:3239} INFO - Sync 1 DAGs
[2025-03-27T16:18:06.252+0000] {logging_mixin.py:190} INFO - [2025-03-27T16:18:06.252+0000] {dag.py:4180} INFO - Setting next_dagrun for example_bash_decorator to None, run_after=None
[2025-03-27T16:18:06.274+0000] {processor.py:208} INFO - Processing /home/ubuntu/customer_churn_youtube_venv/lib/python3.12/site-packages/airflow/example_dags/example_bash_decorator.py took 0.077 seconds
[2025-03-27T16:19:25.198+0000] {processor.py:186} INFO - Started process (PID=3821) to work on /home/ubuntu/customer_churn_youtube_venv/lib/python3.12/site-packages/airflow/example_dags/example_bash_decorator.py
[2025-03-27T16:19:25.200+0000] {processor.py:914} INFO - Processing file /home/ubuntu/customer_churn_youtube_venv/lib/python3.12/site-packages/airflow/example_dags/example_bash_decorator.py for tasks to queue
[2025-03-27T16:19:25.202+0000] {logging_mixin.py:190} INFO - [2025-03-27T16:19:25.201+0000] {dagbag.py:588} INFO - Filling up the DagBag from /home/ubuntu/customer_churn_youtube_venv/lib/python3.12/site-packages/airflow/example_dags/example_bash_decorator.py
[2025-03-27T16:19:25.218+0000] {processor.py:925} INFO - DAG(s) 'example_bash_decorator' retrieved from /home/ubuntu/customer_churn_youtube_venv/lib/python3.12/site-packages/airflow/example_dags/example_bash_decorator.py
[2025-03-27T16:19:25.236+0000] {logging_mixin.py:190} INFO - [2025-03-27T16:19:25.236+0000] {dag.py:3239} INFO - Sync 1 DAGs
[2025-03-27T16:19:25.247+0000] {logging_mixin.py:190} INFO - [2025-03-27T16:19:25.247+0000] {dag.py:4180} INFO - Setting next_dagrun for example_bash_decorator to None, run_after=None
[2025-03-27T16:19:25.268+0000] {processor.py:208} INFO - Processing /home/ubuntu/customer_churn_youtube_venv/lib/python3.12/site-packages/airflow/example_dags/example_bash_decorator.py took 0.075 seconds
[2025-03-27T16:20:42.521+0000] {processor.py:186} INFO - Started process (PID=3949) to work on /home/ubuntu/customer_churn_youtube_venv/lib/python3.12/site-packages/airflow/example_dags/example_bash_decorator.py
[2025-03-27T16:20:42.523+0000] {processor.py:914} INFO - Processing file /home/ubuntu/customer_churn_youtube_venv/lib/python3.12/site-packages/airflow/example_dags/example_bash_decorator.py for tasks to queue
[2025-03-27T16:20:42.525+0000] {logging_mixin.py:190} INFO - [2025-03-27T16:20:42.524+0000] {dagbag.py:588} INFO - Filling up the DagBag from /home/ubuntu/customer_churn_youtube_venv/lib/python3.12/site-packages/airflow/example_dags/example_bash_decorator.py
[2025-03-27T16:20:42.539+0000] {processor.py:925} INFO - DAG(s) 'example_bash_decorator' retrieved from /home/ubuntu/customer_churn_youtube_venv/lib/python3.12/site-packages/airflow/example_dags/example_bash_decorator.py
[2025-03-27T16:20:42.556+0000] {logging_mixin.py:190} INFO - [2025-03-27T16:20:42.556+0000] {dag.py:3239} INFO - Sync 1 DAGs
[2025-03-27T16:20:42.568+0000] {logging_mixin.py:190} INFO - [2025-03-27T16:20:42.567+0000] {dag.py:4180} INFO - Setting next_dagrun for example_bash_decorator to None, run_after=None
[2025-03-27T16:20:42.590+0000] {processor.py:208} INFO - Processing /home/ubuntu/customer_churn_youtube_venv/lib/python3.12/site-packages/airflow/example_dags/example_bash_decorator.py took 0.074 seconds
[2025-03-27T16:22:00.881+0000] {processor.py:186} INFO - Started process (PID=4508) to work on /home/ubuntu/customer_churn_youtube_venv/lib/python3.12/site-packages/airflow/example_dags/example_bash_decorator.py
[2025-03-27T16:22:00.883+0000] {processor.py:914} INFO - Processing file /home/ubuntu/customer_churn_youtube_venv/lib/python3.12/site-packages/airflow/example_dags/example_bash_decorator.py for tasks to queue
[2025-03-27T16:22:00.885+0000] {logging_mixin.py:190} INFO - [2025-03-27T16:22:00.885+0000] {dagbag.py:588} INFO - Filling up the DagBag from /home/ubuntu/customer_churn_youtube_venv/lib/python3.12/site-packages/airflow/example_dags/example_bash_decorator.py
[2025-03-27T16:22:00.900+0000] {processor.py:925} INFO - DAG(s) 'example_bash_decorator' retrieved from /home/ubuntu/customer_churn_youtube_venv/lib/python3.12/site-packages/airflow/example_dags/example_bash_decorator.py
[2025-03-27T16:22:00.919+0000] {logging_mixin.py:190} INFO - [2025-03-27T16:22:00.918+0000] {dag.py:3239} INFO - Sync 1 DAGs
[2025-03-27T16:22:00.930+0000] {logging_mixin.py:190} INFO - [2025-03-27T16:22:00.929+0000] {dag.py:4180} INFO - Setting next_dagrun for example_bash_decorator to None, run_after=None
[2025-03-27T16:22:00.951+0000] {processor.py:208} INFO - Processing /home/ubuntu/customer_churn_youtube_venv/lib/python3.12/site-packages/airflow/example_dags/example_bash_decorator.py took 0.075 seconds
[2025-03-27T16:23:19.910+0000] {processor.py:186} INFO - Started process (PID=4591) to work on /home/ubuntu/customer_churn_youtube_venv/lib/python3.12/site-packages/airflow/example_dags/example_bash_decorator.py
[2025-03-27T16:23:19.911+0000] {processor.py:914} INFO - Processing file /home/ubuntu/customer_churn_youtube_venv/lib/python3.12/site-packages/airflow/example_dags/example_bash_decorator.py for tasks to queue
[2025-03-27T16:23:19.913+0000] {logging_mixin.py:190} INFO - [2025-03-27T16:23:19.912+0000] {dagbag.py:588} INFO - Filling up the DagBag from /home/ubuntu/customer_churn_youtube_venv/lib/python3.12/site-packages/airflow/example_dags/example_bash_decorator.py
[2025-03-27T16:23:19.929+0000] {processor.py:925} INFO - DAG(s) 'example_bash_decorator' retrieved from /home/ubuntu/customer_churn_youtube_venv/lib/python3.12/site-packages/airflow/example_dags/example_bash_decorator.py
[2025-03-27T16:23:19.948+0000] {logging_mixin.py:190} INFO - [2025-03-27T16:23:19.948+0000] {dag.py:3239} INFO - Sync 1 DAGs
[2025-03-27T16:23:19.960+0000] {logging_mixin.py:190} INFO - [2025-03-27T16:23:19.960+0000] {dag.py:4180} INFO - Setting next_dagrun for example_bash_decorator to None, run_after=None
[2025-03-27T16:23:19.982+0000] {processor.py:208} INFO - Processing /home/ubuntu/customer_churn_youtube_venv/lib/python3.12/site-packages/airflow/example_dags/example_bash_decorator.py took 0.078 seconds
[2025-03-27T16:24:31.792+0000] {processor.py:186} INFO - Started process (PID=4669) to work on /home/ubuntu/customer_churn_youtube_venv/lib/python3.12/site-packages/airflow/example_dags/example_bash_decorator.py
[2025-03-27T16:24:31.794+0000] {processor.py:914} INFO - Processing file /home/ubuntu/customer_churn_youtube_venv/lib/python3.12/site-packages/airflow/example_dags/example_bash_decorator.py for tasks to queue
[2025-03-27T16:24:31.796+0000] {logging_mixin.py:190} INFO - [2025-03-27T16:24:31.795+0000] {dagbag.py:588} INFO - Filling up the DagBag from /home/ubuntu/customer_churn_youtube_venv/lib/python3.12/site-packages/airflow/example_dags/example_bash_decorator.py
[2025-03-27T16:24:31.810+0000] {processor.py:925} INFO - DAG(s) 'example_bash_decorator' retrieved from /home/ubuntu/customer_churn_youtube_venv/lib/python3.12/site-packages/airflow/example_dags/example_bash_decorator.py
[2025-03-27T16:24:31.828+0000] {logging_mixin.py:190} INFO - [2025-03-27T16:24:31.828+0000] {dag.py:3239} INFO - Sync 1 DAGs
[2025-03-27T16:24:31.840+0000] {logging_mixin.py:190} INFO - [2025-03-27T16:24:31.840+0000] {dag.py:4180} INFO - Setting next_dagrun for example_bash_decorator to None, run_after=None
[2025-03-27T16:24:31.862+0000] {processor.py:208} INFO - Processing /home/ubuntu/customer_churn_youtube_venv/lib/python3.12/site-packages/airflow/example_dags/example_bash_decorator.py took 0.075 seconds
[2025-03-27T16:25:47.506+0000] {processor.py:186} INFO - Started process (PID=4755) to work on /home/ubuntu/customer_churn_youtube_venv/lib/python3.12/site-packages/airflow/example_dags/example_bash_decorator.py
[2025-03-27T16:25:47.508+0000] {processor.py:914} INFO - Processing file /home/ubuntu/customer_churn_youtube_venv/lib/python3.12/site-packages/airflow/example_dags/example_bash_decorator.py for tasks to queue
[2025-03-27T16:25:47.510+0000] {logging_mixin.py:190} INFO - [2025-03-27T16:25:47.509+0000] {dagbag.py:588} INFO - Filling up the DagBag from /home/ubuntu/customer_churn_youtube_venv/lib/python3.12/site-packages/airflow/example_dags/example_bash_decorator.py
[2025-03-27T16:25:47.525+0000] {processor.py:925} INFO - DAG(s) 'example_bash_decorator' retrieved from /home/ubuntu/customer_churn_youtube_venv/lib/python3.12/site-packages/airflow/example_dags/example_bash_decorator.py
[2025-03-27T16:25:47.544+0000] {logging_mixin.py:190} INFO - [2025-03-27T16:25:47.544+0000] {dag.py:3239} INFO - Sync 1 DAGs
[2025-03-27T16:25:47.556+0000] {logging_mixin.py:190} INFO - [2025-03-27T16:25:47.555+0000] {dag.py:4180} INFO - Setting next_dagrun for example_bash_decorator to None, run_after=None
[2025-03-27T16:25:47.577+0000] {processor.py:208} INFO - Processing /home/ubuntu/customer_churn_youtube_venv/lib/python3.12/site-packages/airflow/example_dags/example_bash_decorator.py took 0.077 seconds
[2025-03-27T16:26:44.040+0000] {processor.py:186} INFO - Started process (PID=4820) to work on /home/ubuntu/customer_churn_youtube_venv/lib/python3.12/site-packages/airflow/example_dags/example_bash_decorator.py
[2025-03-27T16:26:44.042+0000] {processor.py:914} INFO - Processing file /home/ubuntu/customer_churn_youtube_venv/lib/python3.12/site-packages/airflow/example_dags/example_bash_decorator.py for tasks to queue
[2025-03-27T16:26:44.044+0000] {logging_mixin.py:190} INFO - [2025-03-27T16:26:44.044+0000] {dagbag.py:588} INFO - Filling up the DagBag from /home/ubuntu/customer_churn_youtube_venv/lib/python3.12/site-packages/airflow/example_dags/example_bash_decorator.py
[2025-03-27T16:26:44.059+0000] {processor.py:925} INFO - DAG(s) 'example_bash_decorator' retrieved from /home/ubuntu/customer_churn_youtube_venv/lib/python3.12/site-packages/airflow/example_dags/example_bash_decorator.py
[2025-03-27T16:26:44.076+0000] {logging_mixin.py:190} INFO - [2025-03-27T16:26:44.076+0000] {dag.py:3239} INFO - Sync 1 DAGs
[2025-03-27T16:26:44.088+0000] {logging_mixin.py:190} INFO - [2025-03-27T16:26:44.088+0000] {dag.py:4180} INFO - Setting next_dagrun for example_bash_decorator to None, run_after=None
[2025-03-27T16:26:44.110+0000] {processor.py:208} INFO - Processing /home/ubuntu/customer_churn_youtube_venv/lib/python3.12/site-packages/airflow/example_dags/example_bash_decorator.py took 0.075 seconds
[2025-03-27T16:28:00.516+0000] {processor.py:186} INFO - Started process (PID=4903) to work on /home/ubuntu/customer_churn_youtube_venv/lib/python3.12/site-packages/airflow/example_dags/example_bash_decorator.py
[2025-03-27T16:28:00.517+0000] {processor.py:914} INFO - Processing file /home/ubuntu/customer_churn_youtube_venv/lib/python3.12/site-packages/airflow/example_dags/example_bash_decorator.py for tasks to queue
[2025-03-27T16:28:00.518+0000] {logging_mixin.py:190} INFO - [2025-03-27T16:28:00.518+0000] {dagbag.py:588} INFO - Filling up the DagBag from /home/ubuntu/customer_churn_youtube_venv/lib/python3.12/site-packages/airflow/example_dags/example_bash_decorator.py
[2025-03-27T16:28:00.534+0000] {processor.py:925} INFO - DAG(s) 'example_bash_decorator' retrieved from /home/ubuntu/customer_churn_youtube_venv/lib/python3.12/site-packages/airflow/example_dags/example_bash_decorator.py
[2025-03-27T16:28:00.552+0000] {logging_mixin.py:190} INFO - [2025-03-27T16:28:00.552+0000] {dag.py:3239} INFO - Sync 1 DAGs
[2025-03-27T16:28:00.564+0000] {logging_mixin.py:190} INFO - [2025-03-27T16:28:00.563+0000] {dag.py:4180} INFO - Setting next_dagrun for example_bash_decorator to None, run_after=None
[2025-03-27T16:28:00.589+0000] {processor.py:208} INFO - Processing /home/ubuntu/customer_churn_youtube_venv/lib/python3.12/site-packages/airflow/example_dags/example_bash_decorator.py took 0.079 seconds
[2025-03-27T16:29:15.597+0000] {processor.py:186} INFO - Started process (PID=4988) to work on /home/ubuntu/customer_churn_youtube_venv/lib/python3.12/site-packages/airflow/example_dags/example_bash_decorator.py
[2025-03-27T16:29:15.599+0000] {processor.py:914} INFO - Processing file /home/ubuntu/customer_churn_youtube_venv/lib/python3.12/site-packages/airflow/example_dags/example_bash_decorator.py for tasks to queue
[2025-03-27T16:29:15.601+0000] {logging_mixin.py:190} INFO - [2025-03-27T16:29:15.600+0000] {dagbag.py:588} INFO - Filling up the DagBag from /home/ubuntu/customer_churn_youtube_venv/lib/python3.12/site-packages/airflow/example_dags/example_bash_decorator.py
[2025-03-27T16:29:15.616+0000] {processor.py:925} INFO - DAG(s) 'example_bash_decorator' retrieved from /home/ubuntu/customer_churn_youtube_venv/lib/python3.12/site-packages/airflow/example_dags/example_bash_decorator.py
[2025-03-27T16:29:15.634+0000] {logging_mixin.py:190} INFO - [2025-03-27T16:29:15.634+0000] {dag.py:3239} INFO - Sync 1 DAGs
[2025-03-27T16:29:15.647+0000] {logging_mixin.py:190} INFO - [2025-03-27T16:29:15.647+0000] {dag.py:4180} INFO - Setting next_dagrun for example_bash_decorator to None, run_after=None
[2025-03-27T16:29:15.669+0000] {processor.py:208} INFO - Processing /home/ubuntu/customer_churn_youtube_venv/lib/python3.12/site-packages/airflow/example_dags/example_bash_decorator.py took 0.077 seconds
[2025-03-27T16:30:32.753+0000] {processor.py:186} INFO - Started process (PID=5071) to work on /home/ubuntu/customer_churn_youtube_venv/lib/python3.12/site-packages/airflow/example_dags/example_bash_decorator.py
[2025-03-27T16:30:32.756+0000] {processor.py:914} INFO - Processing file /home/ubuntu/customer_churn_youtube_venv/lib/python3.12/site-packages/airflow/example_dags/example_bash_decorator.py for tasks to queue
[2025-03-27T16:30:32.757+0000] {logging_mixin.py:190} INFO - [2025-03-27T16:30:32.757+0000] {dagbag.py:588} INFO - Filling up the DagBag from /home/ubuntu/customer_churn_youtube_venv/lib/python3.12/site-packages/airflow/example_dags/example_bash_decorator.py
[2025-03-27T16:30:32.773+0000] {processor.py:925} INFO - DAG(s) 'example_bash_decorator' retrieved from /home/ubuntu/customer_churn_youtube_venv/lib/python3.12/site-packages/airflow/example_dags/example_bash_decorator.py
[2025-03-27T16:30:32.790+0000] {logging_mixin.py:190} INFO - [2025-03-27T16:30:32.790+0000] {dag.py:3239} INFO - Sync 1 DAGs
[2025-03-27T16:30:32.801+0000] {logging_mixin.py:190} INFO - [2025-03-27T16:30:32.801+0000] {dag.py:4180} INFO - Setting next_dagrun for example_bash_decorator to None, run_after=None
[2025-03-27T16:30:32.826+0000] {processor.py:208} INFO - Processing /home/ubuntu/customer_churn_youtube_venv/lib/python3.12/site-packages/airflow/example_dags/example_bash_decorator.py took 0.078 seconds
[2025-03-27T16:31:55.813+0000] {processor.py:186} INFO - Started process (PID=5161) to work on /home/ubuntu/customer_churn_youtube_venv/lib/python3.12/site-packages/airflow/example_dags/example_bash_decorator.py
[2025-03-27T16:31:55.815+0000] {processor.py:914} INFO - Processing file /home/ubuntu/customer_churn_youtube_venv/lib/python3.12/site-packages/airflow/example_dags/example_bash_decorator.py for tasks to queue
[2025-03-27T16:31:55.817+0000] {logging_mixin.py:190} INFO - [2025-03-27T16:31:55.817+0000] {dagbag.py:588} INFO - Filling up the DagBag from /home/ubuntu/customer_churn_youtube_venv/lib/python3.12/site-packages/airflow/example_dags/example_bash_decorator.py
[2025-03-27T16:31:55.832+0000] {processor.py:925} INFO - DAG(s) 'example_bash_decorator' retrieved from /home/ubuntu/customer_churn_youtube_venv/lib/python3.12/site-packages/airflow/example_dags/example_bash_decorator.py
[2025-03-27T16:31:55.849+0000] {logging_mixin.py:190} INFO - [2025-03-27T16:31:55.849+0000] {dag.py:3239} INFO - Sync 1 DAGs
[2025-03-27T16:31:55.861+0000] {logging_mixin.py:190} INFO - [2025-03-27T16:31:55.861+0000] {dag.py:4180} INFO - Setting next_dagrun for example_bash_decorator to None, run_after=None
[2025-03-27T16:31:55.885+0000] {processor.py:208} INFO - Processing /home/ubuntu/customer_churn_youtube_venv/lib/python3.12/site-packages/airflow/example_dags/example_bash_decorator.py took 0.077 seconds
[2025-03-27T16:33:14.739+0000] {processor.py:186} INFO - Started process (PID=5241) to work on /home/ubuntu/customer_churn_youtube_venv/lib/python3.12/site-packages/airflow/example_dags/example_bash_decorator.py
[2025-03-27T16:33:14.741+0000] {processor.py:914} INFO - Processing file /home/ubuntu/customer_churn_youtube_venv/lib/python3.12/site-packages/airflow/example_dags/example_bash_decorator.py for tasks to queue
[2025-03-27T16:33:14.743+0000] {logging_mixin.py:190} INFO - [2025-03-27T16:33:14.743+0000] {dagbag.py:588} INFO - Filling up the DagBag from /home/ubuntu/customer_churn_youtube_venv/lib/python3.12/site-packages/airflow/example_dags/example_bash_decorator.py
[2025-03-27T16:33:14.759+0000] {processor.py:925} INFO - DAG(s) 'example_bash_decorator' retrieved from /home/ubuntu/customer_churn_youtube_venv/lib/python3.12/site-packages/airflow/example_dags/example_bash_decorator.py
[2025-03-27T16:33:14.778+0000] {logging_mixin.py:190} INFO - [2025-03-27T16:33:14.777+0000] {dag.py:3239} INFO - Sync 1 DAGs
[2025-03-27T16:33:14.789+0000] {logging_mixin.py:190} INFO - [2025-03-27T16:33:14.789+0000] {dag.py:4180} INFO - Setting next_dagrun for example_bash_decorator to None, run_after=None
[2025-03-27T16:33:14.810+0000] {processor.py:208} INFO - Processing /home/ubuntu/customer_churn_youtube_venv/lib/python3.12/site-packages/airflow/example_dags/example_bash_decorator.py took 0.076 seconds
[2025-03-27T16:34:30.533+0000] {processor.py:186} INFO - Started process (PID=5322) to work on /home/ubuntu/customer_churn_youtube_venv/lib/python3.12/site-packages/airflow/example_dags/example_bash_decorator.py
[2025-03-27T16:34:30.535+0000] {processor.py:914} INFO - Processing file /home/ubuntu/customer_churn_youtube_venv/lib/python3.12/site-packages/airflow/example_dags/example_bash_decorator.py for tasks to queue
[2025-03-27T16:34:30.537+0000] {logging_mixin.py:190} INFO - [2025-03-27T16:34:30.537+0000] {dagbag.py:588} INFO - Filling up the DagBag from /home/ubuntu/customer_churn_youtube_venv/lib/python3.12/site-packages/airflow/example_dags/example_bash_decorator.py
[2025-03-27T16:34:30.552+0000] {processor.py:925} INFO - DAG(s) 'example_bash_decorator' retrieved from /home/ubuntu/customer_churn_youtube_venv/lib/python3.12/site-packages/airflow/example_dags/example_bash_decorator.py
[2025-03-27T16:34:30.570+0000] {logging_mixin.py:190} INFO - [2025-03-27T16:34:30.569+0000] {dag.py:3239} INFO - Sync 1 DAGs
[2025-03-27T16:34:30.582+0000] {logging_mixin.py:190} INFO - [2025-03-27T16:34:30.582+0000] {dag.py:4180} INFO - Setting next_dagrun for example_bash_decorator to None, run_after=None
[2025-03-27T16:34:30.604+0000] {processor.py:208} INFO - Processing /home/ubuntu/customer_churn_youtube_venv/lib/python3.12/site-packages/airflow/example_dags/example_bash_decorator.py took 0.076 seconds
[2025-03-27T16:35:47.568+0000] {processor.py:186} INFO - Started process (PID=5406) to work on /home/ubuntu/customer_churn_youtube_venv/lib/python3.12/site-packages/airflow/example_dags/example_bash_decorator.py
[2025-03-27T16:35:47.570+0000] {processor.py:914} INFO - Processing file /home/ubuntu/customer_churn_youtube_venv/lib/python3.12/site-packages/airflow/example_dags/example_bash_decorator.py for tasks to queue
[2025-03-27T16:35:47.571+0000] {logging_mixin.py:190} INFO - [2025-03-27T16:35:47.571+0000] {dagbag.py:588} INFO - Filling up the DagBag from /home/ubuntu/customer_churn_youtube_venv/lib/python3.12/site-packages/airflow/example_dags/example_bash_decorator.py
[2025-03-27T16:35:47.587+0000] {processor.py:925} INFO - DAG(s) 'example_bash_decorator' retrieved from /home/ubuntu/customer_churn_youtube_venv/lib/python3.12/site-packages/airflow/example_dags/example_bash_decorator.py
[2025-03-27T16:35:47.604+0000] {logging_mixin.py:190} INFO - [2025-03-27T16:35:47.604+0000] {dag.py:3239} INFO - Sync 1 DAGs
[2025-03-27T16:35:47.616+0000] {logging_mixin.py:190} INFO - [2025-03-27T16:35:47.616+0000] {dag.py:4180} INFO - Setting next_dagrun for example_bash_decorator to None, run_after=None
[2025-03-27T16:35:47.639+0000] {processor.py:208} INFO - Processing /home/ubuntu/customer_churn_youtube_venv/lib/python3.12/site-packages/airflow/example_dags/example_bash_decorator.py took 0.076 seconds
[2025-03-27T16:37:06.629+0000] {processor.py:186} INFO - Started process (PID=5489) to work on /home/ubuntu/customer_churn_youtube_venv/lib/python3.12/site-packages/airflow/example_dags/example_bash_decorator.py
[2025-03-27T16:37:06.631+0000] {processor.py:914} INFO - Processing file /home/ubuntu/customer_churn_youtube_venv/lib/python3.12/site-packages/airflow/example_dags/example_bash_decorator.py for tasks to queue
[2025-03-27T16:37:06.633+0000] {logging_mixin.py:190} INFO - [2025-03-27T16:37:06.633+0000] {dagbag.py:588} INFO - Filling up the DagBag from /home/ubuntu/customer_churn_youtube_venv/lib/python3.12/site-packages/airflow/example_dags/example_bash_decorator.py
[2025-03-27T16:37:06.648+0000] {processor.py:925} INFO - DAG(s) 'example_bash_decorator' retrieved from /home/ubuntu/customer_churn_youtube_venv/lib/python3.12/site-packages/airflow/example_dags/example_bash_decorator.py
[2025-03-27T16:37:06.666+0000] {logging_mixin.py:190} INFO - [2025-03-27T16:37:06.666+0000] {dag.py:3239} INFO - Sync 1 DAGs
[2025-03-27T16:37:06.678+0000] {logging_mixin.py:190} INFO - [2025-03-27T16:37:06.678+0000] {dag.py:4180} INFO - Setting next_dagrun for example_bash_decorator to None, run_after=None
[2025-03-27T16:37:06.700+0000] {processor.py:208} INFO - Processing /home/ubuntu/customer_churn_youtube_venv/lib/python3.12/site-packages/airflow/example_dags/example_bash_decorator.py took 0.077 seconds
[2025-03-27T16:38:25.302+0000] {processor.py:186} INFO - Started process (PID=5571) to work on /home/ubuntu/customer_churn_youtube_venv/lib/python3.12/site-packages/airflow/example_dags/example_bash_decorator.py
[2025-03-27T16:38:25.304+0000] {processor.py:914} INFO - Processing file /home/ubuntu/customer_churn_youtube_venv/lib/python3.12/site-packages/airflow/example_dags/example_bash_decorator.py for tasks to queue
[2025-03-27T16:38:25.305+0000] {logging_mixin.py:190} INFO - [2025-03-27T16:38:25.305+0000] {dagbag.py:588} INFO - Filling up the DagBag from /home/ubuntu/customer_churn_youtube_venv/lib/python3.12/site-packages/airflow/example_dags/example_bash_decorator.py
[2025-03-27T16:38:25.321+0000] {processor.py:925} INFO - DAG(s) 'example_bash_decorator' retrieved from /home/ubuntu/customer_churn_youtube_venv/lib/python3.12/site-packages/airflow/example_dags/example_bash_decorator.py
[2025-03-27T16:38:25.339+0000] {logging_mixin.py:190} INFO - [2025-03-27T16:38:25.338+0000] {dag.py:3239} INFO - Sync 1 DAGs
[2025-03-27T16:38:25.350+0000] {logging_mixin.py:190} INFO - [2025-03-27T16:38:25.350+0000] {dag.py:4180} INFO - Setting next_dagrun for example_bash_decorator to None, run_after=None
[2025-03-27T16:38:25.369+0000] {processor.py:208} INFO - Processing /home/ubuntu/customer_churn_youtube_venv/lib/python3.12/site-packages/airflow/example_dags/example_bash_decorator.py took 0.073 seconds
[2025-03-27T16:39:39.731+0000] {processor.py:186} INFO - Started process (PID=5654) to work on /home/ubuntu/customer_churn_youtube_venv/lib/python3.12/site-packages/airflow/example_dags/example_bash_decorator.py
[2025-03-27T16:39:39.733+0000] {processor.py:914} INFO - Processing file /home/ubuntu/customer_churn_youtube_venv/lib/python3.12/site-packages/airflow/example_dags/example_bash_decorator.py for tasks to queue
[2025-03-27T16:39:39.735+0000] {logging_mixin.py:190} INFO - [2025-03-27T16:39:39.735+0000] {dagbag.py:588} INFO - Filling up the DagBag from /home/ubuntu/customer_churn_youtube_venv/lib/python3.12/site-packages/airflow/example_dags/example_bash_decorator.py
[2025-03-27T16:39:39.750+0000] {processor.py:925} INFO - DAG(s) 'example_bash_decorator' retrieved from /home/ubuntu/customer_churn_youtube_venv/lib/python3.12/site-packages/airflow/example_dags/example_bash_decorator.py
[2025-03-27T16:39:39.768+0000] {logging_mixin.py:190} INFO - [2025-03-27T16:39:39.768+0000] {dag.py:3239} INFO - Sync 1 DAGs
[2025-03-27T16:39:39.780+0000] {logging_mixin.py:190} INFO - [2025-03-27T16:39:39.780+0000] {dag.py:4180} INFO - Setting next_dagrun for example_bash_decorator to None, run_after=None
[2025-03-27T16:39:39.803+0000] {processor.py:208} INFO - Processing /home/ubuntu/customer_churn_youtube_venv/lib/python3.12/site-packages/airflow/example_dags/example_bash_decorator.py took 0.077 seconds
[2025-03-27T16:41:00.099+0000] {processor.py:186} INFO - Started process (PID=5741) to work on /home/ubuntu/customer_churn_youtube_venv/lib/python3.12/site-packages/airflow/example_dags/example_bash_decorator.py
[2025-03-27T16:41:00.100+0000] {processor.py:914} INFO - Processing file /home/ubuntu/customer_churn_youtube_venv/lib/python3.12/site-packages/airflow/example_dags/example_bash_decorator.py for tasks to queue
[2025-03-27T16:41:00.103+0000] {logging_mixin.py:190} INFO - [2025-03-27T16:41:00.103+0000] {dagbag.py:588} INFO - Filling up the DagBag from /home/ubuntu/customer_churn_youtube_venv/lib/python3.12/site-packages/airflow/example_dags/example_bash_decorator.py
[2025-03-27T16:41:00.120+0000] {processor.py:925} INFO - DAG(s) 'example_bash_decorator' retrieved from /home/ubuntu/customer_churn_youtube_venv/lib/python3.12/site-packages/airflow/example_dags/example_bash_decorator.py
[2025-03-27T16:41:00.138+0000] {logging_mixin.py:190} INFO - [2025-03-27T16:41:00.138+0000] {dag.py:3239} INFO - Sync 1 DAGs
[2025-03-27T16:41:00.149+0000] {logging_mixin.py:190} INFO - [2025-03-27T16:41:00.149+0000] {dag.py:4180} INFO - Setting next_dagrun for example_bash_decorator to None, run_after=None
[2025-03-27T16:41:00.173+0000] {processor.py:208} INFO - Processing /home/ubuntu/customer_churn_youtube_venv/lib/python3.12/site-packages/airflow/example_dags/example_bash_decorator.py took 0.080 seconds
[2025-03-27T16:41:55.064+0000] {processor.py:186} INFO - Started process (PID=5835) to work on /home/ubuntu/customer_churn_youtube_venv/lib/python3.12/site-packages/airflow/example_dags/example_bash_decorator.py
[2025-03-27T16:41:55.065+0000] {processor.py:914} INFO - Processing file /home/ubuntu/customer_churn_youtube_venv/lib/python3.12/site-packages/airflow/example_dags/example_bash_decorator.py for tasks to queue
[2025-03-27T16:41:55.068+0000] {logging_mixin.py:190} INFO - [2025-03-27T16:41:55.067+0000] {dagbag.py:588} INFO - Filling up the DagBag from /home/ubuntu/customer_churn_youtube_venv/lib/python3.12/site-packages/airflow/example_dags/example_bash_decorator.py
[2025-03-27T16:41:55.083+0000] {processor.py:925} INFO - DAG(s) 'example_bash_decorator' retrieved from /home/ubuntu/customer_churn_youtube_venv/lib/python3.12/site-packages/airflow/example_dags/example_bash_decorator.py
[2025-03-27T16:41:55.101+0000] {logging_mixin.py:190} INFO - [2025-03-27T16:41:55.100+0000] {dag.py:3239} INFO - Sync 1 DAGs
[2025-03-27T16:41:55.112+0000] {logging_mixin.py:190} INFO - [2025-03-27T16:41:55.112+0000] {dag.py:4180} INFO - Setting next_dagrun for example_bash_decorator to None, run_after=None
[2025-03-27T16:41:55.133+0000] {processor.py:208} INFO - Processing /home/ubuntu/customer_churn_youtube_venv/lib/python3.12/site-packages/airflow/example_dags/example_bash_decorator.py took 0.075 seconds
[2025-03-27T16:43:13.821+0000] {processor.py:186} INFO - Started process (PID=5965) to work on /home/ubuntu/customer_churn_youtube_venv/lib/python3.12/site-packages/airflow/example_dags/example_bash_decorator.py
[2025-03-27T16:43:13.823+0000] {processor.py:914} INFO - Processing file /home/ubuntu/customer_churn_youtube_venv/lib/python3.12/site-packages/airflow/example_dags/example_bash_decorator.py for tasks to queue
[2025-03-27T16:43:13.825+0000] {logging_mixin.py:190} INFO - [2025-03-27T16:43:13.825+0000] {dagbag.py:588} INFO - Filling up the DagBag from /home/ubuntu/customer_churn_youtube_venv/lib/python3.12/site-packages/airflow/example_dags/example_bash_decorator.py
[2025-03-27T16:43:13.841+0000] {processor.py:925} INFO - DAG(s) 'example_bash_decorator' retrieved from /home/ubuntu/customer_churn_youtube_venv/lib/python3.12/site-packages/airflow/example_dags/example_bash_decorator.py
[2025-03-27T16:43:13.858+0000] {logging_mixin.py:190} INFO - [2025-03-27T16:43:13.858+0000] {dag.py:3239} INFO - Sync 1 DAGs
[2025-03-27T16:43:13.871+0000] {logging_mixin.py:190} INFO - [2025-03-27T16:43:13.871+0000] {dag.py:4180} INFO - Setting next_dagrun for example_bash_decorator to None, run_after=None
[2025-03-27T16:43:13.893+0000] {processor.py:208} INFO - Processing /home/ubuntu/customer_churn_youtube_venv/lib/python3.12/site-packages/airflow/example_dags/example_bash_decorator.py took 0.078 seconds
[2025-03-27T16:44:30.848+0000] {processor.py:186} INFO - Started process (PID=6445) to work on /home/ubuntu/customer_churn_youtube_venv/lib/python3.12/site-packages/airflow/example_dags/example_bash_decorator.py
[2025-03-27T16:44:30.850+0000] {processor.py:914} INFO - Processing file /home/ubuntu/customer_churn_youtube_venv/lib/python3.12/site-packages/airflow/example_dags/example_bash_decorator.py for tasks to queue
[2025-03-27T16:44:30.851+0000] {logging_mixin.py:190} INFO - [2025-03-27T16:44:30.851+0000] {dagbag.py:588} INFO - Filling up the DagBag from /home/ubuntu/customer_churn_youtube_venv/lib/python3.12/site-packages/airflow/example_dags/example_bash_decorator.py
[2025-03-27T16:44:30.867+0000] {processor.py:925} INFO - DAG(s) 'example_bash_decorator' retrieved from /home/ubuntu/customer_churn_youtube_venv/lib/python3.12/site-packages/airflow/example_dags/example_bash_decorator.py
[2025-03-27T16:44:30.883+0000] {logging_mixin.py:190} INFO - [2025-03-27T16:44:30.883+0000] {dag.py:3239} INFO - Sync 1 DAGs
[2025-03-27T16:44:30.896+0000] {logging_mixin.py:190} INFO - [2025-03-27T16:44:30.896+0000] {dag.py:4180} INFO - Setting next_dagrun for example_bash_decorator to None, run_after=None
[2025-03-27T16:44:30.920+0000] {processor.py:208} INFO - Processing /home/ubuntu/customer_churn_youtube_venv/lib/python3.12/site-packages/airflow/example_dags/example_bash_decorator.py took 0.078 seconds
[2025-03-27T16:45:45.713+0000] {processor.py:186} INFO - Started process (PID=6754) to work on /home/ubuntu/customer_churn_youtube_venv/lib/python3.12/site-packages/airflow/example_dags/example_bash_decorator.py
[2025-03-27T16:45:45.715+0000] {processor.py:914} INFO - Processing file /home/ubuntu/customer_churn_youtube_venv/lib/python3.12/site-packages/airflow/example_dags/example_bash_decorator.py for tasks to queue
[2025-03-27T16:45:45.717+0000] {logging_mixin.py:190} INFO - [2025-03-27T16:45:45.716+0000] {dagbag.py:588} INFO - Filling up the DagBag from /home/ubuntu/customer_churn_youtube_venv/lib/python3.12/site-packages/airflow/example_dags/example_bash_decorator.py
[2025-03-27T16:45:45.732+0000] {processor.py:925} INFO - DAG(s) 'example_bash_decorator' retrieved from /home/ubuntu/customer_churn_youtube_venv/lib/python3.12/site-packages/airflow/example_dags/example_bash_decorator.py
[2025-03-27T16:45:45.749+0000] {logging_mixin.py:190} INFO - [2025-03-27T16:45:45.749+0000] {dag.py:3239} INFO - Sync 1 DAGs
[2025-03-27T16:45:45.761+0000] {logging_mixin.py:190} INFO - [2025-03-27T16:45:45.760+0000] {dag.py:4180} INFO - Setting next_dagrun for example_bash_decorator to None, run_after=None
[2025-03-27T16:45:45.782+0000] {processor.py:208} INFO - Processing /home/ubuntu/customer_churn_youtube_venv/lib/python3.12/site-packages/airflow/example_dags/example_bash_decorator.py took 0.074 seconds
[2025-03-27T16:47:04.136+0000] {processor.py:186} INFO - Started process (PID=7364) to work on /home/ubuntu/customer_churn_youtube_venv/lib/python3.12/site-packages/airflow/example_dags/example_bash_decorator.py
[2025-03-27T16:47:04.137+0000] {processor.py:914} INFO - Processing file /home/ubuntu/customer_churn_youtube_venv/lib/python3.12/site-packages/airflow/example_dags/example_bash_decorator.py for tasks to queue
[2025-03-27T16:47:04.140+0000] {logging_mixin.py:190} INFO - [2025-03-27T16:47:04.139+0000] {dagbag.py:588} INFO - Filling up the DagBag from /home/ubuntu/customer_churn_youtube_venv/lib/python3.12/site-packages/airflow/example_dags/example_bash_decorator.py
[2025-03-27T16:47:04.155+0000] {processor.py:925} INFO - DAG(s) 'example_bash_decorator' retrieved from /home/ubuntu/customer_churn_youtube_venv/lib/python3.12/site-packages/airflow/example_dags/example_bash_decorator.py
[2025-03-27T16:47:04.174+0000] {logging_mixin.py:190} INFO - [2025-03-27T16:47:04.174+0000] {dag.py:3239} INFO - Sync 1 DAGs
[2025-03-27T16:47:04.186+0000] {logging_mixin.py:190} INFO - [2025-03-27T16:47:04.185+0000] {dag.py:4180} INFO - Setting next_dagrun for example_bash_decorator to None, run_after=None
[2025-03-27T16:47:04.209+0000] {processor.py:208} INFO - Processing /home/ubuntu/customer_churn_youtube_venv/lib/python3.12/site-packages/airflow/example_dags/example_bash_decorator.py took 0.080 seconds
[2025-03-27T16:48:22.993+0000] {processor.py:186} INFO - Started process (PID=7570) to work on /home/ubuntu/customer_churn_youtube_venv/lib/python3.12/site-packages/airflow/example_dags/example_bash_decorator.py
[2025-03-27T16:48:22.995+0000] {processor.py:914} INFO - Processing file /home/ubuntu/customer_churn_youtube_venv/lib/python3.12/site-packages/airflow/example_dags/example_bash_decorator.py for tasks to queue
[2025-03-27T16:48:22.997+0000] {logging_mixin.py:190} INFO - [2025-03-27T16:48:22.996+0000] {dagbag.py:588} INFO - Filling up the DagBag from /home/ubuntu/customer_churn_youtube_venv/lib/python3.12/site-packages/airflow/example_dags/example_bash_decorator.py
[2025-03-27T16:48:23.012+0000] {processor.py:925} INFO - DAG(s) 'example_bash_decorator' retrieved from /home/ubuntu/customer_churn_youtube_venv/lib/python3.12/site-packages/airflow/example_dags/example_bash_decorator.py
[2025-03-27T16:48:23.030+0000] {logging_mixin.py:190} INFO - [2025-03-27T16:48:23.029+0000] {dag.py:3239} INFO - Sync 1 DAGs
[2025-03-27T16:48:23.041+0000] {logging_mixin.py:190} INFO - [2025-03-27T16:48:23.041+0000] {dag.py:4180} INFO - Setting next_dagrun for example_bash_decorator to None, run_after=None
[2025-03-27T16:48:23.064+0000] {processor.py:208} INFO - Processing /home/ubuntu/customer_churn_youtube_venv/lib/python3.12/site-packages/airflow/example_dags/example_bash_decorator.py took 0.076 seconds
[2025-03-27T16:49:39.980+0000] {processor.py:186} INFO - Started process (PID=7651) to work on /home/ubuntu/customer_churn_youtube_venv/lib/python3.12/site-packages/airflow/example_dags/example_bash_decorator.py
[2025-03-27T16:49:39.983+0000] {processor.py:914} INFO - Processing file /home/ubuntu/customer_churn_youtube_venv/lib/python3.12/site-packages/airflow/example_dags/example_bash_decorator.py for tasks to queue
[2025-03-27T16:49:39.984+0000] {logging_mixin.py:190} INFO - [2025-03-27T16:49:39.984+0000] {dagbag.py:588} INFO - Filling up the DagBag from /home/ubuntu/customer_churn_youtube_venv/lib/python3.12/site-packages/airflow/example_dags/example_bash_decorator.py
[2025-03-27T16:49:40.000+0000] {processor.py:925} INFO - DAG(s) 'example_bash_decorator' retrieved from /home/ubuntu/customer_churn_youtube_venv/lib/python3.12/site-packages/airflow/example_dags/example_bash_decorator.py
[2025-03-27T16:49:40.019+0000] {logging_mixin.py:190} INFO - [2025-03-27T16:49:40.019+0000] {dag.py:3239} INFO - Sync 1 DAGs
[2025-03-27T16:49:40.031+0000] {logging_mixin.py:190} INFO - [2025-03-27T16:49:40.031+0000] {dag.py:4180} INFO - Setting next_dagrun for example_bash_decorator to None, run_after=None
[2025-03-27T16:49:40.054+0000] {processor.py:208} INFO - Processing /home/ubuntu/customer_churn_youtube_venv/lib/python3.12/site-packages/airflow/example_dags/example_bash_decorator.py took 0.079 seconds
[2025-03-27T16:50:56.817+0000] {processor.py:186} INFO - Started process (PID=7735) to work on /home/ubuntu/customer_churn_youtube_venv/lib/python3.12/site-packages/airflow/example_dags/example_bash_decorator.py
[2025-03-27T16:50:56.819+0000] {processor.py:914} INFO - Processing file /home/ubuntu/customer_churn_youtube_venv/lib/python3.12/site-packages/airflow/example_dags/example_bash_decorator.py for tasks to queue
[2025-03-27T16:50:56.821+0000] {logging_mixin.py:190} INFO - [2025-03-27T16:50:56.820+0000] {dagbag.py:588} INFO - Filling up the DagBag from /home/ubuntu/customer_churn_youtube_venv/lib/python3.12/site-packages/airflow/example_dags/example_bash_decorator.py
[2025-03-27T16:50:56.837+0000] {processor.py:925} INFO - DAG(s) 'example_bash_decorator' retrieved from /home/ubuntu/customer_churn_youtube_venv/lib/python3.12/site-packages/airflow/example_dags/example_bash_decorator.py
[2025-03-27T16:50:56.855+0000] {logging_mixin.py:190} INFO - [2025-03-27T16:50:56.855+0000] {dag.py:3239} INFO - Sync 1 DAGs
[2025-03-27T16:50:56.866+0000] {logging_mixin.py:190} INFO - [2025-03-27T16:50:56.866+0000] {dag.py:4180} INFO - Setting next_dagrun for example_bash_decorator to None, run_after=None
[2025-03-27T16:50:56.886+0000] {processor.py:208} INFO - Processing /home/ubuntu/customer_churn_youtube_venv/lib/python3.12/site-packages/airflow/example_dags/example_bash_decorator.py took 0.075 seconds
[2025-03-27T16:51:51.510+0000] {processor.py:186} INFO - Started process (PID=7791) to work on /home/ubuntu/customer_churn_youtube_venv/lib/python3.12/site-packages/airflow/example_dags/example_bash_decorator.py
[2025-03-27T16:51:51.512+0000] {processor.py:914} INFO - Processing file /home/ubuntu/customer_churn_youtube_venv/lib/python3.12/site-packages/airflow/example_dags/example_bash_decorator.py for tasks to queue
[2025-03-27T16:51:51.514+0000] {logging_mixin.py:190} INFO - [2025-03-27T16:51:51.513+0000] {dagbag.py:588} INFO - Filling up the DagBag from /home/ubuntu/customer_churn_youtube_venv/lib/python3.12/site-packages/airflow/example_dags/example_bash_decorator.py
[2025-03-27T16:51:51.528+0000] {processor.py:925} INFO - DAG(s) 'example_bash_decorator' retrieved from /home/ubuntu/customer_churn_youtube_venv/lib/python3.12/site-packages/airflow/example_dags/example_bash_decorator.py
[2025-03-27T16:51:51.547+0000] {logging_mixin.py:190} INFO - [2025-03-27T16:51:51.547+0000] {dag.py:3239} INFO - Sync 1 DAGs
[2025-03-27T16:51:51.561+0000] {logging_mixin.py:190} INFO - [2025-03-27T16:51:51.560+0000] {dag.py:4180} INFO - Setting next_dagrun for example_bash_decorator to None, run_after=None
[2025-03-27T16:51:51.582+0000] {processor.py:208} INFO - Processing /home/ubuntu/customer_churn_youtube_venv/lib/python3.12/site-packages/airflow/example_dags/example_bash_decorator.py took 0.078 seconds
[2025-03-27T16:53:06.009+0000] {processor.py:186} INFO - Started process (PID=7871) to work on /home/ubuntu/customer_churn_youtube_venv/lib/python3.12/site-packages/airflow/example_dags/example_bash_decorator.py
[2025-03-27T16:53:06.012+0000] {processor.py:914} INFO - Processing file /home/ubuntu/customer_churn_youtube_venv/lib/python3.12/site-packages/airflow/example_dags/example_bash_decorator.py for tasks to queue
[2025-03-27T16:53:06.014+0000] {logging_mixin.py:190} INFO - [2025-03-27T16:53:06.014+0000] {dagbag.py:588} INFO - Filling up the DagBag from /home/ubuntu/customer_churn_youtube_venv/lib/python3.12/site-packages/airflow/example_dags/example_bash_decorator.py
[2025-03-27T16:53:06.030+0000] {processor.py:925} INFO - DAG(s) 'example_bash_decorator' retrieved from /home/ubuntu/customer_churn_youtube_venv/lib/python3.12/site-packages/airflow/example_dags/example_bash_decorator.py
[2025-03-27T16:53:06.048+0000] {logging_mixin.py:190} INFO - [2025-03-27T16:53:06.048+0000] {dag.py:3239} INFO - Sync 1 DAGs
[2025-03-27T16:53:06.061+0000] {logging_mixin.py:190} INFO - [2025-03-27T16:53:06.061+0000] {dag.py:4180} INFO - Setting next_dagrun for example_bash_decorator to None, run_after=None
[2025-03-27T16:53:06.083+0000] {processor.py:208} INFO - Processing /home/ubuntu/customer_churn_youtube_venv/lib/python3.12/site-packages/airflow/example_dags/example_bash_decorator.py took 0.080 seconds
[2025-03-27T16:54:20.861+0000] {processor.py:186} INFO - Started process (PID=7950) to work on /home/ubuntu/customer_churn_youtube_venv/lib/python3.12/site-packages/airflow/example_dags/example_bash_decorator.py
[2025-03-27T16:54:20.864+0000] {processor.py:914} INFO - Processing file /home/ubuntu/customer_churn_youtube_venv/lib/python3.12/site-packages/airflow/example_dags/example_bash_decorator.py for tasks to queue
[2025-03-27T16:54:20.865+0000] {logging_mixin.py:190} INFO - [2025-03-27T16:54:20.865+0000] {dagbag.py:588} INFO - Filling up the DagBag from /home/ubuntu/customer_churn_youtube_venv/lib/python3.12/site-packages/airflow/example_dags/example_bash_decorator.py
[2025-03-27T16:54:20.881+0000] {processor.py:925} INFO - DAG(s) 'example_bash_decorator' retrieved from /home/ubuntu/customer_churn_youtube_venv/lib/python3.12/site-packages/airflow/example_dags/example_bash_decorator.py
[2025-03-27T16:54:20.901+0000] {logging_mixin.py:190} INFO - [2025-03-27T16:54:20.901+0000] {dag.py:3239} INFO - Sync 1 DAGs
[2025-03-27T16:54:20.913+0000] {logging_mixin.py:190} INFO - [2025-03-27T16:54:20.912+0000] {dag.py:4180} INFO - Setting next_dagrun for example_bash_decorator to None, run_after=None
[2025-03-27T16:54:20.933+0000] {processor.py:208} INFO - Processing /home/ubuntu/customer_churn_youtube_venv/lib/python3.12/site-packages/airflow/example_dags/example_bash_decorator.py took 0.078 seconds
[2025-03-27T16:55:38.116+0000] {processor.py:186} INFO - Started process (PID=8045) to work on /home/ubuntu/customer_churn_youtube_venv/lib/python3.12/site-packages/airflow/example_dags/example_bash_decorator.py
[2025-03-27T16:55:38.118+0000] {processor.py:914} INFO - Processing file /home/ubuntu/customer_churn_youtube_venv/lib/python3.12/site-packages/airflow/example_dags/example_bash_decorator.py for tasks to queue
[2025-03-27T16:55:38.122+0000] {logging_mixin.py:190} INFO - [2025-03-27T16:55:38.122+0000] {dagbag.py:588} INFO - Filling up the DagBag from /home/ubuntu/customer_churn_youtube_venv/lib/python3.12/site-packages/airflow/example_dags/example_bash_decorator.py
[2025-03-27T16:55:38.148+0000] {processor.py:925} INFO - DAG(s) 'example_bash_decorator' retrieved from /home/ubuntu/customer_churn_youtube_venv/lib/python3.12/site-packages/airflow/example_dags/example_bash_decorator.py
[2025-03-27T16:55:38.170+0000] {logging_mixin.py:190} INFO - [2025-03-27T16:55:38.169+0000] {dag.py:3239} INFO - Sync 1 DAGs
[2025-03-27T16:55:38.183+0000] {logging_mixin.py:190} INFO - [2025-03-27T16:55:38.183+0000] {dag.py:4180} INFO - Setting next_dagrun for example_bash_decorator to None, run_after=None
[2025-03-27T16:55:38.211+0000] {processor.py:208} INFO - Processing /home/ubuntu/customer_churn_youtube_venv/lib/python3.12/site-packages/airflow/example_dags/example_bash_decorator.py took 0.102 seconds
[2025-03-27T16:57:04.179+0000] {processor.py:186} INFO - Started process (PID=8140) to work on /home/ubuntu/customer_churn_youtube_venv/lib/python3.12/site-packages/airflow/example_dags/example_bash_decorator.py
[2025-03-27T16:57:04.181+0000] {processor.py:914} INFO - Processing file /home/ubuntu/customer_churn_youtube_venv/lib/python3.12/site-packages/airflow/example_dags/example_bash_decorator.py for tasks to queue
[2025-03-27T16:57:04.182+0000] {logging_mixin.py:190} INFO - [2025-03-27T16:57:04.182+0000] {dagbag.py:588} INFO - Filling up the DagBag from /home/ubuntu/customer_churn_youtube_venv/lib/python3.12/site-packages/airflow/example_dags/example_bash_decorator.py
[2025-03-27T16:57:04.198+0000] {processor.py:925} INFO - DAG(s) 'example_bash_decorator' retrieved from /home/ubuntu/customer_churn_youtube_venv/lib/python3.12/site-packages/airflow/example_dags/example_bash_decorator.py
[2025-03-27T16:57:04.293+0000] {logging_mixin.py:190} INFO - [2025-03-27T16:57:04.293+0000] {dag.py:3239} INFO - Sync 1 DAGs
[2025-03-27T16:57:04.303+0000] {logging_mixin.py:190} INFO - [2025-03-27T16:57:04.303+0000] {dag.py:4180} INFO - Setting next_dagrun for example_bash_decorator to None, run_after=None
[2025-03-27T16:57:04.325+0000] {processor.py:208} INFO - Processing /home/ubuntu/customer_churn_youtube_venv/lib/python3.12/site-packages/airflow/example_dags/example_bash_decorator.py took 0.152 seconds
[2025-03-27T16:58:03.608+0000] {processor.py:186} INFO - Started process (PID=8197) to work on /home/ubuntu/customer_churn_youtube_venv/lib/python3.12/site-packages/airflow/example_dags/example_bash_decorator.py
[2025-03-27T16:58:03.609+0000] {processor.py:914} INFO - Processing file /home/ubuntu/customer_churn_youtube_venv/lib/python3.12/site-packages/airflow/example_dags/example_bash_decorator.py for tasks to queue
[2025-03-27T16:58:03.612+0000] {logging_mixin.py:190} INFO - [2025-03-27T16:58:03.612+0000] {dagbag.py:588} INFO - Filling up the DagBag from /home/ubuntu/customer_churn_youtube_venv/lib/python3.12/site-packages/airflow/example_dags/example_bash_decorator.py
[2025-03-27T16:58:03.627+0000] {processor.py:925} INFO - DAG(s) 'example_bash_decorator' retrieved from /home/ubuntu/customer_churn_youtube_venv/lib/python3.12/site-packages/airflow/example_dags/example_bash_decorator.py
[2025-03-27T16:58:03.646+0000] {logging_mixin.py:190} INFO - [2025-03-27T16:58:03.646+0000] {dag.py:3239} INFO - Sync 1 DAGs
[2025-03-27T16:58:03.658+0000] {logging_mixin.py:190} INFO - [2025-03-27T16:58:03.658+0000] {dag.py:4180} INFO - Setting next_dagrun for example_bash_decorator to None, run_after=None
[2025-03-27T16:58:03.681+0000] {processor.py:208} INFO - Processing /home/ubuntu/customer_churn_youtube_venv/lib/python3.12/site-packages/airflow/example_dags/example_bash_decorator.py took 0.079 seconds
[2025-03-27T16:59:01.116+0000] {processor.py:186} INFO - Started process (PID=8279) to work on /home/ubuntu/customer_churn_youtube_venv/lib/python3.12/site-packages/airflow/example_dags/example_bash_decorator.py
[2025-03-27T16:59:01.118+0000] {processor.py:914} INFO - Processing file /home/ubuntu/customer_churn_youtube_venv/lib/python3.12/site-packages/airflow/example_dags/example_bash_decorator.py for tasks to queue
[2025-03-27T16:59:01.119+0000] {logging_mixin.py:190} INFO - [2025-03-27T16:59:01.119+0000] {dagbag.py:588} INFO - Filling up the DagBag from /home/ubuntu/customer_churn_youtube_venv/lib/python3.12/site-packages/airflow/example_dags/example_bash_decorator.py
[2025-03-27T16:59:01.134+0000] {processor.py:925} INFO - DAG(s) 'example_bash_decorator' retrieved from /home/ubuntu/customer_churn_youtube_venv/lib/python3.12/site-packages/airflow/example_dags/example_bash_decorator.py
[2025-03-27T16:59:01.230+0000] {logging_mixin.py:190} INFO - [2025-03-27T16:59:01.230+0000] {dag.py:3239} INFO - Sync 1 DAGs
[2025-03-27T16:59:01.240+0000] {logging_mixin.py:190} INFO - [2025-03-27T16:59:01.239+0000] {dag.py:4180} INFO - Setting next_dagrun for example_bash_decorator to None, run_after=None
[2025-03-27T16:59:01.264+0000] {processor.py:208} INFO - Processing /home/ubuntu/customer_churn_youtube_venv/lib/python3.12/site-packages/airflow/example_dags/example_bash_decorator.py took 0.153 seconds
[2025-03-27T17:00:01.826+0000] {processor.py:186} INFO - Started process (PID=8338) to work on /home/ubuntu/customer_churn_youtube_venv/lib/python3.12/site-packages/airflow/example_dags/example_bash_decorator.py
[2025-03-27T17:00:01.827+0000] {processor.py:914} INFO - Processing file /home/ubuntu/customer_churn_youtube_venv/lib/python3.12/site-packages/airflow/example_dags/example_bash_decorator.py for tasks to queue
[2025-03-27T17:00:01.829+0000] {logging_mixin.py:190} INFO - [2025-03-27T17:00:01.829+0000] {dagbag.py:588} INFO - Filling up the DagBag from /home/ubuntu/customer_churn_youtube_venv/lib/python3.12/site-packages/airflow/example_dags/example_bash_decorator.py
[2025-03-27T17:00:01.846+0000] {processor.py:925} INFO - DAG(s) 'example_bash_decorator' retrieved from /home/ubuntu/customer_churn_youtube_venv/lib/python3.12/site-packages/airflow/example_dags/example_bash_decorator.py
[2025-03-27T17:00:01.865+0000] {logging_mixin.py:190} INFO - [2025-03-27T17:00:01.865+0000] {dag.py:3239} INFO - Sync 1 DAGs
[2025-03-27T17:00:01.878+0000] {logging_mixin.py:190} INFO - [2025-03-27T17:00:01.878+0000] {dag.py:4180} INFO - Setting next_dagrun for example_bash_decorator to None, run_after=None
[2025-03-27T17:00:01.901+0000] {processor.py:208} INFO - Processing /home/ubuntu/customer_churn_youtube_venv/lib/python3.12/site-packages/airflow/example_dags/example_bash_decorator.py took 0.082 seconds
[2025-03-27T17:01:20.223+0000] {processor.py:186} INFO - Started process (PID=8425) to work on /home/ubuntu/customer_churn_youtube_venv/lib/python3.12/site-packages/airflow/example_dags/example_bash_decorator.py
[2025-03-27T17:01:20.225+0000] {processor.py:914} INFO - Processing file /home/ubuntu/customer_churn_youtube_venv/lib/python3.12/site-packages/airflow/example_dags/example_bash_decorator.py for tasks to queue
[2025-03-27T17:01:20.227+0000] {logging_mixin.py:190} INFO - [2025-03-27T17:01:20.226+0000] {dagbag.py:588} INFO - Filling up the DagBag from /home/ubuntu/customer_churn_youtube_venv/lib/python3.12/site-packages/airflow/example_dags/example_bash_decorator.py
[2025-03-27T17:01:20.243+0000] {processor.py:925} INFO - DAG(s) 'example_bash_decorator' retrieved from /home/ubuntu/customer_churn_youtube_venv/lib/python3.12/site-packages/airflow/example_dags/example_bash_decorator.py
[2025-03-27T17:01:20.260+0000] {logging_mixin.py:190} INFO - [2025-03-27T17:01:20.260+0000] {dag.py:3239} INFO - Sync 1 DAGs
[2025-03-27T17:01:20.272+0000] {logging_mixin.py:190} INFO - [2025-03-27T17:01:20.272+0000] {dag.py:4180} INFO - Setting next_dagrun for example_bash_decorator to None, run_after=None
[2025-03-27T17:01:20.295+0000] {processor.py:208} INFO - Processing /home/ubuntu/customer_churn_youtube_venv/lib/python3.12/site-packages/airflow/example_dags/example_bash_decorator.py took 0.076 seconds
[2025-03-27T17:02:38.573+0000] {processor.py:186} INFO - Started process (PID=8509) to work on /home/ubuntu/customer_churn_youtube_venv/lib/python3.12/site-packages/airflow/example_dags/example_bash_decorator.py
[2025-03-27T17:02:38.574+0000] {processor.py:914} INFO - Processing file /home/ubuntu/customer_churn_youtube_venv/lib/python3.12/site-packages/airflow/example_dags/example_bash_decorator.py for tasks to queue
[2025-03-27T17:02:38.576+0000] {logging_mixin.py:190} INFO - [2025-03-27T17:02:38.576+0000] {dagbag.py:588} INFO - Filling up the DagBag from /home/ubuntu/customer_churn_youtube_venv/lib/python3.12/site-packages/airflow/example_dags/example_bash_decorator.py
[2025-03-27T17:02:38.592+0000] {processor.py:925} INFO - DAG(s) 'example_bash_decorator' retrieved from /home/ubuntu/customer_churn_youtube_venv/lib/python3.12/site-packages/airflow/example_dags/example_bash_decorator.py
[2025-03-27T17:02:38.610+0000] {logging_mixin.py:190} INFO - [2025-03-27T17:02:38.610+0000] {dag.py:3239} INFO - Sync 1 DAGs
[2025-03-27T17:02:38.622+0000] {logging_mixin.py:190} INFO - [2025-03-27T17:02:38.622+0000] {dag.py:4180} INFO - Setting next_dagrun for example_bash_decorator to None, run_after=None
[2025-03-27T17:02:38.644+0000] {processor.py:208} INFO - Processing /home/ubuntu/customer_churn_youtube_venv/lib/python3.12/site-packages/airflow/example_dags/example_bash_decorator.py took 0.077 seconds
[2025-03-27T17:03:56.420+0000] {processor.py:186} INFO - Started process (PID=8598) to work on /home/ubuntu/customer_churn_youtube_venv/lib/python3.12/site-packages/airflow/example_dags/example_bash_decorator.py
[2025-03-27T17:03:56.422+0000] {processor.py:914} INFO - Processing file /home/ubuntu/customer_churn_youtube_venv/lib/python3.12/site-packages/airflow/example_dags/example_bash_decorator.py for tasks to queue
[2025-03-27T17:03:56.424+0000] {logging_mixin.py:190} INFO - [2025-03-27T17:03:56.424+0000] {dagbag.py:588} INFO - Filling up the DagBag from /home/ubuntu/customer_churn_youtube_venv/lib/python3.12/site-packages/airflow/example_dags/example_bash_decorator.py
[2025-03-27T17:03:56.439+0000] {processor.py:925} INFO - DAG(s) 'example_bash_decorator' retrieved from /home/ubuntu/customer_churn_youtube_venv/lib/python3.12/site-packages/airflow/example_dags/example_bash_decorator.py
[2025-03-27T17:03:56.536+0000] {logging_mixin.py:190} INFO - [2025-03-27T17:03:56.535+0000] {dag.py:3239} INFO - Sync 1 DAGs
[2025-03-27T17:03:56.545+0000] {logging_mixin.py:190} INFO - [2025-03-27T17:03:56.545+0000] {dag.py:3262} INFO - Creating ORM DAG for example_bash_decorator
[2025-03-27T17:03:56.546+0000] {logging_mixin.py:190} INFO - [2025-03-27T17:03:56.546+0000] {dag.py:4180} INFO - Setting next_dagrun for example_bash_decorator to None, run_after=None
[2025-03-27T17:03:56.566+0000] {processor.py:208} INFO - Processing /home/ubuntu/customer_churn_youtube_venv/lib/python3.12/site-packages/airflow/example_dags/example_bash_decorator.py took 0.152 seconds
[2025-03-27T17:05:13.628+0000] {processor.py:186} INFO - Started process (PID=8701) to work on /home/ubuntu/customer_churn_youtube_venv/lib/python3.12/site-packages/airflow/example_dags/example_bash_decorator.py
[2025-03-27T17:05:13.629+0000] {processor.py:914} INFO - Processing file /home/ubuntu/customer_churn_youtube_venv/lib/python3.12/site-packages/airflow/example_dags/example_bash_decorator.py for tasks to queue
[2025-03-27T17:05:13.632+0000] {logging_mixin.py:190} INFO - [2025-03-27T17:05:13.632+0000] {dagbag.py:588} INFO - Filling up the DagBag from /home/ubuntu/customer_churn_youtube_venv/lib/python3.12/site-packages/airflow/example_dags/example_bash_decorator.py
[2025-03-27T17:05:13.648+0000] {processor.py:925} INFO - DAG(s) 'example_bash_decorator' retrieved from /home/ubuntu/customer_churn_youtube_venv/lib/python3.12/site-packages/airflow/example_dags/example_bash_decorator.py
[2025-03-27T17:05:13.666+0000] {logging_mixin.py:190} INFO - [2025-03-27T17:05:13.665+0000] {dag.py:3239} INFO - Sync 1 DAGs
[2025-03-27T17:05:13.677+0000] {logging_mixin.py:190} INFO - [2025-03-27T17:05:13.676+0000] {dag.py:4180} INFO - Setting next_dagrun for example_bash_decorator to None, run_after=None
[2025-03-27T17:05:13.700+0000] {processor.py:208} INFO - Processing /home/ubuntu/customer_churn_youtube_venv/lib/python3.12/site-packages/airflow/example_dags/example_bash_decorator.py took 0.078 seconds
[2025-03-27T17:06:33.998+0000] {processor.py:186} INFO - Started process (PID=8782) to work on /home/ubuntu/customer_churn_youtube_venv/lib/python3.12/site-packages/airflow/example_dags/example_bash_decorator.py
[2025-03-27T17:06:34.000+0000] {processor.py:914} INFO - Processing file /home/ubuntu/customer_churn_youtube_venv/lib/python3.12/site-packages/airflow/example_dags/example_bash_decorator.py for tasks to queue
[2025-03-27T17:06:34.002+0000] {logging_mixin.py:190} INFO - [2025-03-27T17:06:34.002+0000] {dagbag.py:588} INFO - Filling up the DagBag from /home/ubuntu/customer_churn_youtube_venv/lib/python3.12/site-packages/airflow/example_dags/example_bash_decorator.py
[2025-03-27T17:06:34.019+0000] {processor.py:925} INFO - DAG(s) 'example_bash_decorator' retrieved from /home/ubuntu/customer_churn_youtube_venv/lib/python3.12/site-packages/airflow/example_dags/example_bash_decorator.py
[2025-03-27T17:06:34.037+0000] {logging_mixin.py:190} INFO - [2025-03-27T17:06:34.037+0000] {dag.py:3239} INFO - Sync 1 DAGs
[2025-03-27T17:06:34.049+0000] {logging_mixin.py:190} INFO - [2025-03-27T17:06:34.049+0000] {dag.py:4180} INFO - Setting next_dagrun for example_bash_decorator to None, run_after=None
[2025-03-27T17:06:34.070+0000] {processor.py:208} INFO - Processing /home/ubuntu/customer_churn_youtube_venv/lib/python3.12/site-packages/airflow/example_dags/example_bash_decorator.py took 0.077 seconds
[2025-03-27T17:07:51.970+0000] {processor.py:186} INFO - Started process (PID=8874) to work on /home/ubuntu/customer_churn_youtube_venv/lib/python3.12/site-packages/airflow/example_dags/example_bash_decorator.py
[2025-03-27T17:07:51.972+0000] {processor.py:914} INFO - Processing file /home/ubuntu/customer_churn_youtube_venv/lib/python3.12/site-packages/airflow/example_dags/example_bash_decorator.py for tasks to queue
[2025-03-27T17:07:51.974+0000] {logging_mixin.py:190} INFO - [2025-03-27T17:07:51.973+0000] {dagbag.py:588} INFO - Filling up the DagBag from /home/ubuntu/customer_churn_youtube_venv/lib/python3.12/site-packages/airflow/example_dags/example_bash_decorator.py
[2025-03-27T17:07:51.989+0000] {processor.py:925} INFO - DAG(s) 'example_bash_decorator' retrieved from /home/ubuntu/customer_churn_youtube_venv/lib/python3.12/site-packages/airflow/example_dags/example_bash_decorator.py
[2025-03-27T17:07:52.007+0000] {logging_mixin.py:190} INFO - [2025-03-27T17:07:52.007+0000] {dag.py:3239} INFO - Sync 1 DAGs
[2025-03-27T17:07:52.020+0000] {logging_mixin.py:190} INFO - [2025-03-27T17:07:52.020+0000] {dag.py:4180} INFO - Setting next_dagrun for example_bash_decorator to None, run_after=None
[2025-03-27T17:07:52.042+0000] {processor.py:208} INFO - Processing /home/ubuntu/customer_churn_youtube_venv/lib/python3.12/site-packages/airflow/example_dags/example_bash_decorator.py took 0.078 seconds
[2025-03-27T17:09:10.109+0000] {processor.py:186} INFO - Started process (PID=8961) to work on /home/ubuntu/customer_churn_youtube_venv/lib/python3.12/site-packages/airflow/example_dags/example_bash_decorator.py
[2025-03-27T17:09:10.111+0000] {processor.py:914} INFO - Processing file /home/ubuntu/customer_churn_youtube_venv/lib/python3.12/site-packages/airflow/example_dags/example_bash_decorator.py for tasks to queue
[2025-03-27T17:09:10.113+0000] {logging_mixin.py:190} INFO - [2025-03-27T17:09:10.112+0000] {dagbag.py:588} INFO - Filling up the DagBag from /home/ubuntu/customer_churn_youtube_venv/lib/python3.12/site-packages/airflow/example_dags/example_bash_decorator.py
[2025-03-27T17:09:10.129+0000] {processor.py:925} INFO - DAG(s) 'example_bash_decorator' retrieved from /home/ubuntu/customer_churn_youtube_venv/lib/python3.12/site-packages/airflow/example_dags/example_bash_decorator.py
[2025-03-27T17:09:10.147+0000] {logging_mixin.py:190} INFO - [2025-03-27T17:09:10.146+0000] {dag.py:3239} INFO - Sync 1 DAGs
[2025-03-27T17:09:10.159+0000] {logging_mixin.py:190} INFO - [2025-03-27T17:09:10.158+0000] {dag.py:4180} INFO - Setting next_dagrun for example_bash_decorator to None, run_after=None
[2025-03-27T17:09:10.180+0000] {processor.py:208} INFO - Processing /home/ubuntu/customer_churn_youtube_venv/lib/python3.12/site-packages/airflow/example_dags/example_bash_decorator.py took 0.077 seconds
[2025-03-27T17:10:31.692+0000] {processor.py:186} INFO - Started process (PID=9051) to work on /home/ubuntu/customer_churn_youtube_venv/lib/python3.12/site-packages/airflow/example_dags/example_bash_decorator.py
[2025-03-27T17:10:31.694+0000] {processor.py:914} INFO - Processing file /home/ubuntu/customer_churn_youtube_venv/lib/python3.12/site-packages/airflow/example_dags/example_bash_decorator.py for tasks to queue
[2025-03-27T17:10:31.695+0000] {logging_mixin.py:190} INFO - [2025-03-27T17:10:31.695+0000] {dagbag.py:588} INFO - Filling up the DagBag from /home/ubuntu/customer_churn_youtube_venv/lib/python3.12/site-packages/airflow/example_dags/example_bash_decorator.py
[2025-03-27T17:10:31.711+0000] {processor.py:925} INFO - DAG(s) 'example_bash_decorator' retrieved from /home/ubuntu/customer_churn_youtube_venv/lib/python3.12/site-packages/airflow/example_dags/example_bash_decorator.py
[2025-03-27T17:10:31.728+0000] {logging_mixin.py:190} INFO - [2025-03-27T17:10:31.728+0000] {dag.py:3239} INFO - Sync 1 DAGs
[2025-03-27T17:10:31.739+0000] {logging_mixin.py:190} INFO - [2025-03-27T17:10:31.739+0000] {dag.py:4180} INFO - Setting next_dagrun for example_bash_decorator to None, run_after=None
[2025-03-27T17:10:31.762+0000] {processor.py:208} INFO - Processing /home/ubuntu/customer_churn_youtube_venv/lib/python3.12/site-packages/airflow/example_dags/example_bash_decorator.py took 0.077 seconds
[2025-03-27T17:11:28.229+0000] {processor.py:186} INFO - Started process (PID=9111) to work on /home/ubuntu/customer_churn_youtube_venv/lib/python3.12/site-packages/airflow/example_dags/example_bash_decorator.py
[2025-03-27T17:11:28.231+0000] {processor.py:914} INFO - Processing file /home/ubuntu/customer_churn_youtube_venv/lib/python3.12/site-packages/airflow/example_dags/example_bash_decorator.py for tasks to queue
[2025-03-27T17:11:28.233+0000] {logging_mixin.py:190} INFO - [2025-03-27T17:11:28.233+0000] {dagbag.py:588} INFO - Filling up the DagBag from /home/ubuntu/customer_churn_youtube_venv/lib/python3.12/site-packages/airflow/example_dags/example_bash_decorator.py
[2025-03-27T17:11:28.248+0000] {processor.py:925} INFO - DAG(s) 'example_bash_decorator' retrieved from /home/ubuntu/customer_churn_youtube_venv/lib/python3.12/site-packages/airflow/example_dags/example_bash_decorator.py
[2025-03-27T17:11:28.267+0000] {logging_mixin.py:190} INFO - [2025-03-27T17:11:28.267+0000] {dag.py:3239} INFO - Sync 1 DAGs
[2025-03-27T17:11:28.279+0000] {logging_mixin.py:190} INFO - [2025-03-27T17:11:28.279+0000] {dag.py:4180} INFO - Setting next_dagrun for example_bash_decorator to None, run_after=None
[2025-03-27T17:11:28.300+0000] {processor.py:208} INFO - Processing /home/ubuntu/customer_churn_youtube_venv/lib/python3.12/site-packages/airflow/example_dags/example_bash_decorator.py took 0.076 seconds
[2025-03-27T17:12:49.095+0000] {processor.py:186} INFO - Started process (PID=9210) to work on /home/ubuntu/customer_churn_youtube_venv/lib/python3.12/site-packages/airflow/example_dags/example_bash_decorator.py
[2025-03-27T17:12:49.097+0000] {processor.py:914} INFO - Processing file /home/ubuntu/customer_churn_youtube_venv/lib/python3.12/site-packages/airflow/example_dags/example_bash_decorator.py for tasks to queue
[2025-03-27T17:12:49.099+0000] {logging_mixin.py:190} INFO - [2025-03-27T17:12:49.098+0000] {dagbag.py:588} INFO - Filling up the DagBag from /home/ubuntu/customer_churn_youtube_venv/lib/python3.12/site-packages/airflow/example_dags/example_bash_decorator.py
[2025-03-27T17:12:49.114+0000] {processor.py:925} INFO - DAG(s) 'example_bash_decorator' retrieved from /home/ubuntu/customer_churn_youtube_venv/lib/python3.12/site-packages/airflow/example_dags/example_bash_decorator.py
[2025-03-27T17:12:49.132+0000] {logging_mixin.py:190} INFO - [2025-03-27T17:12:49.132+0000] {dag.py:3239} INFO - Sync 1 DAGs
[2025-03-27T17:12:49.142+0000] {logging_mixin.py:190} INFO - [2025-03-27T17:12:49.142+0000] {dag.py:4180} INFO - Setting next_dagrun for example_bash_decorator to None, run_after=None
[2025-03-27T17:12:49.166+0000] {processor.py:208} INFO - Processing /home/ubuntu/customer_churn_youtube_venv/lib/python3.12/site-packages/airflow/example_dags/example_bash_decorator.py took 0.076 seconds
[2025-03-27T17:14:07.081+0000] {processor.py:186} INFO - Started process (PID=9295) to work on /home/ubuntu/customer_churn_youtube_venv/lib/python3.12/site-packages/airflow/example_dags/example_bash_decorator.py
[2025-03-27T17:14:07.082+0000] {processor.py:914} INFO - Processing file /home/ubuntu/customer_churn_youtube_venv/lib/python3.12/site-packages/airflow/example_dags/example_bash_decorator.py for tasks to queue
[2025-03-27T17:14:07.084+0000] {logging_mixin.py:190} INFO - [2025-03-27T17:14:07.084+0000] {dagbag.py:588} INFO - Filling up the DagBag from /home/ubuntu/customer_churn_youtube_venv/lib/python3.12/site-packages/airflow/example_dags/example_bash_decorator.py
[2025-03-27T17:14:07.099+0000] {processor.py:925} INFO - DAG(s) 'example_bash_decorator' retrieved from /home/ubuntu/customer_churn_youtube_venv/lib/python3.12/site-packages/airflow/example_dags/example_bash_decorator.py
[2025-03-27T17:14:07.117+0000] {logging_mixin.py:190} INFO - [2025-03-27T17:14:07.117+0000] {dag.py:3239} INFO - Sync 1 DAGs
[2025-03-27T17:14:07.129+0000] {logging_mixin.py:190} INFO - [2025-03-27T17:14:07.128+0000] {dag.py:4180} INFO - Setting next_dagrun for example_bash_decorator to None, run_after=None
[2025-03-27T17:14:07.153+0000] {processor.py:208} INFO - Processing /home/ubuntu/customer_churn_youtube_venv/lib/python3.12/site-packages/airflow/example_dags/example_bash_decorator.py took 0.077 seconds
