[2025-03-27T16:09:38.841+0000] {processor.py:186} INFO - Started process (PID=3120) to work on /home/ubuntu/customer_churn_youtube_venv/lib/python3.12/site-packages/airflow/example_dags/example_branch_labels.py
[2025-03-27T16:09:38.842+0000] {processor.py:914} INFO - Processing file /home/ubuntu/customer_churn_youtube_venv/lib/python3.12/site-packages/airflow/example_dags/example_branch_labels.py for tasks to queue
[2025-03-27T16:09:38.844+0000] {logging_mixin.py:190} INFO - [2025-03-27T16:09:38.844+0000] {dagbag.py:588} INFO - Filling up the DagBag from /home/ubuntu/customer_churn_youtube_venv/lib/python3.12/site-packages/airflow/example_dags/example_branch_labels.py
[2025-03-27T16:09:38.855+0000] {processor.py:925} INFO - DAG(s) 'example_branch_labels' retrieved from /home/ubuntu/customer_churn_youtube_venv/lib/python3.12/site-packages/airflow/example_dags/example_branch_labels.py
[2025-03-27T16:09:38.869+0000] {logging_mixin.py:190} INFO - [2025-03-27T16:09:38.869+0000] {dag.py:3239} INFO - Sync 1 DAGs
[2025-03-27T16:09:38.888+0000] {logging_mixin.py:190} INFO - [2025-03-27T16:09:38.887+0000] {dag.py:4180} INFO - Setting next_dagrun for example_branch_labels to 2025-03-26 00:00:00+00:00, run_after=2025-03-27 00:00:00+00:00
[2025-03-27T16:09:38.909+0000] {processor.py:208} INFO - Processing /home/ubuntu/customer_churn_youtube_venv/lib/python3.12/site-packages/airflow/example_dags/example_branch_labels.py took 0.072 seconds
[2025-03-27T16:10:56.098+0000] {processor.py:186} INFO - Started process (PID=3207) to work on /home/ubuntu/customer_churn_youtube_venv/lib/python3.12/site-packages/airflow/example_dags/example_branch_labels.py
[2025-03-27T16:10:56.099+0000] {processor.py:914} INFO - Processing file /home/ubuntu/customer_churn_youtube_venv/lib/python3.12/site-packages/airflow/example_dags/example_branch_labels.py for tasks to queue
[2025-03-27T16:10:56.102+0000] {logging_mixin.py:190} INFO - [2025-03-27T16:10:56.101+0000] {dagbag.py:588} INFO - Filling up the DagBag from /home/ubuntu/customer_churn_youtube_venv/lib/python3.12/site-packages/airflow/example_dags/example_branch_labels.py
[2025-03-27T16:10:56.113+0000] {processor.py:925} INFO - DAG(s) 'example_branch_labels' retrieved from /home/ubuntu/customer_churn_youtube_venv/lib/python3.12/site-packages/airflow/example_dags/example_branch_labels.py
[2025-03-27T16:10:56.130+0000] {logging_mixin.py:190} INFO - [2025-03-27T16:10:56.130+0000] {dag.py:3239} INFO - Sync 1 DAGs
[2025-03-27T16:10:56.149+0000] {logging_mixin.py:190} INFO - [2025-03-27T16:10:56.148+0000] {dag.py:4180} INFO - Setting next_dagrun for example_branch_labels to 2025-03-26 00:00:00+00:00, run_after=2025-03-27 00:00:00+00:00
[2025-03-27T16:10:56.168+0000] {processor.py:208} INFO - Processing /home/ubuntu/customer_churn_youtube_venv/lib/python3.12/site-packages/airflow/example_dags/example_branch_labels.py took 0.076 seconds
[2025-03-27T16:12:19.952+0000] {processor.py:186} INFO - Started process (PID=3312) to work on /home/ubuntu/customer_churn_youtube_venv/lib/python3.12/site-packages/airflow/example_dags/example_branch_labels.py
[2025-03-27T16:12:19.954+0000] {processor.py:914} INFO - Processing file /home/ubuntu/customer_churn_youtube_venv/lib/python3.12/site-packages/airflow/example_dags/example_branch_labels.py for tasks to queue
[2025-03-27T16:12:19.955+0000] {logging_mixin.py:190} INFO - [2025-03-27T16:12:19.955+0000] {dagbag.py:588} INFO - Filling up the DagBag from /home/ubuntu/customer_churn_youtube_venv/lib/python3.12/site-packages/airflow/example_dags/example_branch_labels.py
[2025-03-27T16:12:19.965+0000] {processor.py:925} INFO - DAG(s) 'example_branch_labels' retrieved from /home/ubuntu/customer_churn_youtube_venv/lib/python3.12/site-packages/airflow/example_dags/example_branch_labels.py
[2025-03-27T16:12:19.982+0000] {logging_mixin.py:190} INFO - [2025-03-27T16:12:19.982+0000] {dag.py:3239} INFO - Sync 1 DAGs
[2025-03-27T16:12:20.002+0000] {logging_mixin.py:190} INFO - [2025-03-27T16:12:20.002+0000] {dag.py:4180} INFO - Setting next_dagrun for example_branch_labels to 2025-03-26 00:00:00+00:00, run_after=2025-03-27 00:00:00+00:00
[2025-03-27T16:12:20.024+0000] {processor.py:208} INFO - Processing /home/ubuntu/customer_churn_youtube_venv/lib/python3.12/site-packages/airflow/example_dags/example_branch_labels.py took 0.077 seconds
[2025-03-27T16:13:39.881+0000] {processor.py:186} INFO - Started process (PID=3410) to work on /home/ubuntu/customer_churn_youtube_venv/lib/python3.12/site-packages/airflow/example_dags/example_branch_labels.py
[2025-03-27T16:13:39.883+0000] {processor.py:914} INFO - Processing file /home/ubuntu/customer_churn_youtube_venv/lib/python3.12/site-packages/airflow/example_dags/example_branch_labels.py for tasks to queue
[2025-03-27T16:13:39.885+0000] {logging_mixin.py:190} INFO - [2025-03-27T16:13:39.885+0000] {dagbag.py:588} INFO - Filling up the DagBag from /home/ubuntu/customer_churn_youtube_venv/lib/python3.12/site-packages/airflow/example_dags/example_branch_labels.py
[2025-03-27T16:13:39.895+0000] {processor.py:925} INFO - DAG(s) 'example_branch_labels' retrieved from /home/ubuntu/customer_churn_youtube_venv/lib/python3.12/site-packages/airflow/example_dags/example_branch_labels.py
[2025-03-27T16:13:39.910+0000] {logging_mixin.py:190} INFO - [2025-03-27T16:13:39.910+0000] {dag.py:3239} INFO - Sync 1 DAGs
[2025-03-27T16:13:39.930+0000] {logging_mixin.py:190} INFO - [2025-03-27T16:13:39.930+0000] {dag.py:4180} INFO - Setting next_dagrun for example_branch_labels to 2025-03-26 00:00:00+00:00, run_after=2025-03-27 00:00:00+00:00
[2025-03-27T16:13:39.949+0000] {processor.py:208} INFO - Processing /home/ubuntu/customer_churn_youtube_venv/lib/python3.12/site-packages/airflow/example_dags/example_branch_labels.py took 0.074 seconds
[2025-03-27T16:14:56.591+0000] {processor.py:186} INFO - Started process (PID=3504) to work on /home/ubuntu/customer_churn_youtube_venv/lib/python3.12/site-packages/airflow/example_dags/example_branch_labels.py
[2025-03-27T16:14:56.592+0000] {processor.py:914} INFO - Processing file /home/ubuntu/customer_churn_youtube_venv/lib/python3.12/site-packages/airflow/example_dags/example_branch_labels.py for tasks to queue
[2025-03-27T16:14:56.594+0000] {logging_mixin.py:190} INFO - [2025-03-27T16:14:56.593+0000] {dagbag.py:588} INFO - Filling up the DagBag from /home/ubuntu/customer_churn_youtube_venv/lib/python3.12/site-packages/airflow/example_dags/example_branch_labels.py
[2025-03-27T16:14:56.604+0000] {processor.py:925} INFO - DAG(s) 'example_branch_labels' retrieved from /home/ubuntu/customer_churn_youtube_venv/lib/python3.12/site-packages/airflow/example_dags/example_branch_labels.py
[2025-03-27T16:14:56.619+0000] {logging_mixin.py:190} INFO - [2025-03-27T16:14:56.619+0000] {dag.py:3239} INFO - Sync 1 DAGs
[2025-03-27T16:14:56.751+0000] {logging_mixin.py:190} INFO - [2025-03-27T16:14:56.751+0000] {dag.py:4180} INFO - Setting next_dagrun for example_branch_labels to 2025-03-26 00:00:00+00:00, run_after=2025-03-27 00:00:00+00:00
[2025-03-27T16:14:56.771+0000] {processor.py:208} INFO - Processing /home/ubuntu/customer_churn_youtube_venv/lib/python3.12/site-packages/airflow/example_dags/example_branch_labels.py took 0.185 seconds
[2025-03-27T16:15:55.574+0000] {processor.py:186} INFO - Started process (PID=3570) to work on /home/ubuntu/customer_churn_youtube_venv/lib/python3.12/site-packages/airflow/example_dags/example_branch_labels.py
[2025-03-27T16:15:55.576+0000] {processor.py:914} INFO - Processing file /home/ubuntu/customer_churn_youtube_venv/lib/python3.12/site-packages/airflow/example_dags/example_branch_labels.py for tasks to queue
[2025-03-27T16:15:55.578+0000] {logging_mixin.py:190} INFO - [2025-03-27T16:15:55.577+0000] {dagbag.py:588} INFO - Filling up the DagBag from /home/ubuntu/customer_churn_youtube_venv/lib/python3.12/site-packages/airflow/example_dags/example_branch_labels.py
[2025-03-27T16:15:55.588+0000] {processor.py:925} INFO - DAG(s) 'example_branch_labels' retrieved from /home/ubuntu/customer_churn_youtube_venv/lib/python3.12/site-packages/airflow/example_dags/example_branch_labels.py
[2025-03-27T16:15:55.604+0000] {logging_mixin.py:190} INFO - [2025-03-27T16:15:55.604+0000] {dag.py:3239} INFO - Sync 1 DAGs
[2025-03-27T16:15:55.625+0000] {logging_mixin.py:190} INFO - [2025-03-27T16:15:55.625+0000] {dag.py:4180} INFO - Setting next_dagrun for example_branch_labels to 2025-03-26 00:00:00+00:00, run_after=2025-03-27 00:00:00+00:00
[2025-03-27T16:15:55.648+0000] {processor.py:208} INFO - Processing /home/ubuntu/customer_churn_youtube_venv/lib/python3.12/site-packages/airflow/example_dags/example_branch_labels.py took 0.080 seconds
[2025-03-27T16:17:15.452+0000] {processor.py:186} INFO - Started process (PID=3685) to work on /home/ubuntu/customer_churn_youtube_venv/lib/python3.12/site-packages/airflow/example_dags/example_branch_labels.py
[2025-03-27T16:17:15.453+0000] {processor.py:914} INFO - Processing file /home/ubuntu/customer_churn_youtube_venv/lib/python3.12/site-packages/airflow/example_dags/example_branch_labels.py for tasks to queue
[2025-03-27T16:17:15.455+0000] {logging_mixin.py:190} INFO - [2025-03-27T16:17:15.455+0000] {dagbag.py:588} INFO - Filling up the DagBag from /home/ubuntu/customer_churn_youtube_venv/lib/python3.12/site-packages/airflow/example_dags/example_branch_labels.py
[2025-03-27T16:17:15.466+0000] {processor.py:925} INFO - DAG(s) 'example_branch_labels' retrieved from /home/ubuntu/customer_churn_youtube_venv/lib/python3.12/site-packages/airflow/example_dags/example_branch_labels.py
[2025-03-27T16:17:15.483+0000] {logging_mixin.py:190} INFO - [2025-03-27T16:17:15.483+0000] {dag.py:3239} INFO - Sync 1 DAGs
[2025-03-27T16:17:15.503+0000] {logging_mixin.py:190} INFO - [2025-03-27T16:17:15.503+0000] {dag.py:4180} INFO - Setting next_dagrun for example_branch_labels to 2025-03-26 00:00:00+00:00, run_after=2025-03-27 00:00:00+00:00
[2025-03-27T16:17:15.526+0000] {processor.py:208} INFO - Processing /home/ubuntu/customer_churn_youtube_venv/lib/python3.12/site-packages/airflow/example_dags/example_branch_labels.py took 0.081 seconds
[2025-03-27T16:18:31.281+0000] {processor.py:186} INFO - Started process (PID=3767) to work on /home/ubuntu/customer_churn_youtube_venv/lib/python3.12/site-packages/airflow/example_dags/example_branch_labels.py
[2025-03-27T16:18:31.283+0000] {processor.py:914} INFO - Processing file /home/ubuntu/customer_churn_youtube_venv/lib/python3.12/site-packages/airflow/example_dags/example_branch_labels.py for tasks to queue
[2025-03-27T16:18:31.284+0000] {logging_mixin.py:190} INFO - [2025-03-27T16:18:31.284+0000] {dagbag.py:588} INFO - Filling up the DagBag from /home/ubuntu/customer_churn_youtube_venv/lib/python3.12/site-packages/airflow/example_dags/example_branch_labels.py
[2025-03-27T16:18:31.295+0000] {processor.py:925} INFO - DAG(s) 'example_branch_labels' retrieved from /home/ubuntu/customer_churn_youtube_venv/lib/python3.12/site-packages/airflow/example_dags/example_branch_labels.py
[2025-03-27T16:18:31.311+0000] {logging_mixin.py:190} INFO - [2025-03-27T16:18:31.311+0000] {dag.py:3239} INFO - Sync 1 DAGs
[2025-03-27T16:18:31.331+0000] {logging_mixin.py:190} INFO - [2025-03-27T16:18:31.331+0000] {dag.py:4180} INFO - Setting next_dagrun for example_branch_labels to 2025-03-26 00:00:00+00:00, run_after=2025-03-27 00:00:00+00:00
[2025-03-27T16:18:31.354+0000] {processor.py:208} INFO - Processing /home/ubuntu/customer_churn_youtube_venv/lib/python3.12/site-packages/airflow/example_dags/example_branch_labels.py took 0.078 seconds
[2025-03-27T16:19:51.034+0000] {processor.py:186} INFO - Started process (PID=3852) to work on /home/ubuntu/customer_churn_youtube_venv/lib/python3.12/site-packages/airflow/example_dags/example_branch_labels.py
[2025-03-27T16:19:51.036+0000] {processor.py:914} INFO - Processing file /home/ubuntu/customer_churn_youtube_venv/lib/python3.12/site-packages/airflow/example_dags/example_branch_labels.py for tasks to queue
[2025-03-27T16:19:51.038+0000] {logging_mixin.py:190} INFO - [2025-03-27T16:19:51.038+0000] {dagbag.py:588} INFO - Filling up the DagBag from /home/ubuntu/customer_churn_youtube_venv/lib/python3.12/site-packages/airflow/example_dags/example_branch_labels.py
[2025-03-27T16:19:51.048+0000] {processor.py:925} INFO - DAG(s) 'example_branch_labels' retrieved from /home/ubuntu/customer_churn_youtube_venv/lib/python3.12/site-packages/airflow/example_dags/example_branch_labels.py
[2025-03-27T16:19:51.065+0000] {logging_mixin.py:190} INFO - [2025-03-27T16:19:51.065+0000] {dag.py:3239} INFO - Sync 1 DAGs
[2025-03-27T16:19:51.084+0000] {logging_mixin.py:190} INFO - [2025-03-27T16:19:51.084+0000] {dag.py:4180} INFO - Setting next_dagrun for example_branch_labels to 2025-03-26 00:00:00+00:00, run_after=2025-03-27 00:00:00+00:00
[2025-03-27T16:19:51.107+0000] {processor.py:208} INFO - Processing /home/ubuntu/customer_churn_youtube_venv/lib/python3.12/site-packages/airflow/example_dags/example_branch_labels.py took 0.078 seconds
[2025-03-27T16:21:07.797+0000] {processor.py:186} INFO - Started process (PID=3978) to work on /home/ubuntu/customer_churn_youtube_venv/lib/python3.12/site-packages/airflow/example_dags/example_branch_labels.py
[2025-03-27T16:21:07.798+0000] {processor.py:914} INFO - Processing file /home/ubuntu/customer_churn_youtube_venv/lib/python3.12/site-packages/airflow/example_dags/example_branch_labels.py for tasks to queue
[2025-03-27T16:21:07.801+0000] {logging_mixin.py:190} INFO - [2025-03-27T16:21:07.800+0000] {dagbag.py:588} INFO - Filling up the DagBag from /home/ubuntu/customer_churn_youtube_venv/lib/python3.12/site-packages/airflow/example_dags/example_branch_labels.py
[2025-03-27T16:21:07.810+0000] {processor.py:925} INFO - DAG(s) 'example_branch_labels' retrieved from /home/ubuntu/customer_churn_youtube_venv/lib/python3.12/site-packages/airflow/example_dags/example_branch_labels.py
[2025-03-27T16:21:07.826+0000] {logging_mixin.py:190} INFO - [2025-03-27T16:21:07.826+0000] {dag.py:3239} INFO - Sync 1 DAGs
[2025-03-27T16:21:07.845+0000] {logging_mixin.py:190} INFO - [2025-03-27T16:21:07.845+0000] {dag.py:4180} INFO - Setting next_dagrun for example_branch_labels to 2025-03-26 00:00:00+00:00, run_after=2025-03-27 00:00:00+00:00
[2025-03-27T16:21:07.872+0000] {processor.py:208} INFO - Processing /home/ubuntu/customer_churn_youtube_venv/lib/python3.12/site-packages/airflow/example_dags/example_branch_labels.py took 0.081 seconds
[2025-03-27T16:22:03.563+0000] {processor.py:186} INFO - Started process (PID=4511) to work on /home/ubuntu/customer_churn_youtube_venv/lib/python3.12/site-packages/airflow/example_dags/example_branch_labels.py
[2025-03-27T16:22:03.565+0000] {processor.py:914} INFO - Processing file /home/ubuntu/customer_churn_youtube_venv/lib/python3.12/site-packages/airflow/example_dags/example_branch_labels.py for tasks to queue
[2025-03-27T16:22:03.567+0000] {logging_mixin.py:190} INFO - [2025-03-27T16:22:03.567+0000] {dagbag.py:588} INFO - Filling up the DagBag from /home/ubuntu/customer_churn_youtube_venv/lib/python3.12/site-packages/airflow/example_dags/example_branch_labels.py
[2025-03-27T16:22:03.578+0000] {processor.py:925} INFO - DAG(s) 'example_branch_labels' retrieved from /home/ubuntu/customer_churn_youtube_venv/lib/python3.12/site-packages/airflow/example_dags/example_branch_labels.py
[2025-03-27T16:22:03.593+0000] {logging_mixin.py:190} INFO - [2025-03-27T16:22:03.593+0000] {dag.py:3239} INFO - Sync 1 DAGs
[2025-03-27T16:22:03.613+0000] {logging_mixin.py:190} INFO - [2025-03-27T16:22:03.613+0000] {dag.py:4180} INFO - Setting next_dagrun for example_branch_labels to 2025-03-26 00:00:00+00:00, run_after=2025-03-27 00:00:00+00:00
[2025-03-27T16:22:03.635+0000] {processor.py:208} INFO - Processing /home/ubuntu/customer_churn_youtube_venv/lib/python3.12/site-packages/airflow/example_dags/example_branch_labels.py took 0.077 seconds
[2025-03-27T16:23:23.325+0000] {processor.py:186} INFO - Started process (PID=4594) to work on /home/ubuntu/customer_churn_youtube_venv/lib/python3.12/site-packages/airflow/example_dags/example_branch_labels.py
[2025-03-27T16:23:23.328+0000] {processor.py:914} INFO - Processing file /home/ubuntu/customer_churn_youtube_venv/lib/python3.12/site-packages/airflow/example_dags/example_branch_labels.py for tasks to queue
[2025-03-27T16:23:23.329+0000] {logging_mixin.py:190} INFO - [2025-03-27T16:23:23.329+0000] {dagbag.py:588} INFO - Filling up the DagBag from /home/ubuntu/customer_churn_youtube_venv/lib/python3.12/site-packages/airflow/example_dags/example_branch_labels.py
[2025-03-27T16:23:23.338+0000] {processor.py:925} INFO - DAG(s) 'example_branch_labels' retrieved from /home/ubuntu/customer_churn_youtube_venv/lib/python3.12/site-packages/airflow/example_dags/example_branch_labels.py
[2025-03-27T16:23:23.355+0000] {logging_mixin.py:190} INFO - [2025-03-27T16:23:23.354+0000] {dag.py:3239} INFO - Sync 1 DAGs
[2025-03-27T16:23:23.374+0000] {logging_mixin.py:190} INFO - [2025-03-27T16:23:23.374+0000] {dag.py:4180} INFO - Setting next_dagrun for example_branch_labels to 2025-03-26 00:00:00+00:00, run_after=2025-03-27 00:00:00+00:00
[2025-03-27T16:23:23.397+0000] {processor.py:208} INFO - Processing /home/ubuntu/customer_churn_youtube_venv/lib/python3.12/site-packages/airflow/example_dags/example_branch_labels.py took 0.078 seconds
[2025-03-27T16:24:35.207+0000] {processor.py:186} INFO - Started process (PID=4673) to work on /home/ubuntu/customer_churn_youtube_venv/lib/python3.12/site-packages/airflow/example_dags/example_branch_labels.py
[2025-03-27T16:24:35.208+0000] {processor.py:914} INFO - Processing file /home/ubuntu/customer_churn_youtube_venv/lib/python3.12/site-packages/airflow/example_dags/example_branch_labels.py for tasks to queue
[2025-03-27T16:24:35.226+0000] {logging_mixin.py:190} INFO - [2025-03-27T16:24:35.210+0000] {dagbag.py:588} INFO - Filling up the DagBag from /home/ubuntu/customer_churn_youtube_venv/lib/python3.12/site-packages/airflow/example_dags/example_branch_labels.py
[2025-03-27T16:24:35.237+0000] {processor.py:925} INFO - DAG(s) 'example_branch_labels' retrieved from /home/ubuntu/customer_churn_youtube_venv/lib/python3.12/site-packages/airflow/example_dags/example_branch_labels.py
[2025-03-27T16:24:35.254+0000] {logging_mixin.py:190} INFO - [2025-03-27T16:24:35.253+0000] {dag.py:3239} INFO - Sync 1 DAGs
[2025-03-27T16:24:35.273+0000] {logging_mixin.py:190} INFO - [2025-03-27T16:24:35.273+0000] {dag.py:4180} INFO - Setting next_dagrun for example_branch_labels to 2025-03-26 00:00:00+00:00, run_after=2025-03-27 00:00:00+00:00
[2025-03-27T16:24:35.297+0000] {processor.py:208} INFO - Processing /home/ubuntu/customer_churn_youtube_venv/lib/python3.12/site-packages/airflow/example_dags/example_branch_labels.py took 0.096 seconds
[2025-03-27T16:25:50.381+0000] {processor.py:186} INFO - Started process (PID=4761) to work on /home/ubuntu/customer_churn_youtube_venv/lib/python3.12/site-packages/airflow/example_dags/example_branch_labels.py
[2025-03-27T16:25:50.383+0000] {processor.py:914} INFO - Processing file /home/ubuntu/customer_churn_youtube_venv/lib/python3.12/site-packages/airflow/example_dags/example_branch_labels.py for tasks to queue
[2025-03-27T16:25:50.386+0000] {logging_mixin.py:190} INFO - [2025-03-27T16:25:50.386+0000] {dagbag.py:588} INFO - Filling up the DagBag from /home/ubuntu/customer_churn_youtube_venv/lib/python3.12/site-packages/airflow/example_dags/example_branch_labels.py
[2025-03-27T16:25:50.396+0000] {processor.py:925} INFO - DAG(s) 'example_branch_labels' retrieved from /home/ubuntu/customer_churn_youtube_venv/lib/python3.12/site-packages/airflow/example_dags/example_branch_labels.py
[2025-03-27T16:25:50.414+0000] {logging_mixin.py:190} INFO - [2025-03-27T16:25:50.414+0000] {dag.py:3239} INFO - Sync 1 DAGs
[2025-03-27T16:25:50.434+0000] {logging_mixin.py:190} INFO - [2025-03-27T16:25:50.434+0000] {dag.py:4180} INFO - Setting next_dagrun for example_branch_labels to 2025-03-26 00:00:00+00:00, run_after=2025-03-27 00:00:00+00:00
[2025-03-27T16:25:50.457+0000] {processor.py:208} INFO - Processing /home/ubuntu/customer_churn_youtube_venv/lib/python3.12/site-packages/airflow/example_dags/example_branch_labels.py took 0.081 seconds
[2025-03-27T16:27:11.263+0000] {processor.py:186} INFO - Started process (PID=4850) to work on /home/ubuntu/customer_churn_youtube_venv/lib/python3.12/site-packages/airflow/example_dags/example_branch_labels.py
[2025-03-27T16:27:11.265+0000] {processor.py:914} INFO - Processing file /home/ubuntu/customer_churn_youtube_venv/lib/python3.12/site-packages/airflow/example_dags/example_branch_labels.py for tasks to queue
[2025-03-27T16:27:11.268+0000] {logging_mixin.py:190} INFO - [2025-03-27T16:27:11.267+0000] {dagbag.py:588} INFO - Filling up the DagBag from /home/ubuntu/customer_churn_youtube_venv/lib/python3.12/site-packages/airflow/example_dags/example_branch_labels.py
[2025-03-27T16:27:11.278+0000] {processor.py:925} INFO - DAG(s) 'example_branch_labels' retrieved from /home/ubuntu/customer_churn_youtube_venv/lib/python3.12/site-packages/airflow/example_dags/example_branch_labels.py
[2025-03-27T16:27:11.294+0000] {logging_mixin.py:190} INFO - [2025-03-27T16:27:11.294+0000] {dag.py:3239} INFO - Sync 1 DAGs
[2025-03-27T16:27:11.314+0000] {logging_mixin.py:190} INFO - [2025-03-27T16:27:11.314+0000] {dag.py:4180} INFO - Setting next_dagrun for example_branch_labels to 2025-03-26 00:00:00+00:00, run_after=2025-03-27 00:00:00+00:00
[2025-03-27T16:27:11.338+0000] {processor.py:208} INFO - Processing /home/ubuntu/customer_churn_youtube_venv/lib/python3.12/site-packages/airflow/example_dags/example_branch_labels.py took 0.081 seconds
[2025-03-27T16:28:27.071+0000] {processor.py:186} INFO - Started process (PID=4933) to work on /home/ubuntu/customer_churn_youtube_venv/lib/python3.12/site-packages/airflow/example_dags/example_branch_labels.py
[2025-03-27T16:28:27.073+0000] {processor.py:914} INFO - Processing file /home/ubuntu/customer_churn_youtube_venv/lib/python3.12/site-packages/airflow/example_dags/example_branch_labels.py for tasks to queue
[2025-03-27T16:28:27.075+0000] {logging_mixin.py:190} INFO - [2025-03-27T16:28:27.075+0000] {dagbag.py:588} INFO - Filling up the DagBag from /home/ubuntu/customer_churn_youtube_venv/lib/python3.12/site-packages/airflow/example_dags/example_branch_labels.py
[2025-03-27T16:28:27.086+0000] {processor.py:925} INFO - DAG(s) 'example_branch_labels' retrieved from /home/ubuntu/customer_churn_youtube_venv/lib/python3.12/site-packages/airflow/example_dags/example_branch_labels.py
[2025-03-27T16:28:27.101+0000] {logging_mixin.py:190} INFO - [2025-03-27T16:28:27.101+0000] {dag.py:3239} INFO - Sync 1 DAGs
[2025-03-27T16:28:27.121+0000] {logging_mixin.py:190} INFO - [2025-03-27T16:28:27.120+0000] {dag.py:4180} INFO - Setting next_dagrun for example_branch_labels to 2025-03-26 00:00:00+00:00, run_after=2025-03-27 00:00:00+00:00
[2025-03-27T16:28:27.143+0000] {processor.py:208} INFO - Processing /home/ubuntu/customer_churn_youtube_venv/lib/python3.12/site-packages/airflow/example_dags/example_branch_labels.py took 0.077 seconds
[2025-03-27T16:29:42.695+0000] {processor.py:186} INFO - Started process (PID=5015) to work on /home/ubuntu/customer_churn_youtube_venv/lib/python3.12/site-packages/airflow/example_dags/example_branch_labels.py
[2025-03-27T16:29:42.698+0000] {processor.py:914} INFO - Processing file /home/ubuntu/customer_churn_youtube_venv/lib/python3.12/site-packages/airflow/example_dags/example_branch_labels.py for tasks to queue
[2025-03-27T16:29:42.700+0000] {logging_mixin.py:190} INFO - [2025-03-27T16:29:42.699+0000] {dagbag.py:588} INFO - Filling up the DagBag from /home/ubuntu/customer_churn_youtube_venv/lib/python3.12/site-packages/airflow/example_dags/example_branch_labels.py
[2025-03-27T16:29:42.709+0000] {processor.py:925} INFO - DAG(s) 'example_branch_labels' retrieved from /home/ubuntu/customer_churn_youtube_venv/lib/python3.12/site-packages/airflow/example_dags/example_branch_labels.py
[2025-03-27T16:29:42.726+0000] {logging_mixin.py:190} INFO - [2025-03-27T16:29:42.726+0000] {dag.py:3239} INFO - Sync 1 DAGs
[2025-03-27T16:29:42.745+0000] {logging_mixin.py:190} INFO - [2025-03-27T16:29:42.745+0000] {dag.py:4180} INFO - Setting next_dagrun for example_branch_labels to 2025-03-26 00:00:00+00:00, run_after=2025-03-27 00:00:00+00:00
[2025-03-27T16:29:42.769+0000] {processor.py:208} INFO - Processing /home/ubuntu/customer_churn_youtube_venv/lib/python3.12/site-packages/airflow/example_dags/example_branch_labels.py took 0.078 seconds
[2025-03-27T16:31:01.912+0000] {processor.py:186} INFO - Started process (PID=5103) to work on /home/ubuntu/customer_churn_youtube_venv/lib/python3.12/site-packages/airflow/example_dags/example_branch_labels.py
[2025-03-27T16:31:01.914+0000] {processor.py:914} INFO - Processing file /home/ubuntu/customer_churn_youtube_venv/lib/python3.12/site-packages/airflow/example_dags/example_branch_labels.py for tasks to queue
[2025-03-27T16:31:01.916+0000] {logging_mixin.py:190} INFO - [2025-03-27T16:31:01.916+0000] {dagbag.py:588} INFO - Filling up the DagBag from /home/ubuntu/customer_churn_youtube_venv/lib/python3.12/site-packages/airflow/example_dags/example_branch_labels.py
[2025-03-27T16:31:01.927+0000] {processor.py:925} INFO - DAG(s) 'example_branch_labels' retrieved from /home/ubuntu/customer_churn_youtube_venv/lib/python3.12/site-packages/airflow/example_dags/example_branch_labels.py
[2025-03-27T16:31:01.946+0000] {logging_mixin.py:190} INFO - [2025-03-27T16:31:01.946+0000] {dag.py:3239} INFO - Sync 1 DAGs
[2025-03-27T16:31:01.968+0000] {logging_mixin.py:190} INFO - [2025-03-27T16:31:01.967+0000] {dag.py:4180} INFO - Setting next_dagrun for example_branch_labels to 2025-03-26 00:00:00+00:00, run_after=2025-03-27 00:00:00+00:00
[2025-03-27T16:31:01.990+0000] {processor.py:208} INFO - Processing /home/ubuntu/customer_churn_youtube_venv/lib/python3.12/site-packages/airflow/example_dags/example_branch_labels.py took 0.084 seconds
[2025-03-27T16:32:23.068+0000] {processor.py:186} INFO - Started process (PID=5189) to work on /home/ubuntu/customer_churn_youtube_venv/lib/python3.12/site-packages/airflow/example_dags/example_branch_labels.py
[2025-03-27T16:32:23.070+0000] {processor.py:914} INFO - Processing file /home/ubuntu/customer_churn_youtube_venv/lib/python3.12/site-packages/airflow/example_dags/example_branch_labels.py for tasks to queue
[2025-03-27T16:32:23.073+0000] {logging_mixin.py:190} INFO - [2025-03-27T16:32:23.072+0000] {dagbag.py:588} INFO - Filling up the DagBag from /home/ubuntu/customer_churn_youtube_venv/lib/python3.12/site-packages/airflow/example_dags/example_branch_labels.py
[2025-03-27T16:32:23.082+0000] {processor.py:925} INFO - DAG(s) 'example_branch_labels' retrieved from /home/ubuntu/customer_churn_youtube_venv/lib/python3.12/site-packages/airflow/example_dags/example_branch_labels.py
[2025-03-27T16:32:23.100+0000] {logging_mixin.py:190} INFO - [2025-03-27T16:32:23.099+0000] {dag.py:3239} INFO - Sync 1 DAGs
[2025-03-27T16:32:23.120+0000] {logging_mixin.py:190} INFO - [2025-03-27T16:32:23.120+0000] {dag.py:4180} INFO - Setting next_dagrun for example_branch_labels to 2025-03-26 00:00:00+00:00, run_after=2025-03-27 00:00:00+00:00
[2025-03-27T16:32:23.143+0000] {processor.py:208} INFO - Processing /home/ubuntu/customer_churn_youtube_venv/lib/python3.12/site-packages/airflow/example_dags/example_branch_labels.py took 0.081 seconds
[2025-03-27T16:33:42.017+0000] {processor.py:186} INFO - Started process (PID=5270) to work on /home/ubuntu/customer_churn_youtube_venv/lib/python3.12/site-packages/airflow/example_dags/example_branch_labels.py
[2025-03-27T16:33:42.019+0000] {processor.py:914} INFO - Processing file /home/ubuntu/customer_churn_youtube_venv/lib/python3.12/site-packages/airflow/example_dags/example_branch_labels.py for tasks to queue
[2025-03-27T16:33:42.021+0000] {logging_mixin.py:190} INFO - [2025-03-27T16:33:42.020+0000] {dagbag.py:588} INFO - Filling up the DagBag from /home/ubuntu/customer_churn_youtube_venv/lib/python3.12/site-packages/airflow/example_dags/example_branch_labels.py
[2025-03-27T16:33:42.032+0000] {processor.py:925} INFO - DAG(s) 'example_branch_labels' retrieved from /home/ubuntu/customer_churn_youtube_venv/lib/python3.12/site-packages/airflow/example_dags/example_branch_labels.py
[2025-03-27T16:33:42.049+0000] {logging_mixin.py:190} INFO - [2025-03-27T16:33:42.049+0000] {dag.py:3239} INFO - Sync 1 DAGs
[2025-03-27T16:33:42.069+0000] {logging_mixin.py:190} INFO - [2025-03-27T16:33:42.069+0000] {dag.py:4180} INFO - Setting next_dagrun for example_branch_labels to 2025-03-26 00:00:00+00:00, run_after=2025-03-27 00:00:00+00:00
[2025-03-27T16:33:42.093+0000] {processor.py:208} INFO - Processing /home/ubuntu/customer_churn_youtube_venv/lib/python3.12/site-packages/airflow/example_dags/example_branch_labels.py took 0.083 seconds
[2025-03-27T16:34:58.193+0000] {processor.py:186} INFO - Started process (PID=5351) to work on /home/ubuntu/customer_churn_youtube_venv/lib/python3.12/site-packages/airflow/example_dags/example_branch_labels.py
[2025-03-27T16:34:58.194+0000] {processor.py:914} INFO - Processing file /home/ubuntu/customer_churn_youtube_venv/lib/python3.12/site-packages/airflow/example_dags/example_branch_labels.py for tasks to queue
[2025-03-27T16:34:58.196+0000] {logging_mixin.py:190} INFO - [2025-03-27T16:34:58.196+0000] {dagbag.py:588} INFO - Filling up the DagBag from /home/ubuntu/customer_churn_youtube_venv/lib/python3.12/site-packages/airflow/example_dags/example_branch_labels.py
[2025-03-27T16:34:58.207+0000] {processor.py:925} INFO - DAG(s) 'example_branch_labels' retrieved from /home/ubuntu/customer_churn_youtube_venv/lib/python3.12/site-packages/airflow/example_dags/example_branch_labels.py
[2025-03-27T16:34:58.222+0000] {logging_mixin.py:190} INFO - [2025-03-27T16:34:58.222+0000] {dag.py:3239} INFO - Sync 1 DAGs
[2025-03-27T16:34:58.243+0000] {logging_mixin.py:190} INFO - [2025-03-27T16:34:58.243+0000] {dag.py:4180} INFO - Setting next_dagrun for example_branch_labels to 2025-03-26 00:00:00+00:00, run_after=2025-03-27 00:00:00+00:00
[2025-03-27T16:34:58.264+0000] {processor.py:208} INFO - Processing /home/ubuntu/customer_churn_youtube_venv/lib/python3.12/site-packages/airflow/example_dags/example_branch_labels.py took 0.076 seconds
[2025-03-27T16:36:14.792+0000] {processor.py:186} INFO - Started process (PID=5433) to work on /home/ubuntu/customer_churn_youtube_venv/lib/python3.12/site-packages/airflow/example_dags/example_branch_labels.py
[2025-03-27T16:36:14.793+0000] {processor.py:914} INFO - Processing file /home/ubuntu/customer_churn_youtube_venv/lib/python3.12/site-packages/airflow/example_dags/example_branch_labels.py for tasks to queue
[2025-03-27T16:36:14.795+0000] {logging_mixin.py:190} INFO - [2025-03-27T16:36:14.795+0000] {dagbag.py:588} INFO - Filling up the DagBag from /home/ubuntu/customer_churn_youtube_venv/lib/python3.12/site-packages/airflow/example_dags/example_branch_labels.py
[2025-03-27T16:36:14.805+0000] {processor.py:925} INFO - DAG(s) 'example_branch_labels' retrieved from /home/ubuntu/customer_churn_youtube_venv/lib/python3.12/site-packages/airflow/example_dags/example_branch_labels.py
[2025-03-27T16:36:14.821+0000] {logging_mixin.py:190} INFO - [2025-03-27T16:36:14.820+0000] {dag.py:3239} INFO - Sync 1 DAGs
[2025-03-27T16:36:14.841+0000] {logging_mixin.py:190} INFO - [2025-03-27T16:36:14.841+0000] {dag.py:4180} INFO - Setting next_dagrun for example_branch_labels to 2025-03-26 00:00:00+00:00, run_after=2025-03-27 00:00:00+00:00
[2025-03-27T16:36:14.864+0000] {processor.py:208} INFO - Processing /home/ubuntu/customer_churn_youtube_venv/lib/python3.12/site-packages/airflow/example_dags/example_branch_labels.py took 0.078 seconds
[2025-03-27T16:37:33.801+0000] {processor.py:186} INFO - Started process (PID=5519) to work on /home/ubuntu/customer_churn_youtube_venv/lib/python3.12/site-packages/airflow/example_dags/example_branch_labels.py
[2025-03-27T16:37:33.802+0000] {processor.py:914} INFO - Processing file /home/ubuntu/customer_churn_youtube_venv/lib/python3.12/site-packages/airflow/example_dags/example_branch_labels.py for tasks to queue
[2025-03-27T16:37:33.805+0000] {logging_mixin.py:190} INFO - [2025-03-27T16:37:33.805+0000] {dagbag.py:588} INFO - Filling up the DagBag from /home/ubuntu/customer_churn_youtube_venv/lib/python3.12/site-packages/airflow/example_dags/example_branch_labels.py
[2025-03-27T16:37:33.815+0000] {processor.py:925} INFO - DAG(s) 'example_branch_labels' retrieved from /home/ubuntu/customer_churn_youtube_venv/lib/python3.12/site-packages/airflow/example_dags/example_branch_labels.py
[2025-03-27T16:37:33.831+0000] {logging_mixin.py:190} INFO - [2025-03-27T16:37:33.831+0000] {dag.py:3239} INFO - Sync 1 DAGs
[2025-03-27T16:37:33.853+0000] {logging_mixin.py:190} INFO - [2025-03-27T16:37:33.853+0000] {dag.py:4180} INFO - Setting next_dagrun for example_branch_labels to 2025-03-26 00:00:00+00:00, run_after=2025-03-27 00:00:00+00:00
[2025-03-27T16:37:33.875+0000] {processor.py:208} INFO - Processing /home/ubuntu/customer_churn_youtube_venv/lib/python3.12/site-packages/airflow/example_dags/example_branch_labels.py took 0.080 seconds
[2025-03-27T16:38:51.428+0000] {processor.py:186} INFO - Started process (PID=5601) to work on /home/ubuntu/customer_churn_youtube_venv/lib/python3.12/site-packages/airflow/example_dags/example_branch_labels.py
[2025-03-27T16:38:51.431+0000] {processor.py:914} INFO - Processing file /home/ubuntu/customer_churn_youtube_venv/lib/python3.12/site-packages/airflow/example_dags/example_branch_labels.py for tasks to queue
[2025-03-27T16:38:51.432+0000] {logging_mixin.py:190} INFO - [2025-03-27T16:38:51.432+0000] {dagbag.py:588} INFO - Filling up the DagBag from /home/ubuntu/customer_churn_youtube_venv/lib/python3.12/site-packages/airflow/example_dags/example_branch_labels.py
[2025-03-27T16:38:51.443+0000] {processor.py:925} INFO - DAG(s) 'example_branch_labels' retrieved from /home/ubuntu/customer_churn_youtube_venv/lib/python3.12/site-packages/airflow/example_dags/example_branch_labels.py
[2025-03-27T16:38:51.460+0000] {logging_mixin.py:190} INFO - [2025-03-27T16:38:51.459+0000] {dag.py:3239} INFO - Sync 1 DAGs
[2025-03-27T16:38:51.480+0000] {logging_mixin.py:190} INFO - [2025-03-27T16:38:51.479+0000] {dag.py:4180} INFO - Setting next_dagrun for example_branch_labels to 2025-03-26 00:00:00+00:00, run_after=2025-03-27 00:00:00+00:00
[2025-03-27T16:38:51.503+0000] {processor.py:208} INFO - Processing /home/ubuntu/customer_churn_youtube_venv/lib/python3.12/site-packages/airflow/example_dags/example_branch_labels.py took 0.080 seconds
[2025-03-27T16:40:07.043+0000] {processor.py:186} INFO - Started process (PID=5683) to work on /home/ubuntu/customer_churn_youtube_venv/lib/python3.12/site-packages/airflow/example_dags/example_branch_labels.py
[2025-03-27T16:40:07.045+0000] {processor.py:914} INFO - Processing file /home/ubuntu/customer_churn_youtube_venv/lib/python3.12/site-packages/airflow/example_dags/example_branch_labels.py for tasks to queue
[2025-03-27T16:40:07.047+0000] {logging_mixin.py:190} INFO - [2025-03-27T16:40:07.046+0000] {dagbag.py:588} INFO - Filling up the DagBag from /home/ubuntu/customer_churn_youtube_venv/lib/python3.12/site-packages/airflow/example_dags/example_branch_labels.py
[2025-03-27T16:40:07.057+0000] {processor.py:925} INFO - DAG(s) 'example_branch_labels' retrieved from /home/ubuntu/customer_churn_youtube_venv/lib/python3.12/site-packages/airflow/example_dags/example_branch_labels.py
[2025-03-27T16:40:07.074+0000] {logging_mixin.py:190} INFO - [2025-03-27T16:40:07.074+0000] {dag.py:3239} INFO - Sync 1 DAGs
[2025-03-27T16:40:07.094+0000] {logging_mixin.py:190} INFO - [2025-03-27T16:40:07.094+0000] {dag.py:4180} INFO - Setting next_dagrun for example_branch_labels to 2025-03-26 00:00:00+00:00, run_after=2025-03-27 00:00:00+00:00
[2025-03-27T16:40:07.115+0000] {processor.py:208} INFO - Processing /home/ubuntu/customer_churn_youtube_venv/lib/python3.12/site-packages/airflow/example_dags/example_branch_labels.py took 0.078 seconds
[2025-03-27T16:41:29.296+0000] {processor.py:186} INFO - Started process (PID=5771) to work on /home/ubuntu/customer_churn_youtube_venv/lib/python3.12/site-packages/airflow/example_dags/example_branch_labels.py
[2025-03-27T16:41:29.298+0000] {processor.py:914} INFO - Processing file /home/ubuntu/customer_churn_youtube_venv/lib/python3.12/site-packages/airflow/example_dags/example_branch_labels.py for tasks to queue
[2025-03-27T16:41:29.300+0000] {logging_mixin.py:190} INFO - [2025-03-27T16:41:29.300+0000] {dagbag.py:588} INFO - Filling up the DagBag from /home/ubuntu/customer_churn_youtube_venv/lib/python3.12/site-packages/airflow/example_dags/example_branch_labels.py
[2025-03-27T16:41:29.311+0000] {processor.py:925} INFO - DAG(s) 'example_branch_labels' retrieved from /home/ubuntu/customer_churn_youtube_venv/lib/python3.12/site-packages/airflow/example_dags/example_branch_labels.py
[2025-03-27T16:41:29.327+0000] {logging_mixin.py:190} INFO - [2025-03-27T16:41:29.326+0000] {dag.py:3239} INFO - Sync 1 DAGs
[2025-03-27T16:41:29.345+0000] {logging_mixin.py:190} INFO - [2025-03-27T16:41:29.345+0000] {dag.py:4180} INFO - Setting next_dagrun for example_branch_labels to 2025-03-26 00:00:00+00:00, run_after=2025-03-27 00:00:00+00:00
[2025-03-27T16:41:29.367+0000] {processor.py:208} INFO - Processing /home/ubuntu/customer_churn_youtube_venv/lib/python3.12/site-packages/airflow/example_dags/example_branch_labels.py took 0.078 seconds
[2025-03-27T16:42:50.136+0000] {processor.py:186} INFO - Started process (PID=5918) to work on /home/ubuntu/customer_churn_youtube_venv/lib/python3.12/site-packages/airflow/example_dags/example_branch_labels.py
[2025-03-27T16:42:50.137+0000] {processor.py:914} INFO - Processing file /home/ubuntu/customer_churn_youtube_venv/lib/python3.12/site-packages/airflow/example_dags/example_branch_labels.py for tasks to queue
[2025-03-27T16:42:50.139+0000] {logging_mixin.py:190} INFO - [2025-03-27T16:42:50.139+0000] {dagbag.py:588} INFO - Filling up the DagBag from /home/ubuntu/customer_churn_youtube_venv/lib/python3.12/site-packages/airflow/example_dags/example_branch_labels.py
[2025-03-27T16:42:50.149+0000] {processor.py:925} INFO - DAG(s) 'example_branch_labels' retrieved from /home/ubuntu/customer_churn_youtube_venv/lib/python3.12/site-packages/airflow/example_dags/example_branch_labels.py
[2025-03-27T16:42:50.165+0000] {logging_mixin.py:190} INFO - [2025-03-27T16:42:50.165+0000] {dag.py:3239} INFO - Sync 1 DAGs
[2025-03-27T16:42:50.186+0000] {logging_mixin.py:190} INFO - [2025-03-27T16:42:50.186+0000] {dag.py:4180} INFO - Setting next_dagrun for example_branch_labels to 2025-03-26 00:00:00+00:00, run_after=2025-03-27 00:00:00+00:00
[2025-03-27T16:42:50.209+0000] {processor.py:208} INFO - Processing /home/ubuntu/customer_churn_youtube_venv/lib/python3.12/site-packages/airflow/example_dags/example_branch_labels.py took 0.079 seconds
[2025-03-27T16:44:05.769+0000] {processor.py:186} INFO - Started process (PID=6271) to work on /home/ubuntu/customer_churn_youtube_venv/lib/python3.12/site-packages/airflow/example_dags/example_branch_labels.py
[2025-03-27T16:44:05.772+0000] {processor.py:914} INFO - Processing file /home/ubuntu/customer_churn_youtube_venv/lib/python3.12/site-packages/airflow/example_dags/example_branch_labels.py for tasks to queue
[2025-03-27T16:44:05.774+0000] {logging_mixin.py:190} INFO - [2025-03-27T16:44:05.774+0000] {dagbag.py:588} INFO - Filling up the DagBag from /home/ubuntu/customer_churn_youtube_venv/lib/python3.12/site-packages/airflow/example_dags/example_branch_labels.py
[2025-03-27T16:44:05.785+0000] {processor.py:925} INFO - DAG(s) 'example_branch_labels' retrieved from /home/ubuntu/customer_churn_youtube_venv/lib/python3.12/site-packages/airflow/example_dags/example_branch_labels.py
[2025-03-27T16:44:05.801+0000] {logging_mixin.py:190} INFO - [2025-03-27T16:44:05.800+0000] {dag.py:3239} INFO - Sync 1 DAGs
[2025-03-27T16:44:05.820+0000] {logging_mixin.py:190} INFO - [2025-03-27T16:44:05.819+0000] {dag.py:4180} INFO - Setting next_dagrun for example_branch_labels to 2025-03-26 00:00:00+00:00, run_after=2025-03-27 00:00:00+00:00
[2025-03-27T16:44:05.844+0000] {processor.py:208} INFO - Processing /home/ubuntu/customer_churn_youtube_venv/lib/python3.12/site-packages/airflow/example_dags/example_branch_labels.py took 0.080 seconds
[2025-03-27T16:45:21.101+0000] {processor.py:186} INFO - Started process (PID=6638) to work on /home/ubuntu/customer_churn_youtube_venv/lib/python3.12/site-packages/airflow/example_dags/example_branch_labels.py
[2025-03-27T16:45:21.103+0000] {processor.py:914} INFO - Processing file /home/ubuntu/customer_churn_youtube_venv/lib/python3.12/site-packages/airflow/example_dags/example_branch_labels.py for tasks to queue
[2025-03-27T16:45:21.105+0000] {logging_mixin.py:190} INFO - [2025-03-27T16:45:21.105+0000] {dagbag.py:588} INFO - Filling up the DagBag from /home/ubuntu/customer_churn_youtube_venv/lib/python3.12/site-packages/airflow/example_dags/example_branch_labels.py
[2025-03-27T16:45:21.114+0000] {processor.py:925} INFO - DAG(s) 'example_branch_labels' retrieved from /home/ubuntu/customer_churn_youtube_venv/lib/python3.12/site-packages/airflow/example_dags/example_branch_labels.py
[2025-03-27T16:45:21.132+0000] {logging_mixin.py:190} INFO - [2025-03-27T16:45:21.130+0000] {dag.py:3239} INFO - Sync 1 DAGs
[2025-03-27T16:45:21.153+0000] {logging_mixin.py:190} INFO - [2025-03-27T16:45:21.152+0000] {dag.py:4180} INFO - Setting next_dagrun for example_branch_labels to 2025-03-26 00:00:00+00:00, run_after=2025-03-27 00:00:00+00:00
[2025-03-27T16:45:21.173+0000] {processor.py:208} INFO - Processing /home/ubuntu/customer_churn_youtube_venv/lib/python3.12/site-packages/airflow/example_dags/example_branch_labels.py took 0.078 seconds
[2025-03-27T16:46:38.008+0000] {processor.py:186} INFO - Started process (PID=6872) to work on /home/ubuntu/customer_churn_youtube_venv/lib/python3.12/site-packages/airflow/example_dags/example_branch_labels.py
[2025-03-27T16:46:38.010+0000] {processor.py:914} INFO - Processing file /home/ubuntu/customer_churn_youtube_venv/lib/python3.12/site-packages/airflow/example_dags/example_branch_labels.py for tasks to queue
[2025-03-27T16:46:38.013+0000] {logging_mixin.py:190} INFO - [2025-03-27T16:46:38.012+0000] {dagbag.py:588} INFO - Filling up the DagBag from /home/ubuntu/customer_churn_youtube_venv/lib/python3.12/site-packages/airflow/example_dags/example_branch_labels.py
[2025-03-27T16:46:38.023+0000] {processor.py:925} INFO - DAG(s) 'example_branch_labels' retrieved from /home/ubuntu/customer_churn_youtube_venv/lib/python3.12/site-packages/airflow/example_dags/example_branch_labels.py
[2025-03-27T16:46:38.040+0000] {logging_mixin.py:190} INFO - [2025-03-27T16:46:38.039+0000] {dag.py:3239} INFO - Sync 1 DAGs
[2025-03-27T16:46:38.060+0000] {logging_mixin.py:190} INFO - [2025-03-27T16:46:38.059+0000] {dag.py:4180} INFO - Setting next_dagrun for example_branch_labels to 2025-03-26 00:00:00+00:00, run_after=2025-03-27 00:00:00+00:00
[2025-03-27T16:46:38.081+0000] {processor.py:208} INFO - Processing /home/ubuntu/customer_churn_youtube_venv/lib/python3.12/site-packages/airflow/example_dags/example_branch_labels.py took 0.078 seconds
[2025-03-27T16:47:56.586+0000] {processor.py:186} INFO - Started process (PID=7543) to work on /home/ubuntu/customer_churn_youtube_venv/lib/python3.12/site-packages/airflow/example_dags/example_branch_labels.py
[2025-03-27T16:47:56.589+0000] {processor.py:914} INFO - Processing file /home/ubuntu/customer_churn_youtube_venv/lib/python3.12/site-packages/airflow/example_dags/example_branch_labels.py for tasks to queue
[2025-03-27T16:47:56.590+0000] {logging_mixin.py:190} INFO - [2025-03-27T16:47:56.590+0000] {dagbag.py:588} INFO - Filling up the DagBag from /home/ubuntu/customer_churn_youtube_venv/lib/python3.12/site-packages/airflow/example_dags/example_branch_labels.py
[2025-03-27T16:47:56.601+0000] {processor.py:925} INFO - DAG(s) 'example_branch_labels' retrieved from /home/ubuntu/customer_churn_youtube_venv/lib/python3.12/site-packages/airflow/example_dags/example_branch_labels.py
[2025-03-27T16:47:56.616+0000] {logging_mixin.py:190} INFO - [2025-03-27T16:47:56.616+0000] {dag.py:3239} INFO - Sync 1 DAGs
[2025-03-27T16:47:56.635+0000] {logging_mixin.py:190} INFO - [2025-03-27T16:47:56.635+0000] {dag.py:4180} INFO - Setting next_dagrun for example_branch_labels to 2025-03-26 00:00:00+00:00, run_after=2025-03-27 00:00:00+00:00
[2025-03-27T16:47:56.659+0000] {processor.py:208} INFO - Processing /home/ubuntu/customer_churn_youtube_venv/lib/python3.12/site-packages/airflow/example_dags/example_branch_labels.py took 0.077 seconds
[2025-03-27T16:49:14.590+0000] {processor.py:186} INFO - Started process (PID=7627) to work on /home/ubuntu/customer_churn_youtube_venv/lib/python3.12/site-packages/airflow/example_dags/example_branch_labels.py
[2025-03-27T16:49:14.592+0000] {processor.py:914} INFO - Processing file /home/ubuntu/customer_churn_youtube_venv/lib/python3.12/site-packages/airflow/example_dags/example_branch_labels.py for tasks to queue
[2025-03-27T16:49:14.594+0000] {logging_mixin.py:190} INFO - [2025-03-27T16:49:14.594+0000] {dagbag.py:588} INFO - Filling up the DagBag from /home/ubuntu/customer_churn_youtube_venv/lib/python3.12/site-packages/airflow/example_dags/example_branch_labels.py
[2025-03-27T16:49:14.605+0000] {processor.py:925} INFO - DAG(s) 'example_branch_labels' retrieved from /home/ubuntu/customer_churn_youtube_venv/lib/python3.12/site-packages/airflow/example_dags/example_branch_labels.py
[2025-03-27T16:49:14.620+0000] {logging_mixin.py:190} INFO - [2025-03-27T16:49:14.620+0000] {dag.py:3239} INFO - Sync 1 DAGs
[2025-03-27T16:49:14.640+0000] {logging_mixin.py:190} INFO - [2025-03-27T16:49:14.640+0000] {dag.py:4180} INFO - Setting next_dagrun for example_branch_labels to 2025-03-26 00:00:00+00:00, run_after=2025-03-27 00:00:00+00:00
[2025-03-27T16:49:14.662+0000] {processor.py:208} INFO - Processing /home/ubuntu/customer_churn_youtube_venv/lib/python3.12/site-packages/airflow/example_dags/example_branch_labels.py took 0.077 seconds
[2025-03-27T16:50:33.231+0000] {processor.py:186} INFO - Started process (PID=7711) to work on /home/ubuntu/customer_churn_youtube_venv/lib/python3.12/site-packages/airflow/example_dags/example_branch_labels.py
[2025-03-27T16:50:33.234+0000] {processor.py:914} INFO - Processing file /home/ubuntu/customer_churn_youtube_venv/lib/python3.12/site-packages/airflow/example_dags/example_branch_labels.py for tasks to queue
[2025-03-27T16:50:33.235+0000] {logging_mixin.py:190} INFO - [2025-03-27T16:50:33.235+0000] {dagbag.py:588} INFO - Filling up the DagBag from /home/ubuntu/customer_churn_youtube_venv/lib/python3.12/site-packages/airflow/example_dags/example_branch_labels.py
[2025-03-27T16:50:33.246+0000] {processor.py:925} INFO - DAG(s) 'example_branch_labels' retrieved from /home/ubuntu/customer_churn_youtube_venv/lib/python3.12/site-packages/airflow/example_dags/example_branch_labels.py
[2025-03-27T16:50:33.262+0000] {logging_mixin.py:190} INFO - [2025-03-27T16:50:33.262+0000] {dag.py:3239} INFO - Sync 1 DAGs
[2025-03-27T16:50:33.282+0000] {logging_mixin.py:190} INFO - [2025-03-27T16:50:33.282+0000] {dag.py:4180} INFO - Setting next_dagrun for example_branch_labels to 2025-03-26 00:00:00+00:00, run_after=2025-03-27 00:00:00+00:00
[2025-03-27T16:50:33.305+0000] {processor.py:208} INFO - Processing /home/ubuntu/customer_churn_youtube_venv/lib/python3.12/site-packages/airflow/example_dags/example_branch_labels.py took 0.079 seconds
[2025-03-27T16:51:52.201+0000] {processor.py:186} INFO - Started process (PID=7792) to work on /home/ubuntu/customer_churn_youtube_venv/lib/python3.12/site-packages/airflow/example_dags/example_branch_labels.py
[2025-03-27T16:51:52.202+0000] {processor.py:914} INFO - Processing file /home/ubuntu/customer_churn_youtube_venv/lib/python3.12/site-packages/airflow/example_dags/example_branch_labels.py for tasks to queue
[2025-03-27T16:51:52.204+0000] {logging_mixin.py:190} INFO - [2025-03-27T16:51:52.204+0000] {dagbag.py:588} INFO - Filling up the DagBag from /home/ubuntu/customer_churn_youtube_venv/lib/python3.12/site-packages/airflow/example_dags/example_branch_labels.py
[2025-03-27T16:51:52.215+0000] {processor.py:925} INFO - DAG(s) 'example_branch_labels' retrieved from /home/ubuntu/customer_churn_youtube_venv/lib/python3.12/site-packages/airflow/example_dags/example_branch_labels.py
[2025-03-27T16:51:52.231+0000] {logging_mixin.py:190} INFO - [2025-03-27T16:51:52.230+0000] {dag.py:3239} INFO - Sync 1 DAGs
[2025-03-27T16:51:52.251+0000] {logging_mixin.py:190} INFO - [2025-03-27T16:51:52.250+0000] {dag.py:4180} INFO - Setting next_dagrun for example_branch_labels to 2025-03-26 00:00:00+00:00, run_after=2025-03-27 00:00:00+00:00
[2025-03-27T16:51:52.272+0000] {processor.py:208} INFO - Processing /home/ubuntu/customer_churn_youtube_venv/lib/python3.12/site-packages/airflow/example_dags/example_branch_labels.py took 0.077 seconds
[2025-03-27T16:53:06.597+0000] {processor.py:186} INFO - Started process (PID=7872) to work on /home/ubuntu/customer_churn_youtube_venv/lib/python3.12/site-packages/airflow/example_dags/example_branch_labels.py
[2025-03-27T16:53:06.599+0000] {processor.py:914} INFO - Processing file /home/ubuntu/customer_churn_youtube_venv/lib/python3.12/site-packages/airflow/example_dags/example_branch_labels.py for tasks to queue
[2025-03-27T16:53:06.601+0000] {logging_mixin.py:190} INFO - [2025-03-27T16:53:06.601+0000] {dagbag.py:588} INFO - Filling up the DagBag from /home/ubuntu/customer_churn_youtube_venv/lib/python3.12/site-packages/airflow/example_dags/example_branch_labels.py
[2025-03-27T16:53:06.612+0000] {processor.py:925} INFO - DAG(s) 'example_branch_labels' retrieved from /home/ubuntu/customer_churn_youtube_venv/lib/python3.12/site-packages/airflow/example_dags/example_branch_labels.py
[2025-03-27T16:53:06.627+0000] {logging_mixin.py:190} INFO - [2025-03-27T16:53:06.627+0000] {dag.py:3239} INFO - Sync 1 DAGs
[2025-03-27T16:53:06.647+0000] {logging_mixin.py:190} INFO - [2025-03-27T16:53:06.646+0000] {dag.py:4180} INFO - Setting next_dagrun for example_branch_labels to 2025-03-26 00:00:00+00:00, run_after=2025-03-27 00:00:00+00:00
[2025-03-27T16:53:06.669+0000] {processor.py:208} INFO - Processing /home/ubuntu/customer_churn_youtube_venv/lib/python3.12/site-packages/airflow/example_dags/example_branch_labels.py took 0.077 seconds
[2025-03-27T16:54:21.998+0000] {processor.py:186} INFO - Started process (PID=7951) to work on /home/ubuntu/customer_churn_youtube_venv/lib/python3.12/site-packages/airflow/example_dags/example_branch_labels.py
[2025-03-27T16:54:21.999+0000] {processor.py:914} INFO - Processing file /home/ubuntu/customer_churn_youtube_venv/lib/python3.12/site-packages/airflow/example_dags/example_branch_labels.py for tasks to queue
[2025-03-27T16:54:22.001+0000] {logging_mixin.py:190} INFO - [2025-03-27T16:54:22.001+0000] {dagbag.py:588} INFO - Filling up the DagBag from /home/ubuntu/customer_churn_youtube_venv/lib/python3.12/site-packages/airflow/example_dags/example_branch_labels.py
[2025-03-27T16:54:22.012+0000] {processor.py:925} INFO - DAG(s) 'example_branch_labels' retrieved from /home/ubuntu/customer_churn_youtube_venv/lib/python3.12/site-packages/airflow/example_dags/example_branch_labels.py
[2025-03-27T16:54:22.028+0000] {logging_mixin.py:190} INFO - [2025-03-27T16:54:22.027+0000] {dag.py:3239} INFO - Sync 1 DAGs
[2025-03-27T16:54:22.048+0000] {logging_mixin.py:190} INFO - [2025-03-27T16:54:22.048+0000] {dag.py:4180} INFO - Setting next_dagrun for example_branch_labels to 2025-03-26 00:00:00+00:00, run_after=2025-03-27 00:00:00+00:00
[2025-03-27T16:54:22.070+0000] {processor.py:208} INFO - Processing /home/ubuntu/customer_churn_youtube_venv/lib/python3.12/site-packages/airflow/example_dags/example_branch_labels.py took 0.078 seconds
[2025-03-27T16:55:39.377+0000] {processor.py:186} INFO - Started process (PID=8055) to work on /home/ubuntu/customer_churn_youtube_venv/lib/python3.12/site-packages/airflow/example_dags/example_branch_labels.py
[2025-03-27T16:55:39.379+0000] {processor.py:914} INFO - Processing file /home/ubuntu/customer_churn_youtube_venv/lib/python3.12/site-packages/airflow/example_dags/example_branch_labels.py for tasks to queue
[2025-03-27T16:55:39.382+0000] {logging_mixin.py:190} INFO - [2025-03-27T16:55:39.381+0000] {dagbag.py:588} INFO - Filling up the DagBag from /home/ubuntu/customer_churn_youtube_venv/lib/python3.12/site-packages/airflow/example_dags/example_branch_labels.py
[2025-03-27T16:55:39.392+0000] {processor.py:925} INFO - DAG(s) 'example_branch_labels' retrieved from /home/ubuntu/customer_churn_youtube_venv/lib/python3.12/site-packages/airflow/example_dags/example_branch_labels.py
[2025-03-27T16:55:39.496+0000] {logging_mixin.py:190} INFO - [2025-03-27T16:55:39.495+0000] {dag.py:3239} INFO - Sync 1 DAGs
[2025-03-27T16:55:39.514+0000] {logging_mixin.py:190} INFO - [2025-03-27T16:55:39.514+0000] {dag.py:4180} INFO - Setting next_dagrun for example_branch_labels to 2025-03-26 00:00:00+00:00, run_after=2025-03-27 00:00:00+00:00
[2025-03-27T16:55:39.535+0000] {processor.py:208} INFO - Processing /home/ubuntu/customer_churn_youtube_venv/lib/python3.12/site-packages/airflow/example_dags/example_branch_labels.py took 0.163 seconds
[2025-03-27T16:57:05.427+0000] {processor.py:186} INFO - Started process (PID=8141) to work on /home/ubuntu/customer_churn_youtube_venv/lib/python3.12/site-packages/airflow/example_dags/example_branch_labels.py
[2025-03-27T16:57:05.429+0000] {processor.py:914} INFO - Processing file /home/ubuntu/customer_churn_youtube_venv/lib/python3.12/site-packages/airflow/example_dags/example_branch_labels.py for tasks to queue
[2025-03-27T16:57:05.431+0000] {logging_mixin.py:190} INFO - [2025-03-27T16:57:05.431+0000] {dagbag.py:588} INFO - Filling up the DagBag from /home/ubuntu/customer_churn_youtube_venv/lib/python3.12/site-packages/airflow/example_dags/example_branch_labels.py
[2025-03-27T16:57:05.442+0000] {processor.py:925} INFO - DAG(s) 'example_branch_labels' retrieved from /home/ubuntu/customer_churn_youtube_venv/lib/python3.12/site-packages/airflow/example_dags/example_branch_labels.py
[2025-03-27T16:57:05.460+0000] {logging_mixin.py:190} INFO - [2025-03-27T16:57:05.459+0000] {dag.py:3239} INFO - Sync 1 DAGs
[2025-03-27T16:57:05.480+0000] {logging_mixin.py:190} INFO - [2025-03-27T16:57:05.479+0000] {dag.py:4180} INFO - Setting next_dagrun for example_branch_labels to 2025-03-26 00:00:00+00:00, run_after=2025-03-27 00:00:00+00:00
[2025-03-27T16:57:05.501+0000] {processor.py:208} INFO - Processing /home/ubuntu/customer_churn_youtube_venv/lib/python3.12/site-packages/airflow/example_dags/example_branch_labels.py took 0.079 seconds
[2025-03-27T16:58:04.747+0000] {processor.py:186} INFO - Started process (PID=8198) to work on /home/ubuntu/customer_churn_youtube_venv/lib/python3.12/site-packages/airflow/example_dags/example_branch_labels.py
[2025-03-27T16:58:04.749+0000] {processor.py:914} INFO - Processing file /home/ubuntu/customer_churn_youtube_venv/lib/python3.12/site-packages/airflow/example_dags/example_branch_labels.py for tasks to queue
[2025-03-27T16:58:04.750+0000] {logging_mixin.py:190} INFO - [2025-03-27T16:58:04.750+0000] {dagbag.py:588} INFO - Filling up the DagBag from /home/ubuntu/customer_churn_youtube_venv/lib/python3.12/site-packages/airflow/example_dags/example_branch_labels.py
[2025-03-27T16:58:04.761+0000] {processor.py:925} INFO - DAG(s) 'example_branch_labels' retrieved from /home/ubuntu/customer_churn_youtube_venv/lib/python3.12/site-packages/airflow/example_dags/example_branch_labels.py
[2025-03-27T16:58:04.778+0000] {logging_mixin.py:190} INFO - [2025-03-27T16:58:04.778+0000] {dag.py:3239} INFO - Sync 1 DAGs
[2025-03-27T16:58:04.796+0000] {logging_mixin.py:190} INFO - [2025-03-27T16:58:04.796+0000] {dag.py:4180} INFO - Setting next_dagrun for example_branch_labels to 2025-03-26 00:00:00+00:00, run_after=2025-03-27 00:00:00+00:00
[2025-03-27T16:58:04.820+0000] {processor.py:208} INFO - Processing /home/ubuntu/customer_churn_youtube_venv/lib/python3.12/site-packages/airflow/example_dags/example_branch_labels.py took 0.078 seconds
[2025-03-27T16:59:31.302+0000] {processor.py:186} INFO - Started process (PID=8307) to work on /home/ubuntu/customer_churn_youtube_venv/lib/python3.12/site-packages/airflow/example_dags/example_branch_labels.py
[2025-03-27T16:59:31.303+0000] {processor.py:914} INFO - Processing file /home/ubuntu/customer_churn_youtube_venv/lib/python3.12/site-packages/airflow/example_dags/example_branch_labels.py for tasks to queue
[2025-03-27T16:59:31.306+0000] {logging_mixin.py:190} INFO - [2025-03-27T16:59:31.305+0000] {dagbag.py:588} INFO - Filling up the DagBag from /home/ubuntu/customer_churn_youtube_venv/lib/python3.12/site-packages/airflow/example_dags/example_branch_labels.py
[2025-03-27T16:59:31.316+0000] {processor.py:925} INFO - DAG(s) 'example_branch_labels' retrieved from /home/ubuntu/customer_churn_youtube_venv/lib/python3.12/site-packages/airflow/example_dags/example_branch_labels.py
[2025-03-27T16:59:31.409+0000] {logging_mixin.py:190} INFO - [2025-03-27T16:59:31.408+0000] {dag.py:3239} INFO - Sync 1 DAGs
[2025-03-27T16:59:31.427+0000] {logging_mixin.py:190} INFO - [2025-03-27T16:59:31.427+0000] {dag.py:4180} INFO - Setting next_dagrun for example_branch_labels to 2025-03-26 00:00:00+00:00, run_after=2025-03-27 00:00:00+00:00
[2025-03-27T16:59:31.448+0000] {processor.py:208} INFO - Processing /home/ubuntu/customer_churn_youtube_venv/lib/python3.12/site-packages/airflow/example_dags/example_branch_labels.py took 0.152 seconds
[2025-03-27T17:00:29.848+0000] {processor.py:186} INFO - Started process (PID=8372) to work on /home/ubuntu/customer_churn_youtube_venv/lib/python3.12/site-packages/airflow/example_dags/example_branch_labels.py
[2025-03-27T17:00:29.850+0000] {processor.py:914} INFO - Processing file /home/ubuntu/customer_churn_youtube_venv/lib/python3.12/site-packages/airflow/example_dags/example_branch_labels.py for tasks to queue
[2025-03-27T17:00:29.852+0000] {logging_mixin.py:190} INFO - [2025-03-27T17:00:29.852+0000] {dagbag.py:588} INFO - Filling up the DagBag from /home/ubuntu/customer_churn_youtube_venv/lib/python3.12/site-packages/airflow/example_dags/example_branch_labels.py
[2025-03-27T17:00:29.863+0000] {processor.py:925} INFO - DAG(s) 'example_branch_labels' retrieved from /home/ubuntu/customer_churn_youtube_venv/lib/python3.12/site-packages/airflow/example_dags/example_branch_labels.py
[2025-03-27T17:00:29.879+0000] {logging_mixin.py:190} INFO - [2025-03-27T17:00:29.879+0000] {dag.py:3239} INFO - Sync 1 DAGs
[2025-03-27T17:00:29.900+0000] {logging_mixin.py:190} INFO - [2025-03-27T17:00:29.900+0000] {dag.py:4180} INFO - Setting next_dagrun for example_branch_labels to 2025-03-26 00:00:00+00:00, run_after=2025-03-27 00:00:00+00:00
[2025-03-27T17:00:29.923+0000] {processor.py:208} INFO - Processing /home/ubuntu/customer_churn_youtube_venv/lib/python3.12/site-packages/airflow/example_dags/example_branch_labels.py took 0.080 seconds
[2025-03-27T17:01:46.761+0000] {processor.py:186} INFO - Started process (PID=8454) to work on /home/ubuntu/customer_churn_youtube_venv/lib/python3.12/site-packages/airflow/example_dags/example_branch_labels.py
[2025-03-27T17:01:46.762+0000] {processor.py:914} INFO - Processing file /home/ubuntu/customer_churn_youtube_venv/lib/python3.12/site-packages/airflow/example_dags/example_branch_labels.py for tasks to queue
[2025-03-27T17:01:46.764+0000] {logging_mixin.py:190} INFO - [2025-03-27T17:01:46.764+0000] {dagbag.py:588} INFO - Filling up the DagBag from /home/ubuntu/customer_churn_youtube_venv/lib/python3.12/site-packages/airflow/example_dags/example_branch_labels.py
[2025-03-27T17:01:46.773+0000] {processor.py:925} INFO - DAG(s) 'example_branch_labels' retrieved from /home/ubuntu/customer_churn_youtube_venv/lib/python3.12/site-packages/airflow/example_dags/example_branch_labels.py
[2025-03-27T17:01:46.789+0000] {logging_mixin.py:190} INFO - [2025-03-27T17:01:46.789+0000] {dag.py:3239} INFO - Sync 1 DAGs
[2025-03-27T17:01:46.808+0000] {logging_mixin.py:190} INFO - [2025-03-27T17:01:46.808+0000] {dag.py:4180} INFO - Setting next_dagrun for example_branch_labels to 2025-03-26 00:00:00+00:00, run_after=2025-03-27 00:00:00+00:00
[2025-03-27T17:01:46.829+0000] {processor.py:208} INFO - Processing /home/ubuntu/customer_churn_youtube_venv/lib/python3.12/site-packages/airflow/example_dags/example_branch_labels.py took 0.074 seconds
[2025-03-27T17:03:02.544+0000] {processor.py:186} INFO - Started process (PID=8536) to work on /home/ubuntu/customer_churn_youtube_venv/lib/python3.12/site-packages/airflow/example_dags/example_branch_labels.py
[2025-03-27T17:03:02.547+0000] {processor.py:914} INFO - Processing file /home/ubuntu/customer_churn_youtube_venv/lib/python3.12/site-packages/airflow/example_dags/example_branch_labels.py for tasks to queue
[2025-03-27T17:03:02.549+0000] {logging_mixin.py:190} INFO - [2025-03-27T17:03:02.548+0000] {dagbag.py:588} INFO - Filling up the DagBag from /home/ubuntu/customer_churn_youtube_venv/lib/python3.12/site-packages/airflow/example_dags/example_branch_labels.py
[2025-03-27T17:03:02.559+0000] {processor.py:925} INFO - DAG(s) 'example_branch_labels' retrieved from /home/ubuntu/customer_churn_youtube_venv/lib/python3.12/site-packages/airflow/example_dags/example_branch_labels.py
[2025-03-27T17:03:02.575+0000] {logging_mixin.py:190} INFO - [2025-03-27T17:03:02.575+0000] {dag.py:3239} INFO - Sync 1 DAGs
[2025-03-27T17:03:02.595+0000] {logging_mixin.py:190} INFO - [2025-03-27T17:03:02.595+0000] {dag.py:4180} INFO - Setting next_dagrun for example_branch_labels to 2025-03-26 00:00:00+00:00, run_after=2025-03-27 00:00:00+00:00
[2025-03-27T17:03:02.618+0000] {processor.py:208} INFO - Processing /home/ubuntu/customer_churn_youtube_venv/lib/python3.12/site-packages/airflow/example_dags/example_branch_labels.py took 0.080 seconds
[2025-03-27T17:04:23.190+0000] {processor.py:186} INFO - Started process (PID=8626) to work on /home/ubuntu/customer_churn_youtube_venv/lib/python3.12/site-packages/airflow/example_dags/example_branch_labels.py
[2025-03-27T17:04:23.192+0000] {processor.py:914} INFO - Processing file /home/ubuntu/customer_churn_youtube_venv/lib/python3.12/site-packages/airflow/example_dags/example_branch_labels.py for tasks to queue
[2025-03-27T17:04:23.195+0000] {logging_mixin.py:190} INFO - [2025-03-27T17:04:23.194+0000] {dagbag.py:588} INFO - Filling up the DagBag from /home/ubuntu/customer_churn_youtube_venv/lib/python3.12/site-packages/airflow/example_dags/example_branch_labels.py
[2025-03-27T17:04:23.205+0000] {processor.py:925} INFO - DAG(s) 'example_branch_labels' retrieved from /home/ubuntu/customer_churn_youtube_venv/lib/python3.12/site-packages/airflow/example_dags/example_branch_labels.py
[2025-03-27T17:04:23.298+0000] {logging_mixin.py:190} INFO - [2025-03-27T17:04:23.298+0000] {dag.py:3239} INFO - Sync 1 DAGs
[2025-03-27T17:04:23.308+0000] {logging_mixin.py:190} INFO - [2025-03-27T17:04:23.308+0000] {dag.py:3262} INFO - Creating ORM DAG for example_branch_labels
[2025-03-27T17:04:23.319+0000] {logging_mixin.py:190} INFO - [2025-03-27T17:04:23.319+0000] {dag.py:4180} INFO - Setting next_dagrun for example_branch_labels to 2025-03-26 00:00:00+00:00, run_after=2025-03-27 00:00:00+00:00
[2025-03-27T17:04:23.340+0000] {processor.py:208} INFO - Processing /home/ubuntu/customer_churn_youtube_venv/lib/python3.12/site-packages/airflow/example_dags/example_branch_labels.py took 0.156 seconds
[2025-03-27T17:05:40.497+0000] {processor.py:186} INFO - Started process (PID=8728) to work on /home/ubuntu/customer_churn_youtube_venv/lib/python3.12/site-packages/airflow/example_dags/example_branch_labels.py
[2025-03-27T17:05:40.498+0000] {processor.py:914} INFO - Processing file /home/ubuntu/customer_churn_youtube_venv/lib/python3.12/site-packages/airflow/example_dags/example_branch_labels.py for tasks to queue
[2025-03-27T17:05:40.501+0000] {logging_mixin.py:190} INFO - [2025-03-27T17:05:40.500+0000] {dagbag.py:588} INFO - Filling up the DagBag from /home/ubuntu/customer_churn_youtube_venv/lib/python3.12/site-packages/airflow/example_dags/example_branch_labels.py
[2025-03-27T17:05:40.511+0000] {processor.py:925} INFO - DAG(s) 'example_branch_labels' retrieved from /home/ubuntu/customer_churn_youtube_venv/lib/python3.12/site-packages/airflow/example_dags/example_branch_labels.py
[2025-03-27T17:05:40.528+0000] {logging_mixin.py:190} INFO - [2025-03-27T17:05:40.528+0000] {dag.py:3239} INFO - Sync 1 DAGs
[2025-03-27T17:05:40.548+0000] {logging_mixin.py:190} INFO - [2025-03-27T17:05:40.548+0000] {dag.py:4180} INFO - Setting next_dagrun for example_branch_labels to 2025-03-26 00:00:00+00:00, run_after=2025-03-27 00:00:00+00:00
[2025-03-27T17:05:40.570+0000] {processor.py:208} INFO - Processing /home/ubuntu/customer_churn_youtube_venv/lib/python3.12/site-packages/airflow/example_dags/example_branch_labels.py took 0.079 seconds
[2025-03-27T17:07:00.881+0000] {processor.py:186} INFO - Started process (PID=8815) to work on /home/ubuntu/customer_churn_youtube_venv/lib/python3.12/site-packages/airflow/example_dags/example_branch_labels.py
[2025-03-27T17:07:00.883+0000] {processor.py:914} INFO - Processing file /home/ubuntu/customer_churn_youtube_venv/lib/python3.12/site-packages/airflow/example_dags/example_branch_labels.py for tasks to queue
[2025-03-27T17:07:00.885+0000] {logging_mixin.py:190} INFO - [2025-03-27T17:07:00.885+0000] {dagbag.py:588} INFO - Filling up the DagBag from /home/ubuntu/customer_churn_youtube_venv/lib/python3.12/site-packages/airflow/example_dags/example_branch_labels.py
[2025-03-27T17:07:00.896+0000] {processor.py:925} INFO - DAG(s) 'example_branch_labels' retrieved from /home/ubuntu/customer_churn_youtube_venv/lib/python3.12/site-packages/airflow/example_dags/example_branch_labels.py
[2025-03-27T17:07:00.912+0000] {logging_mixin.py:190} INFO - [2025-03-27T17:07:00.912+0000] {dag.py:3239} INFO - Sync 1 DAGs
[2025-03-27T17:07:00.932+0000] {logging_mixin.py:190} INFO - [2025-03-27T17:07:00.932+0000] {dag.py:4180} INFO - Setting next_dagrun for example_branch_labels to 2025-03-26 00:00:00+00:00, run_after=2025-03-27 00:00:00+00:00
[2025-03-27T17:07:00.953+0000] {processor.py:208} INFO - Processing /home/ubuntu/customer_churn_youtube_venv/lib/python3.12/site-packages/airflow/example_dags/example_branch_labels.py took 0.077 seconds
[2025-03-27T17:08:20.113+0000] {processor.py:186} INFO - Started process (PID=8905) to work on /home/ubuntu/customer_churn_youtube_venv/lib/python3.12/site-packages/airflow/example_dags/example_branch_labels.py
[2025-03-27T17:08:20.115+0000] {processor.py:914} INFO - Processing file /home/ubuntu/customer_churn_youtube_venv/lib/python3.12/site-packages/airflow/example_dags/example_branch_labels.py for tasks to queue
[2025-03-27T17:08:20.118+0000] {logging_mixin.py:190} INFO - [2025-03-27T17:08:20.117+0000] {dagbag.py:588} INFO - Filling up the DagBag from /home/ubuntu/customer_churn_youtube_venv/lib/python3.12/site-packages/airflow/example_dags/example_branch_labels.py
[2025-03-27T17:08:20.128+0000] {processor.py:925} INFO - DAG(s) 'example_branch_labels' retrieved from /home/ubuntu/customer_churn_youtube_venv/lib/python3.12/site-packages/airflow/example_dags/example_branch_labels.py
[2025-03-27T17:08:20.144+0000] {logging_mixin.py:190} INFO - [2025-03-27T17:08:20.144+0000] {dag.py:3239} INFO - Sync 1 DAGs
[2025-03-27T17:08:20.163+0000] {logging_mixin.py:190} INFO - [2025-03-27T17:08:20.163+0000] {dag.py:4180} INFO - Setting next_dagrun for example_branch_labels to 2025-03-26 00:00:00+00:00, run_after=2025-03-27 00:00:00+00:00
[2025-03-27T17:08:20.187+0000] {processor.py:208} INFO - Processing /home/ubuntu/customer_churn_youtube_venv/lib/python3.12/site-packages/airflow/example_dags/example_branch_labels.py took 0.079 seconds
[2025-03-27T17:09:37.822+0000] {processor.py:186} INFO - Started process (PID=8995) to work on /home/ubuntu/customer_churn_youtube_venv/lib/python3.12/site-packages/airflow/example_dags/example_branch_labels.py
[2025-03-27T17:09:37.824+0000] {processor.py:914} INFO - Processing file /home/ubuntu/customer_churn_youtube_venv/lib/python3.12/site-packages/airflow/example_dags/example_branch_labels.py for tasks to queue
[2025-03-27T17:09:37.827+0000] {logging_mixin.py:190} INFO - [2025-03-27T17:09:37.826+0000] {dagbag.py:588} INFO - Filling up the DagBag from /home/ubuntu/customer_churn_youtube_venv/lib/python3.12/site-packages/airflow/example_dags/example_branch_labels.py
[2025-03-27T17:09:37.836+0000] {processor.py:925} INFO - DAG(s) 'example_branch_labels' retrieved from /home/ubuntu/customer_churn_youtube_venv/lib/python3.12/site-packages/airflow/example_dags/example_branch_labels.py
[2025-03-27T17:09:37.869+0000] {logging_mixin.py:190} INFO - [2025-03-27T17:09:37.868+0000] {dag.py:3239} INFO - Sync 1 DAGs
[2025-03-27T17:09:37.889+0000] {logging_mixin.py:190} INFO - [2025-03-27T17:09:37.889+0000] {dag.py:4180} INFO - Setting next_dagrun for example_branch_labels to 2025-03-26 00:00:00+00:00, run_after=2025-03-27 00:00:00+00:00
[2025-03-27T17:09:37.911+0000] {processor.py:208} INFO - Processing /home/ubuntu/customer_churn_youtube_venv/lib/python3.12/site-packages/airflow/example_dags/example_branch_labels.py took 0.095 seconds
[2025-03-27T17:10:35.101+0000] {processor.py:186} INFO - Started process (PID=9054) to work on /home/ubuntu/customer_churn_youtube_venv/lib/python3.12/site-packages/airflow/example_dags/example_branch_labels.py
[2025-03-27T17:10:35.103+0000] {processor.py:914} INFO - Processing file /home/ubuntu/customer_churn_youtube_venv/lib/python3.12/site-packages/airflow/example_dags/example_branch_labels.py for tasks to queue
[2025-03-27T17:10:35.105+0000] {logging_mixin.py:190} INFO - [2025-03-27T17:10:35.104+0000] {dagbag.py:588} INFO - Filling up the DagBag from /home/ubuntu/customer_churn_youtube_venv/lib/python3.12/site-packages/airflow/example_dags/example_branch_labels.py
[2025-03-27T17:10:35.115+0000] {processor.py:925} INFO - DAG(s) 'example_branch_labels' retrieved from /home/ubuntu/customer_churn_youtube_venv/lib/python3.12/site-packages/airflow/example_dags/example_branch_labels.py
[2025-03-27T17:10:35.132+0000] {logging_mixin.py:190} INFO - [2025-03-27T17:10:35.130+0000] {dag.py:3239} INFO - Sync 1 DAGs
[2025-03-27T17:10:35.153+0000] {logging_mixin.py:190} INFO - [2025-03-27T17:10:35.153+0000] {dag.py:4180} INFO - Setting next_dagrun for example_branch_labels to 2025-03-26 00:00:00+00:00, run_after=2025-03-27 00:00:00+00:00
[2025-03-27T17:10:35.174+0000] {processor.py:208} INFO - Processing /home/ubuntu/customer_churn_youtube_venv/lib/python3.12/site-packages/airflow/example_dags/example_branch_labels.py took 0.079 seconds
[2025-03-27T17:11:55.178+0000] {processor.py:186} INFO - Started process (PID=9143) to work on /home/ubuntu/customer_churn_youtube_venv/lib/python3.12/site-packages/airflow/example_dags/example_branch_labels.py
[2025-03-27T17:11:55.180+0000] {processor.py:914} INFO - Processing file /home/ubuntu/customer_churn_youtube_venv/lib/python3.12/site-packages/airflow/example_dags/example_branch_labels.py for tasks to queue
[2025-03-27T17:11:55.182+0000] {logging_mixin.py:190} INFO - [2025-03-27T17:11:55.181+0000] {dagbag.py:588} INFO - Filling up the DagBag from /home/ubuntu/customer_churn_youtube_venv/lib/python3.12/site-packages/airflow/example_dags/example_branch_labels.py
[2025-03-27T17:11:55.192+0000] {processor.py:925} INFO - DAG(s) 'example_branch_labels' retrieved from /home/ubuntu/customer_churn_youtube_venv/lib/python3.12/site-packages/airflow/example_dags/example_branch_labels.py
[2025-03-27T17:11:55.207+0000] {logging_mixin.py:190} INFO - [2025-03-27T17:11:55.207+0000] {dag.py:3239} INFO - Sync 1 DAGs
[2025-03-27T17:11:55.228+0000] {logging_mixin.py:190} INFO - [2025-03-27T17:11:55.228+0000] {dag.py:4180} INFO - Setting next_dagrun for example_branch_labels to 2025-03-26 00:00:00+00:00, run_after=2025-03-27 00:00:00+00:00
[2025-03-27T17:11:55.252+0000] {processor.py:208} INFO - Processing /home/ubuntu/customer_churn_youtube_venv/lib/python3.12/site-packages/airflow/example_dags/example_branch_labels.py took 0.079 seconds
[2025-03-27T17:13:14.399+0000] {processor.py:186} INFO - Started process (PID=9238) to work on /home/ubuntu/customer_churn_youtube_venv/lib/python3.12/site-packages/airflow/example_dags/example_branch_labels.py
[2025-03-27T17:13:14.402+0000] {processor.py:914} INFO - Processing file /home/ubuntu/customer_churn_youtube_venv/lib/python3.12/site-packages/airflow/example_dags/example_branch_labels.py for tasks to queue
[2025-03-27T17:13:14.404+0000] {logging_mixin.py:190} INFO - [2025-03-27T17:13:14.403+0000] {dagbag.py:588} INFO - Filling up the DagBag from /home/ubuntu/customer_churn_youtube_venv/lib/python3.12/site-packages/airflow/example_dags/example_branch_labels.py
[2025-03-27T17:13:14.414+0000] {processor.py:925} INFO - DAG(s) 'example_branch_labels' retrieved from /home/ubuntu/customer_churn_youtube_venv/lib/python3.12/site-packages/airflow/example_dags/example_branch_labels.py
[2025-03-27T17:13:14.431+0000] {logging_mixin.py:190} INFO - [2025-03-27T17:13:14.431+0000] {dag.py:3239} INFO - Sync 1 DAGs
[2025-03-27T17:13:14.450+0000] {logging_mixin.py:190} INFO - [2025-03-27T17:13:14.450+0000] {dag.py:4180} INFO - Setting next_dagrun for example_branch_labels to 2025-03-26 00:00:00+00:00, run_after=2025-03-27 00:00:00+00:00
[2025-03-27T17:13:14.471+0000] {processor.py:208} INFO - Processing /home/ubuntu/customer_churn_youtube_venv/lib/python3.12/site-packages/airflow/example_dags/example_branch_labels.py took 0.078 seconds
[2025-03-27T17:14:34.356+0000] {processor.py:186} INFO - Started process (PID=9322) to work on /home/ubuntu/customer_churn_youtube_venv/lib/python3.12/site-packages/airflow/example_dags/example_branch_labels.py
[2025-03-27T17:14:34.359+0000] {processor.py:914} INFO - Processing file /home/ubuntu/customer_churn_youtube_venv/lib/python3.12/site-packages/airflow/example_dags/example_branch_labels.py for tasks to queue
[2025-03-27T17:14:34.360+0000] {logging_mixin.py:190} INFO - [2025-03-27T17:14:34.360+0000] {dagbag.py:588} INFO - Filling up the DagBag from /home/ubuntu/customer_churn_youtube_venv/lib/python3.12/site-packages/airflow/example_dags/example_branch_labels.py
[2025-03-27T17:14:34.370+0000] {processor.py:925} INFO - DAG(s) 'example_branch_labels' retrieved from /home/ubuntu/customer_churn_youtube_venv/lib/python3.12/site-packages/airflow/example_dags/example_branch_labels.py
[2025-03-27T17:14:34.386+0000] {logging_mixin.py:190} INFO - [2025-03-27T17:14:34.386+0000] {dag.py:3239} INFO - Sync 1 DAGs
[2025-03-27T17:14:34.406+0000] {logging_mixin.py:190} INFO - [2025-03-27T17:14:34.406+0000] {dag.py:4180} INFO - Setting next_dagrun for example_branch_labels to 2025-03-26 00:00:00+00:00, run_after=2025-03-27 00:00:00+00:00
[2025-03-27T17:14:34.428+0000] {processor.py:208} INFO - Processing /home/ubuntu/customer_churn_youtube_venv/lib/python3.12/site-packages/airflow/example_dags/example_branch_labels.py took 0.078 seconds
