[2025-04-04T17:15:58.971+0000] {processor.py:186} INFO - Started process (PID=897) to work on /home/ubuntu/airflow/dags/customer_churn_dag.py
[2025-04-04T17:15:58.971+0000] {processor.py:914} INFO - Processing file /home/ubuntu/airflow/dags/customer_churn_dag.py for tasks to queue
[2025-04-04T17:15:58.975+0000] {logging_mixin.py:190} INFO - [2025-04-04T17:15:58.974+0000] {dagbag.py:588} INFO - Filling up the DagBag from /home/ubuntu/airflow/dags/customer_churn_dag.py
[2025-04-04T17:15:58.993+0000] {processor.py:925} INFO - DAG(s) 'my_dag' retrieved from /home/ubuntu/airflow/dags/customer_churn_dag.py
[2025-04-04T17:15:59.030+0000] {logging_mixin.py:190} INFO - [2025-04-04T17:15:59.029+0000] {dag.py:3239} INFO - Sync 1 DAGs
[2025-04-04T17:15:59.056+0000] {logging_mixin.py:190} INFO - [2025-04-04T17:15:59.056+0000] {dag.py:4180} INFO - Setting next_dagrun for my_dag to 2025-03-30 00:00:00+00:00, run_after=2025-04-06 00:00:00+00:00
[2025-04-04T17:15:59.083+0000] {processor.py:208} INFO - Processing /home/ubuntu/airflow/dags/customer_churn_dag.py took 0.119 seconds
[2025-04-04T17:16:29.917+0000] {processor.py:186} INFO - Started process (PID=911) to work on /home/ubuntu/airflow/dags/customer_churn_dag.py
[2025-04-04T17:16:29.919+0000] {processor.py:914} INFO - Processing file /home/ubuntu/airflow/dags/customer_churn_dag.py for tasks to queue
[2025-04-04T17:16:29.921+0000] {logging_mixin.py:190} INFO - [2025-04-04T17:16:29.920+0000] {dagbag.py:588} INFO - Filling up the DagBag from /home/ubuntu/airflow/dags/customer_churn_dag.py
[2025-04-04T17:16:29.931+0000] {processor.py:925} INFO - DAG(s) 'my_dag' retrieved from /home/ubuntu/airflow/dags/customer_churn_dag.py
[2025-04-04T17:16:29.953+0000] {logging_mixin.py:190} INFO - [2025-04-04T17:16:29.952+0000] {dag.py:3239} INFO - Sync 1 DAGs
[2025-04-04T17:16:29.972+0000] {logging_mixin.py:190} INFO - [2025-04-04T17:16:29.972+0000] {dag.py:4180} INFO - Setting next_dagrun for my_dag to 2025-03-30 00:00:00+00:00, run_after=2025-04-06 00:00:00+00:00
[2025-04-04T17:16:29.994+0000] {processor.py:208} INFO - Processing /home/ubuntu/airflow/dags/customer_churn_dag.py took 0.082 seconds
[2025-04-04T17:17:00.160+0000] {processor.py:186} INFO - Started process (PID=912) to work on /home/ubuntu/airflow/dags/customer_churn_dag.py
[2025-04-04T17:17:00.163+0000] {processor.py:914} INFO - Processing file /home/ubuntu/airflow/dags/customer_churn_dag.py for tasks to queue
[2025-04-04T17:17:00.164+0000] {logging_mixin.py:190} INFO - [2025-04-04T17:17:00.164+0000] {dagbag.py:588} INFO - Filling up the DagBag from /home/ubuntu/airflow/dags/customer_churn_dag.py
[2025-04-04T17:17:00.175+0000] {processor.py:925} INFO - DAG(s) 'my_dag' retrieved from /home/ubuntu/airflow/dags/customer_churn_dag.py
[2025-04-04T17:17:00.196+0000] {logging_mixin.py:190} INFO - [2025-04-04T17:17:00.196+0000] {dag.py:3239} INFO - Sync 1 DAGs
[2025-04-04T17:17:00.216+0000] {logging_mixin.py:190} INFO - [2025-04-04T17:17:00.215+0000] {dag.py:4180} INFO - Setting next_dagrun for my_dag to 2025-03-30 00:00:00+00:00, run_after=2025-04-06 00:00:00+00:00
[2025-04-04T17:17:00.236+0000] {processor.py:208} INFO - Processing /home/ubuntu/airflow/dags/customer_churn_dag.py took 0.081 seconds
[2025-04-04T17:17:30.394+0000] {processor.py:186} INFO - Started process (PID=916) to work on /home/ubuntu/airflow/dags/customer_churn_dag.py
[2025-04-04T17:17:30.395+0000] {processor.py:914} INFO - Processing file /home/ubuntu/airflow/dags/customer_churn_dag.py for tasks to queue
[2025-04-04T17:17:30.398+0000] {logging_mixin.py:190} INFO - [2025-04-04T17:17:30.398+0000] {dagbag.py:588} INFO - Filling up the DagBag from /home/ubuntu/airflow/dags/customer_churn_dag.py
[2025-04-04T17:17:30.408+0000] {processor.py:925} INFO - DAG(s) 'my_dag' retrieved from /home/ubuntu/airflow/dags/customer_churn_dag.py
[2025-04-04T17:17:30.429+0000] {logging_mixin.py:190} INFO - [2025-04-04T17:17:30.429+0000] {dag.py:3239} INFO - Sync 1 DAGs
[2025-04-04T17:17:30.448+0000] {logging_mixin.py:190} INFO - [2025-04-04T17:17:30.447+0000] {dag.py:4180} INFO - Setting next_dagrun for my_dag to 2025-03-30 00:00:00+00:00, run_after=2025-04-06 00:00:00+00:00
[2025-04-04T17:17:30.470+0000] {processor.py:208} INFO - Processing /home/ubuntu/airflow/dags/customer_churn_dag.py took 0.081 seconds
[2025-04-04T17:18:00.635+0000] {processor.py:186} INFO - Started process (PID=917) to work on /home/ubuntu/airflow/dags/customer_churn_dag.py
[2025-04-04T17:18:00.636+0000] {processor.py:914} INFO - Processing file /home/ubuntu/airflow/dags/customer_churn_dag.py for tasks to queue
[2025-04-04T17:18:00.638+0000] {logging_mixin.py:190} INFO - [2025-04-04T17:18:00.638+0000] {dagbag.py:588} INFO - Filling up the DagBag from /home/ubuntu/airflow/dags/customer_churn_dag.py
[2025-04-04T17:18:00.648+0000] {processor.py:925} INFO - DAG(s) 'my_dag' retrieved from /home/ubuntu/airflow/dags/customer_churn_dag.py
[2025-04-04T17:18:00.670+0000] {logging_mixin.py:190} INFO - [2025-04-04T17:18:00.670+0000] {dag.py:3239} INFO - Sync 1 DAGs
[2025-04-04T17:18:00.689+0000] {logging_mixin.py:190} INFO - [2025-04-04T17:18:00.688+0000] {dag.py:4180} INFO - Setting next_dagrun for my_dag to 2025-03-30 00:00:00+00:00, run_after=2025-04-06 00:00:00+00:00
[2025-04-04T17:18:00.711+0000] {processor.py:208} INFO - Processing /home/ubuntu/airflow/dags/customer_churn_dag.py took 0.082 seconds
[2025-04-04T17:18:30.880+0000] {processor.py:186} INFO - Started process (PID=918) to work on /home/ubuntu/airflow/dags/customer_churn_dag.py
[2025-04-04T17:18:30.881+0000] {processor.py:914} INFO - Processing file /home/ubuntu/airflow/dags/customer_churn_dag.py for tasks to queue
[2025-04-04T17:18:30.883+0000] {logging_mixin.py:190} INFO - [2025-04-04T17:18:30.883+0000] {dagbag.py:588} INFO - Filling up the DagBag from /home/ubuntu/airflow/dags/customer_churn_dag.py
[2025-04-04T17:18:30.894+0000] {processor.py:925} INFO - DAG(s) 'my_dag' retrieved from /home/ubuntu/airflow/dags/customer_churn_dag.py
[2025-04-04T17:18:30.915+0000] {logging_mixin.py:190} INFO - [2025-04-04T17:18:30.915+0000] {dag.py:3239} INFO - Sync 1 DAGs
[2025-04-04T17:18:30.935+0000] {logging_mixin.py:190} INFO - [2025-04-04T17:18:30.934+0000] {dag.py:4180} INFO - Setting next_dagrun for my_dag to 2025-03-30 00:00:00+00:00, run_after=2025-04-06 00:00:00+00:00
[2025-04-04T17:18:30.956+0000] {processor.py:208} INFO - Processing /home/ubuntu/airflow/dags/customer_churn_dag.py took 0.082 seconds
[2025-04-04T17:19:01.119+0000] {processor.py:186} INFO - Started process (PID=919) to work on /home/ubuntu/airflow/dags/customer_churn_dag.py
[2025-04-04T17:19:01.121+0000] {processor.py:914} INFO - Processing file /home/ubuntu/airflow/dags/customer_churn_dag.py for tasks to queue
[2025-04-04T17:19:01.122+0000] {logging_mixin.py:190} INFO - [2025-04-04T17:19:01.122+0000] {dagbag.py:588} INFO - Filling up the DagBag from /home/ubuntu/airflow/dags/customer_churn_dag.py
[2025-04-04T17:19:01.132+0000] {processor.py:925} INFO - DAG(s) 'my_dag' retrieved from /home/ubuntu/airflow/dags/customer_churn_dag.py
[2025-04-04T17:19:01.153+0000] {logging_mixin.py:190} INFO - [2025-04-04T17:19:01.153+0000] {dag.py:3239} INFO - Sync 1 DAGs
[2025-04-04T17:19:01.171+0000] {logging_mixin.py:190} INFO - [2025-04-04T17:19:01.171+0000] {dag.py:4180} INFO - Setting next_dagrun for my_dag to 2025-03-30 00:00:00+00:00, run_after=2025-04-06 00:00:00+00:00
[2025-04-04T17:19:01.193+0000] {processor.py:208} INFO - Processing /home/ubuntu/airflow/dags/customer_churn_dag.py took 0.079 seconds
[2025-04-04T17:19:31.358+0000] {processor.py:186} INFO - Started process (PID=920) to work on /home/ubuntu/airflow/dags/customer_churn_dag.py
[2025-04-04T17:19:31.360+0000] {processor.py:914} INFO - Processing file /home/ubuntu/airflow/dags/customer_churn_dag.py for tasks to queue
[2025-04-04T17:19:31.362+0000] {logging_mixin.py:190} INFO - [2025-04-04T17:19:31.361+0000] {dagbag.py:588} INFO - Filling up the DagBag from /home/ubuntu/airflow/dags/customer_churn_dag.py
[2025-04-04T17:19:31.372+0000] {processor.py:925} INFO - DAG(s) 'my_dag' retrieved from /home/ubuntu/airflow/dags/customer_churn_dag.py
[2025-04-04T17:19:31.392+0000] {logging_mixin.py:190} INFO - [2025-04-04T17:19:31.392+0000] {dag.py:3239} INFO - Sync 1 DAGs
[2025-04-04T17:19:31.412+0000] {logging_mixin.py:190} INFO - [2025-04-04T17:19:31.411+0000] {dag.py:4180} INFO - Setting next_dagrun for my_dag to 2025-03-30 00:00:00+00:00, run_after=2025-04-06 00:00:00+00:00
[2025-04-04T17:19:31.432+0000] {processor.py:208} INFO - Processing /home/ubuntu/airflow/dags/customer_churn_dag.py took 0.079 seconds
[2025-04-04T17:20:01.602+0000] {processor.py:186} INFO - Started process (PID=921) to work on /home/ubuntu/airflow/dags/customer_churn_dag.py
[2025-04-04T17:20:01.603+0000] {processor.py:914} INFO - Processing file /home/ubuntu/airflow/dags/customer_churn_dag.py for tasks to queue
[2025-04-04T17:20:01.605+0000] {logging_mixin.py:190} INFO - [2025-04-04T17:20:01.604+0000] {dagbag.py:588} INFO - Filling up the DagBag from /home/ubuntu/airflow/dags/customer_churn_dag.py
[2025-04-04T17:20:01.615+0000] {processor.py:925} INFO - DAG(s) 'my_dag' retrieved from /home/ubuntu/airflow/dags/customer_churn_dag.py
[2025-04-04T17:20:01.636+0000] {logging_mixin.py:190} INFO - [2025-04-04T17:20:01.636+0000] {dag.py:3239} INFO - Sync 1 DAGs
[2025-04-04T17:20:01.655+0000] {logging_mixin.py:190} INFO - [2025-04-04T17:20:01.654+0000] {dag.py:4180} INFO - Setting next_dagrun for my_dag to 2025-03-30 00:00:00+00:00, run_after=2025-04-06 00:00:00+00:00
[2025-04-04T17:20:01.678+0000] {processor.py:208} INFO - Processing /home/ubuntu/airflow/dags/customer_churn_dag.py took 0.082 seconds
[2025-04-04T17:20:31.840+0000] {processor.py:186} INFO - Started process (PID=924) to work on /home/ubuntu/airflow/dags/customer_churn_dag.py
[2025-04-04T17:20:31.841+0000] {processor.py:914} INFO - Processing file /home/ubuntu/airflow/dags/customer_churn_dag.py for tasks to queue
[2025-04-04T17:20:31.843+0000] {logging_mixin.py:190} INFO - [2025-04-04T17:20:31.843+0000] {dagbag.py:588} INFO - Filling up the DagBag from /home/ubuntu/airflow/dags/customer_churn_dag.py
[2025-04-04T17:20:31.853+0000] {processor.py:925} INFO - DAG(s) 'my_dag' retrieved from /home/ubuntu/airflow/dags/customer_churn_dag.py
[2025-04-04T17:20:31.874+0000] {logging_mixin.py:190} INFO - [2025-04-04T17:20:31.874+0000] {dag.py:3239} INFO - Sync 1 DAGs
[2025-04-04T17:20:31.894+0000] {logging_mixin.py:190} INFO - [2025-04-04T17:20:31.894+0000] {dag.py:4180} INFO - Setting next_dagrun for my_dag to 2025-03-30 00:00:00+00:00, run_after=2025-04-06 00:00:00+00:00
[2025-04-04T17:20:31.916+0000] {processor.py:208} INFO - Processing /home/ubuntu/airflow/dags/customer_churn_dag.py took 0.081 seconds
[2025-04-04T17:21:02.079+0000] {processor.py:186} INFO - Started process (PID=931) to work on /home/ubuntu/airflow/dags/customer_churn_dag.py
[2025-04-04T17:21:02.082+0000] {processor.py:914} INFO - Processing file /home/ubuntu/airflow/dags/customer_churn_dag.py for tasks to queue
[2025-04-04T17:21:02.084+0000] {logging_mixin.py:190} INFO - [2025-04-04T17:21:02.083+0000] {dagbag.py:588} INFO - Filling up the DagBag from /home/ubuntu/airflow/dags/customer_churn_dag.py
[2025-04-04T17:21:02.094+0000] {processor.py:925} INFO - DAG(s) 'my_dag' retrieved from /home/ubuntu/airflow/dags/customer_churn_dag.py
[2025-04-04T17:21:02.115+0000] {logging_mixin.py:190} INFO - [2025-04-04T17:21:02.115+0000] {dag.py:3239} INFO - Sync 1 DAGs
[2025-04-04T17:21:02.135+0000] {logging_mixin.py:190} INFO - [2025-04-04T17:21:02.134+0000] {dag.py:4180} INFO - Setting next_dagrun for my_dag to 2025-03-30 00:00:00+00:00, run_after=2025-04-06 00:00:00+00:00
[2025-04-04T17:21:02.157+0000] {processor.py:208} INFO - Processing /home/ubuntu/airflow/dags/customer_churn_dag.py took 0.083 seconds
[2025-04-04T17:21:32.324+0000] {processor.py:186} INFO - Started process (PID=936) to work on /home/ubuntu/airflow/dags/customer_churn_dag.py
[2025-04-04T17:21:32.325+0000] {processor.py:914} INFO - Processing file /home/ubuntu/airflow/dags/customer_churn_dag.py for tasks to queue
[2025-04-04T17:21:32.327+0000] {logging_mixin.py:190} INFO - [2025-04-04T17:21:32.327+0000] {dagbag.py:588} INFO - Filling up the DagBag from /home/ubuntu/airflow/dags/customer_churn_dag.py
[2025-04-04T17:21:32.337+0000] {processor.py:925} INFO - DAG(s) 'my_dag' retrieved from /home/ubuntu/airflow/dags/customer_churn_dag.py
[2025-04-04T17:21:32.359+0000] {logging_mixin.py:190} INFO - [2025-04-04T17:21:32.358+0000] {dag.py:3239} INFO - Sync 1 DAGs
[2025-04-04T17:21:32.377+0000] {logging_mixin.py:190} INFO - [2025-04-04T17:21:32.377+0000] {dag.py:4180} INFO - Setting next_dagrun for my_dag to 2025-03-30 00:00:00+00:00, run_after=2025-04-06 00:00:00+00:00
[2025-04-04T17:21:32.398+0000] {processor.py:208} INFO - Processing /home/ubuntu/airflow/dags/customer_churn_dag.py took 0.079 seconds
[2025-04-04T17:22:02.534+0000] {processor.py:186} INFO - Started process (PID=1101) to work on /home/ubuntu/airflow/dags/customer_churn_dag.py
[2025-04-04T17:22:02.535+0000] {processor.py:914} INFO - Processing file /home/ubuntu/airflow/dags/customer_churn_dag.py for tasks to queue
[2025-04-04T17:22:02.536+0000] {logging_mixin.py:190} INFO - [2025-04-04T17:22:02.536+0000] {dagbag.py:588} INFO - Filling up the DagBag from /home/ubuntu/airflow/dags/customer_churn_dag.py
[2025-04-04T17:22:02.548+0000] {processor.py:925} INFO - DAG(s) 'my_dag' retrieved from /home/ubuntu/airflow/dags/customer_churn_dag.py
[2025-04-04T17:22:02.568+0000] {logging_mixin.py:190} INFO - [2025-04-04T17:22:02.568+0000] {dag.py:3239} INFO - Sync 1 DAGs
[2025-04-04T17:22:02.587+0000] {logging_mixin.py:190} INFO - [2025-04-04T17:22:02.587+0000] {dag.py:4180} INFO - Setting next_dagrun for my_dag to 2025-03-30 00:00:00+00:00, run_after=2025-04-06 00:00:00+00:00
[2025-04-04T17:22:02.610+0000] {processor.py:208} INFO - Processing /home/ubuntu/airflow/dags/customer_churn_dag.py took 0.081 seconds
[2025-04-04T17:22:32.770+0000] {processor.py:186} INFO - Started process (PID=1102) to work on /home/ubuntu/airflow/dags/customer_churn_dag.py
[2025-04-04T17:22:32.772+0000] {processor.py:914} INFO - Processing file /home/ubuntu/airflow/dags/customer_churn_dag.py for tasks to queue
[2025-04-04T17:22:32.774+0000] {logging_mixin.py:190} INFO - [2025-04-04T17:22:32.774+0000] {dagbag.py:588} INFO - Filling up the DagBag from /home/ubuntu/airflow/dags/customer_churn_dag.py
[2025-04-04T17:22:32.785+0000] {processor.py:925} INFO - DAG(s) 'my_dag' retrieved from /home/ubuntu/airflow/dags/customer_churn_dag.py
[2025-04-04T17:22:32.806+0000] {logging_mixin.py:190} INFO - [2025-04-04T17:22:32.805+0000] {dag.py:3239} INFO - Sync 1 DAGs
[2025-04-04T17:22:32.824+0000] {logging_mixin.py:190} INFO - [2025-04-04T17:22:32.824+0000] {dag.py:4180} INFO - Setting next_dagrun for my_dag to 2025-03-30 00:00:00+00:00, run_after=2025-04-06 00:00:00+00:00
[2025-04-04T17:22:32.846+0000] {processor.py:208} INFO - Processing /home/ubuntu/airflow/dags/customer_churn_dag.py took 0.080 seconds
[2025-04-04T17:23:02.974+0000] {processor.py:186} INFO - Started process (PID=1103) to work on /home/ubuntu/airflow/dags/customer_churn_dag.py
[2025-04-04T17:23:02.975+0000] {processor.py:914} INFO - Processing file /home/ubuntu/airflow/dags/customer_churn_dag.py for tasks to queue
[2025-04-04T17:23:02.977+0000] {logging_mixin.py:190} INFO - [2025-04-04T17:23:02.977+0000] {dagbag.py:588} INFO - Filling up the DagBag from /home/ubuntu/airflow/dags/customer_churn_dag.py
[2025-04-04T17:23:02.987+0000] {processor.py:925} INFO - DAG(s) 'my_dag' retrieved from /home/ubuntu/airflow/dags/customer_churn_dag.py
[2025-04-04T17:23:03.008+0000] {logging_mixin.py:190} INFO - [2025-04-04T17:23:03.008+0000] {dag.py:3239} INFO - Sync 1 DAGs
[2025-04-04T17:23:03.028+0000] {logging_mixin.py:190} INFO - [2025-04-04T17:23:03.028+0000] {dag.py:4180} INFO - Setting next_dagrun for my_dag to 2025-03-30 00:00:00+00:00, run_after=2025-04-06 00:00:00+00:00
[2025-04-04T17:23:03.048+0000] {processor.py:208} INFO - Processing /home/ubuntu/airflow/dags/customer_churn_dag.py took 0.079 seconds
[2025-04-04T17:23:33.207+0000] {processor.py:186} INFO - Started process (PID=1104) to work on /home/ubuntu/airflow/dags/customer_churn_dag.py
[2025-04-04T17:23:33.209+0000] {processor.py:914} INFO - Processing file /home/ubuntu/airflow/dags/customer_churn_dag.py for tasks to queue
[2025-04-04T17:23:33.211+0000] {logging_mixin.py:190} INFO - [2025-04-04T17:23:33.210+0000] {dagbag.py:588} INFO - Filling up the DagBag from /home/ubuntu/airflow/dags/customer_churn_dag.py
[2025-04-04T17:23:33.221+0000] {processor.py:925} INFO - DAG(s) 'my_dag' retrieved from /home/ubuntu/airflow/dags/customer_churn_dag.py
[2025-04-04T17:23:33.242+0000] {logging_mixin.py:190} INFO - [2025-04-04T17:23:33.242+0000] {dag.py:3239} INFO - Sync 1 DAGs
[2025-04-04T17:23:33.260+0000] {logging_mixin.py:190} INFO - [2025-04-04T17:23:33.259+0000] {dag.py:4180} INFO - Setting next_dagrun for my_dag to 2025-03-30 00:00:00+00:00, run_after=2025-04-06 00:00:00+00:00
[2025-04-04T17:23:33.281+0000] {processor.py:208} INFO - Processing /home/ubuntu/airflow/dags/customer_churn_dag.py took 0.079 seconds
[2025-04-04T17:24:03.450+0000] {processor.py:186} INFO - Started process (PID=1106) to work on /home/ubuntu/airflow/dags/customer_churn_dag.py
[2025-04-04T17:24:03.451+0000] {processor.py:914} INFO - Processing file /home/ubuntu/airflow/dags/customer_churn_dag.py for tasks to queue
[2025-04-04T17:24:03.453+0000] {logging_mixin.py:190} INFO - [2025-04-04T17:24:03.452+0000] {dagbag.py:588} INFO - Filling up the DagBag from /home/ubuntu/airflow/dags/customer_churn_dag.py
[2025-04-04T17:24:03.462+0000] {processor.py:925} INFO - DAG(s) 'my_dag' retrieved from /home/ubuntu/airflow/dags/customer_churn_dag.py
[2025-04-04T17:24:03.483+0000] {logging_mixin.py:190} INFO - [2025-04-04T17:24:03.483+0000] {dag.py:3239} INFO - Sync 1 DAGs
[2025-04-04T17:24:03.503+0000] {logging_mixin.py:190} INFO - [2025-04-04T17:24:03.503+0000] {dag.py:4180} INFO - Setting next_dagrun for my_dag to 2025-03-30 00:00:00+00:00, run_after=2025-04-06 00:00:00+00:00
[2025-04-04T17:24:03.525+0000] {processor.py:208} INFO - Processing /home/ubuntu/airflow/dags/customer_churn_dag.py took 0.080 seconds
[2025-04-04T17:24:33.684+0000] {processor.py:186} INFO - Started process (PID=1108) to work on /home/ubuntu/airflow/dags/customer_churn_dag.py
[2025-04-04T17:24:33.687+0000] {processor.py:914} INFO - Processing file /home/ubuntu/airflow/dags/customer_churn_dag.py for tasks to queue
[2025-04-04T17:24:33.689+0000] {logging_mixin.py:190} INFO - [2025-04-04T17:24:33.688+0000] {dagbag.py:588} INFO - Filling up the DagBag from /home/ubuntu/airflow/dags/customer_churn_dag.py
[2025-04-04T17:24:33.699+0000] {processor.py:925} INFO - DAG(s) 'my_dag' retrieved from /home/ubuntu/airflow/dags/customer_churn_dag.py
[2025-04-04T17:24:33.720+0000] {logging_mixin.py:190} INFO - [2025-04-04T17:24:33.720+0000] {dag.py:3239} INFO - Sync 1 DAGs
[2025-04-04T17:24:33.739+0000] {logging_mixin.py:190} INFO - [2025-04-04T17:24:33.739+0000] {dag.py:4180} INFO - Setting next_dagrun for my_dag to 2025-03-30 00:00:00+00:00, run_after=2025-04-06 00:00:00+00:00
[2025-04-04T17:24:33.760+0000] {processor.py:208} INFO - Processing /home/ubuntu/airflow/dags/customer_churn_dag.py took 0.081 seconds
[2025-04-04T17:25:03.938+0000] {processor.py:186} INFO - Started process (PID=1114) to work on /home/ubuntu/airflow/dags/customer_churn_dag.py
[2025-04-04T17:25:03.938+0000] {processor.py:914} INFO - Processing file /home/ubuntu/airflow/dags/customer_churn_dag.py for tasks to queue
[2025-04-04T17:25:03.941+0000] {logging_mixin.py:190} INFO - [2025-04-04T17:25:03.941+0000] {dagbag.py:588} INFO - Filling up the DagBag from /home/ubuntu/airflow/dags/customer_churn_dag.py
[2025-04-04T17:25:03.951+0000] {processor.py:925} INFO - DAG(s) 'my_dag' retrieved from /home/ubuntu/airflow/dags/customer_churn_dag.py
[2025-04-04T17:25:03.972+0000] {logging_mixin.py:190} INFO - [2025-04-04T17:25:03.972+0000] {dag.py:3239} INFO - Sync 1 DAGs
[2025-04-04T17:25:03.993+0000] {logging_mixin.py:190} INFO - [2025-04-04T17:25:03.993+0000] {dag.py:4180} INFO - Setting next_dagrun for my_dag to 2025-03-30 00:00:00+00:00, run_after=2025-04-06 00:00:00+00:00
[2025-04-04T17:25:04.019+0000] {processor.py:208} INFO - Processing /home/ubuntu/airflow/dags/customer_churn_dag.py took 0.086 seconds
[2025-04-04T17:25:34.205+0000] {processor.py:186} INFO - Started process (PID=1116) to work on /home/ubuntu/airflow/dags/customer_churn_dag.py
[2025-04-04T17:25:34.207+0000] {processor.py:914} INFO - Processing file /home/ubuntu/airflow/dags/customer_churn_dag.py for tasks to queue
[2025-04-04T17:25:34.209+0000] {logging_mixin.py:190} INFO - [2025-04-04T17:25:34.208+0000] {dagbag.py:588} INFO - Filling up the DagBag from /home/ubuntu/airflow/dags/customer_churn_dag.py
[2025-04-04T17:25:34.219+0000] {processor.py:925} INFO - DAG(s) 'my_dag' retrieved from /home/ubuntu/airflow/dags/customer_churn_dag.py
[2025-04-04T17:25:34.241+0000] {logging_mixin.py:190} INFO - [2025-04-04T17:25:34.241+0000] {dag.py:3239} INFO - Sync 1 DAGs
[2025-04-04T17:25:34.260+0000] {logging_mixin.py:190} INFO - [2025-04-04T17:25:34.259+0000] {dag.py:4180} INFO - Setting next_dagrun for my_dag to 2025-03-30 00:00:00+00:00, run_after=2025-04-06 00:00:00+00:00
[2025-04-04T17:25:34.283+0000] {processor.py:208} INFO - Processing /home/ubuntu/airflow/dags/customer_churn_dag.py took 0.083 seconds
[2025-04-04T17:26:04.536+0000] {processor.py:186} INFO - Started process (PID=1170) to work on /home/ubuntu/airflow/dags/customer_churn_dag.py
[2025-04-04T17:26:04.539+0000] {processor.py:914} INFO - Processing file /home/ubuntu/airflow/dags/customer_churn_dag.py for tasks to queue
[2025-04-04T17:26:04.541+0000] {logging_mixin.py:190} INFO - [2025-04-04T17:26:04.541+0000] {dagbag.py:588} INFO - Filling up the DagBag from /home/ubuntu/airflow/dags/customer_churn_dag.py
[2025-04-04T17:26:04.563+0000] {processor.py:925} INFO - DAG(s) 'my_dag' retrieved from /home/ubuntu/airflow/dags/customer_churn_dag.py
[2025-04-04T17:26:04.601+0000] {logging_mixin.py:190} INFO - [2025-04-04T17:26:04.601+0000] {dag.py:3239} INFO - Sync 1 DAGs
[2025-04-04T17:26:04.626+0000] {logging_mixin.py:190} INFO - [2025-04-04T17:26:04.626+0000] {dag.py:4180} INFO - Setting next_dagrun for my_dag to 2025-03-30 00:00:00+00:00, run_after=2025-04-06 00:00:00+00:00
[2025-04-04T17:26:04.654+0000] {processor.py:208} INFO - Processing /home/ubuntu/airflow/dags/customer_churn_dag.py took 0.126 seconds
[2025-04-04T17:26:35.761+0000] {processor.py:186} INFO - Started process (PID=1177) to work on /home/ubuntu/airflow/dags/customer_churn_dag.py
[2025-04-04T17:26:35.763+0000] {processor.py:914} INFO - Processing file /home/ubuntu/airflow/dags/customer_churn_dag.py for tasks to queue
[2025-04-04T17:26:35.765+0000] {logging_mixin.py:190} INFO - [2025-04-04T17:26:35.764+0000] {dagbag.py:588} INFO - Filling up the DagBag from /home/ubuntu/airflow/dags/customer_churn_dag.py
[2025-04-04T17:26:35.775+0000] {processor.py:925} INFO - DAG(s) 'my_dag' retrieved from /home/ubuntu/airflow/dags/customer_churn_dag.py
[2025-04-04T17:26:35.796+0000] {logging_mixin.py:190} INFO - [2025-04-04T17:26:35.795+0000] {dag.py:3239} INFO - Sync 1 DAGs
[2025-04-04T17:26:35.814+0000] {logging_mixin.py:190} INFO - [2025-04-04T17:26:35.814+0000] {dag.py:4180} INFO - Setting next_dagrun for my_dag to 2025-03-30 00:00:00+00:00, run_after=2025-04-06 00:00:00+00:00
[2025-04-04T17:26:35.834+0000] {processor.py:208} INFO - Processing /home/ubuntu/airflow/dags/customer_churn_dag.py took 0.078 seconds
[2025-04-04T17:27:05.999+0000] {processor.py:186} INFO - Started process (PID=1178) to work on /home/ubuntu/airflow/dags/customer_churn_dag.py
[2025-04-04T17:27:06.000+0000] {processor.py:914} INFO - Processing file /home/ubuntu/airflow/dags/customer_churn_dag.py for tasks to queue
[2025-04-04T17:27:06.002+0000] {logging_mixin.py:190} INFO - [2025-04-04T17:27:06.002+0000] {dagbag.py:588} INFO - Filling up the DagBag from /home/ubuntu/airflow/dags/customer_churn_dag.py
[2025-04-04T17:27:06.012+0000] {processor.py:925} INFO - DAG(s) 'my_dag' retrieved from /home/ubuntu/airflow/dags/customer_churn_dag.py
[2025-04-04T17:27:06.033+0000] {logging_mixin.py:190} INFO - [2025-04-04T17:27:06.032+0000] {dag.py:3239} INFO - Sync 1 DAGs
[2025-04-04T17:27:06.052+0000] {logging_mixin.py:190} INFO - [2025-04-04T17:27:06.052+0000] {dag.py:4180} INFO - Setting next_dagrun for my_dag to 2025-03-30 00:00:00+00:00, run_after=2025-04-06 00:00:00+00:00
[2025-04-04T17:27:06.073+0000] {processor.py:208} INFO - Processing /home/ubuntu/airflow/dags/customer_churn_dag.py took 0.079 seconds
[2025-04-04T17:27:36.239+0000] {processor.py:186} INFO - Started process (PID=1179) to work on /home/ubuntu/airflow/dags/customer_churn_dag.py
[2025-04-04T17:27:36.241+0000] {processor.py:914} INFO - Processing file /home/ubuntu/airflow/dags/customer_churn_dag.py for tasks to queue
[2025-04-04T17:27:36.243+0000] {logging_mixin.py:190} INFO - [2025-04-04T17:27:36.242+0000] {dagbag.py:588} INFO - Filling up the DagBag from /home/ubuntu/airflow/dags/customer_churn_dag.py
[2025-04-04T17:27:36.253+0000] {processor.py:925} INFO - DAG(s) 'my_dag' retrieved from /home/ubuntu/airflow/dags/customer_churn_dag.py
[2025-04-04T17:27:36.274+0000] {logging_mixin.py:190} INFO - [2025-04-04T17:27:36.273+0000] {dag.py:3239} INFO - Sync 1 DAGs
[2025-04-04T17:27:36.292+0000] {logging_mixin.py:190} INFO - [2025-04-04T17:27:36.292+0000] {dag.py:4180} INFO - Setting next_dagrun for my_dag to 2025-03-30 00:00:00+00:00, run_after=2025-04-06 00:00:00+00:00
[2025-04-04T17:27:36.314+0000] {processor.py:208} INFO - Processing /home/ubuntu/airflow/dags/customer_churn_dag.py took 0.080 seconds
[2025-04-04T17:28:06.479+0000] {processor.py:186} INFO - Started process (PID=1180) to work on /home/ubuntu/airflow/dags/customer_churn_dag.py
[2025-04-04T17:28:06.481+0000] {processor.py:914} INFO - Processing file /home/ubuntu/airflow/dags/customer_churn_dag.py for tasks to queue
[2025-04-04T17:28:06.483+0000] {logging_mixin.py:190} INFO - [2025-04-04T17:28:06.482+0000] {dagbag.py:588} INFO - Filling up the DagBag from /home/ubuntu/airflow/dags/customer_churn_dag.py
[2025-04-04T17:28:06.493+0000] {processor.py:925} INFO - DAG(s) 'my_dag' retrieved from /home/ubuntu/airflow/dags/customer_churn_dag.py
[2025-04-04T17:28:06.514+0000] {logging_mixin.py:190} INFO - [2025-04-04T17:28:06.513+0000] {dag.py:3239} INFO - Sync 1 DAGs
[2025-04-04T17:28:06.532+0000] {logging_mixin.py:190} INFO - [2025-04-04T17:28:06.532+0000] {dag.py:4180} INFO - Setting next_dagrun for my_dag to 2025-03-30 00:00:00+00:00, run_after=2025-04-06 00:00:00+00:00
[2025-04-04T17:28:06.667+0000] {processor.py:208} INFO - Processing /home/ubuntu/airflow/dags/customer_churn_dag.py took 0.193 seconds
[2025-04-04T17:28:36.713+0000] {processor.py:186} INFO - Started process (PID=1182) to work on /home/ubuntu/airflow/dags/customer_churn_dag.py
[2025-04-04T17:28:36.714+0000] {processor.py:914} INFO - Processing file /home/ubuntu/airflow/dags/customer_churn_dag.py for tasks to queue
[2025-04-04T17:28:36.716+0000] {logging_mixin.py:190} INFO - [2025-04-04T17:28:36.715+0000] {dagbag.py:588} INFO - Filling up the DagBag from /home/ubuntu/airflow/dags/customer_churn_dag.py
[2025-04-04T17:28:36.726+0000] {processor.py:925} INFO - DAG(s) 'my_dag' retrieved from /home/ubuntu/airflow/dags/customer_churn_dag.py
[2025-04-04T17:28:36.747+0000] {logging_mixin.py:190} INFO - [2025-04-04T17:28:36.747+0000] {dag.py:3239} INFO - Sync 1 DAGs
[2025-04-04T17:28:36.879+0000] {logging_mixin.py:190} INFO - [2025-04-04T17:28:36.879+0000] {dag.py:4180} INFO - Setting next_dagrun for my_dag to 2025-03-30 00:00:00+00:00, run_after=2025-04-06 00:00:00+00:00
[2025-04-04T17:28:36.899+0000] {processor.py:208} INFO - Processing /home/ubuntu/airflow/dags/customer_churn_dag.py took 0.192 seconds
[2025-04-04T17:29:06.951+0000] {processor.py:186} INFO - Started process (PID=1185) to work on /home/ubuntu/airflow/dags/customer_churn_dag.py
[2025-04-04T17:29:06.952+0000] {processor.py:914} INFO - Processing file /home/ubuntu/airflow/dags/customer_churn_dag.py for tasks to queue
[2025-04-04T17:29:06.954+0000] {logging_mixin.py:190} INFO - [2025-04-04T17:29:06.954+0000] {dagbag.py:588} INFO - Filling up the DagBag from /home/ubuntu/airflow/dags/customer_churn_dag.py
[2025-04-04T17:29:06.965+0000] {processor.py:925} INFO - DAG(s) 'my_dag' retrieved from /home/ubuntu/airflow/dags/customer_churn_dag.py
[2025-04-04T17:29:06.986+0000] {logging_mixin.py:190} INFO - [2025-04-04T17:29:06.986+0000] {dag.py:3239} INFO - Sync 1 DAGs
[2025-04-04T17:29:07.121+0000] {logging_mixin.py:190} INFO - [2025-04-04T17:29:07.120+0000] {dag.py:4180} INFO - Setting next_dagrun for my_dag to 2025-03-30 00:00:00+00:00, run_after=2025-04-06 00:00:00+00:00
[2025-04-04T17:29:07.142+0000] {processor.py:208} INFO - Processing /home/ubuntu/airflow/dags/customer_churn_dag.py took 0.197 seconds
[2025-04-04T17:29:37.191+0000] {processor.py:186} INFO - Started process (PID=1187) to work on /home/ubuntu/airflow/dags/customer_churn_dag.py
[2025-04-04T17:29:37.194+0000] {processor.py:914} INFO - Processing file /home/ubuntu/airflow/dags/customer_churn_dag.py for tasks to queue
[2025-04-04T17:29:37.196+0000] {logging_mixin.py:190} INFO - [2025-04-04T17:29:37.195+0000] {dagbag.py:588} INFO - Filling up the DagBag from /home/ubuntu/airflow/dags/customer_churn_dag.py
[2025-04-04T17:29:37.206+0000] {processor.py:925} INFO - DAG(s) 'my_dag' retrieved from /home/ubuntu/airflow/dags/customer_churn_dag.py
[2025-04-04T17:29:37.226+0000] {logging_mixin.py:190} INFO - [2025-04-04T17:29:37.226+0000] {dag.py:3239} INFO - Sync 1 DAGs
[2025-04-04T17:29:37.355+0000] {logging_mixin.py:190} INFO - [2025-04-04T17:29:37.355+0000] {dag.py:4180} INFO - Setting next_dagrun for my_dag to 2025-03-30 00:00:00+00:00, run_after=2025-04-06 00:00:00+00:00
[2025-04-04T17:29:37.373+0000] {processor.py:208} INFO - Processing /home/ubuntu/airflow/dags/customer_churn_dag.py took 0.188 seconds
[2025-04-04T17:30:08.421+0000] {processor.py:186} INFO - Started process (PID=1190) to work on /home/ubuntu/airflow/dags/customer_churn_dag.py
[2025-04-04T17:30:08.422+0000] {processor.py:914} INFO - Processing file /home/ubuntu/airflow/dags/customer_churn_dag.py for tasks to queue
[2025-04-04T17:30:08.425+0000] {logging_mixin.py:190} INFO - [2025-04-04T17:30:08.424+0000] {dagbag.py:588} INFO - Filling up the DagBag from /home/ubuntu/airflow/dags/customer_churn_dag.py
[2025-04-04T17:30:08.435+0000] {processor.py:925} INFO - DAG(s) 'my_dag' retrieved from /home/ubuntu/airflow/dags/customer_churn_dag.py
[2025-04-04T17:30:08.569+0000] {logging_mixin.py:190} INFO - [2025-04-04T17:30:08.569+0000] {dag.py:3239} INFO - Sync 1 DAGs
[2025-04-04T17:30:08.585+0000] {logging_mixin.py:190} INFO - [2025-04-04T17:30:08.585+0000] {dag.py:4180} INFO - Setting next_dagrun for my_dag to 2025-03-30 00:00:00+00:00, run_after=2025-04-06 00:00:00+00:00
[2025-04-04T17:30:08.605+0000] {processor.py:208} INFO - Processing /home/ubuntu/airflow/dags/customer_churn_dag.py took 0.189 seconds
[2025-04-04T17:30:38.662+0000] {processor.py:186} INFO - Started process (PID=1195) to work on /home/ubuntu/airflow/dags/customer_churn_dag.py
[2025-04-04T17:30:38.663+0000] {processor.py:914} INFO - Processing file /home/ubuntu/airflow/dags/customer_churn_dag.py for tasks to queue
[2025-04-04T17:30:38.664+0000] {logging_mixin.py:190} INFO - [2025-04-04T17:30:38.664+0000] {dagbag.py:588} INFO - Filling up the DagBag from /home/ubuntu/airflow/dags/customer_churn_dag.py
[2025-04-04T17:30:38.789+0000] {processor.py:925} INFO - DAG(s) 'my_dag' retrieved from /home/ubuntu/airflow/dags/customer_churn_dag.py
[2025-04-04T17:30:38.805+0000] {logging_mixin.py:190} INFO - [2025-04-04T17:30:38.805+0000] {dag.py:3239} INFO - Sync 1 DAGs
[2025-04-04T17:30:38.822+0000] {logging_mixin.py:190} INFO - [2025-04-04T17:30:38.821+0000] {dag.py:4180} INFO - Setting next_dagrun for my_dag to 2025-03-30 00:00:00+00:00, run_after=2025-04-06 00:00:00+00:00
[2025-04-04T17:30:38.840+0000] {processor.py:208} INFO - Processing /home/ubuntu/airflow/dags/customer_churn_dag.py took 0.184 seconds
