[2025-03-26T17:14:12.275+0000] {processor.py:186} INFO - Started process (PID=6309) to work on /home/ubuntu/customer_churn_youtube_venv/lib/python3.12/site-packages/airflow/example_dags/example_branch_labels.py
[2025-03-26T17:14:12.275+0000] {processor.py:914} INFO - Processing file /home/ubuntu/customer_churn_youtube_venv/lib/python3.12/site-packages/airflow/example_dags/example_branch_labels.py for tasks to queue
[2025-03-26T17:14:12.278+0000] {logging_mixin.py:190} INFO - [2025-03-26T17:14:12.277+0000] {dagbag.py:588} INFO - Filling up the DagBag from /home/ubuntu/customer_churn_youtube_venv/lib/python3.12/site-packages/airflow/example_dags/example_branch_labels.py
[2025-03-26T17:14:12.289+0000] {processor.py:925} INFO - DAG(s) 'example_branch_labels' retrieved from /home/ubuntu/customer_churn_youtube_venv/lib/python3.12/site-packages/airflow/example_dags/example_branch_labels.py
[2025-03-26T17:14:12.390+0000] {logging_mixin.py:190} INFO - [2025-03-26T17:14:12.389+0000] {override.py:1930} INFO - Created Permission View: can edit on DAG:example_branch_labels
[2025-03-26T17:14:12.402+0000] {logging_mixin.py:190} INFO - [2025-03-26T17:14:12.402+0000] {override.py:1930} INFO - Created Permission View: can read on DAG:example_branch_labels
[2025-03-26T17:14:12.412+0000] {logging_mixin.py:190} INFO - [2025-03-26T17:14:12.412+0000] {override.py:1930} INFO - Created Permission View: can delete on DAG:example_branch_labels
[2025-03-26T17:14:12.428+0000] {logging_mixin.py:190} INFO - [2025-03-26T17:14:12.428+0000] {override.py:1930} INFO - Created Permission View: menu access on DAG Run:example_branch_labels
[2025-03-26T17:14:12.440+0000] {logging_mixin.py:190} INFO - [2025-03-26T17:14:12.439+0000] {override.py:1930} INFO - Created Permission View: can create on DAG Run:example_branch_labels
[2025-03-26T17:14:12.450+0000] {logging_mixin.py:190} INFO - [2025-03-26T17:14:12.449+0000] {override.py:1930} INFO - Created Permission View: can delete on DAG Run:example_branch_labels
[2025-03-26T17:14:12.460+0000] {logging_mixin.py:190} INFO - [2025-03-26T17:14:12.460+0000] {override.py:1930} INFO - Created Permission View: can read on DAG Run:example_branch_labels
[2025-03-26T17:14:12.461+0000] {logging_mixin.py:190} INFO - [2025-03-26T17:14:12.460+0000] {dag.py:3239} INFO - Sync 1 DAGs
[2025-03-26T17:14:12.470+0000] {logging_mixin.py:190} INFO - [2025-03-26T17:14:12.470+0000] {dag.py:3262} INFO - Creating ORM DAG for example_branch_labels
[2025-03-26T17:14:12.481+0000] {logging_mixin.py:190} INFO - [2025-03-26T17:14:12.481+0000] {dag.py:4180} INFO - Setting next_dagrun for example_branch_labels to 2025-03-25 00:00:00+00:00, run_after=2025-03-26 00:00:00+00:00
[2025-03-26T17:14:12.502+0000] {processor.py:208} INFO - Processing /home/ubuntu/customer_churn_youtube_venv/lib/python3.12/site-packages/airflow/example_dags/example_branch_labels.py took 0.232 seconds
[2025-03-26T17:15:13.849+0000] {processor.py:186} INFO - Started process (PID=6376) to work on /home/ubuntu/customer_churn_youtube_venv/lib/python3.12/site-packages/airflow/example_dags/example_branch_labels.py
[2025-03-26T17:15:13.850+0000] {processor.py:914} INFO - Processing file /home/ubuntu/customer_churn_youtube_venv/lib/python3.12/site-packages/airflow/example_dags/example_branch_labels.py for tasks to queue
[2025-03-26T17:15:13.852+0000] {logging_mixin.py:190} INFO - [2025-03-26T17:15:13.852+0000] {dagbag.py:588} INFO - Filling up the DagBag from /home/ubuntu/customer_churn_youtube_venv/lib/python3.12/site-packages/airflow/example_dags/example_branch_labels.py
[2025-03-26T17:15:13.862+0000] {processor.py:925} INFO - DAG(s) 'example_branch_labels' retrieved from /home/ubuntu/customer_churn_youtube_venv/lib/python3.12/site-packages/airflow/example_dags/example_branch_labels.py
[2025-03-26T17:15:13.877+0000] {logging_mixin.py:190} INFO - [2025-03-26T17:15:13.876+0000] {dag.py:3239} INFO - Sync 1 DAGs
[2025-03-26T17:15:13.897+0000] {logging_mixin.py:190} INFO - [2025-03-26T17:15:13.896+0000] {dag.py:4180} INFO - Setting next_dagrun for example_branch_labels to 2025-03-25 00:00:00+00:00, run_after=2025-03-26 00:00:00+00:00
[2025-03-26T17:15:13.920+0000] {processor.py:208} INFO - Processing /home/ubuntu/customer_churn_youtube_venv/lib/python3.12/site-packages/airflow/example_dags/example_branch_labels.py took 0.076 seconds
[2025-03-26T17:16:31.177+0000] {processor.py:186} INFO - Started process (PID=6455) to work on /home/ubuntu/customer_churn_youtube_venv/lib/python3.12/site-packages/airflow/example_dags/example_branch_labels.py
[2025-03-26T17:16:31.179+0000] {processor.py:914} INFO - Processing file /home/ubuntu/customer_churn_youtube_venv/lib/python3.12/site-packages/airflow/example_dags/example_branch_labels.py for tasks to queue
[2025-03-26T17:16:31.180+0000] {logging_mixin.py:190} INFO - [2025-03-26T17:16:31.180+0000] {dagbag.py:588} INFO - Filling up the DagBag from /home/ubuntu/customer_churn_youtube_venv/lib/python3.12/site-packages/airflow/example_dags/example_branch_labels.py
[2025-03-26T17:16:31.190+0000] {processor.py:925} INFO - DAG(s) 'example_branch_labels' retrieved from /home/ubuntu/customer_churn_youtube_venv/lib/python3.12/site-packages/airflow/example_dags/example_branch_labels.py
[2025-03-26T17:16:31.205+0000] {logging_mixin.py:190} INFO - [2025-03-26T17:16:31.205+0000] {dag.py:3239} INFO - Sync 1 DAGs
[2025-03-26T17:16:31.224+0000] {logging_mixin.py:190} INFO - [2025-03-26T17:16:31.224+0000] {dag.py:4180} INFO - Setting next_dagrun for example_branch_labels to 2025-03-25 00:00:00+00:00, run_after=2025-03-26 00:00:00+00:00
[2025-03-26T17:16:31.246+0000] {processor.py:208} INFO - Processing /home/ubuntu/customer_churn_youtube_venv/lib/python3.12/site-packages/airflow/example_dags/example_branch_labels.py took 0.074 seconds
[2025-03-26T17:17:27.608+0000] {processor.py:186} INFO - Started process (PID=6517) to work on /home/ubuntu/customer_churn_youtube_venv/lib/python3.12/site-packages/airflow/example_dags/example_branch_labels.py
[2025-03-26T17:17:27.610+0000] {processor.py:914} INFO - Processing file /home/ubuntu/customer_churn_youtube_venv/lib/python3.12/site-packages/airflow/example_dags/example_branch_labels.py for tasks to queue
[2025-03-26T17:17:27.611+0000] {logging_mixin.py:190} INFO - [2025-03-26T17:17:27.611+0000] {dagbag.py:588} INFO - Filling up the DagBag from /home/ubuntu/customer_churn_youtube_venv/lib/python3.12/site-packages/airflow/example_dags/example_branch_labels.py
[2025-03-26T17:17:27.622+0000] {processor.py:925} INFO - DAG(s) 'example_branch_labels' retrieved from /home/ubuntu/customer_churn_youtube_venv/lib/python3.12/site-packages/airflow/example_dags/example_branch_labels.py
[2025-03-26T17:17:27.637+0000] {logging_mixin.py:190} INFO - [2025-03-26T17:17:27.637+0000] {dag.py:3239} INFO - Sync 1 DAGs
[2025-03-26T17:17:27.656+0000] {logging_mixin.py:190} INFO - [2025-03-26T17:17:27.656+0000] {dag.py:4180} INFO - Setting next_dagrun for example_branch_labels to 2025-03-25 00:00:00+00:00, run_after=2025-03-26 00:00:00+00:00
[2025-03-26T17:17:27.676+0000] {processor.py:208} INFO - Processing /home/ubuntu/customer_churn_youtube_venv/lib/python3.12/site-packages/airflow/example_dags/example_branch_labels.py took 0.073 seconds
[2025-03-26T17:18:45.115+0000] {processor.py:186} INFO - Started process (PID=6596) to work on /home/ubuntu/customer_churn_youtube_venv/lib/python3.12/site-packages/airflow/example_dags/example_branch_labels.py
[2025-03-26T17:18:45.117+0000] {processor.py:914} INFO - Processing file /home/ubuntu/customer_churn_youtube_venv/lib/python3.12/site-packages/airflow/example_dags/example_branch_labels.py for tasks to queue
[2025-03-26T17:18:45.118+0000] {logging_mixin.py:190} INFO - [2025-03-26T17:18:45.118+0000] {dagbag.py:588} INFO - Filling up the DagBag from /home/ubuntu/customer_churn_youtube_venv/lib/python3.12/site-packages/airflow/example_dags/example_branch_labels.py
[2025-03-26T17:18:45.129+0000] {processor.py:925} INFO - DAG(s) 'example_branch_labels' retrieved from /home/ubuntu/customer_churn_youtube_venv/lib/python3.12/site-packages/airflow/example_dags/example_branch_labels.py
[2025-03-26T17:18:45.144+0000] {logging_mixin.py:190} INFO - [2025-03-26T17:18:45.144+0000] {dag.py:3239} INFO - Sync 1 DAGs
[2025-03-26T17:18:45.163+0000] {logging_mixin.py:190} INFO - [2025-03-26T17:18:45.163+0000] {dag.py:4180} INFO - Setting next_dagrun for example_branch_labels to 2025-03-25 00:00:00+00:00, run_after=2025-03-26 00:00:00+00:00
[2025-03-26T17:18:45.184+0000] {processor.py:208} INFO - Processing /home/ubuntu/customer_churn_youtube_venv/lib/python3.12/site-packages/airflow/example_dags/example_branch_labels.py took 0.075 seconds
[2025-03-26T17:20:14.487+0000] {processor.py:186} INFO - Started process (PID=6688) to work on /home/ubuntu/customer_churn_youtube_venv/lib/python3.12/site-packages/airflow/example_dags/example_branch_labels.py
[2025-03-26T17:20:14.489+0000] {processor.py:914} INFO - Processing file /home/ubuntu/customer_churn_youtube_venv/lib/python3.12/site-packages/airflow/example_dags/example_branch_labels.py for tasks to queue
[2025-03-26T17:20:14.491+0000] {logging_mixin.py:190} INFO - [2025-03-26T17:20:14.491+0000] {dagbag.py:588} INFO - Filling up the DagBag from /home/ubuntu/customer_churn_youtube_venv/lib/python3.12/site-packages/airflow/example_dags/example_branch_labels.py
[2025-03-26T17:20:14.500+0000] {processor.py:925} INFO - DAG(s) 'example_branch_labels' retrieved from /home/ubuntu/customer_churn_youtube_venv/lib/python3.12/site-packages/airflow/example_dags/example_branch_labels.py
[2025-03-26T17:20:14.517+0000] {logging_mixin.py:190} INFO - [2025-03-26T17:20:14.517+0000] {dag.py:3239} INFO - Sync 1 DAGs
[2025-03-26T17:20:14.536+0000] {logging_mixin.py:190} INFO - [2025-03-26T17:20:14.536+0000] {dag.py:4180} INFO - Setting next_dagrun for example_branch_labels to 2025-03-25 00:00:00+00:00, run_after=2025-03-26 00:00:00+00:00
[2025-03-26T17:20:14.559+0000] {processor.py:208} INFO - Processing /home/ubuntu/customer_churn_youtube_venv/lib/python3.12/site-packages/airflow/example_dags/example_branch_labels.py took 0.078 seconds
[2025-03-26T17:21:10.460+0000] {processor.py:186} INFO - Started process (PID=6745) to work on /home/ubuntu/customer_churn_youtube_venv/lib/python3.12/site-packages/airflow/example_dags/example_branch_labels.py
[2025-03-26T17:21:10.461+0000] {processor.py:914} INFO - Processing file /home/ubuntu/customer_churn_youtube_venv/lib/python3.12/site-packages/airflow/example_dags/example_branch_labels.py for tasks to queue
[2025-03-26T17:21:10.464+0000] {logging_mixin.py:190} INFO - [2025-03-26T17:21:10.463+0000] {dagbag.py:588} INFO - Filling up the DagBag from /home/ubuntu/customer_churn_youtube_venv/lib/python3.12/site-packages/airflow/example_dags/example_branch_labels.py
[2025-03-26T17:21:10.474+0000] {processor.py:925} INFO - DAG(s) 'example_branch_labels' retrieved from /home/ubuntu/customer_churn_youtube_venv/lib/python3.12/site-packages/airflow/example_dags/example_branch_labels.py
[2025-03-26T17:21:10.490+0000] {logging_mixin.py:190} INFO - [2025-03-26T17:21:10.489+0000] {dag.py:3239} INFO - Sync 1 DAGs
[2025-03-26T17:21:10.509+0000] {logging_mixin.py:190} INFO - [2025-03-26T17:21:10.509+0000] {dag.py:4180} INFO - Setting next_dagrun for example_branch_labels to 2025-03-25 00:00:00+00:00, run_after=2025-03-26 00:00:00+00:00
[2025-03-26T17:21:10.532+0000] {processor.py:208} INFO - Processing /home/ubuntu/customer_churn_youtube_venv/lib/python3.12/site-packages/airflow/example_dags/example_branch_labels.py took 0.078 seconds
[2025-03-26T17:22:28.586+0000] {processor.py:186} INFO - Started process (PID=6825) to work on /home/ubuntu/customer_churn_youtube_venv/lib/python3.12/site-packages/airflow/example_dags/example_branch_labels.py
[2025-03-26T17:22:28.587+0000] {processor.py:914} INFO - Processing file /home/ubuntu/customer_churn_youtube_venv/lib/python3.12/site-packages/airflow/example_dags/example_branch_labels.py for tasks to queue
[2025-03-26T17:22:28.590+0000] {logging_mixin.py:190} INFO - [2025-03-26T17:22:28.590+0000] {dagbag.py:588} INFO - Filling up the DagBag from /home/ubuntu/customer_churn_youtube_venv/lib/python3.12/site-packages/airflow/example_dags/example_branch_labels.py
[2025-03-26T17:22:28.600+0000] {processor.py:925} INFO - DAG(s) 'example_branch_labels' retrieved from /home/ubuntu/customer_churn_youtube_venv/lib/python3.12/site-packages/airflow/example_dags/example_branch_labels.py
[2025-03-26T17:22:28.615+0000] {logging_mixin.py:190} INFO - [2025-03-26T17:22:28.615+0000] {dag.py:3239} INFO - Sync 1 DAGs
[2025-03-26T17:22:28.636+0000] {logging_mixin.py:190} INFO - [2025-03-26T17:22:28.636+0000] {dag.py:4180} INFO - Setting next_dagrun for example_branch_labels to 2025-03-25 00:00:00+00:00, run_after=2025-03-26 00:00:00+00:00
[2025-03-26T17:22:28.657+0000] {processor.py:208} INFO - Processing /home/ubuntu/customer_churn_youtube_venv/lib/python3.12/site-packages/airflow/example_dags/example_branch_labels.py took 0.077 seconds
[2025-03-26T17:23:46.373+0000] {processor.py:186} INFO - Started process (PID=6904) to work on /home/ubuntu/customer_churn_youtube_venv/lib/python3.12/site-packages/airflow/example_dags/example_branch_labels.py
[2025-03-26T17:23:46.375+0000] {processor.py:914} INFO - Processing file /home/ubuntu/customer_churn_youtube_venv/lib/python3.12/site-packages/airflow/example_dags/example_branch_labels.py for tasks to queue
[2025-03-26T17:23:46.378+0000] {logging_mixin.py:190} INFO - [2025-03-26T17:23:46.377+0000] {dagbag.py:588} INFO - Filling up the DagBag from /home/ubuntu/customer_churn_youtube_venv/lib/python3.12/site-packages/airflow/example_dags/example_branch_labels.py
[2025-03-26T17:23:46.387+0000] {processor.py:925} INFO - DAG(s) 'example_branch_labels' retrieved from /home/ubuntu/customer_churn_youtube_venv/lib/python3.12/site-packages/airflow/example_dags/example_branch_labels.py
[2025-03-26T17:23:46.404+0000] {logging_mixin.py:190} INFO - [2025-03-26T17:23:46.404+0000] {dag.py:3239} INFO - Sync 1 DAGs
[2025-03-26T17:23:46.424+0000] {logging_mixin.py:190} INFO - [2025-03-26T17:23:46.424+0000] {dag.py:4180} INFO - Setting next_dagrun for example_branch_labels to 2025-03-25 00:00:00+00:00, run_after=2025-03-26 00:00:00+00:00
[2025-03-26T17:23:46.445+0000] {processor.py:208} INFO - Processing /home/ubuntu/customer_churn_youtube_venv/lib/python3.12/site-packages/airflow/example_dags/example_branch_labels.py took 0.078 seconds
[2025-03-26T17:25:03.436+0000] {processor.py:186} INFO - Started process (PID=6987) to work on /home/ubuntu/customer_churn_youtube_venv/lib/python3.12/site-packages/airflow/example_dags/example_branch_labels.py
[2025-03-26T17:25:03.438+0000] {processor.py:914} INFO - Processing file /home/ubuntu/customer_churn_youtube_venv/lib/python3.12/site-packages/airflow/example_dags/example_branch_labels.py for tasks to queue
[2025-03-26T17:25:03.440+0000] {logging_mixin.py:190} INFO - [2025-03-26T17:25:03.439+0000] {dagbag.py:588} INFO - Filling up the DagBag from /home/ubuntu/customer_churn_youtube_venv/lib/python3.12/site-packages/airflow/example_dags/example_branch_labels.py
[2025-03-26T17:25:03.450+0000] {processor.py:925} INFO - DAG(s) 'example_branch_labels' retrieved from /home/ubuntu/customer_churn_youtube_venv/lib/python3.12/site-packages/airflow/example_dags/example_branch_labels.py
[2025-03-26T17:25:03.467+0000] {logging_mixin.py:190} INFO - [2025-03-26T17:25:03.466+0000] {dag.py:3239} INFO - Sync 1 DAGs
[2025-03-26T17:25:03.489+0000] {logging_mixin.py:190} INFO - [2025-03-26T17:25:03.489+0000] {dag.py:4180} INFO - Setting next_dagrun for example_branch_labels to 2025-03-25 00:00:00+00:00, run_after=2025-03-26 00:00:00+00:00
[2025-03-26T17:25:03.509+0000] {processor.py:208} INFO - Processing /home/ubuntu/customer_churn_youtube_venv/lib/python3.12/site-packages/airflow/example_dags/example_branch_labels.py took 0.079 seconds
[2025-03-26T17:26:15.854+0000] {processor.py:186} INFO - Started process (PID=7065) to work on /home/ubuntu/customer_churn_youtube_venv/lib/python3.12/site-packages/airflow/example_dags/example_branch_labels.py
[2025-03-26T17:26:15.856+0000] {processor.py:914} INFO - Processing file /home/ubuntu/customer_churn_youtube_venv/lib/python3.12/site-packages/airflow/example_dags/example_branch_labels.py for tasks to queue
[2025-03-26T17:26:15.858+0000] {logging_mixin.py:190} INFO - [2025-03-26T17:26:15.858+0000] {dagbag.py:588} INFO - Filling up the DagBag from /home/ubuntu/customer_churn_youtube_venv/lib/python3.12/site-packages/airflow/example_dags/example_branch_labels.py
[2025-03-26T17:26:15.868+0000] {processor.py:925} INFO - DAG(s) 'example_branch_labels' retrieved from /home/ubuntu/customer_churn_youtube_venv/lib/python3.12/site-packages/airflow/example_dags/example_branch_labels.py
[2025-03-26T17:26:15.885+0000] {logging_mixin.py:190} INFO - [2025-03-26T17:26:15.885+0000] {dag.py:3239} INFO - Sync 1 DAGs
[2025-03-26T17:26:15.905+0000] {logging_mixin.py:190} INFO - [2025-03-26T17:26:15.905+0000] {dag.py:4180} INFO - Setting next_dagrun for example_branch_labels to 2025-03-25 00:00:00+00:00, run_after=2025-03-26 00:00:00+00:00
[2025-03-26T17:26:15.927+0000] {processor.py:208} INFO - Processing /home/ubuntu/customer_churn_youtube_venv/lib/python3.12/site-packages/airflow/example_dags/example_branch_labels.py took 0.079 seconds
[2025-03-26T17:27:33.191+0000] {processor.py:186} INFO - Started process (PID=7144) to work on /home/ubuntu/customer_churn_youtube_venv/lib/python3.12/site-packages/airflow/example_dags/example_branch_labels.py
[2025-03-26T17:27:33.192+0000] {processor.py:914} INFO - Processing file /home/ubuntu/customer_churn_youtube_venv/lib/python3.12/site-packages/airflow/example_dags/example_branch_labels.py for tasks to queue
[2025-03-26T17:27:33.195+0000] {logging_mixin.py:190} INFO - [2025-03-26T17:27:33.194+0000] {dagbag.py:588} INFO - Filling up the DagBag from /home/ubuntu/customer_churn_youtube_venv/lib/python3.12/site-packages/airflow/example_dags/example_branch_labels.py
[2025-03-26T17:27:33.204+0000] {processor.py:925} INFO - DAG(s) 'example_branch_labels' retrieved from /home/ubuntu/customer_churn_youtube_venv/lib/python3.12/site-packages/airflow/example_dags/example_branch_labels.py
[2025-03-26T17:27:33.220+0000] {logging_mixin.py:190} INFO - [2025-03-26T17:27:33.220+0000] {dag.py:3239} INFO - Sync 1 DAGs
[2025-03-26T17:27:33.241+0000] {logging_mixin.py:190} INFO - [2025-03-26T17:27:33.241+0000] {dag.py:4180} INFO - Setting next_dagrun for example_branch_labels to 2025-03-25 00:00:00+00:00, run_after=2025-03-26 00:00:00+00:00
[2025-03-26T17:27:33.265+0000] {processor.py:208} INFO - Processing /home/ubuntu/customer_churn_youtube_venv/lib/python3.12/site-packages/airflow/example_dags/example_branch_labels.py took 0.080 seconds
[2025-03-26T17:28:50.073+0000] {processor.py:186} INFO - Started process (PID=7269) to work on /home/ubuntu/customer_churn_youtube_venv/lib/python3.12/site-packages/airflow/example_dags/example_branch_labels.py
[2025-03-26T17:28:50.075+0000] {processor.py:914} INFO - Processing file /home/ubuntu/customer_churn_youtube_venv/lib/python3.12/site-packages/airflow/example_dags/example_branch_labels.py for tasks to queue
[2025-03-26T17:28:50.076+0000] {logging_mixin.py:190} INFO - [2025-03-26T17:28:50.076+0000] {dagbag.py:588} INFO - Filling up the DagBag from /home/ubuntu/customer_churn_youtube_venv/lib/python3.12/site-packages/airflow/example_dags/example_branch_labels.py
[2025-03-26T17:28:50.087+0000] {processor.py:925} INFO - DAG(s) 'example_branch_labels' retrieved from /home/ubuntu/customer_churn_youtube_venv/lib/python3.12/site-packages/airflow/example_dags/example_branch_labels.py
[2025-03-26T17:28:50.102+0000] {logging_mixin.py:190} INFO - [2025-03-26T17:28:50.102+0000] {dag.py:3239} INFO - Sync 1 DAGs
[2025-03-26T17:28:50.123+0000] {logging_mixin.py:190} INFO - [2025-03-26T17:28:50.122+0000] {dag.py:4180} INFO - Setting next_dagrun for example_branch_labels to 2025-03-25 00:00:00+00:00, run_after=2025-03-26 00:00:00+00:00
[2025-03-26T17:28:50.147+0000] {processor.py:208} INFO - Processing /home/ubuntu/customer_churn_youtube_venv/lib/python3.12/site-packages/airflow/example_dags/example_branch_labels.py took 0.080 seconds
[2025-03-26T17:30:05.518+0000] {processor.py:186} INFO - Started process (PID=7352) to work on /home/ubuntu/customer_churn_youtube_venv/lib/python3.12/site-packages/airflow/example_dags/example_branch_labels.py
[2025-03-26T17:30:05.519+0000] {processor.py:914} INFO - Processing file /home/ubuntu/customer_churn_youtube_venv/lib/python3.12/site-packages/airflow/example_dags/example_branch_labels.py for tasks to queue
[2025-03-26T17:30:05.521+0000] {logging_mixin.py:190} INFO - [2025-03-26T17:30:05.520+0000] {dagbag.py:588} INFO - Filling up the DagBag from /home/ubuntu/customer_churn_youtube_venv/lib/python3.12/site-packages/airflow/example_dags/example_branch_labels.py
[2025-03-26T17:30:05.531+0000] {processor.py:925} INFO - DAG(s) 'example_branch_labels' retrieved from /home/ubuntu/customer_churn_youtube_venv/lib/python3.12/site-packages/airflow/example_dags/example_branch_labels.py
[2025-03-26T17:30:05.547+0000] {logging_mixin.py:190} INFO - [2025-03-26T17:30:05.546+0000] {dag.py:3239} INFO - Sync 1 DAGs
[2025-03-26T17:30:05.567+0000] {logging_mixin.py:190} INFO - [2025-03-26T17:30:05.567+0000] {dag.py:4180} INFO - Setting next_dagrun for example_branch_labels to 2025-03-25 00:00:00+00:00, run_after=2025-03-26 00:00:00+00:00
[2025-03-26T17:30:05.589+0000] {processor.py:208} INFO - Processing /home/ubuntu/customer_churn_youtube_venv/lib/python3.12/site-packages/airflow/example_dags/example_branch_labels.py took 0.077 seconds
[2025-03-26T17:31:19.655+0000] {processor.py:186} INFO - Started process (PID=7430) to work on /home/ubuntu/customer_churn_youtube_venv/lib/python3.12/site-packages/airflow/example_dags/example_branch_labels.py
[2025-03-26T17:31:19.657+0000] {processor.py:914} INFO - Processing file /home/ubuntu/customer_churn_youtube_venv/lib/python3.12/site-packages/airflow/example_dags/example_branch_labels.py for tasks to queue
[2025-03-26T17:31:19.659+0000] {logging_mixin.py:190} INFO - [2025-03-26T17:31:19.659+0000] {dagbag.py:588} INFO - Filling up the DagBag from /home/ubuntu/customer_churn_youtube_venv/lib/python3.12/site-packages/airflow/example_dags/example_branch_labels.py
[2025-03-26T17:31:19.670+0000] {processor.py:925} INFO - DAG(s) 'example_branch_labels' retrieved from /home/ubuntu/customer_churn_youtube_venv/lib/python3.12/site-packages/airflow/example_dags/example_branch_labels.py
[2025-03-26T17:31:19.686+0000] {logging_mixin.py:190} INFO - [2025-03-26T17:31:19.686+0000] {dag.py:3239} INFO - Sync 1 DAGs
[2025-03-26T17:31:19.706+0000] {logging_mixin.py:190} INFO - [2025-03-26T17:31:19.705+0000] {dag.py:4180} INFO - Setting next_dagrun for example_branch_labels to 2025-03-25 00:00:00+00:00, run_after=2025-03-26 00:00:00+00:00
[2025-03-26T17:31:19.729+0000] {processor.py:208} INFO - Processing /home/ubuntu/customer_churn_youtube_venv/lib/python3.12/site-packages/airflow/example_dags/example_branch_labels.py took 0.079 seconds
[2025-03-26T17:32:36.137+0000] {processor.py:186} INFO - Started process (PID=7549) to work on /home/ubuntu/customer_churn_youtube_venv/lib/python3.12/site-packages/airflow/example_dags/example_branch_labels.py
[2025-03-26T17:32:36.140+0000] {processor.py:914} INFO - Processing file /home/ubuntu/customer_churn_youtube_venv/lib/python3.12/site-packages/airflow/example_dags/example_branch_labels.py for tasks to queue
[2025-03-26T17:32:36.141+0000] {logging_mixin.py:190} INFO - [2025-03-26T17:32:36.141+0000] {dagbag.py:588} INFO - Filling up the DagBag from /home/ubuntu/customer_churn_youtube_venv/lib/python3.12/site-packages/airflow/example_dags/example_branch_labels.py
[2025-03-26T17:32:36.152+0000] {processor.py:925} INFO - DAG(s) 'example_branch_labels' retrieved from /home/ubuntu/customer_churn_youtube_venv/lib/python3.12/site-packages/airflow/example_dags/example_branch_labels.py
[2025-03-26T17:32:36.167+0000] {logging_mixin.py:190} INFO - [2025-03-26T17:32:36.167+0000] {dag.py:3239} INFO - Sync 1 DAGs
[2025-03-26T17:32:36.187+0000] {logging_mixin.py:190} INFO - [2025-03-26T17:32:36.187+0000] {dag.py:4180} INFO - Setting next_dagrun for example_branch_labels to 2025-03-25 00:00:00+00:00, run_after=2025-03-26 00:00:00+00:00
[2025-03-26T17:32:36.207+0000] {processor.py:208} INFO - Processing /home/ubuntu/customer_churn_youtube_venv/lib/python3.12/site-packages/airflow/example_dags/example_branch_labels.py took 0.075 seconds
[2025-03-26T17:33:52.867+0000] {processor.py:186} INFO - Started process (PID=7628) to work on /home/ubuntu/customer_churn_youtube_venv/lib/python3.12/site-packages/airflow/example_dags/example_branch_labels.py
[2025-03-26T17:33:52.870+0000] {processor.py:914} INFO - Processing file /home/ubuntu/customer_churn_youtube_venv/lib/python3.12/site-packages/airflow/example_dags/example_branch_labels.py for tasks to queue
[2025-03-26T17:33:52.871+0000] {logging_mixin.py:190} INFO - [2025-03-26T17:33:52.871+0000] {dagbag.py:588} INFO - Filling up the DagBag from /home/ubuntu/customer_churn_youtube_venv/lib/python3.12/site-packages/airflow/example_dags/example_branch_labels.py
[2025-03-26T17:33:52.882+0000] {processor.py:925} INFO - DAG(s) 'example_branch_labels' retrieved from /home/ubuntu/customer_churn_youtube_venv/lib/python3.12/site-packages/airflow/example_dags/example_branch_labels.py
[2025-03-26T17:33:52.898+0000] {logging_mixin.py:190} INFO - [2025-03-26T17:33:52.897+0000] {dag.py:3239} INFO - Sync 1 DAGs
[2025-03-26T17:33:52.917+0000] {logging_mixin.py:190} INFO - [2025-03-26T17:33:52.917+0000] {dag.py:4180} INFO - Setting next_dagrun for example_branch_labels to 2025-03-25 00:00:00+00:00, run_after=2025-03-26 00:00:00+00:00
[2025-03-26T17:33:52.939+0000] {processor.py:208} INFO - Processing /home/ubuntu/customer_churn_youtube_venv/lib/python3.12/site-packages/airflow/example_dags/example_branch_labels.py took 0.077 seconds
[2025-03-26T17:35:12.316+0000] {processor.py:186} INFO - Started process (PID=7716) to work on /home/ubuntu/customer_churn_youtube_venv/lib/python3.12/site-packages/airflow/example_dags/example_branch_labels.py
[2025-03-26T17:35:12.319+0000] {processor.py:914} INFO - Processing file /home/ubuntu/customer_churn_youtube_venv/lib/python3.12/site-packages/airflow/example_dags/example_branch_labels.py for tasks to queue
[2025-03-26T17:35:12.321+0000] {logging_mixin.py:190} INFO - [2025-03-26T17:35:12.321+0000] {dagbag.py:588} INFO - Filling up the DagBag from /home/ubuntu/customer_churn_youtube_venv/lib/python3.12/site-packages/airflow/example_dags/example_branch_labels.py
[2025-03-26T17:35:12.331+0000] {processor.py:925} INFO - DAG(s) 'example_branch_labels' retrieved from /home/ubuntu/customer_churn_youtube_venv/lib/python3.12/site-packages/airflow/example_dags/example_branch_labels.py
[2025-03-26T17:35:12.347+0000] {logging_mixin.py:190} INFO - [2025-03-26T17:35:12.347+0000] {dag.py:3239} INFO - Sync 1 DAGs
[2025-03-26T17:35:12.367+0000] {logging_mixin.py:190} INFO - [2025-03-26T17:35:12.366+0000] {dag.py:4180} INFO - Setting next_dagrun for example_branch_labels to 2025-03-25 00:00:00+00:00, run_after=2025-03-26 00:00:00+00:00
[2025-03-26T17:35:12.389+0000] {processor.py:208} INFO - Processing /home/ubuntu/customer_churn_youtube_venv/lib/python3.12/site-packages/airflow/example_dags/example_branch_labels.py took 0.078 seconds
[2025-03-26T17:36:31.651+0000] {processor.py:186} INFO - Started process (PID=7799) to work on /home/ubuntu/customer_churn_youtube_venv/lib/python3.12/site-packages/airflow/example_dags/example_branch_labels.py
[2025-03-26T17:36:31.652+0000] {processor.py:914} INFO - Processing file /home/ubuntu/customer_churn_youtube_venv/lib/python3.12/site-packages/airflow/example_dags/example_branch_labels.py for tasks to queue
[2025-03-26T17:36:31.655+0000] {logging_mixin.py:190} INFO - [2025-03-26T17:36:31.654+0000] {dagbag.py:588} INFO - Filling up the DagBag from /home/ubuntu/customer_churn_youtube_venv/lib/python3.12/site-packages/airflow/example_dags/example_branch_labels.py
[2025-03-26T17:36:31.666+0000] {processor.py:925} INFO - DAG(s) 'example_branch_labels' retrieved from /home/ubuntu/customer_churn_youtube_venv/lib/python3.12/site-packages/airflow/example_dags/example_branch_labels.py
[2025-03-26T17:36:31.682+0000] {logging_mixin.py:190} INFO - [2025-03-26T17:36:31.682+0000] {dag.py:3239} INFO - Sync 1 DAGs
[2025-03-26T17:36:31.703+0000] {logging_mixin.py:190} INFO - [2025-03-26T17:36:31.703+0000] {dag.py:4180} INFO - Setting next_dagrun for example_branch_labels to 2025-03-25 00:00:00+00:00, run_after=2025-03-26 00:00:00+00:00
[2025-03-26T17:36:31.724+0000] {processor.py:208} INFO - Processing /home/ubuntu/customer_churn_youtube_venv/lib/python3.12/site-packages/airflow/example_dags/example_branch_labels.py took 0.079 seconds
