[2025-03-26T17:13:51.903+0000] {processor.py:186} INFO - Started process (PID=6293) to work on /home/ubuntu/customer_churn_youtube_venv/lib/python3.12/site-packages/airflow/example_dags/example_inlet_event_extra.py
[2025-03-26T17:13:51.904+0000] {processor.py:914} INFO - Processing file /home/ubuntu/customer_churn_youtube_venv/lib/python3.12/site-packages/airflow/example_dags/example_inlet_event_extra.py for tasks to queue
[2025-03-26T17:13:51.906+0000] {logging_mixin.py:190} INFO - [2025-03-26T17:13:51.906+0000] {dagbag.py:588} INFO - Filling up the DagBag from /home/ubuntu/customer_churn_youtube_venv/lib/python3.12/site-packages/airflow/example_dags/example_inlet_event_extra.py
[2025-03-26T17:13:52.005+0000] {processor.py:925} INFO - DAG(s) 'read_dataset_event_from_classic', 'read_dataset_event' retrieved from /home/ubuntu/customer_churn_youtube_venv/lib/python3.12/site-packages/airflow/example_dags/example_inlet_event_extra.py
[2025-03-26T17:13:52.102+0000] {logging_mixin.py:190} INFO - [2025-03-26T17:13:52.102+0000] {override.py:1930} INFO - Created Permission View: can edit on DAG:read_dataset_event_from_classic
[2025-03-26T17:13:52.116+0000] {logging_mixin.py:190} INFO - [2025-03-26T17:13:52.116+0000] {override.py:1930} INFO - Created Permission View: can read on DAG:read_dataset_event_from_classic
[2025-03-26T17:13:52.126+0000] {logging_mixin.py:190} INFO - [2025-03-26T17:13:52.126+0000] {override.py:1930} INFO - Created Permission View: can delete on DAG:read_dataset_event_from_classic
[2025-03-26T17:13:52.143+0000] {logging_mixin.py:190} INFO - [2025-03-26T17:13:52.142+0000] {override.py:1930} INFO - Created Permission View: menu access on DAG Run:read_dataset_event_from_classic
[2025-03-26T17:13:52.151+0000] {logging_mixin.py:190} INFO - [2025-03-26T17:13:52.151+0000] {override.py:1930} INFO - Created Permission View: can create on DAG Run:read_dataset_event_from_classic
[2025-03-26T17:13:52.162+0000] {logging_mixin.py:190} INFO - [2025-03-26T17:13:52.162+0000] {override.py:1930} INFO - Created Permission View: can delete on DAG Run:read_dataset_event_from_classic
[2025-03-26T17:13:52.172+0000] {logging_mixin.py:190} INFO - [2025-03-26T17:13:52.172+0000] {override.py:1930} INFO - Created Permission View: can read on DAG Run:read_dataset_event_from_classic
[2025-03-26T17:13:52.199+0000] {logging_mixin.py:190} INFO - [2025-03-26T17:13:52.199+0000] {override.py:1930} INFO - Created Permission View: can edit on DAG:read_dataset_event
[2025-03-26T17:13:52.216+0000] {logging_mixin.py:190} INFO - [2025-03-26T17:13:52.215+0000] {override.py:1930} INFO - Created Permission View: can read on DAG:read_dataset_event
[2025-03-26T17:13:52.225+0000] {logging_mixin.py:190} INFO - [2025-03-26T17:13:52.225+0000] {override.py:1930} INFO - Created Permission View: can delete on DAG:read_dataset_event
[2025-03-26T17:13:52.241+0000] {logging_mixin.py:190} INFO - [2025-03-26T17:13:52.241+0000] {override.py:1930} INFO - Created Permission View: menu access on DAG Run:read_dataset_event
[2025-03-26T17:13:52.252+0000] {logging_mixin.py:190} INFO - [2025-03-26T17:13:52.251+0000] {override.py:1930} INFO - Created Permission View: can create on DAG Run:read_dataset_event
[2025-03-26T17:13:52.261+0000] {logging_mixin.py:190} INFO - [2025-03-26T17:13:52.261+0000] {override.py:1930} INFO - Created Permission View: can delete on DAG Run:read_dataset_event
[2025-03-26T17:13:52.270+0000] {logging_mixin.py:190} INFO - [2025-03-26T17:13:52.270+0000] {override.py:1930} INFO - Created Permission View: can read on DAG Run:read_dataset_event
[2025-03-26T17:13:52.271+0000] {logging_mixin.py:190} INFO - [2025-03-26T17:13:52.270+0000] {dag.py:3239} INFO - Sync 2 DAGs
[2025-03-26T17:13:52.283+0000] {logging_mixin.py:190} INFO - [2025-03-26T17:13:52.283+0000] {dag.py:3262} INFO - Creating ORM DAG for read_dataset_event
[2025-03-26T17:13:52.283+0000] {logging_mixin.py:190} INFO - [2025-03-26T17:13:52.283+0000] {dag.py:3262} INFO - Creating ORM DAG for read_dataset_event_from_classic
[2025-03-26T17:13:52.291+0000] {logging_mixin.py:190} INFO - [2025-03-26T17:13:52.291+0000] {dag.py:4180} INFO - Setting next_dagrun for read_dataset_event to 2025-03-25 00:00:00+00:00, run_after=2025-03-26 00:00:00+00:00
[2025-03-26T17:13:52.293+0000] {logging_mixin.py:190} INFO - [2025-03-26T17:13:52.293+0000] {dag.py:4180} INFO - Setting next_dagrun for read_dataset_event_from_classic to 2025-03-25 00:00:00+00:00, run_after=2025-03-26 00:00:00+00:00
[2025-03-26T17:13:52.315+0000] {processor.py:208} INFO - Processing /home/ubuntu/customer_churn_youtube_venv/lib/python3.12/site-packages/airflow/example_dags/example_inlet_event_extra.py took 0.417 seconds
[2025-03-26T17:14:56.795+0000] {processor.py:186} INFO - Started process (PID=6354) to work on /home/ubuntu/customer_churn_youtube_venv/lib/python3.12/site-packages/airflow/example_dags/example_inlet_event_extra.py
[2025-03-26T17:14:56.797+0000] {processor.py:914} INFO - Processing file /home/ubuntu/customer_churn_youtube_venv/lib/python3.12/site-packages/airflow/example_dags/example_inlet_event_extra.py for tasks to queue
[2025-03-26T17:14:56.798+0000] {logging_mixin.py:190} INFO - [2025-03-26T17:14:56.798+0000] {dagbag.py:588} INFO - Filling up the DagBag from /home/ubuntu/customer_churn_youtube_venv/lib/python3.12/site-packages/airflow/example_dags/example_inlet_event_extra.py
[2025-03-26T17:14:56.895+0000] {processor.py:925} INFO - DAG(s) 'read_dataset_event_from_classic', 'read_dataset_event' retrieved from /home/ubuntu/customer_churn_youtube_venv/lib/python3.12/site-packages/airflow/example_dags/example_inlet_event_extra.py
[2025-03-26T17:14:56.911+0000] {logging_mixin.py:190} INFO - [2025-03-26T17:14:56.910+0000] {dag.py:3239} INFO - Sync 2 DAGs
[2025-03-26T17:14:56.931+0000] {logging_mixin.py:190} INFO - [2025-03-26T17:14:56.931+0000] {dag.py:4180} INFO - Setting next_dagrun for read_dataset_event to 2025-03-25 00:00:00+00:00, run_after=2025-03-26 00:00:00+00:00
[2025-03-26T17:14:56.936+0000] {logging_mixin.py:190} INFO - [2025-03-26T17:14:56.936+0000] {dag.py:4180} INFO - Setting next_dagrun for read_dataset_event_from_classic to 2025-03-25 00:00:00+00:00, run_after=2025-03-26 00:00:00+00:00
[2025-03-26T17:14:56.956+0000] {processor.py:208} INFO - Processing /home/ubuntu/customer_churn_youtube_venv/lib/python3.12/site-packages/airflow/example_dags/example_inlet_event_extra.py took 0.166 seconds
[2025-03-26T17:15:52.862+0000] {processor.py:186} INFO - Started process (PID=6417) to work on /home/ubuntu/customer_churn_youtube_venv/lib/python3.12/site-packages/airflow/example_dags/example_inlet_event_extra.py
[2025-03-26T17:15:52.865+0000] {processor.py:914} INFO - Processing file /home/ubuntu/customer_churn_youtube_venv/lib/python3.12/site-packages/airflow/example_dags/example_inlet_event_extra.py for tasks to queue
[2025-03-26T17:15:52.866+0000] {logging_mixin.py:190} INFO - [2025-03-26T17:15:52.866+0000] {dagbag.py:588} INFO - Filling up the DagBag from /home/ubuntu/customer_churn_youtube_venv/lib/python3.12/site-packages/airflow/example_dags/example_inlet_event_extra.py
[2025-03-26T17:15:52.964+0000] {processor.py:925} INFO - DAG(s) 'read_dataset_event', 'read_dataset_event_from_classic' retrieved from /home/ubuntu/customer_churn_youtube_venv/lib/python3.12/site-packages/airflow/example_dags/example_inlet_event_extra.py
[2025-03-26T17:15:52.980+0000] {logging_mixin.py:190} INFO - [2025-03-26T17:15:52.980+0000] {dag.py:3239} INFO - Sync 2 DAGs
[2025-03-26T17:15:53.000+0000] {logging_mixin.py:190} INFO - [2025-03-26T17:15:52.999+0000] {dag.py:4180} INFO - Setting next_dagrun for read_dataset_event to 2025-03-25 00:00:00+00:00, run_after=2025-03-26 00:00:00+00:00
[2025-03-26T17:15:53.004+0000] {logging_mixin.py:190} INFO - [2025-03-26T17:15:53.003+0000] {dag.py:4180} INFO - Setting next_dagrun for read_dataset_event_from_classic to 2025-03-25 00:00:00+00:00, run_after=2025-03-26 00:00:00+00:00
[2025-03-26T17:15:53.025+0000] {processor.py:208} INFO - Processing /home/ubuntu/customer_churn_youtube_venv/lib/python3.12/site-packages/airflow/example_dags/example_inlet_event_extra.py took 0.167 seconds
[2025-03-26T17:16:51.157+0000] {processor.py:186} INFO - Started process (PID=6474) to work on /home/ubuntu/customer_churn_youtube_venv/lib/python3.12/site-packages/airflow/example_dags/example_inlet_event_extra.py
[2025-03-26T17:16:51.159+0000] {processor.py:914} INFO - Processing file /home/ubuntu/customer_churn_youtube_venv/lib/python3.12/site-packages/airflow/example_dags/example_inlet_event_extra.py for tasks to queue
[2025-03-26T17:16:51.160+0000] {logging_mixin.py:190} INFO - [2025-03-26T17:16:51.160+0000] {dagbag.py:588} INFO - Filling up the DagBag from /home/ubuntu/customer_churn_youtube_venv/lib/python3.12/site-packages/airflow/example_dags/example_inlet_event_extra.py
[2025-03-26T17:16:51.379+0000] {processor.py:925} INFO - DAG(s) 'read_dataset_event_from_classic', 'read_dataset_event' retrieved from /home/ubuntu/customer_churn_youtube_venv/lib/python3.12/site-packages/airflow/example_dags/example_inlet_event_extra.py
[2025-03-26T17:16:51.391+0000] {logging_mixin.py:190} INFO - [2025-03-26T17:16:51.391+0000] {dag.py:3239} INFO - Sync 2 DAGs
[2025-03-26T17:16:51.408+0000] {logging_mixin.py:190} INFO - [2025-03-26T17:16:51.408+0000] {dag.py:4180} INFO - Setting next_dagrun for read_dataset_event to 2025-03-25 00:00:00+00:00, run_after=2025-03-26 00:00:00+00:00
[2025-03-26T17:16:51.411+0000] {logging_mixin.py:190} INFO - [2025-03-26T17:16:51.411+0000] {dag.py:4180} INFO - Setting next_dagrun for read_dataset_event_from_classic to 2025-03-25 00:00:00+00:00, run_after=2025-03-26 00:00:00+00:00
[2025-03-26T17:16:51.430+0000] {processor.py:208} INFO - Processing /home/ubuntu/customer_churn_youtube_venv/lib/python3.12/site-packages/airflow/example_dags/example_inlet_event_extra.py took 0.278 seconds
[2025-03-26T17:17:46.134+0000] {processor.py:186} INFO - Started process (PID=6536) to work on /home/ubuntu/customer_churn_youtube_venv/lib/python3.12/site-packages/airflow/example_dags/example_inlet_event_extra.py
[2025-03-26T17:17:46.136+0000] {processor.py:914} INFO - Processing file /home/ubuntu/customer_churn_youtube_venv/lib/python3.12/site-packages/airflow/example_dags/example_inlet_event_extra.py for tasks to queue
[2025-03-26T17:17:46.137+0000] {logging_mixin.py:190} INFO - [2025-03-26T17:17:46.137+0000] {dagbag.py:588} INFO - Filling up the DagBag from /home/ubuntu/customer_churn_youtube_venv/lib/python3.12/site-packages/airflow/example_dags/example_inlet_event_extra.py
[2025-03-26T17:17:46.348+0000] {processor.py:925} INFO - DAG(s) 'read_dataset_event_from_classic', 'read_dataset_event' retrieved from /home/ubuntu/customer_churn_youtube_venv/lib/python3.12/site-packages/airflow/example_dags/example_inlet_event_extra.py
[2025-03-26T17:17:46.363+0000] {logging_mixin.py:190} INFO - [2025-03-26T17:17:46.363+0000] {dag.py:3239} INFO - Sync 2 DAGs
[2025-03-26T17:17:46.380+0000] {logging_mixin.py:190} INFO - [2025-03-26T17:17:46.380+0000] {dag.py:4180} INFO - Setting next_dagrun for read_dataset_event to 2025-03-25 00:00:00+00:00, run_after=2025-03-26 00:00:00+00:00
[2025-03-26T17:17:46.384+0000] {logging_mixin.py:190} INFO - [2025-03-26T17:17:46.384+0000] {dag.py:4180} INFO - Setting next_dagrun for read_dataset_event_from_classic to 2025-03-25 00:00:00+00:00, run_after=2025-03-26 00:00:00+00:00
[2025-03-26T17:17:46.403+0000] {processor.py:208} INFO - Processing /home/ubuntu/customer_churn_youtube_venv/lib/python3.12/site-packages/airflow/example_dags/example_inlet_event_extra.py took 0.275 seconds
[2025-03-26T17:18:36.345+0000] {processor.py:186} INFO - Started process (PID=6588) to work on /home/ubuntu/customer_churn_youtube_venv/lib/python3.12/site-packages/airflow/example_dags/example_inlet_event_extra.py
[2025-03-26T17:18:36.347+0000] {processor.py:914} INFO - Processing file /home/ubuntu/customer_churn_youtube_venv/lib/python3.12/site-packages/airflow/example_dags/example_inlet_event_extra.py for tasks to queue
[2025-03-26T17:18:36.349+0000] {logging_mixin.py:190} INFO - [2025-03-26T17:18:36.349+0000] {dagbag.py:588} INFO - Filling up the DagBag from /home/ubuntu/customer_churn_youtube_venv/lib/python3.12/site-packages/airflow/example_dags/example_inlet_event_extra.py
[2025-03-26T17:18:36.562+0000] {processor.py:925} INFO - DAG(s) 'read_dataset_event', 'read_dataset_event_from_classic' retrieved from /home/ubuntu/customer_churn_youtube_venv/lib/python3.12/site-packages/airflow/example_dags/example_inlet_event_extra.py
[2025-03-26T17:18:36.574+0000] {logging_mixin.py:190} INFO - [2025-03-26T17:18:36.573+0000] {dag.py:3239} INFO - Sync 2 DAGs
[2025-03-26T17:18:36.592+0000] {logging_mixin.py:190} INFO - [2025-03-26T17:18:36.592+0000] {dag.py:4180} INFO - Setting next_dagrun for read_dataset_event to 2025-03-25 00:00:00+00:00, run_after=2025-03-26 00:00:00+00:00
[2025-03-26T17:18:36.595+0000] {logging_mixin.py:190} INFO - [2025-03-26T17:18:36.595+0000] {dag.py:4180} INFO - Setting next_dagrun for read_dataset_event_from_classic to 2025-03-25 00:00:00+00:00, run_after=2025-03-26 00:00:00+00:00
[2025-03-26T17:18:36.613+0000] {processor.py:208} INFO - Processing /home/ubuntu/customer_churn_youtube_venv/lib/python3.12/site-packages/airflow/example_dags/example_inlet_event_extra.py took 0.274 seconds
[2025-03-26T17:19:33.217+0000] {processor.py:186} INFO - Started process (PID=6642) to work on /home/ubuntu/customer_churn_youtube_venv/lib/python3.12/site-packages/airflow/example_dags/example_inlet_event_extra.py
[2025-03-26T17:19:33.219+0000] {processor.py:914} INFO - Processing file /home/ubuntu/customer_churn_youtube_venv/lib/python3.12/site-packages/airflow/example_dags/example_inlet_event_extra.py for tasks to queue
[2025-03-26T17:19:33.221+0000] {logging_mixin.py:190} INFO - [2025-03-26T17:19:33.220+0000] {dagbag.py:588} INFO - Filling up the DagBag from /home/ubuntu/customer_churn_youtube_venv/lib/python3.12/site-packages/airflow/example_dags/example_inlet_event_extra.py
[2025-03-26T17:19:33.437+0000] {processor.py:925} INFO - DAG(s) 'read_dataset_event', 'read_dataset_event_from_classic' retrieved from /home/ubuntu/customer_churn_youtube_venv/lib/python3.12/site-packages/airflow/example_dags/example_inlet_event_extra.py
[2025-03-26T17:19:33.449+0000] {logging_mixin.py:190} INFO - [2025-03-26T17:19:33.448+0000] {dag.py:3239} INFO - Sync 2 DAGs
[2025-03-26T17:19:33.467+0000] {logging_mixin.py:190} INFO - [2025-03-26T17:19:33.467+0000] {dag.py:4180} INFO - Setting next_dagrun for read_dataset_event to 2025-03-25 00:00:00+00:00, run_after=2025-03-26 00:00:00+00:00
[2025-03-26T17:19:33.470+0000] {logging_mixin.py:190} INFO - [2025-03-26T17:19:33.470+0000] {dag.py:4180} INFO - Setting next_dagrun for read_dataset_event_from_classic to 2025-03-25 00:00:00+00:00, run_after=2025-03-26 00:00:00+00:00
[2025-03-26T17:19:33.488+0000] {processor.py:208} INFO - Processing /home/ubuntu/customer_churn_youtube_venv/lib/python3.12/site-packages/airflow/example_dags/example_inlet_event_extra.py took 0.277 seconds
[2025-03-26T17:20:32.760+0000] {processor.py:186} INFO - Started process (PID=6706) to work on /home/ubuntu/customer_churn_youtube_venv/lib/python3.12/site-packages/airflow/example_dags/example_inlet_event_extra.py
[2025-03-26T17:20:32.763+0000] {processor.py:914} INFO - Processing file /home/ubuntu/customer_churn_youtube_venv/lib/python3.12/site-packages/airflow/example_dags/example_inlet_event_extra.py for tasks to queue
[2025-03-26T17:20:32.765+0000] {logging_mixin.py:190} INFO - [2025-03-26T17:20:32.764+0000] {dagbag.py:588} INFO - Filling up the DagBag from /home/ubuntu/customer_churn_youtube_venv/lib/python3.12/site-packages/airflow/example_dags/example_inlet_event_extra.py
[2025-03-26T17:20:32.866+0000] {processor.py:925} INFO - DAG(s) 'read_dataset_event_from_classic', 'read_dataset_event' retrieved from /home/ubuntu/customer_churn_youtube_venv/lib/python3.12/site-packages/airflow/example_dags/example_inlet_event_extra.py
[2025-03-26T17:20:32.882+0000] {logging_mixin.py:190} INFO - [2025-03-26T17:20:32.882+0000] {dag.py:3239} INFO - Sync 2 DAGs
[2025-03-26T17:20:32.902+0000] {logging_mixin.py:190} INFO - [2025-03-26T17:20:32.901+0000] {dag.py:4180} INFO - Setting next_dagrun for read_dataset_event to 2025-03-25 00:00:00+00:00, run_after=2025-03-26 00:00:00+00:00
[2025-03-26T17:20:32.906+0000] {logging_mixin.py:190} INFO - [2025-03-26T17:20:32.906+0000] {dag.py:4180} INFO - Setting next_dagrun for read_dataset_event_from_classic to 2025-03-25 00:00:00+00:00, run_after=2025-03-26 00:00:00+00:00
[2025-03-26T17:20:32.924+0000] {processor.py:208} INFO - Processing /home/ubuntu/customer_churn_youtube_venv/lib/python3.12/site-packages/airflow/example_dags/example_inlet_event_extra.py took 0.170 seconds
[2025-03-26T17:21:25.598+0000] {processor.py:186} INFO - Started process (PID=6761) to work on /home/ubuntu/customer_churn_youtube_venv/lib/python3.12/site-packages/airflow/example_dags/example_inlet_event_extra.py
[2025-03-26T17:21:25.599+0000] {processor.py:914} INFO - Processing file /home/ubuntu/customer_churn_youtube_venv/lib/python3.12/site-packages/airflow/example_dags/example_inlet_event_extra.py for tasks to queue
[2025-03-26T17:21:25.601+0000] {logging_mixin.py:190} INFO - [2025-03-26T17:21:25.601+0000] {dagbag.py:588} INFO - Filling up the DagBag from /home/ubuntu/customer_churn_youtube_venv/lib/python3.12/site-packages/airflow/example_dags/example_inlet_event_extra.py
[2025-03-26T17:21:25.701+0000] {processor.py:925} INFO - DAG(s) 'read_dataset_event', 'read_dataset_event_from_classic' retrieved from /home/ubuntu/customer_churn_youtube_venv/lib/python3.12/site-packages/airflow/example_dags/example_inlet_event_extra.py
[2025-03-26T17:21:25.717+0000] {logging_mixin.py:190} INFO - [2025-03-26T17:21:25.717+0000] {dag.py:3239} INFO - Sync 2 DAGs
[2025-03-26T17:21:25.736+0000] {logging_mixin.py:190} INFO - [2025-03-26T17:21:25.736+0000] {dag.py:4180} INFO - Setting next_dagrun for read_dataset_event to 2025-03-25 00:00:00+00:00, run_after=2025-03-26 00:00:00+00:00
[2025-03-26T17:21:25.741+0000] {logging_mixin.py:190} INFO - [2025-03-26T17:21:25.741+0000] {dag.py:4180} INFO - Setting next_dagrun for read_dataset_event_from_classic to 2025-03-25 00:00:00+00:00, run_after=2025-03-26 00:00:00+00:00
[2025-03-26T17:21:25.760+0000] {processor.py:208} INFO - Processing /home/ubuntu/customer_churn_youtube_venv/lib/python3.12/site-packages/airflow/example_dags/example_inlet_event_extra.py took 0.168 seconds
[2025-03-26T17:22:17.989+0000] {processor.py:186} INFO - Started process (PID=6815) to work on /home/ubuntu/customer_churn_youtube_venv/lib/python3.12/site-packages/airflow/example_dags/example_inlet_event_extra.py
[2025-03-26T17:22:17.991+0000] {processor.py:914} INFO - Processing file /home/ubuntu/customer_churn_youtube_venv/lib/python3.12/site-packages/airflow/example_dags/example_inlet_event_extra.py for tasks to queue
[2025-03-26T17:22:17.993+0000] {logging_mixin.py:190} INFO - [2025-03-26T17:22:17.993+0000] {dagbag.py:588} INFO - Filling up the DagBag from /home/ubuntu/customer_churn_youtube_venv/lib/python3.12/site-packages/airflow/example_dags/example_inlet_event_extra.py
[2025-03-26T17:22:18.093+0000] {processor.py:925} INFO - DAG(s) 'read_dataset_event_from_classic', 'read_dataset_event' retrieved from /home/ubuntu/customer_churn_youtube_venv/lib/python3.12/site-packages/airflow/example_dags/example_inlet_event_extra.py
[2025-03-26T17:22:18.109+0000] {logging_mixin.py:190} INFO - [2025-03-26T17:22:18.108+0000] {dag.py:3239} INFO - Sync 2 DAGs
[2025-03-26T17:22:18.127+0000] {logging_mixin.py:190} INFO - [2025-03-26T17:22:18.127+0000] {dag.py:4180} INFO - Setting next_dagrun for read_dataset_event to 2025-03-25 00:00:00+00:00, run_after=2025-03-26 00:00:00+00:00
[2025-03-26T17:22:18.131+0000] {logging_mixin.py:190} INFO - [2025-03-26T17:22:18.131+0000] {dag.py:4180} INFO - Setting next_dagrun for read_dataset_event_from_classic to 2025-03-25 00:00:00+00:00, run_after=2025-03-26 00:00:00+00:00
[2025-03-26T17:22:18.151+0000] {processor.py:208} INFO - Processing /home/ubuntu/customer_churn_youtube_venv/lib/python3.12/site-packages/airflow/example_dags/example_inlet_event_extra.py took 0.167 seconds
[2025-03-26T17:23:10.128+0000] {processor.py:186} INFO - Started process (PID=6867) to work on /home/ubuntu/customer_churn_youtube_venv/lib/python3.12/site-packages/airflow/example_dags/example_inlet_event_extra.py
[2025-03-26T17:23:10.129+0000] {processor.py:914} INFO - Processing file /home/ubuntu/customer_churn_youtube_venv/lib/python3.12/site-packages/airflow/example_dags/example_inlet_event_extra.py for tasks to queue
[2025-03-26T17:23:10.132+0000] {logging_mixin.py:190} INFO - [2025-03-26T17:23:10.131+0000] {dagbag.py:588} INFO - Filling up the DagBag from /home/ubuntu/customer_churn_youtube_venv/lib/python3.12/site-packages/airflow/example_dags/example_inlet_event_extra.py
[2025-03-26T17:23:10.232+0000] {processor.py:925} INFO - DAG(s) 'read_dataset_event_from_classic', 'read_dataset_event' retrieved from /home/ubuntu/customer_churn_youtube_venv/lib/python3.12/site-packages/airflow/example_dags/example_inlet_event_extra.py
[2025-03-26T17:23:10.249+0000] {logging_mixin.py:190} INFO - [2025-03-26T17:23:10.249+0000] {dag.py:3239} INFO - Sync 2 DAGs
[2025-03-26T17:23:10.270+0000] {logging_mixin.py:190} INFO - [2025-03-26T17:23:10.270+0000] {dag.py:4180} INFO - Setting next_dagrun for read_dataset_event to 2025-03-25 00:00:00+00:00, run_after=2025-03-26 00:00:00+00:00
[2025-03-26T17:23:10.273+0000] {logging_mixin.py:190} INFO - [2025-03-26T17:23:10.273+0000] {dag.py:4180} INFO - Setting next_dagrun for read_dataset_event_from_classic to 2025-03-25 00:00:00+00:00, run_after=2025-03-26 00:00:00+00:00
[2025-03-26T17:23:10.294+0000] {processor.py:208} INFO - Processing /home/ubuntu/customer_churn_youtube_venv/lib/python3.12/site-packages/airflow/example_dags/example_inlet_event_extra.py took 0.172 seconds
[2025-03-26T17:24:03.073+0000] {processor.py:186} INFO - Started process (PID=6921) to work on /home/ubuntu/customer_churn_youtube_venv/lib/python3.12/site-packages/airflow/example_dags/example_inlet_event_extra.py
[2025-03-26T17:24:03.074+0000] {processor.py:914} INFO - Processing file /home/ubuntu/customer_churn_youtube_venv/lib/python3.12/site-packages/airflow/example_dags/example_inlet_event_extra.py for tasks to queue
[2025-03-26T17:24:03.076+0000] {logging_mixin.py:190} INFO - [2025-03-26T17:24:03.075+0000] {dagbag.py:588} INFO - Filling up the DagBag from /home/ubuntu/customer_churn_youtube_venv/lib/python3.12/site-packages/airflow/example_dags/example_inlet_event_extra.py
[2025-03-26T17:24:03.178+0000] {processor.py:925} INFO - DAG(s) 'read_dataset_event_from_classic', 'read_dataset_event' retrieved from /home/ubuntu/customer_churn_youtube_venv/lib/python3.12/site-packages/airflow/example_dags/example_inlet_event_extra.py
[2025-03-26T17:24:03.193+0000] {logging_mixin.py:190} INFO - [2025-03-26T17:24:03.193+0000] {dag.py:3239} INFO - Sync 2 DAGs
[2025-03-26T17:24:03.212+0000] {logging_mixin.py:190} INFO - [2025-03-26T17:24:03.212+0000] {dag.py:4180} INFO - Setting next_dagrun for read_dataset_event to 2025-03-25 00:00:00+00:00, run_after=2025-03-26 00:00:00+00:00
[2025-03-26T17:24:03.216+0000] {logging_mixin.py:190} INFO - [2025-03-26T17:24:03.216+0000] {dag.py:4180} INFO - Setting next_dagrun for read_dataset_event_from_classic to 2025-03-25 00:00:00+00:00, run_after=2025-03-26 00:00:00+00:00
[2025-03-26T17:24:03.237+0000] {processor.py:208} INFO - Processing /home/ubuntu/customer_churn_youtube_venv/lib/python3.12/site-packages/airflow/example_dags/example_inlet_event_extra.py took 0.170 seconds
[2025-03-26T17:24:54.085+0000] {processor.py:186} INFO - Started process (PID=6974) to work on /home/ubuntu/customer_churn_youtube_venv/lib/python3.12/site-packages/airflow/example_dags/example_inlet_event_extra.py
[2025-03-26T17:24:54.086+0000] {processor.py:914} INFO - Processing file /home/ubuntu/customer_churn_youtube_venv/lib/python3.12/site-packages/airflow/example_dags/example_inlet_event_extra.py for tasks to queue
[2025-03-26T17:24:54.089+0000] {logging_mixin.py:190} INFO - [2025-03-26T17:24:54.088+0000] {dagbag.py:588} INFO - Filling up the DagBag from /home/ubuntu/customer_churn_youtube_venv/lib/python3.12/site-packages/airflow/example_dags/example_inlet_event_extra.py
[2025-03-26T17:24:54.190+0000] {processor.py:925} INFO - DAG(s) 'read_dataset_event', 'read_dataset_event_from_classic' retrieved from /home/ubuntu/customer_churn_youtube_venv/lib/python3.12/site-packages/airflow/example_dags/example_inlet_event_extra.py
[2025-03-26T17:24:54.206+0000] {logging_mixin.py:190} INFO - [2025-03-26T17:24:54.205+0000] {dag.py:3239} INFO - Sync 2 DAGs
[2025-03-26T17:24:54.225+0000] {logging_mixin.py:190} INFO - [2025-03-26T17:24:54.225+0000] {dag.py:4180} INFO - Setting next_dagrun for read_dataset_event to 2025-03-25 00:00:00+00:00, run_after=2025-03-26 00:00:00+00:00
[2025-03-26T17:24:54.230+0000] {logging_mixin.py:190} INFO - [2025-03-26T17:24:54.229+0000] {dag.py:4180} INFO - Setting next_dagrun for read_dataset_event_from_classic to 2025-03-25 00:00:00+00:00, run_after=2025-03-26 00:00:00+00:00
[2025-03-26T17:24:54.249+0000] {processor.py:208} INFO - Processing /home/ubuntu/customer_churn_youtube_venv/lib/python3.12/site-packages/airflow/example_dags/example_inlet_event_extra.py took 0.170 seconds
[2025-03-26T17:25:44.862+0000] {processor.py:186} INFO - Started process (PID=7032) to work on /home/ubuntu/customer_churn_youtube_venv/lib/python3.12/site-packages/airflow/example_dags/example_inlet_event_extra.py
[2025-03-26T17:25:44.864+0000] {processor.py:914} INFO - Processing file /home/ubuntu/customer_churn_youtube_venv/lib/python3.12/site-packages/airflow/example_dags/example_inlet_event_extra.py for tasks to queue
[2025-03-26T17:25:44.866+0000] {logging_mixin.py:190} INFO - [2025-03-26T17:25:44.865+0000] {dagbag.py:588} INFO - Filling up the DagBag from /home/ubuntu/customer_churn_youtube_venv/lib/python3.12/site-packages/airflow/example_dags/example_inlet_event_extra.py
[2025-03-26T17:25:44.968+0000] {processor.py:925} INFO - DAG(s) 'read_dataset_event_from_classic', 'read_dataset_event' retrieved from /home/ubuntu/customer_churn_youtube_venv/lib/python3.12/site-packages/airflow/example_dags/example_inlet_event_extra.py
[2025-03-26T17:25:44.984+0000] {logging_mixin.py:190} INFO - [2025-03-26T17:25:44.984+0000] {dag.py:3239} INFO - Sync 2 DAGs
[2025-03-26T17:25:45.006+0000] {logging_mixin.py:190} INFO - [2025-03-26T17:25:45.006+0000] {dag.py:4180} INFO - Setting next_dagrun for read_dataset_event to 2025-03-25 00:00:00+00:00, run_after=2025-03-26 00:00:00+00:00
[2025-03-26T17:25:45.011+0000] {logging_mixin.py:190} INFO - [2025-03-26T17:25:45.011+0000] {dag.py:4180} INFO - Setting next_dagrun for read_dataset_event_from_classic to 2025-03-25 00:00:00+00:00, run_after=2025-03-26 00:00:00+00:00
[2025-03-26T17:25:45.032+0000] {processor.py:208} INFO - Processing /home/ubuntu/customer_churn_youtube_venv/lib/python3.12/site-packages/airflow/example_dags/example_inlet_event_extra.py took 0.176 seconds
[2025-03-26T17:26:34.727+0000] {processor.py:186} INFO - Started process (PID=7083) to work on /home/ubuntu/customer_churn_youtube_venv/lib/python3.12/site-packages/airflow/example_dags/example_inlet_event_extra.py
[2025-03-26T17:26:34.728+0000] {processor.py:914} INFO - Processing file /home/ubuntu/customer_churn_youtube_venv/lib/python3.12/site-packages/airflow/example_dags/example_inlet_event_extra.py for tasks to queue
[2025-03-26T17:26:34.730+0000] {logging_mixin.py:190} INFO - [2025-03-26T17:26:34.730+0000] {dagbag.py:588} INFO - Filling up the DagBag from /home/ubuntu/customer_churn_youtube_venv/lib/python3.12/site-packages/airflow/example_dags/example_inlet_event_extra.py
[2025-03-26T17:26:34.829+0000] {processor.py:925} INFO - DAG(s) 'read_dataset_event', 'read_dataset_event_from_classic' retrieved from /home/ubuntu/customer_churn_youtube_venv/lib/python3.12/site-packages/airflow/example_dags/example_inlet_event_extra.py
[2025-03-26T17:26:34.845+0000] {logging_mixin.py:190} INFO - [2025-03-26T17:26:34.845+0000] {dag.py:3239} INFO - Sync 2 DAGs
[2025-03-26T17:26:34.864+0000] {logging_mixin.py:190} INFO - [2025-03-26T17:26:34.863+0000] {dag.py:4180} INFO - Setting next_dagrun for read_dataset_event to 2025-03-25 00:00:00+00:00, run_after=2025-03-26 00:00:00+00:00
[2025-03-26T17:26:34.867+0000] {logging_mixin.py:190} INFO - [2025-03-26T17:26:34.867+0000] {dag.py:4180} INFO - Setting next_dagrun for read_dataset_event_from_classic to 2025-03-25 00:00:00+00:00, run_after=2025-03-26 00:00:00+00:00
[2025-03-26T17:26:34.889+0000] {processor.py:208} INFO - Processing /home/ubuntu/customer_churn_youtube_venv/lib/python3.12/site-packages/airflow/example_dags/example_inlet_event_extra.py took 0.168 seconds
[2025-03-26T17:27:25.181+0000] {processor.py:186} INFO - Started process (PID=7136) to work on /home/ubuntu/customer_churn_youtube_venv/lib/python3.12/site-packages/airflow/example_dags/example_inlet_event_extra.py
[2025-03-26T17:27:25.183+0000] {processor.py:914} INFO - Processing file /home/ubuntu/customer_churn_youtube_venv/lib/python3.12/site-packages/airflow/example_dags/example_inlet_event_extra.py for tasks to queue
[2025-03-26T17:27:25.185+0000] {logging_mixin.py:190} INFO - [2025-03-26T17:27:25.185+0000] {dagbag.py:588} INFO - Filling up the DagBag from /home/ubuntu/customer_churn_youtube_venv/lib/python3.12/site-packages/airflow/example_dags/example_inlet_event_extra.py
[2025-03-26T17:27:25.286+0000] {processor.py:925} INFO - DAG(s) 'read_dataset_event_from_classic', 'read_dataset_event' retrieved from /home/ubuntu/customer_churn_youtube_venv/lib/python3.12/site-packages/airflow/example_dags/example_inlet_event_extra.py
[2025-03-26T17:27:25.302+0000] {logging_mixin.py:190} INFO - [2025-03-26T17:27:25.301+0000] {dag.py:3239} INFO - Sync 2 DAGs
[2025-03-26T17:27:25.320+0000] {logging_mixin.py:190} INFO - [2025-03-26T17:27:25.320+0000] {dag.py:4180} INFO - Setting next_dagrun for read_dataset_event to 2025-03-25 00:00:00+00:00, run_after=2025-03-26 00:00:00+00:00
[2025-03-26T17:27:25.324+0000] {logging_mixin.py:190} INFO - [2025-03-26T17:27:25.324+0000] {dag.py:4180} INFO - Setting next_dagrun for read_dataset_event_from_classic to 2025-03-25 00:00:00+00:00, run_after=2025-03-26 00:00:00+00:00
[2025-03-26T17:27:25.343+0000] {processor.py:208} INFO - Processing /home/ubuntu/customer_churn_youtube_venv/lib/python3.12/site-packages/airflow/example_dags/example_inlet_event_extra.py took 0.168 seconds
[2025-03-26T17:28:15.632+0000] {processor.py:186} INFO - Started process (PID=7234) to work on /home/ubuntu/customer_churn_youtube_venv/lib/python3.12/site-packages/airflow/example_dags/example_inlet_event_extra.py
[2025-03-26T17:28:15.633+0000] {processor.py:914} INFO - Processing file /home/ubuntu/customer_churn_youtube_venv/lib/python3.12/site-packages/airflow/example_dags/example_inlet_event_extra.py for tasks to queue
[2025-03-26T17:28:15.636+0000] {logging_mixin.py:190} INFO - [2025-03-26T17:28:15.635+0000] {dagbag.py:588} INFO - Filling up the DagBag from /home/ubuntu/customer_churn_youtube_venv/lib/python3.12/site-packages/airflow/example_dags/example_inlet_event_extra.py
[2025-03-26T17:28:15.736+0000] {processor.py:925} INFO - DAG(s) 'read_dataset_event_from_classic', 'read_dataset_event' retrieved from /home/ubuntu/customer_churn_youtube_venv/lib/python3.12/site-packages/airflow/example_dags/example_inlet_event_extra.py
[2025-03-26T17:28:15.754+0000] {logging_mixin.py:190} INFO - [2025-03-26T17:28:15.754+0000] {dag.py:3239} INFO - Sync 2 DAGs
[2025-03-26T17:28:15.773+0000] {logging_mixin.py:190} INFO - [2025-03-26T17:28:15.773+0000] {dag.py:4180} INFO - Setting next_dagrun for read_dataset_event to 2025-03-25 00:00:00+00:00, run_after=2025-03-26 00:00:00+00:00
[2025-03-26T17:28:15.776+0000] {logging_mixin.py:190} INFO - [2025-03-26T17:28:15.776+0000] {dag.py:4180} INFO - Setting next_dagrun for read_dataset_event_from_classic to 2025-03-25 00:00:00+00:00, run_after=2025-03-26 00:00:00+00:00
[2025-03-26T17:28:15.795+0000] {processor.py:208} INFO - Processing /home/ubuntu/customer_churn_youtube_venv/lib/python3.12/site-packages/airflow/example_dags/example_inlet_event_extra.py took 0.169 seconds
[2025-03-26T17:29:06.116+0000] {processor.py:186} INFO - Started process (PID=7287) to work on /home/ubuntu/customer_churn_youtube_venv/lib/python3.12/site-packages/airflow/example_dags/example_inlet_event_extra.py
[2025-03-26T17:29:06.118+0000] {processor.py:914} INFO - Processing file /home/ubuntu/customer_churn_youtube_venv/lib/python3.12/site-packages/airflow/example_dags/example_inlet_event_extra.py for tasks to queue
[2025-03-26T17:29:06.120+0000] {logging_mixin.py:190} INFO - [2025-03-26T17:29:06.120+0000] {dagbag.py:588} INFO - Filling up the DagBag from /home/ubuntu/customer_churn_youtube_venv/lib/python3.12/site-packages/airflow/example_dags/example_inlet_event_extra.py
[2025-03-26T17:29:06.220+0000] {processor.py:925} INFO - DAG(s) 'read_dataset_event', 'read_dataset_event_from_classic' retrieved from /home/ubuntu/customer_churn_youtube_venv/lib/python3.12/site-packages/airflow/example_dags/example_inlet_event_extra.py
[2025-03-26T17:29:06.235+0000] {logging_mixin.py:190} INFO - [2025-03-26T17:29:06.235+0000] {dag.py:3239} INFO - Sync 2 DAGs
[2025-03-26T17:29:06.255+0000] {logging_mixin.py:190} INFO - [2025-03-26T17:29:06.255+0000] {dag.py:4180} INFO - Setting next_dagrun for read_dataset_event to 2025-03-25 00:00:00+00:00, run_after=2025-03-26 00:00:00+00:00
[2025-03-26T17:29:06.259+0000] {logging_mixin.py:190} INFO - [2025-03-26T17:29:06.259+0000] {dag.py:4180} INFO - Setting next_dagrun for read_dataset_event_from_classic to 2025-03-25 00:00:00+00:00, run_after=2025-03-26 00:00:00+00:00
[2025-03-26T17:29:06.279+0000] {processor.py:208} INFO - Processing /home/ubuntu/customer_churn_youtube_venv/lib/python3.12/site-packages/airflow/example_dags/example_inlet_event_extra.py took 0.168 seconds
[2025-03-26T17:29:57.182+0000] {processor.py:186} INFO - Started process (PID=7340) to work on /home/ubuntu/customer_churn_youtube_venv/lib/python3.12/site-packages/airflow/example_dags/example_inlet_event_extra.py
[2025-03-26T17:29:57.183+0000] {processor.py:914} INFO - Processing file /home/ubuntu/customer_churn_youtube_venv/lib/python3.12/site-packages/airflow/example_dags/example_inlet_event_extra.py for tasks to queue
[2025-03-26T17:29:57.185+0000] {logging_mixin.py:190} INFO - [2025-03-26T17:29:57.185+0000] {dagbag.py:588} INFO - Filling up the DagBag from /home/ubuntu/customer_churn_youtube_venv/lib/python3.12/site-packages/airflow/example_dags/example_inlet_event_extra.py
[2025-03-26T17:29:57.289+0000] {processor.py:925} INFO - DAG(s) 'read_dataset_event', 'read_dataset_event_from_classic' retrieved from /home/ubuntu/customer_churn_youtube_venv/lib/python3.12/site-packages/airflow/example_dags/example_inlet_event_extra.py
[2025-03-26T17:29:57.305+0000] {logging_mixin.py:190} INFO - [2025-03-26T17:29:57.304+0000] {dag.py:3239} INFO - Sync 2 DAGs
[2025-03-26T17:29:57.325+0000] {logging_mixin.py:190} INFO - [2025-03-26T17:29:57.325+0000] {dag.py:4180} INFO - Setting next_dagrun for read_dataset_event to 2025-03-25 00:00:00+00:00, run_after=2025-03-26 00:00:00+00:00
[2025-03-26T17:29:57.329+0000] {logging_mixin.py:190} INFO - [2025-03-26T17:29:57.329+0000] {dag.py:4180} INFO - Setting next_dagrun for read_dataset_event_from_classic to 2025-03-25 00:00:00+00:00, run_after=2025-03-26 00:00:00+00:00
[2025-03-26T17:29:57.348+0000] {processor.py:208} INFO - Processing /home/ubuntu/customer_churn_youtube_venv/lib/python3.12/site-packages/airflow/example_dags/example_inlet_event_extra.py took 0.172 seconds
[2025-03-26T17:30:46.514+0000] {processor.py:186} INFO - Started process (PID=7396) to work on /home/ubuntu/customer_churn_youtube_venv/lib/python3.12/site-packages/airflow/example_dags/example_inlet_event_extra.py
[2025-03-26T17:30:46.515+0000] {processor.py:914} INFO - Processing file /home/ubuntu/customer_churn_youtube_venv/lib/python3.12/site-packages/airflow/example_dags/example_inlet_event_extra.py for tasks to queue
[2025-03-26T17:30:46.518+0000] {logging_mixin.py:190} INFO - [2025-03-26T17:30:46.518+0000] {dagbag.py:588} INFO - Filling up the DagBag from /home/ubuntu/customer_churn_youtube_venv/lib/python3.12/site-packages/airflow/example_dags/example_inlet_event_extra.py
[2025-03-26T17:30:46.620+0000] {processor.py:925} INFO - DAG(s) 'read_dataset_event', 'read_dataset_event_from_classic' retrieved from /home/ubuntu/customer_churn_youtube_venv/lib/python3.12/site-packages/airflow/example_dags/example_inlet_event_extra.py
[2025-03-26T17:30:46.638+0000] {logging_mixin.py:190} INFO - [2025-03-26T17:30:46.637+0000] {dag.py:3239} INFO - Sync 2 DAGs
[2025-03-26T17:30:46.657+0000] {logging_mixin.py:190} INFO - [2025-03-26T17:30:46.656+0000] {dag.py:4180} INFO - Setting next_dagrun for read_dataset_event to 2025-03-25 00:00:00+00:00, run_after=2025-03-26 00:00:00+00:00
[2025-03-26T17:30:46.661+0000] {logging_mixin.py:190} INFO - [2025-03-26T17:30:46.660+0000] {dag.py:4180} INFO - Setting next_dagrun for read_dataset_event_from_classic to 2025-03-25 00:00:00+00:00, run_after=2025-03-26 00:00:00+00:00
[2025-03-26T17:30:46.678+0000] {processor.py:208} INFO - Processing /home/ubuntu/customer_churn_youtube_venv/lib/python3.12/site-packages/airflow/example_dags/example_inlet_event_extra.py took 0.170 seconds
[2025-03-26T17:31:36.870+0000] {processor.py:186} INFO - Started process (PID=7448) to work on /home/ubuntu/customer_churn_youtube_venv/lib/python3.12/site-packages/airflow/example_dags/example_inlet_event_extra.py
[2025-03-26T17:31:36.873+0000] {processor.py:914} INFO - Processing file /home/ubuntu/customer_churn_youtube_venv/lib/python3.12/site-packages/airflow/example_dags/example_inlet_event_extra.py for tasks to queue
[2025-03-26T17:31:36.875+0000] {logging_mixin.py:190} INFO - [2025-03-26T17:31:36.874+0000] {dagbag.py:588} INFO - Filling up the DagBag from /home/ubuntu/customer_churn_youtube_venv/lib/python3.12/site-packages/airflow/example_dags/example_inlet_event_extra.py
[2025-03-26T17:31:36.976+0000] {processor.py:925} INFO - DAG(s) 'read_dataset_event_from_classic', 'read_dataset_event' retrieved from /home/ubuntu/customer_churn_youtube_venv/lib/python3.12/site-packages/airflow/example_dags/example_inlet_event_extra.py
[2025-03-26T17:31:36.992+0000] {logging_mixin.py:190} INFO - [2025-03-26T17:31:36.991+0000] {dag.py:3239} INFO - Sync 2 DAGs
[2025-03-26T17:31:37.013+0000] {logging_mixin.py:190} INFO - [2025-03-26T17:31:37.013+0000] {dag.py:4180} INFO - Setting next_dagrun for read_dataset_event to 2025-03-25 00:00:00+00:00, run_after=2025-03-26 00:00:00+00:00
[2025-03-26T17:31:37.018+0000] {logging_mixin.py:190} INFO - [2025-03-26T17:31:37.018+0000] {dag.py:4180} INFO - Setting next_dagrun for read_dataset_event_from_classic to 2025-03-25 00:00:00+00:00, run_after=2025-03-26 00:00:00+00:00
[2025-03-26T17:31:37.037+0000] {processor.py:208} INFO - Processing /home/ubuntu/customer_churn_youtube_venv/lib/python3.12/site-packages/airflow/example_dags/example_inlet_event_extra.py took 0.172 seconds
[2025-03-26T17:32:28.513+0000] {processor.py:186} INFO - Started process (PID=7541) to work on /home/ubuntu/customer_churn_youtube_venv/lib/python3.12/site-packages/airflow/example_dags/example_inlet_event_extra.py
[2025-03-26T17:32:28.514+0000] {processor.py:914} INFO - Processing file /home/ubuntu/customer_churn_youtube_venv/lib/python3.12/site-packages/airflow/example_dags/example_inlet_event_extra.py for tasks to queue
[2025-03-26T17:32:28.517+0000] {logging_mixin.py:190} INFO - [2025-03-26T17:32:28.516+0000] {dagbag.py:588} INFO - Filling up the DagBag from /home/ubuntu/customer_churn_youtube_venv/lib/python3.12/site-packages/airflow/example_dags/example_inlet_event_extra.py
[2025-03-26T17:32:28.617+0000] {processor.py:925} INFO - DAG(s) 'read_dataset_event', 'read_dataset_event_from_classic' retrieved from /home/ubuntu/customer_churn_youtube_venv/lib/python3.12/site-packages/airflow/example_dags/example_inlet_event_extra.py
[2025-03-26T17:32:28.632+0000] {logging_mixin.py:190} INFO - [2025-03-26T17:32:28.632+0000] {dag.py:3239} INFO - Sync 2 DAGs
[2025-03-26T17:32:28.651+0000] {logging_mixin.py:190} INFO - [2025-03-26T17:32:28.651+0000] {dag.py:4180} INFO - Setting next_dagrun for read_dataset_event to 2025-03-25 00:00:00+00:00, run_after=2025-03-26 00:00:00+00:00
[2025-03-26T17:32:28.655+0000] {logging_mixin.py:190} INFO - [2025-03-26T17:32:28.655+0000] {dag.py:4180} INFO - Setting next_dagrun for read_dataset_event_from_classic to 2025-03-25 00:00:00+00:00, run_after=2025-03-26 00:00:00+00:00
[2025-03-26T17:32:28.675+0000] {processor.py:208} INFO - Processing /home/ubuntu/customer_churn_youtube_venv/lib/python3.12/site-packages/airflow/example_dags/example_inlet_event_extra.py took 0.169 seconds
[2025-03-26T17:33:20.046+0000] {processor.py:186} INFO - Started process (PID=7595) to work on /home/ubuntu/customer_churn_youtube_venv/lib/python3.12/site-packages/airflow/example_dags/example_inlet_event_extra.py
[2025-03-26T17:33:20.048+0000] {processor.py:914} INFO - Processing file /home/ubuntu/customer_churn_youtube_venv/lib/python3.12/site-packages/airflow/example_dags/example_inlet_event_extra.py for tasks to queue
[2025-03-26T17:33:20.050+0000] {logging_mixin.py:190} INFO - [2025-03-26T17:33:20.049+0000] {dagbag.py:588} INFO - Filling up the DagBag from /home/ubuntu/customer_churn_youtube_venv/lib/python3.12/site-packages/airflow/example_dags/example_inlet_event_extra.py
[2025-03-26T17:33:20.154+0000] {processor.py:925} INFO - DAG(s) 'read_dataset_event_from_classic', 'read_dataset_event' retrieved from /home/ubuntu/customer_churn_youtube_venv/lib/python3.12/site-packages/airflow/example_dags/example_inlet_event_extra.py
[2025-03-26T17:33:20.169+0000] {logging_mixin.py:190} INFO - [2025-03-26T17:33:20.168+0000] {dag.py:3239} INFO - Sync 2 DAGs
[2025-03-26T17:33:20.188+0000] {logging_mixin.py:190} INFO - [2025-03-26T17:33:20.187+0000] {dag.py:4180} INFO - Setting next_dagrun for read_dataset_event to 2025-03-25 00:00:00+00:00, run_after=2025-03-26 00:00:00+00:00
[2025-03-26T17:33:20.192+0000] {logging_mixin.py:190} INFO - [2025-03-26T17:33:20.192+0000] {dag.py:4180} INFO - Setting next_dagrun for read_dataset_event_from_classic to 2025-03-25 00:00:00+00:00, run_after=2025-03-26 00:00:00+00:00
[2025-03-26T17:33:20.211+0000] {processor.py:208} INFO - Processing /home/ubuntu/customer_churn_youtube_venv/lib/python3.12/site-packages/airflow/example_dags/example_inlet_event_extra.py took 0.171 seconds
[2025-03-26T17:34:11.687+0000] {processor.py:186} INFO - Started process (PID=7646) to work on /home/ubuntu/customer_churn_youtube_venv/lib/python3.12/site-packages/airflow/example_dags/example_inlet_event_extra.py
[2025-03-26T17:34:11.689+0000] {processor.py:914} INFO - Processing file /home/ubuntu/customer_churn_youtube_venv/lib/python3.12/site-packages/airflow/example_dags/example_inlet_event_extra.py for tasks to queue
[2025-03-26T17:34:11.691+0000] {logging_mixin.py:190} INFO - [2025-03-26T17:34:11.691+0000] {dagbag.py:588} INFO - Filling up the DagBag from /home/ubuntu/customer_churn_youtube_venv/lib/python3.12/site-packages/airflow/example_dags/example_inlet_event_extra.py
[2025-03-26T17:34:11.791+0000] {processor.py:925} INFO - DAG(s) 'read_dataset_event_from_classic', 'read_dataset_event' retrieved from /home/ubuntu/customer_churn_youtube_venv/lib/python3.12/site-packages/airflow/example_dags/example_inlet_event_extra.py
[2025-03-26T17:34:11.807+0000] {logging_mixin.py:190} INFO - [2025-03-26T17:34:11.807+0000] {dag.py:3239} INFO - Sync 2 DAGs
[2025-03-26T17:34:11.829+0000] {logging_mixin.py:190} INFO - [2025-03-26T17:34:11.828+0000] {dag.py:4180} INFO - Setting next_dagrun for read_dataset_event to 2025-03-25 00:00:00+00:00, run_after=2025-03-26 00:00:00+00:00
[2025-03-26T17:34:11.832+0000] {logging_mixin.py:190} INFO - [2025-03-26T17:34:11.832+0000] {dag.py:4180} INFO - Setting next_dagrun for read_dataset_event_from_classic to 2025-03-25 00:00:00+00:00, run_after=2025-03-26 00:00:00+00:00
[2025-03-26T17:34:11.852+0000] {processor.py:208} INFO - Processing /home/ubuntu/customer_churn_youtube_venv/lib/python3.12/site-packages/airflow/example_dags/example_inlet_event_extra.py took 0.170 seconds
[2025-03-26T17:35:02.701+0000] {processor.py:186} INFO - Started process (PID=7705) to work on /home/ubuntu/customer_churn_youtube_venv/lib/python3.12/site-packages/airflow/example_dags/example_inlet_event_extra.py
[2025-03-26T17:35:02.703+0000] {processor.py:914} INFO - Processing file /home/ubuntu/customer_churn_youtube_venv/lib/python3.12/site-packages/airflow/example_dags/example_inlet_event_extra.py for tasks to queue
[2025-03-26T17:35:02.705+0000] {logging_mixin.py:190} INFO - [2025-03-26T17:35:02.705+0000] {dagbag.py:588} INFO - Filling up the DagBag from /home/ubuntu/customer_churn_youtube_venv/lib/python3.12/site-packages/airflow/example_dags/example_inlet_event_extra.py
[2025-03-26T17:35:02.811+0000] {processor.py:925} INFO - DAG(s) 'read_dataset_event_from_classic', 'read_dataset_event' retrieved from /home/ubuntu/customer_churn_youtube_venv/lib/python3.12/site-packages/airflow/example_dags/example_inlet_event_extra.py
[2025-03-26T17:35:02.827+0000] {logging_mixin.py:190} INFO - [2025-03-26T17:35:02.827+0000] {dag.py:3239} INFO - Sync 2 DAGs
[2025-03-26T17:35:02.848+0000] {logging_mixin.py:190} INFO - [2025-03-26T17:35:02.848+0000] {dag.py:4180} INFO - Setting next_dagrun for read_dataset_event to 2025-03-25 00:00:00+00:00, run_after=2025-03-26 00:00:00+00:00
[2025-03-26T17:35:02.851+0000] {logging_mixin.py:190} INFO - [2025-03-26T17:35:02.851+0000] {dag.py:4180} INFO - Setting next_dagrun for read_dataset_event_from_classic to 2025-03-25 00:00:00+00:00, run_after=2025-03-26 00:00:00+00:00
[2025-03-26T17:35:02.872+0000] {processor.py:208} INFO - Processing /home/ubuntu/customer_churn_youtube_venv/lib/python3.12/site-packages/airflow/example_dags/example_inlet_event_extra.py took 0.176 seconds
[2025-03-26T17:35:55.777+0000] {processor.py:186} INFO - Started process (PID=7761) to work on /home/ubuntu/customer_churn_youtube_venv/lib/python3.12/site-packages/airflow/example_dags/example_inlet_event_extra.py
[2025-03-26T17:35:55.778+0000] {processor.py:914} INFO - Processing file /home/ubuntu/customer_churn_youtube_venv/lib/python3.12/site-packages/airflow/example_dags/example_inlet_event_extra.py for tasks to queue
[2025-03-26T17:35:55.780+0000] {logging_mixin.py:190} INFO - [2025-03-26T17:35:55.780+0000] {dagbag.py:588} INFO - Filling up the DagBag from /home/ubuntu/customer_churn_youtube_venv/lib/python3.12/site-packages/airflow/example_dags/example_inlet_event_extra.py
[2025-03-26T17:35:55.881+0000] {processor.py:925} INFO - DAG(s) 'read_dataset_event_from_classic', 'read_dataset_event' retrieved from /home/ubuntu/customer_churn_youtube_venv/lib/python3.12/site-packages/airflow/example_dags/example_inlet_event_extra.py
[2025-03-26T17:35:55.899+0000] {logging_mixin.py:190} INFO - [2025-03-26T17:35:55.899+0000] {dag.py:3239} INFO - Sync 2 DAGs
[2025-03-26T17:35:55.918+0000] {logging_mixin.py:190} INFO - [2025-03-26T17:35:55.918+0000] {dag.py:4180} INFO - Setting next_dagrun for read_dataset_event to 2025-03-25 00:00:00+00:00, run_after=2025-03-26 00:00:00+00:00
[2025-03-26T17:35:55.922+0000] {logging_mixin.py:190} INFO - [2025-03-26T17:35:55.922+0000] {dag.py:4180} INFO - Setting next_dagrun for read_dataset_event_from_classic to 2025-03-25 00:00:00+00:00, run_after=2025-03-26 00:00:00+00:00
[2025-03-26T17:35:55.941+0000] {processor.py:208} INFO - Processing /home/ubuntu/customer_churn_youtube_venv/lib/python3.12/site-packages/airflow/example_dags/example_inlet_event_extra.py took 0.169 seconds
[2025-03-26T17:36:49.476+0000] {processor.py:186} INFO - Started process (PID=7817) to work on /home/ubuntu/customer_churn_youtube_venv/lib/python3.12/site-packages/airflow/example_dags/example_inlet_event_extra.py
[2025-03-26T17:36:49.478+0000] {processor.py:914} INFO - Processing file /home/ubuntu/customer_churn_youtube_venv/lib/python3.12/site-packages/airflow/example_dags/example_inlet_event_extra.py for tasks to queue
[2025-03-26T17:36:49.480+0000] {logging_mixin.py:190} INFO - [2025-03-26T17:36:49.479+0000] {dagbag.py:588} INFO - Filling up the DagBag from /home/ubuntu/customer_churn_youtube_venv/lib/python3.12/site-packages/airflow/example_dags/example_inlet_event_extra.py
[2025-03-26T17:36:49.581+0000] {processor.py:925} INFO - DAG(s) 'read_dataset_event_from_classic', 'read_dataset_event' retrieved from /home/ubuntu/customer_churn_youtube_venv/lib/python3.12/site-packages/airflow/example_dags/example_inlet_event_extra.py
[2025-03-26T17:36:49.596+0000] {logging_mixin.py:190} INFO - [2025-03-26T17:36:49.596+0000] {dag.py:3239} INFO - Sync 2 DAGs
[2025-03-26T17:36:49.617+0000] {logging_mixin.py:190} INFO - [2025-03-26T17:36:49.616+0000] {dag.py:4180} INFO - Setting next_dagrun for read_dataset_event to 2025-03-25 00:00:00+00:00, run_after=2025-03-26 00:00:00+00:00
[2025-03-26T17:36:49.621+0000] {logging_mixin.py:190} INFO - [2025-03-26T17:36:49.621+0000] {dag.py:4180} INFO - Setting next_dagrun for read_dataset_event_from_classic to 2025-03-25 00:00:00+00:00, run_after=2025-03-26 00:00:00+00:00
[2025-03-26T17:36:49.640+0000] {processor.py:208} INFO - Processing /home/ubuntu/customer_churn_youtube_venv/lib/python3.12/site-packages/airflow/example_dags/example_inlet_event_extra.py took 0.169 seconds
