[2025-03-26T17:13:38.412+0000] {processor.py:186} INFO - Started process (PID=6283) to work on /home/ubuntu/customer_churn_youtube_venv/lib/python3.12/site-packages/airflow/example_dags/example_setup_teardown.py
[2025-03-26T17:13:38.412+0000] {processor.py:914} INFO - Processing file /home/ubuntu/customer_churn_youtube_venv/lib/python3.12/site-packages/airflow/example_dags/example_setup_teardown.py for tasks to queue
[2025-03-26T17:13:38.414+0000] {logging_mixin.py:190} INFO - [2025-03-26T17:13:38.414+0000] {dagbag.py:588} INFO - Filling up the DagBag from /home/ubuntu/customer_churn_youtube_venv/lib/python3.12/site-packages/airflow/example_dags/example_setup_teardown.py
[2025-03-26T17:13:38.423+0000] {processor.py:925} INFO - DAG(s) 'example_setup_teardown' retrieved from /home/ubuntu/customer_churn_youtube_venv/lib/python3.12/site-packages/airflow/example_dags/example_setup_teardown.py
[2025-03-26T17:13:38.531+0000] {logging_mixin.py:190} INFO - [2025-03-26T17:13:38.530+0000] {override.py:1930} INFO - Created Permission View: can edit on DAG:example_setup_teardown
[2025-03-26T17:13:38.544+0000] {logging_mixin.py:190} INFO - [2025-03-26T17:13:38.544+0000] {override.py:1930} INFO - Created Permission View: can read on DAG:example_setup_teardown
[2025-03-26T17:13:38.555+0000] {logging_mixin.py:190} INFO - [2025-03-26T17:13:38.555+0000] {override.py:1930} INFO - Created Permission View: can delete on DAG:example_setup_teardown
[2025-03-26T17:13:38.573+0000] {logging_mixin.py:190} INFO - [2025-03-26T17:13:38.573+0000] {override.py:1930} INFO - Created Permission View: menu access on DAG Run:example_setup_teardown
[2025-03-26T17:13:38.584+0000] {logging_mixin.py:190} INFO - [2025-03-26T17:13:38.584+0000] {override.py:1930} INFO - Created Permission View: can create on DAG Run:example_setup_teardown
[2025-03-26T17:13:38.595+0000] {logging_mixin.py:190} INFO - [2025-03-26T17:13:38.595+0000] {override.py:1930} INFO - Created Permission View: can delete on DAG Run:example_setup_teardown
[2025-03-26T17:13:38.605+0000] {logging_mixin.py:190} INFO - [2025-03-26T17:13:38.605+0000] {override.py:1930} INFO - Created Permission View: can read on DAG Run:example_setup_teardown
[2025-03-26T17:13:38.606+0000] {logging_mixin.py:190} INFO - [2025-03-26T17:13:38.606+0000] {dag.py:3239} INFO - Sync 1 DAGs
[2025-03-26T17:13:38.615+0000] {logging_mixin.py:190} INFO - [2025-03-26T17:13:38.615+0000] {dag.py:3262} INFO - Creating ORM DAG for example_setup_teardown
[2025-03-26T17:13:38.615+0000] {logging_mixin.py:190} INFO - [2025-03-26T17:13:38.615+0000] {dag.py:4180} INFO - Setting next_dagrun for example_setup_teardown to None, run_after=None
[2025-03-26T17:13:38.637+0000] {processor.py:208} INFO - Processing /home/ubuntu/customer_churn_youtube_venv/lib/python3.12/site-packages/airflow/example_dags/example_setup_teardown.py took 0.230 seconds
[2025-03-26T17:14:44.095+0000] {processor.py:186} INFO - Started process (PID=6340) to work on /home/ubuntu/customer_churn_youtube_venv/lib/python3.12/site-packages/airflow/example_dags/example_setup_teardown.py
[2025-03-26T17:14:44.097+0000] {processor.py:914} INFO - Processing file /home/ubuntu/customer_churn_youtube_venv/lib/python3.12/site-packages/airflow/example_dags/example_setup_teardown.py for tasks to queue
[2025-03-26T17:14:44.099+0000] {logging_mixin.py:190} INFO - [2025-03-26T17:14:44.099+0000] {dagbag.py:588} INFO - Filling up the DagBag from /home/ubuntu/customer_churn_youtube_venv/lib/python3.12/site-packages/airflow/example_dags/example_setup_teardown.py
[2025-03-26T17:14:44.108+0000] {processor.py:925} INFO - DAG(s) 'example_setup_teardown' retrieved from /home/ubuntu/customer_churn_youtube_venv/lib/python3.12/site-packages/airflow/example_dags/example_setup_teardown.py
[2025-03-26T17:14:44.124+0000] {logging_mixin.py:190} INFO - [2025-03-26T17:14:44.124+0000] {dag.py:3239} INFO - Sync 1 DAGs
[2025-03-26T17:14:44.135+0000] {logging_mixin.py:190} INFO - [2025-03-26T17:14:44.135+0000] {dag.py:4180} INFO - Setting next_dagrun for example_setup_teardown to None, run_after=None
[2025-03-26T17:14:44.158+0000] {processor.py:208} INFO - Processing /home/ubuntu/customer_churn_youtube_venv/lib/python3.12/site-packages/airflow/example_dags/example_setup_teardown.py took 0.067 seconds
[2025-03-26T17:15:39.593+0000] {processor.py:186} INFO - Started process (PID=6403) to work on /home/ubuntu/customer_churn_youtube_venv/lib/python3.12/site-packages/airflow/example_dags/example_setup_teardown.py
[2025-03-26T17:15:39.595+0000] {processor.py:914} INFO - Processing file /home/ubuntu/customer_churn_youtube_venv/lib/python3.12/site-packages/airflow/example_dags/example_setup_teardown.py for tasks to queue
[2025-03-26T17:15:39.596+0000] {logging_mixin.py:190} INFO - [2025-03-26T17:15:39.596+0000] {dagbag.py:588} INFO - Filling up the DagBag from /home/ubuntu/customer_churn_youtube_venv/lib/python3.12/site-packages/airflow/example_dags/example_setup_teardown.py
[2025-03-26T17:15:39.606+0000] {processor.py:925} INFO - DAG(s) 'example_setup_teardown' retrieved from /home/ubuntu/customer_churn_youtube_venv/lib/python3.12/site-packages/airflow/example_dags/example_setup_teardown.py
[2025-03-26T17:15:39.621+0000] {logging_mixin.py:190} INFO - [2025-03-26T17:15:39.621+0000] {dag.py:3239} INFO - Sync 1 DAGs
[2025-03-26T17:15:39.633+0000] {logging_mixin.py:190} INFO - [2025-03-26T17:15:39.633+0000] {dag.py:4180} INFO - Setting next_dagrun for example_setup_teardown to None, run_after=None
[2025-03-26T17:15:39.656+0000] {processor.py:208} INFO - Processing /home/ubuntu/customer_churn_youtube_venv/lib/python3.12/site-packages/airflow/example_dags/example_setup_teardown.py took 0.068 seconds
[2025-03-26T17:16:40.335+0000] {processor.py:186} INFO - Started process (PID=6464) to work on /home/ubuntu/customer_churn_youtube_venv/lib/python3.12/site-packages/airflow/example_dags/example_setup_teardown.py
[2025-03-26T17:16:40.337+0000] {processor.py:914} INFO - Processing file /home/ubuntu/customer_churn_youtube_venv/lib/python3.12/site-packages/airflow/example_dags/example_setup_teardown.py for tasks to queue
[2025-03-26T17:16:40.339+0000] {logging_mixin.py:190} INFO - [2025-03-26T17:16:40.339+0000] {dagbag.py:588} INFO - Filling up the DagBag from /home/ubuntu/customer_churn_youtube_venv/lib/python3.12/site-packages/airflow/example_dags/example_setup_teardown.py
[2025-03-26T17:16:40.347+0000] {processor.py:925} INFO - DAG(s) 'example_setup_teardown' retrieved from /home/ubuntu/customer_churn_youtube_venv/lib/python3.12/site-packages/airflow/example_dags/example_setup_teardown.py
[2025-03-26T17:16:40.364+0000] {logging_mixin.py:190} INFO - [2025-03-26T17:16:40.364+0000] {dag.py:3239} INFO - Sync 1 DAGs
[2025-03-26T17:16:40.375+0000] {logging_mixin.py:190} INFO - [2025-03-26T17:16:40.375+0000] {dag.py:4180} INFO - Setting next_dagrun for example_setup_teardown to None, run_after=None
[2025-03-26T17:16:40.396+0000] {processor.py:208} INFO - Processing /home/ubuntu/customer_churn_youtube_venv/lib/python3.12/site-packages/airflow/example_dags/example_setup_teardown.py took 0.066 seconds
[2025-03-26T17:17:35.633+0000] {processor.py:186} INFO - Started process (PID=6526) to work on /home/ubuntu/customer_churn_youtube_venv/lib/python3.12/site-packages/airflow/example_dags/example_setup_teardown.py
[2025-03-26T17:17:35.635+0000] {processor.py:914} INFO - Processing file /home/ubuntu/customer_churn_youtube_venv/lib/python3.12/site-packages/airflow/example_dags/example_setup_teardown.py for tasks to queue
[2025-03-26T17:17:35.637+0000] {logging_mixin.py:190} INFO - [2025-03-26T17:17:35.637+0000] {dagbag.py:588} INFO - Filling up the DagBag from /home/ubuntu/customer_churn_youtube_venv/lib/python3.12/site-packages/airflow/example_dags/example_setup_teardown.py
[2025-03-26T17:17:35.645+0000] {processor.py:925} INFO - DAG(s) 'example_setup_teardown' retrieved from /home/ubuntu/customer_churn_youtube_venv/lib/python3.12/site-packages/airflow/example_dags/example_setup_teardown.py
[2025-03-26T17:17:35.661+0000] {logging_mixin.py:190} INFO - [2025-03-26T17:17:35.661+0000] {dag.py:3239} INFO - Sync 1 DAGs
[2025-03-26T17:17:35.672+0000] {logging_mixin.py:190} INFO - [2025-03-26T17:17:35.672+0000] {dag.py:4180} INFO - Setting next_dagrun for example_setup_teardown to None, run_after=None
[2025-03-26T17:17:35.693+0000] {processor.py:208} INFO - Processing /home/ubuntu/customer_churn_youtube_venv/lib/python3.12/site-packages/airflow/example_dags/example_setup_teardown.py took 0.066 seconds
[2025-03-26T17:18:27.197+0000] {processor.py:186} INFO - Started process (PID=6578) to work on /home/ubuntu/customer_churn_youtube_venv/lib/python3.12/site-packages/airflow/example_dags/example_setup_teardown.py
[2025-03-26T17:18:27.199+0000] {processor.py:914} INFO - Processing file /home/ubuntu/customer_churn_youtube_venv/lib/python3.12/site-packages/airflow/example_dags/example_setup_teardown.py for tasks to queue
[2025-03-26T17:18:27.201+0000] {logging_mixin.py:190} INFO - [2025-03-26T17:18:27.201+0000] {dagbag.py:588} INFO - Filling up the DagBag from /home/ubuntu/customer_churn_youtube_venv/lib/python3.12/site-packages/airflow/example_dags/example_setup_teardown.py
[2025-03-26T17:18:27.209+0000] {processor.py:925} INFO - DAG(s) 'example_setup_teardown' retrieved from /home/ubuntu/customer_churn_youtube_venv/lib/python3.12/site-packages/airflow/example_dags/example_setup_teardown.py
[2025-03-26T17:18:27.225+0000] {logging_mixin.py:190} INFO - [2025-03-26T17:18:27.225+0000] {dag.py:3239} INFO - Sync 1 DAGs
[2025-03-26T17:18:27.236+0000] {logging_mixin.py:190} INFO - [2025-03-26T17:18:27.236+0000] {dag.py:4180} INFO - Setting next_dagrun for example_setup_teardown to None, run_after=None
[2025-03-26T17:18:27.257+0000] {processor.py:208} INFO - Processing /home/ubuntu/customer_churn_youtube_venv/lib/python3.12/site-packages/airflow/example_dags/example_setup_teardown.py took 0.065 seconds
[2025-03-26T17:19:20.615+0000] {processor.py:186} INFO - Started process (PID=6632) to work on /home/ubuntu/customer_churn_youtube_venv/lib/python3.12/site-packages/airflow/example_dags/example_setup_teardown.py
[2025-03-26T17:19:20.616+0000] {processor.py:914} INFO - Processing file /home/ubuntu/customer_churn_youtube_venv/lib/python3.12/site-packages/airflow/example_dags/example_setup_teardown.py for tasks to queue
[2025-03-26T17:19:20.618+0000] {logging_mixin.py:190} INFO - [2025-03-26T17:19:20.618+0000] {dagbag.py:588} INFO - Filling up the DagBag from /home/ubuntu/customer_churn_youtube_venv/lib/python3.12/site-packages/airflow/example_dags/example_setup_teardown.py
[2025-03-26T17:19:20.626+0000] {processor.py:925} INFO - DAG(s) 'example_setup_teardown' retrieved from /home/ubuntu/customer_churn_youtube_venv/lib/python3.12/site-packages/airflow/example_dags/example_setup_teardown.py
[2025-03-26T17:19:20.764+0000] {logging_mixin.py:190} INFO - [2025-03-26T17:19:20.764+0000] {dag.py:3239} INFO - Sync 1 DAGs
[2025-03-26T17:19:20.774+0000] {logging_mixin.py:190} INFO - [2025-03-26T17:19:20.774+0000] {dag.py:4180} INFO - Setting next_dagrun for example_setup_teardown to None, run_after=None
[2025-03-26T17:19:20.795+0000] {processor.py:208} INFO - Processing /home/ubuntu/customer_churn_youtube_venv/lib/python3.12/site-packages/airflow/example_dags/example_setup_teardown.py took 0.185 seconds
[2025-03-26T17:20:22.621+0000] {processor.py:186} INFO - Started process (PID=6696) to work on /home/ubuntu/customer_churn_youtube_venv/lib/python3.12/site-packages/airflow/example_dags/example_setup_teardown.py
[2025-03-26T17:20:22.622+0000] {processor.py:914} INFO - Processing file /home/ubuntu/customer_churn_youtube_venv/lib/python3.12/site-packages/airflow/example_dags/example_setup_teardown.py for tasks to queue
[2025-03-26T17:20:22.624+0000] {logging_mixin.py:190} INFO - [2025-03-26T17:20:22.624+0000] {dagbag.py:588} INFO - Filling up the DagBag from /home/ubuntu/customer_churn_youtube_venv/lib/python3.12/site-packages/airflow/example_dags/example_setup_teardown.py
[2025-03-26T17:20:22.633+0000] {processor.py:925} INFO - DAG(s) 'example_setup_teardown' retrieved from /home/ubuntu/customer_churn_youtube_venv/lib/python3.12/site-packages/airflow/example_dags/example_setup_teardown.py
[2025-03-26T17:20:22.648+0000] {logging_mixin.py:190} INFO - [2025-03-26T17:20:22.648+0000] {dag.py:3239} INFO - Sync 1 DAGs
[2025-03-26T17:20:22.660+0000] {logging_mixin.py:190} INFO - [2025-03-26T17:20:22.660+0000] {dag.py:4180} INFO - Setting next_dagrun for example_setup_teardown to None, run_after=None
[2025-03-26T17:20:22.683+0000] {processor.py:208} INFO - Processing /home/ubuntu/customer_churn_youtube_venv/lib/python3.12/site-packages/airflow/example_dags/example_setup_teardown.py took 0.068 seconds
[2025-03-26T17:21:15.770+0000] {processor.py:186} INFO - Started process (PID=6751) to work on /home/ubuntu/customer_churn_youtube_venv/lib/python3.12/site-packages/airflow/example_dags/example_setup_teardown.py
[2025-03-26T17:21:15.772+0000] {processor.py:914} INFO - Processing file /home/ubuntu/customer_churn_youtube_venv/lib/python3.12/site-packages/airflow/example_dags/example_setup_teardown.py for tasks to queue
[2025-03-26T17:21:15.774+0000] {logging_mixin.py:190} INFO - [2025-03-26T17:21:15.774+0000] {dagbag.py:588} INFO - Filling up the DagBag from /home/ubuntu/customer_churn_youtube_venv/lib/python3.12/site-packages/airflow/example_dags/example_setup_teardown.py
[2025-03-26T17:21:15.783+0000] {processor.py:925} INFO - DAG(s) 'example_setup_teardown' retrieved from /home/ubuntu/customer_churn_youtube_venv/lib/python3.12/site-packages/airflow/example_dags/example_setup_teardown.py
[2025-03-26T17:21:15.799+0000] {logging_mixin.py:190} INFO - [2025-03-26T17:21:15.799+0000] {dag.py:3239} INFO - Sync 1 DAGs
[2025-03-26T17:21:15.811+0000] {logging_mixin.py:190} INFO - [2025-03-26T17:21:15.811+0000] {dag.py:4180} INFO - Setting next_dagrun for example_setup_teardown to None, run_after=None
[2025-03-26T17:21:15.833+0000] {processor.py:208} INFO - Processing /home/ubuntu/customer_churn_youtube_venv/lib/python3.12/site-packages/airflow/example_dags/example_setup_teardown.py took 0.069 seconds
[2025-03-26T17:22:08.182+0000] {processor.py:186} INFO - Started process (PID=6805) to work on /home/ubuntu/customer_churn_youtube_venv/lib/python3.12/site-packages/airflow/example_dags/example_setup_teardown.py
[2025-03-26T17:22:08.184+0000] {processor.py:914} INFO - Processing file /home/ubuntu/customer_churn_youtube_venv/lib/python3.12/site-packages/airflow/example_dags/example_setup_teardown.py for tasks to queue
[2025-03-26T17:22:08.185+0000] {logging_mixin.py:190} INFO - [2025-03-26T17:22:08.185+0000] {dagbag.py:588} INFO - Filling up the DagBag from /home/ubuntu/customer_churn_youtube_venv/lib/python3.12/site-packages/airflow/example_dags/example_setup_teardown.py
[2025-03-26T17:22:08.195+0000] {processor.py:925} INFO - DAG(s) 'example_setup_teardown' retrieved from /home/ubuntu/customer_churn_youtube_venv/lib/python3.12/site-packages/airflow/example_dags/example_setup_teardown.py
[2025-03-26T17:22:08.211+0000] {logging_mixin.py:190} INFO - [2025-03-26T17:22:08.211+0000] {dag.py:3239} INFO - Sync 1 DAGs
[2025-03-26T17:22:08.222+0000] {logging_mixin.py:190} INFO - [2025-03-26T17:22:08.222+0000] {dag.py:4180} INFO - Setting next_dagrun for example_setup_teardown to None, run_after=None
[2025-03-26T17:22:08.246+0000] {processor.py:208} INFO - Processing /home/ubuntu/customer_churn_youtube_venv/lib/python3.12/site-packages/airflow/example_dags/example_setup_teardown.py took 0.069 seconds
[2025-03-26T17:23:00.954+0000] {processor.py:186} INFO - Started process (PID=6857) to work on /home/ubuntu/customer_churn_youtube_venv/lib/python3.12/site-packages/airflow/example_dags/example_setup_teardown.py
[2025-03-26T17:23:00.956+0000] {processor.py:914} INFO - Processing file /home/ubuntu/customer_churn_youtube_venv/lib/python3.12/site-packages/airflow/example_dags/example_setup_teardown.py for tasks to queue
[2025-03-26T17:23:00.958+0000] {logging_mixin.py:190} INFO - [2025-03-26T17:23:00.958+0000] {dagbag.py:588} INFO - Filling up the DagBag from /home/ubuntu/customer_churn_youtube_venv/lib/python3.12/site-packages/airflow/example_dags/example_setup_teardown.py
[2025-03-26T17:23:00.967+0000] {processor.py:925} INFO - DAG(s) 'example_setup_teardown' retrieved from /home/ubuntu/customer_churn_youtube_venv/lib/python3.12/site-packages/airflow/example_dags/example_setup_teardown.py
[2025-03-26T17:23:00.982+0000] {logging_mixin.py:190} INFO - [2025-03-26T17:23:00.982+0000] {dag.py:3239} INFO - Sync 1 DAGs
[2025-03-26T17:23:00.994+0000] {logging_mixin.py:190} INFO - [2025-03-26T17:23:00.994+0000] {dag.py:4180} INFO - Setting next_dagrun for example_setup_teardown to None, run_after=None
[2025-03-26T17:23:01.018+0000] {processor.py:208} INFO - Processing /home/ubuntu/customer_churn_youtube_venv/lib/python3.12/site-packages/airflow/example_dags/example_setup_teardown.py took 0.070 seconds
[2025-03-26T17:23:53.216+0000] {processor.py:186} INFO - Started process (PID=6911) to work on /home/ubuntu/customer_churn_youtube_venv/lib/python3.12/site-packages/airflow/example_dags/example_setup_teardown.py
[2025-03-26T17:23:53.218+0000] {processor.py:914} INFO - Processing file /home/ubuntu/customer_churn_youtube_venv/lib/python3.12/site-packages/airflow/example_dags/example_setup_teardown.py for tasks to queue
[2025-03-26T17:23:53.220+0000] {logging_mixin.py:190} INFO - [2025-03-26T17:23:53.219+0000] {dagbag.py:588} INFO - Filling up the DagBag from /home/ubuntu/customer_churn_youtube_venv/lib/python3.12/site-packages/airflow/example_dags/example_setup_teardown.py
[2025-03-26T17:23:53.228+0000] {processor.py:925} INFO - DAG(s) 'example_setup_teardown' retrieved from /home/ubuntu/customer_churn_youtube_venv/lib/python3.12/site-packages/airflow/example_dags/example_setup_teardown.py
[2025-03-26T17:23:53.245+0000] {logging_mixin.py:190} INFO - [2025-03-26T17:23:53.244+0000] {dag.py:3239} INFO - Sync 1 DAGs
[2025-03-26T17:23:53.256+0000] {logging_mixin.py:190} INFO - [2025-03-26T17:23:53.256+0000] {dag.py:4180} INFO - Setting next_dagrun for example_setup_teardown to None, run_after=None
[2025-03-26T17:23:53.279+0000] {processor.py:208} INFO - Processing /home/ubuntu/customer_churn_youtube_venv/lib/python3.12/site-packages/airflow/example_dags/example_setup_teardown.py took 0.068 seconds
[2025-03-26T17:24:43.946+0000] {processor.py:186} INFO - Started process (PID=6964) to work on /home/ubuntu/customer_churn_youtube_venv/lib/python3.12/site-packages/airflow/example_dags/example_setup_teardown.py
[2025-03-26T17:24:43.949+0000] {processor.py:914} INFO - Processing file /home/ubuntu/customer_churn_youtube_venv/lib/python3.12/site-packages/airflow/example_dags/example_setup_teardown.py for tasks to queue
[2025-03-26T17:24:43.951+0000] {logging_mixin.py:190} INFO - [2025-03-26T17:24:43.950+0000] {dagbag.py:588} INFO - Filling up the DagBag from /home/ubuntu/customer_churn_youtube_venv/lib/python3.12/site-packages/airflow/example_dags/example_setup_teardown.py
[2025-03-26T17:24:43.960+0000] {processor.py:925} INFO - DAG(s) 'example_setup_teardown' retrieved from /home/ubuntu/customer_churn_youtube_venv/lib/python3.12/site-packages/airflow/example_dags/example_setup_teardown.py
[2025-03-26T17:24:43.976+0000] {logging_mixin.py:190} INFO - [2025-03-26T17:24:43.976+0000] {dag.py:3239} INFO - Sync 1 DAGs
[2025-03-26T17:24:43.988+0000] {logging_mixin.py:190} INFO - [2025-03-26T17:24:43.987+0000] {dag.py:4180} INFO - Setting next_dagrun for example_setup_teardown to None, run_after=None
[2025-03-26T17:24:44.010+0000] {processor.py:208} INFO - Processing /home/ubuntu/customer_churn_youtube_venv/lib/python3.12/site-packages/airflow/example_dags/example_setup_teardown.py took 0.069 seconds
[2025-03-26T17:25:34.709+0000] {processor.py:186} INFO - Started process (PID=7022) to work on /home/ubuntu/customer_churn_youtube_venv/lib/python3.12/site-packages/airflow/example_dags/example_setup_teardown.py
[2025-03-26T17:25:34.711+0000] {processor.py:914} INFO - Processing file /home/ubuntu/customer_churn_youtube_venv/lib/python3.12/site-packages/airflow/example_dags/example_setup_teardown.py for tasks to queue
[2025-03-26T17:25:34.713+0000] {logging_mixin.py:190} INFO - [2025-03-26T17:25:34.713+0000] {dagbag.py:588} INFO - Filling up the DagBag from /home/ubuntu/customer_churn_youtube_venv/lib/python3.12/site-packages/airflow/example_dags/example_setup_teardown.py
[2025-03-26T17:25:34.722+0000] {processor.py:925} INFO - DAG(s) 'example_setup_teardown' retrieved from /home/ubuntu/customer_churn_youtube_venv/lib/python3.12/site-packages/airflow/example_dags/example_setup_teardown.py
[2025-03-26T17:25:34.738+0000] {logging_mixin.py:190} INFO - [2025-03-26T17:25:34.738+0000] {dag.py:3239} INFO - Sync 1 DAGs
[2025-03-26T17:25:34.750+0000] {logging_mixin.py:190} INFO - [2025-03-26T17:25:34.750+0000] {dag.py:4180} INFO - Setting next_dagrun for example_setup_teardown to None, run_after=None
[2025-03-26T17:25:34.774+0000] {processor.py:208} INFO - Processing /home/ubuntu/customer_churn_youtube_venv/lib/python3.12/site-packages/airflow/example_dags/example_setup_teardown.py took 0.071 seconds
[2025-03-26T17:26:24.427+0000] {processor.py:186} INFO - Started process (PID=7073) to work on /home/ubuntu/customer_churn_youtube_venv/lib/python3.12/site-packages/airflow/example_dags/example_setup_teardown.py
[2025-03-26T17:26:24.428+0000] {processor.py:914} INFO - Processing file /home/ubuntu/customer_churn_youtube_venv/lib/python3.12/site-packages/airflow/example_dags/example_setup_teardown.py for tasks to queue
[2025-03-26T17:26:24.430+0000] {logging_mixin.py:190} INFO - [2025-03-26T17:26:24.429+0000] {dagbag.py:588} INFO - Filling up the DagBag from /home/ubuntu/customer_churn_youtube_venv/lib/python3.12/site-packages/airflow/example_dags/example_setup_teardown.py
[2025-03-26T17:26:24.439+0000] {processor.py:925} INFO - DAG(s) 'example_setup_teardown' retrieved from /home/ubuntu/customer_churn_youtube_venv/lib/python3.12/site-packages/airflow/example_dags/example_setup_teardown.py
[2025-03-26T17:26:24.454+0000] {logging_mixin.py:190} INFO - [2025-03-26T17:26:24.454+0000] {dag.py:3239} INFO - Sync 1 DAGs
[2025-03-26T17:26:24.467+0000] {logging_mixin.py:190} INFO - [2025-03-26T17:26:24.466+0000] {dag.py:4180} INFO - Setting next_dagrun for example_setup_teardown to None, run_after=None
[2025-03-26T17:26:24.489+0000] {processor.py:208} INFO - Processing /home/ubuntu/customer_churn_youtube_venv/lib/python3.12/site-packages/airflow/example_dags/example_setup_teardown.py took 0.068 seconds
[2025-03-26T17:27:16.023+0000] {processor.py:186} INFO - Started process (PID=7126) to work on /home/ubuntu/customer_churn_youtube_venv/lib/python3.12/site-packages/airflow/example_dags/example_setup_teardown.py
[2025-03-26T17:27:16.025+0000] {processor.py:914} INFO - Processing file /home/ubuntu/customer_churn_youtube_venv/lib/python3.12/site-packages/airflow/example_dags/example_setup_teardown.py for tasks to queue
[2025-03-26T17:27:16.027+0000] {logging_mixin.py:190} INFO - [2025-03-26T17:27:16.027+0000] {dagbag.py:588} INFO - Filling up the DagBag from /home/ubuntu/customer_churn_youtube_venv/lib/python3.12/site-packages/airflow/example_dags/example_setup_teardown.py
[2025-03-26T17:27:16.036+0000] {processor.py:925} INFO - DAG(s) 'example_setup_teardown' retrieved from /home/ubuntu/customer_churn_youtube_venv/lib/python3.12/site-packages/airflow/example_dags/example_setup_teardown.py
[2025-03-26T17:27:16.051+0000] {logging_mixin.py:190} INFO - [2025-03-26T17:27:16.051+0000] {dag.py:3239} INFO - Sync 1 DAGs
[2025-03-26T17:27:16.063+0000] {logging_mixin.py:190} INFO - [2025-03-26T17:27:16.062+0000] {dag.py:4180} INFO - Setting next_dagrun for example_setup_teardown to None, run_after=None
[2025-03-26T17:27:16.084+0000] {processor.py:208} INFO - Processing /home/ubuntu/customer_churn_youtube_venv/lib/python3.12/site-packages/airflow/example_dags/example_setup_teardown.py took 0.066 seconds
[2025-03-26T17:28:06.392+0000] {processor.py:186} INFO - Started process (PID=7224) to work on /home/ubuntu/customer_churn_youtube_venv/lib/python3.12/site-packages/airflow/example_dags/example_setup_teardown.py
[2025-03-26T17:28:06.393+0000] {processor.py:914} INFO - Processing file /home/ubuntu/customer_churn_youtube_venv/lib/python3.12/site-packages/airflow/example_dags/example_setup_teardown.py for tasks to queue
[2025-03-26T17:28:06.396+0000] {logging_mixin.py:190} INFO - [2025-03-26T17:28:06.395+0000] {dagbag.py:588} INFO - Filling up the DagBag from /home/ubuntu/customer_churn_youtube_venv/lib/python3.12/site-packages/airflow/example_dags/example_setup_teardown.py
[2025-03-26T17:28:06.405+0000] {processor.py:925} INFO - DAG(s) 'example_setup_teardown' retrieved from /home/ubuntu/customer_churn_youtube_venv/lib/python3.12/site-packages/airflow/example_dags/example_setup_teardown.py
[2025-03-26T17:28:06.420+0000] {logging_mixin.py:190} INFO - [2025-03-26T17:28:06.420+0000] {dag.py:3239} INFO - Sync 1 DAGs
[2025-03-26T17:28:06.432+0000] {logging_mixin.py:190} INFO - [2025-03-26T17:28:06.431+0000] {dag.py:4180} INFO - Setting next_dagrun for example_setup_teardown to None, run_after=None
[2025-03-26T17:28:06.454+0000] {processor.py:208} INFO - Processing /home/ubuntu/customer_churn_youtube_venv/lib/python3.12/site-packages/airflow/example_dags/example_setup_teardown.py took 0.068 seconds
[2025-03-26T17:28:57.937+0000] {processor.py:186} INFO - Started process (PID=7277) to work on /home/ubuntu/customer_churn_youtube_venv/lib/python3.12/site-packages/airflow/example_dags/example_setup_teardown.py
[2025-03-26T17:28:57.938+0000] {processor.py:914} INFO - Processing file /home/ubuntu/customer_churn_youtube_venv/lib/python3.12/site-packages/airflow/example_dags/example_setup_teardown.py for tasks to queue
[2025-03-26T17:28:57.941+0000] {logging_mixin.py:190} INFO - [2025-03-26T17:28:57.940+0000] {dagbag.py:588} INFO - Filling up the DagBag from /home/ubuntu/customer_churn_youtube_venv/lib/python3.12/site-packages/airflow/example_dags/example_setup_teardown.py
[2025-03-26T17:28:57.950+0000] {processor.py:925} INFO - DAG(s) 'example_setup_teardown' retrieved from /home/ubuntu/customer_churn_youtube_venv/lib/python3.12/site-packages/airflow/example_dags/example_setup_teardown.py
[2025-03-26T17:28:57.966+0000] {logging_mixin.py:190} INFO - [2025-03-26T17:28:57.966+0000] {dag.py:3239} INFO - Sync 1 DAGs
[2025-03-26T17:28:57.978+0000] {logging_mixin.py:190} INFO - [2025-03-26T17:28:57.978+0000] {dag.py:4180} INFO - Setting next_dagrun for example_setup_teardown to None, run_after=None
[2025-03-26T17:28:58.000+0000] {processor.py:208} INFO - Processing /home/ubuntu/customer_churn_youtube_venv/lib/python3.12/site-packages/airflow/example_dags/example_setup_teardown.py took 0.069 seconds
[2025-03-26T17:29:47.122+0000] {processor.py:186} INFO - Started process (PID=7330) to work on /home/ubuntu/customer_churn_youtube_venv/lib/python3.12/site-packages/airflow/example_dags/example_setup_teardown.py
[2025-03-26T17:29:47.124+0000] {processor.py:914} INFO - Processing file /home/ubuntu/customer_churn_youtube_venv/lib/python3.12/site-packages/airflow/example_dags/example_setup_teardown.py for tasks to queue
[2025-03-26T17:29:47.126+0000] {logging_mixin.py:190} INFO - [2025-03-26T17:29:47.126+0000] {dagbag.py:588} INFO - Filling up the DagBag from /home/ubuntu/customer_churn_youtube_venv/lib/python3.12/site-packages/airflow/example_dags/example_setup_teardown.py
[2025-03-26T17:29:47.135+0000] {processor.py:925} INFO - DAG(s) 'example_setup_teardown' retrieved from /home/ubuntu/customer_churn_youtube_venv/lib/python3.12/site-packages/airflow/example_dags/example_setup_teardown.py
[2025-03-26T17:29:47.151+0000] {logging_mixin.py:190} INFO - [2025-03-26T17:29:47.151+0000] {dag.py:3239} INFO - Sync 1 DAGs
[2025-03-26T17:29:47.163+0000] {logging_mixin.py:190} INFO - [2025-03-26T17:29:47.163+0000] {dag.py:4180} INFO - Setting next_dagrun for example_setup_teardown to None, run_after=None
[2025-03-26T17:29:47.185+0000] {processor.py:208} INFO - Processing /home/ubuntu/customer_churn_youtube_venv/lib/python3.12/site-packages/airflow/example_dags/example_setup_teardown.py took 0.069 seconds
[2025-03-26T17:30:36.273+0000] {processor.py:186} INFO - Started process (PID=7386) to work on /home/ubuntu/customer_churn_youtube_venv/lib/python3.12/site-packages/airflow/example_dags/example_setup_teardown.py
[2025-03-26T17:30:36.275+0000] {processor.py:914} INFO - Processing file /home/ubuntu/customer_churn_youtube_venv/lib/python3.12/site-packages/airflow/example_dags/example_setup_teardown.py for tasks to queue
[2025-03-26T17:30:36.277+0000] {logging_mixin.py:190} INFO - [2025-03-26T17:30:36.277+0000] {dagbag.py:588} INFO - Filling up the DagBag from /home/ubuntu/customer_churn_youtube_venv/lib/python3.12/site-packages/airflow/example_dags/example_setup_teardown.py
[2025-03-26T17:30:36.286+0000] {processor.py:925} INFO - DAG(s) 'example_setup_teardown' retrieved from /home/ubuntu/customer_churn_youtube_venv/lib/python3.12/site-packages/airflow/example_dags/example_setup_teardown.py
[2025-03-26T17:30:36.302+0000] {logging_mixin.py:190} INFO - [2025-03-26T17:30:36.302+0000] {dag.py:3239} INFO - Sync 1 DAGs
[2025-03-26T17:30:36.314+0000] {logging_mixin.py:190} INFO - [2025-03-26T17:30:36.314+0000] {dag.py:4180} INFO - Setting next_dagrun for example_setup_teardown to None, run_after=None
[2025-03-26T17:30:36.336+0000] {processor.py:208} INFO - Processing /home/ubuntu/customer_churn_youtube_venv/lib/python3.12/site-packages/airflow/example_dags/example_setup_teardown.py took 0.069 seconds
[2025-03-26T17:31:27.611+0000] {processor.py:186} INFO - Started process (PID=7438) to work on /home/ubuntu/customer_churn_youtube_venv/lib/python3.12/site-packages/airflow/example_dags/example_setup_teardown.py
[2025-03-26T17:31:27.612+0000] {processor.py:914} INFO - Processing file /home/ubuntu/customer_churn_youtube_venv/lib/python3.12/site-packages/airflow/example_dags/example_setup_teardown.py for tasks to queue
[2025-03-26T17:31:27.615+0000] {logging_mixin.py:190} INFO - [2025-03-26T17:31:27.615+0000] {dagbag.py:588} INFO - Filling up the DagBag from /home/ubuntu/customer_churn_youtube_venv/lib/python3.12/site-packages/airflow/example_dags/example_setup_teardown.py
[2025-03-26T17:31:27.624+0000] {processor.py:925} INFO - DAG(s) 'example_setup_teardown' retrieved from /home/ubuntu/customer_churn_youtube_venv/lib/python3.12/site-packages/airflow/example_dags/example_setup_teardown.py
[2025-03-26T17:31:27.640+0000] {logging_mixin.py:190} INFO - [2025-03-26T17:31:27.640+0000] {dag.py:3239} INFO - Sync 1 DAGs
[2025-03-26T17:31:27.652+0000] {logging_mixin.py:190} INFO - [2025-03-26T17:31:27.651+0000] {dag.py:4180} INFO - Setting next_dagrun for example_setup_teardown to None, run_after=None
[2025-03-26T17:31:27.672+0000] {processor.py:208} INFO - Processing /home/ubuntu/customer_churn_youtube_venv/lib/python3.12/site-packages/airflow/example_dags/example_setup_teardown.py took 0.067 seconds
[2025-03-26T17:32:18.103+0000] {processor.py:186} INFO - Started process (PID=7515) to work on /home/ubuntu/customer_churn_youtube_venv/lib/python3.12/site-packages/airflow/example_dags/example_setup_teardown.py
[2025-03-26T17:32:18.105+0000] {processor.py:914} INFO - Processing file /home/ubuntu/customer_churn_youtube_venv/lib/python3.12/site-packages/airflow/example_dags/example_setup_teardown.py for tasks to queue
[2025-03-26T17:32:18.107+0000] {logging_mixin.py:190} INFO - [2025-03-26T17:32:18.106+0000] {dagbag.py:588} INFO - Filling up the DagBag from /home/ubuntu/customer_churn_youtube_venv/lib/python3.12/site-packages/airflow/example_dags/example_setup_teardown.py
[2025-03-26T17:32:18.116+0000] {processor.py:925} INFO - DAG(s) 'example_setup_teardown' retrieved from /home/ubuntu/customer_churn_youtube_venv/lib/python3.12/site-packages/airflow/example_dags/example_setup_teardown.py
[2025-03-26T17:32:18.133+0000] {logging_mixin.py:190} INFO - [2025-03-26T17:32:18.132+0000] {dag.py:3239} INFO - Sync 1 DAGs
[2025-03-26T17:32:18.146+0000] {logging_mixin.py:190} INFO - [2025-03-26T17:32:18.146+0000] {dag.py:4180} INFO - Setting next_dagrun for example_setup_teardown to None, run_after=None
[2025-03-26T17:32:18.168+0000] {processor.py:208} INFO - Processing /home/ubuntu/customer_churn_youtube_venv/lib/python3.12/site-packages/airflow/example_dags/example_setup_teardown.py took 0.071 seconds
[2025-03-26T17:33:10.800+0000] {processor.py:186} INFO - Started process (PID=7585) to work on /home/ubuntu/customer_churn_youtube_venv/lib/python3.12/site-packages/airflow/example_dags/example_setup_teardown.py
[2025-03-26T17:33:10.802+0000] {processor.py:914} INFO - Processing file /home/ubuntu/customer_churn_youtube_venv/lib/python3.12/site-packages/airflow/example_dags/example_setup_teardown.py for tasks to queue
[2025-03-26T17:33:10.804+0000] {logging_mixin.py:190} INFO - [2025-03-26T17:33:10.803+0000] {dagbag.py:588} INFO - Filling up the DagBag from /home/ubuntu/customer_churn_youtube_venv/lib/python3.12/site-packages/airflow/example_dags/example_setup_teardown.py
[2025-03-26T17:33:10.813+0000] {processor.py:925} INFO - DAG(s) 'example_setup_teardown' retrieved from /home/ubuntu/customer_churn_youtube_venv/lib/python3.12/site-packages/airflow/example_dags/example_setup_teardown.py
[2025-03-26T17:33:10.828+0000] {logging_mixin.py:190} INFO - [2025-03-26T17:33:10.828+0000] {dag.py:3239} INFO - Sync 1 DAGs
[2025-03-26T17:33:10.840+0000] {logging_mixin.py:190} INFO - [2025-03-26T17:33:10.840+0000] {dag.py:4180} INFO - Setting next_dagrun for example_setup_teardown to None, run_after=None
[2025-03-26T17:33:10.865+0000] {processor.py:208} INFO - Processing /home/ubuntu/customer_churn_youtube_venv/lib/python3.12/site-packages/airflow/example_dags/example_setup_teardown.py took 0.070 seconds
[2025-03-26T17:34:00.898+0000] {processor.py:186} INFO - Started process (PID=7636) to work on /home/ubuntu/customer_churn_youtube_venv/lib/python3.12/site-packages/airflow/example_dags/example_setup_teardown.py
[2025-03-26T17:34:00.900+0000] {processor.py:914} INFO - Processing file /home/ubuntu/customer_churn_youtube_venv/lib/python3.12/site-packages/airflow/example_dags/example_setup_teardown.py for tasks to queue
[2025-03-26T17:34:00.902+0000] {logging_mixin.py:190} INFO - [2025-03-26T17:34:00.901+0000] {dagbag.py:588} INFO - Filling up the DagBag from /home/ubuntu/customer_churn_youtube_venv/lib/python3.12/site-packages/airflow/example_dags/example_setup_teardown.py
[2025-03-26T17:34:00.911+0000] {processor.py:925} INFO - DAG(s) 'example_setup_teardown' retrieved from /home/ubuntu/customer_churn_youtube_venv/lib/python3.12/site-packages/airflow/example_dags/example_setup_teardown.py
[2025-03-26T17:34:00.926+0000] {logging_mixin.py:190} INFO - [2025-03-26T17:34:00.926+0000] {dag.py:3239} INFO - Sync 1 DAGs
[2025-03-26T17:34:00.938+0000] {logging_mixin.py:190} INFO - [2025-03-26T17:34:00.938+0000] {dag.py:4180} INFO - Setting next_dagrun for example_setup_teardown to None, run_after=None
[2025-03-26T17:34:00.960+0000] {processor.py:208} INFO - Processing /home/ubuntu/customer_churn_youtube_venv/lib/python3.12/site-packages/airflow/example_dags/example_setup_teardown.py took 0.067 seconds
[2025-03-26T17:34:52.560+0000] {processor.py:186} INFO - Started process (PID=7691) to work on /home/ubuntu/customer_churn_youtube_venv/lib/python3.12/site-packages/airflow/example_dags/example_setup_teardown.py
[2025-03-26T17:34:52.562+0000] {processor.py:914} INFO - Processing file /home/ubuntu/customer_churn_youtube_venv/lib/python3.12/site-packages/airflow/example_dags/example_setup_teardown.py for tasks to queue
[2025-03-26T17:34:52.564+0000] {logging_mixin.py:190} INFO - [2025-03-26T17:34:52.563+0000] {dagbag.py:588} INFO - Filling up the DagBag from /home/ubuntu/customer_churn_youtube_venv/lib/python3.12/site-packages/airflow/example_dags/example_setup_teardown.py
[2025-03-26T17:34:52.572+0000] {processor.py:925} INFO - DAG(s) 'example_setup_teardown' retrieved from /home/ubuntu/customer_churn_youtube_venv/lib/python3.12/site-packages/airflow/example_dags/example_setup_teardown.py
[2025-03-26T17:34:52.588+0000] {logging_mixin.py:190} INFO - [2025-03-26T17:34:52.588+0000] {dag.py:3239} INFO - Sync 1 DAGs
[2025-03-26T17:34:52.598+0000] {logging_mixin.py:190} INFO - [2025-03-26T17:34:52.598+0000] {dag.py:4180} INFO - Setting next_dagrun for example_setup_teardown to None, run_after=None
[2025-03-26T17:34:52.622+0000] {processor.py:208} INFO - Processing /home/ubuntu/customer_churn_youtube_venv/lib/python3.12/site-packages/airflow/example_dags/example_setup_teardown.py took 0.068 seconds
[2025-03-26T17:35:46.773+0000] {processor.py:186} INFO - Started process (PID=7751) to work on /home/ubuntu/customer_churn_youtube_venv/lib/python3.12/site-packages/airflow/example_dags/example_setup_teardown.py
[2025-03-26T17:35:46.775+0000] {processor.py:914} INFO - Processing file /home/ubuntu/customer_churn_youtube_venv/lib/python3.12/site-packages/airflow/example_dags/example_setup_teardown.py for tasks to queue
[2025-03-26T17:35:46.777+0000] {logging_mixin.py:190} INFO - [2025-03-26T17:35:46.777+0000] {dagbag.py:588} INFO - Filling up the DagBag from /home/ubuntu/customer_churn_youtube_venv/lib/python3.12/site-packages/airflow/example_dags/example_setup_teardown.py
[2025-03-26T17:35:46.786+0000] {processor.py:925} INFO - DAG(s) 'example_setup_teardown' retrieved from /home/ubuntu/customer_churn_youtube_venv/lib/python3.12/site-packages/airflow/example_dags/example_setup_teardown.py
[2025-03-26T17:35:46.802+0000] {logging_mixin.py:190} INFO - [2025-03-26T17:35:46.801+0000] {dag.py:3239} INFO - Sync 1 DAGs
[2025-03-26T17:35:46.813+0000] {logging_mixin.py:190} INFO - [2025-03-26T17:35:46.813+0000] {dag.py:4180} INFO - Setting next_dagrun for example_setup_teardown to None, run_after=None
[2025-03-26T17:35:46.833+0000] {processor.py:208} INFO - Processing /home/ubuntu/customer_churn_youtube_venv/lib/python3.12/site-packages/airflow/example_dags/example_setup_teardown.py took 0.065 seconds
[2025-03-26T17:36:39.075+0000] {processor.py:186} INFO - Started process (PID=7807) to work on /home/ubuntu/customer_churn_youtube_venv/lib/python3.12/site-packages/airflow/example_dags/example_setup_teardown.py
[2025-03-26T17:36:39.078+0000] {processor.py:914} INFO - Processing file /home/ubuntu/customer_churn_youtube_venv/lib/python3.12/site-packages/airflow/example_dags/example_setup_teardown.py for tasks to queue
[2025-03-26T17:36:39.080+0000] {logging_mixin.py:190} INFO - [2025-03-26T17:36:39.079+0000] {dagbag.py:588} INFO - Filling up the DagBag from /home/ubuntu/customer_churn_youtube_venv/lib/python3.12/site-packages/airflow/example_dags/example_setup_teardown.py
[2025-03-26T17:36:39.089+0000] {processor.py:925} INFO - DAG(s) 'example_setup_teardown' retrieved from /home/ubuntu/customer_churn_youtube_venv/lib/python3.12/site-packages/airflow/example_dags/example_setup_teardown.py
[2025-03-26T17:36:39.106+0000] {logging_mixin.py:190} INFO - [2025-03-26T17:36:39.105+0000] {dag.py:3239} INFO - Sync 1 DAGs
[2025-03-26T17:36:39.117+0000] {logging_mixin.py:190} INFO - [2025-03-26T17:36:39.117+0000] {dag.py:4180} INFO - Setting next_dagrun for example_setup_teardown to None, run_after=None
[2025-03-26T17:36:39.140+0000] {processor.py:208} INFO - Processing /home/ubuntu/customer_churn_youtube_venv/lib/python3.12/site-packages/airflow/example_dags/example_setup_teardown.py took 0.070 seconds
