[2025-03-26T17:13:54.500+0000] {processor.py:186} INFO - Started process (PID=6295) to work on /home/ubuntu/customer_churn_youtube_venv/lib/python3.12/site-packages/airflow/example_dags/example_nested_branch_dag.py
[2025-03-26T17:13:54.501+0000] {processor.py:914} INFO - Processing file /home/ubuntu/customer_churn_youtube_venv/lib/python3.12/site-packages/airflow/example_dags/example_nested_branch_dag.py for tasks to queue
[2025-03-26T17:13:54.503+0000] {logging_mixin.py:190} INFO - [2025-03-26T17:13:54.502+0000] {dagbag.py:588} INFO - Filling up the DagBag from /home/ubuntu/customer_churn_youtube_venv/lib/python3.12/site-packages/airflow/example_dags/example_nested_branch_dag.py
[2025-03-26T17:13:54.515+0000] {processor.py:925} INFO - DAG(s) 'example_nested_branch_dag' retrieved from /home/ubuntu/customer_churn_youtube_venv/lib/python3.12/site-packages/airflow/example_dags/example_nested_branch_dag.py
[2025-03-26T17:13:54.617+0000] {logging_mixin.py:190} INFO - [2025-03-26T17:13:54.617+0000] {override.py:1930} INFO - Created Permission View: can edit on DAG:example_nested_branch_dag
[2025-03-26T17:13:54.632+0000] {logging_mixin.py:190} INFO - [2025-03-26T17:13:54.631+0000] {override.py:1930} INFO - Created Permission View: can read on DAG:example_nested_branch_dag
[2025-03-26T17:13:54.643+0000] {logging_mixin.py:190} INFO - [2025-03-26T17:13:54.642+0000] {override.py:1930} INFO - Created Permission View: can delete on DAG:example_nested_branch_dag
[2025-03-26T17:13:54.661+0000] {logging_mixin.py:190} INFO - [2025-03-26T17:13:54.660+0000] {override.py:1930} INFO - Created Permission View: menu access on DAG Run:example_nested_branch_dag
[2025-03-26T17:13:54.670+0000] {logging_mixin.py:190} INFO - [2025-03-26T17:13:54.670+0000] {override.py:1930} INFO - Created Permission View: can create on DAG Run:example_nested_branch_dag
[2025-03-26T17:13:54.682+0000] {logging_mixin.py:190} INFO - [2025-03-26T17:13:54.681+0000] {override.py:1930} INFO - Created Permission View: can delete on DAG Run:example_nested_branch_dag
[2025-03-26T17:13:54.695+0000] {logging_mixin.py:190} INFO - [2025-03-26T17:13:54.695+0000] {override.py:1930} INFO - Created Permission View: can read on DAG Run:example_nested_branch_dag
[2025-03-26T17:13:54.695+0000] {logging_mixin.py:190} INFO - [2025-03-26T17:13:54.695+0000] {dag.py:3239} INFO - Sync 1 DAGs
[2025-03-26T17:13:54.705+0000] {logging_mixin.py:190} INFO - [2025-03-26T17:13:54.705+0000] {dag.py:3262} INFO - Creating ORM DAG for example_nested_branch_dag
[2025-03-26T17:13:54.715+0000] {logging_mixin.py:190} INFO - [2025-03-26T17:13:54.715+0000] {dag.py:4180} INFO - Setting next_dagrun for example_nested_branch_dag to 2025-03-25 00:00:00+00:00, run_after=2025-03-26 00:00:00+00:00
[2025-03-26T17:13:54.736+0000] {processor.py:208} INFO - Processing /home/ubuntu/customer_churn_youtube_venv/lib/python3.12/site-packages/airflow/example_dags/example_nested_branch_dag.py took 0.242 seconds
[2025-03-26T17:14:59.270+0000] {processor.py:186} INFO - Started process (PID=6356) to work on /home/ubuntu/customer_churn_youtube_venv/lib/python3.12/site-packages/airflow/example_dags/example_nested_branch_dag.py
[2025-03-26T17:14:59.273+0000] {processor.py:914} INFO - Processing file /home/ubuntu/customer_churn_youtube_venv/lib/python3.12/site-packages/airflow/example_dags/example_nested_branch_dag.py for tasks to queue
[2025-03-26T17:14:59.275+0000] {logging_mixin.py:190} INFO - [2025-03-26T17:14:59.274+0000] {dagbag.py:588} INFO - Filling up the DagBag from /home/ubuntu/customer_churn_youtube_venv/lib/python3.12/site-packages/airflow/example_dags/example_nested_branch_dag.py
[2025-03-26T17:14:59.286+0000] {processor.py:925} INFO - DAG(s) 'example_nested_branch_dag' retrieved from /home/ubuntu/customer_churn_youtube_venv/lib/python3.12/site-packages/airflow/example_dags/example_nested_branch_dag.py
[2025-03-26T17:14:59.304+0000] {logging_mixin.py:190} INFO - [2025-03-26T17:14:59.303+0000] {dag.py:3239} INFO - Sync 1 DAGs
[2025-03-26T17:14:59.323+0000] {logging_mixin.py:190} INFO - [2025-03-26T17:14:59.323+0000] {dag.py:4180} INFO - Setting next_dagrun for example_nested_branch_dag to 2025-03-25 00:00:00+00:00, run_after=2025-03-26 00:00:00+00:00
[2025-03-26T17:14:59.346+0000] {processor.py:208} INFO - Processing /home/ubuntu/customer_churn_youtube_venv/lib/python3.12/site-packages/airflow/example_dags/example_nested_branch_dag.py took 0.081 seconds
[2025-03-26T17:15:55.335+0000] {processor.py:186} INFO - Started process (PID=6419) to work on /home/ubuntu/customer_churn_youtube_venv/lib/python3.12/site-packages/airflow/example_dags/example_nested_branch_dag.py
[2025-03-26T17:15:55.336+0000] {processor.py:914} INFO - Processing file /home/ubuntu/customer_churn_youtube_venv/lib/python3.12/site-packages/airflow/example_dags/example_nested_branch_dag.py for tasks to queue
[2025-03-26T17:15:55.339+0000] {logging_mixin.py:190} INFO - [2025-03-26T17:15:55.338+0000] {dagbag.py:588} INFO - Filling up the DagBag from /home/ubuntu/customer_churn_youtube_venv/lib/python3.12/site-packages/airflow/example_dags/example_nested_branch_dag.py
[2025-03-26T17:15:55.351+0000] {processor.py:925} INFO - DAG(s) 'example_nested_branch_dag' retrieved from /home/ubuntu/customer_churn_youtube_venv/lib/python3.12/site-packages/airflow/example_dags/example_nested_branch_dag.py
[2025-03-26T17:15:55.367+0000] {logging_mixin.py:190} INFO - [2025-03-26T17:15:55.367+0000] {dag.py:3239} INFO - Sync 1 DAGs
[2025-03-26T17:15:55.387+0000] {logging_mixin.py:190} INFO - [2025-03-26T17:15:55.386+0000] {dag.py:4180} INFO - Setting next_dagrun for example_nested_branch_dag to 2025-03-25 00:00:00+00:00, run_after=2025-03-26 00:00:00+00:00
[2025-03-26T17:15:55.409+0000] {processor.py:208} INFO - Processing /home/ubuntu/customer_churn_youtube_venv/lib/python3.12/site-packages/airflow/example_dags/example_nested_branch_dag.py took 0.079 seconds
[2025-03-26T17:16:53.407+0000] {processor.py:186} INFO - Started process (PID=6476) to work on /home/ubuntu/customer_churn_youtube_venv/lib/python3.12/site-packages/airflow/example_dags/example_nested_branch_dag.py
[2025-03-26T17:16:53.409+0000] {processor.py:914} INFO - Processing file /home/ubuntu/customer_churn_youtube_venv/lib/python3.12/site-packages/airflow/example_dags/example_nested_branch_dag.py for tasks to queue
[2025-03-26T17:16:53.411+0000] {logging_mixin.py:190} INFO - [2025-03-26T17:16:53.411+0000] {dagbag.py:588} INFO - Filling up the DagBag from /home/ubuntu/customer_churn_youtube_venv/lib/python3.12/site-packages/airflow/example_dags/example_nested_branch_dag.py
[2025-03-26T17:16:53.423+0000] {processor.py:925} INFO - DAG(s) 'example_nested_branch_dag' retrieved from /home/ubuntu/customer_churn_youtube_venv/lib/python3.12/site-packages/airflow/example_dags/example_nested_branch_dag.py
[2025-03-26T17:16:53.439+0000] {logging_mixin.py:190} INFO - [2025-03-26T17:16:53.438+0000] {dag.py:3239} INFO - Sync 1 DAGs
[2025-03-26T17:16:53.458+0000] {logging_mixin.py:190} INFO - [2025-03-26T17:16:53.458+0000] {dag.py:4180} INFO - Setting next_dagrun for example_nested_branch_dag to 2025-03-25 00:00:00+00:00, run_after=2025-03-26 00:00:00+00:00
[2025-03-26T17:16:53.478+0000] {processor.py:208} INFO - Processing /home/ubuntu/customer_churn_youtube_venv/lib/python3.12/site-packages/airflow/example_dags/example_nested_branch_dag.py took 0.076 seconds
[2025-03-26T17:17:48.051+0000] {processor.py:186} INFO - Started process (PID=6538) to work on /home/ubuntu/customer_churn_youtube_venv/lib/python3.12/site-packages/airflow/example_dags/example_nested_branch_dag.py
[2025-03-26T17:17:48.052+0000] {processor.py:914} INFO - Processing file /home/ubuntu/customer_churn_youtube_venv/lib/python3.12/site-packages/airflow/example_dags/example_nested_branch_dag.py for tasks to queue
[2025-03-26T17:17:48.054+0000] {logging_mixin.py:190} INFO - [2025-03-26T17:17:48.053+0000] {dagbag.py:588} INFO - Filling up the DagBag from /home/ubuntu/customer_churn_youtube_venv/lib/python3.12/site-packages/airflow/example_dags/example_nested_branch_dag.py
[2025-03-26T17:17:48.066+0000] {processor.py:925} INFO - DAG(s) 'example_nested_branch_dag' retrieved from /home/ubuntu/customer_churn_youtube_venv/lib/python3.12/site-packages/airflow/example_dags/example_nested_branch_dag.py
[2025-03-26T17:17:48.082+0000] {logging_mixin.py:190} INFO - [2025-03-26T17:17:48.082+0000] {dag.py:3239} INFO - Sync 1 DAGs
[2025-03-26T17:17:48.101+0000] {logging_mixin.py:190} INFO - [2025-03-26T17:17:48.101+0000] {dag.py:4180} INFO - Setting next_dagrun for example_nested_branch_dag to 2025-03-25 00:00:00+00:00, run_after=2025-03-26 00:00:00+00:00
[2025-03-26T17:17:48.125+0000] {processor.py:208} INFO - Processing /home/ubuntu/customer_churn_youtube_venv/lib/python3.12/site-packages/airflow/example_dags/example_nested_branch_dag.py took 0.080 seconds
[2025-03-26T17:18:38.618+0000] {processor.py:186} INFO - Started process (PID=6590) to work on /home/ubuntu/customer_churn_youtube_venv/lib/python3.12/site-packages/airflow/example_dags/example_nested_branch_dag.py
[2025-03-26T17:18:38.620+0000] {processor.py:914} INFO - Processing file /home/ubuntu/customer_churn_youtube_venv/lib/python3.12/site-packages/airflow/example_dags/example_nested_branch_dag.py for tasks to queue
[2025-03-26T17:18:38.623+0000] {logging_mixin.py:190} INFO - [2025-03-26T17:18:38.622+0000] {dagbag.py:588} INFO - Filling up the DagBag from /home/ubuntu/customer_churn_youtube_venv/lib/python3.12/site-packages/airflow/example_dags/example_nested_branch_dag.py
[2025-03-26T17:18:38.634+0000] {processor.py:925} INFO - DAG(s) 'example_nested_branch_dag' retrieved from /home/ubuntu/customer_churn_youtube_venv/lib/python3.12/site-packages/airflow/example_dags/example_nested_branch_dag.py
[2025-03-26T17:18:38.650+0000] {logging_mixin.py:190} INFO - [2025-03-26T17:18:38.650+0000] {dag.py:3239} INFO - Sync 1 DAGs
[2025-03-26T17:18:38.669+0000] {logging_mixin.py:190} INFO - [2025-03-26T17:18:38.668+0000] {dag.py:4180} INFO - Setting next_dagrun for example_nested_branch_dag to 2025-03-25 00:00:00+00:00, run_after=2025-03-26 00:00:00+00:00
[2025-03-26T17:18:38.689+0000] {processor.py:208} INFO - Processing /home/ubuntu/customer_churn_youtube_venv/lib/python3.12/site-packages/airflow/example_dags/example_nested_branch_dag.py took 0.076 seconds
[2025-03-26T17:19:35.903+0000] {processor.py:186} INFO - Started process (PID=6644) to work on /home/ubuntu/customer_churn_youtube_venv/lib/python3.12/site-packages/airflow/example_dags/example_nested_branch_dag.py
[2025-03-26T17:19:35.904+0000] {processor.py:914} INFO - Processing file /home/ubuntu/customer_churn_youtube_venv/lib/python3.12/site-packages/airflow/example_dags/example_nested_branch_dag.py for tasks to queue
[2025-03-26T17:19:35.907+0000] {logging_mixin.py:190} INFO - [2025-03-26T17:19:35.906+0000] {dagbag.py:588} INFO - Filling up the DagBag from /home/ubuntu/customer_churn_youtube_venv/lib/python3.12/site-packages/airflow/example_dags/example_nested_branch_dag.py
[2025-03-26T17:19:36.043+0000] {processor.py:925} INFO - DAG(s) 'example_nested_branch_dag' retrieved from /home/ubuntu/customer_churn_youtube_venv/lib/python3.12/site-packages/airflow/example_dags/example_nested_branch_dag.py
[2025-03-26T17:19:36.056+0000] {logging_mixin.py:190} INFO - [2025-03-26T17:19:36.056+0000] {dag.py:3239} INFO - Sync 1 DAGs
[2025-03-26T17:19:36.073+0000] {logging_mixin.py:190} INFO - [2025-03-26T17:19:36.073+0000] {dag.py:4180} INFO - Setting next_dagrun for example_nested_branch_dag to 2025-03-25 00:00:00+00:00, run_after=2025-03-26 00:00:00+00:00
[2025-03-26T17:19:36.091+0000] {processor.py:208} INFO - Processing /home/ubuntu/customer_churn_youtube_venv/lib/python3.12/site-packages/airflow/example_dags/example_nested_branch_dag.py took 0.194 seconds
[2025-03-26T17:20:35.078+0000] {processor.py:186} INFO - Started process (PID=6708) to work on /home/ubuntu/customer_churn_youtube_venv/lib/python3.12/site-packages/airflow/example_dags/example_nested_branch_dag.py
[2025-03-26T17:20:35.079+0000] {processor.py:914} INFO - Processing file /home/ubuntu/customer_churn_youtube_venv/lib/python3.12/site-packages/airflow/example_dags/example_nested_branch_dag.py for tasks to queue
[2025-03-26T17:20:35.081+0000] {logging_mixin.py:190} INFO - [2025-03-26T17:20:35.081+0000] {dagbag.py:588} INFO - Filling up the DagBag from /home/ubuntu/customer_churn_youtube_venv/lib/python3.12/site-packages/airflow/example_dags/example_nested_branch_dag.py
[2025-03-26T17:20:35.093+0000] {processor.py:925} INFO - DAG(s) 'example_nested_branch_dag' retrieved from /home/ubuntu/customer_churn_youtube_venv/lib/python3.12/site-packages/airflow/example_dags/example_nested_branch_dag.py
[2025-03-26T17:20:35.110+0000] {logging_mixin.py:190} INFO - [2025-03-26T17:20:35.110+0000] {dag.py:3239} INFO - Sync 1 DAGs
[2025-03-26T17:20:35.129+0000] {logging_mixin.py:190} INFO - [2025-03-26T17:20:35.129+0000] {dag.py:4180} INFO - Setting next_dagrun for example_nested_branch_dag to 2025-03-25 00:00:00+00:00, run_after=2025-03-26 00:00:00+00:00
[2025-03-26T17:20:35.150+0000] {processor.py:208} INFO - Processing /home/ubuntu/customer_churn_youtube_venv/lib/python3.12/site-packages/airflow/example_dags/example_nested_branch_dag.py took 0.078 seconds
[2025-03-26T17:21:28.007+0000] {processor.py:186} INFO - Started process (PID=6763) to work on /home/ubuntu/customer_churn_youtube_venv/lib/python3.12/site-packages/airflow/example_dags/example_nested_branch_dag.py
[2025-03-26T17:21:28.009+0000] {processor.py:914} INFO - Processing file /home/ubuntu/customer_churn_youtube_venv/lib/python3.12/site-packages/airflow/example_dags/example_nested_branch_dag.py for tasks to queue
[2025-03-26T17:21:28.010+0000] {logging_mixin.py:190} INFO - [2025-03-26T17:21:28.010+0000] {dagbag.py:588} INFO - Filling up the DagBag from /home/ubuntu/customer_churn_youtube_venv/lib/python3.12/site-packages/airflow/example_dags/example_nested_branch_dag.py
[2025-03-26T17:21:28.023+0000] {processor.py:925} INFO - DAG(s) 'example_nested_branch_dag' retrieved from /home/ubuntu/customer_churn_youtube_venv/lib/python3.12/site-packages/airflow/example_dags/example_nested_branch_dag.py
[2025-03-26T17:21:28.039+0000] {logging_mixin.py:190} INFO - [2025-03-26T17:21:28.038+0000] {dag.py:3239} INFO - Sync 1 DAGs
[2025-03-26T17:21:28.060+0000] {logging_mixin.py:190} INFO - [2025-03-26T17:21:28.059+0000] {dag.py:4180} INFO - Setting next_dagrun for example_nested_branch_dag to 2025-03-25 00:00:00+00:00, run_after=2025-03-26 00:00:00+00:00
[2025-03-26T17:21:28.080+0000] {processor.py:208} INFO - Processing /home/ubuntu/customer_churn_youtube_venv/lib/python3.12/site-packages/airflow/example_dags/example_nested_branch_dag.py took 0.079 seconds
[2025-03-26T17:22:19.825+0000] {processor.py:186} INFO - Started process (PID=6817) to work on /home/ubuntu/customer_churn_youtube_venv/lib/python3.12/site-packages/airflow/example_dags/example_nested_branch_dag.py
[2025-03-26T17:22:19.827+0000] {processor.py:914} INFO - Processing file /home/ubuntu/customer_churn_youtube_venv/lib/python3.12/site-packages/airflow/example_dags/example_nested_branch_dag.py for tasks to queue
[2025-03-26T17:22:19.828+0000] {logging_mixin.py:190} INFO - [2025-03-26T17:22:19.828+0000] {dagbag.py:588} INFO - Filling up the DagBag from /home/ubuntu/customer_churn_youtube_venv/lib/python3.12/site-packages/airflow/example_dags/example_nested_branch_dag.py
[2025-03-26T17:22:19.839+0000] {processor.py:925} INFO - DAG(s) 'example_nested_branch_dag' retrieved from /home/ubuntu/customer_churn_youtube_venv/lib/python3.12/site-packages/airflow/example_dags/example_nested_branch_dag.py
[2025-03-26T17:22:19.856+0000] {logging_mixin.py:190} INFO - [2025-03-26T17:22:19.856+0000] {dag.py:3239} INFO - Sync 1 DAGs
[2025-03-26T17:22:19.874+0000] {logging_mixin.py:190} INFO - [2025-03-26T17:22:19.874+0000] {dag.py:4180} INFO - Setting next_dagrun for example_nested_branch_dag to 2025-03-25 00:00:00+00:00, run_after=2025-03-26 00:00:00+00:00
[2025-03-26T17:22:19.898+0000] {processor.py:208} INFO - Processing /home/ubuntu/customer_churn_youtube_venv/lib/python3.12/site-packages/airflow/example_dags/example_nested_branch_dag.py took 0.079 seconds
[2025-03-26T17:23:11.634+0000] {processor.py:186} INFO - Started process (PID=6869) to work on /home/ubuntu/customer_churn_youtube_venv/lib/python3.12/site-packages/airflow/example_dags/example_nested_branch_dag.py
[2025-03-26T17:23:11.636+0000] {processor.py:914} INFO - Processing file /home/ubuntu/customer_churn_youtube_venv/lib/python3.12/site-packages/airflow/example_dags/example_nested_branch_dag.py for tasks to queue
[2025-03-26T17:23:11.638+0000] {logging_mixin.py:190} INFO - [2025-03-26T17:23:11.638+0000] {dagbag.py:588} INFO - Filling up the DagBag from /home/ubuntu/customer_churn_youtube_venv/lib/python3.12/site-packages/airflow/example_dags/example_nested_branch_dag.py
[2025-03-26T17:23:11.650+0000] {processor.py:925} INFO - DAG(s) 'example_nested_branch_dag' retrieved from /home/ubuntu/customer_churn_youtube_venv/lib/python3.12/site-packages/airflow/example_dags/example_nested_branch_dag.py
[2025-03-26T17:23:11.666+0000] {logging_mixin.py:190} INFO - [2025-03-26T17:23:11.666+0000] {dag.py:3239} INFO - Sync 1 DAGs
[2025-03-26T17:23:11.685+0000] {logging_mixin.py:190} INFO - [2025-03-26T17:23:11.685+0000] {dag.py:4180} INFO - Setting next_dagrun for example_nested_branch_dag to 2025-03-25 00:00:00+00:00, run_after=2025-03-26 00:00:00+00:00
[2025-03-26T17:23:11.707+0000] {processor.py:208} INFO - Processing /home/ubuntu/customer_churn_youtube_venv/lib/python3.12/site-packages/airflow/example_dags/example_nested_branch_dag.py took 0.078 seconds
[2025-03-26T17:24:04.595+0000] {processor.py:186} INFO - Started process (PID=6923) to work on /home/ubuntu/customer_churn_youtube_venv/lib/python3.12/site-packages/airflow/example_dags/example_nested_branch_dag.py
[2025-03-26T17:24:04.597+0000] {processor.py:914} INFO - Processing file /home/ubuntu/customer_churn_youtube_venv/lib/python3.12/site-packages/airflow/example_dags/example_nested_branch_dag.py for tasks to queue
[2025-03-26T17:24:04.599+0000] {logging_mixin.py:190} INFO - [2025-03-26T17:24:04.599+0000] {dagbag.py:588} INFO - Filling up the DagBag from /home/ubuntu/customer_churn_youtube_venv/lib/python3.12/site-packages/airflow/example_dags/example_nested_branch_dag.py
[2025-03-26T17:24:04.613+0000] {processor.py:925} INFO - DAG(s) 'example_nested_branch_dag' retrieved from /home/ubuntu/customer_churn_youtube_venv/lib/python3.12/site-packages/airflow/example_dags/example_nested_branch_dag.py
[2025-03-26T17:24:04.630+0000] {logging_mixin.py:190} INFO - [2025-03-26T17:24:04.630+0000] {dag.py:3239} INFO - Sync 1 DAGs
[2025-03-26T17:24:04.651+0000] {logging_mixin.py:190} INFO - [2025-03-26T17:24:04.651+0000] {dag.py:4180} INFO - Setting next_dagrun for example_nested_branch_dag to 2025-03-25 00:00:00+00:00, run_after=2025-03-26 00:00:00+00:00
[2025-03-26T17:24:04.673+0000] {processor.py:208} INFO - Processing /home/ubuntu/customer_churn_youtube_venv/lib/python3.12/site-packages/airflow/example_dags/example_nested_branch_dag.py took 0.083 seconds
[2025-03-26T17:24:56.227+0000] {processor.py:186} INFO - Started process (PID=6976) to work on /home/ubuntu/customer_churn_youtube_venv/lib/python3.12/site-packages/airflow/example_dags/example_nested_branch_dag.py
[2025-03-26T17:24:56.229+0000] {processor.py:914} INFO - Processing file /home/ubuntu/customer_churn_youtube_venv/lib/python3.12/site-packages/airflow/example_dags/example_nested_branch_dag.py for tasks to queue
[2025-03-26T17:24:56.230+0000] {logging_mixin.py:190} INFO - [2025-03-26T17:24:56.230+0000] {dagbag.py:588} INFO - Filling up the DagBag from /home/ubuntu/customer_churn_youtube_venv/lib/python3.12/site-packages/airflow/example_dags/example_nested_branch_dag.py
[2025-03-26T17:24:56.243+0000] {processor.py:925} INFO - DAG(s) 'example_nested_branch_dag' retrieved from /home/ubuntu/customer_churn_youtube_venv/lib/python3.12/site-packages/airflow/example_dags/example_nested_branch_dag.py
[2025-03-26T17:24:56.259+0000] {logging_mixin.py:190} INFO - [2025-03-26T17:24:56.259+0000] {dag.py:3239} INFO - Sync 1 DAGs
[2025-03-26T17:24:56.281+0000] {logging_mixin.py:190} INFO - [2025-03-26T17:24:56.281+0000] {dag.py:4180} INFO - Setting next_dagrun for example_nested_branch_dag to 2025-03-25 00:00:00+00:00, run_after=2025-03-26 00:00:00+00:00
[2025-03-26T17:24:56.302+0000] {processor.py:208} INFO - Processing /home/ubuntu/customer_churn_youtube_venv/lib/python3.12/site-packages/airflow/example_dags/example_nested_branch_dag.py took 0.080 seconds
[2025-03-26T17:25:47.350+0000] {processor.py:186} INFO - Started process (PID=7034) to work on /home/ubuntu/customer_churn_youtube_venv/lib/python3.12/site-packages/airflow/example_dags/example_nested_branch_dag.py
[2025-03-26T17:25:47.352+0000] {processor.py:914} INFO - Processing file /home/ubuntu/customer_churn_youtube_venv/lib/python3.12/site-packages/airflow/example_dags/example_nested_branch_dag.py for tasks to queue
[2025-03-26T17:25:47.354+0000] {logging_mixin.py:190} INFO - [2025-03-26T17:25:47.353+0000] {dagbag.py:588} INFO - Filling up the DagBag from /home/ubuntu/customer_churn_youtube_venv/lib/python3.12/site-packages/airflow/example_dags/example_nested_branch_dag.py
[2025-03-26T17:25:47.366+0000] {processor.py:925} INFO - DAG(s) 'example_nested_branch_dag' retrieved from /home/ubuntu/customer_churn_youtube_venv/lib/python3.12/site-packages/airflow/example_dags/example_nested_branch_dag.py
[2025-03-26T17:25:47.382+0000] {logging_mixin.py:190} INFO - [2025-03-26T17:25:47.382+0000] {dag.py:3239} INFO - Sync 1 DAGs
[2025-03-26T17:25:47.402+0000] {logging_mixin.py:190} INFO - [2025-03-26T17:25:47.402+0000] {dag.py:4180} INFO - Setting next_dagrun for example_nested_branch_dag to 2025-03-25 00:00:00+00:00, run_after=2025-03-26 00:00:00+00:00
[2025-03-26T17:25:47.425+0000] {processor.py:208} INFO - Processing /home/ubuntu/customer_churn_youtube_venv/lib/python3.12/site-packages/airflow/example_dags/example_nested_branch_dag.py took 0.081 seconds
[2025-03-26T17:27:03.449+0000] {processor.py:186} INFO - Started process (PID=7112) to work on /home/ubuntu/customer_churn_youtube_venv/lib/python3.12/site-packages/airflow/example_dags/example_nested_branch_dag.py
[2025-03-26T17:27:03.452+0000] {processor.py:914} INFO - Processing file /home/ubuntu/customer_churn_youtube_venv/lib/python3.12/site-packages/airflow/example_dags/example_nested_branch_dag.py for tasks to queue
[2025-03-26T17:27:03.453+0000] {logging_mixin.py:190} INFO - [2025-03-26T17:27:03.453+0000] {dagbag.py:588} INFO - Filling up the DagBag from /home/ubuntu/customer_churn_youtube_venv/lib/python3.12/site-packages/airflow/example_dags/example_nested_branch_dag.py
[2025-03-26T17:27:03.465+0000] {processor.py:925} INFO - DAG(s) 'example_nested_branch_dag' retrieved from /home/ubuntu/customer_churn_youtube_venv/lib/python3.12/site-packages/airflow/example_dags/example_nested_branch_dag.py
[2025-03-26T17:27:03.483+0000] {logging_mixin.py:190} INFO - [2025-03-26T17:27:03.483+0000] {dag.py:3239} INFO - Sync 1 DAGs
[2025-03-26T17:27:03.504+0000] {logging_mixin.py:190} INFO - [2025-03-26T17:27:03.504+0000] {dag.py:4180} INFO - Setting next_dagrun for example_nested_branch_dag to 2025-03-25 00:00:00+00:00, run_after=2025-03-26 00:00:00+00:00
[2025-03-26T17:27:03.528+0000] {processor.py:208} INFO - Processing /home/ubuntu/customer_churn_youtube_venv/lib/python3.12/site-packages/airflow/example_dags/example_nested_branch_dag.py took 0.084 seconds
[2025-03-26T17:27:56.068+0000] {processor.py:186} INFO - Started process (PID=7212) to work on /home/ubuntu/customer_churn_youtube_venv/lib/python3.12/site-packages/airflow/example_dags/example_nested_branch_dag.py
[2025-03-26T17:27:56.069+0000] {processor.py:914} INFO - Processing file /home/ubuntu/customer_churn_youtube_venv/lib/python3.12/site-packages/airflow/example_dags/example_nested_branch_dag.py for tasks to queue
[2025-03-26T17:27:56.071+0000] {logging_mixin.py:190} INFO - [2025-03-26T17:27:56.070+0000] {dagbag.py:588} INFO - Filling up the DagBag from /home/ubuntu/customer_churn_youtube_venv/lib/python3.12/site-packages/airflow/example_dags/example_nested_branch_dag.py
[2025-03-26T17:27:56.084+0000] {processor.py:925} INFO - DAG(s) 'example_nested_branch_dag' retrieved from /home/ubuntu/customer_churn_youtube_venv/lib/python3.12/site-packages/airflow/example_dags/example_nested_branch_dag.py
[2025-03-26T17:27:56.101+0000] {logging_mixin.py:190} INFO - [2025-03-26T17:27:56.101+0000] {dag.py:3239} INFO - Sync 1 DAGs
[2025-03-26T17:27:56.121+0000] {logging_mixin.py:190} INFO - [2025-03-26T17:27:56.121+0000] {dag.py:4180} INFO - Setting next_dagrun for example_nested_branch_dag to 2025-03-25 00:00:00+00:00, run_after=2025-03-26 00:00:00+00:00
[2025-03-26T17:27:56.142+0000] {processor.py:208} INFO - Processing /home/ubuntu/customer_churn_youtube_venv/lib/python3.12/site-packages/airflow/example_dags/example_nested_branch_dag.py took 0.079 seconds
[2025-03-26T17:29:07.936+0000] {processor.py:186} INFO - Started process (PID=7289) to work on /home/ubuntu/customer_churn_youtube_venv/lib/python3.12/site-packages/airflow/example_dags/example_nested_branch_dag.py
[2025-03-26T17:29:07.938+0000] {processor.py:914} INFO - Processing file /home/ubuntu/customer_churn_youtube_venv/lib/python3.12/site-packages/airflow/example_dags/example_nested_branch_dag.py for tasks to queue
[2025-03-26T17:29:07.941+0000] {logging_mixin.py:190} INFO - [2025-03-26T17:29:07.940+0000] {dagbag.py:588} INFO - Filling up the DagBag from /home/ubuntu/customer_churn_youtube_venv/lib/python3.12/site-packages/airflow/example_dags/example_nested_branch_dag.py
[2025-03-26T17:29:07.953+0000] {processor.py:925} INFO - DAG(s) 'example_nested_branch_dag' retrieved from /home/ubuntu/customer_churn_youtube_venv/lib/python3.12/site-packages/airflow/example_dags/example_nested_branch_dag.py
[2025-03-26T17:29:07.969+0000] {logging_mixin.py:190} INFO - [2025-03-26T17:29:07.969+0000] {dag.py:3239} INFO - Sync 1 DAGs
[2025-03-26T17:29:07.989+0000] {logging_mixin.py:190} INFO - [2025-03-26T17:29:07.989+0000] {dag.py:4180} INFO - Setting next_dagrun for example_nested_branch_dag to 2025-03-25 00:00:00+00:00, run_after=2025-03-26 00:00:00+00:00
[2025-03-26T17:29:08.010+0000] {processor.py:208} INFO - Processing /home/ubuntu/customer_churn_youtube_venv/lib/python3.12/site-packages/airflow/example_dags/example_nested_branch_dag.py took 0.079 seconds
[2025-03-26T17:29:58.657+0000] {processor.py:186} INFO - Started process (PID=7342) to work on /home/ubuntu/customer_churn_youtube_venv/lib/python3.12/site-packages/airflow/example_dags/example_nested_branch_dag.py
[2025-03-26T17:29:58.659+0000] {processor.py:914} INFO - Processing file /home/ubuntu/customer_churn_youtube_venv/lib/python3.12/site-packages/airflow/example_dags/example_nested_branch_dag.py for tasks to queue
[2025-03-26T17:29:58.661+0000] {logging_mixin.py:190} INFO - [2025-03-26T17:29:58.660+0000] {dagbag.py:588} INFO - Filling up the DagBag from /home/ubuntu/customer_churn_youtube_venv/lib/python3.12/site-packages/airflow/example_dags/example_nested_branch_dag.py
[2025-03-26T17:29:58.673+0000] {processor.py:925} INFO - DAG(s) 'example_nested_branch_dag' retrieved from /home/ubuntu/customer_churn_youtube_venv/lib/python3.12/site-packages/airflow/example_dags/example_nested_branch_dag.py
[2025-03-26T17:29:58.689+0000] {logging_mixin.py:190} INFO - [2025-03-26T17:29:58.689+0000] {dag.py:3239} INFO - Sync 1 DAGs
[2025-03-26T17:29:58.710+0000] {logging_mixin.py:190} INFO - [2025-03-26T17:29:58.709+0000] {dag.py:4180} INFO - Setting next_dagrun for example_nested_branch_dag to 2025-03-25 00:00:00+00:00, run_after=2025-03-26 00:00:00+00:00
[2025-03-26T17:29:58.732+0000] {processor.py:208} INFO - Processing /home/ubuntu/customer_churn_youtube_venv/lib/python3.12/site-packages/airflow/example_dags/example_nested_branch_dag.py took 0.080 seconds
[2025-03-26T17:30:48.989+0000] {processor.py:186} INFO - Started process (PID=7398) to work on /home/ubuntu/customer_churn_youtube_venv/lib/python3.12/site-packages/airflow/example_dags/example_nested_branch_dag.py
[2025-03-26T17:30:48.992+0000] {processor.py:914} INFO - Processing file /home/ubuntu/customer_churn_youtube_venv/lib/python3.12/site-packages/airflow/example_dags/example_nested_branch_dag.py for tasks to queue
[2025-03-26T17:30:48.994+0000] {logging_mixin.py:190} INFO - [2025-03-26T17:30:48.993+0000] {dagbag.py:588} INFO - Filling up the DagBag from /home/ubuntu/customer_churn_youtube_venv/lib/python3.12/site-packages/airflow/example_dags/example_nested_branch_dag.py
[2025-03-26T17:30:49.007+0000] {processor.py:925} INFO - DAG(s) 'example_nested_branch_dag' retrieved from /home/ubuntu/customer_churn_youtube_venv/lib/python3.12/site-packages/airflow/example_dags/example_nested_branch_dag.py
[2025-03-26T17:30:49.023+0000] {logging_mixin.py:190} INFO - [2025-03-26T17:30:49.023+0000] {dag.py:3239} INFO - Sync 1 DAGs
[2025-03-26T17:30:49.042+0000] {logging_mixin.py:190} INFO - [2025-03-26T17:30:49.042+0000] {dag.py:4180} INFO - Setting next_dagrun for example_nested_branch_dag to 2025-03-25 00:00:00+00:00, run_after=2025-03-26 00:00:00+00:00
[2025-03-26T17:30:49.066+0000] {processor.py:208} INFO - Processing /home/ubuntu/customer_churn_youtube_venv/lib/python3.12/site-packages/airflow/example_dags/example_nested_branch_dag.py took 0.082 seconds
[2025-03-26T17:31:39.344+0000] {processor.py:186} INFO - Started process (PID=7450) to work on /home/ubuntu/customer_churn_youtube_venv/lib/python3.12/site-packages/airflow/example_dags/example_nested_branch_dag.py
[2025-03-26T17:31:39.346+0000] {processor.py:914} INFO - Processing file /home/ubuntu/customer_churn_youtube_venv/lib/python3.12/site-packages/airflow/example_dags/example_nested_branch_dag.py for tasks to queue
[2025-03-26T17:31:39.348+0000] {logging_mixin.py:190} INFO - [2025-03-26T17:31:39.348+0000] {dagbag.py:588} INFO - Filling up the DagBag from /home/ubuntu/customer_churn_youtube_venv/lib/python3.12/site-packages/airflow/example_dags/example_nested_branch_dag.py
[2025-03-26T17:31:39.360+0000] {processor.py:925} INFO - DAG(s) 'example_nested_branch_dag' retrieved from /home/ubuntu/customer_churn_youtube_venv/lib/python3.12/site-packages/airflow/example_dags/example_nested_branch_dag.py
[2025-03-26T17:31:39.376+0000] {logging_mixin.py:190} INFO - [2025-03-26T17:31:39.376+0000] {dag.py:3239} INFO - Sync 1 DAGs
[2025-03-26T17:31:39.396+0000] {logging_mixin.py:190} INFO - [2025-03-26T17:31:39.396+0000] {dag.py:4180} INFO - Setting next_dagrun for example_nested_branch_dag to 2025-03-25 00:00:00+00:00, run_after=2025-03-26 00:00:00+00:00
[2025-03-26T17:31:39.417+0000] {processor.py:208} INFO - Processing /home/ubuntu/customer_churn_youtube_venv/lib/python3.12/site-packages/airflow/example_dags/example_nested_branch_dag.py took 0.079 seconds
[2025-03-26T17:32:30.065+0000] {processor.py:186} INFO - Started process (PID=7543) to work on /home/ubuntu/customer_churn_youtube_venv/lib/python3.12/site-packages/airflow/example_dags/example_nested_branch_dag.py
[2025-03-26T17:32:30.067+0000] {processor.py:914} INFO - Processing file /home/ubuntu/customer_churn_youtube_venv/lib/python3.12/site-packages/airflow/example_dags/example_nested_branch_dag.py for tasks to queue
[2025-03-26T17:32:30.069+0000] {logging_mixin.py:190} INFO - [2025-03-26T17:32:30.068+0000] {dagbag.py:588} INFO - Filling up the DagBag from /home/ubuntu/customer_churn_youtube_venv/lib/python3.12/site-packages/airflow/example_dags/example_nested_branch_dag.py
[2025-03-26T17:32:30.081+0000] {processor.py:925} INFO - DAG(s) 'example_nested_branch_dag' retrieved from /home/ubuntu/customer_churn_youtube_venv/lib/python3.12/site-packages/airflow/example_dags/example_nested_branch_dag.py
[2025-03-26T17:32:30.098+0000] {logging_mixin.py:190} INFO - [2025-03-26T17:32:30.098+0000] {dag.py:3239} INFO - Sync 1 DAGs
[2025-03-26T17:32:30.117+0000] {logging_mixin.py:190} INFO - [2025-03-26T17:32:30.117+0000] {dag.py:4180} INFO - Setting next_dagrun for example_nested_branch_dag to 2025-03-25 00:00:00+00:00, run_after=2025-03-26 00:00:00+00:00
[2025-03-26T17:32:30.140+0000] {processor.py:208} INFO - Processing /home/ubuntu/customer_churn_youtube_venv/lib/python3.12/site-packages/airflow/example_dags/example_nested_branch_dag.py took 0.080 seconds
[2025-03-26T17:33:22.451+0000] {processor.py:186} INFO - Started process (PID=7597) to work on /home/ubuntu/customer_churn_youtube_venv/lib/python3.12/site-packages/airflow/example_dags/example_nested_branch_dag.py
[2025-03-26T17:33:22.453+0000] {processor.py:914} INFO - Processing file /home/ubuntu/customer_churn_youtube_venv/lib/python3.12/site-packages/airflow/example_dags/example_nested_branch_dag.py for tasks to queue
[2025-03-26T17:33:22.455+0000] {logging_mixin.py:190} INFO - [2025-03-26T17:33:22.454+0000] {dagbag.py:588} INFO - Filling up the DagBag from /home/ubuntu/customer_churn_youtube_venv/lib/python3.12/site-packages/airflow/example_dags/example_nested_branch_dag.py
[2025-03-26T17:33:22.467+0000] {processor.py:925} INFO - DAG(s) 'example_nested_branch_dag' retrieved from /home/ubuntu/customer_churn_youtube_venv/lib/python3.12/site-packages/airflow/example_dags/example_nested_branch_dag.py
[2025-03-26T17:33:22.483+0000] {logging_mixin.py:190} INFO - [2025-03-26T17:33:22.482+0000] {dag.py:3239} INFO - Sync 1 DAGs
[2025-03-26T17:33:22.502+0000] {logging_mixin.py:190} INFO - [2025-03-26T17:33:22.502+0000] {dag.py:4180} INFO - Setting next_dagrun for example_nested_branch_dag to 2025-03-25 00:00:00+00:00, run_after=2025-03-26 00:00:00+00:00
[2025-03-26T17:33:22.524+0000] {processor.py:208} INFO - Processing /home/ubuntu/customer_churn_youtube_venv/lib/python3.12/site-packages/airflow/example_dags/example_nested_branch_dag.py took 0.079 seconds
[2025-03-26T17:34:13.251+0000] {processor.py:186} INFO - Started process (PID=7648) to work on /home/ubuntu/customer_churn_youtube_venv/lib/python3.12/site-packages/airflow/example_dags/example_nested_branch_dag.py
[2025-03-26T17:34:13.253+0000] {processor.py:914} INFO - Processing file /home/ubuntu/customer_churn_youtube_venv/lib/python3.12/site-packages/airflow/example_dags/example_nested_branch_dag.py for tasks to queue
[2025-03-26T17:34:13.255+0000] {logging_mixin.py:190} INFO - [2025-03-26T17:34:13.254+0000] {dagbag.py:588} INFO - Filling up the DagBag from /home/ubuntu/customer_churn_youtube_venv/lib/python3.12/site-packages/airflow/example_dags/example_nested_branch_dag.py
[2025-03-26T17:34:13.267+0000] {processor.py:925} INFO - DAG(s) 'example_nested_branch_dag' retrieved from /home/ubuntu/customer_churn_youtube_venv/lib/python3.12/site-packages/airflow/example_dags/example_nested_branch_dag.py
[2025-03-26T17:34:13.283+0000] {logging_mixin.py:190} INFO - [2025-03-26T17:34:13.283+0000] {dag.py:3239} INFO - Sync 1 DAGs
[2025-03-26T17:34:13.302+0000] {logging_mixin.py:190} INFO - [2025-03-26T17:34:13.302+0000] {dag.py:4180} INFO - Setting next_dagrun for example_nested_branch_dag to 2025-03-25 00:00:00+00:00, run_after=2025-03-26 00:00:00+00:00
[2025-03-26T17:34:13.324+0000] {processor.py:208} INFO - Processing /home/ubuntu/customer_churn_youtube_venv/lib/python3.12/site-packages/airflow/example_dags/example_nested_branch_dag.py took 0.079 seconds
[2025-03-26T17:35:05.024+0000] {processor.py:186} INFO - Started process (PID=7709) to work on /home/ubuntu/customer_churn_youtube_venv/lib/python3.12/site-packages/airflow/example_dags/example_nested_branch_dag.py
[2025-03-26T17:35:05.025+0000] {processor.py:914} INFO - Processing file /home/ubuntu/customer_churn_youtube_venv/lib/python3.12/site-packages/airflow/example_dags/example_nested_branch_dag.py for tasks to queue
[2025-03-26T17:35:05.027+0000] {logging_mixin.py:190} INFO - [2025-03-26T17:35:05.027+0000] {dagbag.py:588} INFO - Filling up the DagBag from /home/ubuntu/customer_churn_youtube_venv/lib/python3.12/site-packages/airflow/example_dags/example_nested_branch_dag.py
[2025-03-26T17:35:05.039+0000] {processor.py:925} INFO - DAG(s) 'example_nested_branch_dag' retrieved from /home/ubuntu/customer_churn_youtube_venv/lib/python3.12/site-packages/airflow/example_dags/example_nested_branch_dag.py
[2025-03-26T17:35:05.056+0000] {logging_mixin.py:190} INFO - [2025-03-26T17:35:05.056+0000] {dag.py:3239} INFO - Sync 1 DAGs
[2025-03-26T17:35:05.077+0000] {logging_mixin.py:190} INFO - [2025-03-26T17:35:05.077+0000] {dag.py:4180} INFO - Setting next_dagrun for example_nested_branch_dag to 2025-03-25 00:00:00+00:00, run_after=2025-03-26 00:00:00+00:00
[2025-03-26T17:35:05.100+0000] {processor.py:208} INFO - Processing /home/ubuntu/customer_churn_youtube_venv/lib/python3.12/site-packages/airflow/example_dags/example_nested_branch_dag.py took 0.082 seconds
[2025-03-26T17:35:58.252+0000] {processor.py:186} INFO - Started process (PID=7763) to work on /home/ubuntu/customer_churn_youtube_venv/lib/python3.12/site-packages/airflow/example_dags/example_nested_branch_dag.py
[2025-03-26T17:35:58.254+0000] {processor.py:914} INFO - Processing file /home/ubuntu/customer_churn_youtube_venv/lib/python3.12/site-packages/airflow/example_dags/example_nested_branch_dag.py for tasks to queue
[2025-03-26T17:35:58.257+0000] {logging_mixin.py:190} INFO - [2025-03-26T17:35:58.256+0000] {dagbag.py:588} INFO - Filling up the DagBag from /home/ubuntu/customer_churn_youtube_venv/lib/python3.12/site-packages/airflow/example_dags/example_nested_branch_dag.py
[2025-03-26T17:35:58.269+0000] {processor.py:925} INFO - DAG(s) 'example_nested_branch_dag' retrieved from /home/ubuntu/customer_churn_youtube_venv/lib/python3.12/site-packages/airflow/example_dags/example_nested_branch_dag.py
[2025-03-26T17:35:58.286+0000] {logging_mixin.py:190} INFO - [2025-03-26T17:35:58.286+0000] {dag.py:3239} INFO - Sync 1 DAGs
[2025-03-26T17:35:58.306+0000] {logging_mixin.py:190} INFO - [2025-03-26T17:35:58.306+0000] {dag.py:4180} INFO - Setting next_dagrun for example_nested_branch_dag to 2025-03-25 00:00:00+00:00, run_after=2025-03-26 00:00:00+00:00
[2025-03-26T17:35:58.328+0000] {processor.py:208} INFO - Processing /home/ubuntu/customer_churn_youtube_venv/lib/python3.12/site-packages/airflow/example_dags/example_nested_branch_dag.py took 0.081 seconds
[2025-03-26T17:36:51.305+0000] {processor.py:186} INFO - Started process (PID=7819) to work on /home/ubuntu/customer_churn_youtube_venv/lib/python3.12/site-packages/airflow/example_dags/example_nested_branch_dag.py
[2025-03-26T17:36:51.307+0000] {processor.py:914} INFO - Processing file /home/ubuntu/customer_churn_youtube_venv/lib/python3.12/site-packages/airflow/example_dags/example_nested_branch_dag.py for tasks to queue
[2025-03-26T17:36:51.309+0000] {logging_mixin.py:190} INFO - [2025-03-26T17:36:51.308+0000] {dagbag.py:588} INFO - Filling up the DagBag from /home/ubuntu/customer_churn_youtube_venv/lib/python3.12/site-packages/airflow/example_dags/example_nested_branch_dag.py
[2025-03-26T17:36:51.321+0000] {processor.py:925} INFO - DAG(s) 'example_nested_branch_dag' retrieved from /home/ubuntu/customer_churn_youtube_venv/lib/python3.12/site-packages/airflow/example_dags/example_nested_branch_dag.py
[2025-03-26T17:36:51.337+0000] {logging_mixin.py:190} INFO - [2025-03-26T17:36:51.337+0000] {dag.py:3239} INFO - Sync 1 DAGs
[2025-03-26T17:36:51.357+0000] {logging_mixin.py:190} INFO - [2025-03-26T17:36:51.357+0000] {dag.py:4180} INFO - Setting next_dagrun for example_nested_branch_dag to 2025-03-25 00:00:00+00:00, run_after=2025-03-26 00:00:00+00:00
[2025-03-26T17:36:51.378+0000] {processor.py:208} INFO - Processing /home/ubuntu/customer_churn_youtube_venv/lib/python3.12/site-packages/airflow/example_dags/example_nested_branch_dag.py took 0.078 seconds
