[2025-03-26T17:13:48.072+0000] {processor.py:186} INFO - Started process (PID=6290) to work on /home/ubuntu/customer_churn_youtube_venv/lib/python3.12/site-packages/airflow/example_dags/example_params_trigger_ui.py
[2025-03-26T17:13:48.073+0000] {processor.py:914} INFO - Processing file /home/ubuntu/customer_churn_youtube_venv/lib/python3.12/site-packages/airflow/example_dags/example_params_trigger_ui.py for tasks to queue
[2025-03-26T17:13:48.075+0000] {logging_mixin.py:190} INFO - [2025-03-26T17:13:48.074+0000] {dagbag.py:588} INFO - Filling up the DagBag from /home/ubuntu/customer_churn_youtube_venv/lib/python3.12/site-packages/airflow/example_dags/example_params_trigger_ui.py
[2025-03-26T17:13:48.086+0000] {processor.py:925} INFO - DAG(s) 'example_params_trigger_ui' retrieved from /home/ubuntu/customer_churn_youtube_venv/lib/python3.12/site-packages/airflow/example_dags/example_params_trigger_ui.py
[2025-03-26T17:13:48.212+0000] {logging_mixin.py:190} INFO - [2025-03-26T17:13:48.211+0000] {override.py:1930} INFO - Created Permission View: can edit on DAG:example_params_trigger_ui
[2025-03-26T17:13:48.226+0000] {logging_mixin.py:190} INFO - [2025-03-26T17:13:48.226+0000] {override.py:1930} INFO - Created Permission View: can read on DAG:example_params_trigger_ui
[2025-03-26T17:13:48.237+0000] {logging_mixin.py:190} INFO - [2025-03-26T17:13:48.237+0000] {override.py:1930} INFO - Created Permission View: can delete on DAG:example_params_trigger_ui
[2025-03-26T17:13:48.257+0000] {logging_mixin.py:190} INFO - [2025-03-26T17:13:48.257+0000] {override.py:1930} INFO - Created Permission View: menu access on DAG Run:example_params_trigger_ui
[2025-03-26T17:13:48.269+0000] {logging_mixin.py:190} INFO - [2025-03-26T17:13:48.268+0000] {override.py:1930} INFO - Created Permission View: can create on DAG Run:example_params_trigger_ui
[2025-03-26T17:13:48.278+0000] {logging_mixin.py:190} INFO - [2025-03-26T17:13:48.277+0000] {override.py:1930} INFO - Created Permission View: can delete on DAG Run:example_params_trigger_ui
[2025-03-26T17:13:48.289+0000] {logging_mixin.py:190} INFO - [2025-03-26T17:13:48.289+0000] {override.py:1930} INFO - Created Permission View: can read on DAG Run:example_params_trigger_ui
[2025-03-26T17:13:48.289+0000] {logging_mixin.py:190} INFO - [2025-03-26T17:13:48.289+0000] {dag.py:3239} INFO - Sync 1 DAGs
[2025-03-26T17:13:48.299+0000] {logging_mixin.py:190} INFO - [2025-03-26T17:13:48.299+0000] {dag.py:3262} INFO - Creating ORM DAG for example_params_trigger_ui
[2025-03-26T17:13:48.300+0000] {logging_mixin.py:190} INFO - [2025-03-26T17:13:48.299+0000] {dag.py:4180} INFO - Setting next_dagrun for example_params_trigger_ui to None, run_after=None
[2025-03-26T17:13:48.323+0000] {processor.py:208} INFO - Processing /home/ubuntu/customer_churn_youtube_venv/lib/python3.12/site-packages/airflow/example_dags/example_params_trigger_ui.py took 0.256 seconds
[2025-03-26T17:14:54.831+0000] {processor.py:186} INFO - Started process (PID=6351) to work on /home/ubuntu/customer_churn_youtube_venv/lib/python3.12/site-packages/airflow/example_dags/example_params_trigger_ui.py
[2025-03-26T17:14:54.832+0000] {processor.py:914} INFO - Processing file /home/ubuntu/customer_churn_youtube_venv/lib/python3.12/site-packages/airflow/example_dags/example_params_trigger_ui.py for tasks to queue
[2025-03-26T17:14:54.834+0000] {logging_mixin.py:190} INFO - [2025-03-26T17:14:54.834+0000] {dagbag.py:588} INFO - Filling up the DagBag from /home/ubuntu/customer_churn_youtube_venv/lib/python3.12/site-packages/airflow/example_dags/example_params_trigger_ui.py
[2025-03-26T17:14:54.845+0000] {processor.py:925} INFO - DAG(s) 'example_params_trigger_ui' retrieved from /home/ubuntu/customer_churn_youtube_venv/lib/python3.12/site-packages/airflow/example_dags/example_params_trigger_ui.py
[2025-03-26T17:14:54.881+0000] {logging_mixin.py:190} INFO - [2025-03-26T17:14:54.881+0000] {dag.py:3239} INFO - Sync 1 DAGs
[2025-03-26T17:14:54.893+0000] {logging_mixin.py:190} INFO - [2025-03-26T17:14:54.893+0000] {dag.py:4180} INFO - Setting next_dagrun for example_params_trigger_ui to None, run_after=None
[2025-03-26T17:14:54.914+0000] {processor.py:208} INFO - Processing /home/ubuntu/customer_churn_youtube_venv/lib/python3.12/site-packages/airflow/example_dags/example_params_trigger_ui.py took 0.088 seconds
[2025-03-26T17:15:50.087+0000] {processor.py:186} INFO - Started process (PID=6414) to work on /home/ubuntu/customer_churn_youtube_venv/lib/python3.12/site-packages/airflow/example_dags/example_params_trigger_ui.py
[2025-03-26T17:15:50.088+0000] {processor.py:914} INFO - Processing file /home/ubuntu/customer_churn_youtube_venv/lib/python3.12/site-packages/airflow/example_dags/example_params_trigger_ui.py for tasks to queue
[2025-03-26T17:15:50.091+0000] {logging_mixin.py:190} INFO - [2025-03-26T17:15:50.091+0000] {dagbag.py:588} INFO - Filling up the DagBag from /home/ubuntu/customer_churn_youtube_venv/lib/python3.12/site-packages/airflow/example_dags/example_params_trigger_ui.py
[2025-03-26T17:15:50.102+0000] {processor.py:925} INFO - DAG(s) 'example_params_trigger_ui' retrieved from /home/ubuntu/customer_churn_youtube_venv/lib/python3.12/site-packages/airflow/example_dags/example_params_trigger_ui.py
[2025-03-26T17:15:50.140+0000] {logging_mixin.py:190} INFO - [2025-03-26T17:15:50.140+0000] {dag.py:3239} INFO - Sync 1 DAGs
[2025-03-26T17:15:50.151+0000] {logging_mixin.py:190} INFO - [2025-03-26T17:15:50.151+0000] {dag.py:4180} INFO - Setting next_dagrun for example_params_trigger_ui to None, run_after=None
[2025-03-26T17:15:50.173+0000] {processor.py:208} INFO - Processing /home/ubuntu/customer_churn_youtube_venv/lib/python3.12/site-packages/airflow/example_dags/example_params_trigger_ui.py took 0.092 seconds
[2025-03-26T17:16:48.260+0000] {processor.py:186} INFO - Started process (PID=6471) to work on /home/ubuntu/customer_churn_youtube_venv/lib/python3.12/site-packages/airflow/example_dags/example_params_trigger_ui.py
[2025-03-26T17:16:48.261+0000] {processor.py:914} INFO - Processing file /home/ubuntu/customer_churn_youtube_venv/lib/python3.12/site-packages/airflow/example_dags/example_params_trigger_ui.py for tasks to queue
[2025-03-26T17:16:48.263+0000] {logging_mixin.py:190} INFO - [2025-03-26T17:16:48.263+0000] {dagbag.py:588} INFO - Filling up the DagBag from /home/ubuntu/customer_churn_youtube_venv/lib/python3.12/site-packages/airflow/example_dags/example_params_trigger_ui.py
[2025-03-26T17:16:48.274+0000] {processor.py:925} INFO - DAG(s) 'example_params_trigger_ui' retrieved from /home/ubuntu/customer_churn_youtube_venv/lib/python3.12/site-packages/airflow/example_dags/example_params_trigger_ui.py
[2025-03-26T17:16:48.310+0000] {logging_mixin.py:190} INFO - [2025-03-26T17:16:48.310+0000] {dag.py:3239} INFO - Sync 1 DAGs
[2025-03-26T17:16:48.322+0000] {logging_mixin.py:190} INFO - [2025-03-26T17:16:48.322+0000] {dag.py:4180} INFO - Setting next_dagrun for example_params_trigger_ui to None, run_after=None
[2025-03-26T17:16:48.347+0000] {processor.py:208} INFO - Processing /home/ubuntu/customer_churn_youtube_venv/lib/python3.12/site-packages/airflow/example_dags/example_params_trigger_ui.py took 0.093 seconds
[2025-03-26T17:17:43.461+0000] {processor.py:186} INFO - Started process (PID=6533) to work on /home/ubuntu/customer_churn_youtube_venv/lib/python3.12/site-packages/airflow/example_dags/example_params_trigger_ui.py
[2025-03-26T17:17:43.463+0000] {processor.py:914} INFO - Processing file /home/ubuntu/customer_churn_youtube_venv/lib/python3.12/site-packages/airflow/example_dags/example_params_trigger_ui.py for tasks to queue
[2025-03-26T17:17:43.465+0000] {logging_mixin.py:190} INFO - [2025-03-26T17:17:43.464+0000] {dagbag.py:588} INFO - Filling up the DagBag from /home/ubuntu/customer_churn_youtube_venv/lib/python3.12/site-packages/airflow/example_dags/example_params_trigger_ui.py
[2025-03-26T17:17:43.475+0000] {processor.py:925} INFO - DAG(s) 'example_params_trigger_ui' retrieved from /home/ubuntu/customer_churn_youtube_venv/lib/python3.12/site-packages/airflow/example_dags/example_params_trigger_ui.py
[2025-03-26T17:17:43.510+0000] {logging_mixin.py:190} INFO - [2025-03-26T17:17:43.510+0000] {dag.py:3239} INFO - Sync 1 DAGs
[2025-03-26T17:17:43.521+0000] {logging_mixin.py:190} INFO - [2025-03-26T17:17:43.521+0000] {dag.py:4180} INFO - Setting next_dagrun for example_params_trigger_ui to None, run_after=None
[2025-03-26T17:17:43.544+0000] {processor.py:208} INFO - Processing /home/ubuntu/customer_churn_youtube_venv/lib/python3.12/site-packages/airflow/example_dags/example_params_trigger_ui.py took 0.088 seconds
[2025-03-26T17:18:33.787+0000] {processor.py:186} INFO - Started process (PID=6585) to work on /home/ubuntu/customer_churn_youtube_venv/lib/python3.12/site-packages/airflow/example_dags/example_params_trigger_ui.py
[2025-03-26T17:18:33.789+0000] {processor.py:914} INFO - Processing file /home/ubuntu/customer_churn_youtube_venv/lib/python3.12/site-packages/airflow/example_dags/example_params_trigger_ui.py for tasks to queue
[2025-03-26T17:18:33.791+0000] {logging_mixin.py:190} INFO - [2025-03-26T17:18:33.790+0000] {dagbag.py:588} INFO - Filling up the DagBag from /home/ubuntu/customer_churn_youtube_venv/lib/python3.12/site-packages/airflow/example_dags/example_params_trigger_ui.py
[2025-03-26T17:18:33.802+0000] {processor.py:925} INFO - DAG(s) 'example_params_trigger_ui' retrieved from /home/ubuntu/customer_churn_youtube_venv/lib/python3.12/site-packages/airflow/example_dags/example_params_trigger_ui.py
[2025-03-26T17:18:33.838+0000] {logging_mixin.py:190} INFO - [2025-03-26T17:18:33.838+0000] {dag.py:3239} INFO - Sync 1 DAGs
[2025-03-26T17:18:33.850+0000] {logging_mixin.py:190} INFO - [2025-03-26T17:18:33.850+0000] {dag.py:4180} INFO - Setting next_dagrun for example_params_trigger_ui to None, run_after=None
[2025-03-26T17:18:33.880+0000] {processor.py:208} INFO - Processing /home/ubuntu/customer_churn_youtube_venv/lib/python3.12/site-packages/airflow/example_dags/example_params_trigger_ui.py took 0.098 seconds
[2025-03-26T17:19:29.498+0000] {processor.py:186} INFO - Started process (PID=6639) to work on /home/ubuntu/customer_churn_youtube_venv/lib/python3.12/site-packages/airflow/example_dags/example_params_trigger_ui.py
[2025-03-26T17:19:29.500+0000] {processor.py:914} INFO - Processing file /home/ubuntu/customer_churn_youtube_venv/lib/python3.12/site-packages/airflow/example_dags/example_params_trigger_ui.py for tasks to queue
[2025-03-26T17:19:29.502+0000] {logging_mixin.py:190} INFO - [2025-03-26T17:19:29.502+0000] {dagbag.py:588} INFO - Filling up the DagBag from /home/ubuntu/customer_churn_youtube_venv/lib/python3.12/site-packages/airflow/example_dags/example_params_trigger_ui.py
[2025-03-26T17:19:29.513+0000] {processor.py:925} INFO - DAG(s) 'example_params_trigger_ui' retrieved from /home/ubuntu/customer_churn_youtube_venv/lib/python3.12/site-packages/airflow/example_dags/example_params_trigger_ui.py
[2025-03-26T17:19:29.660+0000] {logging_mixin.py:190} INFO - [2025-03-26T17:19:29.660+0000] {dag.py:3239} INFO - Sync 1 DAGs
[2025-03-26T17:19:29.671+0000] {logging_mixin.py:190} INFO - [2025-03-26T17:19:29.670+0000] {dag.py:4180} INFO - Setting next_dagrun for example_params_trigger_ui to None, run_after=None
[2025-03-26T17:19:29.691+0000] {processor.py:208} INFO - Processing /home/ubuntu/customer_churn_youtube_venv/lib/python3.12/site-packages/airflow/example_dags/example_params_trigger_ui.py took 0.198 seconds
[2025-03-26T17:20:29.929+0000] {processor.py:186} INFO - Started process (PID=6703) to work on /home/ubuntu/customer_churn_youtube_venv/lib/python3.12/site-packages/airflow/example_dags/example_params_trigger_ui.py
[2025-03-26T17:20:29.932+0000] {processor.py:914} INFO - Processing file /home/ubuntu/customer_churn_youtube_venv/lib/python3.12/site-packages/airflow/example_dags/example_params_trigger_ui.py for tasks to queue
[2025-03-26T17:20:29.933+0000] {logging_mixin.py:190} INFO - [2025-03-26T17:20:29.933+0000] {dagbag.py:588} INFO - Filling up the DagBag from /home/ubuntu/customer_churn_youtube_venv/lib/python3.12/site-packages/airflow/example_dags/example_params_trigger_ui.py
[2025-03-26T17:20:29.945+0000] {processor.py:925} INFO - DAG(s) 'example_params_trigger_ui' retrieved from /home/ubuntu/customer_churn_youtube_venv/lib/python3.12/site-packages/airflow/example_dags/example_params_trigger_ui.py
[2025-03-26T17:20:29.981+0000] {logging_mixin.py:190} INFO - [2025-03-26T17:20:29.981+0000] {dag.py:3239} INFO - Sync 1 DAGs
[2025-03-26T17:20:29.993+0000] {logging_mixin.py:190} INFO - [2025-03-26T17:20:29.993+0000] {dag.py:4180} INFO - Setting next_dagrun for example_params_trigger_ui to None, run_after=None
[2025-03-26T17:20:30.014+0000] {processor.py:208} INFO - Processing /home/ubuntu/customer_churn_youtube_venv/lib/python3.12/site-packages/airflow/example_dags/example_params_trigger_ui.py took 0.090 seconds
[2025-03-26T17:21:22.757+0000] {processor.py:186} INFO - Started process (PID=6758) to work on /home/ubuntu/customer_churn_youtube_venv/lib/python3.12/site-packages/airflow/example_dags/example_params_trigger_ui.py
[2025-03-26T17:21:22.758+0000] {processor.py:914} INFO - Processing file /home/ubuntu/customer_churn_youtube_venv/lib/python3.12/site-packages/airflow/example_dags/example_params_trigger_ui.py for tasks to queue
[2025-03-26T17:21:22.760+0000] {logging_mixin.py:190} INFO - [2025-03-26T17:21:22.760+0000] {dagbag.py:588} INFO - Filling up the DagBag from /home/ubuntu/customer_churn_youtube_venv/lib/python3.12/site-packages/airflow/example_dags/example_params_trigger_ui.py
[2025-03-26T17:21:22.772+0000] {processor.py:925} INFO - DAG(s) 'example_params_trigger_ui' retrieved from /home/ubuntu/customer_churn_youtube_venv/lib/python3.12/site-packages/airflow/example_dags/example_params_trigger_ui.py
[2025-03-26T17:21:22.807+0000] {logging_mixin.py:190} INFO - [2025-03-26T17:21:22.807+0000] {dag.py:3239} INFO - Sync 1 DAGs
[2025-03-26T17:21:22.819+0000] {logging_mixin.py:190} INFO - [2025-03-26T17:21:22.818+0000] {dag.py:4180} INFO - Setting next_dagrun for example_params_trigger_ui to None, run_after=None
[2025-03-26T17:21:22.840+0000] {processor.py:208} INFO - Processing /home/ubuntu/customer_churn_youtube_venv/lib/python3.12/site-packages/airflow/example_dags/example_params_trigger_ui.py took 0.089 seconds
[2025-03-26T17:22:14.578+0000] {processor.py:186} INFO - Started process (PID=6812) to work on /home/ubuntu/customer_churn_youtube_venv/lib/python3.12/site-packages/airflow/example_dags/example_params_trigger_ui.py
[2025-03-26T17:22:14.580+0000] {processor.py:914} INFO - Processing file /home/ubuntu/customer_churn_youtube_venv/lib/python3.12/site-packages/airflow/example_dags/example_params_trigger_ui.py for tasks to queue
[2025-03-26T17:22:14.582+0000] {logging_mixin.py:190} INFO - [2025-03-26T17:22:14.582+0000] {dagbag.py:588} INFO - Filling up the DagBag from /home/ubuntu/customer_churn_youtube_venv/lib/python3.12/site-packages/airflow/example_dags/example_params_trigger_ui.py
[2025-03-26T17:22:14.593+0000] {processor.py:925} INFO - DAG(s) 'example_params_trigger_ui' retrieved from /home/ubuntu/customer_churn_youtube_venv/lib/python3.12/site-packages/airflow/example_dags/example_params_trigger_ui.py
[2025-03-26T17:22:14.629+0000] {logging_mixin.py:190} INFO - [2025-03-26T17:22:14.629+0000] {dag.py:3239} INFO - Sync 1 DAGs
[2025-03-26T17:22:14.641+0000] {logging_mixin.py:190} INFO - [2025-03-26T17:22:14.641+0000] {dag.py:4180} INFO - Setting next_dagrun for example_params_trigger_ui to None, run_after=None
[2025-03-26T17:22:14.664+0000] {processor.py:208} INFO - Processing /home/ubuntu/customer_churn_youtube_venv/lib/python3.12/site-packages/airflow/example_dags/example_params_trigger_ui.py took 0.091 seconds
[2025-03-26T17:23:07.001+0000] {processor.py:186} INFO - Started process (PID=6864) to work on /home/ubuntu/customer_churn_youtube_venv/lib/python3.12/site-packages/airflow/example_dags/example_params_trigger_ui.py
[2025-03-26T17:23:07.003+0000] {processor.py:914} INFO - Processing file /home/ubuntu/customer_churn_youtube_venv/lib/python3.12/site-packages/airflow/example_dags/example_params_trigger_ui.py for tasks to queue
[2025-03-26T17:23:07.004+0000] {logging_mixin.py:190} INFO - [2025-03-26T17:23:07.004+0000] {dagbag.py:588} INFO - Filling up the DagBag from /home/ubuntu/customer_churn_youtube_venv/lib/python3.12/site-packages/airflow/example_dags/example_params_trigger_ui.py
[2025-03-26T17:23:07.016+0000] {processor.py:925} INFO - DAG(s) 'example_params_trigger_ui' retrieved from /home/ubuntu/customer_churn_youtube_venv/lib/python3.12/site-packages/airflow/example_dags/example_params_trigger_ui.py
[2025-03-26T17:23:07.053+0000] {logging_mixin.py:190} INFO - [2025-03-26T17:23:07.053+0000] {dag.py:3239} INFO - Sync 1 DAGs
[2025-03-26T17:23:07.065+0000] {logging_mixin.py:190} INFO - [2025-03-26T17:23:07.065+0000] {dag.py:4180} INFO - Setting next_dagrun for example_params_trigger_ui to None, run_after=None
[2025-03-26T17:23:07.088+0000] {processor.py:208} INFO - Processing /home/ubuntu/customer_churn_youtube_venv/lib/python3.12/site-packages/airflow/example_dags/example_params_trigger_ui.py took 0.093 seconds
[2025-03-26T17:24:00.294+0000] {processor.py:186} INFO - Started process (PID=6918) to work on /home/ubuntu/customer_churn_youtube_venv/lib/python3.12/site-packages/airflow/example_dags/example_params_trigger_ui.py
[2025-03-26T17:24:00.295+0000] {processor.py:914} INFO - Processing file /home/ubuntu/customer_churn_youtube_venv/lib/python3.12/site-packages/airflow/example_dags/example_params_trigger_ui.py for tasks to queue
[2025-03-26T17:24:00.296+0000] {logging_mixin.py:190} INFO - [2025-03-26T17:24:00.296+0000] {dagbag.py:588} INFO - Filling up the DagBag from /home/ubuntu/customer_churn_youtube_venv/lib/python3.12/site-packages/airflow/example_dags/example_params_trigger_ui.py
[2025-03-26T17:24:00.308+0000] {processor.py:925} INFO - DAG(s) 'example_params_trigger_ui' retrieved from /home/ubuntu/customer_churn_youtube_venv/lib/python3.12/site-packages/airflow/example_dags/example_params_trigger_ui.py
[2025-03-26T17:24:00.342+0000] {logging_mixin.py:190} INFO - [2025-03-26T17:24:00.342+0000] {dag.py:3239} INFO - Sync 1 DAGs
[2025-03-26T17:24:00.354+0000] {logging_mixin.py:190} INFO - [2025-03-26T17:24:00.354+0000] {dag.py:4180} INFO - Setting next_dagrun for example_params_trigger_ui to None, run_after=None
[2025-03-26T17:24:00.377+0000] {processor.py:208} INFO - Processing /home/ubuntu/customer_churn_youtube_venv/lib/python3.12/site-packages/airflow/example_dags/example_params_trigger_ui.py took 0.089 seconds
[2025-03-26T17:24:51.893+0000] {processor.py:186} INFO - Started process (PID=6971) to work on /home/ubuntu/customer_churn_youtube_venv/lib/python3.12/site-packages/airflow/example_dags/example_params_trigger_ui.py
[2025-03-26T17:24:51.895+0000] {processor.py:914} INFO - Processing file /home/ubuntu/customer_churn_youtube_venv/lib/python3.12/site-packages/airflow/example_dags/example_params_trigger_ui.py for tasks to queue
[2025-03-26T17:24:51.897+0000] {logging_mixin.py:190} INFO - [2025-03-26T17:24:51.897+0000] {dagbag.py:588} INFO - Filling up the DagBag from /home/ubuntu/customer_churn_youtube_venv/lib/python3.12/site-packages/airflow/example_dags/example_params_trigger_ui.py
[2025-03-26T17:24:51.909+0000] {processor.py:925} INFO - DAG(s) 'example_params_trigger_ui' retrieved from /home/ubuntu/customer_churn_youtube_venv/lib/python3.12/site-packages/airflow/example_dags/example_params_trigger_ui.py
[2025-03-26T17:24:51.948+0000] {logging_mixin.py:190} INFO - [2025-03-26T17:24:51.947+0000] {dag.py:3239} INFO - Sync 1 DAGs
[2025-03-26T17:24:51.959+0000] {logging_mixin.py:190} INFO - [2025-03-26T17:24:51.959+0000] {dag.py:4180} INFO - Setting next_dagrun for example_params_trigger_ui to None, run_after=None
[2025-03-26T17:24:51.984+0000] {processor.py:208} INFO - Processing /home/ubuntu/customer_churn_youtube_venv/lib/python3.12/site-packages/airflow/example_dags/example_params_trigger_ui.py took 0.097 seconds
[2025-03-26T17:25:41.531+0000] {processor.py:186} INFO - Started process (PID=7029) to work on /home/ubuntu/customer_churn_youtube_venv/lib/python3.12/site-packages/airflow/example_dags/example_params_trigger_ui.py
[2025-03-26T17:25:41.533+0000] {processor.py:914} INFO - Processing file /home/ubuntu/customer_churn_youtube_venv/lib/python3.12/site-packages/airflow/example_dags/example_params_trigger_ui.py for tasks to queue
[2025-03-26T17:25:41.535+0000] {logging_mixin.py:190} INFO - [2025-03-26T17:25:41.535+0000] {dagbag.py:588} INFO - Filling up the DagBag from /home/ubuntu/customer_churn_youtube_venv/lib/python3.12/site-packages/airflow/example_dags/example_params_trigger_ui.py
[2025-03-26T17:25:41.547+0000] {processor.py:925} INFO - DAG(s) 'example_params_trigger_ui' retrieved from /home/ubuntu/customer_churn_youtube_venv/lib/python3.12/site-packages/airflow/example_dags/example_params_trigger_ui.py
[2025-03-26T17:25:41.583+0000] {logging_mixin.py:190} INFO - [2025-03-26T17:25:41.583+0000] {dag.py:3239} INFO - Sync 1 DAGs
[2025-03-26T17:25:41.595+0000] {logging_mixin.py:190} INFO - [2025-03-26T17:25:41.595+0000] {dag.py:4180} INFO - Setting next_dagrun for example_params_trigger_ui to None, run_after=None
[2025-03-26T17:25:41.615+0000] {processor.py:208} INFO - Processing /home/ubuntu/customer_churn_youtube_venv/lib/python3.12/site-packages/airflow/example_dags/example_params_trigger_ui.py took 0.090 seconds
[2025-03-26T17:26:31.301+0000] {processor.py:186} INFO - Started process (PID=7080) to work on /home/ubuntu/customer_churn_youtube_venv/lib/python3.12/site-packages/airflow/example_dags/example_params_trigger_ui.py
[2025-03-26T17:26:31.303+0000] {processor.py:914} INFO - Processing file /home/ubuntu/customer_churn_youtube_venv/lib/python3.12/site-packages/airflow/example_dags/example_params_trigger_ui.py for tasks to queue
[2025-03-26T17:26:31.305+0000] {logging_mixin.py:190} INFO - [2025-03-26T17:26:31.305+0000] {dagbag.py:588} INFO - Filling up the DagBag from /home/ubuntu/customer_churn_youtube_venv/lib/python3.12/site-packages/airflow/example_dags/example_params_trigger_ui.py
[2025-03-26T17:26:31.316+0000] {processor.py:925} INFO - DAG(s) 'example_params_trigger_ui' retrieved from /home/ubuntu/customer_churn_youtube_venv/lib/python3.12/site-packages/airflow/example_dags/example_params_trigger_ui.py
[2025-03-26T17:26:31.353+0000] {logging_mixin.py:190} INFO - [2025-03-26T17:26:31.352+0000] {dag.py:3239} INFO - Sync 1 DAGs
[2025-03-26T17:26:31.364+0000] {logging_mixin.py:190} INFO - [2025-03-26T17:26:31.364+0000] {dag.py:4180} INFO - Setting next_dagrun for example_params_trigger_ui to None, run_after=None
[2025-03-26T17:26:31.385+0000] {processor.py:208} INFO - Processing /home/ubuntu/customer_churn_youtube_venv/lib/python3.12/site-packages/airflow/example_dags/example_params_trigger_ui.py took 0.090 seconds
[2025-03-26T17:27:22.505+0000] {processor.py:186} INFO - Started process (PID=7133) to work on /home/ubuntu/customer_churn_youtube_venv/lib/python3.12/site-packages/airflow/example_dags/example_params_trigger_ui.py
[2025-03-26T17:27:22.506+0000] {processor.py:914} INFO - Processing file /home/ubuntu/customer_churn_youtube_venv/lib/python3.12/site-packages/airflow/example_dags/example_params_trigger_ui.py for tasks to queue
[2025-03-26T17:27:22.508+0000] {logging_mixin.py:190} INFO - [2025-03-26T17:27:22.508+0000] {dagbag.py:588} INFO - Filling up the DagBag from /home/ubuntu/customer_churn_youtube_venv/lib/python3.12/site-packages/airflow/example_dags/example_params_trigger_ui.py
[2025-03-26T17:27:22.519+0000] {processor.py:925} INFO - DAG(s) 'example_params_trigger_ui' retrieved from /home/ubuntu/customer_churn_youtube_venv/lib/python3.12/site-packages/airflow/example_dags/example_params_trigger_ui.py
[2025-03-26T17:27:22.555+0000] {logging_mixin.py:190} INFO - [2025-03-26T17:27:22.554+0000] {dag.py:3239} INFO - Sync 1 DAGs
[2025-03-26T17:27:22.567+0000] {logging_mixin.py:190} INFO - [2025-03-26T17:27:22.567+0000] {dag.py:4180} INFO - Setting next_dagrun for example_params_trigger_ui to None, run_after=None
[2025-03-26T17:27:22.590+0000] {processor.py:208} INFO - Processing /home/ubuntu/customer_churn_youtube_venv/lib/python3.12/site-packages/airflow/example_dags/example_params_trigger_ui.py took 0.091 seconds
[2025-03-26T17:28:12.858+0000] {processor.py:186} INFO - Started process (PID=7231) to work on /home/ubuntu/customer_churn_youtube_venv/lib/python3.12/site-packages/airflow/example_dags/example_params_trigger_ui.py
[2025-03-26T17:28:12.859+0000] {processor.py:914} INFO - Processing file /home/ubuntu/customer_churn_youtube_venv/lib/python3.12/site-packages/airflow/example_dags/example_params_trigger_ui.py for tasks to queue
[2025-03-26T17:28:12.861+0000] {logging_mixin.py:190} INFO - [2025-03-26T17:28:12.861+0000] {dagbag.py:588} INFO - Filling up the DagBag from /home/ubuntu/customer_churn_youtube_venv/lib/python3.12/site-packages/airflow/example_dags/example_params_trigger_ui.py
[2025-03-26T17:28:12.873+0000] {processor.py:925} INFO - DAG(s) 'example_params_trigger_ui' retrieved from /home/ubuntu/customer_churn_youtube_venv/lib/python3.12/site-packages/airflow/example_dags/example_params_trigger_ui.py
[2025-03-26T17:28:12.908+0000] {logging_mixin.py:190} INFO - [2025-03-26T17:28:12.908+0000] {dag.py:3239} INFO - Sync 1 DAGs
[2025-03-26T17:28:12.920+0000] {logging_mixin.py:190} INFO - [2025-03-26T17:28:12.920+0000] {dag.py:4180} INFO - Setting next_dagrun for example_params_trigger_ui to None, run_after=None
[2025-03-26T17:28:12.944+0000] {processor.py:208} INFO - Processing /home/ubuntu/customer_churn_youtube_venv/lib/python3.12/site-packages/airflow/example_dags/example_params_trigger_ui.py took 0.092 seconds
[2025-03-26T17:29:04.495+0000] {processor.py:186} INFO - Started process (PID=7284) to work on /home/ubuntu/customer_churn_youtube_venv/lib/python3.12/site-packages/airflow/example_dags/example_params_trigger_ui.py
[2025-03-26T17:29:04.497+0000] {processor.py:914} INFO - Processing file /home/ubuntu/customer_churn_youtube_venv/lib/python3.12/site-packages/airflow/example_dags/example_params_trigger_ui.py for tasks to queue
[2025-03-26T17:29:04.498+0000] {logging_mixin.py:190} INFO - [2025-03-26T17:29:04.498+0000] {dagbag.py:588} INFO - Filling up the DagBag from /home/ubuntu/customer_churn_youtube_venv/lib/python3.12/site-packages/airflow/example_dags/example_params_trigger_ui.py
[2025-03-26T17:29:04.510+0000] {processor.py:925} INFO - DAG(s) 'example_params_trigger_ui' retrieved from /home/ubuntu/customer_churn_youtube_venv/lib/python3.12/site-packages/airflow/example_dags/example_params_trigger_ui.py
[2025-03-26T17:29:04.546+0000] {logging_mixin.py:190} INFO - [2025-03-26T17:29:04.546+0000] {dag.py:3239} INFO - Sync 1 DAGs
[2025-03-26T17:29:04.558+0000] {logging_mixin.py:190} INFO - [2025-03-26T17:29:04.558+0000] {dag.py:4180} INFO - Setting next_dagrun for example_params_trigger_ui to None, run_after=None
[2025-03-26T17:29:04.580+0000] {processor.py:208} INFO - Processing /home/ubuntu/customer_churn_youtube_venv/lib/python3.12/site-packages/airflow/example_dags/example_params_trigger_ui.py took 0.090 seconds
[2025-03-26T17:29:53.769+0000] {processor.py:186} INFO - Started process (PID=7337) to work on /home/ubuntu/customer_churn_youtube_venv/lib/python3.12/site-packages/airflow/example_dags/example_params_trigger_ui.py
[2025-03-26T17:29:53.770+0000] {processor.py:914} INFO - Processing file /home/ubuntu/customer_churn_youtube_venv/lib/python3.12/site-packages/airflow/example_dags/example_params_trigger_ui.py for tasks to queue
[2025-03-26T17:29:53.772+0000] {logging_mixin.py:190} INFO - [2025-03-26T17:29:53.771+0000] {dagbag.py:588} INFO - Filling up the DagBag from /home/ubuntu/customer_churn_youtube_venv/lib/python3.12/site-packages/airflow/example_dags/example_params_trigger_ui.py
[2025-03-26T17:29:53.783+0000] {processor.py:925} INFO - DAG(s) 'example_params_trigger_ui' retrieved from /home/ubuntu/customer_churn_youtube_venv/lib/python3.12/site-packages/airflow/example_dags/example_params_trigger_ui.py
[2025-03-26T17:29:53.819+0000] {logging_mixin.py:190} INFO - [2025-03-26T17:29:53.819+0000] {dag.py:3239} INFO - Sync 1 DAGs
[2025-03-26T17:29:53.831+0000] {logging_mixin.py:190} INFO - [2025-03-26T17:29:53.831+0000] {dag.py:4180} INFO - Setting next_dagrun for example_params_trigger_ui to None, run_after=None
[2025-03-26T17:29:53.854+0000] {processor.py:208} INFO - Processing /home/ubuntu/customer_churn_youtube_venv/lib/python3.12/site-packages/airflow/example_dags/example_params_trigger_ui.py took 0.091 seconds
[2025-03-26T17:30:43.897+0000] {processor.py:186} INFO - Started process (PID=7393) to work on /home/ubuntu/customer_churn_youtube_venv/lib/python3.12/site-packages/airflow/example_dags/example_params_trigger_ui.py
[2025-03-26T17:30:43.898+0000] {processor.py:914} INFO - Processing file /home/ubuntu/customer_churn_youtube_venv/lib/python3.12/site-packages/airflow/example_dags/example_params_trigger_ui.py for tasks to queue
[2025-03-26T17:30:43.901+0000] {logging_mixin.py:190} INFO - [2025-03-26T17:30:43.900+0000] {dagbag.py:588} INFO - Filling up the DagBag from /home/ubuntu/customer_churn_youtube_venv/lib/python3.12/site-packages/airflow/example_dags/example_params_trigger_ui.py
[2025-03-26T17:30:43.912+0000] {processor.py:925} INFO - DAG(s) 'example_params_trigger_ui' retrieved from /home/ubuntu/customer_churn_youtube_venv/lib/python3.12/site-packages/airflow/example_dags/example_params_trigger_ui.py
[2025-03-26T17:30:43.948+0000] {logging_mixin.py:190} INFO - [2025-03-26T17:30:43.948+0000] {dag.py:3239} INFO - Sync 1 DAGs
[2025-03-26T17:30:43.960+0000] {logging_mixin.py:190} INFO - [2025-03-26T17:30:43.959+0000] {dag.py:4180} INFO - Setting next_dagrun for example_params_trigger_ui to None, run_after=None
[2025-03-26T17:30:43.983+0000] {processor.py:208} INFO - Processing /home/ubuntu/customer_churn_youtube_venv/lib/python3.12/site-packages/airflow/example_dags/example_params_trigger_ui.py took 0.092 seconds
[2025-03-26T17:31:34.099+0000] {processor.py:186} INFO - Started process (PID=7445) to work on /home/ubuntu/customer_churn_youtube_venv/lib/python3.12/site-packages/airflow/example_dags/example_params_trigger_ui.py
[2025-03-26T17:31:34.100+0000] {processor.py:914} INFO - Processing file /home/ubuntu/customer_churn_youtube_venv/lib/python3.12/site-packages/airflow/example_dags/example_params_trigger_ui.py for tasks to queue
[2025-03-26T17:31:34.102+0000] {logging_mixin.py:190} INFO - [2025-03-26T17:31:34.102+0000] {dagbag.py:588} INFO - Filling up the DagBag from /home/ubuntu/customer_churn_youtube_venv/lib/python3.12/site-packages/airflow/example_dags/example_params_trigger_ui.py
[2025-03-26T17:31:34.114+0000] {processor.py:925} INFO - DAG(s) 'example_params_trigger_ui' retrieved from /home/ubuntu/customer_churn_youtube_venv/lib/python3.12/site-packages/airflow/example_dags/example_params_trigger_ui.py
[2025-03-26T17:31:34.151+0000] {logging_mixin.py:190} INFO - [2025-03-26T17:31:34.151+0000] {dag.py:3239} INFO - Sync 1 DAGs
[2025-03-26T17:31:34.163+0000] {logging_mixin.py:190} INFO - [2025-03-26T17:31:34.163+0000] {dag.py:4180} INFO - Setting next_dagrun for example_params_trigger_ui to None, run_after=None
[2025-03-26T17:31:34.186+0000] {processor.py:208} INFO - Processing /home/ubuntu/customer_churn_youtube_venv/lib/python3.12/site-packages/airflow/example_dags/example_params_trigger_ui.py took 0.093 seconds
[2025-03-26T17:32:25.737+0000] {processor.py:186} INFO - Started process (PID=7538) to work on /home/ubuntu/customer_churn_youtube_venv/lib/python3.12/site-packages/airflow/example_dags/example_params_trigger_ui.py
[2025-03-26T17:32:25.738+0000] {processor.py:914} INFO - Processing file /home/ubuntu/customer_churn_youtube_venv/lib/python3.12/site-packages/airflow/example_dags/example_params_trigger_ui.py for tasks to queue
[2025-03-26T17:32:25.741+0000] {logging_mixin.py:190} INFO - [2025-03-26T17:32:25.740+0000] {dagbag.py:588} INFO - Filling up the DagBag from /home/ubuntu/customer_churn_youtube_venv/lib/python3.12/site-packages/airflow/example_dags/example_params_trigger_ui.py
[2025-03-26T17:32:25.752+0000] {processor.py:925} INFO - DAG(s) 'example_params_trigger_ui' retrieved from /home/ubuntu/customer_churn_youtube_venv/lib/python3.12/site-packages/airflow/example_dags/example_params_trigger_ui.py
[2025-03-26T17:32:25.788+0000] {logging_mixin.py:190} INFO - [2025-03-26T17:32:25.788+0000] {dag.py:3239} INFO - Sync 1 DAGs
[2025-03-26T17:32:25.800+0000] {logging_mixin.py:190} INFO - [2025-03-26T17:32:25.800+0000] {dag.py:4180} INFO - Setting next_dagrun for example_params_trigger_ui to None, run_after=None
[2025-03-26T17:32:25.823+0000] {processor.py:208} INFO - Processing /home/ubuntu/customer_churn_youtube_venv/lib/python3.12/site-packages/airflow/example_dags/example_params_trigger_ui.py took 0.092 seconds
[2025-03-26T17:33:16.620+0000] {processor.py:186} INFO - Started process (PID=7592) to work on /home/ubuntu/customer_churn_youtube_venv/lib/python3.12/site-packages/airflow/example_dags/example_params_trigger_ui.py
[2025-03-26T17:33:16.621+0000] {processor.py:914} INFO - Processing file /home/ubuntu/customer_churn_youtube_venv/lib/python3.12/site-packages/airflow/example_dags/example_params_trigger_ui.py for tasks to queue
[2025-03-26T17:33:16.623+0000] {logging_mixin.py:190} INFO - [2025-03-26T17:33:16.623+0000] {dagbag.py:588} INFO - Filling up the DagBag from /home/ubuntu/customer_churn_youtube_venv/lib/python3.12/site-packages/airflow/example_dags/example_params_trigger_ui.py
[2025-03-26T17:33:16.635+0000] {processor.py:925} INFO - DAG(s) 'example_params_trigger_ui' retrieved from /home/ubuntu/customer_churn_youtube_venv/lib/python3.12/site-packages/airflow/example_dags/example_params_trigger_ui.py
[2025-03-26T17:33:16.670+0000] {logging_mixin.py:190} INFO - [2025-03-26T17:33:16.670+0000] {dag.py:3239} INFO - Sync 1 DAGs
[2025-03-26T17:33:16.683+0000] {logging_mixin.py:190} INFO - [2025-03-26T17:33:16.682+0000] {dag.py:4180} INFO - Setting next_dagrun for example_params_trigger_ui to None, run_after=None
[2025-03-26T17:33:16.704+0000] {processor.py:208} INFO - Processing /home/ubuntu/customer_churn_youtube_venv/lib/python3.12/site-packages/airflow/example_dags/example_params_trigger_ui.py took 0.091 seconds
[2025-03-26T17:34:08.565+0000] {processor.py:186} INFO - Started process (PID=7643) to work on /home/ubuntu/customer_churn_youtube_venv/lib/python3.12/site-packages/airflow/example_dags/example_params_trigger_ui.py
[2025-03-26T17:34:08.567+0000] {processor.py:914} INFO - Processing file /home/ubuntu/customer_churn_youtube_venv/lib/python3.12/site-packages/airflow/example_dags/example_params_trigger_ui.py for tasks to queue
[2025-03-26T17:34:08.569+0000] {logging_mixin.py:190} INFO - [2025-03-26T17:34:08.568+0000] {dagbag.py:588} INFO - Filling up the DagBag from /home/ubuntu/customer_churn_youtube_venv/lib/python3.12/site-packages/airflow/example_dags/example_params_trigger_ui.py
[2025-03-26T17:34:08.580+0000] {processor.py:925} INFO - DAG(s) 'example_params_trigger_ui' retrieved from /home/ubuntu/customer_churn_youtube_venv/lib/python3.12/site-packages/airflow/example_dags/example_params_trigger_ui.py
[2025-03-26T17:34:08.615+0000] {logging_mixin.py:190} INFO - [2025-03-26T17:34:08.615+0000] {dag.py:3239} INFO - Sync 1 DAGs
[2025-03-26T17:34:08.627+0000] {logging_mixin.py:190} INFO - [2025-03-26T17:34:08.626+0000] {dag.py:4180} INFO - Setting next_dagrun for example_params_trigger_ui to None, run_after=None
[2025-03-26T17:34:08.649+0000] {processor.py:208} INFO - Processing /home/ubuntu/customer_churn_youtube_venv/lib/python3.12/site-packages/airflow/example_dags/example_params_trigger_ui.py took 0.090 seconds
[2025-03-26T17:35:00.600+0000] {processor.py:186} INFO - Started process (PID=7698) to work on /home/ubuntu/customer_churn_youtube_venv/lib/python3.12/site-packages/airflow/example_dags/example_params_trigger_ui.py
[2025-03-26T17:35:00.602+0000] {processor.py:914} INFO - Processing file /home/ubuntu/customer_churn_youtube_venv/lib/python3.12/site-packages/airflow/example_dags/example_params_trigger_ui.py for tasks to queue
[2025-03-26T17:35:00.604+0000] {logging_mixin.py:190} INFO - [2025-03-26T17:35:00.604+0000] {dagbag.py:588} INFO - Filling up the DagBag from /home/ubuntu/customer_churn_youtube_venv/lib/python3.12/site-packages/airflow/example_dags/example_params_trigger_ui.py
[2025-03-26T17:35:00.616+0000] {processor.py:925} INFO - DAG(s) 'example_params_trigger_ui' retrieved from /home/ubuntu/customer_churn_youtube_venv/lib/python3.12/site-packages/airflow/example_dags/example_params_trigger_ui.py
[2025-03-26T17:35:00.651+0000] {logging_mixin.py:190} INFO - [2025-03-26T17:35:00.651+0000] {dag.py:3239} INFO - Sync 1 DAGs
[2025-03-26T17:35:00.664+0000] {logging_mixin.py:190} INFO - [2025-03-26T17:35:00.664+0000] {dag.py:4180} INFO - Setting next_dagrun for example_params_trigger_ui to None, run_after=None
[2025-03-26T17:35:00.687+0000] {processor.py:208} INFO - Processing /home/ubuntu/customer_churn_youtube_venv/lib/python3.12/site-packages/airflow/example_dags/example_params_trigger_ui.py took 0.092 seconds
[2025-03-26T17:35:53.318+0000] {processor.py:186} INFO - Started process (PID=7758) to work on /home/ubuntu/customer_churn_youtube_venv/lib/python3.12/site-packages/airflow/example_dags/example_params_trigger_ui.py
[2025-03-26T17:35:53.320+0000] {processor.py:914} INFO - Processing file /home/ubuntu/customer_churn_youtube_venv/lib/python3.12/site-packages/airflow/example_dags/example_params_trigger_ui.py for tasks to queue
[2025-03-26T17:35:53.323+0000] {logging_mixin.py:190} INFO - [2025-03-26T17:35:53.322+0000] {dagbag.py:588} INFO - Filling up the DagBag from /home/ubuntu/customer_churn_youtube_venv/lib/python3.12/site-packages/airflow/example_dags/example_params_trigger_ui.py
[2025-03-26T17:35:53.334+0000] {processor.py:925} INFO - DAG(s) 'example_params_trigger_ui' retrieved from /home/ubuntu/customer_churn_youtube_venv/lib/python3.12/site-packages/airflow/example_dags/example_params_trigger_ui.py
[2025-03-26T17:35:53.370+0000] {logging_mixin.py:190} INFO - [2025-03-26T17:35:53.369+0000] {dag.py:3239} INFO - Sync 1 DAGs
[2025-03-26T17:35:53.381+0000] {logging_mixin.py:190} INFO - [2025-03-26T17:35:53.381+0000] {dag.py:4180} INFO - Setting next_dagrun for example_params_trigger_ui to None, run_after=None
[2025-03-26T17:35:53.406+0000] {processor.py:208} INFO - Processing /home/ubuntu/customer_churn_youtube_venv/lib/python3.12/site-packages/airflow/example_dags/example_params_trigger_ui.py took 0.094 seconds
[2025-03-26T17:36:46.058+0000] {processor.py:186} INFO - Started process (PID=7814) to work on /home/ubuntu/customer_churn_youtube_venv/lib/python3.12/site-packages/airflow/example_dags/example_params_trigger_ui.py
[2025-03-26T17:36:46.059+0000] {processor.py:914} INFO - Processing file /home/ubuntu/customer_churn_youtube_venv/lib/python3.12/site-packages/airflow/example_dags/example_params_trigger_ui.py for tasks to queue
[2025-03-26T17:36:46.061+0000] {logging_mixin.py:190} INFO - [2025-03-26T17:36:46.061+0000] {dagbag.py:588} INFO - Filling up the DagBag from /home/ubuntu/customer_churn_youtube_venv/lib/python3.12/site-packages/airflow/example_dags/example_params_trigger_ui.py
[2025-03-26T17:36:46.073+0000] {processor.py:925} INFO - DAG(s) 'example_params_trigger_ui' retrieved from /home/ubuntu/customer_churn_youtube_venv/lib/python3.12/site-packages/airflow/example_dags/example_params_trigger_ui.py
[2025-03-26T17:36:46.109+0000] {logging_mixin.py:190} INFO - [2025-03-26T17:36:46.108+0000] {dag.py:3239} INFO - Sync 1 DAGs
[2025-03-26T17:36:46.120+0000] {logging_mixin.py:190} INFO - [2025-03-26T17:36:46.120+0000] {dag.py:4180} INFO - Setting next_dagrun for example_params_trigger_ui to None, run_after=None
[2025-03-26T17:36:46.142+0000] {processor.py:208} INFO - Processing /home/ubuntu/customer_churn_youtube_venv/lib/python3.12/site-packages/airflow/example_dags/example_params_trigger_ui.py took 0.090 seconds
