[2025-03-26T17:13:46.423+0000] {processor.py:186} INFO - Started process (PID=6289) to work on /home/ubuntu/customer_churn_youtube_venv/lib/python3.12/site-packages/airflow/example_dags/example_outlet_event_extra.py
[2025-03-26T17:13:46.424+0000] {processor.py:914} INFO - Processing file /home/ubuntu/customer_churn_youtube_venv/lib/python3.12/site-packages/airflow/example_dags/example_outlet_event_extra.py for tasks to queue
[2025-03-26T17:13:46.427+0000] {logging_mixin.py:190} INFO - [2025-03-26T17:13:46.426+0000] {dagbag.py:588} INFO - Filling up the DagBag from /home/ubuntu/customer_churn_youtube_venv/lib/python3.12/site-packages/airflow/example_dags/example_outlet_event_extra.py
[2025-03-26T17:13:46.527+0000] {processor.py:925} INFO - DAG(s) 'dataset_with_extra_by_context', 'dataset_with_extra_from_classic_operator', 'dataset_with_extra_by_yield' retrieved from /home/ubuntu/customer_churn_youtube_venv/lib/python3.12/site-packages/airflow/example_dags/example_outlet_event_extra.py
[2025-03-26T17:13:46.630+0000] {logging_mixin.py:190} INFO - [2025-03-26T17:13:46.629+0000] {override.py:1930} INFO - Created Permission View: can edit on DAG:dataset_with_extra_by_context
[2025-03-26T17:13:46.646+0000] {logging_mixin.py:190} INFO - [2025-03-26T17:13:46.646+0000] {override.py:1930} INFO - Created Permission View: can read on DAG:dataset_with_extra_by_context
[2025-03-26T17:13:46.656+0000] {logging_mixin.py:190} INFO - [2025-03-26T17:13:46.656+0000] {override.py:1930} INFO - Created Permission View: can delete on DAG:dataset_with_extra_by_context
[2025-03-26T17:13:46.674+0000] {logging_mixin.py:190} INFO - [2025-03-26T17:13:46.674+0000] {override.py:1930} INFO - Created Permission View: menu access on DAG Run:dataset_with_extra_by_context
[2025-03-26T17:13:46.685+0000] {logging_mixin.py:190} INFO - [2025-03-26T17:13:46.685+0000] {override.py:1930} INFO - Created Permission View: can create on DAG Run:dataset_with_extra_by_context
[2025-03-26T17:13:46.695+0000] {logging_mixin.py:190} INFO - [2025-03-26T17:13:46.695+0000] {override.py:1930} INFO - Created Permission View: can delete on DAG Run:dataset_with_extra_by_context
[2025-03-26T17:13:46.706+0000] {logging_mixin.py:190} INFO - [2025-03-26T17:13:46.706+0000] {override.py:1930} INFO - Created Permission View: can read on DAG Run:dataset_with_extra_by_context
[2025-03-26T17:13:46.730+0000] {logging_mixin.py:190} INFO - [2025-03-26T17:13:46.730+0000] {override.py:1930} INFO - Created Permission View: can edit on DAG:dataset_with_extra_from_classic_operator
[2025-03-26T17:13:46.741+0000] {logging_mixin.py:190} INFO - [2025-03-26T17:13:46.741+0000] {override.py:1930} INFO - Created Permission View: can read on DAG:dataset_with_extra_from_classic_operator
[2025-03-26T17:13:46.750+0000] {logging_mixin.py:190} INFO - [2025-03-26T17:13:46.750+0000] {override.py:1930} INFO - Created Permission View: can delete on DAG:dataset_with_extra_from_classic_operator
[2025-03-26T17:13:46.770+0000] {logging_mixin.py:190} INFO - [2025-03-26T17:13:46.769+0000] {override.py:1930} INFO - Created Permission View: menu access on DAG Run:dataset_with_extra_from_classic_operator
[2025-03-26T17:13:46.780+0000] {logging_mixin.py:190} INFO - [2025-03-26T17:13:46.780+0000] {override.py:1930} INFO - Created Permission View: can create on DAG Run:dataset_with_extra_from_classic_operator
[2025-03-26T17:13:46.792+0000] {logging_mixin.py:190} INFO - [2025-03-26T17:13:46.791+0000] {override.py:1930} INFO - Created Permission View: can delete on DAG Run:dataset_with_extra_from_classic_operator
[2025-03-26T17:13:46.801+0000] {logging_mixin.py:190} INFO - [2025-03-26T17:13:46.801+0000] {override.py:1930} INFO - Created Permission View: can read on DAG Run:dataset_with_extra_from_classic_operator
[2025-03-26T17:13:46.825+0000] {logging_mixin.py:190} INFO - [2025-03-26T17:13:46.824+0000] {override.py:1930} INFO - Created Permission View: can edit on DAG:dataset_with_extra_by_yield
[2025-03-26T17:13:46.837+0000] {logging_mixin.py:190} INFO - [2025-03-26T17:13:46.837+0000] {override.py:1930} INFO - Created Permission View: can read on DAG:dataset_with_extra_by_yield
[2025-03-26T17:13:46.848+0000] {logging_mixin.py:190} INFO - [2025-03-26T17:13:46.848+0000] {override.py:1930} INFO - Created Permission View: can delete on DAG:dataset_with_extra_by_yield
[2025-03-26T17:13:46.870+0000] {logging_mixin.py:190} INFO - [2025-03-26T17:13:46.870+0000] {override.py:1930} INFO - Created Permission View: menu access on DAG Run:dataset_with_extra_by_yield
[2025-03-26T17:13:46.884+0000] {logging_mixin.py:190} INFO - [2025-03-26T17:13:46.883+0000] {override.py:1930} INFO - Created Permission View: can create on DAG Run:dataset_with_extra_by_yield
[2025-03-26T17:13:46.895+0000] {logging_mixin.py:190} INFO - [2025-03-26T17:13:46.895+0000] {override.py:1930} INFO - Created Permission View: can delete on DAG Run:dataset_with_extra_by_yield
[2025-03-26T17:13:46.904+0000] {logging_mixin.py:190} INFO - [2025-03-26T17:13:46.904+0000] {override.py:1930} INFO - Created Permission View: can read on DAG Run:dataset_with_extra_by_yield
[2025-03-26T17:13:46.904+0000] {logging_mixin.py:190} INFO - [2025-03-26T17:13:46.904+0000] {dag.py:3239} INFO - Sync 3 DAGs
[2025-03-26T17:13:46.914+0000] {logging_mixin.py:190} INFO - [2025-03-26T17:13:46.914+0000] {dag.py:3262} INFO - Creating ORM DAG for dataset_with_extra_from_classic_operator
[2025-03-26T17:13:46.915+0000] {logging_mixin.py:190} INFO - [2025-03-26T17:13:46.914+0000] {dag.py:3262} INFO - Creating ORM DAG for dataset_with_extra_by_yield
[2025-03-26T17:13:46.915+0000] {logging_mixin.py:190} INFO - [2025-03-26T17:13:46.915+0000] {dag.py:3262} INFO - Creating ORM DAG for dataset_with_extra_by_context
[2025-03-26T17:13:46.925+0000] {logging_mixin.py:190} INFO - [2025-03-26T17:13:46.925+0000] {dag.py:4180} INFO - Setting next_dagrun for dataset_with_extra_by_context to 2025-03-25 00:00:00+00:00, run_after=2025-03-26 00:00:00+00:00
[2025-03-26T17:13:46.928+0000] {logging_mixin.py:190} INFO - [2025-03-26T17:13:46.927+0000] {dag.py:4180} INFO - Setting next_dagrun for dataset_with_extra_by_yield to 2025-03-25 00:00:00+00:00, run_after=2025-03-26 00:00:00+00:00
[2025-03-26T17:13:46.929+0000] {logging_mixin.py:190} INFO - [2025-03-26T17:13:46.929+0000] {dag.py:4180} INFO - Setting next_dagrun for dataset_with_extra_from_classic_operator to 2025-03-25 00:00:00+00:00, run_after=2025-03-26 00:00:00+00:00
[2025-03-26T17:13:46.955+0000] {processor.py:208} INFO - Processing /home/ubuntu/customer_churn_youtube_venv/lib/python3.12/site-packages/airflow/example_dags/example_outlet_event_extra.py took 0.537 seconds
[2025-03-26T17:14:53.595+0000] {processor.py:186} INFO - Started process (PID=6350) to work on /home/ubuntu/customer_churn_youtube_venv/lib/python3.12/site-packages/airflow/example_dags/example_outlet_event_extra.py
[2025-03-26T17:14:53.597+0000] {processor.py:914} INFO - Processing file /home/ubuntu/customer_churn_youtube_venv/lib/python3.12/site-packages/airflow/example_dags/example_outlet_event_extra.py for tasks to queue
[2025-03-26T17:14:53.599+0000] {logging_mixin.py:190} INFO - [2025-03-26T17:14:53.599+0000] {dagbag.py:588} INFO - Filling up the DagBag from /home/ubuntu/customer_churn_youtube_venv/lib/python3.12/site-packages/airflow/example_dags/example_outlet_event_extra.py
[2025-03-26T17:14:53.697+0000] {processor.py:925} INFO - DAG(s) 'dataset_with_extra_by_context', 'dataset_with_extra_from_classic_operator', 'dataset_with_extra_by_yield' retrieved from /home/ubuntu/customer_churn_youtube_venv/lib/python3.12/site-packages/airflow/example_dags/example_outlet_event_extra.py
[2025-03-26T17:14:53.715+0000] {logging_mixin.py:190} INFO - [2025-03-26T17:14:53.714+0000] {dag.py:3239} INFO - Sync 3 DAGs
[2025-03-26T17:14:53.734+0000] {logging_mixin.py:190} INFO - [2025-03-26T17:14:53.734+0000] {dag.py:4180} INFO - Setting next_dagrun for dataset_with_extra_by_context to 2025-03-25 00:00:00+00:00, run_after=2025-03-26 00:00:00+00:00
[2025-03-26T17:14:53.738+0000] {logging_mixin.py:190} INFO - [2025-03-26T17:14:53.738+0000] {dag.py:4180} INFO - Setting next_dagrun for dataset_with_extra_by_yield to 2025-03-25 00:00:00+00:00, run_after=2025-03-26 00:00:00+00:00
[2025-03-26T17:14:53.740+0000] {logging_mixin.py:190} INFO - [2025-03-26T17:14:53.740+0000] {dag.py:4180} INFO - Setting next_dagrun for dataset_with_extra_from_classic_operator to 2025-03-25 00:00:00+00:00, run_after=2025-03-26 00:00:00+00:00
[2025-03-26T17:14:53.763+0000] {processor.py:208} INFO - Processing /home/ubuntu/customer_churn_youtube_venv/lib/python3.12/site-packages/airflow/example_dags/example_outlet_event_extra.py took 0.173 seconds
[2025-03-26T17:15:48.850+0000] {processor.py:186} INFO - Started process (PID=6413) to work on /home/ubuntu/customer_churn_youtube_venv/lib/python3.12/site-packages/airflow/example_dags/example_outlet_event_extra.py
[2025-03-26T17:15:48.851+0000] {processor.py:914} INFO - Processing file /home/ubuntu/customer_churn_youtube_venv/lib/python3.12/site-packages/airflow/example_dags/example_outlet_event_extra.py for tasks to queue
[2025-03-26T17:15:48.853+0000] {logging_mixin.py:190} INFO - [2025-03-26T17:15:48.853+0000] {dagbag.py:588} INFO - Filling up the DagBag from /home/ubuntu/customer_churn_youtube_venv/lib/python3.12/site-packages/airflow/example_dags/example_outlet_event_extra.py
[2025-03-26T17:15:48.953+0000] {processor.py:925} INFO - DAG(s) 'dataset_with_extra_by_context', 'dataset_with_extra_by_yield', 'dataset_with_extra_from_classic_operator' retrieved from /home/ubuntu/customer_churn_youtube_venv/lib/python3.12/site-packages/airflow/example_dags/example_outlet_event_extra.py
[2025-03-26T17:15:48.973+0000] {logging_mixin.py:190} INFO - [2025-03-26T17:15:48.973+0000] {dag.py:3239} INFO - Sync 3 DAGs
[2025-03-26T17:15:48.992+0000] {logging_mixin.py:190} INFO - [2025-03-26T17:15:48.992+0000] {dag.py:4180} INFO - Setting next_dagrun for dataset_with_extra_by_context to 2025-03-25 00:00:00+00:00, run_after=2025-03-26 00:00:00+00:00
[2025-03-26T17:15:48.996+0000] {logging_mixin.py:190} INFO - [2025-03-26T17:15:48.996+0000] {dag.py:4180} INFO - Setting next_dagrun for dataset_with_extra_by_yield to 2025-03-25 00:00:00+00:00, run_after=2025-03-26 00:00:00+00:00
[2025-03-26T17:15:48.998+0000] {logging_mixin.py:190} INFO - [2025-03-26T17:15:48.998+0000] {dag.py:4180} INFO - Setting next_dagrun for dataset_with_extra_from_classic_operator to 2025-03-25 00:00:00+00:00, run_after=2025-03-26 00:00:00+00:00
[2025-03-26T17:15:49.022+0000] {processor.py:208} INFO - Processing /home/ubuntu/customer_churn_youtube_venv/lib/python3.12/site-packages/airflow/example_dags/example_outlet_event_extra.py took 0.178 seconds
[2025-03-26T17:16:46.920+0000] {processor.py:186} INFO - Started process (PID=6470) to work on /home/ubuntu/customer_churn_youtube_venv/lib/python3.12/site-packages/airflow/example_dags/example_outlet_event_extra.py
[2025-03-26T17:16:46.922+0000] {processor.py:914} INFO - Processing file /home/ubuntu/customer_churn_youtube_venv/lib/python3.12/site-packages/airflow/example_dags/example_outlet_event_extra.py for tasks to queue
[2025-03-26T17:16:46.924+0000] {logging_mixin.py:190} INFO - [2025-03-26T17:16:46.923+0000] {dagbag.py:588} INFO - Filling up the DagBag from /home/ubuntu/customer_churn_youtube_venv/lib/python3.12/site-packages/airflow/example_dags/example_outlet_event_extra.py
[2025-03-26T17:16:47.025+0000] {processor.py:925} INFO - DAG(s) 'dataset_with_extra_by_yield', 'dataset_with_extra_from_classic_operator', 'dataset_with_extra_by_context' retrieved from /home/ubuntu/customer_churn_youtube_venv/lib/python3.12/site-packages/airflow/example_dags/example_outlet_event_extra.py
[2025-03-26T17:16:47.163+0000] {logging_mixin.py:190} INFO - [2025-03-26T17:16:47.163+0000] {dag.py:3239} INFO - Sync 3 DAGs
[2025-03-26T17:16:47.179+0000] {logging_mixin.py:190} INFO - [2025-03-26T17:16:47.179+0000] {dag.py:4180} INFO - Setting next_dagrun for dataset_with_extra_by_context to 2025-03-25 00:00:00+00:00, run_after=2025-03-26 00:00:00+00:00
[2025-03-26T17:16:47.184+0000] {logging_mixin.py:190} INFO - [2025-03-26T17:16:47.184+0000] {dag.py:4180} INFO - Setting next_dagrun for dataset_with_extra_by_yield to 2025-03-25 00:00:00+00:00, run_after=2025-03-26 00:00:00+00:00
[2025-03-26T17:16:47.185+0000] {logging_mixin.py:190} INFO - [2025-03-26T17:16:47.185+0000] {dag.py:4180} INFO - Setting next_dagrun for dataset_with_extra_from_classic_operator to 2025-03-25 00:00:00+00:00, run_after=2025-03-26 00:00:00+00:00
[2025-03-26T17:16:47.206+0000] {processor.py:208} INFO - Processing /home/ubuntu/customer_churn_youtube_venv/lib/python3.12/site-packages/airflow/example_dags/example_outlet_event_extra.py took 0.292 seconds
[2025-03-26T17:17:42.126+0000] {processor.py:186} INFO - Started process (PID=6532) to work on /home/ubuntu/customer_churn_youtube_venv/lib/python3.12/site-packages/airflow/example_dags/example_outlet_event_extra.py
[2025-03-26T17:17:42.127+0000] {processor.py:914} INFO - Processing file /home/ubuntu/customer_churn_youtube_venv/lib/python3.12/site-packages/airflow/example_dags/example_outlet_event_extra.py for tasks to queue
[2025-03-26T17:17:42.129+0000] {logging_mixin.py:190} INFO - [2025-03-26T17:17:42.129+0000] {dagbag.py:588} INFO - Filling up the DagBag from /home/ubuntu/customer_churn_youtube_venv/lib/python3.12/site-packages/airflow/example_dags/example_outlet_event_extra.py
[2025-03-26T17:17:42.349+0000] {processor.py:925} INFO - DAG(s) 'dataset_with_extra_by_yield', 'dataset_with_extra_from_classic_operator', 'dataset_with_extra_by_context' retrieved from /home/ubuntu/customer_churn_youtube_venv/lib/python3.12/site-packages/airflow/example_dags/example_outlet_event_extra.py
[2025-03-26T17:17:42.363+0000] {logging_mixin.py:190} INFO - [2025-03-26T17:17:42.363+0000] {dag.py:3239} INFO - Sync 3 DAGs
[2025-03-26T17:17:42.382+0000] {logging_mixin.py:190} INFO - [2025-03-26T17:17:42.382+0000] {dag.py:4180} INFO - Setting next_dagrun for dataset_with_extra_by_context to 2025-03-25 00:00:00+00:00, run_after=2025-03-26 00:00:00+00:00
[2025-03-26T17:17:42.386+0000] {logging_mixin.py:190} INFO - [2025-03-26T17:17:42.386+0000] {dag.py:4180} INFO - Setting next_dagrun for dataset_with_extra_by_yield to 2025-03-25 00:00:00+00:00, run_after=2025-03-26 00:00:00+00:00
[2025-03-26T17:17:42.389+0000] {logging_mixin.py:190} INFO - [2025-03-26T17:17:42.388+0000] {dag.py:4180} INFO - Setting next_dagrun for dataset_with_extra_from_classic_operator to 2025-03-25 00:00:00+00:00, run_after=2025-03-26 00:00:00+00:00
[2025-03-26T17:17:42.410+0000] {processor.py:208} INFO - Processing /home/ubuntu/customer_churn_youtube_venv/lib/python3.12/site-packages/airflow/example_dags/example_outlet_event_extra.py took 0.291 seconds
[2025-03-26T17:18:32.345+0000] {processor.py:186} INFO - Started process (PID=6584) to work on /home/ubuntu/customer_churn_youtube_venv/lib/python3.12/site-packages/airflow/example_dags/example_outlet_event_extra.py
[2025-03-26T17:18:32.347+0000] {processor.py:914} INFO - Processing file /home/ubuntu/customer_churn_youtube_venv/lib/python3.12/site-packages/airflow/example_dags/example_outlet_event_extra.py for tasks to queue
[2025-03-26T17:18:32.348+0000] {logging_mixin.py:190} INFO - [2025-03-26T17:18:32.348+0000] {dagbag.py:588} INFO - Filling up the DagBag from /home/ubuntu/customer_churn_youtube_venv/lib/python3.12/site-packages/airflow/example_dags/example_outlet_event_extra.py
[2025-03-26T17:18:32.566+0000] {processor.py:925} INFO - DAG(s) 'dataset_with_extra_by_context', 'dataset_with_extra_by_yield', 'dataset_with_extra_from_classic_operator' retrieved from /home/ubuntu/customer_churn_youtube_venv/lib/python3.12/site-packages/airflow/example_dags/example_outlet_event_extra.py
[2025-03-26T17:18:32.610+0000] {logging_mixin.py:190} INFO - [2025-03-26T17:18:32.609+0000] {dag.py:3239} INFO - Sync 3 DAGs
[2025-03-26T17:18:32.645+0000] {logging_mixin.py:190} INFO - [2025-03-26T17:18:32.645+0000] {dag.py:4180} INFO - Setting next_dagrun for dataset_with_extra_by_context to 2025-03-25 00:00:00+00:00, run_after=2025-03-26 00:00:00+00:00
[2025-03-26T17:18:32.649+0000] {logging_mixin.py:190} INFO - [2025-03-26T17:18:32.648+0000] {dag.py:4180} INFO - Setting next_dagrun for dataset_with_extra_by_yield to 2025-03-25 00:00:00+00:00, run_after=2025-03-26 00:00:00+00:00
[2025-03-26T17:18:32.650+0000] {logging_mixin.py:190} INFO - [2025-03-26T17:18:32.650+0000] {dag.py:4180} INFO - Setting next_dagrun for dataset_with_extra_from_classic_operator to 2025-03-25 00:00:00+00:00, run_after=2025-03-26 00:00:00+00:00
[2025-03-26T17:18:32.673+0000] {processor.py:208} INFO - Processing /home/ubuntu/customer_churn_youtube_venv/lib/python3.12/site-packages/airflow/example_dags/example_outlet_event_extra.py took 0.334 seconds
[2025-03-26T17:19:28.148+0000] {processor.py:186} INFO - Started process (PID=6638) to work on /home/ubuntu/customer_churn_youtube_venv/lib/python3.12/site-packages/airflow/example_dags/example_outlet_event_extra.py
[2025-03-26T17:19:28.151+0000] {processor.py:914} INFO - Processing file /home/ubuntu/customer_churn_youtube_venv/lib/python3.12/site-packages/airflow/example_dags/example_outlet_event_extra.py for tasks to queue
[2025-03-26T17:19:28.153+0000] {logging_mixin.py:190} INFO - [2025-03-26T17:19:28.152+0000] {dagbag.py:588} INFO - Filling up the DagBag from /home/ubuntu/customer_churn_youtube_venv/lib/python3.12/site-packages/airflow/example_dags/example_outlet_event_extra.py
[2025-03-26T17:19:28.369+0000] {processor.py:925} INFO - DAG(s) 'dataset_with_extra_by_context', 'dataset_with_extra_by_yield', 'dataset_with_extra_from_classic_operator' retrieved from /home/ubuntu/customer_churn_youtube_venv/lib/python3.12/site-packages/airflow/example_dags/example_outlet_event_extra.py
[2025-03-26T17:19:28.384+0000] {logging_mixin.py:190} INFO - [2025-03-26T17:19:28.384+0000] {dag.py:3239} INFO - Sync 3 DAGs
[2025-03-26T17:19:28.400+0000] {logging_mixin.py:190} INFO - [2025-03-26T17:19:28.400+0000] {dag.py:4180} INFO - Setting next_dagrun for dataset_with_extra_by_context to 2025-03-25 00:00:00+00:00, run_after=2025-03-26 00:00:00+00:00
[2025-03-26T17:19:28.404+0000] {logging_mixin.py:190} INFO - [2025-03-26T17:19:28.404+0000] {dag.py:4180} INFO - Setting next_dagrun for dataset_with_extra_by_yield to 2025-03-25 00:00:00+00:00, run_after=2025-03-26 00:00:00+00:00
[2025-03-26T17:19:28.405+0000] {logging_mixin.py:190} INFO - [2025-03-26T17:19:28.405+0000] {dag.py:4180} INFO - Setting next_dagrun for dataset_with_extra_from_classic_operator to 2025-03-25 00:00:00+00:00, run_after=2025-03-26 00:00:00+00:00
[2025-03-26T17:19:28.429+0000] {processor.py:208} INFO - Processing /home/ubuntu/customer_churn_youtube_venv/lib/python3.12/site-packages/airflow/example_dags/example_outlet_event_extra.py took 0.286 seconds
[2025-03-26T17:20:29.457+0000] {processor.py:186} INFO - Started process (PID=6702) to work on /home/ubuntu/customer_churn_youtube_venv/lib/python3.12/site-packages/airflow/example_dags/example_outlet_event_extra.py
[2025-03-26T17:20:29.458+0000] {processor.py:914} INFO - Processing file /home/ubuntu/customer_churn_youtube_venv/lib/python3.12/site-packages/airflow/example_dags/example_outlet_event_extra.py for tasks to queue
[2025-03-26T17:20:29.462+0000] {logging_mixin.py:190} INFO - [2025-03-26T17:20:29.461+0000] {dagbag.py:588} INFO - Filling up the DagBag from /home/ubuntu/customer_churn_youtube_venv/lib/python3.12/site-packages/airflow/example_dags/example_outlet_event_extra.py
[2025-03-26T17:20:29.563+0000] {processor.py:925} INFO - DAG(s) 'dataset_with_extra_from_classic_operator', 'dataset_with_extra_by_yield', 'dataset_with_extra_by_context' retrieved from /home/ubuntu/customer_churn_youtube_venv/lib/python3.12/site-packages/airflow/example_dags/example_outlet_event_extra.py
[2025-03-26T17:20:29.582+0000] {logging_mixin.py:190} INFO - [2025-03-26T17:20:29.582+0000] {dag.py:3239} INFO - Sync 3 DAGs
[2025-03-26T17:20:29.602+0000] {logging_mixin.py:190} INFO - [2025-03-26T17:20:29.602+0000] {dag.py:4180} INFO - Setting next_dagrun for dataset_with_extra_by_context to 2025-03-25 00:00:00+00:00, run_after=2025-03-26 00:00:00+00:00
[2025-03-26T17:20:29.605+0000] {logging_mixin.py:190} INFO - [2025-03-26T17:20:29.605+0000] {dag.py:4180} INFO - Setting next_dagrun for dataset_with_extra_by_yield to 2025-03-25 00:00:00+00:00, run_after=2025-03-26 00:00:00+00:00
[2025-03-26T17:20:29.608+0000] {logging_mixin.py:190} INFO - [2025-03-26T17:20:29.608+0000] {dag.py:4180} INFO - Setting next_dagrun for dataset_with_extra_from_classic_operator to 2025-03-25 00:00:00+00:00, run_after=2025-03-26 00:00:00+00:00
[2025-03-26T17:20:29.632+0000] {processor.py:208} INFO - Processing /home/ubuntu/customer_churn_youtube_venv/lib/python3.12/site-packages/airflow/example_dags/example_outlet_event_extra.py took 0.181 seconds
[2025-03-26T17:21:21.508+0000] {processor.py:186} INFO - Started process (PID=6757) to work on /home/ubuntu/customer_churn_youtube_venv/lib/python3.12/site-packages/airflow/example_dags/example_outlet_event_extra.py
[2025-03-26T17:21:21.510+0000] {processor.py:914} INFO - Processing file /home/ubuntu/customer_churn_youtube_venv/lib/python3.12/site-packages/airflow/example_dags/example_outlet_event_extra.py for tasks to queue
[2025-03-26T17:21:21.512+0000] {logging_mixin.py:190} INFO - [2025-03-26T17:21:21.512+0000] {dagbag.py:588} INFO - Filling up the DagBag from /home/ubuntu/customer_churn_youtube_venv/lib/python3.12/site-packages/airflow/example_dags/example_outlet_event_extra.py
[2025-03-26T17:21:21.615+0000] {processor.py:925} INFO - DAG(s) 'dataset_with_extra_from_classic_operator', 'dataset_with_extra_by_context', 'dataset_with_extra_by_yield' retrieved from /home/ubuntu/customer_churn_youtube_venv/lib/python3.12/site-packages/airflow/example_dags/example_outlet_event_extra.py
[2025-03-26T17:21:21.633+0000] {logging_mixin.py:190} INFO - [2025-03-26T17:21:21.633+0000] {dag.py:3239} INFO - Sync 3 DAGs
[2025-03-26T17:21:21.653+0000] {logging_mixin.py:190} INFO - [2025-03-26T17:21:21.653+0000] {dag.py:4180} INFO - Setting next_dagrun for dataset_with_extra_by_context to 2025-03-25 00:00:00+00:00, run_after=2025-03-26 00:00:00+00:00
[2025-03-26T17:21:21.657+0000] {logging_mixin.py:190} INFO - [2025-03-26T17:21:21.657+0000] {dag.py:4180} INFO - Setting next_dagrun for dataset_with_extra_by_yield to 2025-03-25 00:00:00+00:00, run_after=2025-03-26 00:00:00+00:00
[2025-03-26T17:21:21.659+0000] {logging_mixin.py:190} INFO - [2025-03-26T17:21:21.658+0000] {dag.py:4180} INFO - Setting next_dagrun for dataset_with_extra_from_classic_operator to 2025-03-25 00:00:00+00:00, run_after=2025-03-26 00:00:00+00:00
[2025-03-26T17:21:21.681+0000] {processor.py:208} INFO - Processing /home/ubuntu/customer_churn_youtube_venv/lib/python3.12/site-packages/airflow/example_dags/example_outlet_event_extra.py took 0.179 seconds
[2025-03-26T17:22:13.329+0000] {processor.py:186} INFO - Started process (PID=6811) to work on /home/ubuntu/customer_churn_youtube_venv/lib/python3.12/site-packages/airflow/example_dags/example_outlet_event_extra.py
[2025-03-26T17:22:13.331+0000] {processor.py:914} INFO - Processing file /home/ubuntu/customer_churn_youtube_venv/lib/python3.12/site-packages/airflow/example_dags/example_outlet_event_extra.py for tasks to queue
[2025-03-26T17:22:13.333+0000] {logging_mixin.py:190} INFO - [2025-03-26T17:22:13.333+0000] {dagbag.py:588} INFO - Filling up the DagBag from /home/ubuntu/customer_churn_youtube_venv/lib/python3.12/site-packages/airflow/example_dags/example_outlet_event_extra.py
[2025-03-26T17:22:13.434+0000] {processor.py:925} INFO - DAG(s) 'dataset_with_extra_from_classic_operator', 'dataset_with_extra_by_context', 'dataset_with_extra_by_yield' retrieved from /home/ubuntu/customer_churn_youtube_venv/lib/python3.12/site-packages/airflow/example_dags/example_outlet_event_extra.py
[2025-03-26T17:22:13.454+0000] {logging_mixin.py:190} INFO - [2025-03-26T17:22:13.454+0000] {dag.py:3239} INFO - Sync 3 DAGs
[2025-03-26T17:22:13.474+0000] {logging_mixin.py:190} INFO - [2025-03-26T17:22:13.473+0000] {dag.py:4180} INFO - Setting next_dagrun for dataset_with_extra_by_context to 2025-03-25 00:00:00+00:00, run_after=2025-03-26 00:00:00+00:00
[2025-03-26T17:22:13.478+0000] {logging_mixin.py:190} INFO - [2025-03-26T17:22:13.478+0000] {dag.py:4180} INFO - Setting next_dagrun for dataset_with_extra_by_yield to 2025-03-25 00:00:00+00:00, run_after=2025-03-26 00:00:00+00:00
[2025-03-26T17:22:13.479+0000] {logging_mixin.py:190} INFO - [2025-03-26T17:22:13.479+0000] {dag.py:4180} INFO - Setting next_dagrun for dataset_with_extra_from_classic_operator to 2025-03-25 00:00:00+00:00, run_after=2025-03-26 00:00:00+00:00
[2025-03-26T17:22:13.501+0000] {processor.py:208} INFO - Processing /home/ubuntu/customer_churn_youtube_venv/lib/python3.12/site-packages/airflow/example_dags/example_outlet_event_extra.py took 0.178 seconds
[2025-03-26T17:23:05.759+0000] {processor.py:186} INFO - Started process (PID=6863) to work on /home/ubuntu/customer_churn_youtube_venv/lib/python3.12/site-packages/airflow/example_dags/example_outlet_event_extra.py
[2025-03-26T17:23:05.761+0000] {processor.py:914} INFO - Processing file /home/ubuntu/customer_churn_youtube_venv/lib/python3.12/site-packages/airflow/example_dags/example_outlet_event_extra.py for tasks to queue
[2025-03-26T17:23:05.763+0000] {logging_mixin.py:190} INFO - [2025-03-26T17:23:05.762+0000] {dagbag.py:588} INFO - Filling up the DagBag from /home/ubuntu/customer_churn_youtube_venv/lib/python3.12/site-packages/airflow/example_dags/example_outlet_event_extra.py
[2025-03-26T17:23:05.865+0000] {processor.py:925} INFO - DAG(s) 'dataset_with_extra_from_classic_operator', 'dataset_with_extra_by_context', 'dataset_with_extra_by_yield' retrieved from /home/ubuntu/customer_churn_youtube_venv/lib/python3.12/site-packages/airflow/example_dags/example_outlet_event_extra.py
[2025-03-26T17:23:05.884+0000] {logging_mixin.py:190} INFO - [2025-03-26T17:23:05.883+0000] {dag.py:3239} INFO - Sync 3 DAGs
[2025-03-26T17:23:05.905+0000] {logging_mixin.py:190} INFO - [2025-03-26T17:23:05.904+0000] {dag.py:4180} INFO - Setting next_dagrun for dataset_with_extra_by_context to 2025-03-25 00:00:00+00:00, run_after=2025-03-26 00:00:00+00:00
[2025-03-26T17:23:05.909+0000] {logging_mixin.py:190} INFO - [2025-03-26T17:23:05.908+0000] {dag.py:4180} INFO - Setting next_dagrun for dataset_with_extra_by_yield to 2025-03-25 00:00:00+00:00, run_after=2025-03-26 00:00:00+00:00
[2025-03-26T17:23:05.911+0000] {logging_mixin.py:190} INFO - [2025-03-26T17:23:05.910+0000] {dag.py:4180} INFO - Setting next_dagrun for dataset_with_extra_from_classic_operator to 2025-03-25 00:00:00+00:00, run_after=2025-03-26 00:00:00+00:00
[2025-03-26T17:23:05.934+0000] {processor.py:208} INFO - Processing /home/ubuntu/customer_churn_youtube_venv/lib/python3.12/site-packages/airflow/example_dags/example_outlet_event_extra.py took 0.181 seconds
[2025-03-26T17:23:59.056+0000] {processor.py:186} INFO - Started process (PID=6917) to work on /home/ubuntu/customer_churn_youtube_venv/lib/python3.12/site-packages/airflow/example_dags/example_outlet_event_extra.py
[2025-03-26T17:23:59.058+0000] {processor.py:914} INFO - Processing file /home/ubuntu/customer_churn_youtube_venv/lib/python3.12/site-packages/airflow/example_dags/example_outlet_event_extra.py for tasks to queue
[2025-03-26T17:23:59.061+0000] {logging_mixin.py:190} INFO - [2025-03-26T17:23:59.061+0000] {dagbag.py:588} INFO - Filling up the DagBag from /home/ubuntu/customer_churn_youtube_venv/lib/python3.12/site-packages/airflow/example_dags/example_outlet_event_extra.py
[2025-03-26T17:23:59.159+0000] {processor.py:925} INFO - DAG(s) 'dataset_with_extra_by_context', 'dataset_with_extra_from_classic_operator', 'dataset_with_extra_by_yield' retrieved from /home/ubuntu/customer_churn_youtube_venv/lib/python3.12/site-packages/airflow/example_dags/example_outlet_event_extra.py
[2025-03-26T17:23:59.178+0000] {logging_mixin.py:190} INFO - [2025-03-26T17:23:59.178+0000] {dag.py:3239} INFO - Sync 3 DAGs
[2025-03-26T17:23:59.197+0000] {logging_mixin.py:190} INFO - [2025-03-26T17:23:59.197+0000] {dag.py:4180} INFO - Setting next_dagrun for dataset_with_extra_by_context to 2025-03-25 00:00:00+00:00, run_after=2025-03-26 00:00:00+00:00
[2025-03-26T17:23:59.201+0000] {logging_mixin.py:190} INFO - [2025-03-26T17:23:59.200+0000] {dag.py:4180} INFO - Setting next_dagrun for dataset_with_extra_by_yield to 2025-03-25 00:00:00+00:00, run_after=2025-03-26 00:00:00+00:00
[2025-03-26T17:23:59.202+0000] {logging_mixin.py:190} INFO - [2025-03-26T17:23:59.202+0000] {dag.py:4180} INFO - Setting next_dagrun for dataset_with_extra_from_classic_operator to 2025-03-25 00:00:00+00:00, run_after=2025-03-26 00:00:00+00:00
[2025-03-26T17:23:59.227+0000] {processor.py:208} INFO - Processing /home/ubuntu/customer_churn_youtube_venv/lib/python3.12/site-packages/airflow/example_dags/example_outlet_event_extra.py took 0.176 seconds
[2025-03-26T17:24:50.654+0000] {processor.py:186} INFO - Started process (PID=6970) to work on /home/ubuntu/customer_churn_youtube_venv/lib/python3.12/site-packages/airflow/example_dags/example_outlet_event_extra.py
[2025-03-26T17:24:50.656+0000] {processor.py:914} INFO - Processing file /home/ubuntu/customer_churn_youtube_venv/lib/python3.12/site-packages/airflow/example_dags/example_outlet_event_extra.py for tasks to queue
[2025-03-26T17:24:50.658+0000] {logging_mixin.py:190} INFO - [2025-03-26T17:24:50.657+0000] {dagbag.py:588} INFO - Filling up the DagBag from /home/ubuntu/customer_churn_youtube_venv/lib/python3.12/site-packages/airflow/example_dags/example_outlet_event_extra.py
[2025-03-26T17:24:50.759+0000] {processor.py:925} INFO - DAG(s) 'dataset_with_extra_by_context', 'dataset_with_extra_from_classic_operator', 'dataset_with_extra_by_yield' retrieved from /home/ubuntu/customer_churn_youtube_venv/lib/python3.12/site-packages/airflow/example_dags/example_outlet_event_extra.py
[2025-03-26T17:24:50.779+0000] {logging_mixin.py:190} INFO - [2025-03-26T17:24:50.778+0000] {dag.py:3239} INFO - Sync 3 DAGs
[2025-03-26T17:24:50.798+0000] {logging_mixin.py:190} INFO - [2025-03-26T17:24:50.798+0000] {dag.py:4180} INFO - Setting next_dagrun for dataset_with_extra_by_context to 2025-03-25 00:00:00+00:00, run_after=2025-03-26 00:00:00+00:00
[2025-03-26T17:24:50.801+0000] {logging_mixin.py:190} INFO - [2025-03-26T17:24:50.801+0000] {dag.py:4180} INFO - Setting next_dagrun for dataset_with_extra_by_yield to 2025-03-25 00:00:00+00:00, run_after=2025-03-26 00:00:00+00:00
[2025-03-26T17:24:50.803+0000] {logging_mixin.py:190} INFO - [2025-03-26T17:24:50.803+0000] {dag.py:4180} INFO - Setting next_dagrun for dataset_with_extra_from_classic_operator to 2025-03-25 00:00:00+00:00, run_after=2025-03-26 00:00:00+00:00
[2025-03-26T17:24:50.825+0000] {processor.py:208} INFO - Processing /home/ubuntu/customer_churn_youtube_venv/lib/python3.12/site-packages/airflow/example_dags/example_outlet_event_extra.py took 0.177 seconds
[2025-03-26T17:25:41.006+0000] {processor.py:186} INFO - Started process (PID=7028) to work on /home/ubuntu/customer_churn_youtube_venv/lib/python3.12/site-packages/airflow/example_dags/example_outlet_event_extra.py
[2025-03-26T17:25:41.007+0000] {processor.py:914} INFO - Processing file /home/ubuntu/customer_churn_youtube_venv/lib/python3.12/site-packages/airflow/example_dags/example_outlet_event_extra.py for tasks to queue
[2025-03-26T17:25:41.009+0000] {logging_mixin.py:190} INFO - [2025-03-26T17:25:41.009+0000] {dagbag.py:588} INFO - Filling up the DagBag from /home/ubuntu/customer_churn_youtube_venv/lib/python3.12/site-packages/airflow/example_dags/example_outlet_event_extra.py
[2025-03-26T17:25:41.111+0000] {processor.py:925} INFO - DAG(s) 'dataset_with_extra_from_classic_operator', 'dataset_with_extra_by_yield', 'dataset_with_extra_by_context' retrieved from /home/ubuntu/customer_churn_youtube_venv/lib/python3.12/site-packages/airflow/example_dags/example_outlet_event_extra.py
[2025-03-26T17:25:41.129+0000] {logging_mixin.py:190} INFO - [2025-03-26T17:25:41.128+0000] {dag.py:3239} INFO - Sync 3 DAGs
[2025-03-26T17:25:41.150+0000] {logging_mixin.py:190} INFO - [2025-03-26T17:25:41.149+0000] {dag.py:4180} INFO - Setting next_dagrun for dataset_with_extra_by_context to 2025-03-25 00:00:00+00:00, run_after=2025-03-26 00:00:00+00:00
[2025-03-26T17:25:41.153+0000] {logging_mixin.py:190} INFO - [2025-03-26T17:25:41.153+0000] {dag.py:4180} INFO - Setting next_dagrun for dataset_with_extra_by_yield to 2025-03-25 00:00:00+00:00, run_after=2025-03-26 00:00:00+00:00
[2025-03-26T17:25:41.155+0000] {logging_mixin.py:190} INFO - [2025-03-26T17:25:41.154+0000] {dag.py:4180} INFO - Setting next_dagrun for dataset_with_extra_from_classic_operator to 2025-03-25 00:00:00+00:00, run_after=2025-03-26 00:00:00+00:00
[2025-03-26T17:25:41.180+0000] {processor.py:208} INFO - Processing /home/ubuntu/customer_churn_youtube_venv/lib/python3.12/site-packages/airflow/example_dags/example_outlet_event_extra.py took 0.180 seconds
[2025-03-26T17:26:30.467+0000] {processor.py:186} INFO - Started process (PID=7079) to work on /home/ubuntu/customer_churn_youtube_venv/lib/python3.12/site-packages/airflow/example_dags/example_outlet_event_extra.py
[2025-03-26T17:26:30.469+0000] {processor.py:914} INFO - Processing file /home/ubuntu/customer_churn_youtube_venv/lib/python3.12/site-packages/airflow/example_dags/example_outlet_event_extra.py for tasks to queue
[2025-03-26T17:26:30.471+0000] {logging_mixin.py:190} INFO - [2025-03-26T17:26:30.471+0000] {dagbag.py:588} INFO - Filling up the DagBag from /home/ubuntu/customer_churn_youtube_venv/lib/python3.12/site-packages/airflow/example_dags/example_outlet_event_extra.py
[2025-03-26T17:26:30.572+0000] {processor.py:925} INFO - DAG(s) 'dataset_with_extra_by_context', 'dataset_with_extra_from_classic_operator', 'dataset_with_extra_by_yield' retrieved from /home/ubuntu/customer_churn_youtube_venv/lib/python3.12/site-packages/airflow/example_dags/example_outlet_event_extra.py
[2025-03-26T17:26:30.590+0000] {logging_mixin.py:190} INFO - [2025-03-26T17:26:30.589+0000] {dag.py:3239} INFO - Sync 3 DAGs
[2025-03-26T17:26:30.609+0000] {logging_mixin.py:190} INFO - [2025-03-26T17:26:30.609+0000] {dag.py:4180} INFO - Setting next_dagrun for dataset_with_extra_by_context to 2025-03-25 00:00:00+00:00, run_after=2025-03-26 00:00:00+00:00
[2025-03-26T17:26:30.612+0000] {logging_mixin.py:190} INFO - [2025-03-26T17:26:30.612+0000] {dag.py:4180} INFO - Setting next_dagrun for dataset_with_extra_by_yield to 2025-03-25 00:00:00+00:00, run_after=2025-03-26 00:00:00+00:00
[2025-03-26T17:26:30.615+0000] {logging_mixin.py:190} INFO - [2025-03-26T17:26:30.615+0000] {dag.py:4180} INFO - Setting next_dagrun for dataset_with_extra_from_classic_operator to 2025-03-25 00:00:00+00:00, run_after=2025-03-26 00:00:00+00:00
[2025-03-26T17:26:30.638+0000] {processor.py:208} INFO - Processing /home/ubuntu/customer_churn_youtube_venv/lib/python3.12/site-packages/airflow/example_dags/example_outlet_event_extra.py took 0.175 seconds
[2025-03-26T17:27:21.267+0000] {processor.py:186} INFO - Started process (PID=7132) to work on /home/ubuntu/customer_churn_youtube_venv/lib/python3.12/site-packages/airflow/example_dags/example_outlet_event_extra.py
[2025-03-26T17:27:21.268+0000] {processor.py:914} INFO - Processing file /home/ubuntu/customer_churn_youtube_venv/lib/python3.12/site-packages/airflow/example_dags/example_outlet_event_extra.py for tasks to queue
[2025-03-26T17:27:21.270+0000] {logging_mixin.py:190} INFO - [2025-03-26T17:27:21.270+0000] {dagbag.py:588} INFO - Filling up the DagBag from /home/ubuntu/customer_churn_youtube_venv/lib/python3.12/site-packages/airflow/example_dags/example_outlet_event_extra.py
[2025-03-26T17:27:21.368+0000] {processor.py:925} INFO - DAG(s) 'dataset_with_extra_from_classic_operator', 'dataset_with_extra_by_context', 'dataset_with_extra_by_yield' retrieved from /home/ubuntu/customer_churn_youtube_venv/lib/python3.12/site-packages/airflow/example_dags/example_outlet_event_extra.py
[2025-03-26T17:27:21.388+0000] {logging_mixin.py:190} INFO - [2025-03-26T17:27:21.388+0000] {dag.py:3239} INFO - Sync 3 DAGs
[2025-03-26T17:27:21.408+0000] {logging_mixin.py:190} INFO - [2025-03-26T17:27:21.408+0000] {dag.py:4180} INFO - Setting next_dagrun for dataset_with_extra_by_context to 2025-03-25 00:00:00+00:00, run_after=2025-03-26 00:00:00+00:00
[2025-03-26T17:27:21.412+0000] {logging_mixin.py:190} INFO - [2025-03-26T17:27:21.412+0000] {dag.py:4180} INFO - Setting next_dagrun for dataset_with_extra_by_yield to 2025-03-25 00:00:00+00:00, run_after=2025-03-26 00:00:00+00:00
[2025-03-26T17:27:21.414+0000] {logging_mixin.py:190} INFO - [2025-03-26T17:27:21.414+0000] {dag.py:4180} INFO - Setting next_dagrun for dataset_with_extra_from_classic_operator to 2025-03-25 00:00:00+00:00, run_after=2025-03-26 00:00:00+00:00
[2025-03-26T17:27:21.437+0000] {processor.py:208} INFO - Processing /home/ubuntu/customer_churn_youtube_venv/lib/python3.12/site-packages/airflow/example_dags/example_outlet_event_extra.py took 0.176 seconds
[2025-03-26T17:28:11.618+0000] {processor.py:186} INFO - Started process (PID=7230) to work on /home/ubuntu/customer_churn_youtube_venv/lib/python3.12/site-packages/airflow/example_dags/example_outlet_event_extra.py
[2025-03-26T17:28:11.621+0000] {processor.py:914} INFO - Processing file /home/ubuntu/customer_churn_youtube_venv/lib/python3.12/site-packages/airflow/example_dags/example_outlet_event_extra.py for tasks to queue
[2025-03-26T17:28:11.622+0000] {logging_mixin.py:190} INFO - [2025-03-26T17:28:11.622+0000] {dagbag.py:588} INFO - Filling up the DagBag from /home/ubuntu/customer_churn_youtube_venv/lib/python3.12/site-packages/airflow/example_dags/example_outlet_event_extra.py
[2025-03-26T17:28:11.722+0000] {processor.py:925} INFO - DAG(s) 'dataset_with_extra_by_yield', 'dataset_with_extra_from_classic_operator', 'dataset_with_extra_by_context' retrieved from /home/ubuntu/customer_churn_youtube_venv/lib/python3.12/site-packages/airflow/example_dags/example_outlet_event_extra.py
[2025-03-26T17:28:11.740+0000] {logging_mixin.py:190} INFO - [2025-03-26T17:28:11.740+0000] {dag.py:3239} INFO - Sync 3 DAGs
[2025-03-26T17:28:11.762+0000] {logging_mixin.py:190} INFO - [2025-03-26T17:28:11.761+0000] {dag.py:4180} INFO - Setting next_dagrun for dataset_with_extra_by_context to 2025-03-25 00:00:00+00:00, run_after=2025-03-26 00:00:00+00:00
[2025-03-26T17:28:11.766+0000] {logging_mixin.py:190} INFO - [2025-03-26T17:28:11.765+0000] {dag.py:4180} INFO - Setting next_dagrun for dataset_with_extra_by_yield to 2025-03-25 00:00:00+00:00, run_after=2025-03-26 00:00:00+00:00
[2025-03-26T17:28:11.767+0000] {logging_mixin.py:190} INFO - [2025-03-26T17:28:11.767+0000] {dag.py:4180} INFO - Setting next_dagrun for dataset_with_extra_from_classic_operator to 2025-03-25 00:00:00+00:00, run_after=2025-03-26 00:00:00+00:00
[2025-03-26T17:28:11.788+0000] {processor.py:208} INFO - Processing /home/ubuntu/customer_churn_youtube_venv/lib/python3.12/site-packages/airflow/example_dags/example_outlet_event_extra.py took 0.175 seconds
[2025-03-26T17:29:03.258+0000] {processor.py:186} INFO - Started process (PID=7283) to work on /home/ubuntu/customer_churn_youtube_venv/lib/python3.12/site-packages/airflow/example_dags/example_outlet_event_extra.py
[2025-03-26T17:29:03.259+0000] {processor.py:914} INFO - Processing file /home/ubuntu/customer_churn_youtube_venv/lib/python3.12/site-packages/airflow/example_dags/example_outlet_event_extra.py for tasks to queue
[2025-03-26T17:29:03.261+0000] {logging_mixin.py:190} INFO - [2025-03-26T17:29:03.261+0000] {dagbag.py:588} INFO - Filling up the DagBag from /home/ubuntu/customer_churn_youtube_venv/lib/python3.12/site-packages/airflow/example_dags/example_outlet_event_extra.py
[2025-03-26T17:29:03.364+0000] {processor.py:925} INFO - DAG(s) 'dataset_with_extra_by_yield', 'dataset_with_extra_from_classic_operator', 'dataset_with_extra_by_context' retrieved from /home/ubuntu/customer_churn_youtube_venv/lib/python3.12/site-packages/airflow/example_dags/example_outlet_event_extra.py
[2025-03-26T17:29:03.382+0000] {logging_mixin.py:190} INFO - [2025-03-26T17:29:03.382+0000] {dag.py:3239} INFO - Sync 3 DAGs
[2025-03-26T17:29:03.402+0000] {logging_mixin.py:190} INFO - [2025-03-26T17:29:03.402+0000] {dag.py:4180} INFO - Setting next_dagrun for dataset_with_extra_by_context to 2025-03-25 00:00:00+00:00, run_after=2025-03-26 00:00:00+00:00
[2025-03-26T17:29:03.406+0000] {logging_mixin.py:190} INFO - [2025-03-26T17:29:03.405+0000] {dag.py:4180} INFO - Setting next_dagrun for dataset_with_extra_by_yield to 2025-03-25 00:00:00+00:00, run_after=2025-03-26 00:00:00+00:00
[2025-03-26T17:29:03.408+0000] {logging_mixin.py:190} INFO - [2025-03-26T17:29:03.408+0000] {dag.py:4180} INFO - Setting next_dagrun for dataset_with_extra_from_classic_operator to 2025-03-25 00:00:00+00:00, run_after=2025-03-26 00:00:00+00:00
[2025-03-26T17:29:03.433+0000] {processor.py:208} INFO - Processing /home/ubuntu/customer_churn_youtube_venv/lib/python3.12/site-packages/airflow/example_dags/example_outlet_event_extra.py took 0.181 seconds
[2025-03-26T17:29:52.519+0000] {processor.py:186} INFO - Started process (PID=7336) to work on /home/ubuntu/customer_churn_youtube_venv/lib/python3.12/site-packages/airflow/example_dags/example_outlet_event_extra.py
[2025-03-26T17:29:52.521+0000] {processor.py:914} INFO - Processing file /home/ubuntu/customer_churn_youtube_venv/lib/python3.12/site-packages/airflow/example_dags/example_outlet_event_extra.py for tasks to queue
[2025-03-26T17:29:52.523+0000] {logging_mixin.py:190} INFO - [2025-03-26T17:29:52.522+0000] {dagbag.py:588} INFO - Filling up the DagBag from /home/ubuntu/customer_churn_youtube_venv/lib/python3.12/site-packages/airflow/example_dags/example_outlet_event_extra.py
[2025-03-26T17:29:52.631+0000] {processor.py:925} INFO - DAG(s) 'dataset_with_extra_from_classic_operator', 'dataset_with_extra_by_yield', 'dataset_with_extra_by_context' retrieved from /home/ubuntu/customer_churn_youtube_venv/lib/python3.12/site-packages/airflow/example_dags/example_outlet_event_extra.py
[2025-03-26T17:29:52.650+0000] {logging_mixin.py:190} INFO - [2025-03-26T17:29:52.650+0000] {dag.py:3239} INFO - Sync 3 DAGs
[2025-03-26T17:29:52.669+0000] {logging_mixin.py:190} INFO - [2025-03-26T17:29:52.668+0000] {dag.py:4180} INFO - Setting next_dagrun for dataset_with_extra_by_context to 2025-03-25 00:00:00+00:00, run_after=2025-03-26 00:00:00+00:00
[2025-03-26T17:29:52.673+0000] {logging_mixin.py:190} INFO - [2025-03-26T17:29:52.673+0000] {dag.py:4180} INFO - Setting next_dagrun for dataset_with_extra_by_yield to 2025-03-25 00:00:00+00:00, run_after=2025-03-26 00:00:00+00:00
[2025-03-26T17:29:52.675+0000] {logging_mixin.py:190} INFO - [2025-03-26T17:29:52.674+0000] {dag.py:4180} INFO - Setting next_dagrun for dataset_with_extra_from_classic_operator to 2025-03-25 00:00:00+00:00, run_after=2025-03-26 00:00:00+00:00
[2025-03-26T17:29:52.698+0000] {processor.py:208} INFO - Processing /home/ubuntu/customer_churn_youtube_venv/lib/python3.12/site-packages/airflow/example_dags/example_outlet_event_extra.py took 0.186 seconds
[2025-03-26T17:30:42.659+0000] {processor.py:186} INFO - Started process (PID=7392) to work on /home/ubuntu/customer_churn_youtube_venv/lib/python3.12/site-packages/airflow/example_dags/example_outlet_event_extra.py
[2025-03-26T17:30:42.661+0000] {processor.py:914} INFO - Processing file /home/ubuntu/customer_churn_youtube_venv/lib/python3.12/site-packages/airflow/example_dags/example_outlet_event_extra.py for tasks to queue
[2025-03-26T17:30:42.662+0000] {logging_mixin.py:190} INFO - [2025-03-26T17:30:42.662+0000] {dagbag.py:588} INFO - Filling up the DagBag from /home/ubuntu/customer_churn_youtube_venv/lib/python3.12/site-packages/airflow/example_dags/example_outlet_event_extra.py
[2025-03-26T17:30:42.764+0000] {processor.py:925} INFO - DAG(s) 'dataset_with_extra_by_yield', 'dataset_with_extra_from_classic_operator', 'dataset_with_extra_by_context' retrieved from /home/ubuntu/customer_churn_youtube_venv/lib/python3.12/site-packages/airflow/example_dags/example_outlet_event_extra.py
[2025-03-26T17:30:42.782+0000] {logging_mixin.py:190} INFO - [2025-03-26T17:30:42.782+0000] {dag.py:3239} INFO - Sync 3 DAGs
[2025-03-26T17:30:42.804+0000] {logging_mixin.py:190} INFO - [2025-03-26T17:30:42.803+0000] {dag.py:4180} INFO - Setting next_dagrun for dataset_with_extra_by_context to 2025-03-25 00:00:00+00:00, run_after=2025-03-26 00:00:00+00:00
[2025-03-26T17:30:42.808+0000] {logging_mixin.py:190} INFO - [2025-03-26T17:30:42.808+0000] {dag.py:4180} INFO - Setting next_dagrun for dataset_with_extra_by_yield to 2025-03-25 00:00:00+00:00, run_after=2025-03-26 00:00:00+00:00
[2025-03-26T17:30:42.810+0000] {logging_mixin.py:190} INFO - [2025-03-26T17:30:42.810+0000] {dag.py:4180} INFO - Setting next_dagrun for dataset_with_extra_from_classic_operator to 2025-03-25 00:00:00+00:00, run_after=2025-03-26 00:00:00+00:00
[2025-03-26T17:30:42.834+0000] {processor.py:208} INFO - Processing /home/ubuntu/customer_churn_youtube_venv/lib/python3.12/site-packages/airflow/example_dags/example_outlet_event_extra.py took 0.180 seconds
[2025-03-26T17:31:32.860+0000] {processor.py:186} INFO - Started process (PID=7444) to work on /home/ubuntu/customer_churn_youtube_venv/lib/python3.12/site-packages/airflow/example_dags/example_outlet_event_extra.py
[2025-03-26T17:31:32.861+0000] {processor.py:914} INFO - Processing file /home/ubuntu/customer_churn_youtube_venv/lib/python3.12/site-packages/airflow/example_dags/example_outlet_event_extra.py for tasks to queue
[2025-03-26T17:31:32.864+0000] {logging_mixin.py:190} INFO - [2025-03-26T17:31:32.863+0000] {dagbag.py:588} INFO - Filling up the DagBag from /home/ubuntu/customer_churn_youtube_venv/lib/python3.12/site-packages/airflow/example_dags/example_outlet_event_extra.py
[2025-03-26T17:31:32.963+0000] {processor.py:925} INFO - DAG(s) 'dataset_with_extra_by_context', 'dataset_with_extra_by_yield', 'dataset_with_extra_from_classic_operator' retrieved from /home/ubuntu/customer_churn_youtube_venv/lib/python3.12/site-packages/airflow/example_dags/example_outlet_event_extra.py
[2025-03-26T17:31:32.982+0000] {logging_mixin.py:190} INFO - [2025-03-26T17:31:32.981+0000] {dag.py:3239} INFO - Sync 3 DAGs
[2025-03-26T17:31:33.003+0000] {logging_mixin.py:190} INFO - [2025-03-26T17:31:33.002+0000] {dag.py:4180} INFO - Setting next_dagrun for dataset_with_extra_by_context to 2025-03-25 00:00:00+00:00, run_after=2025-03-26 00:00:00+00:00
[2025-03-26T17:31:33.007+0000] {logging_mixin.py:190} INFO - [2025-03-26T17:31:33.007+0000] {dag.py:4180} INFO - Setting next_dagrun for dataset_with_extra_by_yield to 2025-03-25 00:00:00+00:00, run_after=2025-03-26 00:00:00+00:00
[2025-03-26T17:31:33.009+0000] {logging_mixin.py:190} INFO - [2025-03-26T17:31:33.008+0000] {dag.py:4180} INFO - Setting next_dagrun for dataset_with_extra_from_classic_operator to 2025-03-25 00:00:00+00:00, run_after=2025-03-26 00:00:00+00:00
[2025-03-26T17:31:33.032+0000] {processor.py:208} INFO - Processing /home/ubuntu/customer_churn_youtube_venv/lib/python3.12/site-packages/airflow/example_dags/example_outlet_event_extra.py took 0.177 seconds
[2025-03-26T17:32:24.499+0000] {processor.py:186} INFO - Started process (PID=7537) to work on /home/ubuntu/customer_churn_youtube_venv/lib/python3.12/site-packages/airflow/example_dags/example_outlet_event_extra.py
[2025-03-26T17:32:24.501+0000] {processor.py:914} INFO - Processing file /home/ubuntu/customer_churn_youtube_venv/lib/python3.12/site-packages/airflow/example_dags/example_outlet_event_extra.py for tasks to queue
[2025-03-26T17:32:24.503+0000] {logging_mixin.py:190} INFO - [2025-03-26T17:32:24.502+0000] {dagbag.py:588} INFO - Filling up the DagBag from /home/ubuntu/customer_churn_youtube_venv/lib/python3.12/site-packages/airflow/example_dags/example_outlet_event_extra.py
[2025-03-26T17:32:24.604+0000] {processor.py:925} INFO - DAG(s) 'dataset_with_extra_by_yield', 'dataset_with_extra_by_context', 'dataset_with_extra_from_classic_operator' retrieved from /home/ubuntu/customer_churn_youtube_venv/lib/python3.12/site-packages/airflow/example_dags/example_outlet_event_extra.py
[2025-03-26T17:32:24.621+0000] {logging_mixin.py:190} INFO - [2025-03-26T17:32:24.621+0000] {dag.py:3239} INFO - Sync 3 DAGs
[2025-03-26T17:32:24.641+0000] {logging_mixin.py:190} INFO - [2025-03-26T17:32:24.640+0000] {dag.py:4180} INFO - Setting next_dagrun for dataset_with_extra_by_context to 2025-03-25 00:00:00+00:00, run_after=2025-03-26 00:00:00+00:00
[2025-03-26T17:32:24.644+0000] {logging_mixin.py:190} INFO - [2025-03-26T17:32:24.644+0000] {dag.py:4180} INFO - Setting next_dagrun for dataset_with_extra_by_yield to 2025-03-25 00:00:00+00:00, run_after=2025-03-26 00:00:00+00:00
[2025-03-26T17:32:24.646+0000] {logging_mixin.py:190} INFO - [2025-03-26T17:32:24.646+0000] {dag.py:4180} INFO - Setting next_dagrun for dataset_with_extra_from_classic_operator to 2025-03-25 00:00:00+00:00, run_after=2025-03-26 00:00:00+00:00
[2025-03-26T17:32:24.668+0000] {processor.py:208} INFO - Processing /home/ubuntu/customer_churn_youtube_venv/lib/python3.12/site-packages/airflow/example_dags/example_outlet_event_extra.py took 0.175 seconds
[2025-03-26T17:33:15.376+0000] {processor.py:186} INFO - Started process (PID=7591) to work on /home/ubuntu/customer_churn_youtube_venv/lib/python3.12/site-packages/airflow/example_dags/example_outlet_event_extra.py
[2025-03-26T17:33:15.378+0000] {processor.py:914} INFO - Processing file /home/ubuntu/customer_churn_youtube_venv/lib/python3.12/site-packages/airflow/example_dags/example_outlet_event_extra.py for tasks to queue
[2025-03-26T17:33:15.380+0000] {logging_mixin.py:190} INFO - [2025-03-26T17:33:15.380+0000] {dagbag.py:588} INFO - Filling up the DagBag from /home/ubuntu/customer_churn_youtube_venv/lib/python3.12/site-packages/airflow/example_dags/example_outlet_event_extra.py
[2025-03-26T17:33:15.482+0000] {processor.py:925} INFO - DAG(s) 'dataset_with_extra_from_classic_operator', 'dataset_with_extra_by_yield', 'dataset_with_extra_by_context' retrieved from /home/ubuntu/customer_churn_youtube_venv/lib/python3.12/site-packages/airflow/example_dags/example_outlet_event_extra.py
[2025-03-26T17:33:15.503+0000] {logging_mixin.py:190} INFO - [2025-03-26T17:33:15.503+0000] {dag.py:3239} INFO - Sync 3 DAGs
[2025-03-26T17:33:15.522+0000] {logging_mixin.py:190} INFO - [2025-03-26T17:33:15.522+0000] {dag.py:4180} INFO - Setting next_dagrun for dataset_with_extra_by_context to 2025-03-25 00:00:00+00:00, run_after=2025-03-26 00:00:00+00:00
[2025-03-26T17:33:15.526+0000] {logging_mixin.py:190} INFO - [2025-03-26T17:33:15.526+0000] {dag.py:4180} INFO - Setting next_dagrun for dataset_with_extra_by_yield to 2025-03-25 00:00:00+00:00, run_after=2025-03-26 00:00:00+00:00
[2025-03-26T17:33:15.528+0000] {logging_mixin.py:190} INFO - [2025-03-26T17:33:15.528+0000] {dag.py:4180} INFO - Setting next_dagrun for dataset_with_extra_from_classic_operator to 2025-03-25 00:00:00+00:00, run_after=2025-03-26 00:00:00+00:00
[2025-03-26T17:33:15.551+0000] {processor.py:208} INFO - Processing /home/ubuntu/customer_churn_youtube_venv/lib/python3.12/site-packages/airflow/example_dags/example_outlet_event_extra.py took 0.180 seconds
[2025-03-26T17:34:07.323+0000] {processor.py:186} INFO - Started process (PID=7642) to work on /home/ubuntu/customer_churn_youtube_venv/lib/python3.12/site-packages/airflow/example_dags/example_outlet_event_extra.py
[2025-03-26T17:34:07.326+0000] {processor.py:914} INFO - Processing file /home/ubuntu/customer_churn_youtube_venv/lib/python3.12/site-packages/airflow/example_dags/example_outlet_event_extra.py for tasks to queue
[2025-03-26T17:34:07.327+0000] {logging_mixin.py:190} INFO - [2025-03-26T17:34:07.327+0000] {dagbag.py:588} INFO - Filling up the DagBag from /home/ubuntu/customer_churn_youtube_venv/lib/python3.12/site-packages/airflow/example_dags/example_outlet_event_extra.py
[2025-03-26T17:34:07.427+0000] {processor.py:925} INFO - DAG(s) 'dataset_with_extra_by_context', 'dataset_with_extra_by_yield', 'dataset_with_extra_from_classic_operator' retrieved from /home/ubuntu/customer_churn_youtube_venv/lib/python3.12/site-packages/airflow/example_dags/example_outlet_event_extra.py
[2025-03-26T17:34:07.446+0000] {logging_mixin.py:190} INFO - [2025-03-26T17:34:07.445+0000] {dag.py:3239} INFO - Sync 3 DAGs
[2025-03-26T17:34:07.467+0000] {logging_mixin.py:190} INFO - [2025-03-26T17:34:07.466+0000] {dag.py:4180} INFO - Setting next_dagrun for dataset_with_extra_by_context to 2025-03-25 00:00:00+00:00, run_after=2025-03-26 00:00:00+00:00
[2025-03-26T17:34:07.470+0000] {logging_mixin.py:190} INFO - [2025-03-26T17:34:07.470+0000] {dag.py:4180} INFO - Setting next_dagrun for dataset_with_extra_by_yield to 2025-03-25 00:00:00+00:00, run_after=2025-03-26 00:00:00+00:00
[2025-03-26T17:34:07.472+0000] {logging_mixin.py:190} INFO - [2025-03-26T17:34:07.471+0000] {dag.py:4180} INFO - Setting next_dagrun for dataset_with_extra_from_classic_operator to 2025-03-25 00:00:00+00:00, run_after=2025-03-26 00:00:00+00:00
[2025-03-26T17:34:07.496+0000] {processor.py:208} INFO - Processing /home/ubuntu/customer_churn_youtube_venv/lib/python3.12/site-packages/airflow/example_dags/example_outlet_event_extra.py took 0.178 seconds
[2025-03-26T17:34:59.362+0000] {processor.py:186} INFO - Started process (PID=7697) to work on /home/ubuntu/customer_churn_youtube_venv/lib/python3.12/site-packages/airflow/example_dags/example_outlet_event_extra.py
[2025-03-26T17:34:59.364+0000] {processor.py:914} INFO - Processing file /home/ubuntu/customer_churn_youtube_venv/lib/python3.12/site-packages/airflow/example_dags/example_outlet_event_extra.py for tasks to queue
[2025-03-26T17:34:59.366+0000] {logging_mixin.py:190} INFO - [2025-03-26T17:34:59.365+0000] {dagbag.py:588} INFO - Filling up the DagBag from /home/ubuntu/customer_churn_youtube_venv/lib/python3.12/site-packages/airflow/example_dags/example_outlet_event_extra.py
[2025-03-26T17:34:59.468+0000] {processor.py:925} INFO - DAG(s) 'dataset_with_extra_from_classic_operator', 'dataset_with_extra_by_context', 'dataset_with_extra_by_yield' retrieved from /home/ubuntu/customer_churn_youtube_venv/lib/python3.12/site-packages/airflow/example_dags/example_outlet_event_extra.py
[2025-03-26T17:34:59.485+0000] {logging_mixin.py:190} INFO - [2025-03-26T17:34:59.485+0000] {dag.py:3239} INFO - Sync 3 DAGs
[2025-03-26T17:34:59.505+0000] {logging_mixin.py:190} INFO - [2025-03-26T17:34:59.505+0000] {dag.py:4180} INFO - Setting next_dagrun for dataset_with_extra_by_context to 2025-03-25 00:00:00+00:00, run_after=2025-03-26 00:00:00+00:00
[2025-03-26T17:34:59.508+0000] {logging_mixin.py:190} INFO - [2025-03-26T17:34:59.508+0000] {dag.py:4180} INFO - Setting next_dagrun for dataset_with_extra_by_yield to 2025-03-25 00:00:00+00:00, run_after=2025-03-26 00:00:00+00:00
[2025-03-26T17:34:59.511+0000] {logging_mixin.py:190} INFO - [2025-03-26T17:34:59.511+0000] {dag.py:4180} INFO - Setting next_dagrun for dataset_with_extra_from_classic_operator to 2025-03-25 00:00:00+00:00, run_after=2025-03-26 00:00:00+00:00
[2025-03-26T17:34:59.533+0000] {processor.py:208} INFO - Processing /home/ubuntu/customer_churn_youtube_venv/lib/python3.12/site-packages/airflow/example_dags/example_outlet_event_extra.py took 0.177 seconds
[2025-03-26T17:35:52.829+0000] {processor.py:186} INFO - Started process (PID=7757) to work on /home/ubuntu/customer_churn_youtube_venv/lib/python3.12/site-packages/airflow/example_dags/example_outlet_event_extra.py
[2025-03-26T17:35:52.831+0000] {processor.py:914} INFO - Processing file /home/ubuntu/customer_churn_youtube_venv/lib/python3.12/site-packages/airflow/example_dags/example_outlet_event_extra.py for tasks to queue
[2025-03-26T17:35:52.833+0000] {logging_mixin.py:190} INFO - [2025-03-26T17:35:52.833+0000] {dagbag.py:588} INFO - Filling up the DagBag from /home/ubuntu/customer_churn_youtube_venv/lib/python3.12/site-packages/airflow/example_dags/example_outlet_event_extra.py
[2025-03-26T17:35:52.935+0000] {processor.py:925} INFO - DAG(s) 'dataset_with_extra_by_yield', 'dataset_with_extra_from_classic_operator', 'dataset_with_extra_by_context' retrieved from /home/ubuntu/customer_churn_youtube_venv/lib/python3.12/site-packages/airflow/example_dags/example_outlet_event_extra.py
[2025-03-26T17:35:52.956+0000] {logging_mixin.py:190} INFO - [2025-03-26T17:35:52.956+0000] {dag.py:3239} INFO - Sync 3 DAGs
[2025-03-26T17:35:52.975+0000] {logging_mixin.py:190} INFO - [2025-03-26T17:35:52.975+0000] {dag.py:4180} INFO - Setting next_dagrun for dataset_with_extra_by_context to 2025-03-25 00:00:00+00:00, run_after=2025-03-26 00:00:00+00:00
[2025-03-26T17:35:52.979+0000] {logging_mixin.py:190} INFO - [2025-03-26T17:35:52.979+0000] {dag.py:4180} INFO - Setting next_dagrun for dataset_with_extra_by_yield to 2025-03-25 00:00:00+00:00, run_after=2025-03-26 00:00:00+00:00
[2025-03-26T17:35:52.981+0000] {logging_mixin.py:190} INFO - [2025-03-26T17:35:52.981+0000] {dag.py:4180} INFO - Setting next_dagrun for dataset_with_extra_from_classic_operator to 2025-03-25 00:00:00+00:00, run_after=2025-03-26 00:00:00+00:00
[2025-03-26T17:35:53.004+0000] {processor.py:208} INFO - Processing /home/ubuntu/customer_churn_youtube_venv/lib/python3.12/site-packages/airflow/example_dags/example_outlet_event_extra.py took 0.180 seconds
[2025-03-26T17:36:44.809+0000] {processor.py:186} INFO - Started process (PID=7813) to work on /home/ubuntu/customer_churn_youtube_venv/lib/python3.12/site-packages/airflow/example_dags/example_outlet_event_extra.py
[2025-03-26T17:36:44.811+0000] {processor.py:914} INFO - Processing file /home/ubuntu/customer_churn_youtube_venv/lib/python3.12/site-packages/airflow/example_dags/example_outlet_event_extra.py for tasks to queue
[2025-03-26T17:36:44.813+0000] {logging_mixin.py:190} INFO - [2025-03-26T17:36:44.813+0000] {dagbag.py:588} INFO - Filling up the DagBag from /home/ubuntu/customer_churn_youtube_venv/lib/python3.12/site-packages/airflow/example_dags/example_outlet_event_extra.py
[2025-03-26T17:36:44.914+0000] {processor.py:925} INFO - DAG(s) 'dataset_with_extra_by_context', 'dataset_with_extra_by_yield', 'dataset_with_extra_from_classic_operator' retrieved from /home/ubuntu/customer_churn_youtube_venv/lib/python3.12/site-packages/airflow/example_dags/example_outlet_event_extra.py
[2025-03-26T17:36:44.932+0000] {logging_mixin.py:190} INFO - [2025-03-26T17:36:44.932+0000] {dag.py:3239} INFO - Sync 3 DAGs
[2025-03-26T17:36:44.953+0000] {logging_mixin.py:190} INFO - [2025-03-26T17:36:44.953+0000] {dag.py:4180} INFO - Setting next_dagrun for dataset_with_extra_by_context to 2025-03-25 00:00:00+00:00, run_after=2025-03-26 00:00:00+00:00
[2025-03-26T17:36:44.957+0000] {logging_mixin.py:190} INFO - [2025-03-26T17:36:44.957+0000] {dag.py:4180} INFO - Setting next_dagrun for dataset_with_extra_by_yield to 2025-03-25 00:00:00+00:00, run_after=2025-03-26 00:00:00+00:00
[2025-03-26T17:36:44.958+0000] {logging_mixin.py:190} INFO - [2025-03-26T17:36:44.958+0000] {dag.py:4180} INFO - Setting next_dagrun for dataset_with_extra_from_classic_operator to 2025-03-25 00:00:00+00:00, run_after=2025-03-26 00:00:00+00:00
[2025-03-26T17:36:44.981+0000] {processor.py:208} INFO - Processing /home/ubuntu/customer_churn_youtube_venv/lib/python3.12/site-packages/airflow/example_dags/example_outlet_event_extra.py took 0.176 seconds
