[2025-03-26T17:13:42.422+0000] {processor.py:186} INFO - Started process (PID=6286) to work on /home/ubuntu/customer_churn_youtube_venv/lib/python3.12/site-packages/airflow/example_dags/example_sensor_decorator.py
[2025-03-26T17:13:42.423+0000] {processor.py:914} INFO - Processing file /home/ubuntu/customer_churn_youtube_venv/lib/python3.12/site-packages/airflow/example_dags/example_sensor_decorator.py for tasks to queue
[2025-03-26T17:13:42.425+0000] {logging_mixin.py:190} INFO - [2025-03-26T17:13:42.425+0000] {dagbag.py:588} INFO - Filling up the DagBag from /home/ubuntu/customer_churn_youtube_venv/lib/python3.12/site-packages/airflow/example_dags/example_sensor_decorator.py
[2025-03-26T17:13:42.434+0000] {processor.py:925} INFO - DAG(s) 'example_sensor_decorator' retrieved from /home/ubuntu/customer_churn_youtube_venv/lib/python3.12/site-packages/airflow/example_dags/example_sensor_decorator.py
[2025-03-26T17:13:42.536+0000] {logging_mixin.py:190} INFO - [2025-03-26T17:13:42.536+0000] {override.py:1930} INFO - Created Permission View: can edit on DAG:example_sensor_decorator
[2025-03-26T17:13:42.550+0000] {logging_mixin.py:190} INFO - [2025-03-26T17:13:42.550+0000] {override.py:1930} INFO - Created Permission View: can read on DAG:example_sensor_decorator
[2025-03-26T17:13:42.561+0000] {logging_mixin.py:190} INFO - [2025-03-26T17:13:42.560+0000] {override.py:1930} INFO - Created Permission View: can delete on DAG:example_sensor_decorator
[2025-03-26T17:13:42.578+0000] {logging_mixin.py:190} INFO - [2025-03-26T17:13:42.577+0000] {override.py:1930} INFO - Created Permission View: menu access on DAG Run:example_sensor_decorator
[2025-03-26T17:13:42.590+0000] {logging_mixin.py:190} INFO - [2025-03-26T17:13:42.589+0000] {override.py:1930} INFO - Created Permission View: can create on DAG Run:example_sensor_decorator
[2025-03-26T17:13:42.600+0000] {logging_mixin.py:190} INFO - [2025-03-26T17:13:42.600+0000] {override.py:1930} INFO - Created Permission View: can delete on DAG Run:example_sensor_decorator
[2025-03-26T17:13:42.610+0000] {logging_mixin.py:190} INFO - [2025-03-26T17:13:42.610+0000] {override.py:1930} INFO - Created Permission View: can read on DAG Run:example_sensor_decorator
[2025-03-26T17:13:42.611+0000] {logging_mixin.py:190} INFO - [2025-03-26T17:13:42.610+0000] {dag.py:3239} INFO - Sync 1 DAGs
[2025-03-26T17:13:42.620+0000] {logging_mixin.py:190} INFO - [2025-03-26T17:13:42.620+0000] {dag.py:3262} INFO - Creating ORM DAG for example_sensor_decorator
[2025-03-26T17:13:42.621+0000] {logging_mixin.py:190} INFO - [2025-03-26T17:13:42.621+0000] {dag.py:4180} INFO - Setting next_dagrun for example_sensor_decorator to None, run_after=None
[2025-03-26T17:13:42.642+0000] {processor.py:208} INFO - Processing /home/ubuntu/customer_churn_youtube_venv/lib/python3.12/site-packages/airflow/example_dags/example_sensor_decorator.py took 0.225 seconds
[2025-03-26T17:14:46.656+0000] {processor.py:186} INFO - Started process (PID=6343) to work on /home/ubuntu/customer_churn_youtube_venv/lib/python3.12/site-packages/airflow/example_dags/example_sensor_decorator.py
[2025-03-26T17:14:46.658+0000] {processor.py:914} INFO - Processing file /home/ubuntu/customer_churn_youtube_venv/lib/python3.12/site-packages/airflow/example_dags/example_sensor_decorator.py for tasks to queue
[2025-03-26T17:14:46.660+0000] {logging_mixin.py:190} INFO - [2025-03-26T17:14:46.659+0000] {dagbag.py:588} INFO - Filling up the DagBag from /home/ubuntu/customer_churn_youtube_venv/lib/python3.12/site-packages/airflow/example_dags/example_sensor_decorator.py
[2025-03-26T17:14:46.668+0000] {processor.py:925} INFO - DAG(s) 'example_sensor_decorator' retrieved from /home/ubuntu/customer_churn_youtube_venv/lib/python3.12/site-packages/airflow/example_dags/example_sensor_decorator.py
[2025-03-26T17:14:46.684+0000] {logging_mixin.py:190} INFO - [2025-03-26T17:14:46.684+0000] {dag.py:3239} INFO - Sync 1 DAGs
[2025-03-26T17:14:46.695+0000] {logging_mixin.py:190} INFO - [2025-03-26T17:14:46.695+0000] {dag.py:4180} INFO - Setting next_dagrun for example_sensor_decorator to None, run_after=None
[2025-03-26T17:14:46.718+0000] {processor.py:208} INFO - Processing /home/ubuntu/customer_churn_youtube_venv/lib/python3.12/site-packages/airflow/example_dags/example_sensor_decorator.py took 0.067 seconds
[2025-03-26T17:15:46.317+0000] {processor.py:186} INFO - Started process (PID=6410) to work on /home/ubuntu/customer_churn_youtube_venv/lib/python3.12/site-packages/airflow/example_dags/example_sensor_decorator.py
[2025-03-26T17:15:46.320+0000] {processor.py:914} INFO - Processing file /home/ubuntu/customer_churn_youtube_venv/lib/python3.12/site-packages/airflow/example_dags/example_sensor_decorator.py for tasks to queue
[2025-03-26T17:15:46.322+0000] {logging_mixin.py:190} INFO - [2025-03-26T17:15:46.321+0000] {dagbag.py:588} INFO - Filling up the DagBag from /home/ubuntu/customer_churn_youtube_venv/lib/python3.12/site-packages/airflow/example_dags/example_sensor_decorator.py
[2025-03-26T17:15:46.329+0000] {processor.py:925} INFO - DAG(s) 'example_sensor_decorator' retrieved from /home/ubuntu/customer_churn_youtube_venv/lib/python3.12/site-packages/airflow/example_dags/example_sensor_decorator.py
[2025-03-26T17:15:46.344+0000] {logging_mixin.py:190} INFO - [2025-03-26T17:15:46.343+0000] {dag.py:3239} INFO - Sync 1 DAGs
[2025-03-26T17:15:46.355+0000] {logging_mixin.py:190} INFO - [2025-03-26T17:15:46.355+0000] {dag.py:4180} INFO - Setting next_dagrun for example_sensor_decorator to None, run_after=None
[2025-03-26T17:15:46.378+0000] {processor.py:208} INFO - Processing /home/ubuntu/customer_churn_youtube_venv/lib/python3.12/site-packages/airflow/example_dags/example_sensor_decorator.py took 0.066 seconds
[2025-03-26T17:16:43.201+0000] {processor.py:186} INFO - Started process (PID=6467) to work on /home/ubuntu/customer_churn_youtube_venv/lib/python3.12/site-packages/airflow/example_dags/example_sensor_decorator.py
[2025-03-26T17:16:43.202+0000] {processor.py:914} INFO - Processing file /home/ubuntu/customer_churn_youtube_venv/lib/python3.12/site-packages/airflow/example_dags/example_sensor_decorator.py for tasks to queue
[2025-03-26T17:16:43.204+0000] {logging_mixin.py:190} INFO - [2025-03-26T17:16:43.204+0000] {dagbag.py:588} INFO - Filling up the DagBag from /home/ubuntu/customer_churn_youtube_venv/lib/python3.12/site-packages/airflow/example_dags/example_sensor_decorator.py
[2025-03-26T17:16:43.213+0000] {processor.py:925} INFO - DAG(s) 'example_sensor_decorator' retrieved from /home/ubuntu/customer_churn_youtube_venv/lib/python3.12/site-packages/airflow/example_dags/example_sensor_decorator.py
[2025-03-26T17:16:43.227+0000] {logging_mixin.py:190} INFO - [2025-03-26T17:16:43.227+0000] {dag.py:3239} INFO - Sync 1 DAGs
[2025-03-26T17:16:43.238+0000] {logging_mixin.py:190} INFO - [2025-03-26T17:16:43.238+0000] {dag.py:4180} INFO - Setting next_dagrun for example_sensor_decorator to None, run_after=None
[2025-03-26T17:16:43.261+0000] {processor.py:208} INFO - Processing /home/ubuntu/customer_churn_youtube_venv/lib/python3.12/site-packages/airflow/example_dags/example_sensor_decorator.py took 0.066 seconds
[2025-03-26T17:17:39.051+0000] {processor.py:186} INFO - Started process (PID=6529) to work on /home/ubuntu/customer_churn_youtube_venv/lib/python3.12/site-packages/airflow/example_dags/example_sensor_decorator.py
[2025-03-26T17:17:39.052+0000] {processor.py:914} INFO - Processing file /home/ubuntu/customer_churn_youtube_venv/lib/python3.12/site-packages/airflow/example_dags/example_sensor_decorator.py for tasks to queue
[2025-03-26T17:17:39.054+0000] {logging_mixin.py:190} INFO - [2025-03-26T17:17:39.054+0000] {dagbag.py:588} INFO - Filling up the DagBag from /home/ubuntu/customer_churn_youtube_venv/lib/python3.12/site-packages/airflow/example_dags/example_sensor_decorator.py
[2025-03-26T17:17:39.062+0000] {processor.py:925} INFO - DAG(s) 'example_sensor_decorator' retrieved from /home/ubuntu/customer_churn_youtube_venv/lib/python3.12/site-packages/airflow/example_dags/example_sensor_decorator.py
[2025-03-26T17:17:39.077+0000] {logging_mixin.py:190} INFO - [2025-03-26T17:17:39.077+0000] {dag.py:3239} INFO - Sync 1 DAGs
[2025-03-26T17:17:39.089+0000] {logging_mixin.py:190} INFO - [2025-03-26T17:17:39.089+0000] {dag.py:4180} INFO - Setting next_dagrun for example_sensor_decorator to None, run_after=None
[2025-03-26T17:17:39.110+0000] {processor.py:208} INFO - Processing /home/ubuntu/customer_churn_youtube_venv/lib/python3.12/site-packages/airflow/example_dags/example_sensor_decorator.py took 0.065 seconds
[2025-03-26T17:18:29.619+0000] {processor.py:186} INFO - Started process (PID=6581) to work on /home/ubuntu/customer_churn_youtube_venv/lib/python3.12/site-packages/airflow/example_dags/example_sensor_decorator.py
[2025-03-26T17:18:29.621+0000] {processor.py:914} INFO - Processing file /home/ubuntu/customer_churn_youtube_venv/lib/python3.12/site-packages/airflow/example_dags/example_sensor_decorator.py for tasks to queue
[2025-03-26T17:18:29.623+0000] {logging_mixin.py:190} INFO - [2025-03-26T17:18:29.622+0000] {dagbag.py:588} INFO - Filling up the DagBag from /home/ubuntu/customer_churn_youtube_venv/lib/python3.12/site-packages/airflow/example_dags/example_sensor_decorator.py
[2025-03-26T17:18:29.631+0000] {processor.py:925} INFO - DAG(s) 'example_sensor_decorator' retrieved from /home/ubuntu/customer_churn_youtube_venv/lib/python3.12/site-packages/airflow/example_dags/example_sensor_decorator.py
[2025-03-26T17:18:29.646+0000] {logging_mixin.py:190} INFO - [2025-03-26T17:18:29.645+0000] {dag.py:3239} INFO - Sync 1 DAGs
[2025-03-26T17:18:29.657+0000] {logging_mixin.py:190} INFO - [2025-03-26T17:18:29.656+0000] {dag.py:4180} INFO - Setting next_dagrun for example_sensor_decorator to None, run_after=None
[2025-03-26T17:18:29.677+0000] {processor.py:208} INFO - Processing /home/ubuntu/customer_churn_youtube_venv/lib/python3.12/site-packages/airflow/example_dags/example_sensor_decorator.py took 0.064 seconds
[2025-03-26T17:19:24.332+0000] {processor.py:186} INFO - Started process (PID=6635) to work on /home/ubuntu/customer_churn_youtube_venv/lib/python3.12/site-packages/airflow/example_dags/example_sensor_decorator.py
[2025-03-26T17:19:24.334+0000] {processor.py:914} INFO - Processing file /home/ubuntu/customer_churn_youtube_venv/lib/python3.12/site-packages/airflow/example_dags/example_sensor_decorator.py for tasks to queue
[2025-03-26T17:19:24.336+0000] {logging_mixin.py:190} INFO - [2025-03-26T17:19:24.335+0000] {dagbag.py:588} INFO - Filling up the DagBag from /home/ubuntu/customer_churn_youtube_venv/lib/python3.12/site-packages/airflow/example_dags/example_sensor_decorator.py
[2025-03-26T17:19:24.344+0000] {processor.py:925} INFO - DAG(s) 'example_sensor_decorator' retrieved from /home/ubuntu/customer_churn_youtube_venv/lib/python3.12/site-packages/airflow/example_dags/example_sensor_decorator.py
[2025-03-26T17:19:24.359+0000] {logging_mixin.py:190} INFO - [2025-03-26T17:19:24.359+0000] {dag.py:3239} INFO - Sync 1 DAGs
[2025-03-26T17:19:24.481+0000] {logging_mixin.py:190} INFO - [2025-03-26T17:19:24.481+0000] {dag.py:4180} INFO - Setting next_dagrun for example_sensor_decorator to None, run_after=None
[2025-03-26T17:19:24.502+0000] {processor.py:208} INFO - Processing /home/ubuntu/customer_churn_youtube_venv/lib/python3.12/site-packages/airflow/example_dags/example_sensor_decorator.py took 0.175 seconds
[2025-03-26T17:20:25.928+0000] {processor.py:186} INFO - Started process (PID=6699) to work on /home/ubuntu/customer_churn_youtube_venv/lib/python3.12/site-packages/airflow/example_dags/example_sensor_decorator.py
[2025-03-26T17:20:25.930+0000] {processor.py:914} INFO - Processing file /home/ubuntu/customer_churn_youtube_venv/lib/python3.12/site-packages/airflow/example_dags/example_sensor_decorator.py for tasks to queue
[2025-03-26T17:20:25.932+0000] {logging_mixin.py:190} INFO - [2025-03-26T17:20:25.931+0000] {dagbag.py:588} INFO - Filling up the DagBag from /home/ubuntu/customer_churn_youtube_venv/lib/python3.12/site-packages/airflow/example_dags/example_sensor_decorator.py
[2025-03-26T17:20:25.941+0000] {processor.py:925} INFO - DAG(s) 'example_sensor_decorator' retrieved from /home/ubuntu/customer_churn_youtube_venv/lib/python3.12/site-packages/airflow/example_dags/example_sensor_decorator.py
[2025-03-26T17:20:25.955+0000] {logging_mixin.py:190} INFO - [2025-03-26T17:20:25.955+0000] {dag.py:3239} INFO - Sync 1 DAGs
[2025-03-26T17:20:25.968+0000] {logging_mixin.py:190} INFO - [2025-03-26T17:20:25.968+0000] {dag.py:4180} INFO - Setting next_dagrun for example_sensor_decorator to None, run_after=None
[2025-03-26T17:20:25.988+0000] {processor.py:208} INFO - Processing /home/ubuntu/customer_churn_youtube_venv/lib/python3.12/site-packages/airflow/example_dags/example_sensor_decorator.py took 0.066 seconds
[2025-03-26T17:21:18.645+0000] {processor.py:186} INFO - Started process (PID=6754) to work on /home/ubuntu/customer_churn_youtube_venv/lib/python3.12/site-packages/airflow/example_dags/example_sensor_decorator.py
[2025-03-26T17:21:18.647+0000] {processor.py:914} INFO - Processing file /home/ubuntu/customer_churn_youtube_venv/lib/python3.12/site-packages/airflow/example_dags/example_sensor_decorator.py for tasks to queue
[2025-03-26T17:21:18.649+0000] {logging_mixin.py:190} INFO - [2025-03-26T17:21:18.649+0000] {dagbag.py:588} INFO - Filling up the DagBag from /home/ubuntu/customer_churn_youtube_venv/lib/python3.12/site-packages/airflow/example_dags/example_sensor_decorator.py
[2025-03-26T17:21:18.657+0000] {processor.py:925} INFO - DAG(s) 'example_sensor_decorator' retrieved from /home/ubuntu/customer_churn_youtube_venv/lib/python3.12/site-packages/airflow/example_dags/example_sensor_decorator.py
[2025-03-26T17:21:18.672+0000] {logging_mixin.py:190} INFO - [2025-03-26T17:21:18.671+0000] {dag.py:3239} INFO - Sync 1 DAGs
[2025-03-26T17:21:18.684+0000] {logging_mixin.py:190} INFO - [2025-03-26T17:21:18.684+0000] {dag.py:4180} INFO - Setting next_dagrun for example_sensor_decorator to None, run_after=None
[2025-03-26T17:21:18.708+0000] {processor.py:208} INFO - Processing /home/ubuntu/customer_churn_youtube_venv/lib/python3.12/site-packages/airflow/example_dags/example_sensor_decorator.py took 0.068 seconds
[2025-03-26T17:22:11.024+0000] {processor.py:186} INFO - Started process (PID=6808) to work on /home/ubuntu/customer_churn_youtube_venv/lib/python3.12/site-packages/airflow/example_dags/example_sensor_decorator.py
[2025-03-26T17:22:11.025+0000] {processor.py:914} INFO - Processing file /home/ubuntu/customer_churn_youtube_venv/lib/python3.12/site-packages/airflow/example_dags/example_sensor_decorator.py for tasks to queue
[2025-03-26T17:22:11.026+0000] {logging_mixin.py:190} INFO - [2025-03-26T17:22:11.026+0000] {dagbag.py:588} INFO - Filling up the DagBag from /home/ubuntu/customer_churn_youtube_venv/lib/python3.12/site-packages/airflow/example_dags/example_sensor_decorator.py
[2025-03-26T17:22:11.036+0000] {processor.py:925} INFO - DAG(s) 'example_sensor_decorator' retrieved from /home/ubuntu/customer_churn_youtube_venv/lib/python3.12/site-packages/airflow/example_dags/example_sensor_decorator.py
[2025-03-26T17:22:11.050+0000] {logging_mixin.py:190} INFO - [2025-03-26T17:22:11.049+0000] {dag.py:3239} INFO - Sync 1 DAGs
[2025-03-26T17:22:11.061+0000] {logging_mixin.py:190} INFO - [2025-03-26T17:22:11.061+0000] {dag.py:4180} INFO - Setting next_dagrun for example_sensor_decorator to None, run_after=None
[2025-03-26T17:22:11.083+0000] {processor.py:208} INFO - Processing /home/ubuntu/customer_churn_youtube_venv/lib/python3.12/site-packages/airflow/example_dags/example_sensor_decorator.py took 0.065 seconds
[2025-03-26T17:23:03.660+0000] {processor.py:186} INFO - Started process (PID=6860) to work on /home/ubuntu/customer_churn_youtube_venv/lib/python3.12/site-packages/airflow/example_dags/example_sensor_decorator.py
[2025-03-26T17:23:03.661+0000] {processor.py:914} INFO - Processing file /home/ubuntu/customer_churn_youtube_venv/lib/python3.12/site-packages/airflow/example_dags/example_sensor_decorator.py for tasks to queue
[2025-03-26T17:23:03.664+0000] {logging_mixin.py:190} INFO - [2025-03-26T17:23:03.663+0000] {dagbag.py:588} INFO - Filling up the DagBag from /home/ubuntu/customer_churn_youtube_venv/lib/python3.12/site-packages/airflow/example_dags/example_sensor_decorator.py
[2025-03-26T17:23:03.673+0000] {processor.py:925} INFO - DAG(s) 'example_sensor_decorator' retrieved from /home/ubuntu/customer_churn_youtube_venv/lib/python3.12/site-packages/airflow/example_dags/example_sensor_decorator.py
[2025-03-26T17:23:03.687+0000] {logging_mixin.py:190} INFO - [2025-03-26T17:23:03.687+0000] {dag.py:3239} INFO - Sync 1 DAGs
[2025-03-26T17:23:03.700+0000] {logging_mixin.py:190} INFO - [2025-03-26T17:23:03.699+0000] {dag.py:4180} INFO - Setting next_dagrun for example_sensor_decorator to None, run_after=None
[2025-03-26T17:23:03.723+0000] {processor.py:208} INFO - Processing /home/ubuntu/customer_churn_youtube_venv/lib/python3.12/site-packages/airflow/example_dags/example_sensor_decorator.py took 0.068 seconds
[2025-03-26T17:23:55.777+0000] {processor.py:186} INFO - Started process (PID=6914) to work on /home/ubuntu/customer_churn_youtube_venv/lib/python3.12/site-packages/airflow/example_dags/example_sensor_decorator.py
[2025-03-26T17:23:55.778+0000] {processor.py:914} INFO - Processing file /home/ubuntu/customer_churn_youtube_venv/lib/python3.12/site-packages/airflow/example_dags/example_sensor_decorator.py for tasks to queue
[2025-03-26T17:23:55.780+0000] {logging_mixin.py:190} INFO - [2025-03-26T17:23:55.780+0000] {dagbag.py:588} INFO - Filling up the DagBag from /home/ubuntu/customer_churn_youtube_venv/lib/python3.12/site-packages/airflow/example_dags/example_sensor_decorator.py
[2025-03-26T17:23:55.789+0000] {processor.py:925} INFO - DAG(s) 'example_sensor_decorator' retrieved from /home/ubuntu/customer_churn_youtube_venv/lib/python3.12/site-packages/airflow/example_dags/example_sensor_decorator.py
[2025-03-26T17:23:55.804+0000] {logging_mixin.py:190} INFO - [2025-03-26T17:23:55.804+0000] {dag.py:3239} INFO - Sync 1 DAGs
[2025-03-26T17:23:55.817+0000] {logging_mixin.py:190} INFO - [2025-03-26T17:23:55.816+0000] {dag.py:4180} INFO - Setting next_dagrun for example_sensor_decorator to None, run_after=None
[2025-03-26T17:23:55.838+0000] {processor.py:208} INFO - Processing /home/ubuntu/customer_churn_youtube_venv/lib/python3.12/site-packages/airflow/example_dags/example_sensor_decorator.py took 0.067 seconds
[2025-03-26T17:24:47.359+0000] {processor.py:186} INFO - Started process (PID=6967) to work on /home/ubuntu/customer_churn_youtube_venv/lib/python3.12/site-packages/airflow/example_dags/example_sensor_decorator.py
[2025-03-26T17:24:47.361+0000] {processor.py:914} INFO - Processing file /home/ubuntu/customer_churn_youtube_venv/lib/python3.12/site-packages/airflow/example_dags/example_sensor_decorator.py for tasks to queue
[2025-03-26T17:24:47.362+0000] {logging_mixin.py:190} INFO - [2025-03-26T17:24:47.362+0000] {dagbag.py:588} INFO - Filling up the DagBag from /home/ubuntu/customer_churn_youtube_venv/lib/python3.12/site-packages/airflow/example_dags/example_sensor_decorator.py
[2025-03-26T17:24:47.372+0000] {processor.py:925} INFO - DAG(s) 'example_sensor_decorator' retrieved from /home/ubuntu/customer_churn_youtube_venv/lib/python3.12/site-packages/airflow/example_dags/example_sensor_decorator.py
[2025-03-26T17:24:47.386+0000] {logging_mixin.py:190} INFO - [2025-03-26T17:24:47.386+0000] {dag.py:3239} INFO - Sync 1 DAGs
[2025-03-26T17:24:47.398+0000] {logging_mixin.py:190} INFO - [2025-03-26T17:24:47.397+0000] {dag.py:4180} INFO - Setting next_dagrun for example_sensor_decorator to None, run_after=None
[2025-03-26T17:24:47.421+0000] {processor.py:208} INFO - Processing /home/ubuntu/customer_churn_youtube_venv/lib/python3.12/site-packages/airflow/example_dags/example_sensor_decorator.py took 0.067 seconds
[2025-03-26T17:25:38.137+0000] {processor.py:186} INFO - Started process (PID=7025) to work on /home/ubuntu/customer_churn_youtube_venv/lib/python3.12/site-packages/airflow/example_dags/example_sensor_decorator.py
[2025-03-26T17:25:38.139+0000] {processor.py:914} INFO - Processing file /home/ubuntu/customer_churn_youtube_venv/lib/python3.12/site-packages/airflow/example_dags/example_sensor_decorator.py for tasks to queue
[2025-03-26T17:25:38.141+0000] {logging_mixin.py:190} INFO - [2025-03-26T17:25:38.141+0000] {dagbag.py:588} INFO - Filling up the DagBag from /home/ubuntu/customer_churn_youtube_venv/lib/python3.12/site-packages/airflow/example_dags/example_sensor_decorator.py
[2025-03-26T17:25:38.150+0000] {processor.py:925} INFO - DAG(s) 'example_sensor_decorator' retrieved from /home/ubuntu/customer_churn_youtube_venv/lib/python3.12/site-packages/airflow/example_dags/example_sensor_decorator.py
[2025-03-26T17:25:38.165+0000] {logging_mixin.py:190} INFO - [2025-03-26T17:25:38.165+0000] {dag.py:3239} INFO - Sync 1 DAGs
[2025-03-26T17:25:38.177+0000] {logging_mixin.py:190} INFO - [2025-03-26T17:25:38.177+0000] {dag.py:4180} INFO - Setting next_dagrun for example_sensor_decorator to None, run_after=None
[2025-03-26T17:25:38.198+0000] {processor.py:208} INFO - Processing /home/ubuntu/customer_churn_youtube_venv/lib/python3.12/site-packages/airflow/example_dags/example_sensor_decorator.py took 0.066 seconds
[2025-03-26T17:26:26.955+0000] {processor.py:186} INFO - Started process (PID=7076) to work on /home/ubuntu/customer_churn_youtube_venv/lib/python3.12/site-packages/airflow/example_dags/example_sensor_decorator.py
[2025-03-26T17:26:26.957+0000] {processor.py:914} INFO - Processing file /home/ubuntu/customer_churn_youtube_venv/lib/python3.12/site-packages/airflow/example_dags/example_sensor_decorator.py for tasks to queue
[2025-03-26T17:26:26.959+0000] {logging_mixin.py:190} INFO - [2025-03-26T17:26:26.958+0000] {dagbag.py:588} INFO - Filling up the DagBag from /home/ubuntu/customer_churn_youtube_venv/lib/python3.12/site-packages/airflow/example_dags/example_sensor_decorator.py
[2025-03-26T17:26:26.967+0000] {processor.py:925} INFO - DAG(s) 'example_sensor_decorator' retrieved from /home/ubuntu/customer_churn_youtube_venv/lib/python3.12/site-packages/airflow/example_dags/example_sensor_decorator.py
[2025-03-26T17:26:26.983+0000] {logging_mixin.py:190} INFO - [2025-03-26T17:26:26.983+0000] {dag.py:3239} INFO - Sync 1 DAGs
[2025-03-26T17:26:26.995+0000] {logging_mixin.py:190} INFO - [2025-03-26T17:26:26.995+0000] {dag.py:4180} INFO - Setting next_dagrun for example_sensor_decorator to None, run_after=None
[2025-03-26T17:26:27.017+0000] {processor.py:208} INFO - Processing /home/ubuntu/customer_churn_youtube_venv/lib/python3.12/site-packages/airflow/example_dags/example_sensor_decorator.py took 0.067 seconds
[2025-03-26T17:27:17.746+0000] {processor.py:186} INFO - Started process (PID=7129) to work on /home/ubuntu/customer_churn_youtube_venv/lib/python3.12/site-packages/airflow/example_dags/example_sensor_decorator.py
[2025-03-26T17:27:17.748+0000] {processor.py:914} INFO - Processing file /home/ubuntu/customer_churn_youtube_venv/lib/python3.12/site-packages/airflow/example_dags/example_sensor_decorator.py for tasks to queue
[2025-03-26T17:27:17.749+0000] {logging_mixin.py:190} INFO - [2025-03-26T17:27:17.749+0000] {dagbag.py:588} INFO - Filling up the DagBag from /home/ubuntu/customer_churn_youtube_venv/lib/python3.12/site-packages/airflow/example_dags/example_sensor_decorator.py
[2025-03-26T17:27:17.758+0000] {processor.py:925} INFO - DAG(s) 'example_sensor_decorator' retrieved from /home/ubuntu/customer_churn_youtube_venv/lib/python3.12/site-packages/airflow/example_dags/example_sensor_decorator.py
[2025-03-26T17:27:17.772+0000] {logging_mixin.py:190} INFO - [2025-03-26T17:27:17.772+0000] {dag.py:3239} INFO - Sync 1 DAGs
[2025-03-26T17:27:17.784+0000] {logging_mixin.py:190} INFO - [2025-03-26T17:27:17.784+0000] {dag.py:4180} INFO - Setting next_dagrun for example_sensor_decorator to None, run_after=None
[2025-03-26T17:27:17.806+0000] {processor.py:208} INFO - Processing /home/ubuntu/customer_churn_youtube_venv/lib/python3.12/site-packages/airflow/example_dags/example_sensor_decorator.py took 0.066 seconds
[2025-03-26T17:28:08.174+0000] {processor.py:186} INFO - Started process (PID=7227) to work on /home/ubuntu/customer_churn_youtube_venv/lib/python3.12/site-packages/airflow/example_dags/example_sensor_decorator.py
[2025-03-26T17:28:08.175+0000] {processor.py:914} INFO - Processing file /home/ubuntu/customer_churn_youtube_venv/lib/python3.12/site-packages/airflow/example_dags/example_sensor_decorator.py for tasks to queue
[2025-03-26T17:28:08.177+0000] {logging_mixin.py:190} INFO - [2025-03-26T17:28:08.177+0000] {dagbag.py:588} INFO - Filling up the DagBag from /home/ubuntu/customer_churn_youtube_venv/lib/python3.12/site-packages/airflow/example_dags/example_sensor_decorator.py
[2025-03-26T17:28:08.187+0000] {processor.py:925} INFO - DAG(s) 'example_sensor_decorator' retrieved from /home/ubuntu/customer_churn_youtube_venv/lib/python3.12/site-packages/airflow/example_dags/example_sensor_decorator.py
[2025-03-26T17:28:08.202+0000] {logging_mixin.py:190} INFO - [2025-03-26T17:28:08.202+0000] {dag.py:3239} INFO - Sync 1 DAGs
[2025-03-26T17:28:08.214+0000] {logging_mixin.py:190} INFO - [2025-03-26T17:28:08.213+0000] {dag.py:4180} INFO - Setting next_dagrun for example_sensor_decorator to None, run_after=None
[2025-03-26T17:28:08.235+0000] {processor.py:208} INFO - Processing /home/ubuntu/customer_churn_youtube_venv/lib/python3.12/site-packages/airflow/example_dags/example_sensor_decorator.py took 0.067 seconds
[2025-03-26T17:29:00.560+0000] {processor.py:186} INFO - Started process (PID=7280) to work on /home/ubuntu/customer_churn_youtube_venv/lib/python3.12/site-packages/airflow/example_dags/example_sensor_decorator.py
[2025-03-26T17:29:00.561+0000] {processor.py:914} INFO - Processing file /home/ubuntu/customer_churn_youtube_venv/lib/python3.12/site-packages/airflow/example_dags/example_sensor_decorator.py for tasks to queue
[2025-03-26T17:29:00.563+0000] {logging_mixin.py:190} INFO - [2025-03-26T17:29:00.562+0000] {dagbag.py:588} INFO - Filling up the DagBag from /home/ubuntu/customer_churn_youtube_venv/lib/python3.12/site-packages/airflow/example_dags/example_sensor_decorator.py
[2025-03-26T17:29:00.572+0000] {processor.py:925} INFO - DAG(s) 'example_sensor_decorator' retrieved from /home/ubuntu/customer_churn_youtube_venv/lib/python3.12/site-packages/airflow/example_dags/example_sensor_decorator.py
[2025-03-26T17:29:00.586+0000] {logging_mixin.py:190} INFO - [2025-03-26T17:29:00.586+0000] {dag.py:3239} INFO - Sync 1 DAGs
[2025-03-26T17:29:00.598+0000] {logging_mixin.py:190} INFO - [2025-03-26T17:29:00.598+0000] {dag.py:4180} INFO - Setting next_dagrun for example_sensor_decorator to None, run_after=None
[2025-03-26T17:29:00.621+0000] {processor.py:208} INFO - Processing /home/ubuntu/customer_churn_youtube_venv/lib/python3.12/site-packages/airflow/example_dags/example_sensor_decorator.py took 0.067 seconds
[2025-03-26T17:29:49.658+0000] {processor.py:186} INFO - Started process (PID=7333) to work on /home/ubuntu/customer_churn_youtube_venv/lib/python3.12/site-packages/airflow/example_dags/example_sensor_decorator.py
[2025-03-26T17:29:49.659+0000] {processor.py:914} INFO - Processing file /home/ubuntu/customer_churn_youtube_venv/lib/python3.12/site-packages/airflow/example_dags/example_sensor_decorator.py for tasks to queue
[2025-03-26T17:29:49.662+0000] {logging_mixin.py:190} INFO - [2025-03-26T17:29:49.661+0000] {dagbag.py:588} INFO - Filling up the DagBag from /home/ubuntu/customer_churn_youtube_venv/lib/python3.12/site-packages/airflow/example_dags/example_sensor_decorator.py
[2025-03-26T17:29:49.670+0000] {processor.py:925} INFO - DAG(s) 'example_sensor_decorator' retrieved from /home/ubuntu/customer_churn_youtube_venv/lib/python3.12/site-packages/airflow/example_dags/example_sensor_decorator.py
[2025-03-26T17:29:49.685+0000] {logging_mixin.py:190} INFO - [2025-03-26T17:29:49.685+0000] {dag.py:3239} INFO - Sync 1 DAGs
[2025-03-26T17:29:49.696+0000] {logging_mixin.py:190} INFO - [2025-03-26T17:29:49.696+0000] {dag.py:4180} INFO - Setting next_dagrun for example_sensor_decorator to None, run_after=None
[2025-03-26T17:29:49.720+0000] {processor.py:208} INFO - Processing /home/ubuntu/customer_churn_youtube_venv/lib/python3.12/site-packages/airflow/example_dags/example_sensor_decorator.py took 0.067 seconds
[2025-03-26T17:30:39.135+0000] {processor.py:186} INFO - Started process (PID=7389) to work on /home/ubuntu/customer_churn_youtube_venv/lib/python3.12/site-packages/airflow/example_dags/example_sensor_decorator.py
[2025-03-26T17:30:39.137+0000] {processor.py:914} INFO - Processing file /home/ubuntu/customer_churn_youtube_venv/lib/python3.12/site-packages/airflow/example_dags/example_sensor_decorator.py for tasks to queue
[2025-03-26T17:30:39.139+0000] {logging_mixin.py:190} INFO - [2025-03-26T17:30:39.138+0000] {dagbag.py:588} INFO - Filling up the DagBag from /home/ubuntu/customer_churn_youtube_venv/lib/python3.12/site-packages/airflow/example_dags/example_sensor_decorator.py
[2025-03-26T17:30:39.148+0000] {processor.py:925} INFO - DAG(s) 'example_sensor_decorator' retrieved from /home/ubuntu/customer_churn_youtube_venv/lib/python3.12/site-packages/airflow/example_dags/example_sensor_decorator.py
[2025-03-26T17:30:39.162+0000] {logging_mixin.py:190} INFO - [2025-03-26T17:30:39.162+0000] {dag.py:3239} INFO - Sync 1 DAGs
[2025-03-26T17:30:39.174+0000] {logging_mixin.py:190} INFO - [2025-03-26T17:30:39.173+0000] {dag.py:4180} INFO - Setting next_dagrun for example_sensor_decorator to None, run_after=None
[2025-03-26T17:30:39.196+0000] {processor.py:208} INFO - Processing /home/ubuntu/customer_churn_youtube_venv/lib/python3.12/site-packages/airflow/example_dags/example_sensor_decorator.py took 0.066 seconds
[2025-03-26T17:31:29.793+0000] {processor.py:186} INFO - Started process (PID=7441) to work on /home/ubuntu/customer_churn_youtube_venv/lib/python3.12/site-packages/airflow/example_dags/example_sensor_decorator.py
[2025-03-26T17:31:29.796+0000] {processor.py:914} INFO - Processing file /home/ubuntu/customer_churn_youtube_venv/lib/python3.12/site-packages/airflow/example_dags/example_sensor_decorator.py for tasks to queue
[2025-03-26T17:31:29.797+0000] {logging_mixin.py:190} INFO - [2025-03-26T17:31:29.797+0000] {dagbag.py:588} INFO - Filling up the DagBag from /home/ubuntu/customer_churn_youtube_venv/lib/python3.12/site-packages/airflow/example_dags/example_sensor_decorator.py
[2025-03-26T17:31:29.806+0000] {processor.py:925} INFO - DAG(s) 'example_sensor_decorator' retrieved from /home/ubuntu/customer_churn_youtube_venv/lib/python3.12/site-packages/airflow/example_dags/example_sensor_decorator.py
[2025-03-26T17:31:29.822+0000] {logging_mixin.py:190} INFO - [2025-03-26T17:31:29.821+0000] {dag.py:3239} INFO - Sync 1 DAGs
[2025-03-26T17:31:29.833+0000] {logging_mixin.py:190} INFO - [2025-03-26T17:31:29.833+0000] {dag.py:4180} INFO - Setting next_dagrun for example_sensor_decorator to None, run_after=None
[2025-03-26T17:31:29.855+0000] {processor.py:208} INFO - Processing /home/ubuntu/customer_churn_youtube_venv/lib/python3.12/site-packages/airflow/example_dags/example_sensor_decorator.py took 0.067 seconds
[2025-03-26T17:32:21.515+0000] {processor.py:186} INFO - Started process (PID=7534) to work on /home/ubuntu/customer_churn_youtube_venv/lib/python3.12/site-packages/airflow/example_dags/example_sensor_decorator.py
[2025-03-26T17:32:21.516+0000] {processor.py:914} INFO - Processing file /home/ubuntu/customer_churn_youtube_venv/lib/python3.12/site-packages/airflow/example_dags/example_sensor_decorator.py for tasks to queue
[2025-03-26T17:32:21.519+0000] {logging_mixin.py:190} INFO - [2025-03-26T17:32:21.517+0000] {dagbag.py:588} INFO - Filling up the DagBag from /home/ubuntu/customer_churn_youtube_venv/lib/python3.12/site-packages/airflow/example_dags/example_sensor_decorator.py
[2025-03-26T17:32:21.527+0000] {processor.py:925} INFO - DAG(s) 'example_sensor_decorator' retrieved from /home/ubuntu/customer_churn_youtube_venv/lib/python3.12/site-packages/airflow/example_dags/example_sensor_decorator.py
[2025-03-26T17:32:21.541+0000] {logging_mixin.py:190} INFO - [2025-03-26T17:32:21.541+0000] {dag.py:3239} INFO - Sync 1 DAGs
[2025-03-26T17:32:21.553+0000] {logging_mixin.py:190} INFO - [2025-03-26T17:32:21.553+0000] {dag.py:4180} INFO - Setting next_dagrun for example_sensor_decorator to None, run_after=None
[2025-03-26T17:32:21.576+0000] {processor.py:208} INFO - Processing /home/ubuntu/customer_churn_youtube_venv/lib/python3.12/site-packages/airflow/example_dags/example_sensor_decorator.py took 0.067 seconds
[2025-03-26T17:33:13.350+0000] {processor.py:186} INFO - Started process (PID=7588) to work on /home/ubuntu/customer_churn_youtube_venv/lib/python3.12/site-packages/airflow/example_dags/example_sensor_decorator.py
[2025-03-26T17:33:13.351+0000] {processor.py:914} INFO - Processing file /home/ubuntu/customer_churn_youtube_venv/lib/python3.12/site-packages/airflow/example_dags/example_sensor_decorator.py for tasks to queue
[2025-03-26T17:33:13.354+0000] {logging_mixin.py:190} INFO - [2025-03-26T17:33:13.353+0000] {dagbag.py:588} INFO - Filling up the DagBag from /home/ubuntu/customer_churn_youtube_venv/lib/python3.12/site-packages/airflow/example_dags/example_sensor_decorator.py
[2025-03-26T17:33:13.362+0000] {processor.py:925} INFO - DAG(s) 'example_sensor_decorator' retrieved from /home/ubuntu/customer_churn_youtube_venv/lib/python3.12/site-packages/airflow/example_dags/example_sensor_decorator.py
[2025-03-26T17:33:13.378+0000] {logging_mixin.py:190} INFO - [2025-03-26T17:33:13.378+0000] {dag.py:3239} INFO - Sync 1 DAGs
[2025-03-26T17:33:13.390+0000] {logging_mixin.py:190} INFO - [2025-03-26T17:33:13.389+0000] {dag.py:4180} INFO - Setting next_dagrun for example_sensor_decorator to None, run_after=None
[2025-03-26T17:33:13.413+0000] {processor.py:208} INFO - Processing /home/ubuntu/customer_churn_youtube_venv/lib/python3.12/site-packages/airflow/example_dags/example_sensor_decorator.py took 0.067 seconds
[2025-03-26T17:34:04.149+0000] {processor.py:186} INFO - Started process (PID=7639) to work on /home/ubuntu/customer_churn_youtube_venv/lib/python3.12/site-packages/airflow/example_dags/example_sensor_decorator.py
[2025-03-26T17:34:04.151+0000] {processor.py:914} INFO - Processing file /home/ubuntu/customer_churn_youtube_venv/lib/python3.12/site-packages/airflow/example_dags/example_sensor_decorator.py for tasks to queue
[2025-03-26T17:34:04.153+0000] {logging_mixin.py:190} INFO - [2025-03-26T17:34:04.153+0000] {dagbag.py:588} INFO - Filling up the DagBag from /home/ubuntu/customer_churn_youtube_venv/lib/python3.12/site-packages/airflow/example_dags/example_sensor_decorator.py
[2025-03-26T17:34:04.162+0000] {processor.py:925} INFO - DAG(s) 'example_sensor_decorator' retrieved from /home/ubuntu/customer_churn_youtube_venv/lib/python3.12/site-packages/airflow/example_dags/example_sensor_decorator.py
[2025-03-26T17:34:04.177+0000] {logging_mixin.py:190} INFO - [2025-03-26T17:34:04.177+0000] {dag.py:3239} INFO - Sync 1 DAGs
[2025-03-26T17:34:04.189+0000] {logging_mixin.py:190} INFO - [2025-03-26T17:34:04.189+0000] {dag.py:4180} INFO - Setting next_dagrun for example_sensor_decorator to None, run_after=None
[2025-03-26T17:34:04.211+0000] {processor.py:208} INFO - Processing /home/ubuntu/customer_churn_youtube_venv/lib/python3.12/site-packages/airflow/example_dags/example_sensor_decorator.py took 0.068 seconds
[2025-03-26T17:34:55.975+0000] {processor.py:186} INFO - Started process (PID=7694) to work on /home/ubuntu/customer_churn_youtube_venv/lib/python3.12/site-packages/airflow/example_dags/example_sensor_decorator.py
[2025-03-26T17:34:55.976+0000] {processor.py:914} INFO - Processing file /home/ubuntu/customer_churn_youtube_venv/lib/python3.12/site-packages/airflow/example_dags/example_sensor_decorator.py for tasks to queue
[2025-03-26T17:34:55.978+0000] {logging_mixin.py:190} INFO - [2025-03-26T17:34:55.978+0000] {dagbag.py:588} INFO - Filling up the DagBag from /home/ubuntu/customer_churn_youtube_venv/lib/python3.12/site-packages/airflow/example_dags/example_sensor_decorator.py
[2025-03-26T17:34:55.987+0000] {processor.py:925} INFO - DAG(s) 'example_sensor_decorator' retrieved from /home/ubuntu/customer_churn_youtube_venv/lib/python3.12/site-packages/airflow/example_dags/example_sensor_decorator.py
[2025-03-26T17:34:56.002+0000] {logging_mixin.py:190} INFO - [2025-03-26T17:34:56.002+0000] {dag.py:3239} INFO - Sync 1 DAGs
[2025-03-26T17:34:56.014+0000] {logging_mixin.py:190} INFO - [2025-03-26T17:34:56.014+0000] {dag.py:4180} INFO - Setting next_dagrun for example_sensor_decorator to None, run_after=None
[2025-03-26T17:34:56.037+0000] {processor.py:208} INFO - Processing /home/ubuntu/customer_churn_youtube_venv/lib/python3.12/site-packages/airflow/example_dags/example_sensor_decorator.py took 0.068 seconds
[2025-03-26T17:35:49.317+0000] {processor.py:186} INFO - Started process (PID=7754) to work on /home/ubuntu/customer_churn_youtube_venv/lib/python3.12/site-packages/airflow/example_dags/example_sensor_decorator.py
[2025-03-26T17:35:49.318+0000] {processor.py:914} INFO - Processing file /home/ubuntu/customer_churn_youtube_venv/lib/python3.12/site-packages/airflow/example_dags/example_sensor_decorator.py for tasks to queue
[2025-03-26T17:35:49.320+0000] {logging_mixin.py:190} INFO - [2025-03-26T17:35:49.319+0000] {dagbag.py:588} INFO - Filling up the DagBag from /home/ubuntu/customer_churn_youtube_venv/lib/python3.12/site-packages/airflow/example_dags/example_sensor_decorator.py
[2025-03-26T17:35:49.329+0000] {processor.py:925} INFO - DAG(s) 'example_sensor_decorator' retrieved from /home/ubuntu/customer_churn_youtube_venv/lib/python3.12/site-packages/airflow/example_dags/example_sensor_decorator.py
[2025-03-26T17:35:49.344+0000] {logging_mixin.py:190} INFO - [2025-03-26T17:35:49.343+0000] {dag.py:3239} INFO - Sync 1 DAGs
[2025-03-26T17:35:49.356+0000] {logging_mixin.py:190} INFO - [2025-03-26T17:35:49.356+0000] {dag.py:4180} INFO - Setting next_dagrun for example_sensor_decorator to None, run_after=None
[2025-03-26T17:35:49.378+0000] {processor.py:208} INFO - Processing /home/ubuntu/customer_churn_youtube_venv/lib/python3.12/site-packages/airflow/example_dags/example_sensor_decorator.py took 0.067 seconds
[2025-03-26T17:36:41.945+0000] {processor.py:186} INFO - Started process (PID=7810) to work on /home/ubuntu/customer_churn_youtube_venv/lib/python3.12/site-packages/airflow/example_dags/example_sensor_decorator.py
[2025-03-26T17:36:41.946+0000] {processor.py:914} INFO - Processing file /home/ubuntu/customer_churn_youtube_venv/lib/python3.12/site-packages/airflow/example_dags/example_sensor_decorator.py for tasks to queue
[2025-03-26T17:36:41.949+0000] {logging_mixin.py:190} INFO - [2025-03-26T17:36:41.948+0000] {dagbag.py:588} INFO - Filling up the DagBag from /home/ubuntu/customer_churn_youtube_venv/lib/python3.12/site-packages/airflow/example_dags/example_sensor_decorator.py
[2025-03-26T17:36:41.957+0000] {processor.py:925} INFO - DAG(s) 'example_sensor_decorator' retrieved from /home/ubuntu/customer_churn_youtube_venv/lib/python3.12/site-packages/airflow/example_dags/example_sensor_decorator.py
[2025-03-26T17:36:41.973+0000] {logging_mixin.py:190} INFO - [2025-03-26T17:36:41.972+0000] {dag.py:3239} INFO - Sync 1 DAGs
[2025-03-26T17:36:41.984+0000] {logging_mixin.py:190} INFO - [2025-03-26T17:36:41.984+0000] {dag.py:4180} INFO - Setting next_dagrun for example_sensor_decorator to None, run_after=None
[2025-03-26T17:36:42.006+0000] {processor.py:208} INFO - Processing /home/ubuntu/customer_churn_youtube_venv/lib/python3.12/site-packages/airflow/example_dags/example_sensor_decorator.py took 0.066 seconds
