[2025-03-26T17:13:39.749+0000] {processor.py:186} INFO - Started process (PID=6284) to work on /home/ubuntu/customer_churn_youtube_venv/lib/python3.12/site-packages/airflow/example_dags/example_setup_teardown_taskflow.py
[2025-03-26T17:13:39.750+0000] {processor.py:914} INFO - Processing file /home/ubuntu/customer_churn_youtube_venv/lib/python3.12/site-packages/airflow/example_dags/example_setup_teardown_taskflow.py for tasks to queue
[2025-03-26T17:13:39.752+0000] {logging_mixin.py:190} INFO - [2025-03-26T17:13:39.752+0000] {dagbag.py:588} INFO - Filling up the DagBag from /home/ubuntu/customer_churn_youtube_venv/lib/python3.12/site-packages/airflow/example_dags/example_setup_teardown_taskflow.py
[2025-03-26T17:13:39.762+0000] {processor.py:925} INFO - DAG(s) 'example_setup_teardown_taskflow' retrieved from /home/ubuntu/customer_churn_youtube_venv/lib/python3.12/site-packages/airflow/example_dags/example_setup_teardown_taskflow.py
[2025-03-26T17:13:39.886+0000] {logging_mixin.py:190} INFO - [2025-03-26T17:13:39.885+0000] {override.py:1930} INFO - Created Permission View: can edit on DAG:example_setup_teardown_taskflow
[2025-03-26T17:13:39.899+0000] {logging_mixin.py:190} INFO - [2025-03-26T17:13:39.898+0000] {override.py:1930} INFO - Created Permission View: can read on DAG:example_setup_teardown_taskflow
[2025-03-26T17:13:39.908+0000] {logging_mixin.py:190} INFO - [2025-03-26T17:13:39.908+0000] {override.py:1930} INFO - Created Permission View: can delete on DAG:example_setup_teardown_taskflow
[2025-03-26T17:13:39.928+0000] {logging_mixin.py:190} INFO - [2025-03-26T17:13:39.928+0000] {override.py:1930} INFO - Created Permission View: menu access on DAG Run:example_setup_teardown_taskflow
[2025-03-26T17:13:39.937+0000] {logging_mixin.py:190} INFO - [2025-03-26T17:13:39.937+0000] {override.py:1930} INFO - Created Permission View: can create on DAG Run:example_setup_teardown_taskflow
[2025-03-26T17:13:39.948+0000] {logging_mixin.py:190} INFO - [2025-03-26T17:13:39.947+0000] {override.py:1930} INFO - Created Permission View: can delete on DAG Run:example_setup_teardown_taskflow
[2025-03-26T17:13:39.958+0000] {logging_mixin.py:190} INFO - [2025-03-26T17:13:39.958+0000] {override.py:1930} INFO - Created Permission View: can read on DAG Run:example_setup_teardown_taskflow
[2025-03-26T17:13:39.958+0000] {logging_mixin.py:190} INFO - [2025-03-26T17:13:39.958+0000] {dag.py:3239} INFO - Sync 1 DAGs
[2025-03-26T17:13:39.969+0000] {logging_mixin.py:190} INFO - [2025-03-26T17:13:39.968+0000] {dag.py:3262} INFO - Creating ORM DAG for example_setup_teardown_taskflow
[2025-03-26T17:13:39.969+0000] {logging_mixin.py:190} INFO - [2025-03-26T17:13:39.969+0000] {dag.py:4180} INFO - Setting next_dagrun for example_setup_teardown_taskflow to None, run_after=None
[2025-03-26T17:13:39.990+0000] {processor.py:208} INFO - Processing /home/ubuntu/customer_churn_youtube_venv/lib/python3.12/site-packages/airflow/example_dags/example_setup_teardown_taskflow.py took 0.246 seconds
[2025-03-26T17:14:44.685+0000] {processor.py:186} INFO - Started process (PID=6341) to work on /home/ubuntu/customer_churn_youtube_venv/lib/python3.12/site-packages/airflow/example_dags/example_setup_teardown_taskflow.py
[2025-03-26T17:14:44.686+0000] {processor.py:914} INFO - Processing file /home/ubuntu/customer_churn_youtube_venv/lib/python3.12/site-packages/airflow/example_dags/example_setup_teardown_taskflow.py for tasks to queue
[2025-03-26T17:14:44.688+0000] {logging_mixin.py:190} INFO - [2025-03-26T17:14:44.687+0000] {dagbag.py:588} INFO - Filling up the DagBag from /home/ubuntu/customer_churn_youtube_venv/lib/python3.12/site-packages/airflow/example_dags/example_setup_teardown_taskflow.py
[2025-03-26T17:14:44.698+0000] {processor.py:925} INFO - DAG(s) 'example_setup_teardown_taskflow' retrieved from /home/ubuntu/customer_churn_youtube_venv/lib/python3.12/site-packages/airflow/example_dags/example_setup_teardown_taskflow.py
[2025-03-26T17:14:44.715+0000] {logging_mixin.py:190} INFO - [2025-03-26T17:14:44.715+0000] {dag.py:3239} INFO - Sync 1 DAGs
[2025-03-26T17:14:44.727+0000] {logging_mixin.py:190} INFO - [2025-03-26T17:14:44.726+0000] {dag.py:4180} INFO - Setting next_dagrun for example_setup_teardown_taskflow to None, run_after=None
[2025-03-26T17:14:44.749+0000] {processor.py:208} INFO - Processing /home/ubuntu/customer_churn_youtube_venv/lib/python3.12/site-packages/airflow/example_dags/example_setup_teardown_taskflow.py took 0.070 seconds
[2025-03-26T17:15:40.729+0000] {processor.py:186} INFO - Started process (PID=6404) to work on /home/ubuntu/customer_churn_youtube_venv/lib/python3.12/site-packages/airflow/example_dags/example_setup_teardown_taskflow.py
[2025-03-26T17:15:40.730+0000] {processor.py:914} INFO - Processing file /home/ubuntu/customer_churn_youtube_venv/lib/python3.12/site-packages/airflow/example_dags/example_setup_teardown_taskflow.py for tasks to queue
[2025-03-26T17:15:40.732+0000] {logging_mixin.py:190} INFO - [2025-03-26T17:15:40.731+0000] {dagbag.py:588} INFO - Filling up the DagBag from /home/ubuntu/customer_churn_youtube_venv/lib/python3.12/site-packages/airflow/example_dags/example_setup_teardown_taskflow.py
[2025-03-26T17:15:40.743+0000] {processor.py:925} INFO - DAG(s) 'example_setup_teardown_taskflow' retrieved from /home/ubuntu/customer_churn_youtube_venv/lib/python3.12/site-packages/airflow/example_dags/example_setup_teardown_taskflow.py
[2025-03-26T17:15:40.759+0000] {logging_mixin.py:190} INFO - [2025-03-26T17:15:40.759+0000] {dag.py:3239} INFO - Sync 1 DAGs
[2025-03-26T17:15:40.771+0000] {logging_mixin.py:190} INFO - [2025-03-26T17:15:40.771+0000] {dag.py:4180} INFO - Setting next_dagrun for example_setup_teardown_taskflow to None, run_after=None
[2025-03-26T17:15:40.793+0000] {processor.py:208} INFO - Processing /home/ubuntu/customer_churn_youtube_venv/lib/python3.12/site-packages/airflow/example_dags/example_setup_teardown_taskflow.py took 0.070 seconds
[2025-03-26T17:16:41.473+0000] {processor.py:186} INFO - Started process (PID=6465) to work on /home/ubuntu/customer_churn_youtube_venv/lib/python3.12/site-packages/airflow/example_dags/example_setup_teardown_taskflow.py
[2025-03-26T17:16:41.474+0000] {processor.py:914} INFO - Processing file /home/ubuntu/customer_churn_youtube_venv/lib/python3.12/site-packages/airflow/example_dags/example_setup_teardown_taskflow.py for tasks to queue
[2025-03-26T17:16:41.476+0000] {logging_mixin.py:190} INFO - [2025-03-26T17:16:41.475+0000] {dagbag.py:588} INFO - Filling up the DagBag from /home/ubuntu/customer_churn_youtube_venv/lib/python3.12/site-packages/airflow/example_dags/example_setup_teardown_taskflow.py
[2025-03-26T17:16:41.487+0000] {processor.py:925} INFO - DAG(s) 'example_setup_teardown_taskflow' retrieved from /home/ubuntu/customer_churn_youtube_venv/lib/python3.12/site-packages/airflow/example_dags/example_setup_teardown_taskflow.py
[2025-03-26T17:16:41.503+0000] {logging_mixin.py:190} INFO - [2025-03-26T17:16:41.503+0000] {dag.py:3239} INFO - Sync 1 DAGs
[2025-03-26T17:16:41.515+0000] {logging_mixin.py:190} INFO - [2025-03-26T17:16:41.515+0000] {dag.py:4180} INFO - Setting next_dagrun for example_setup_teardown_taskflow to None, run_after=None
[2025-03-26T17:16:41.538+0000] {processor.py:208} INFO - Processing /home/ubuntu/customer_churn_youtube_venv/lib/python3.12/site-packages/airflow/example_dags/example_setup_teardown_taskflow.py took 0.071 seconds
[2025-03-26T17:17:36.769+0000] {processor.py:186} INFO - Started process (PID=6527) to work on /home/ubuntu/customer_churn_youtube_venv/lib/python3.12/site-packages/airflow/example_dags/example_setup_teardown_taskflow.py
[2025-03-26T17:17:36.770+0000] {processor.py:914} INFO - Processing file /home/ubuntu/customer_churn_youtube_venv/lib/python3.12/site-packages/airflow/example_dags/example_setup_teardown_taskflow.py for tasks to queue
[2025-03-26T17:17:36.773+0000] {logging_mixin.py:190} INFO - [2025-03-26T17:17:36.772+0000] {dagbag.py:588} INFO - Filling up the DagBag from /home/ubuntu/customer_churn_youtube_venv/lib/python3.12/site-packages/airflow/example_dags/example_setup_teardown_taskflow.py
[2025-03-26T17:17:36.784+0000] {processor.py:925} INFO - DAG(s) 'example_setup_teardown_taskflow' retrieved from /home/ubuntu/customer_churn_youtube_venv/lib/python3.12/site-packages/airflow/example_dags/example_setup_teardown_taskflow.py
[2025-03-26T17:17:36.799+0000] {logging_mixin.py:190} INFO - [2025-03-26T17:17:36.799+0000] {dag.py:3239} INFO - Sync 1 DAGs
[2025-03-26T17:17:36.811+0000] {logging_mixin.py:190} INFO - [2025-03-26T17:17:36.810+0000] {dag.py:4180} INFO - Setting next_dagrun for example_setup_teardown_taskflow to None, run_after=None
[2025-03-26T17:17:36.833+0000] {processor.py:208} INFO - Processing /home/ubuntu/customer_churn_youtube_venv/lib/python3.12/site-packages/airflow/example_dags/example_setup_teardown_taskflow.py took 0.070 seconds
[2025-03-26T17:18:28.333+0000] {processor.py:186} INFO - Started process (PID=6579) to work on /home/ubuntu/customer_churn_youtube_venv/lib/python3.12/site-packages/airflow/example_dags/example_setup_teardown_taskflow.py
[2025-03-26T17:18:28.335+0000] {processor.py:914} INFO - Processing file /home/ubuntu/customer_churn_youtube_venv/lib/python3.12/site-packages/airflow/example_dags/example_setup_teardown_taskflow.py for tasks to queue
[2025-03-26T17:18:28.337+0000] {logging_mixin.py:190} INFO - [2025-03-26T17:18:28.337+0000] {dagbag.py:588} INFO - Filling up the DagBag from /home/ubuntu/customer_churn_youtube_venv/lib/python3.12/site-packages/airflow/example_dags/example_setup_teardown_taskflow.py
[2025-03-26T17:18:28.347+0000] {processor.py:925} INFO - DAG(s) 'example_setup_teardown_taskflow' retrieved from /home/ubuntu/customer_churn_youtube_venv/lib/python3.12/site-packages/airflow/example_dags/example_setup_teardown_taskflow.py
[2025-03-26T17:18:28.364+0000] {logging_mixin.py:190} INFO - [2025-03-26T17:18:28.363+0000] {dag.py:3239} INFO - Sync 1 DAGs
[2025-03-26T17:18:28.375+0000] {logging_mixin.py:190} INFO - [2025-03-26T17:18:28.375+0000] {dag.py:4180} INFO - Setting next_dagrun for example_setup_teardown_taskflow to None, run_after=None
[2025-03-26T17:18:28.396+0000] {processor.py:208} INFO - Processing /home/ubuntu/customer_churn_youtube_venv/lib/python3.12/site-packages/airflow/example_dags/example_setup_teardown_taskflow.py took 0.068 seconds
[2025-03-26T17:19:21.850+0000] {processor.py:186} INFO - Started process (PID=6633) to work on /home/ubuntu/customer_churn_youtube_venv/lib/python3.12/site-packages/airflow/example_dags/example_setup_teardown_taskflow.py
[2025-03-26T17:19:21.852+0000] {processor.py:914} INFO - Processing file /home/ubuntu/customer_churn_youtube_venv/lib/python3.12/site-packages/airflow/example_dags/example_setup_teardown_taskflow.py for tasks to queue
[2025-03-26T17:19:21.854+0000] {logging_mixin.py:190} INFO - [2025-03-26T17:19:21.854+0000] {dagbag.py:588} INFO - Filling up the DagBag from /home/ubuntu/customer_churn_youtube_venv/lib/python3.12/site-packages/airflow/example_dags/example_setup_teardown_taskflow.py
[2025-03-26T17:19:21.865+0000] {processor.py:925} INFO - DAG(s) 'example_setup_teardown_taskflow' retrieved from /home/ubuntu/customer_churn_youtube_venv/lib/python3.12/site-packages/airflow/example_dags/example_setup_teardown_taskflow.py
[2025-03-26T17:19:21.997+0000] {logging_mixin.py:190} INFO - [2025-03-26T17:19:21.996+0000] {dag.py:3239} INFO - Sync 1 DAGs
[2025-03-26T17:19:22.007+0000] {logging_mixin.py:190} INFO - [2025-03-26T17:19:22.006+0000] {dag.py:4180} INFO - Setting next_dagrun for example_setup_teardown_taskflow to None, run_after=None
[2025-03-26T17:19:22.028+0000] {processor.py:208} INFO - Processing /home/ubuntu/customer_churn_youtube_venv/lib/python3.12/site-packages/airflow/example_dags/example_setup_teardown_taskflow.py took 0.183 seconds
[2025-03-26T17:20:23.759+0000] {processor.py:186} INFO - Started process (PID=6697) to work on /home/ubuntu/customer_churn_youtube_venv/lib/python3.12/site-packages/airflow/example_dags/example_setup_teardown_taskflow.py
[2025-03-26T17:20:23.761+0000] {processor.py:914} INFO - Processing file /home/ubuntu/customer_churn_youtube_venv/lib/python3.12/site-packages/airflow/example_dags/example_setup_teardown_taskflow.py for tasks to queue
[2025-03-26T17:20:23.763+0000] {logging_mixin.py:190} INFO - [2025-03-26T17:20:23.762+0000] {dagbag.py:588} INFO - Filling up the DagBag from /home/ubuntu/customer_churn_youtube_venv/lib/python3.12/site-packages/airflow/example_dags/example_setup_teardown_taskflow.py
[2025-03-26T17:20:23.774+0000] {processor.py:925} INFO - DAG(s) 'example_setup_teardown_taskflow' retrieved from /home/ubuntu/customer_churn_youtube_venv/lib/python3.12/site-packages/airflow/example_dags/example_setup_teardown_taskflow.py
[2025-03-26T17:20:23.791+0000] {logging_mixin.py:190} INFO - [2025-03-26T17:20:23.791+0000] {dag.py:3239} INFO - Sync 1 DAGs
[2025-03-26T17:20:23.804+0000] {logging_mixin.py:190} INFO - [2025-03-26T17:20:23.804+0000] {dag.py:4180} INFO - Setting next_dagrun for example_setup_teardown_taskflow to None, run_after=None
[2025-03-26T17:20:23.826+0000] {processor.py:208} INFO - Processing /home/ubuntu/customer_churn_youtube_venv/lib/python3.12/site-packages/airflow/example_dags/example_setup_teardown_taskflow.py took 0.073 seconds
[2025-03-26T17:21:16.360+0000] {processor.py:186} INFO - Started process (PID=6752) to work on /home/ubuntu/customer_churn_youtube_venv/lib/python3.12/site-packages/airflow/example_dags/example_setup_teardown_taskflow.py
[2025-03-26T17:21:16.364+0000] {processor.py:914} INFO - Processing file /home/ubuntu/customer_churn_youtube_venv/lib/python3.12/site-packages/airflow/example_dags/example_setup_teardown_taskflow.py for tasks to queue
[2025-03-26T17:21:16.365+0000] {logging_mixin.py:190} INFO - [2025-03-26T17:21:16.365+0000] {dagbag.py:588} INFO - Filling up the DagBag from /home/ubuntu/customer_churn_youtube_venv/lib/python3.12/site-packages/airflow/example_dags/example_setup_teardown_taskflow.py
[2025-03-26T17:21:16.377+0000] {processor.py:925} INFO - DAG(s) 'example_setup_teardown_taskflow' retrieved from /home/ubuntu/customer_churn_youtube_venv/lib/python3.12/site-packages/airflow/example_dags/example_setup_teardown_taskflow.py
[2025-03-26T17:21:16.394+0000] {logging_mixin.py:190} INFO - [2025-03-26T17:21:16.394+0000] {dag.py:3239} INFO - Sync 1 DAGs
[2025-03-26T17:21:16.406+0000] {logging_mixin.py:190} INFO - [2025-03-26T17:21:16.406+0000] {dag.py:4180} INFO - Setting next_dagrun for example_setup_teardown_taskflow to None, run_after=None
[2025-03-26T17:21:16.428+0000] {processor.py:208} INFO - Processing /home/ubuntu/customer_churn_youtube_venv/lib/python3.12/site-packages/airflow/example_dags/example_setup_teardown_taskflow.py took 0.073 seconds
[2025-03-26T17:22:09.331+0000] {processor.py:186} INFO - Started process (PID=6806) to work on /home/ubuntu/customer_churn_youtube_venv/lib/python3.12/site-packages/airflow/example_dags/example_setup_teardown_taskflow.py
[2025-03-26T17:22:09.333+0000] {processor.py:914} INFO - Processing file /home/ubuntu/customer_churn_youtube_venv/lib/python3.12/site-packages/airflow/example_dags/example_setup_teardown_taskflow.py for tasks to queue
[2025-03-26T17:22:09.335+0000] {logging_mixin.py:190} INFO - [2025-03-26T17:22:09.334+0000] {dagbag.py:588} INFO - Filling up the DagBag from /home/ubuntu/customer_churn_youtube_venv/lib/python3.12/site-packages/airflow/example_dags/example_setup_teardown_taskflow.py
[2025-03-26T17:22:09.346+0000] {processor.py:925} INFO - DAG(s) 'example_setup_teardown_taskflow' retrieved from /home/ubuntu/customer_churn_youtube_venv/lib/python3.12/site-packages/airflow/example_dags/example_setup_teardown_taskflow.py
[2025-03-26T17:22:09.363+0000] {logging_mixin.py:190} INFO - [2025-03-26T17:22:09.363+0000] {dag.py:3239} INFO - Sync 1 DAGs
[2025-03-26T17:22:09.375+0000] {logging_mixin.py:190} INFO - [2025-03-26T17:22:09.375+0000] {dag.py:4180} INFO - Setting next_dagrun for example_setup_teardown_taskflow to None, run_after=None
[2025-03-26T17:22:09.398+0000] {processor.py:208} INFO - Processing /home/ubuntu/customer_churn_youtube_venv/lib/python3.12/site-packages/airflow/example_dags/example_setup_teardown_taskflow.py took 0.072 seconds
[2025-03-26T17:23:02.094+0000] {processor.py:186} INFO - Started process (PID=6858) to work on /home/ubuntu/customer_churn_youtube_venv/lib/python3.12/site-packages/airflow/example_dags/example_setup_teardown_taskflow.py
[2025-03-26T17:23:02.096+0000] {processor.py:914} INFO - Processing file /home/ubuntu/customer_churn_youtube_venv/lib/python3.12/site-packages/airflow/example_dags/example_setup_teardown_taskflow.py for tasks to queue
[2025-03-26T17:23:02.099+0000] {logging_mixin.py:190} INFO - [2025-03-26T17:23:02.098+0000] {dagbag.py:588} INFO - Filling up the DagBag from /home/ubuntu/customer_churn_youtube_venv/lib/python3.12/site-packages/airflow/example_dags/example_setup_teardown_taskflow.py
[2025-03-26T17:23:02.110+0000] {processor.py:925} INFO - DAG(s) 'example_setup_teardown_taskflow' retrieved from /home/ubuntu/customer_churn_youtube_venv/lib/python3.12/site-packages/airflow/example_dags/example_setup_teardown_taskflow.py
[2025-03-26T17:23:02.130+0000] {logging_mixin.py:190} INFO - [2025-03-26T17:23:02.130+0000] {dag.py:3239} INFO - Sync 1 DAGs
[2025-03-26T17:23:02.143+0000] {logging_mixin.py:190} INFO - [2025-03-26T17:23:02.143+0000] {dag.py:4180} INFO - Setting next_dagrun for example_setup_teardown_taskflow to None, run_after=None
[2025-03-26T17:23:02.167+0000] {processor.py:208} INFO - Processing /home/ubuntu/customer_churn_youtube_venv/lib/python3.12/site-packages/airflow/example_dags/example_setup_teardown_taskflow.py took 0.078 seconds
[2025-03-26T17:23:54.356+0000] {processor.py:186} INFO - Started process (PID=6912) to work on /home/ubuntu/customer_churn_youtube_venv/lib/python3.12/site-packages/airflow/example_dags/example_setup_teardown_taskflow.py
[2025-03-26T17:23:54.357+0000] {processor.py:914} INFO - Processing file /home/ubuntu/customer_churn_youtube_venv/lib/python3.12/site-packages/airflow/example_dags/example_setup_teardown_taskflow.py for tasks to queue
[2025-03-26T17:23:54.360+0000] {logging_mixin.py:190} INFO - [2025-03-26T17:23:54.359+0000] {dagbag.py:588} INFO - Filling up the DagBag from /home/ubuntu/customer_churn_youtube_venv/lib/python3.12/site-packages/airflow/example_dags/example_setup_teardown_taskflow.py
[2025-03-26T17:23:54.371+0000] {processor.py:925} INFO - DAG(s) 'example_setup_teardown_taskflow' retrieved from /home/ubuntu/customer_churn_youtube_venv/lib/python3.12/site-packages/airflow/example_dags/example_setup_teardown_taskflow.py
[2025-03-26T17:23:54.388+0000] {logging_mixin.py:190} INFO - [2025-03-26T17:23:54.388+0000] {dag.py:3239} INFO - Sync 1 DAGs
[2025-03-26T17:23:54.400+0000] {logging_mixin.py:190} INFO - [2025-03-26T17:23:54.400+0000] {dag.py:4180} INFO - Setting next_dagrun for example_setup_teardown_taskflow to None, run_after=None
[2025-03-26T17:23:54.422+0000] {processor.py:208} INFO - Processing /home/ubuntu/customer_churn_youtube_venv/lib/python3.12/site-packages/airflow/example_dags/example_setup_teardown_taskflow.py took 0.072 seconds
[2025-03-26T17:24:45.086+0000] {processor.py:186} INFO - Started process (PID=6965) to work on /home/ubuntu/customer_churn_youtube_venv/lib/python3.12/site-packages/airflow/example_dags/example_setup_teardown_taskflow.py
[2025-03-26T17:24:45.088+0000] {processor.py:914} INFO - Processing file /home/ubuntu/customer_churn_youtube_venv/lib/python3.12/site-packages/airflow/example_dags/example_setup_teardown_taskflow.py for tasks to queue
[2025-03-26T17:24:45.091+0000] {logging_mixin.py:190} INFO - [2025-03-26T17:24:45.090+0000] {dagbag.py:588} INFO - Filling up the DagBag from /home/ubuntu/customer_churn_youtube_venv/lib/python3.12/site-packages/airflow/example_dags/example_setup_teardown_taskflow.py
[2025-03-26T17:24:45.101+0000] {processor.py:925} INFO - DAG(s) 'example_setup_teardown_taskflow' retrieved from /home/ubuntu/customer_churn_youtube_venv/lib/python3.12/site-packages/airflow/example_dags/example_setup_teardown_taskflow.py
[2025-03-26T17:24:45.118+0000] {logging_mixin.py:190} INFO - [2025-03-26T17:24:45.118+0000] {dag.py:3239} INFO - Sync 1 DAGs
[2025-03-26T17:24:45.130+0000] {logging_mixin.py:190} INFO - [2025-03-26T17:24:45.130+0000] {dag.py:4180} INFO - Setting next_dagrun for example_setup_teardown_taskflow to None, run_after=None
[2025-03-26T17:24:45.152+0000] {processor.py:208} INFO - Processing /home/ubuntu/customer_churn_youtube_venv/lib/python3.12/site-packages/airflow/example_dags/example_setup_teardown_taskflow.py took 0.072 seconds
[2025-03-26T17:25:35.861+0000] {processor.py:186} INFO - Started process (PID=7023) to work on /home/ubuntu/customer_churn_youtube_venv/lib/python3.12/site-packages/airflow/example_dags/example_setup_teardown_taskflow.py
[2025-03-26T17:25:35.863+0000] {processor.py:914} INFO - Processing file /home/ubuntu/customer_churn_youtube_venv/lib/python3.12/site-packages/airflow/example_dags/example_setup_teardown_taskflow.py for tasks to queue
[2025-03-26T17:25:35.865+0000] {logging_mixin.py:190} INFO - [2025-03-26T17:25:35.864+0000] {dagbag.py:588} INFO - Filling up the DagBag from /home/ubuntu/customer_churn_youtube_venv/lib/python3.12/site-packages/airflow/example_dags/example_setup_teardown_taskflow.py
[2025-03-26T17:25:35.875+0000] {processor.py:925} INFO - DAG(s) 'example_setup_teardown_taskflow' retrieved from /home/ubuntu/customer_churn_youtube_venv/lib/python3.12/site-packages/airflow/example_dags/example_setup_teardown_taskflow.py
[2025-03-26T17:25:35.894+0000] {logging_mixin.py:190} INFO - [2025-03-26T17:25:35.893+0000] {dag.py:3239} INFO - Sync 1 DAGs
[2025-03-26T17:25:35.906+0000] {logging_mixin.py:190} INFO - [2025-03-26T17:25:35.905+0000] {dag.py:4180} INFO - Setting next_dagrun for example_setup_teardown_taskflow to None, run_after=None
[2025-03-26T17:25:35.927+0000] {processor.py:208} INFO - Processing /home/ubuntu/customer_churn_youtube_venv/lib/python3.12/site-packages/airflow/example_dags/example_setup_teardown_taskflow.py took 0.072 seconds
[2025-03-26T17:26:25.530+0000] {processor.py:186} INFO - Started process (PID=7074) to work on /home/ubuntu/customer_churn_youtube_venv/lib/python3.12/site-packages/airflow/example_dags/example_setup_teardown_taskflow.py
[2025-03-26T17:26:25.532+0000] {processor.py:914} INFO - Processing file /home/ubuntu/customer_churn_youtube_venv/lib/python3.12/site-packages/airflow/example_dags/example_setup_teardown_taskflow.py for tasks to queue
[2025-03-26T17:26:25.534+0000] {logging_mixin.py:190} INFO - [2025-03-26T17:26:25.534+0000] {dagbag.py:588} INFO - Filling up the DagBag from /home/ubuntu/customer_churn_youtube_venv/lib/python3.12/site-packages/airflow/example_dags/example_setup_teardown_taskflow.py
[2025-03-26T17:26:25.545+0000] {processor.py:925} INFO - DAG(s) 'example_setup_teardown_taskflow' retrieved from /home/ubuntu/customer_churn_youtube_venv/lib/python3.12/site-packages/airflow/example_dags/example_setup_teardown_taskflow.py
[2025-03-26T17:26:25.562+0000] {logging_mixin.py:190} INFO - [2025-03-26T17:26:25.562+0000] {dag.py:3239} INFO - Sync 1 DAGs
[2025-03-26T17:26:25.574+0000] {logging_mixin.py:190} INFO - [2025-03-26T17:26:25.573+0000] {dag.py:4180} INFO - Setting next_dagrun for example_setup_teardown_taskflow to None, run_after=None
[2025-03-26T17:26:25.596+0000] {processor.py:208} INFO - Processing /home/ubuntu/customer_churn_youtube_venv/lib/python3.12/site-packages/airflow/example_dags/example_setup_teardown_taskflow.py took 0.072 seconds
[2025-03-26T17:27:16.325+0000] {processor.py:186} INFO - Started process (PID=7127) to work on /home/ubuntu/customer_churn_youtube_venv/lib/python3.12/site-packages/airflow/example_dags/example_setup_teardown_taskflow.py
[2025-03-26T17:27:16.327+0000] {processor.py:914} INFO - Processing file /home/ubuntu/customer_churn_youtube_venv/lib/python3.12/site-packages/airflow/example_dags/example_setup_teardown_taskflow.py for tasks to queue
[2025-03-26T17:27:16.329+0000] {logging_mixin.py:190} INFO - [2025-03-26T17:27:16.328+0000] {dagbag.py:588} INFO - Filling up the DagBag from /home/ubuntu/customer_churn_youtube_venv/lib/python3.12/site-packages/airflow/example_dags/example_setup_teardown_taskflow.py
[2025-03-26T17:27:16.340+0000] {processor.py:925} INFO - DAG(s) 'example_setup_teardown_taskflow' retrieved from /home/ubuntu/customer_churn_youtube_venv/lib/python3.12/site-packages/airflow/example_dags/example_setup_teardown_taskflow.py
[2025-03-26T17:27:16.357+0000] {logging_mixin.py:190} INFO - [2025-03-26T17:27:16.357+0000] {dag.py:3239} INFO - Sync 1 DAGs
[2025-03-26T17:27:16.369+0000] {logging_mixin.py:190} INFO - [2025-03-26T17:27:16.369+0000] {dag.py:4180} INFO - Setting next_dagrun for example_setup_teardown_taskflow to None, run_after=None
[2025-03-26T17:27:16.392+0000] {processor.py:208} INFO - Processing /home/ubuntu/customer_churn_youtube_venv/lib/python3.12/site-packages/airflow/example_dags/example_setup_teardown_taskflow.py took 0.073 seconds
[2025-03-26T17:28:06.556+0000] {processor.py:186} INFO - Started process (PID=7225) to work on /home/ubuntu/customer_churn_youtube_venv/lib/python3.12/site-packages/airflow/example_dags/example_setup_teardown_taskflow.py
[2025-03-26T17:28:06.558+0000] {processor.py:914} INFO - Processing file /home/ubuntu/customer_churn_youtube_venv/lib/python3.12/site-packages/airflow/example_dags/example_setup_teardown_taskflow.py for tasks to queue
[2025-03-26T17:28:06.560+0000] {logging_mixin.py:190} INFO - [2025-03-26T17:28:06.560+0000] {dagbag.py:588} INFO - Filling up the DagBag from /home/ubuntu/customer_churn_youtube_venv/lib/python3.12/site-packages/airflow/example_dags/example_setup_teardown_taskflow.py
[2025-03-26T17:28:06.572+0000] {processor.py:925} INFO - DAG(s) 'example_setup_teardown_taskflow' retrieved from /home/ubuntu/customer_churn_youtube_venv/lib/python3.12/site-packages/airflow/example_dags/example_setup_teardown_taskflow.py
[2025-03-26T17:28:06.588+0000] {logging_mixin.py:190} INFO - [2025-03-26T17:28:06.588+0000] {dag.py:3239} INFO - Sync 1 DAGs
[2025-03-26T17:28:06.599+0000] {logging_mixin.py:190} INFO - [2025-03-26T17:28:06.599+0000] {dag.py:4180} INFO - Setting next_dagrun for example_setup_teardown_taskflow to None, run_after=None
[2025-03-26T17:28:06.621+0000] {processor.py:208} INFO - Processing /home/ubuntu/customer_churn_youtube_venv/lib/python3.12/site-packages/airflow/example_dags/example_setup_teardown_taskflow.py took 0.070 seconds
[2025-03-26T17:28:58.281+0000] {processor.py:186} INFO - Started process (PID=7278) to work on /home/ubuntu/customer_churn_youtube_venv/lib/python3.12/site-packages/airflow/example_dags/example_setup_teardown_taskflow.py
[2025-03-26T17:28:58.283+0000] {processor.py:914} INFO - Processing file /home/ubuntu/customer_churn_youtube_venv/lib/python3.12/site-packages/airflow/example_dags/example_setup_teardown_taskflow.py for tasks to queue
[2025-03-26T17:28:58.286+0000] {logging_mixin.py:190} INFO - [2025-03-26T17:28:58.284+0000] {dagbag.py:588} INFO - Filling up the DagBag from /home/ubuntu/customer_churn_youtube_venv/lib/python3.12/site-packages/airflow/example_dags/example_setup_teardown_taskflow.py
[2025-03-26T17:28:58.297+0000] {processor.py:925} INFO - DAG(s) 'example_setup_teardown_taskflow' retrieved from /home/ubuntu/customer_churn_youtube_venv/lib/python3.12/site-packages/airflow/example_dags/example_setup_teardown_taskflow.py
[2025-03-26T17:28:58.313+0000] {logging_mixin.py:190} INFO - [2025-03-26T17:28:58.313+0000] {dag.py:3239} INFO - Sync 1 DAGs
[2025-03-26T17:28:58.325+0000] {logging_mixin.py:190} INFO - [2025-03-26T17:28:58.325+0000] {dag.py:4180} INFO - Setting next_dagrun for example_setup_teardown_taskflow to None, run_after=None
[2025-03-26T17:28:58.347+0000] {processor.py:208} INFO - Processing /home/ubuntu/customer_churn_youtube_venv/lib/python3.12/site-packages/airflow/example_dags/example_setup_teardown_taskflow.py took 0.071 seconds
[2025-03-26T17:29:47.371+0000] {processor.py:186} INFO - Started process (PID=7331) to work on /home/ubuntu/customer_churn_youtube_venv/lib/python3.12/site-packages/airflow/example_dags/example_setup_teardown_taskflow.py
[2025-03-26T17:29:47.373+0000] {processor.py:914} INFO - Processing file /home/ubuntu/customer_churn_youtube_venv/lib/python3.12/site-packages/airflow/example_dags/example_setup_teardown_taskflow.py for tasks to queue
[2025-03-26T17:29:47.374+0000] {logging_mixin.py:190} INFO - [2025-03-26T17:29:47.374+0000] {dagbag.py:588} INFO - Filling up the DagBag from /home/ubuntu/customer_churn_youtube_venv/lib/python3.12/site-packages/airflow/example_dags/example_setup_teardown_taskflow.py
[2025-03-26T17:29:47.385+0000] {processor.py:925} INFO - DAG(s) 'example_setup_teardown_taskflow' retrieved from /home/ubuntu/customer_churn_youtube_venv/lib/python3.12/site-packages/airflow/example_dags/example_setup_teardown_taskflow.py
[2025-03-26T17:29:47.403+0000] {logging_mixin.py:190} INFO - [2025-03-26T17:29:47.403+0000] {dag.py:3239} INFO - Sync 1 DAGs
[2025-03-26T17:29:47.415+0000] {logging_mixin.py:190} INFO - [2025-03-26T17:29:47.414+0000] {dag.py:4180} INFO - Setting next_dagrun for example_setup_teardown_taskflow to None, run_after=None
[2025-03-26T17:29:47.438+0000] {processor.py:208} INFO - Processing /home/ubuntu/customer_churn_youtube_venv/lib/python3.12/site-packages/airflow/example_dags/example_setup_teardown_taskflow.py took 0.072 seconds
[2025-03-26T17:30:37.412+0000] {processor.py:186} INFO - Started process (PID=7387) to work on /home/ubuntu/customer_churn_youtube_venv/lib/python3.12/site-packages/airflow/example_dags/example_setup_teardown_taskflow.py
[2025-03-26T17:30:37.414+0000] {processor.py:914} INFO - Processing file /home/ubuntu/customer_churn_youtube_venv/lib/python3.12/site-packages/airflow/example_dags/example_setup_teardown_taskflow.py for tasks to queue
[2025-03-26T17:30:37.416+0000] {logging_mixin.py:190} INFO - [2025-03-26T17:30:37.415+0000] {dagbag.py:588} INFO - Filling up the DagBag from /home/ubuntu/customer_churn_youtube_venv/lib/python3.12/site-packages/airflow/example_dags/example_setup_teardown_taskflow.py
[2025-03-26T17:30:37.427+0000] {processor.py:925} INFO - DAG(s) 'example_setup_teardown_taskflow' retrieved from /home/ubuntu/customer_churn_youtube_venv/lib/python3.12/site-packages/airflow/example_dags/example_setup_teardown_taskflow.py
[2025-03-26T17:30:37.443+0000] {logging_mixin.py:190} INFO - [2025-03-26T17:30:37.443+0000] {dag.py:3239} INFO - Sync 1 DAGs
[2025-03-26T17:30:37.455+0000] {logging_mixin.py:190} INFO - [2025-03-26T17:30:37.455+0000] {dag.py:4180} INFO - Setting next_dagrun for example_setup_teardown_taskflow to None, run_after=None
[2025-03-26T17:30:37.477+0000] {processor.py:208} INFO - Processing /home/ubuntu/customer_churn_youtube_venv/lib/python3.12/site-packages/airflow/example_dags/example_setup_teardown_taskflow.py took 0.071 seconds
[2025-03-26T17:31:28.749+0000] {processor.py:186} INFO - Started process (PID=7439) to work on /home/ubuntu/customer_churn_youtube_venv/lib/python3.12/site-packages/airflow/example_dags/example_setup_teardown_taskflow.py
[2025-03-26T17:31:28.752+0000] {processor.py:914} INFO - Processing file /home/ubuntu/customer_churn_youtube_venv/lib/python3.12/site-packages/airflow/example_dags/example_setup_teardown_taskflow.py for tasks to queue
[2025-03-26T17:31:28.754+0000] {logging_mixin.py:190} INFO - [2025-03-26T17:31:28.753+0000] {dagbag.py:588} INFO - Filling up the DagBag from /home/ubuntu/customer_churn_youtube_venv/lib/python3.12/site-packages/airflow/example_dags/example_setup_teardown_taskflow.py
[2025-03-26T17:31:28.766+0000] {processor.py:925} INFO - DAG(s) 'example_setup_teardown_taskflow' retrieved from /home/ubuntu/customer_churn_youtube_venv/lib/python3.12/site-packages/airflow/example_dags/example_setup_teardown_taskflow.py
[2025-03-26T17:31:28.783+0000] {logging_mixin.py:190} INFO - [2025-03-26T17:31:28.783+0000] {dag.py:3239} INFO - Sync 1 DAGs
[2025-03-26T17:31:28.795+0000] {logging_mixin.py:190} INFO - [2025-03-26T17:31:28.795+0000] {dag.py:4180} INFO - Setting next_dagrun for example_setup_teardown_taskflow to None, run_after=None
[2025-03-26T17:31:28.817+0000] {processor.py:208} INFO - Processing /home/ubuntu/customer_churn_youtube_venv/lib/python3.12/site-packages/airflow/example_dags/example_setup_teardown_taskflow.py took 0.072 seconds
[2025-03-26T17:32:19.240+0000] {processor.py:186} INFO - Started process (PID=7516) to work on /home/ubuntu/customer_churn_youtube_venv/lib/python3.12/site-packages/airflow/example_dags/example_setup_teardown_taskflow.py
[2025-03-26T17:32:19.242+0000] {processor.py:914} INFO - Processing file /home/ubuntu/customer_churn_youtube_venv/lib/python3.12/site-packages/airflow/example_dags/example_setup_teardown_taskflow.py for tasks to queue
[2025-03-26T17:32:19.244+0000] {logging_mixin.py:190} INFO - [2025-03-26T17:32:19.243+0000] {dagbag.py:588} INFO - Filling up the DagBag from /home/ubuntu/customer_churn_youtube_venv/lib/python3.12/site-packages/airflow/example_dags/example_setup_teardown_taskflow.py
[2025-03-26T17:32:19.255+0000] {processor.py:925} INFO - DAG(s) 'example_setup_teardown_taskflow' retrieved from /home/ubuntu/customer_churn_youtube_venv/lib/python3.12/site-packages/airflow/example_dags/example_setup_teardown_taskflow.py
[2025-03-26T17:32:19.273+0000] {logging_mixin.py:190} INFO - [2025-03-26T17:32:19.272+0000] {dag.py:3239} INFO - Sync 1 DAGs
[2025-03-26T17:32:19.285+0000] {logging_mixin.py:190} INFO - [2025-03-26T17:32:19.285+0000] {dag.py:4180} INFO - Setting next_dagrun for example_setup_teardown_taskflow to None, run_after=None
[2025-03-26T17:32:19.308+0000] {processor.py:208} INFO - Processing /home/ubuntu/customer_churn_youtube_venv/lib/python3.12/site-packages/airflow/example_dags/example_setup_teardown_taskflow.py took 0.074 seconds
[2025-03-26T17:33:11.073+0000] {processor.py:186} INFO - Started process (PID=7586) to work on /home/ubuntu/customer_churn_youtube_venv/lib/python3.12/site-packages/airflow/example_dags/example_setup_teardown_taskflow.py
[2025-03-26T17:33:11.074+0000] {processor.py:914} INFO - Processing file /home/ubuntu/customer_churn_youtube_venv/lib/python3.12/site-packages/airflow/example_dags/example_setup_teardown_taskflow.py for tasks to queue
[2025-03-26T17:33:11.077+0000] {logging_mixin.py:190} INFO - [2025-03-26T17:33:11.076+0000] {dagbag.py:588} INFO - Filling up the DagBag from /home/ubuntu/customer_churn_youtube_venv/lib/python3.12/site-packages/airflow/example_dags/example_setup_teardown_taskflow.py
[2025-03-26T17:33:11.088+0000] {processor.py:925} INFO - DAG(s) 'example_setup_teardown_taskflow' retrieved from /home/ubuntu/customer_churn_youtube_venv/lib/python3.12/site-packages/airflow/example_dags/example_setup_teardown_taskflow.py
[2025-03-26T17:33:11.105+0000] {logging_mixin.py:190} INFO - [2025-03-26T17:33:11.104+0000] {dag.py:3239} INFO - Sync 1 DAGs
[2025-03-26T17:33:11.116+0000] {logging_mixin.py:190} INFO - [2025-03-26T17:33:11.116+0000] {dag.py:4180} INFO - Setting next_dagrun for example_setup_teardown_taskflow to None, run_after=None
[2025-03-26T17:33:11.137+0000] {processor.py:208} INFO - Processing /home/ubuntu/customer_churn_youtube_venv/lib/python3.12/site-packages/airflow/example_dags/example_setup_teardown_taskflow.py took 0.070 seconds
[2025-03-26T17:34:01.871+0000] {processor.py:186} INFO - Started process (PID=7637) to work on /home/ubuntu/customer_churn_youtube_venv/lib/python3.12/site-packages/airflow/example_dags/example_setup_teardown_taskflow.py
[2025-03-26T17:34:01.873+0000] {processor.py:914} INFO - Processing file /home/ubuntu/customer_churn_youtube_venv/lib/python3.12/site-packages/airflow/example_dags/example_setup_teardown_taskflow.py for tasks to queue
[2025-03-26T17:34:01.875+0000] {logging_mixin.py:190} INFO - [2025-03-26T17:34:01.875+0000] {dagbag.py:588} INFO - Filling up the DagBag from /home/ubuntu/customer_churn_youtube_venv/lib/python3.12/site-packages/airflow/example_dags/example_setup_teardown_taskflow.py
[2025-03-26T17:34:01.891+0000] {processor.py:925} INFO - DAG(s) 'example_setup_teardown_taskflow' retrieved from /home/ubuntu/customer_churn_youtube_venv/lib/python3.12/site-packages/airflow/example_dags/example_setup_teardown_taskflow.py
[2025-03-26T17:34:01.912+0000] {logging_mixin.py:190} INFO - [2025-03-26T17:34:01.910+0000] {dag.py:3239} INFO - Sync 1 DAGs
[2025-03-26T17:34:01.925+0000] {logging_mixin.py:190} INFO - [2025-03-26T17:34:01.925+0000] {dag.py:4180} INFO - Setting next_dagrun for example_setup_teardown_taskflow to None, run_after=None
[2025-03-26T17:34:01.950+0000] {processor.py:208} INFO - Processing /home/ubuntu/customer_churn_youtube_venv/lib/python3.12/site-packages/airflow/example_dags/example_setup_teardown_taskflow.py took 0.086 seconds
[2025-03-26T17:34:53.700+0000] {processor.py:186} INFO - Started process (PID=7692) to work on /home/ubuntu/customer_churn_youtube_venv/lib/python3.12/site-packages/airflow/example_dags/example_setup_teardown_taskflow.py
[2025-03-26T17:34:53.702+0000] {processor.py:914} INFO - Processing file /home/ubuntu/customer_churn_youtube_venv/lib/python3.12/site-packages/airflow/example_dags/example_setup_teardown_taskflow.py for tasks to queue
[2025-03-26T17:34:53.704+0000] {logging_mixin.py:190} INFO - [2025-03-26T17:34:53.704+0000] {dagbag.py:588} INFO - Filling up the DagBag from /home/ubuntu/customer_churn_youtube_venv/lib/python3.12/site-packages/airflow/example_dags/example_setup_teardown_taskflow.py
[2025-03-26T17:34:53.715+0000] {processor.py:925} INFO - DAG(s) 'example_setup_teardown_taskflow' retrieved from /home/ubuntu/customer_churn_youtube_venv/lib/python3.12/site-packages/airflow/example_dags/example_setup_teardown_taskflow.py
[2025-03-26T17:34:53.733+0000] {logging_mixin.py:190} INFO - [2025-03-26T17:34:53.733+0000] {dag.py:3239} INFO - Sync 1 DAGs
[2025-03-26T17:34:53.745+0000] {logging_mixin.py:190} INFO - [2025-03-26T17:34:53.745+0000] {dag.py:4180} INFO - Setting next_dagrun for example_setup_teardown_taskflow to None, run_after=None
[2025-03-26T17:34:53.767+0000] {processor.py:208} INFO - Processing /home/ubuntu/customer_churn_youtube_venv/lib/python3.12/site-packages/airflow/example_dags/example_setup_teardown_taskflow.py took 0.073 seconds
[2025-03-26T17:35:47.917+0000] {processor.py:186} INFO - Started process (PID=7752) to work on /home/ubuntu/customer_churn_youtube_venv/lib/python3.12/site-packages/airflow/example_dags/example_setup_teardown_taskflow.py
[2025-03-26T17:35:47.918+0000] {processor.py:914} INFO - Processing file /home/ubuntu/customer_churn_youtube_venv/lib/python3.12/site-packages/airflow/example_dags/example_setup_teardown_taskflow.py for tasks to queue
[2025-03-26T17:35:47.921+0000] {logging_mixin.py:190} INFO - [2025-03-26T17:35:47.920+0000] {dagbag.py:588} INFO - Filling up the DagBag from /home/ubuntu/customer_churn_youtube_venv/lib/python3.12/site-packages/airflow/example_dags/example_setup_teardown_taskflow.py
[2025-03-26T17:35:47.932+0000] {processor.py:925} INFO - DAG(s) 'example_setup_teardown_taskflow' retrieved from /home/ubuntu/customer_churn_youtube_venv/lib/python3.12/site-packages/airflow/example_dags/example_setup_teardown_taskflow.py
[2025-03-26T17:35:47.949+0000] {logging_mixin.py:190} INFO - [2025-03-26T17:35:47.949+0000] {dag.py:3239} INFO - Sync 1 DAGs
[2025-03-26T17:35:47.961+0000] {logging_mixin.py:190} INFO - [2025-03-26T17:35:47.961+0000] {dag.py:4180} INFO - Setting next_dagrun for example_setup_teardown_taskflow to None, run_after=None
[2025-03-26T17:35:47.984+0000] {processor.py:208} INFO - Processing /home/ubuntu/customer_churn_youtube_venv/lib/python3.12/site-packages/airflow/example_dags/example_setup_teardown_taskflow.py took 0.073 seconds
[2025-03-26T17:36:39.662+0000] {processor.py:186} INFO - Started process (PID=7808) to work on /home/ubuntu/customer_churn_youtube_venv/lib/python3.12/site-packages/airflow/example_dags/example_setup_teardown_taskflow.py
[2025-03-26T17:36:39.664+0000] {processor.py:914} INFO - Processing file /home/ubuntu/customer_churn_youtube_venv/lib/python3.12/site-packages/airflow/example_dags/example_setup_teardown_taskflow.py for tasks to queue
[2025-03-26T17:36:39.666+0000] {logging_mixin.py:190} INFO - [2025-03-26T17:36:39.666+0000] {dagbag.py:588} INFO - Filling up the DagBag from /home/ubuntu/customer_churn_youtube_venv/lib/python3.12/site-packages/airflow/example_dags/example_setup_teardown_taskflow.py
[2025-03-26T17:36:39.678+0000] {processor.py:925} INFO - DAG(s) 'example_setup_teardown_taskflow' retrieved from /home/ubuntu/customer_churn_youtube_venv/lib/python3.12/site-packages/airflow/example_dags/example_setup_teardown_taskflow.py
[2025-03-26T17:36:39.695+0000] {logging_mixin.py:190} INFO - [2025-03-26T17:36:39.695+0000] {dag.py:3239} INFO - Sync 1 DAGs
[2025-03-26T17:36:39.707+0000] {logging_mixin.py:190} INFO - [2025-03-26T17:36:39.707+0000] {dag.py:4180} INFO - Setting next_dagrun for example_setup_teardown_taskflow to None, run_after=None
[2025-03-26T17:36:39.729+0000] {processor.py:208} INFO - Processing /home/ubuntu/customer_churn_youtube_venv/lib/python3.12/site-packages/airflow/example_dags/example_setup_teardown_taskflow.py took 0.073 seconds
