[2025-03-26T17:13:27.712+0000] {processor.py:186} INFO - Started process (PID=6274) to work on /home/ubuntu/customer_churn_youtube_venv/lib/python3.12/site-packages/airflow/example_dags/example_task_group_decorator.py
[2025-03-26T17:13:27.713+0000] {processor.py:914} INFO - Processing file /home/ubuntu/customer_churn_youtube_venv/lib/python3.12/site-packages/airflow/example_dags/example_task_group_decorator.py for tasks to queue
[2025-03-26T17:13:27.715+0000] {logging_mixin.py:190} INFO - [2025-03-26T17:13:27.714+0000] {dagbag.py:588} INFO - Filling up the DagBag from /home/ubuntu/customer_churn_youtube_venv/lib/python3.12/site-packages/airflow/example_dags/example_task_group_decorator.py
[2025-03-26T17:13:27.730+0000] {processor.py:925} INFO - DAG(s) 'example_task_group_decorator' retrieved from /home/ubuntu/customer_churn_youtube_venv/lib/python3.12/site-packages/airflow/example_dags/example_task_group_decorator.py
[2025-03-26T17:13:27.839+0000] {logging_mixin.py:190} INFO - [2025-03-26T17:13:27.838+0000] {override.py:1930} INFO - Created Permission View: can edit on DAG:example_task_group_decorator
[2025-03-26T17:13:27.855+0000] {logging_mixin.py:190} INFO - [2025-03-26T17:13:27.854+0000] {override.py:1930} INFO - Created Permission View: can read on DAG:example_task_group_decorator
[2025-03-26T17:13:27.866+0000] {logging_mixin.py:190} INFO - [2025-03-26T17:13:27.865+0000] {override.py:1930} INFO - Created Permission View: can delete on DAG:example_task_group_decorator
[2025-03-26T17:13:27.883+0000] {logging_mixin.py:190} INFO - [2025-03-26T17:13:27.882+0000] {override.py:1930} INFO - Created Permission View: menu access on DAG Run:example_task_group_decorator
[2025-03-26T17:13:27.893+0000] {logging_mixin.py:190} INFO - [2025-03-26T17:13:27.892+0000] {override.py:1930} INFO - Created Permission View: can create on DAG Run:example_task_group_decorator
[2025-03-26T17:13:27.905+0000] {logging_mixin.py:190} INFO - [2025-03-26T17:13:27.905+0000] {override.py:1930} INFO - Created Permission View: can delete on DAG Run:example_task_group_decorator
[2025-03-26T17:13:27.915+0000] {logging_mixin.py:190} INFO - [2025-03-26T17:13:27.915+0000] {override.py:1930} INFO - Created Permission View: can read on DAG Run:example_task_group_decorator
[2025-03-26T17:13:27.915+0000] {logging_mixin.py:190} INFO - [2025-03-26T17:13:27.915+0000] {dag.py:3239} INFO - Sync 1 DAGs
[2025-03-26T17:13:27.926+0000] {logging_mixin.py:190} INFO - [2025-03-26T17:13:27.925+0000] {dag.py:3262} INFO - Creating ORM DAG for example_task_group_decorator
[2025-03-26T17:13:27.926+0000] {logging_mixin.py:190} INFO - [2025-03-26T17:13:27.926+0000] {dag.py:4180} INFO - Setting next_dagrun for example_task_group_decorator to None, run_after=None
[2025-03-26T17:13:27.950+0000] {processor.py:208} INFO - Processing /home/ubuntu/customer_churn_youtube_venv/lib/python3.12/site-packages/airflow/example_dags/example_task_group_decorator.py took 0.243 seconds
[2025-03-26T17:14:35.041+0000] {processor.py:186} INFO - Started process (PID=6331) to work on /home/ubuntu/customer_churn_youtube_venv/lib/python3.12/site-packages/airflow/example_dags/example_task_group_decorator.py
[2025-03-26T17:14:35.043+0000] {processor.py:914} INFO - Processing file /home/ubuntu/customer_churn_youtube_venv/lib/python3.12/site-packages/airflow/example_dags/example_task_group_decorator.py for tasks to queue
[2025-03-26T17:14:35.044+0000] {logging_mixin.py:190} INFO - [2025-03-26T17:14:35.044+0000] {dagbag.py:588} INFO - Filling up the DagBag from /home/ubuntu/customer_churn_youtube_venv/lib/python3.12/site-packages/airflow/example_dags/example_task_group_decorator.py
[2025-03-26T17:14:35.059+0000] {processor.py:925} INFO - DAG(s) 'example_task_group_decorator' retrieved from /home/ubuntu/customer_churn_youtube_venv/lib/python3.12/site-packages/airflow/example_dags/example_task_group_decorator.py
[2025-03-26T17:14:35.079+0000] {logging_mixin.py:190} INFO - [2025-03-26T17:14:35.079+0000] {dag.py:3239} INFO - Sync 1 DAGs
[2025-03-26T17:14:35.092+0000] {logging_mixin.py:190} INFO - [2025-03-26T17:14:35.091+0000] {dag.py:4180} INFO - Setting next_dagrun for example_task_group_decorator to None, run_after=None
[2025-03-26T17:14:35.113+0000] {processor.py:208} INFO - Processing /home/ubuntu/customer_churn_youtube_venv/lib/python3.12/site-packages/airflow/example_dags/example_task_group_decorator.py took 0.078 seconds
[2025-03-26T17:15:30.623+0000] {processor.py:186} INFO - Started process (PID=6394) to work on /home/ubuntu/customer_churn_youtube_venv/lib/python3.12/site-packages/airflow/example_dags/example_task_group_decorator.py
[2025-03-26T17:15:30.625+0000] {processor.py:914} INFO - Processing file /home/ubuntu/customer_churn_youtube_venv/lib/python3.12/site-packages/airflow/example_dags/example_task_group_decorator.py for tasks to queue
[2025-03-26T17:15:30.627+0000] {logging_mixin.py:190} INFO - [2025-03-26T17:15:30.627+0000] {dagbag.py:588} INFO - Filling up the DagBag from /home/ubuntu/customer_churn_youtube_venv/lib/python3.12/site-packages/airflow/example_dags/example_task_group_decorator.py
[2025-03-26T17:15:30.641+0000] {processor.py:925} INFO - DAG(s) 'example_task_group_decorator' retrieved from /home/ubuntu/customer_churn_youtube_venv/lib/python3.12/site-packages/airflow/example_dags/example_task_group_decorator.py
[2025-03-26T17:15:30.660+0000] {logging_mixin.py:190} INFO - [2025-03-26T17:15:30.660+0000] {dag.py:3239} INFO - Sync 1 DAGs
[2025-03-26T17:15:30.672+0000] {logging_mixin.py:190} INFO - [2025-03-26T17:15:30.672+0000] {dag.py:4180} INFO - Setting next_dagrun for example_task_group_decorator to None, run_after=None
[2025-03-26T17:15:30.693+0000] {processor.py:208} INFO - Processing /home/ubuntu/customer_churn_youtube_venv/lib/python3.12/site-packages/airflow/example_dags/example_task_group_decorator.py took 0.075 seconds
[2025-03-26T17:16:22.607+0000] {processor.py:186} INFO - Started process (PID=6447) to work on /home/ubuntu/customer_churn_youtube_venv/lib/python3.12/site-packages/airflow/example_dags/example_task_group_decorator.py
[2025-03-26T17:16:22.608+0000] {processor.py:914} INFO - Processing file /home/ubuntu/customer_churn_youtube_venv/lib/python3.12/site-packages/airflow/example_dags/example_task_group_decorator.py for tasks to queue
[2025-03-26T17:16:22.610+0000] {logging_mixin.py:190} INFO - [2025-03-26T17:16:22.610+0000] {dagbag.py:588} INFO - Filling up the DagBag from /home/ubuntu/customer_churn_youtube_venv/lib/python3.12/site-packages/airflow/example_dags/example_task_group_decorator.py
[2025-03-26T17:16:22.624+0000] {processor.py:925} INFO - DAG(s) 'example_task_group_decorator' retrieved from /home/ubuntu/customer_churn_youtube_venv/lib/python3.12/site-packages/airflow/example_dags/example_task_group_decorator.py
[2025-03-26T17:16:22.643+0000] {logging_mixin.py:190} INFO - [2025-03-26T17:16:22.643+0000] {dag.py:3239} INFO - Sync 1 DAGs
[2025-03-26T17:16:22.654+0000] {logging_mixin.py:190} INFO - [2025-03-26T17:16:22.654+0000] {dag.py:4180} INFO - Setting next_dagrun for example_task_group_decorator to None, run_after=None
[2025-03-26T17:16:22.676+0000] {processor.py:208} INFO - Processing /home/ubuntu/customer_churn_youtube_venv/lib/python3.12/site-packages/airflow/example_dags/example_task_group_decorator.py took 0.076 seconds
[2025-03-26T17:17:17.314+0000] {processor.py:186} INFO - Started process (PID=6505) to work on /home/ubuntu/customer_churn_youtube_venv/lib/python3.12/site-packages/airflow/example_dags/example_task_group_decorator.py
[2025-03-26T17:17:17.315+0000] {processor.py:914} INFO - Processing file /home/ubuntu/customer_churn_youtube_venv/lib/python3.12/site-packages/airflow/example_dags/example_task_group_decorator.py for tasks to queue
[2025-03-26T17:17:17.317+0000] {logging_mixin.py:190} INFO - [2025-03-26T17:17:17.317+0000] {dagbag.py:588} INFO - Filling up the DagBag from /home/ubuntu/customer_churn_youtube_venv/lib/python3.12/site-packages/airflow/example_dags/example_task_group_decorator.py
[2025-03-26T17:17:17.332+0000] {processor.py:925} INFO - DAG(s) 'example_task_group_decorator' retrieved from /home/ubuntu/customer_churn_youtube_venv/lib/python3.12/site-packages/airflow/example_dags/example_task_group_decorator.py
[2025-03-26T17:17:17.352+0000] {logging_mixin.py:190} INFO - [2025-03-26T17:17:17.352+0000] {dag.py:3239} INFO - Sync 1 DAGs
[2025-03-26T17:17:17.363+0000] {logging_mixin.py:190} INFO - [2025-03-26T17:17:17.363+0000] {dag.py:4180} INFO - Setting next_dagrun for example_task_group_decorator to None, run_after=None
[2025-03-26T17:17:17.385+0000] {processor.py:208} INFO - Processing /home/ubuntu/customer_churn_youtube_venv/lib/python3.12/site-packages/airflow/example_dags/example_task_group_decorator.py took 0.077 seconds
[2025-03-26T17:18:08.329+0000] {processor.py:186} INFO - Started process (PID=6559) to work on /home/ubuntu/customer_churn_youtube_venv/lib/python3.12/site-packages/airflow/example_dags/example_task_group_decorator.py
[2025-03-26T17:18:08.331+0000] {processor.py:914} INFO - Processing file /home/ubuntu/customer_churn_youtube_venv/lib/python3.12/site-packages/airflow/example_dags/example_task_group_decorator.py for tasks to queue
[2025-03-26T17:18:08.332+0000] {logging_mixin.py:190} INFO - [2025-03-26T17:18:08.332+0000] {dagbag.py:588} INFO - Filling up the DagBag from /home/ubuntu/customer_churn_youtube_venv/lib/python3.12/site-packages/airflow/example_dags/example_task_group_decorator.py
[2025-03-26T17:18:08.347+0000] {processor.py:925} INFO - DAG(s) 'example_task_group_decorator' retrieved from /home/ubuntu/customer_churn_youtube_venv/lib/python3.12/site-packages/airflow/example_dags/example_task_group_decorator.py
[2025-03-26T17:18:08.367+0000] {logging_mixin.py:190} INFO - [2025-03-26T17:18:08.366+0000] {dag.py:3239} INFO - Sync 1 DAGs
[2025-03-26T17:18:08.378+0000] {logging_mixin.py:190} INFO - [2025-03-26T17:18:08.378+0000] {dag.py:4180} INFO - Setting next_dagrun for example_task_group_decorator to None, run_after=None
[2025-03-26T17:18:08.398+0000] {processor.py:208} INFO - Processing /home/ubuntu/customer_churn_youtube_venv/lib/python3.12/site-packages/airflow/example_dags/example_task_group_decorator.py took 0.074 seconds
[2025-03-26T17:19:03.537+0000] {processor.py:186} INFO - Started process (PID=6615) to work on /home/ubuntu/customer_churn_youtube_venv/lib/python3.12/site-packages/airflow/example_dags/example_task_group_decorator.py
[2025-03-26T17:19:03.539+0000] {processor.py:914} INFO - Processing file /home/ubuntu/customer_churn_youtube_venv/lib/python3.12/site-packages/airflow/example_dags/example_task_group_decorator.py for tasks to queue
[2025-03-26T17:19:03.541+0000] {logging_mixin.py:190} INFO - [2025-03-26T17:19:03.540+0000] {dagbag.py:588} INFO - Filling up the DagBag from /home/ubuntu/customer_churn_youtube_venv/lib/python3.12/site-packages/airflow/example_dags/example_task_group_decorator.py
[2025-03-26T17:19:03.556+0000] {processor.py:925} INFO - DAG(s) 'example_task_group_decorator' retrieved from /home/ubuntu/customer_churn_youtube_venv/lib/python3.12/site-packages/airflow/example_dags/example_task_group_decorator.py
[2025-03-26T17:19:03.576+0000] {logging_mixin.py:190} INFO - [2025-03-26T17:19:03.576+0000] {dag.py:3239} INFO - Sync 1 DAGs
[2025-03-26T17:19:03.588+0000] {logging_mixin.py:190} INFO - [2025-03-26T17:19:03.588+0000] {dag.py:4180} INFO - Setting next_dagrun for example_task_group_decorator to None, run_after=None
[2025-03-26T17:19:03.610+0000] {processor.py:208} INFO - Processing /home/ubuntu/customer_churn_youtube_venv/lib/python3.12/site-packages/airflow/example_dags/example_task_group_decorator.py took 0.078 seconds
[2025-03-26T17:20:03.485+0000] {processor.py:186} INFO - Started process (PID=6676) to work on /home/ubuntu/customer_churn_youtube_venv/lib/python3.12/site-packages/airflow/example_dags/example_task_group_decorator.py
[2025-03-26T17:20:03.486+0000] {processor.py:914} INFO - Processing file /home/ubuntu/customer_churn_youtube_venv/lib/python3.12/site-packages/airflow/example_dags/example_task_group_decorator.py for tasks to queue
[2025-03-26T17:20:03.488+0000] {logging_mixin.py:190} INFO - [2025-03-26T17:20:03.488+0000] {dagbag.py:588} INFO - Filling up the DagBag from /home/ubuntu/customer_churn_youtube_venv/lib/python3.12/site-packages/airflow/example_dags/example_task_group_decorator.py
[2025-03-26T17:20:03.505+0000] {processor.py:925} INFO - DAG(s) 'example_task_group_decorator' retrieved from /home/ubuntu/customer_churn_youtube_venv/lib/python3.12/site-packages/airflow/example_dags/example_task_group_decorator.py
[2025-03-26T17:20:03.524+0000] {logging_mixin.py:190} INFO - [2025-03-26T17:20:03.524+0000] {dag.py:3239} INFO - Sync 1 DAGs
[2025-03-26T17:20:03.537+0000] {logging_mixin.py:190} INFO - [2025-03-26T17:20:03.536+0000] {dag.py:4180} INFO - Setting next_dagrun for example_task_group_decorator to None, run_after=None
[2025-03-26T17:20:03.560+0000] {processor.py:208} INFO - Processing /home/ubuntu/customer_churn_youtube_venv/lib/python3.12/site-packages/airflow/example_dags/example_task_group_decorator.py took 0.081 seconds
[2025-03-26T17:21:00.232+0000] {processor.py:186} INFO - Started process (PID=6734) to work on /home/ubuntu/customer_churn_youtube_venv/lib/python3.12/site-packages/airflow/example_dags/example_task_group_decorator.py
[2025-03-26T17:21:00.234+0000] {processor.py:914} INFO - Processing file /home/ubuntu/customer_churn_youtube_venv/lib/python3.12/site-packages/airflow/example_dags/example_task_group_decorator.py for tasks to queue
[2025-03-26T17:21:00.236+0000] {logging_mixin.py:190} INFO - [2025-03-26T17:21:00.235+0000] {dagbag.py:588} INFO - Filling up the DagBag from /home/ubuntu/customer_churn_youtube_venv/lib/python3.12/site-packages/airflow/example_dags/example_task_group_decorator.py
[2025-03-26T17:21:00.250+0000] {processor.py:925} INFO - DAG(s) 'example_task_group_decorator' retrieved from /home/ubuntu/customer_churn_youtube_venv/lib/python3.12/site-packages/airflow/example_dags/example_task_group_decorator.py
[2025-03-26T17:21:00.271+0000] {logging_mixin.py:190} INFO - [2025-03-26T17:21:00.270+0000] {dag.py:3239} INFO - Sync 1 DAGs
[2025-03-26T17:21:00.284+0000] {logging_mixin.py:190} INFO - [2025-03-26T17:21:00.283+0000] {dag.py:4180} INFO - Setting next_dagrun for example_task_group_decorator to None, run_after=None
[2025-03-26T17:21:00.306+0000] {processor.py:208} INFO - Processing /home/ubuntu/customer_churn_youtube_venv/lib/python3.12/site-packages/airflow/example_dags/example_task_group_decorator.py took 0.080 seconds
[2025-03-26T17:21:52.736+0000] {processor.py:186} INFO - Started process (PID=6788) to work on /home/ubuntu/customer_churn_youtube_venv/lib/python3.12/site-packages/airflow/example_dags/example_task_group_decorator.py
[2025-03-26T17:21:52.737+0000] {processor.py:914} INFO - Processing file /home/ubuntu/customer_churn_youtube_venv/lib/python3.12/site-packages/airflow/example_dags/example_task_group_decorator.py for tasks to queue
[2025-03-26T17:21:52.739+0000] {logging_mixin.py:190} INFO - [2025-03-26T17:21:52.739+0000] {dagbag.py:588} INFO - Filling up the DagBag from /home/ubuntu/customer_churn_youtube_venv/lib/python3.12/site-packages/airflow/example_dags/example_task_group_decorator.py
[2025-03-26T17:21:52.753+0000] {processor.py:925} INFO - DAG(s) 'example_task_group_decorator' retrieved from /home/ubuntu/customer_churn_youtube_venv/lib/python3.12/site-packages/airflow/example_dags/example_task_group_decorator.py
[2025-03-26T17:21:52.774+0000] {logging_mixin.py:190} INFO - [2025-03-26T17:21:52.774+0000] {dag.py:3239} INFO - Sync 1 DAGs
[2025-03-26T17:21:52.785+0000] {logging_mixin.py:190} INFO - [2025-03-26T17:21:52.785+0000] {dag.py:4180} INFO - Setting next_dagrun for example_task_group_decorator to None, run_after=None
[2025-03-26T17:21:52.807+0000] {processor.py:208} INFO - Processing /home/ubuntu/customer_churn_youtube_venv/lib/python3.12/site-packages/airflow/example_dags/example_task_group_decorator.py took 0.077 seconds
[2025-03-26T17:22:45.570+0000] {processor.py:186} INFO - Started process (PID=6842) to work on /home/ubuntu/customer_churn_youtube_venv/lib/python3.12/site-packages/airflow/example_dags/example_task_group_decorator.py
[2025-03-26T17:22:45.572+0000] {processor.py:914} INFO - Processing file /home/ubuntu/customer_churn_youtube_venv/lib/python3.12/site-packages/airflow/example_dags/example_task_group_decorator.py for tasks to queue
[2025-03-26T17:22:45.574+0000] {logging_mixin.py:190} INFO - [2025-03-26T17:22:45.574+0000] {dagbag.py:588} INFO - Filling up the DagBag from /home/ubuntu/customer_churn_youtube_venv/lib/python3.12/site-packages/airflow/example_dags/example_task_group_decorator.py
[2025-03-26T17:22:45.589+0000] {processor.py:925} INFO - DAG(s) 'example_task_group_decorator' retrieved from /home/ubuntu/customer_churn_youtube_venv/lib/python3.12/site-packages/airflow/example_dags/example_task_group_decorator.py
[2025-03-26T17:22:45.609+0000] {logging_mixin.py:190} INFO - [2025-03-26T17:22:45.609+0000] {dag.py:3239} INFO - Sync 1 DAGs
[2025-03-26T17:22:45.621+0000] {logging_mixin.py:190} INFO - [2025-03-26T17:22:45.621+0000] {dag.py:4180} INFO - Setting next_dagrun for example_task_group_decorator to None, run_after=None
[2025-03-26T17:22:45.642+0000] {processor.py:208} INFO - Processing /home/ubuntu/customer_churn_youtube_venv/lib/python3.12/site-packages/airflow/example_dags/example_task_group_decorator.py took 0.078 seconds
[2025-03-26T17:23:37.224+0000] {processor.py:186} INFO - Started process (PID=6895) to work on /home/ubuntu/customer_churn_youtube_venv/lib/python3.12/site-packages/airflow/example_dags/example_task_group_decorator.py
[2025-03-26T17:23:37.225+0000] {processor.py:914} INFO - Processing file /home/ubuntu/customer_churn_youtube_venv/lib/python3.12/site-packages/airflow/example_dags/example_task_group_decorator.py for tasks to queue
[2025-03-26T17:23:37.229+0000] {logging_mixin.py:190} INFO - [2025-03-26T17:23:37.228+0000] {dagbag.py:588} INFO - Filling up the DagBag from /home/ubuntu/customer_churn_youtube_venv/lib/python3.12/site-packages/airflow/example_dags/example_task_group_decorator.py
[2025-03-26T17:23:37.244+0000] {processor.py:925} INFO - DAG(s) 'example_task_group_decorator' retrieved from /home/ubuntu/customer_churn_youtube_venv/lib/python3.12/site-packages/airflow/example_dags/example_task_group_decorator.py
[2025-03-26T17:23:37.263+0000] {logging_mixin.py:190} INFO - [2025-03-26T17:23:37.263+0000] {dag.py:3239} INFO - Sync 1 DAGs
[2025-03-26T17:23:37.275+0000] {logging_mixin.py:190} INFO - [2025-03-26T17:23:37.275+0000] {dag.py:4180} INFO - Setting next_dagrun for example_task_group_decorator to None, run_after=None
[2025-03-26T17:23:37.298+0000] {processor.py:208} INFO - Processing /home/ubuntu/customer_churn_youtube_venv/lib/python3.12/site-packages/airflow/example_dags/example_task_group_decorator.py took 0.080 seconds
[2025-03-26T17:24:27.671+0000] {processor.py:186} INFO - Started process (PID=6948) to work on /home/ubuntu/customer_churn_youtube_venv/lib/python3.12/site-packages/airflow/example_dags/example_task_group_decorator.py
[2025-03-26T17:24:27.673+0000] {processor.py:914} INFO - Processing file /home/ubuntu/customer_churn_youtube_venv/lib/python3.12/site-packages/airflow/example_dags/example_task_group_decorator.py for tasks to queue
[2025-03-26T17:24:27.677+0000] {logging_mixin.py:190} INFO - [2025-03-26T17:24:27.676+0000] {dagbag.py:588} INFO - Filling up the DagBag from /home/ubuntu/customer_churn_youtube_venv/lib/python3.12/site-packages/airflow/example_dags/example_task_group_decorator.py
[2025-03-26T17:24:27.692+0000] {processor.py:925} INFO - DAG(s) 'example_task_group_decorator' retrieved from /home/ubuntu/customer_churn_youtube_venv/lib/python3.12/site-packages/airflow/example_dags/example_task_group_decorator.py
[2025-03-26T17:24:27.712+0000] {logging_mixin.py:190} INFO - [2025-03-26T17:24:27.711+0000] {dag.py:3239} INFO - Sync 1 DAGs
[2025-03-26T17:24:27.723+0000] {logging_mixin.py:190} INFO - [2025-03-26T17:24:27.723+0000] {dag.py:4180} INFO - Setting next_dagrun for example_task_group_decorator to None, run_after=None
[2025-03-26T17:24:27.745+0000] {processor.py:208} INFO - Processing /home/ubuntu/customer_churn_youtube_venv/lib/python3.12/site-packages/airflow/example_dags/example_task_group_decorator.py took 0.081 seconds
[2025-03-26T17:25:17.879+0000] {processor.py:186} INFO - Started process (PID=7004) to work on /home/ubuntu/customer_churn_youtube_venv/lib/python3.12/site-packages/airflow/example_dags/example_task_group_decorator.py
[2025-03-26T17:25:17.881+0000] {processor.py:914} INFO - Processing file /home/ubuntu/customer_churn_youtube_venv/lib/python3.12/site-packages/airflow/example_dags/example_task_group_decorator.py for tasks to queue
[2025-03-26T17:25:17.884+0000] {logging_mixin.py:190} INFO - [2025-03-26T17:25:17.883+0000] {dagbag.py:588} INFO - Filling up the DagBag from /home/ubuntu/customer_churn_youtube_venv/lib/python3.12/site-packages/airflow/example_dags/example_task_group_decorator.py
[2025-03-26T17:25:17.898+0000] {processor.py:925} INFO - DAG(s) 'example_task_group_decorator' retrieved from /home/ubuntu/customer_churn_youtube_venv/lib/python3.12/site-packages/airflow/example_dags/example_task_group_decorator.py
[2025-03-26T17:25:17.918+0000] {logging_mixin.py:190} INFO - [2025-03-26T17:25:17.918+0000] {dag.py:3239} INFO - Sync 1 DAGs
[2025-03-26T17:25:17.930+0000] {logging_mixin.py:190} INFO - [2025-03-26T17:25:17.930+0000] {dag.py:4180} INFO - Setting next_dagrun for example_task_group_decorator to None, run_after=None
[2025-03-26T17:25:17.951+0000] {processor.py:208} INFO - Processing /home/ubuntu/customer_churn_youtube_venv/lib/python3.12/site-packages/airflow/example_dags/example_task_group_decorator.py took 0.078 seconds
[2025-03-26T17:26:05.556+0000] {processor.py:186} INFO - Started process (PID=7055) to work on /home/ubuntu/customer_churn_youtube_venv/lib/python3.12/site-packages/airflow/example_dags/example_task_group_decorator.py
[2025-03-26T17:26:05.558+0000] {processor.py:914} INFO - Processing file /home/ubuntu/customer_churn_youtube_venv/lib/python3.12/site-packages/airflow/example_dags/example_task_group_decorator.py for tasks to queue
[2025-03-26T17:26:05.560+0000] {logging_mixin.py:190} INFO - [2025-03-26T17:26:05.560+0000] {dagbag.py:588} INFO - Filling up the DagBag from /home/ubuntu/customer_churn_youtube_venv/lib/python3.12/site-packages/airflow/example_dags/example_task_group_decorator.py
[2025-03-26T17:26:05.576+0000] {processor.py:925} INFO - DAG(s) 'example_task_group_decorator' retrieved from /home/ubuntu/customer_churn_youtube_venv/lib/python3.12/site-packages/airflow/example_dags/example_task_group_decorator.py
[2025-03-26T17:26:05.595+0000] {logging_mixin.py:190} INFO - [2025-03-26T17:26:05.595+0000] {dag.py:3239} INFO - Sync 1 DAGs
[2025-03-26T17:26:05.606+0000] {logging_mixin.py:190} INFO - [2025-03-26T17:26:05.606+0000] {dag.py:4180} INFO - Setting next_dagrun for example_task_group_decorator to None, run_after=None
[2025-03-26T17:26:05.628+0000] {processor.py:208} INFO - Processing /home/ubuntu/customer_churn_youtube_venv/lib/python3.12/site-packages/airflow/example_dags/example_task_group_decorator.py took 0.077 seconds
[2025-03-26T17:26:58.300+0000] {processor.py:186} INFO - Started process (PID=7107) to work on /home/ubuntu/customer_churn_youtube_venv/lib/python3.12/site-packages/airflow/example_dags/example_task_group_decorator.py
[2025-03-26T17:26:58.302+0000] {processor.py:914} INFO - Processing file /home/ubuntu/customer_churn_youtube_venv/lib/python3.12/site-packages/airflow/example_dags/example_task_group_decorator.py for tasks to queue
[2025-03-26T17:26:58.305+0000] {logging_mixin.py:190} INFO - [2025-03-26T17:26:58.304+0000] {dagbag.py:588} INFO - Filling up the DagBag from /home/ubuntu/customer_churn_youtube_venv/lib/python3.12/site-packages/airflow/example_dags/example_task_group_decorator.py
[2025-03-26T17:26:58.320+0000] {processor.py:925} INFO - DAG(s) 'example_task_group_decorator' retrieved from /home/ubuntu/customer_churn_youtube_venv/lib/python3.12/site-packages/airflow/example_dags/example_task_group_decorator.py
[2025-03-26T17:26:58.339+0000] {logging_mixin.py:190} INFO - [2025-03-26T17:26:58.339+0000] {dag.py:3239} INFO - Sync 1 DAGs
[2025-03-26T17:26:58.350+0000] {logging_mixin.py:190} INFO - [2025-03-26T17:26:58.350+0000] {dag.py:4180} INFO - Setting next_dagrun for example_task_group_decorator to None, run_after=None
[2025-03-26T17:26:58.372+0000] {processor.py:208} INFO - Processing /home/ubuntu/customer_churn_youtube_venv/lib/python3.12/site-packages/airflow/example_dags/example_task_group_decorator.py took 0.078 seconds
[2025-03-26T17:27:50.918+0000] {processor.py:186} INFO - Started process (PID=7207) to work on /home/ubuntu/customer_churn_youtube_venv/lib/python3.12/site-packages/airflow/example_dags/example_task_group_decorator.py
[2025-03-26T17:27:50.920+0000] {processor.py:914} INFO - Processing file /home/ubuntu/customer_churn_youtube_venv/lib/python3.12/site-packages/airflow/example_dags/example_task_group_decorator.py for tasks to queue
[2025-03-26T17:27:50.923+0000] {logging_mixin.py:190} INFO - [2025-03-26T17:27:50.923+0000] {dagbag.py:588} INFO - Filling up the DagBag from /home/ubuntu/customer_churn_youtube_venv/lib/python3.12/site-packages/airflow/example_dags/example_task_group_decorator.py
[2025-03-26T17:27:50.938+0000] {processor.py:925} INFO - DAG(s) 'example_task_group_decorator' retrieved from /home/ubuntu/customer_churn_youtube_venv/lib/python3.12/site-packages/airflow/example_dags/example_task_group_decorator.py
[2025-03-26T17:27:50.959+0000] {logging_mixin.py:190} INFO - [2025-03-26T17:27:50.959+0000] {dag.py:3239} INFO - Sync 1 DAGs
[2025-03-26T17:27:50.971+0000] {logging_mixin.py:190} INFO - [2025-03-26T17:27:50.971+0000] {dag.py:4180} INFO - Setting next_dagrun for example_task_group_decorator to None, run_after=None
[2025-03-26T17:27:50.993+0000] {processor.py:208} INFO - Processing /home/ubuntu/customer_churn_youtube_venv/lib/python3.12/site-packages/airflow/example_dags/example_task_group_decorator.py took 0.081 seconds
[2025-03-26T17:28:41.483+0000] {processor.py:186} INFO - Started process (PID=7261) to work on /home/ubuntu/customer_churn_youtube_venv/lib/python3.12/site-packages/airflow/example_dags/example_task_group_decorator.py
[2025-03-26T17:28:41.484+0000] {processor.py:914} INFO - Processing file /home/ubuntu/customer_churn_youtube_venv/lib/python3.12/site-packages/airflow/example_dags/example_task_group_decorator.py for tasks to queue
[2025-03-26T17:28:41.487+0000] {logging_mixin.py:190} INFO - [2025-03-26T17:28:41.486+0000] {dagbag.py:588} INFO - Filling up the DagBag from /home/ubuntu/customer_churn_youtube_venv/lib/python3.12/site-packages/airflow/example_dags/example_task_group_decorator.py
[2025-03-26T17:28:41.502+0000] {processor.py:925} INFO - DAG(s) 'example_task_group_decorator' retrieved from /home/ubuntu/customer_churn_youtube_venv/lib/python3.12/site-packages/airflow/example_dags/example_task_group_decorator.py
[2025-03-26T17:28:41.521+0000] {logging_mixin.py:190} INFO - [2025-03-26T17:28:41.521+0000] {dag.py:3239} INFO - Sync 1 DAGs
[2025-03-26T17:28:41.534+0000] {logging_mixin.py:190} INFO - [2025-03-26T17:28:41.533+0000] {dag.py:4180} INFO - Setting next_dagrun for example_task_group_decorator to None, run_after=None
[2025-03-26T17:28:41.556+0000] {processor.py:208} INFO - Processing /home/ubuntu/customer_churn_youtube_venv/lib/python3.12/site-packages/airflow/example_dags/example_task_group_decorator.py took 0.079 seconds
[2025-03-26T17:29:30.841+0000] {processor.py:186} INFO - Started process (PID=7313) to work on /home/ubuntu/customer_churn_youtube_venv/lib/python3.12/site-packages/airflow/example_dags/example_task_group_decorator.py
[2025-03-26T17:29:30.842+0000] {processor.py:914} INFO - Processing file /home/ubuntu/customer_churn_youtube_venv/lib/python3.12/site-packages/airflow/example_dags/example_task_group_decorator.py for tasks to queue
[2025-03-26T17:29:30.845+0000] {logging_mixin.py:190} INFO - [2025-03-26T17:29:30.845+0000] {dagbag.py:588} INFO - Filling up the DagBag from /home/ubuntu/customer_churn_youtube_venv/lib/python3.12/site-packages/airflow/example_dags/example_task_group_decorator.py
[2025-03-26T17:29:30.860+0000] {processor.py:925} INFO - DAG(s) 'example_task_group_decorator' retrieved from /home/ubuntu/customer_churn_youtube_venv/lib/python3.12/site-packages/airflow/example_dags/example_task_group_decorator.py
[2025-03-26T17:29:30.879+0000] {logging_mixin.py:190} INFO - [2025-03-26T17:29:30.879+0000] {dag.py:3239} INFO - Sync 1 DAGs
[2025-03-26T17:29:30.891+0000] {logging_mixin.py:190} INFO - [2025-03-26T17:29:30.891+0000] {dag.py:4180} INFO - Setting next_dagrun for example_task_group_decorator to None, run_after=None
[2025-03-26T17:29:30.911+0000] {processor.py:208} INFO - Processing /home/ubuntu/customer_churn_youtube_venv/lib/python3.12/site-packages/airflow/example_dags/example_task_group_decorator.py took 0.076 seconds
[2025-03-26T17:30:20.077+0000] {processor.py:186} INFO - Started process (PID=7369) to work on /home/ubuntu/customer_churn_youtube_venv/lib/python3.12/site-packages/airflow/example_dags/example_task_group_decorator.py
[2025-03-26T17:30:20.079+0000] {processor.py:914} INFO - Processing file /home/ubuntu/customer_churn_youtube_venv/lib/python3.12/site-packages/airflow/example_dags/example_task_group_decorator.py for tasks to queue
[2025-03-26T17:30:20.082+0000] {logging_mixin.py:190} INFO - [2025-03-26T17:30:20.081+0000] {dagbag.py:588} INFO - Filling up the DagBag from /home/ubuntu/customer_churn_youtube_venv/lib/python3.12/site-packages/airflow/example_dags/example_task_group_decorator.py
[2025-03-26T17:30:20.096+0000] {processor.py:925} INFO - DAG(s) 'example_task_group_decorator' retrieved from /home/ubuntu/customer_churn_youtube_venv/lib/python3.12/site-packages/airflow/example_dags/example_task_group_decorator.py
[2025-03-26T17:30:20.115+0000] {logging_mixin.py:190} INFO - [2025-03-26T17:30:20.115+0000] {dag.py:3239} INFO - Sync 1 DAGs
[2025-03-26T17:30:20.127+0000] {logging_mixin.py:190} INFO - [2025-03-26T17:30:20.127+0000] {dag.py:4180} INFO - Setting next_dagrun for example_task_group_decorator to None, run_after=None
[2025-03-26T17:30:20.150+0000] {processor.py:208} INFO - Processing /home/ubuntu/customer_churn_youtube_venv/lib/python3.12/site-packages/airflow/example_dags/example_task_group_decorator.py took 0.078 seconds
[2025-03-26T17:31:09.514+0000] {processor.py:186} INFO - Started process (PID=7420) to work on /home/ubuntu/customer_churn_youtube_venv/lib/python3.12/site-packages/airflow/example_dags/example_task_group_decorator.py
[2025-03-26T17:31:09.516+0000] {processor.py:914} INFO - Processing file /home/ubuntu/customer_churn_youtube_venv/lib/python3.12/site-packages/airflow/example_dags/example_task_group_decorator.py for tasks to queue
[2025-03-26T17:31:09.518+0000] {logging_mixin.py:190} INFO - [2025-03-26T17:31:09.518+0000] {dagbag.py:588} INFO - Filling up the DagBag from /home/ubuntu/customer_churn_youtube_venv/lib/python3.12/site-packages/airflow/example_dags/example_task_group_decorator.py
[2025-03-26T17:31:09.532+0000] {processor.py:925} INFO - DAG(s) 'example_task_group_decorator' retrieved from /home/ubuntu/customer_churn_youtube_venv/lib/python3.12/site-packages/airflow/example_dags/example_task_group_decorator.py
[2025-03-26T17:31:09.552+0000] {logging_mixin.py:190} INFO - [2025-03-26T17:31:09.552+0000] {dag.py:3239} INFO - Sync 1 DAGs
[2025-03-26T17:31:09.565+0000] {logging_mixin.py:190} INFO - [2025-03-26T17:31:09.565+0000] {dag.py:4180} INFO - Setting next_dagrun for example_task_group_decorator to None, run_after=None
[2025-03-26T17:31:09.587+0000] {processor.py:208} INFO - Processing /home/ubuntu/customer_churn_youtube_venv/lib/python3.12/site-packages/airflow/example_dags/example_task_group_decorator.py took 0.079 seconds
[2025-03-26T17:32:01.350+0000] {processor.py:186} INFO - Started process (PID=7473) to work on /home/ubuntu/customer_churn_youtube_venv/lib/python3.12/site-packages/airflow/example_dags/example_task_group_decorator.py
[2025-03-26T17:32:01.351+0000] {processor.py:914} INFO - Processing file /home/ubuntu/customer_churn_youtube_venv/lib/python3.12/site-packages/airflow/example_dags/example_task_group_decorator.py for tasks to queue
[2025-03-26T17:32:01.354+0000] {logging_mixin.py:190} INFO - [2025-03-26T17:32:01.354+0000] {dagbag.py:588} INFO - Filling up the DagBag from /home/ubuntu/customer_churn_youtube_venv/lib/python3.12/site-packages/airflow/example_dags/example_task_group_decorator.py
[2025-03-26T17:32:01.370+0000] {processor.py:925} INFO - DAG(s) 'example_task_group_decorator' retrieved from /home/ubuntu/customer_churn_youtube_venv/lib/python3.12/site-packages/airflow/example_dags/example_task_group_decorator.py
[2025-03-26T17:32:01.392+0000] {logging_mixin.py:190} INFO - [2025-03-26T17:32:01.391+0000] {dag.py:3239} INFO - Sync 1 DAGs
[2025-03-26T17:32:01.405+0000] {logging_mixin.py:190} INFO - [2025-03-26T17:32:01.405+0000] {dag.py:4180} INFO - Setting next_dagrun for example_task_group_decorator to None, run_after=None
[2025-03-26T17:32:01.429+0000] {processor.py:208} INFO - Processing /home/ubuntu/customer_churn_youtube_venv/lib/python3.12/site-packages/airflow/example_dags/example_task_group_decorator.py took 0.086 seconds
[2025-03-26T17:32:53.068+0000] {processor.py:186} INFO - Started process (PID=7566) to work on /home/ubuntu/customer_churn_youtube_venv/lib/python3.12/site-packages/airflow/example_dags/example_task_group_decorator.py
[2025-03-26T17:32:53.070+0000] {processor.py:914} INFO - Processing file /home/ubuntu/customer_churn_youtube_venv/lib/python3.12/site-packages/airflow/example_dags/example_task_group_decorator.py for tasks to queue
[2025-03-26T17:32:53.072+0000] {logging_mixin.py:190} INFO - [2025-03-26T17:32:53.072+0000] {dagbag.py:588} INFO - Filling up the DagBag from /home/ubuntu/customer_churn_youtube_venv/lib/python3.12/site-packages/airflow/example_dags/example_task_group_decorator.py
[2025-03-26T17:32:53.088+0000] {processor.py:925} INFO - DAG(s) 'example_task_group_decorator' retrieved from /home/ubuntu/customer_churn_youtube_venv/lib/python3.12/site-packages/airflow/example_dags/example_task_group_decorator.py
[2025-03-26T17:32:53.107+0000] {logging_mixin.py:190} INFO - [2025-03-26T17:32:53.107+0000] {dag.py:3239} INFO - Sync 1 DAGs
[2025-03-26T17:32:53.119+0000] {logging_mixin.py:190} INFO - [2025-03-26T17:32:53.118+0000] {dag.py:4180} INFO - Setting next_dagrun for example_task_group_decorator to None, run_after=None
[2025-03-26T17:32:53.139+0000] {processor.py:208} INFO - Processing /home/ubuntu/customer_churn_youtube_venv/lib/python3.12/site-packages/airflow/example_dags/example_task_group_decorator.py took 0.076 seconds
[2025-03-26T17:33:44.743+0000] {processor.py:186} INFO - Started process (PID=7620) to work on /home/ubuntu/customer_churn_youtube_venv/lib/python3.12/site-packages/airflow/example_dags/example_task_group_decorator.py
[2025-03-26T17:33:44.744+0000] {processor.py:914} INFO - Processing file /home/ubuntu/customer_churn_youtube_venv/lib/python3.12/site-packages/airflow/example_dags/example_task_group_decorator.py for tasks to queue
[2025-03-26T17:33:44.747+0000] {logging_mixin.py:190} INFO - [2025-03-26T17:33:44.747+0000] {dagbag.py:588} INFO - Filling up the DagBag from /home/ubuntu/customer_churn_youtube_venv/lib/python3.12/site-packages/airflow/example_dags/example_task_group_decorator.py
[2025-03-26T17:33:44.762+0000] {processor.py:925} INFO - DAG(s) 'example_task_group_decorator' retrieved from /home/ubuntu/customer_churn_youtube_venv/lib/python3.12/site-packages/airflow/example_dags/example_task_group_decorator.py
[2025-03-26T17:33:44.781+0000] {logging_mixin.py:190} INFO - [2025-03-26T17:33:44.781+0000] {dag.py:3239} INFO - Sync 1 DAGs
[2025-03-26T17:33:44.793+0000] {logging_mixin.py:190} INFO - [2025-03-26T17:33:44.793+0000] {dag.py:4180} INFO - Setting next_dagrun for example_task_group_decorator to None, run_after=None
[2025-03-26T17:33:44.814+0000] {processor.py:208} INFO - Processing /home/ubuntu/customer_churn_youtube_venv/lib/python3.12/site-packages/airflow/example_dags/example_task_group_decorator.py took 0.077 seconds
[2025-03-26T17:34:35.696+0000] {processor.py:186} INFO - Started process (PID=7672) to work on /home/ubuntu/customer_churn_youtube_venv/lib/python3.12/site-packages/airflow/example_dags/example_task_group_decorator.py
[2025-03-26T17:34:35.698+0000] {processor.py:914} INFO - Processing file /home/ubuntu/customer_churn_youtube_venv/lib/python3.12/site-packages/airflow/example_dags/example_task_group_decorator.py for tasks to queue
[2025-03-26T17:34:35.701+0000] {logging_mixin.py:190} INFO - [2025-03-26T17:34:35.700+0000] {dagbag.py:588} INFO - Filling up the DagBag from /home/ubuntu/customer_churn_youtube_venv/lib/python3.12/site-packages/airflow/example_dags/example_task_group_decorator.py
[2025-03-26T17:34:35.715+0000] {processor.py:925} INFO - DAG(s) 'example_task_group_decorator' retrieved from /home/ubuntu/customer_churn_youtube_venv/lib/python3.12/site-packages/airflow/example_dags/example_task_group_decorator.py
[2025-03-26T17:34:35.734+0000] {logging_mixin.py:190} INFO - [2025-03-26T17:34:35.733+0000] {dag.py:3239} INFO - Sync 1 DAGs
[2025-03-26T17:34:35.745+0000] {logging_mixin.py:190} INFO - [2025-03-26T17:34:35.745+0000] {dag.py:4180} INFO - Setting next_dagrun for example_task_group_decorator to None, run_after=None
[2025-03-26T17:34:35.767+0000] {processor.py:208} INFO - Processing /home/ubuntu/customer_churn_youtube_venv/lib/python3.12/site-packages/airflow/example_dags/example_task_group_decorator.py took 0.076 seconds
[2025-03-26T17:35:28.778+0000] {processor.py:186} INFO - Started process (PID=7733) to work on /home/ubuntu/customer_churn_youtube_venv/lib/python3.12/site-packages/airflow/example_dags/example_task_group_decorator.py
[2025-03-26T17:35:28.780+0000] {processor.py:914} INFO - Processing file /home/ubuntu/customer_churn_youtube_venv/lib/python3.12/site-packages/airflow/example_dags/example_task_group_decorator.py for tasks to queue
[2025-03-26T17:35:28.782+0000] {logging_mixin.py:190} INFO - [2025-03-26T17:35:28.782+0000] {dagbag.py:588} INFO - Filling up the DagBag from /home/ubuntu/customer_churn_youtube_venv/lib/python3.12/site-packages/airflow/example_dags/example_task_group_decorator.py
[2025-03-26T17:35:28.797+0000] {processor.py:925} INFO - DAG(s) 'example_task_group_decorator' retrieved from /home/ubuntu/customer_churn_youtube_venv/lib/python3.12/site-packages/airflow/example_dags/example_task_group_decorator.py
[2025-03-26T17:35:28.816+0000] {logging_mixin.py:190} INFO - [2025-03-26T17:35:28.816+0000] {dag.py:3239} INFO - Sync 1 DAGs
[2025-03-26T17:35:28.827+0000] {logging_mixin.py:190} INFO - [2025-03-26T17:35:28.827+0000] {dag.py:4180} INFO - Setting next_dagrun for example_task_group_decorator to None, run_after=None
[2025-03-26T17:35:28.850+0000] {processor.py:208} INFO - Processing /home/ubuntu/customer_churn_youtube_venv/lib/python3.12/site-packages/airflow/example_dags/example_task_group_decorator.py took 0.077 seconds
[2025-03-26T17:36:22.489+0000] {processor.py:186} INFO - Started process (PID=7789) to work on /home/ubuntu/customer_churn_youtube_venv/lib/python3.12/site-packages/airflow/example_dags/example_task_group_decorator.py
[2025-03-26T17:36:22.491+0000] {processor.py:914} INFO - Processing file /home/ubuntu/customer_churn_youtube_venv/lib/python3.12/site-packages/airflow/example_dags/example_task_group_decorator.py for tasks to queue
[2025-03-26T17:36:22.494+0000] {logging_mixin.py:190} INFO - [2025-03-26T17:36:22.494+0000] {dagbag.py:588} INFO - Filling up the DagBag from /home/ubuntu/customer_churn_youtube_venv/lib/python3.12/site-packages/airflow/example_dags/example_task_group_decorator.py
[2025-03-26T17:36:22.509+0000] {processor.py:925} INFO - DAG(s) 'example_task_group_decorator' retrieved from /home/ubuntu/customer_churn_youtube_venv/lib/python3.12/site-packages/airflow/example_dags/example_task_group_decorator.py
[2025-03-26T17:36:22.530+0000] {logging_mixin.py:190} INFO - [2025-03-26T17:36:22.530+0000] {dag.py:3239} INFO - Sync 1 DAGs
[2025-03-26T17:36:22.542+0000] {logging_mixin.py:190} INFO - [2025-03-26T17:36:22.542+0000] {dag.py:4180} INFO - Setting next_dagrun for example_task_group_decorator to None, run_after=None
[2025-03-26T17:36:22.563+0000] {processor.py:208} INFO - Processing /home/ubuntu/customer_churn_youtube_venv/lib/python3.12/site-packages/airflow/example_dags/example_task_group_decorator.py took 0.079 seconds
