[2025-03-26T17:13:45.499+0000] {processor.py:186} INFO - Started process (PID=6288) to work on /home/ubuntu/customer_churn_youtube_venv/lib/python3.12/site-packages/airflow/example_dags/example_latest_only.py
[2025-03-26T17:13:45.500+0000] {processor.py:914} INFO - Processing file /home/ubuntu/customer_churn_youtube_venv/lib/python3.12/site-packages/airflow/example_dags/example_latest_only.py for tasks to queue
[2025-03-26T17:13:45.502+0000] {logging_mixin.py:190} INFO - [2025-03-26T17:13:45.501+0000] {dagbag.py:588} INFO - Filling up the DagBag from /home/ubuntu/customer_churn_youtube_venv/lib/python3.12/site-packages/airflow/example_dags/example_latest_only.py
[2025-03-26T17:13:45.509+0000] {processor.py:925} INFO - DAG(s) 'latest_only' retrieved from /home/ubuntu/customer_churn_youtube_venv/lib/python3.12/site-packages/airflow/example_dags/example_latest_only.py
[2025-03-26T17:13:45.616+0000] {logging_mixin.py:190} INFO - [2025-03-26T17:13:45.615+0000] {override.py:1930} INFO - Created Permission View: can edit on DAG:latest_only
[2025-03-26T17:13:45.629+0000] {logging_mixin.py:190} INFO - [2025-03-26T17:13:45.628+0000] {override.py:1930} INFO - Created Permission View: can read on DAG:latest_only
[2025-03-26T17:13:45.639+0000] {logging_mixin.py:190} INFO - [2025-03-26T17:13:45.639+0000] {override.py:1930} INFO - Created Permission View: can delete on DAG:latest_only
[2025-03-26T17:13:45.658+0000] {logging_mixin.py:190} INFO - [2025-03-26T17:13:45.658+0000] {override.py:1930} INFO - Created Permission View: menu access on DAG Run:latest_only
[2025-03-26T17:13:45.670+0000] {logging_mixin.py:190} INFO - [2025-03-26T17:13:45.670+0000] {override.py:1930} INFO - Created Permission View: can create on DAG Run:latest_only
[2025-03-26T17:13:45.680+0000] {logging_mixin.py:190} INFO - [2025-03-26T17:13:45.680+0000] {override.py:1930} INFO - Created Permission View: can delete on DAG Run:latest_only
[2025-03-26T17:13:45.690+0000] {logging_mixin.py:190} INFO - [2025-03-26T17:13:45.690+0000] {override.py:1930} INFO - Created Permission View: can read on DAG Run:latest_only
[2025-03-26T17:13:45.690+0000] {logging_mixin.py:190} INFO - [2025-03-26T17:13:45.690+0000] {dag.py:3239} INFO - Sync 1 DAGs
[2025-03-26T17:13:45.700+0000] {logging_mixin.py:190} INFO - [2025-03-26T17:13:45.700+0000] {dag.py:3262} INFO - Creating ORM DAG for latest_only
[2025-03-26T17:13:45.707+0000] {logging_mixin.py:190} INFO - [2025-03-26T17:13:45.707+0000] {dag.py:4180} INFO - Setting next_dagrun for latest_only to 2025-03-26 12:00:00+00:00, run_after=2025-03-26 16:00:00+00:00
[2025-03-26T17:13:45.728+0000] {processor.py:208} INFO - Processing /home/ubuntu/customer_churn_youtube_venv/lib/python3.12/site-packages/airflow/example_dags/example_latest_only.py took 0.235 seconds
[2025-03-26T17:14:49.030+0000] {processor.py:186} INFO - Started process (PID=6345) to work on /home/ubuntu/customer_churn_youtube_venv/lib/python3.12/site-packages/airflow/example_dags/example_latest_only.py
[2025-03-26T17:14:49.032+0000] {processor.py:914} INFO - Processing file /home/ubuntu/customer_churn_youtube_venv/lib/python3.12/site-packages/airflow/example_dags/example_latest_only.py for tasks to queue
[2025-03-26T17:14:49.034+0000] {logging_mixin.py:190} INFO - [2025-03-26T17:14:49.033+0000] {dagbag.py:588} INFO - Filling up the DagBag from /home/ubuntu/customer_churn_youtube_venv/lib/python3.12/site-packages/airflow/example_dags/example_latest_only.py
[2025-03-26T17:14:49.041+0000] {processor.py:925} INFO - DAG(s) 'latest_only' retrieved from /home/ubuntu/customer_churn_youtube_venv/lib/python3.12/site-packages/airflow/example_dags/example_latest_only.py
[2025-03-26T17:14:49.054+0000] {logging_mixin.py:190} INFO - [2025-03-26T17:14:49.054+0000] {dag.py:3239} INFO - Sync 1 DAGs
[2025-03-26T17:14:49.073+0000] {logging_mixin.py:190} INFO - [2025-03-26T17:14:49.073+0000] {dag.py:4180} INFO - Setting next_dagrun for latest_only to 2025-03-26 12:00:00+00:00, run_after=2025-03-26 16:00:00+00:00
[2025-03-26T17:14:49.095+0000] {processor.py:208} INFO - Processing /home/ubuntu/customer_churn_youtube_venv/lib/python3.12/site-packages/airflow/example_dags/example_latest_only.py took 0.070 seconds
[2025-03-26T17:15:47.713+0000] {processor.py:186} INFO - Started process (PID=6412) to work on /home/ubuntu/customer_churn_youtube_venv/lib/python3.12/site-packages/airflow/example_dags/example_latest_only.py
[2025-03-26T17:15:47.715+0000] {processor.py:914} INFO - Processing file /home/ubuntu/customer_churn_youtube_venv/lib/python3.12/site-packages/airflow/example_dags/example_latest_only.py for tasks to queue
[2025-03-26T17:15:47.717+0000] {logging_mixin.py:190} INFO - [2025-03-26T17:15:47.716+0000] {dagbag.py:588} INFO - Filling up the DagBag from /home/ubuntu/customer_churn_youtube_venv/lib/python3.12/site-packages/airflow/example_dags/example_latest_only.py
[2025-03-26T17:15:47.725+0000] {processor.py:925} INFO - DAG(s) 'latest_only' retrieved from /home/ubuntu/customer_churn_youtube_venv/lib/python3.12/site-packages/airflow/example_dags/example_latest_only.py
[2025-03-26T17:15:47.739+0000] {logging_mixin.py:190} INFO - [2025-03-26T17:15:47.739+0000] {dag.py:3239} INFO - Sync 1 DAGs
[2025-03-26T17:15:47.758+0000] {logging_mixin.py:190} INFO - [2025-03-26T17:15:47.758+0000] {dag.py:4180} INFO - Setting next_dagrun for latest_only to 2025-03-26 12:00:00+00:00, run_after=2025-03-26 16:00:00+00:00
[2025-03-26T17:15:47.779+0000] {processor.py:208} INFO - Processing /home/ubuntu/customer_churn_youtube_venv/lib/python3.12/site-packages/airflow/example_dags/example_latest_only.py took 0.071 seconds
[2025-03-26T17:16:45.783+0000] {processor.py:186} INFO - Started process (PID=6469) to work on /home/ubuntu/customer_churn_youtube_venv/lib/python3.12/site-packages/airflow/example_dags/example_latest_only.py
[2025-03-26T17:16:45.785+0000] {processor.py:914} INFO - Processing file /home/ubuntu/customer_churn_youtube_venv/lib/python3.12/site-packages/airflow/example_dags/example_latest_only.py for tasks to queue
[2025-03-26T17:16:45.786+0000] {logging_mixin.py:190} INFO - [2025-03-26T17:16:45.786+0000] {dagbag.py:588} INFO - Filling up the DagBag from /home/ubuntu/customer_churn_youtube_venv/lib/python3.12/site-packages/airflow/example_dags/example_latest_only.py
[2025-03-26T17:16:45.794+0000] {processor.py:925} INFO - DAG(s) 'latest_only' retrieved from /home/ubuntu/customer_churn_youtube_venv/lib/python3.12/site-packages/airflow/example_dags/example_latest_only.py
[2025-03-26T17:16:45.810+0000] {logging_mixin.py:190} INFO - [2025-03-26T17:16:45.810+0000] {dag.py:3239} INFO - Sync 1 DAGs
[2025-03-26T17:16:45.829+0000] {logging_mixin.py:190} INFO - [2025-03-26T17:16:45.828+0000] {dag.py:4180} INFO - Setting next_dagrun for latest_only to 2025-03-26 12:00:00+00:00, run_after=2025-03-26 16:00:00+00:00
[2025-03-26T17:16:45.852+0000] {processor.py:208} INFO - Processing /home/ubuntu/customer_churn_youtube_venv/lib/python3.12/site-packages/airflow/example_dags/example_latest_only.py took 0.074 seconds
[2025-03-26T17:17:40.985+0000] {processor.py:186} INFO - Started process (PID=6531) to work on /home/ubuntu/customer_churn_youtube_venv/lib/python3.12/site-packages/airflow/example_dags/example_latest_only.py
[2025-03-26T17:17:40.987+0000] {processor.py:914} INFO - Processing file /home/ubuntu/customer_churn_youtube_venv/lib/python3.12/site-packages/airflow/example_dags/example_latest_only.py for tasks to queue
[2025-03-26T17:17:40.989+0000] {logging_mixin.py:190} INFO - [2025-03-26T17:17:40.989+0000] {dagbag.py:588} INFO - Filling up the DagBag from /home/ubuntu/customer_churn_youtube_venv/lib/python3.12/site-packages/airflow/example_dags/example_latest_only.py
[2025-03-26T17:17:40.996+0000] {processor.py:925} INFO - DAG(s) 'latest_only' retrieved from /home/ubuntu/customer_churn_youtube_venv/lib/python3.12/site-packages/airflow/example_dags/example_latest_only.py
[2025-03-26T17:17:41.012+0000] {logging_mixin.py:190} INFO - [2025-03-26T17:17:41.012+0000] {dag.py:3239} INFO - Sync 1 DAGs
[2025-03-26T17:17:41.030+0000] {logging_mixin.py:190} INFO - [2025-03-26T17:17:41.030+0000] {dag.py:4180} INFO - Setting next_dagrun for latest_only to 2025-03-26 12:00:00+00:00, run_after=2025-03-26 16:00:00+00:00
[2025-03-26T17:17:41.049+0000] {processor.py:208} INFO - Processing /home/ubuntu/customer_churn_youtube_venv/lib/python3.12/site-packages/airflow/example_dags/example_latest_only.py took 0.070 seconds
[2025-03-26T17:18:31.197+0000] {processor.py:186} INFO - Started process (PID=6583) to work on /home/ubuntu/customer_churn_youtube_venv/lib/python3.12/site-packages/airflow/example_dags/example_latest_only.py
[2025-03-26T17:18:31.199+0000] {processor.py:914} INFO - Processing file /home/ubuntu/customer_churn_youtube_venv/lib/python3.12/site-packages/airflow/example_dags/example_latest_only.py for tasks to queue
[2025-03-26T17:18:31.201+0000] {logging_mixin.py:190} INFO - [2025-03-26T17:18:31.200+0000] {dagbag.py:588} INFO - Filling up the DagBag from /home/ubuntu/customer_churn_youtube_venv/lib/python3.12/site-packages/airflow/example_dags/example_latest_only.py
[2025-03-26T17:18:31.208+0000] {processor.py:925} INFO - DAG(s) 'latest_only' retrieved from /home/ubuntu/customer_churn_youtube_venv/lib/python3.12/site-packages/airflow/example_dags/example_latest_only.py
[2025-03-26T17:18:31.221+0000] {logging_mixin.py:190} INFO - [2025-03-26T17:18:31.221+0000] {dag.py:3239} INFO - Sync 1 DAGs
[2025-03-26T17:18:31.240+0000] {logging_mixin.py:190} INFO - [2025-03-26T17:18:31.239+0000] {dag.py:4180} INFO - Setting next_dagrun for latest_only to 2025-03-26 12:00:00+00:00, run_after=2025-03-26 16:00:00+00:00
[2025-03-26T17:18:31.271+0000] {processor.py:208} INFO - Processing /home/ubuntu/customer_churn_youtube_venv/lib/python3.12/site-packages/airflow/example_dags/example_latest_only.py took 0.079 seconds
[2025-03-26T17:19:26.911+0000] {processor.py:186} INFO - Started process (PID=6637) to work on /home/ubuntu/customer_churn_youtube_venv/lib/python3.12/site-packages/airflow/example_dags/example_latest_only.py
[2025-03-26T17:19:26.913+0000] {processor.py:914} INFO - Processing file /home/ubuntu/customer_churn_youtube_venv/lib/python3.12/site-packages/airflow/example_dags/example_latest_only.py for tasks to queue
[2025-03-26T17:19:26.915+0000] {logging_mixin.py:190} INFO - [2025-03-26T17:19:26.915+0000] {dagbag.py:588} INFO - Filling up the DagBag from /home/ubuntu/customer_churn_youtube_venv/lib/python3.12/site-packages/airflow/example_dags/example_latest_only.py
[2025-03-26T17:19:26.922+0000] {processor.py:925} INFO - DAG(s) 'latest_only' retrieved from /home/ubuntu/customer_churn_youtube_venv/lib/python3.12/site-packages/airflow/example_dags/example_latest_only.py
[2025-03-26T17:19:27.059+0000] {logging_mixin.py:190} INFO - [2025-03-26T17:19:27.058+0000] {dag.py:3239} INFO - Sync 1 DAGs
[2025-03-26T17:19:27.074+0000] {logging_mixin.py:190} INFO - [2025-03-26T17:19:27.074+0000] {dag.py:4180} INFO - Setting next_dagrun for latest_only to 2025-03-26 12:00:00+00:00, run_after=2025-03-26 16:00:00+00:00
[2025-03-26T17:19:27.095+0000] {processor.py:208} INFO - Processing /home/ubuntu/customer_churn_youtube_venv/lib/python3.12/site-packages/airflow/example_dags/example_latest_only.py took 0.189 seconds
[2025-03-26T17:20:28.302+0000] {processor.py:186} INFO - Started process (PID=6701) to work on /home/ubuntu/customer_churn_youtube_venv/lib/python3.12/site-packages/airflow/example_dags/example_latest_only.py
[2025-03-26T17:20:28.303+0000] {processor.py:914} INFO - Processing file /home/ubuntu/customer_churn_youtube_venv/lib/python3.12/site-packages/airflow/example_dags/example_latest_only.py for tasks to queue
[2025-03-26T17:20:28.306+0000] {logging_mixin.py:190} INFO - [2025-03-26T17:20:28.306+0000] {dagbag.py:588} INFO - Filling up the DagBag from /home/ubuntu/customer_churn_youtube_venv/lib/python3.12/site-packages/airflow/example_dags/example_latest_only.py
[2025-03-26T17:20:28.313+0000] {processor.py:925} INFO - DAG(s) 'latest_only' retrieved from /home/ubuntu/customer_churn_youtube_venv/lib/python3.12/site-packages/airflow/example_dags/example_latest_only.py
[2025-03-26T17:20:28.327+0000] {logging_mixin.py:190} INFO - [2025-03-26T17:20:28.327+0000] {dag.py:3239} INFO - Sync 1 DAGs
[2025-03-26T17:20:28.347+0000] {logging_mixin.py:190} INFO - [2025-03-26T17:20:28.347+0000] {dag.py:4180} INFO - Setting next_dagrun for latest_only to 2025-03-26 12:00:00+00:00, run_after=2025-03-26 16:00:00+00:00
[2025-03-26T17:20:28.369+0000] {processor.py:208} INFO - Processing /home/ubuntu/customer_churn_youtube_venv/lib/python3.12/site-packages/airflow/example_dags/example_latest_only.py took 0.073 seconds
[2025-03-26T17:21:21.019+0000] {processor.py:186} INFO - Started process (PID=6756) to work on /home/ubuntu/customer_churn_youtube_venv/lib/python3.12/site-packages/airflow/example_dags/example_latest_only.py
[2025-03-26T17:21:21.021+0000] {processor.py:914} INFO - Processing file /home/ubuntu/customer_churn_youtube_venv/lib/python3.12/site-packages/airflow/example_dags/example_latest_only.py for tasks to queue
[2025-03-26T17:21:21.023+0000] {logging_mixin.py:190} INFO - [2025-03-26T17:21:21.022+0000] {dagbag.py:588} INFO - Filling up the DagBag from /home/ubuntu/customer_churn_youtube_venv/lib/python3.12/site-packages/airflow/example_dags/example_latest_only.py
[2025-03-26T17:21:21.031+0000] {processor.py:925} INFO - DAG(s) 'latest_only' retrieved from /home/ubuntu/customer_churn_youtube_venv/lib/python3.12/site-packages/airflow/example_dags/example_latest_only.py
[2025-03-26T17:21:21.046+0000] {logging_mixin.py:190} INFO - [2025-03-26T17:21:21.045+0000] {dag.py:3239} INFO - Sync 1 DAGs
[2025-03-26T17:21:21.065+0000] {logging_mixin.py:190} INFO - [2025-03-26T17:21:21.065+0000] {dag.py:4180} INFO - Setting next_dagrun for latest_only to 2025-03-26 12:00:00+00:00, run_after=2025-03-26 16:00:00+00:00
[2025-03-26T17:21:21.089+0000] {processor.py:208} INFO - Processing /home/ubuntu/customer_churn_youtube_venv/lib/python3.12/site-packages/airflow/example_dags/example_latest_only.py took 0.074 seconds
[2025-03-26T17:22:12.958+0000] {processor.py:186} INFO - Started process (PID=6810) to work on /home/ubuntu/customer_churn_youtube_venv/lib/python3.12/site-packages/airflow/example_dags/example_latest_only.py
[2025-03-26T17:22:12.960+0000] {processor.py:914} INFO - Processing file /home/ubuntu/customer_churn_youtube_venv/lib/python3.12/site-packages/airflow/example_dags/example_latest_only.py for tasks to queue
[2025-03-26T17:22:12.962+0000] {logging_mixin.py:190} INFO - [2025-03-26T17:22:12.962+0000] {dagbag.py:588} INFO - Filling up the DagBag from /home/ubuntu/customer_churn_youtube_venv/lib/python3.12/site-packages/airflow/example_dags/example_latest_only.py
[2025-03-26T17:22:12.969+0000] {processor.py:925} INFO - DAG(s) 'latest_only' retrieved from /home/ubuntu/customer_churn_youtube_venv/lib/python3.12/site-packages/airflow/example_dags/example_latest_only.py
[2025-03-26T17:22:12.985+0000] {logging_mixin.py:190} INFO - [2025-03-26T17:22:12.985+0000] {dag.py:3239} INFO - Sync 1 DAGs
[2025-03-26T17:22:13.005+0000] {logging_mixin.py:190} INFO - [2025-03-26T17:22:13.005+0000] {dag.py:4180} INFO - Setting next_dagrun for latest_only to 2025-03-26 12:00:00+00:00, run_after=2025-03-26 16:00:00+00:00
[2025-03-26T17:22:13.026+0000] {processor.py:208} INFO - Processing /home/ubuntu/customer_churn_youtube_venv/lib/python3.12/site-packages/airflow/example_dags/example_latest_only.py took 0.074 seconds
[2025-03-26T17:23:04.978+0000] {processor.py:186} INFO - Started process (PID=6862) to work on /home/ubuntu/customer_churn_youtube_venv/lib/python3.12/site-packages/airflow/example_dags/example_latest_only.py
[2025-03-26T17:23:04.981+0000] {processor.py:914} INFO - Processing file /home/ubuntu/customer_churn_youtube_venv/lib/python3.12/site-packages/airflow/example_dags/example_latest_only.py for tasks to queue
[2025-03-26T17:23:04.983+0000] {logging_mixin.py:190} INFO - [2025-03-26T17:23:04.982+0000] {dagbag.py:588} INFO - Filling up the DagBag from /home/ubuntu/customer_churn_youtube_venv/lib/python3.12/site-packages/airflow/example_dags/example_latest_only.py
[2025-03-26T17:23:04.989+0000] {processor.py:925} INFO - DAG(s) 'latest_only' retrieved from /home/ubuntu/customer_churn_youtube_venv/lib/python3.12/site-packages/airflow/example_dags/example_latest_only.py
[2025-03-26T17:23:05.005+0000] {logging_mixin.py:190} INFO - [2025-03-26T17:23:05.005+0000] {dag.py:3239} INFO - Sync 1 DAGs
[2025-03-26T17:23:05.024+0000] {logging_mixin.py:190} INFO - [2025-03-26T17:23:05.024+0000] {dag.py:4180} INFO - Setting next_dagrun for latest_only to 2025-03-26 12:00:00+00:00, run_after=2025-03-26 16:00:00+00:00
[2025-03-26T17:23:05.046+0000] {processor.py:208} INFO - Processing /home/ubuntu/customer_churn_youtube_venv/lib/python3.12/site-packages/airflow/example_dags/example_latest_only.py took 0.073 seconds
[2025-03-26T17:23:57.918+0000] {processor.py:186} INFO - Started process (PID=6916) to work on /home/ubuntu/customer_churn_youtube_venv/lib/python3.12/site-packages/airflow/example_dags/example_latest_only.py
[2025-03-26T17:23:57.920+0000] {processor.py:914} INFO - Processing file /home/ubuntu/customer_churn_youtube_venv/lib/python3.12/site-packages/airflow/example_dags/example_latest_only.py for tasks to queue
[2025-03-26T17:23:57.922+0000] {logging_mixin.py:190} INFO - [2025-03-26T17:23:57.921+0000] {dagbag.py:588} INFO - Filling up the DagBag from /home/ubuntu/customer_churn_youtube_venv/lib/python3.12/site-packages/airflow/example_dags/example_latest_only.py
[2025-03-26T17:23:57.929+0000] {processor.py:925} INFO - DAG(s) 'latest_only' retrieved from /home/ubuntu/customer_churn_youtube_venv/lib/python3.12/site-packages/airflow/example_dags/example_latest_only.py
[2025-03-26T17:23:57.944+0000] {logging_mixin.py:190} INFO - [2025-03-26T17:23:57.943+0000] {dag.py:3239} INFO - Sync 1 DAGs
[2025-03-26T17:23:57.964+0000] {logging_mixin.py:190} INFO - [2025-03-26T17:23:57.963+0000] {dag.py:4180} INFO - Setting next_dagrun for latest_only to 2025-03-26 12:00:00+00:00, run_after=2025-03-26 16:00:00+00:00
[2025-03-26T17:23:57.984+0000] {processor.py:208} INFO - Processing /home/ubuntu/customer_churn_youtube_venv/lib/python3.12/site-packages/airflow/example_dags/example_latest_only.py took 0.071 seconds
[2025-03-26T17:24:49.517+0000] {processor.py:186} INFO - Started process (PID=6969) to work on /home/ubuntu/customer_churn_youtube_venv/lib/python3.12/site-packages/airflow/example_dags/example_latest_only.py
[2025-03-26T17:24:49.520+0000] {processor.py:914} INFO - Processing file /home/ubuntu/customer_churn_youtube_venv/lib/python3.12/site-packages/airflow/example_dags/example_latest_only.py for tasks to queue
[2025-03-26T17:24:49.522+0000] {logging_mixin.py:190} INFO - [2025-03-26T17:24:49.521+0000] {dagbag.py:588} INFO - Filling up the DagBag from /home/ubuntu/customer_churn_youtube_venv/lib/python3.12/site-packages/airflow/example_dags/example_latest_only.py
[2025-03-26T17:24:49.529+0000] {processor.py:925} INFO - DAG(s) 'latest_only' retrieved from /home/ubuntu/customer_churn_youtube_venv/lib/python3.12/site-packages/airflow/example_dags/example_latest_only.py
[2025-03-26T17:24:49.545+0000] {logging_mixin.py:190} INFO - [2025-03-26T17:24:49.545+0000] {dag.py:3239} INFO - Sync 1 DAGs
[2025-03-26T17:24:49.564+0000] {logging_mixin.py:190} INFO - [2025-03-26T17:24:49.564+0000] {dag.py:4180} INFO - Setting next_dagrun for latest_only to 2025-03-26 12:00:00+00:00, run_after=2025-03-26 16:00:00+00:00
[2025-03-26T17:24:49.587+0000] {processor.py:208} INFO - Processing /home/ubuntu/customer_churn_youtube_venv/lib/python3.12/site-packages/airflow/example_dags/example_latest_only.py took 0.076 seconds
[2025-03-26T17:25:39.857+0000] {processor.py:186} INFO - Started process (PID=7027) to work on /home/ubuntu/customer_churn_youtube_venv/lib/python3.12/site-packages/airflow/example_dags/example_latest_only.py
[2025-03-26T17:25:39.859+0000] {processor.py:914} INFO - Processing file /home/ubuntu/customer_churn_youtube_venv/lib/python3.12/site-packages/airflow/example_dags/example_latest_only.py for tasks to queue
[2025-03-26T17:25:39.861+0000] {logging_mixin.py:190} INFO - [2025-03-26T17:25:39.861+0000] {dagbag.py:588} INFO - Filling up the DagBag from /home/ubuntu/customer_churn_youtube_venv/lib/python3.12/site-packages/airflow/example_dags/example_latest_only.py
[2025-03-26T17:25:39.868+0000] {processor.py:925} INFO - DAG(s) 'latest_only' retrieved from /home/ubuntu/customer_churn_youtube_venv/lib/python3.12/site-packages/airflow/example_dags/example_latest_only.py
[2025-03-26T17:25:39.883+0000] {logging_mixin.py:190} INFO - [2025-03-26T17:25:39.883+0000] {dag.py:3239} INFO - Sync 1 DAGs
[2025-03-26T17:25:39.902+0000] {logging_mixin.py:190} INFO - [2025-03-26T17:25:39.902+0000] {dag.py:4180} INFO - Setting next_dagrun for latest_only to 2025-03-26 12:00:00+00:00, run_after=2025-03-26 16:00:00+00:00
[2025-03-26T17:25:39.922+0000] {processor.py:208} INFO - Processing /home/ubuntu/customer_churn_youtube_venv/lib/python3.12/site-packages/airflow/example_dags/example_latest_only.py took 0.070 seconds
[2025-03-26T17:26:29.332+0000] {processor.py:186} INFO - Started process (PID=7078) to work on /home/ubuntu/customer_churn_youtube_venv/lib/python3.12/site-packages/airflow/example_dags/example_latest_only.py
[2025-03-26T17:26:29.334+0000] {processor.py:914} INFO - Processing file /home/ubuntu/customer_churn_youtube_venv/lib/python3.12/site-packages/airflow/example_dags/example_latest_only.py for tasks to queue
[2025-03-26T17:26:29.337+0000] {logging_mixin.py:190} INFO - [2025-03-26T17:26:29.336+0000] {dagbag.py:588} INFO - Filling up the DagBag from /home/ubuntu/customer_churn_youtube_venv/lib/python3.12/site-packages/airflow/example_dags/example_latest_only.py
[2025-03-26T17:26:29.345+0000] {processor.py:925} INFO - DAG(s) 'latest_only' retrieved from /home/ubuntu/customer_churn_youtube_venv/lib/python3.12/site-packages/airflow/example_dags/example_latest_only.py
[2025-03-26T17:26:29.362+0000] {logging_mixin.py:190} INFO - [2025-03-26T17:26:29.362+0000] {dag.py:3239} INFO - Sync 1 DAGs
[2025-03-26T17:26:29.385+0000] {logging_mixin.py:190} INFO - [2025-03-26T17:26:29.385+0000] {dag.py:4180} INFO - Setting next_dagrun for latest_only to 2025-03-26 12:00:00+00:00, run_after=2025-03-26 16:00:00+00:00
[2025-03-26T17:26:29.408+0000] {processor.py:208} INFO - Processing /home/ubuntu/customer_churn_youtube_venv/lib/python3.12/site-packages/airflow/example_dags/example_latest_only.py took 0.081 seconds
[2025-03-26T17:27:20.131+0000] {processor.py:186} INFO - Started process (PID=7131) to work on /home/ubuntu/customer_churn_youtube_venv/lib/python3.12/site-packages/airflow/example_dags/example_latest_only.py
[2025-03-26T17:27:20.133+0000] {processor.py:914} INFO - Processing file /home/ubuntu/customer_churn_youtube_venv/lib/python3.12/site-packages/airflow/example_dags/example_latest_only.py for tasks to queue
[2025-03-26T17:27:20.135+0000] {logging_mixin.py:190} INFO - [2025-03-26T17:27:20.134+0000] {dagbag.py:588} INFO - Filling up the DagBag from /home/ubuntu/customer_churn_youtube_venv/lib/python3.12/site-packages/airflow/example_dags/example_latest_only.py
[2025-03-26T17:27:20.143+0000] {processor.py:925} INFO - DAG(s) 'latest_only' retrieved from /home/ubuntu/customer_churn_youtube_venv/lib/python3.12/site-packages/airflow/example_dags/example_latest_only.py
[2025-03-26T17:27:20.158+0000] {logging_mixin.py:190} INFO - [2025-03-26T17:27:20.157+0000] {dag.py:3239} INFO - Sync 1 DAGs
[2025-03-26T17:27:20.176+0000] {logging_mixin.py:190} INFO - [2025-03-26T17:27:20.175+0000] {dag.py:4180} INFO - Setting next_dagrun for latest_only to 2025-03-26 12:00:00+00:00, run_after=2025-03-26 16:00:00+00:00
[2025-03-26T17:27:20.196+0000] {processor.py:208} INFO - Processing /home/ubuntu/customer_churn_youtube_venv/lib/python3.12/site-packages/airflow/example_dags/example_latest_only.py took 0.070 seconds
[2025-03-26T17:28:10.482+0000] {processor.py:186} INFO - Started process (PID=7229) to work on /home/ubuntu/customer_churn_youtube_venv/lib/python3.12/site-packages/airflow/example_dags/example_latest_only.py
[2025-03-26T17:28:10.484+0000] {processor.py:914} INFO - Processing file /home/ubuntu/customer_churn_youtube_venv/lib/python3.12/site-packages/airflow/example_dags/example_latest_only.py for tasks to queue
[2025-03-26T17:28:10.486+0000] {logging_mixin.py:190} INFO - [2025-03-26T17:28:10.485+0000] {dagbag.py:588} INFO - Filling up the DagBag from /home/ubuntu/customer_churn_youtube_venv/lib/python3.12/site-packages/airflow/example_dags/example_latest_only.py
[2025-03-26T17:28:10.494+0000] {processor.py:925} INFO - DAG(s) 'latest_only' retrieved from /home/ubuntu/customer_churn_youtube_venv/lib/python3.12/site-packages/airflow/example_dags/example_latest_only.py
[2025-03-26T17:28:10.508+0000] {logging_mixin.py:190} INFO - [2025-03-26T17:28:10.508+0000] {dag.py:3239} INFO - Sync 1 DAGs
[2025-03-26T17:28:10.528+0000] {logging_mixin.py:190} INFO - [2025-03-26T17:28:10.527+0000] {dag.py:4180} INFO - Setting next_dagrun for latest_only to 2025-03-26 12:00:00+00:00, run_after=2025-03-26 16:00:00+00:00
[2025-03-26T17:28:10.548+0000] {processor.py:208} INFO - Processing /home/ubuntu/customer_churn_youtube_venv/lib/python3.12/site-packages/airflow/example_dags/example_latest_only.py took 0.071 seconds
[2025-03-26T17:29:02.118+0000] {processor.py:186} INFO - Started process (PID=7282) to work on /home/ubuntu/customer_churn_youtube_venv/lib/python3.12/site-packages/airflow/example_dags/example_latest_only.py
[2025-03-26T17:29:02.120+0000] {processor.py:914} INFO - Processing file /home/ubuntu/customer_churn_youtube_venv/lib/python3.12/site-packages/airflow/example_dags/example_latest_only.py for tasks to queue
[2025-03-26T17:29:02.123+0000] {logging_mixin.py:190} INFO - [2025-03-26T17:29:02.123+0000] {dagbag.py:588} INFO - Filling up the DagBag from /home/ubuntu/customer_churn_youtube_venv/lib/python3.12/site-packages/airflow/example_dags/example_latest_only.py
[2025-03-26T17:29:02.131+0000] {processor.py:925} INFO - DAG(s) 'latest_only' retrieved from /home/ubuntu/customer_churn_youtube_venv/lib/python3.12/site-packages/airflow/example_dags/example_latest_only.py
[2025-03-26T17:29:02.148+0000] {logging_mixin.py:190} INFO - [2025-03-26T17:29:02.148+0000] {dag.py:3239} INFO - Sync 1 DAGs
[2025-03-26T17:29:02.170+0000] {logging_mixin.py:190} INFO - [2025-03-26T17:29:02.170+0000] {dag.py:4180} INFO - Setting next_dagrun for latest_only to 2025-03-26 12:00:00+00:00, run_after=2025-03-26 16:00:00+00:00
[2025-03-26T17:29:02.194+0000] {processor.py:208} INFO - Processing /home/ubuntu/customer_churn_youtube_venv/lib/python3.12/site-packages/airflow/example_dags/example_latest_only.py took 0.081 seconds
[2025-03-26T17:29:52.035+0000] {processor.py:186} INFO - Started process (PID=7335) to work on /home/ubuntu/customer_churn_youtube_venv/lib/python3.12/site-packages/airflow/example_dags/example_latest_only.py
[2025-03-26T17:29:52.036+0000] {processor.py:914} INFO - Processing file /home/ubuntu/customer_churn_youtube_venv/lib/python3.12/site-packages/airflow/example_dags/example_latest_only.py for tasks to queue
[2025-03-26T17:29:52.039+0000] {logging_mixin.py:190} INFO - [2025-03-26T17:29:52.039+0000] {dagbag.py:588} INFO - Filling up the DagBag from /home/ubuntu/customer_churn_youtube_venv/lib/python3.12/site-packages/airflow/example_dags/example_latest_only.py
[2025-03-26T17:29:52.048+0000] {processor.py:925} INFO - DAG(s) 'latest_only' retrieved from /home/ubuntu/customer_churn_youtube_venv/lib/python3.12/site-packages/airflow/example_dags/example_latest_only.py
[2025-03-26T17:29:52.063+0000] {logging_mixin.py:190} INFO - [2025-03-26T17:29:52.063+0000] {dag.py:3239} INFO - Sync 1 DAGs
[2025-03-26T17:29:52.083+0000] {logging_mixin.py:190} INFO - [2025-03-26T17:29:52.082+0000] {dag.py:4180} INFO - Setting next_dagrun for latest_only to 2025-03-26 12:00:00+00:00, run_after=2025-03-26 16:00:00+00:00
[2025-03-26T17:29:52.106+0000] {processor.py:208} INFO - Processing /home/ubuntu/customer_churn_youtube_venv/lib/python3.12/site-packages/airflow/example_dags/example_latest_only.py took 0.077 seconds
[2025-03-26T17:30:41.523+0000] {processor.py:186} INFO - Started process (PID=7391) to work on /home/ubuntu/customer_churn_youtube_venv/lib/python3.12/site-packages/airflow/example_dags/example_latest_only.py
[2025-03-26T17:30:41.525+0000] {processor.py:914} INFO - Processing file /home/ubuntu/customer_churn_youtube_venv/lib/python3.12/site-packages/airflow/example_dags/example_latest_only.py for tasks to queue
[2025-03-26T17:30:41.526+0000] {logging_mixin.py:190} INFO - [2025-03-26T17:30:41.526+0000] {dagbag.py:588} INFO - Filling up the DagBag from /home/ubuntu/customer_churn_youtube_venv/lib/python3.12/site-packages/airflow/example_dags/example_latest_only.py
[2025-03-26T17:30:41.534+0000] {processor.py:925} INFO - DAG(s) 'latest_only' retrieved from /home/ubuntu/customer_churn_youtube_venv/lib/python3.12/site-packages/airflow/example_dags/example_latest_only.py
[2025-03-26T17:30:41.548+0000] {logging_mixin.py:190} INFO - [2025-03-26T17:30:41.548+0000] {dag.py:3239} INFO - Sync 1 DAGs
[2025-03-26T17:30:41.567+0000] {logging_mixin.py:190} INFO - [2025-03-26T17:30:41.567+0000] {dag.py:4180} INFO - Setting next_dagrun for latest_only to 2025-03-26 12:00:00+00:00, run_after=2025-03-26 16:00:00+00:00
[2025-03-26T17:30:41.588+0000] {processor.py:208} INFO - Processing /home/ubuntu/customer_churn_youtube_venv/lib/python3.12/site-packages/airflow/example_dags/example_latest_only.py took 0.070 seconds
[2025-03-26T17:31:31.721+0000] {processor.py:186} INFO - Started process (PID=7443) to work on /home/ubuntu/customer_churn_youtube_venv/lib/python3.12/site-packages/airflow/example_dags/example_latest_only.py
[2025-03-26T17:31:31.723+0000] {processor.py:914} INFO - Processing file /home/ubuntu/customer_churn_youtube_venv/lib/python3.12/site-packages/airflow/example_dags/example_latest_only.py for tasks to queue
[2025-03-26T17:31:31.725+0000] {logging_mixin.py:190} INFO - [2025-03-26T17:31:31.725+0000] {dagbag.py:588} INFO - Filling up the DagBag from /home/ubuntu/customer_churn_youtube_venv/lib/python3.12/site-packages/airflow/example_dags/example_latest_only.py
[2025-03-26T17:31:31.733+0000] {processor.py:925} INFO - DAG(s) 'latest_only' retrieved from /home/ubuntu/customer_churn_youtube_venv/lib/python3.12/site-packages/airflow/example_dags/example_latest_only.py
[2025-03-26T17:31:31.748+0000] {logging_mixin.py:190} INFO - [2025-03-26T17:31:31.747+0000] {dag.py:3239} INFO - Sync 1 DAGs
[2025-03-26T17:31:31.767+0000] {logging_mixin.py:190} INFO - [2025-03-26T17:31:31.767+0000] {dag.py:4180} INFO - Setting next_dagrun for latest_only to 2025-03-26 12:00:00+00:00, run_after=2025-03-26 16:00:00+00:00
[2025-03-26T17:31:31.796+0000] {processor.py:208} INFO - Processing /home/ubuntu/customer_churn_youtube_venv/lib/python3.12/site-packages/airflow/example_dags/example_latest_only.py took 0.080 seconds
[2025-03-26T17:32:23.364+0000] {processor.py:186} INFO - Started process (PID=7536) to work on /home/ubuntu/customer_churn_youtube_venv/lib/python3.12/site-packages/airflow/example_dags/example_latest_only.py
[2025-03-26T17:32:23.365+0000] {processor.py:914} INFO - Processing file /home/ubuntu/customer_churn_youtube_venv/lib/python3.12/site-packages/airflow/example_dags/example_latest_only.py for tasks to queue
[2025-03-26T17:32:23.366+0000] {logging_mixin.py:190} INFO - [2025-03-26T17:32:23.366+0000] {dagbag.py:588} INFO - Filling up the DagBag from /home/ubuntu/customer_churn_youtube_venv/lib/python3.12/site-packages/airflow/example_dags/example_latest_only.py
[2025-03-26T17:32:23.375+0000] {processor.py:925} INFO - DAG(s) 'latest_only' retrieved from /home/ubuntu/customer_churn_youtube_venv/lib/python3.12/site-packages/airflow/example_dags/example_latest_only.py
[2025-03-26T17:32:23.389+0000] {logging_mixin.py:190} INFO - [2025-03-26T17:32:23.389+0000] {dag.py:3239} INFO - Sync 1 DAGs
[2025-03-26T17:32:23.410+0000] {logging_mixin.py:190} INFO - [2025-03-26T17:32:23.410+0000] {dag.py:4180} INFO - Setting next_dagrun for latest_only to 2025-03-26 12:00:00+00:00, run_after=2025-03-26 16:00:00+00:00
[2025-03-26T17:32:23.432+0000] {processor.py:208} INFO - Processing /home/ubuntu/customer_churn_youtube_venv/lib/python3.12/site-packages/airflow/example_dags/example_latest_only.py took 0.074 seconds
[2025-03-26T17:33:14.915+0000] {processor.py:186} INFO - Started process (PID=7590) to work on /home/ubuntu/customer_churn_youtube_venv/lib/python3.12/site-packages/airflow/example_dags/example_latest_only.py
[2025-03-26T17:33:14.916+0000] {processor.py:914} INFO - Processing file /home/ubuntu/customer_churn_youtube_venv/lib/python3.12/site-packages/airflow/example_dags/example_latest_only.py for tasks to queue
[2025-03-26T17:33:14.918+0000] {logging_mixin.py:190} INFO - [2025-03-26T17:33:14.918+0000] {dagbag.py:588} INFO - Filling up the DagBag from /home/ubuntu/customer_churn_youtube_venv/lib/python3.12/site-packages/airflow/example_dags/example_latest_only.py
[2025-03-26T17:33:14.927+0000] {processor.py:925} INFO - DAG(s) 'latest_only' retrieved from /home/ubuntu/customer_churn_youtube_venv/lib/python3.12/site-packages/airflow/example_dags/example_latest_only.py
[2025-03-26T17:33:14.943+0000] {logging_mixin.py:190} INFO - [2025-03-26T17:33:14.943+0000] {dag.py:3239} INFO - Sync 1 DAGs
[2025-03-26T17:33:14.962+0000] {logging_mixin.py:190} INFO - [2025-03-26T17:33:14.961+0000] {dag.py:4180} INFO - Setting next_dagrun for latest_only to 2025-03-26 12:00:00+00:00, run_after=2025-03-26 16:00:00+00:00
[2025-03-26T17:33:14.984+0000] {processor.py:208} INFO - Processing /home/ubuntu/customer_churn_youtube_venv/lib/python3.12/site-packages/airflow/example_dags/example_latest_only.py took 0.075 seconds
[2025-03-26T17:34:06.536+0000] {processor.py:186} INFO - Started process (PID=7641) to work on /home/ubuntu/customer_churn_youtube_venv/lib/python3.12/site-packages/airflow/example_dags/example_latest_only.py
[2025-03-26T17:34:06.538+0000] {processor.py:914} INFO - Processing file /home/ubuntu/customer_churn_youtube_venv/lib/python3.12/site-packages/airflow/example_dags/example_latest_only.py for tasks to queue
[2025-03-26T17:34:06.539+0000] {logging_mixin.py:190} INFO - [2025-03-26T17:34:06.539+0000] {dagbag.py:588} INFO - Filling up the DagBag from /home/ubuntu/customer_churn_youtube_venv/lib/python3.12/site-packages/airflow/example_dags/example_latest_only.py
[2025-03-26T17:34:06.548+0000] {processor.py:925} INFO - DAG(s) 'latest_only' retrieved from /home/ubuntu/customer_churn_youtube_venv/lib/python3.12/site-packages/airflow/example_dags/example_latest_only.py
[2025-03-26T17:34:06.562+0000] {logging_mixin.py:190} INFO - [2025-03-26T17:34:06.562+0000] {dag.py:3239} INFO - Sync 1 DAGs
[2025-03-26T17:34:06.582+0000] {logging_mixin.py:190} INFO - [2025-03-26T17:34:06.581+0000] {dag.py:4180} INFO - Setting next_dagrun for latest_only to 2025-03-26 12:00:00+00:00, run_after=2025-03-26 16:00:00+00:00
[2025-03-26T17:34:06.607+0000] {processor.py:208} INFO - Processing /home/ubuntu/customer_churn_youtube_venv/lib/python3.12/site-packages/airflow/example_dags/example_latest_only.py took 0.076 seconds
[2025-03-26T17:34:58.225+0000] {processor.py:186} INFO - Started process (PID=7696) to work on /home/ubuntu/customer_churn_youtube_venv/lib/python3.12/site-packages/airflow/example_dags/example_latest_only.py
[2025-03-26T17:34:58.226+0000] {processor.py:914} INFO - Processing file /home/ubuntu/customer_churn_youtube_venv/lib/python3.12/site-packages/airflow/example_dags/example_latest_only.py for tasks to queue
[2025-03-26T17:34:58.229+0000] {logging_mixin.py:190} INFO - [2025-03-26T17:34:58.228+0000] {dagbag.py:588} INFO - Filling up the DagBag from /home/ubuntu/customer_churn_youtube_venv/lib/python3.12/site-packages/airflow/example_dags/example_latest_only.py
[2025-03-26T17:34:58.236+0000] {processor.py:925} INFO - DAG(s) 'latest_only' retrieved from /home/ubuntu/customer_churn_youtube_venv/lib/python3.12/site-packages/airflow/example_dags/example_latest_only.py
[2025-03-26T17:34:58.252+0000] {logging_mixin.py:190} INFO - [2025-03-26T17:34:58.251+0000] {dag.py:3239} INFO - Sync 1 DAGs
[2025-03-26T17:34:58.272+0000] {logging_mixin.py:190} INFO - [2025-03-26T17:34:58.272+0000] {dag.py:4180} INFO - Setting next_dagrun for latest_only to 2025-03-26 12:00:00+00:00, run_after=2025-03-26 16:00:00+00:00
[2025-03-26T17:34:58.293+0000] {processor.py:208} INFO - Processing /home/ubuntu/customer_churn_youtube_venv/lib/python3.12/site-packages/airflow/example_dags/example_latest_only.py took 0.074 seconds
[2025-03-26T17:35:51.692+0000] {processor.py:186} INFO - Started process (PID=7756) to work on /home/ubuntu/customer_churn_youtube_venv/lib/python3.12/site-packages/airflow/example_dags/example_latest_only.py
[2025-03-26T17:35:51.694+0000] {processor.py:914} INFO - Processing file /home/ubuntu/customer_churn_youtube_venv/lib/python3.12/site-packages/airflow/example_dags/example_latest_only.py for tasks to queue
[2025-03-26T17:35:51.696+0000] {logging_mixin.py:190} INFO - [2025-03-26T17:35:51.695+0000] {dagbag.py:588} INFO - Filling up the DagBag from /home/ubuntu/customer_churn_youtube_venv/lib/python3.12/site-packages/airflow/example_dags/example_latest_only.py
[2025-03-26T17:35:51.703+0000] {processor.py:925} INFO - DAG(s) 'latest_only' retrieved from /home/ubuntu/customer_churn_youtube_venv/lib/python3.12/site-packages/airflow/example_dags/example_latest_only.py
[2025-03-26T17:35:51.718+0000] {logging_mixin.py:190} INFO - [2025-03-26T17:35:51.718+0000] {dag.py:3239} INFO - Sync 1 DAGs
[2025-03-26T17:35:51.736+0000] {logging_mixin.py:190} INFO - [2025-03-26T17:35:51.736+0000] {dag.py:4180} INFO - Setting next_dagrun for latest_only to 2025-03-26 12:00:00+00:00, run_after=2025-03-26 16:00:00+00:00
[2025-03-26T17:35:51.757+0000] {processor.py:208} INFO - Processing /home/ubuntu/customer_churn_youtube_venv/lib/python3.12/site-packages/airflow/example_dags/example_latest_only.py took 0.071 seconds
[2025-03-26T17:36:44.187+0000] {processor.py:186} INFO - Started process (PID=7812) to work on /home/ubuntu/customer_churn_youtube_venv/lib/python3.12/site-packages/airflow/example_dags/example_latest_only.py
[2025-03-26T17:36:44.188+0000] {processor.py:914} INFO - Processing file /home/ubuntu/customer_churn_youtube_venv/lib/python3.12/site-packages/airflow/example_dags/example_latest_only.py for tasks to queue
[2025-03-26T17:36:44.191+0000] {logging_mixin.py:190} INFO - [2025-03-26T17:36:44.190+0000] {dagbag.py:588} INFO - Filling up the DagBag from /home/ubuntu/customer_churn_youtube_venv/lib/python3.12/site-packages/airflow/example_dags/example_latest_only.py
[2025-03-26T17:36:44.198+0000] {processor.py:925} INFO - DAG(s) 'latest_only' retrieved from /home/ubuntu/customer_churn_youtube_venv/lib/python3.12/site-packages/airflow/example_dags/example_latest_only.py
[2025-03-26T17:36:44.214+0000] {logging_mixin.py:190} INFO - [2025-03-26T17:36:44.214+0000] {dag.py:3239} INFO - Sync 1 DAGs
[2025-03-26T17:36:44.232+0000] {logging_mixin.py:190} INFO - [2025-03-26T17:36:44.232+0000] {dag.py:4180} INFO - Setting next_dagrun for latest_only to 2025-03-26 12:00:00+00:00, run_after=2025-03-26 16:00:00+00:00
[2025-03-26T17:36:44.253+0000] {processor.py:208} INFO - Processing /home/ubuntu/customer_churn_youtube_venv/lib/python3.12/site-packages/airflow/example_dags/example_latest_only.py took 0.071 seconds
