[2025-03-26T17:14:05.907+0000] {processor.py:186} INFO - Started process (PID=6304) to work on /home/ubuntu/customer_churn_youtube_venv/lib/python3.12/site-packages/airflow/example_dags/example_branch_python_dop_operator_3.py
[2025-03-26T17:14:05.907+0000] {processor.py:914} INFO - Processing file /home/ubuntu/customer_churn_youtube_venv/lib/python3.12/site-packages/airflow/example_dags/example_branch_python_dop_operator_3.py for tasks to queue
[2025-03-26T17:14:05.910+0000] {logging_mixin.py:190} INFO - [2025-03-26T17:14:05.909+0000] {dagbag.py:588} INFO - Filling up the DagBag from /home/ubuntu/customer_churn_youtube_venv/lib/python3.12/site-packages/airflow/example_dags/example_branch_python_dop_operator_3.py
[2025-03-26T17:14:05.920+0000] {processor.py:925} INFO - DAG(s) 'example_branch_dop_operator_v3' retrieved from /home/ubuntu/customer_churn_youtube_venv/lib/python3.12/site-packages/airflow/example_dags/example_branch_python_dop_operator_3.py
[2025-03-26T17:14:06.024+0000] {logging_mixin.py:190} INFO - [2025-03-26T17:14:06.023+0000] {override.py:1930} INFO - Created Permission View: can edit on DAG:example_branch_dop_operator_v3
[2025-03-26T17:14:06.037+0000] {logging_mixin.py:190} INFO - [2025-03-26T17:14:06.036+0000] {override.py:1930} INFO - Created Permission View: can read on DAG:example_branch_dop_operator_v3
[2025-03-26T17:14:06.048+0000] {logging_mixin.py:190} INFO - [2025-03-26T17:14:06.047+0000] {override.py:1930} INFO - Created Permission View: can delete on DAG:example_branch_dop_operator_v3
[2025-03-26T17:14:06.064+0000] {logging_mixin.py:190} INFO - [2025-03-26T17:14:06.064+0000] {override.py:1930} INFO - Created Permission View: menu access on DAG Run:example_branch_dop_operator_v3
[2025-03-26T17:14:06.075+0000] {logging_mixin.py:190} INFO - [2025-03-26T17:14:06.075+0000] {override.py:1930} INFO - Created Permission View: can create on DAG Run:example_branch_dop_operator_v3
[2025-03-26T17:14:06.086+0000] {logging_mixin.py:190} INFO - [2025-03-26T17:14:06.086+0000] {override.py:1930} INFO - Created Permission View: can delete on DAG Run:example_branch_dop_operator_v3
[2025-03-26T17:14:06.097+0000] {logging_mixin.py:190} INFO - [2025-03-26T17:14:06.097+0000] {override.py:1930} INFO - Created Permission View: can read on DAG Run:example_branch_dop_operator_v3
[2025-03-26T17:14:06.098+0000] {logging_mixin.py:190} INFO - [2025-03-26T17:14:06.098+0000] {dag.py:3239} INFO - Sync 1 DAGs
[2025-03-26T17:14:06.108+0000] {logging_mixin.py:190} INFO - [2025-03-26T17:14:06.108+0000] {dag.py:3262} INFO - Creating ORM DAG for example_branch_dop_operator_v3
[2025-03-26T17:14:06.118+0000] {logging_mixin.py:190} INFO - [2025-03-26T17:14:06.117+0000] {dag.py:4180} INFO - Setting next_dagrun for example_branch_dop_operator_v3 to 2025-03-26 17:13:00+00:00, run_after=2025-03-26 17:14:00+00:00
[2025-03-26T17:14:06.141+0000] {processor.py:208} INFO - Processing /home/ubuntu/customer_churn_youtube_venv/lib/python3.12/site-packages/airflow/example_dags/example_branch_python_dop_operator_3.py took 0.240 seconds
[2025-03-26T17:15:08.277+0000] {processor.py:186} INFO - Started process (PID=6371) to work on /home/ubuntu/customer_churn_youtube_venv/lib/python3.12/site-packages/airflow/example_dags/example_branch_python_dop_operator_3.py
[2025-03-26T17:15:08.279+0000] {processor.py:914} INFO - Processing file /home/ubuntu/customer_churn_youtube_venv/lib/python3.12/site-packages/airflow/example_dags/example_branch_python_dop_operator_3.py for tasks to queue
[2025-03-26T17:15:08.282+0000] {logging_mixin.py:190} INFO - [2025-03-26T17:15:08.282+0000] {dagbag.py:588} INFO - Filling up the DagBag from /home/ubuntu/customer_churn_youtube_venv/lib/python3.12/site-packages/airflow/example_dags/example_branch_python_dop_operator_3.py
[2025-03-26T17:15:08.293+0000] {processor.py:925} INFO - DAG(s) 'example_branch_dop_operator_v3' retrieved from /home/ubuntu/customer_churn_youtube_venv/lib/python3.12/site-packages/airflow/example_dags/example_branch_python_dop_operator_3.py
[2025-03-26T17:15:08.309+0000] {logging_mixin.py:190} INFO - [2025-03-26T17:15:08.308+0000] {dag.py:3239} INFO - Sync 1 DAGs
[2025-03-26T17:15:08.329+0000] {logging_mixin.py:190} INFO - [2025-03-26T17:15:08.329+0000] {dag.py:4180} INFO - Setting next_dagrun for example_branch_dop_operator_v3 to 2025-03-26 17:14:00+00:00, run_after=2025-03-26 17:15:00+00:00
[2025-03-26T17:15:08.353+0000] {processor.py:208} INFO - Processing /home/ubuntu/customer_churn_youtube_venv/lib/python3.12/site-packages/airflow/example_dags/example_branch_python_dop_operator_3.py took 0.081 seconds
[2025-03-26T17:16:04.598+0000] {processor.py:186} INFO - Started process (PID=6428) to work on /home/ubuntu/customer_churn_youtube_venv/lib/python3.12/site-packages/airflow/example_dags/example_branch_python_dop_operator_3.py
[2025-03-26T17:16:04.600+0000] {processor.py:914} INFO - Processing file /home/ubuntu/customer_churn_youtube_venv/lib/python3.12/site-packages/airflow/example_dags/example_branch_python_dop_operator_3.py for tasks to queue
[2025-03-26T17:16:04.603+0000] {logging_mixin.py:190} INFO - [2025-03-26T17:16:04.602+0000] {dagbag.py:588} INFO - Filling up the DagBag from /home/ubuntu/customer_churn_youtube_venv/lib/python3.12/site-packages/airflow/example_dags/example_branch_python_dop_operator_3.py
[2025-03-26T17:16:04.613+0000] {processor.py:925} INFO - DAG(s) 'example_branch_dop_operator_v3' retrieved from /home/ubuntu/customer_churn_youtube_venv/lib/python3.12/site-packages/airflow/example_dags/example_branch_python_dop_operator_3.py
[2025-03-26T17:16:04.627+0000] {logging_mixin.py:190} INFO - [2025-03-26T17:16:04.627+0000] {dag.py:3239} INFO - Sync 1 DAGs
[2025-03-26T17:16:04.648+0000] {logging_mixin.py:190} INFO - [2025-03-26T17:16:04.648+0000] {dag.py:4180} INFO - Setting next_dagrun for example_branch_dop_operator_v3 to 2025-03-26 17:15:00+00:00, run_after=2025-03-26 17:16:00+00:00
[2025-03-26T17:16:04.670+0000] {processor.py:208} INFO - Processing /home/ubuntu/customer_churn_youtube_venv/lib/python3.12/site-packages/airflow/example_dags/example_branch_python_dop_operator_3.py took 0.077 seconds
[2025-03-26T17:17:22.776+0000] {processor.py:186} INFO - Started process (PID=6512) to work on /home/ubuntu/customer_churn_youtube_venv/lib/python3.12/site-packages/airflow/example_dags/example_branch_python_dop_operator_3.py
[2025-03-26T17:17:22.777+0000] {processor.py:914} INFO - Processing file /home/ubuntu/customer_churn_youtube_venv/lib/python3.12/site-packages/airflow/example_dags/example_branch_python_dop_operator_3.py for tasks to queue
[2025-03-26T17:17:22.780+0000] {logging_mixin.py:190} INFO - [2025-03-26T17:17:22.779+0000] {dagbag.py:588} INFO - Filling up the DagBag from /home/ubuntu/customer_churn_youtube_venv/lib/python3.12/site-packages/airflow/example_dags/example_branch_python_dop_operator_3.py
[2025-03-26T17:17:22.791+0000] {processor.py:925} INFO - DAG(s) 'example_branch_dop_operator_v3' retrieved from /home/ubuntu/customer_churn_youtube_venv/lib/python3.12/site-packages/airflow/example_dags/example_branch_python_dop_operator_3.py
[2025-03-26T17:17:22.805+0000] {logging_mixin.py:190} INFO - [2025-03-26T17:17:22.805+0000] {dag.py:3239} INFO - Sync 1 DAGs
[2025-03-26T17:17:22.826+0000] {logging_mixin.py:190} INFO - [2025-03-26T17:17:22.826+0000] {dag.py:4180} INFO - Setting next_dagrun for example_branch_dop_operator_v3 to 2025-03-26 17:16:00+00:00, run_after=2025-03-26 17:17:00+00:00
[2025-03-26T17:17:22.849+0000] {processor.py:208} INFO - Processing /home/ubuntu/customer_churn_youtube_venv/lib/python3.12/site-packages/airflow/example_dags/example_branch_python_dop_operator_3.py took 0.079 seconds
[2025-03-26T17:18:19.480+0000] {processor.py:186} INFO - Started process (PID=6569) to work on /home/ubuntu/customer_churn_youtube_venv/lib/python3.12/site-packages/airflow/example_dags/example_branch_python_dop_operator_3.py
[2025-03-26T17:18:19.483+0000] {processor.py:914} INFO - Processing file /home/ubuntu/customer_churn_youtube_venv/lib/python3.12/site-packages/airflow/example_dags/example_branch_python_dop_operator_3.py for tasks to queue
[2025-03-26T17:18:19.484+0000] {logging_mixin.py:190} INFO - [2025-03-26T17:18:19.484+0000] {dagbag.py:588} INFO - Filling up the DagBag from /home/ubuntu/customer_churn_youtube_venv/lib/python3.12/site-packages/airflow/example_dags/example_branch_python_dop_operator_3.py
[2025-03-26T17:18:19.495+0000] {processor.py:925} INFO - DAG(s) 'example_branch_dop_operator_v3' retrieved from /home/ubuntu/customer_churn_youtube_venv/lib/python3.12/site-packages/airflow/example_dags/example_branch_python_dop_operator_3.py
[2025-03-26T17:18:19.510+0000] {logging_mixin.py:190} INFO - [2025-03-26T17:18:19.510+0000] {dag.py:3239} INFO - Sync 1 DAGs
[2025-03-26T17:18:19.532+0000] {logging_mixin.py:190} INFO - [2025-03-26T17:18:19.531+0000] {dag.py:4180} INFO - Setting next_dagrun for example_branch_dop_operator_v3 to 2025-03-26 17:17:00+00:00, run_after=2025-03-26 17:18:00+00:00
[2025-03-26T17:18:19.554+0000] {processor.py:208} INFO - Processing /home/ubuntu/customer_churn_youtube_venv/lib/python3.12/site-packages/airflow/example_dags/example_branch_python_dop_operator_3.py took 0.079 seconds
[2025-03-26T17:19:42.283+0000] {processor.py:186} INFO - Started process (PID=6649) to work on /home/ubuntu/customer_churn_youtube_venv/lib/python3.12/site-packages/airflow/example_dags/example_branch_python_dop_operator_3.py
[2025-03-26T17:19:42.284+0000] {processor.py:914} INFO - Processing file /home/ubuntu/customer_churn_youtube_venv/lib/python3.12/site-packages/airflow/example_dags/example_branch_python_dop_operator_3.py for tasks to queue
[2025-03-26T17:19:42.286+0000] {logging_mixin.py:190} INFO - [2025-03-26T17:19:42.286+0000] {dagbag.py:588} INFO - Filling up the DagBag from /home/ubuntu/customer_churn_youtube_venv/lib/python3.12/site-packages/airflow/example_dags/example_branch_python_dop_operator_3.py
[2025-03-26T17:19:42.298+0000] {processor.py:925} INFO - DAG(s) 'example_branch_dop_operator_v3' retrieved from /home/ubuntu/customer_churn_youtube_venv/lib/python3.12/site-packages/airflow/example_dags/example_branch_python_dop_operator_3.py
[2025-03-26T17:19:42.313+0000] {logging_mixin.py:190} INFO - [2025-03-26T17:19:42.313+0000] {dag.py:3239} INFO - Sync 1 DAGs
[2025-03-26T17:19:42.335+0000] {logging_mixin.py:190} INFO - [2025-03-26T17:19:42.335+0000] {dag.py:4180} INFO - Setting next_dagrun for example_branch_dop_operator_v3 to 2025-03-26 17:18:00+00:00, run_after=2025-03-26 17:19:00+00:00
[2025-03-26T17:19:42.357+0000] {processor.py:208} INFO - Processing /home/ubuntu/customer_churn_youtube_venv/lib/python3.12/site-packages/airflow/example_dags/example_branch_python_dop_operator_3.py took 0.081 seconds
[2025-03-26T17:20:40.224+0000] {processor.py:186} INFO - Started process (PID=6713) to work on /home/ubuntu/customer_churn_youtube_venv/lib/python3.12/site-packages/airflow/example_dags/example_branch_python_dop_operator_3.py
[2025-03-26T17:20:40.226+0000] {processor.py:914} INFO - Processing file /home/ubuntu/customer_churn_youtube_venv/lib/python3.12/site-packages/airflow/example_dags/example_branch_python_dop_operator_3.py for tasks to queue
[2025-03-26T17:20:40.228+0000] {logging_mixin.py:190} INFO - [2025-03-26T17:20:40.227+0000] {dagbag.py:588} INFO - Filling up the DagBag from /home/ubuntu/customer_churn_youtube_venv/lib/python3.12/site-packages/airflow/example_dags/example_branch_python_dop_operator_3.py
[2025-03-26T17:20:40.239+0000] {processor.py:925} INFO - DAG(s) 'example_branch_dop_operator_v3' retrieved from /home/ubuntu/customer_churn_youtube_venv/lib/python3.12/site-packages/airflow/example_dags/example_branch_python_dop_operator_3.py
[2025-03-26T17:20:40.253+0000] {logging_mixin.py:190} INFO - [2025-03-26T17:20:40.253+0000] {dag.py:3239} INFO - Sync 1 DAGs
[2025-03-26T17:20:40.275+0000] {logging_mixin.py:190} INFO - [2025-03-26T17:20:40.275+0000] {dag.py:4180} INFO - Setting next_dagrun for example_branch_dop_operator_v3 to 2025-03-26 17:19:00+00:00, run_after=2025-03-26 17:20:00+00:00
[2025-03-26T17:20:40.298+0000] {processor.py:208} INFO - Processing /home/ubuntu/customer_churn_youtube_venv/lib/python3.12/site-packages/airflow/example_dags/example_branch_python_dop_operator_3.py took 0.080 seconds
[2025-03-26T17:21:33.355+0000] {processor.py:186} INFO - Started process (PID=6768) to work on /home/ubuntu/customer_churn_youtube_venv/lib/python3.12/site-packages/airflow/example_dags/example_branch_python_dop_operator_3.py
[2025-03-26T17:21:33.357+0000] {processor.py:914} INFO - Processing file /home/ubuntu/customer_churn_youtube_venv/lib/python3.12/site-packages/airflow/example_dags/example_branch_python_dop_operator_3.py for tasks to queue
[2025-03-26T17:21:33.358+0000] {logging_mixin.py:190} INFO - [2025-03-26T17:21:33.358+0000] {dagbag.py:588} INFO - Filling up the DagBag from /home/ubuntu/customer_churn_youtube_venv/lib/python3.12/site-packages/airflow/example_dags/example_branch_python_dop_operator_3.py
[2025-03-26T17:21:33.369+0000] {processor.py:925} INFO - DAG(s) 'example_branch_dop_operator_v3' retrieved from /home/ubuntu/customer_churn_youtube_venv/lib/python3.12/site-packages/airflow/example_dags/example_branch_python_dop_operator_3.py
[2025-03-26T17:21:33.383+0000] {logging_mixin.py:190} INFO - [2025-03-26T17:21:33.383+0000] {dag.py:3239} INFO - Sync 1 DAGs
[2025-03-26T17:21:33.405+0000] {logging_mixin.py:190} INFO - [2025-03-26T17:21:33.405+0000] {dag.py:4180} INFO - Setting next_dagrun for example_branch_dop_operator_v3 to 2025-03-26 17:20:00+00:00, run_after=2025-03-26 17:21:00+00:00
[2025-03-26T17:21:33.427+0000] {processor.py:208} INFO - Processing /home/ubuntu/customer_churn_youtube_venv/lib/python3.12/site-packages/airflow/example_dags/example_branch_python_dop_operator_3.py took 0.077 seconds
[2025-03-26T17:22:27.449+0000] {processor.py:186} INFO - Started process (PID=6824) to work on /home/ubuntu/customer_churn_youtube_venv/lib/python3.12/site-packages/airflow/example_dags/example_branch_python_dop_operator_3.py
[2025-03-26T17:22:27.451+0000] {processor.py:914} INFO - Processing file /home/ubuntu/customer_churn_youtube_venv/lib/python3.12/site-packages/airflow/example_dags/example_branch_python_dop_operator_3.py for tasks to queue
[2025-03-26T17:22:27.453+0000] {logging_mixin.py:190} INFO - [2025-03-26T17:22:27.453+0000] {dagbag.py:588} INFO - Filling up the DagBag from /home/ubuntu/customer_churn_youtube_venv/lib/python3.12/site-packages/airflow/example_dags/example_branch_python_dop_operator_3.py
[2025-03-26T17:22:27.465+0000] {processor.py:925} INFO - DAG(s) 'example_branch_dop_operator_v3' retrieved from /home/ubuntu/customer_churn_youtube_venv/lib/python3.12/site-packages/airflow/example_dags/example_branch_python_dop_operator_3.py
[2025-03-26T17:22:27.480+0000] {logging_mixin.py:190} INFO - [2025-03-26T17:22:27.480+0000] {dag.py:3239} INFO - Sync 1 DAGs
[2025-03-26T17:22:27.504+0000] {logging_mixin.py:190} INFO - [2025-03-26T17:22:27.503+0000] {dag.py:4180} INFO - Setting next_dagrun for example_branch_dop_operator_v3 to 2025-03-26 17:21:00+00:00, run_after=2025-03-26 17:22:00+00:00
[2025-03-26T17:22:27.525+0000] {processor.py:208} INFO - Processing /home/ubuntu/customer_churn_youtube_venv/lib/python3.12/site-packages/airflow/example_dags/example_branch_python_dop_operator_3.py took 0.081 seconds
[2025-03-26T17:23:45.556+0000] {processor.py:186} INFO - Started process (PID=6903) to work on /home/ubuntu/customer_churn_youtube_venv/lib/python3.12/site-packages/airflow/example_dags/example_branch_python_dop_operator_3.py
[2025-03-26T17:23:45.557+0000] {processor.py:914} INFO - Processing file /home/ubuntu/customer_churn_youtube_venv/lib/python3.12/site-packages/airflow/example_dags/example_branch_python_dop_operator_3.py for tasks to queue
[2025-03-26T17:23:45.559+0000] {logging_mixin.py:190} INFO - [2025-03-26T17:23:45.559+0000] {dagbag.py:588} INFO - Filling up the DagBag from /home/ubuntu/customer_churn_youtube_venv/lib/python3.12/site-packages/airflow/example_dags/example_branch_python_dop_operator_3.py
[2025-03-26T17:23:45.570+0000] {processor.py:925} INFO - DAG(s) 'example_branch_dop_operator_v3' retrieved from /home/ubuntu/customer_churn_youtube_venv/lib/python3.12/site-packages/airflow/example_dags/example_branch_python_dop_operator_3.py
[2025-03-26T17:23:45.585+0000] {logging_mixin.py:190} INFO - [2025-03-26T17:23:45.584+0000] {dag.py:3239} INFO - Sync 1 DAGs
[2025-03-26T17:23:45.607+0000] {logging_mixin.py:190} INFO - [2025-03-26T17:23:45.607+0000] {dag.py:4180} INFO - Setting next_dagrun for example_branch_dop_operator_v3 to 2025-03-26 17:22:00+00:00, run_after=2025-03-26 17:23:00+00:00
[2025-03-26T17:23:45.629+0000] {processor.py:208} INFO - Processing /home/ubuntu/customer_churn_youtube_venv/lib/python3.12/site-packages/airflow/example_dags/example_branch_python_dop_operator_3.py took 0.079 seconds
[2025-03-26T17:25:02.295+0000] {processor.py:186} INFO - Started process (PID=6986) to work on /home/ubuntu/customer_churn_youtube_venv/lib/python3.12/site-packages/airflow/example_dags/example_branch_python_dop_operator_3.py
[2025-03-26T17:25:02.296+0000] {processor.py:914} INFO - Processing file /home/ubuntu/customer_churn_youtube_venv/lib/python3.12/site-packages/airflow/example_dags/example_branch_python_dop_operator_3.py for tasks to queue
[2025-03-26T17:25:02.299+0000] {logging_mixin.py:190} INFO - [2025-03-26T17:25:02.298+0000] {dagbag.py:588} INFO - Filling up the DagBag from /home/ubuntu/customer_churn_youtube_venv/lib/python3.12/site-packages/airflow/example_dags/example_branch_python_dop_operator_3.py
[2025-03-26T17:25:02.310+0000] {processor.py:925} INFO - DAG(s) 'example_branch_dop_operator_v3' retrieved from /home/ubuntu/customer_churn_youtube_venv/lib/python3.12/site-packages/airflow/example_dags/example_branch_python_dop_operator_3.py
[2025-03-26T17:25:02.327+0000] {logging_mixin.py:190} INFO - [2025-03-26T17:25:02.327+0000] {dag.py:3239} INFO - Sync 1 DAGs
[2025-03-26T17:25:02.352+0000] {logging_mixin.py:190} INFO - [2025-03-26T17:25:02.352+0000] {dag.py:4180} INFO - Setting next_dagrun for example_branch_dop_operator_v3 to 2025-03-26 17:24:00+00:00, run_after=2025-03-26 17:25:00+00:00
[2025-03-26T17:25:02.376+0000] {processor.py:208} INFO - Processing /home/ubuntu/customer_churn_youtube_venv/lib/python3.12/site-packages/airflow/example_dags/example_branch_python_dop_operator_3.py took 0.087 seconds
[2025-03-26T17:26:15.390+0000] {processor.py:186} INFO - Started process (PID=7064) to work on /home/ubuntu/customer_churn_youtube_venv/lib/python3.12/site-packages/airflow/example_dags/example_branch_python_dop_operator_3.py
[2025-03-26T17:26:15.391+0000] {processor.py:914} INFO - Processing file /home/ubuntu/customer_churn_youtube_venv/lib/python3.12/site-packages/airflow/example_dags/example_branch_python_dop_operator_3.py for tasks to queue
[2025-03-26T17:26:15.393+0000] {logging_mixin.py:190} INFO - [2025-03-26T17:26:15.393+0000] {dagbag.py:588} INFO - Filling up the DagBag from /home/ubuntu/customer_churn_youtube_venv/lib/python3.12/site-packages/airflow/example_dags/example_branch_python_dop_operator_3.py
[2025-03-26T17:26:15.405+0000] {processor.py:925} INFO - DAG(s) 'example_branch_dop_operator_v3' retrieved from /home/ubuntu/customer_churn_youtube_venv/lib/python3.12/site-packages/airflow/example_dags/example_branch_python_dop_operator_3.py
[2025-03-26T17:26:15.420+0000] {logging_mixin.py:190} INFO - [2025-03-26T17:26:15.420+0000] {dag.py:3239} INFO - Sync 1 DAGs
[2025-03-26T17:26:15.442+0000] {logging_mixin.py:190} INFO - [2025-03-26T17:26:15.442+0000] {dag.py:4180} INFO - Setting next_dagrun for example_branch_dop_operator_v3 to 2025-03-26 17:25:00+00:00, run_after=2025-03-26 17:26:00+00:00
[2025-03-26T17:26:15.464+0000] {processor.py:208} INFO - Processing /home/ubuntu/customer_churn_youtube_venv/lib/python3.12/site-packages/airflow/example_dags/example_branch_python_dop_operator_3.py took 0.079 seconds
[2025-03-26T17:27:32.802+0000] {processor.py:186} INFO - Started process (PID=7143) to work on /home/ubuntu/customer_churn_youtube_venv/lib/python3.12/site-packages/airflow/example_dags/example_branch_python_dop_operator_3.py
[2025-03-26T17:27:32.805+0000] {processor.py:914} INFO - Processing file /home/ubuntu/customer_churn_youtube_venv/lib/python3.12/site-packages/airflow/example_dags/example_branch_python_dop_operator_3.py for tasks to queue
[2025-03-26T17:27:32.806+0000] {logging_mixin.py:190} INFO - [2025-03-26T17:27:32.806+0000] {dagbag.py:588} INFO - Filling up the DagBag from /home/ubuntu/customer_churn_youtube_venv/lib/python3.12/site-packages/airflow/example_dags/example_branch_python_dop_operator_3.py
[2025-03-26T17:27:32.817+0000] {processor.py:925} INFO - DAG(s) 'example_branch_dop_operator_v3' retrieved from /home/ubuntu/customer_churn_youtube_venv/lib/python3.12/site-packages/airflow/example_dags/example_branch_python_dop_operator_3.py
[2025-03-26T17:27:32.832+0000] {logging_mixin.py:190} INFO - [2025-03-26T17:27:32.832+0000] {dag.py:3239} INFO - Sync 1 DAGs
[2025-03-26T17:27:32.854+0000] {logging_mixin.py:190} INFO - [2025-03-26T17:27:32.854+0000] {dag.py:4180} INFO - Setting next_dagrun for example_branch_dop_operator_v3 to 2025-03-26 17:26:00+00:00, run_after=2025-03-26 17:27:00+00:00
[2025-03-26T17:27:32.874+0000] {processor.py:208} INFO - Processing /home/ubuntu/customer_churn_youtube_venv/lib/python3.12/site-packages/airflow/example_dags/example_branch_python_dop_operator_3.py took 0.078 seconds
[2025-03-26T17:28:48.937+0000] {processor.py:186} INFO - Started process (PID=7268) to work on /home/ubuntu/customer_churn_youtube_venv/lib/python3.12/site-packages/airflow/example_dags/example_branch_python_dop_operator_3.py
[2025-03-26T17:28:48.939+0000] {processor.py:914} INFO - Processing file /home/ubuntu/customer_churn_youtube_venv/lib/python3.12/site-packages/airflow/example_dags/example_branch_python_dop_operator_3.py for tasks to queue
[2025-03-26T17:28:48.942+0000] {logging_mixin.py:190} INFO - [2025-03-26T17:28:48.942+0000] {dagbag.py:588} INFO - Filling up the DagBag from /home/ubuntu/customer_churn_youtube_venv/lib/python3.12/site-packages/airflow/example_dags/example_branch_python_dop_operator_3.py
[2025-03-26T17:28:48.954+0000] {processor.py:925} INFO - DAG(s) 'example_branch_dop_operator_v3' retrieved from /home/ubuntu/customer_churn_youtube_venv/lib/python3.12/site-packages/airflow/example_dags/example_branch_python_dop_operator_3.py
[2025-03-26T17:28:48.970+0000] {logging_mixin.py:190} INFO - [2025-03-26T17:28:48.970+0000] {dag.py:3239} INFO - Sync 1 DAGs
[2025-03-26T17:28:48.991+0000] {logging_mixin.py:190} INFO - [2025-03-26T17:28:48.990+0000] {dag.py:4180} INFO - Setting next_dagrun for example_branch_dop_operator_v3 to 2025-03-26 17:27:00+00:00, run_after=2025-03-26 17:28:00+00:00
[2025-03-26T17:28:49.012+0000] {processor.py:208} INFO - Processing /home/ubuntu/customer_churn_youtube_venv/lib/python3.12/site-packages/airflow/example_dags/example_branch_python_dop_operator_3.py took 0.081 seconds
[2025-03-26T17:30:04.380+0000] {processor.py:186} INFO - Started process (PID=7351) to work on /home/ubuntu/customer_churn_youtube_venv/lib/python3.12/site-packages/airflow/example_dags/example_branch_python_dop_operator_3.py
[2025-03-26T17:30:04.383+0000] {processor.py:914} INFO - Processing file /home/ubuntu/customer_churn_youtube_venv/lib/python3.12/site-packages/airflow/example_dags/example_branch_python_dop_operator_3.py for tasks to queue
[2025-03-26T17:30:04.384+0000] {logging_mixin.py:190} INFO - [2025-03-26T17:30:04.384+0000] {dagbag.py:588} INFO - Filling up the DagBag from /home/ubuntu/customer_churn_youtube_venv/lib/python3.12/site-packages/airflow/example_dags/example_branch_python_dop_operator_3.py
[2025-03-26T17:30:04.396+0000] {processor.py:925} INFO - DAG(s) 'example_branch_dop_operator_v3' retrieved from /home/ubuntu/customer_churn_youtube_venv/lib/python3.12/site-packages/airflow/example_dags/example_branch_python_dop_operator_3.py
[2025-03-26T17:30:04.411+0000] {logging_mixin.py:190} INFO - [2025-03-26T17:30:04.411+0000] {dag.py:3239} INFO - Sync 1 DAGs
[2025-03-26T17:30:04.433+0000] {logging_mixin.py:190} INFO - [2025-03-26T17:30:04.432+0000] {dag.py:4180} INFO - Setting next_dagrun for example_branch_dop_operator_v3 to 2025-03-26 17:29:00+00:00, run_after=2025-03-26 17:30:00+00:00
[2025-03-26T17:30:04.455+0000] {processor.py:208} INFO - Processing /home/ubuntu/customer_churn_youtube_venv/lib/python3.12/site-packages/airflow/example_dags/example_branch_python_dop_operator_3.py took 0.081 seconds
[2025-03-26T17:31:18.656+0000] {processor.py:186} INFO - Started process (PID=7429) to work on /home/ubuntu/customer_churn_youtube_venv/lib/python3.12/site-packages/airflow/example_dags/example_branch_python_dop_operator_3.py
[2025-03-26T17:31:18.657+0000] {processor.py:914} INFO - Processing file /home/ubuntu/customer_churn_youtube_venv/lib/python3.12/site-packages/airflow/example_dags/example_branch_python_dop_operator_3.py for tasks to queue
[2025-03-26T17:31:18.659+0000] {logging_mixin.py:190} INFO - [2025-03-26T17:31:18.659+0000] {dagbag.py:588} INFO - Filling up the DagBag from /home/ubuntu/customer_churn_youtube_venv/lib/python3.12/site-packages/airflow/example_dags/example_branch_python_dop_operator_3.py
[2025-03-26T17:31:18.670+0000] {processor.py:925} INFO - DAG(s) 'example_branch_dop_operator_v3' retrieved from /home/ubuntu/customer_churn_youtube_venv/lib/python3.12/site-packages/airflow/example_dags/example_branch_python_dop_operator_3.py
[2025-03-26T17:31:18.685+0000] {logging_mixin.py:190} INFO - [2025-03-26T17:31:18.685+0000] {dag.py:3239} INFO - Sync 1 DAGs
[2025-03-26T17:31:18.706+0000] {logging_mixin.py:190} INFO - [2025-03-26T17:31:18.706+0000] {dag.py:4180} INFO - Setting next_dagrun for example_branch_dop_operator_v3 to 2025-03-26 17:30:00+00:00, run_after=2025-03-26 17:31:00+00:00
[2025-03-26T17:31:18.728+0000] {processor.py:208} INFO - Processing /home/ubuntu/customer_churn_youtube_venv/lib/python3.12/site-packages/airflow/example_dags/example_branch_python_dop_operator_3.py took 0.078 seconds
[2025-03-26T17:32:34.999+0000] {processor.py:186} INFO - Started process (PID=7548) to work on /home/ubuntu/customer_churn_youtube_venv/lib/python3.12/site-packages/airflow/example_dags/example_branch_python_dop_operator_3.py
[2025-03-26T17:32:35.002+0000] {processor.py:914} INFO - Processing file /home/ubuntu/customer_churn_youtube_venv/lib/python3.12/site-packages/airflow/example_dags/example_branch_python_dop_operator_3.py for tasks to queue
[2025-03-26T17:32:35.004+0000] {logging_mixin.py:190} INFO - [2025-03-26T17:32:35.004+0000] {dagbag.py:588} INFO - Filling up the DagBag from /home/ubuntu/customer_churn_youtube_venv/lib/python3.12/site-packages/airflow/example_dags/example_branch_python_dop_operator_3.py
[2025-03-26T17:32:35.016+0000] {processor.py:925} INFO - DAG(s) 'example_branch_dop_operator_v3' retrieved from /home/ubuntu/customer_churn_youtube_venv/lib/python3.12/site-packages/airflow/example_dags/example_branch_python_dop_operator_3.py
[2025-03-26T17:32:35.032+0000] {logging_mixin.py:190} INFO - [2025-03-26T17:32:35.032+0000] {dag.py:3239} INFO - Sync 1 DAGs
[2025-03-26T17:32:35.054+0000] {logging_mixin.py:190} INFO - [2025-03-26T17:32:35.054+0000] {dag.py:4180} INFO - Setting next_dagrun for example_branch_dop_operator_v3 to 2025-03-26 17:31:00+00:00, run_after=2025-03-26 17:32:00+00:00
[2025-03-26T17:32:35.074+0000] {processor.py:208} INFO - Processing /home/ubuntu/customer_churn_youtube_venv/lib/python3.12/site-packages/airflow/example_dags/example_branch_python_dop_operator_3.py took 0.080 seconds
[2025-03-26T17:33:51.728+0000] {processor.py:186} INFO - Started process (PID=7627) to work on /home/ubuntu/customer_churn_youtube_venv/lib/python3.12/site-packages/airflow/example_dags/example_branch_python_dop_operator_3.py
[2025-03-26T17:33:51.730+0000] {processor.py:914} INFO - Processing file /home/ubuntu/customer_churn_youtube_venv/lib/python3.12/site-packages/airflow/example_dags/example_branch_python_dop_operator_3.py for tasks to queue
[2025-03-26T17:33:51.732+0000] {logging_mixin.py:190} INFO - [2025-03-26T17:33:51.731+0000] {dagbag.py:588} INFO - Filling up the DagBag from /home/ubuntu/customer_churn_youtube_venv/lib/python3.12/site-packages/airflow/example_dags/example_branch_python_dop_operator_3.py
[2025-03-26T17:33:51.743+0000] {processor.py:925} INFO - DAG(s) 'example_branch_dop_operator_v3' retrieved from /home/ubuntu/customer_churn_youtube_venv/lib/python3.12/site-packages/airflow/example_dags/example_branch_python_dop_operator_3.py
[2025-03-26T17:33:51.757+0000] {logging_mixin.py:190} INFO - [2025-03-26T17:33:51.757+0000] {dag.py:3239} INFO - Sync 1 DAGs
[2025-03-26T17:33:51.779+0000] {logging_mixin.py:190} INFO - [2025-03-26T17:33:51.778+0000] {dag.py:4180} INFO - Setting next_dagrun for example_branch_dop_operator_v3 to 2025-03-26 17:32:00+00:00, run_after=2025-03-26 17:33:00+00:00
[2025-03-26T17:33:51.799+0000] {processor.py:208} INFO - Processing /home/ubuntu/customer_churn_youtube_venv/lib/python3.12/site-packages/airflow/example_dags/example_branch_python_dop_operator_3.py took 0.076 seconds
[2025-03-26T17:35:11.179+0000] {processor.py:186} INFO - Started process (PID=7715) to work on /home/ubuntu/customer_churn_youtube_venv/lib/python3.12/site-packages/airflow/example_dags/example_branch_python_dop_operator_3.py
[2025-03-26T17:35:11.180+0000] {processor.py:914} INFO - Processing file /home/ubuntu/customer_churn_youtube_venv/lib/python3.12/site-packages/airflow/example_dags/example_branch_python_dop_operator_3.py for tasks to queue
[2025-03-26T17:35:11.183+0000] {logging_mixin.py:190} INFO - [2025-03-26T17:35:11.182+0000] {dagbag.py:588} INFO - Filling up the DagBag from /home/ubuntu/customer_churn_youtube_venv/lib/python3.12/site-packages/airflow/example_dags/example_branch_python_dop_operator_3.py
[2025-03-26T17:35:11.194+0000] {processor.py:925} INFO - DAG(s) 'example_branch_dop_operator_v3' retrieved from /home/ubuntu/customer_churn_youtube_venv/lib/python3.12/site-packages/airflow/example_dags/example_branch_python_dop_operator_3.py
[2025-03-26T17:35:11.209+0000] {logging_mixin.py:190} INFO - [2025-03-26T17:35:11.209+0000] {dag.py:3239} INFO - Sync 1 DAGs
[2025-03-26T17:35:11.230+0000] {logging_mixin.py:190} INFO - [2025-03-26T17:35:11.230+0000] {dag.py:4180} INFO - Setting next_dagrun for example_branch_dop_operator_v3 to 2025-03-26 17:34:00+00:00, run_after=2025-03-26 17:35:00+00:00
[2025-03-26T17:35:11.252+0000] {processor.py:208} INFO - Processing /home/ubuntu/customer_churn_youtube_venv/lib/python3.12/site-packages/airflow/example_dags/example_branch_python_dop_operator_3.py took 0.078 seconds
[2025-03-26T17:36:29.364+0000] {processor.py:186} INFO - Started process (PID=7797) to work on /home/ubuntu/customer_churn_youtube_venv/lib/python3.12/site-packages/airflow/example_dags/example_branch_python_dop_operator_3.py
[2025-03-26T17:36:29.366+0000] {processor.py:914} INFO - Processing file /home/ubuntu/customer_churn_youtube_venv/lib/python3.12/site-packages/airflow/example_dags/example_branch_python_dop_operator_3.py for tasks to queue
[2025-03-26T17:36:29.368+0000] {logging_mixin.py:190} INFO - [2025-03-26T17:36:29.368+0000] {dagbag.py:588} INFO - Filling up the DagBag from /home/ubuntu/customer_churn_youtube_venv/lib/python3.12/site-packages/airflow/example_dags/example_branch_python_dop_operator_3.py
[2025-03-26T17:36:29.379+0000] {processor.py:925} INFO - DAG(s) 'example_branch_dop_operator_v3' retrieved from /home/ubuntu/customer_churn_youtube_venv/lib/python3.12/site-packages/airflow/example_dags/example_branch_python_dop_operator_3.py
[2025-03-26T17:36:29.394+0000] {logging_mixin.py:190} INFO - [2025-03-26T17:36:29.394+0000] {dag.py:3239} INFO - Sync 1 DAGs
[2025-03-26T17:36:29.416+0000] {logging_mixin.py:190} INFO - [2025-03-26T17:36:29.416+0000] {dag.py:4180} INFO - Setting next_dagrun for example_branch_dop_operator_v3 to 2025-03-26 17:35:00+00:00, run_after=2025-03-26 17:36:00+00:00
[2025-03-26T17:36:29.440+0000] {processor.py:208} INFO - Processing /home/ubuntu/customer_churn_youtube_venv/lib/python3.12/site-packages/airflow/example_dags/example_branch_python_dop_operator_3.py took 0.081 seconds
