[2025-03-26T17:13:21.235+0000] {processor.py:186} INFO - Started process (PID=6269) to work on /home/ubuntu/customer_churn_youtube_venv/lib/python3.12/site-packages/airflow/example_dags/example_trigger_target_dag.py
[2025-03-26T17:13:21.236+0000] {processor.py:914} INFO - Processing file /home/ubuntu/customer_churn_youtube_venv/lib/python3.12/site-packages/airflow/example_dags/example_trigger_target_dag.py for tasks to queue
[2025-03-26T17:13:21.238+0000] {logging_mixin.py:190} INFO - [2025-03-26T17:13:21.238+0000] {dagbag.py:588} INFO - Filling up the DagBag from /home/ubuntu/customer_churn_youtube_venv/lib/python3.12/site-packages/airflow/example_dags/example_trigger_target_dag.py
[2025-03-26T17:13:21.246+0000] {processor.py:925} INFO - DAG(s) 'example_trigger_target_dag' retrieved from /home/ubuntu/customer_churn_youtube_venv/lib/python3.12/site-packages/airflow/example_dags/example_trigger_target_dag.py
[2025-03-26T17:13:21.348+0000] {logging_mixin.py:190} INFO - [2025-03-26T17:13:21.348+0000] {override.py:1930} INFO - Created Permission View: can edit on DAG:example_trigger_target_dag
[2025-03-26T17:13:21.362+0000] {logging_mixin.py:190} INFO - [2025-03-26T17:13:21.362+0000] {override.py:1930} INFO - Created Permission View: can read on DAG:example_trigger_target_dag
[2025-03-26T17:13:21.374+0000] {logging_mixin.py:190} INFO - [2025-03-26T17:13:21.373+0000] {override.py:1930} INFO - Created Permission View: can delete on DAG:example_trigger_target_dag
[2025-03-26T17:13:21.391+0000] {logging_mixin.py:190} INFO - [2025-03-26T17:13:21.390+0000] {override.py:1930} INFO - Created Permission View: menu access on DAG Run:example_trigger_target_dag
[2025-03-26T17:13:21.400+0000] {logging_mixin.py:190} INFO - [2025-03-26T17:13:21.400+0000] {override.py:1930} INFO - Created Permission View: can create on DAG Run:example_trigger_target_dag
[2025-03-26T17:13:21.412+0000] {logging_mixin.py:190} INFO - [2025-03-26T17:13:21.412+0000] {override.py:1930} INFO - Created Permission View: can delete on DAG Run:example_trigger_target_dag
[2025-03-26T17:13:21.422+0000] {logging_mixin.py:190} INFO - [2025-03-26T17:13:21.422+0000] {override.py:1930} INFO - Created Permission View: can read on DAG Run:example_trigger_target_dag
[2025-03-26T17:13:21.422+0000] {logging_mixin.py:190} INFO - [2025-03-26T17:13:21.422+0000] {dag.py:3239} INFO - Sync 1 DAGs
[2025-03-26T17:13:21.433+0000] {logging_mixin.py:190} INFO - [2025-03-26T17:13:21.432+0000] {dag.py:3262} INFO - Creating ORM DAG for example_trigger_target_dag
[2025-03-26T17:13:21.433+0000] {logging_mixin.py:190} INFO - [2025-03-26T17:13:21.433+0000] {dag.py:4180} INFO - Setting next_dagrun for example_trigger_target_dag to None, run_after=None
[2025-03-26T17:13:21.455+0000] {processor.py:208} INFO - Processing /home/ubuntu/customer_churn_youtube_venv/lib/python3.12/site-packages/airflow/example_dags/example_trigger_target_dag.py took 0.226 seconds
[2025-03-26T17:14:30.387+0000] {processor.py:186} INFO - Started process (PID=6326) to work on /home/ubuntu/customer_churn_youtube_venv/lib/python3.12/site-packages/airflow/example_dags/example_trigger_target_dag.py
[2025-03-26T17:14:30.390+0000] {processor.py:914} INFO - Processing file /home/ubuntu/customer_churn_youtube_venv/lib/python3.12/site-packages/airflow/example_dags/example_trigger_target_dag.py for tasks to queue
[2025-03-26T17:14:30.392+0000] {logging_mixin.py:190} INFO - [2025-03-26T17:14:30.391+0000] {dagbag.py:588} INFO - Filling up the DagBag from /home/ubuntu/customer_churn_youtube_venv/lib/python3.12/site-packages/airflow/example_dags/example_trigger_target_dag.py
[2025-03-26T17:14:30.400+0000] {processor.py:925} INFO - DAG(s) 'example_trigger_target_dag' retrieved from /home/ubuntu/customer_churn_youtube_venv/lib/python3.12/site-packages/airflow/example_dags/example_trigger_target_dag.py
[2025-03-26T17:14:30.414+0000] {logging_mixin.py:190} INFO - [2025-03-26T17:14:30.413+0000] {dag.py:3239} INFO - Sync 1 DAGs
[2025-03-26T17:14:30.425+0000] {logging_mixin.py:190} INFO - [2025-03-26T17:14:30.425+0000] {dag.py:4180} INFO - Setting next_dagrun for example_trigger_target_dag to None, run_after=None
[2025-03-26T17:14:30.457+0000] {processor.py:208} INFO - Processing /home/ubuntu/customer_churn_youtube_venv/lib/python3.12/site-packages/airflow/example_dags/example_trigger_target_dag.py took 0.075 seconds
[2025-03-26T17:15:25.869+0000] {processor.py:186} INFO - Started process (PID=6389) to work on /home/ubuntu/customer_churn_youtube_venv/lib/python3.12/site-packages/airflow/example_dags/example_trigger_target_dag.py
[2025-03-26T17:15:25.870+0000] {processor.py:914} INFO - Processing file /home/ubuntu/customer_churn_youtube_venv/lib/python3.12/site-packages/airflow/example_dags/example_trigger_target_dag.py for tasks to queue
[2025-03-26T17:15:25.873+0000] {logging_mixin.py:190} INFO - [2025-03-26T17:15:25.872+0000] {dagbag.py:588} INFO - Filling up the DagBag from /home/ubuntu/customer_churn_youtube_venv/lib/python3.12/site-packages/airflow/example_dags/example_trigger_target_dag.py
[2025-03-26T17:15:25.881+0000] {processor.py:925} INFO - DAG(s) 'example_trigger_target_dag' retrieved from /home/ubuntu/customer_churn_youtube_venv/lib/python3.12/site-packages/airflow/example_dags/example_trigger_target_dag.py
[2025-03-26T17:15:25.896+0000] {logging_mixin.py:190} INFO - [2025-03-26T17:15:25.896+0000] {dag.py:3239} INFO - Sync 1 DAGs
[2025-03-26T17:15:25.907+0000] {logging_mixin.py:190} INFO - [2025-03-26T17:15:25.907+0000] {dag.py:4180} INFO - Setting next_dagrun for example_trigger_target_dag to None, run_after=None
[2025-03-26T17:15:25.931+0000] {processor.py:208} INFO - Processing /home/ubuntu/customer_churn_youtube_venv/lib/python3.12/site-packages/airflow/example_dags/example_trigger_target_dag.py took 0.068 seconds
[2025-03-26T17:16:17.458+0000] {processor.py:186} INFO - Started process (PID=6442) to work on /home/ubuntu/customer_churn_youtube_venv/lib/python3.12/site-packages/airflow/example_dags/example_trigger_target_dag.py
[2025-03-26T17:16:17.460+0000] {processor.py:914} INFO - Processing file /home/ubuntu/customer_churn_youtube_venv/lib/python3.12/site-packages/airflow/example_dags/example_trigger_target_dag.py for tasks to queue
[2025-03-26T17:16:17.462+0000] {logging_mixin.py:190} INFO - [2025-03-26T17:16:17.462+0000] {dagbag.py:588} INFO - Filling up the DagBag from /home/ubuntu/customer_churn_youtube_venv/lib/python3.12/site-packages/airflow/example_dags/example_trigger_target_dag.py
[2025-03-26T17:16:17.470+0000] {processor.py:925} INFO - DAG(s) 'example_trigger_target_dag' retrieved from /home/ubuntu/customer_churn_youtube_venv/lib/python3.12/site-packages/airflow/example_dags/example_trigger_target_dag.py
[2025-03-26T17:16:17.485+0000] {logging_mixin.py:190} INFO - [2025-03-26T17:16:17.484+0000] {dag.py:3239} INFO - Sync 1 DAGs
[2025-03-26T17:16:17.496+0000] {logging_mixin.py:190} INFO - [2025-03-26T17:16:17.495+0000] {dag.py:4180} INFO - Setting next_dagrun for example_trigger_target_dag to None, run_after=None
[2025-03-26T17:16:17.518+0000] {processor.py:208} INFO - Processing /home/ubuntu/customer_churn_youtube_venv/lib/python3.12/site-packages/airflow/example_dags/example_trigger_target_dag.py took 0.066 seconds
[2025-03-26T17:17:12.164+0000] {processor.py:186} INFO - Started process (PID=6500) to work on /home/ubuntu/customer_churn_youtube_venv/lib/python3.12/site-packages/airflow/example_dags/example_trigger_target_dag.py
[2025-03-26T17:17:12.167+0000] {processor.py:914} INFO - Processing file /home/ubuntu/customer_churn_youtube_venv/lib/python3.12/site-packages/airflow/example_dags/example_trigger_target_dag.py for tasks to queue
[2025-03-26T17:17:12.169+0000] {logging_mixin.py:190} INFO - [2025-03-26T17:17:12.169+0000] {dagbag.py:588} INFO - Filling up the DagBag from /home/ubuntu/customer_churn_youtube_venv/lib/python3.12/site-packages/airflow/example_dags/example_trigger_target_dag.py
[2025-03-26T17:17:12.177+0000] {processor.py:925} INFO - DAG(s) 'example_trigger_target_dag' retrieved from /home/ubuntu/customer_churn_youtube_venv/lib/python3.12/site-packages/airflow/example_dags/example_trigger_target_dag.py
[2025-03-26T17:17:12.192+0000] {logging_mixin.py:190} INFO - [2025-03-26T17:17:12.192+0000] {dag.py:3239} INFO - Sync 1 DAGs
[2025-03-26T17:17:12.205+0000] {logging_mixin.py:190} INFO - [2025-03-26T17:17:12.205+0000] {dag.py:4180} INFO - Setting next_dagrun for example_trigger_target_dag to None, run_after=None
[2025-03-26T17:17:12.227+0000] {processor.py:208} INFO - Processing /home/ubuntu/customer_churn_youtube_venv/lib/python3.12/site-packages/airflow/example_dags/example_trigger_target_dag.py took 0.068 seconds
[2025-03-26T17:18:04.716+0000] {processor.py:186} INFO - Started process (PID=6554) to work on /home/ubuntu/customer_churn_youtube_venv/lib/python3.12/site-packages/airflow/example_dags/example_trigger_target_dag.py
[2025-03-26T17:18:04.719+0000] {processor.py:914} INFO - Processing file /home/ubuntu/customer_churn_youtube_venv/lib/python3.12/site-packages/airflow/example_dags/example_trigger_target_dag.py for tasks to queue
[2025-03-26T17:18:04.721+0000] {logging_mixin.py:190} INFO - [2025-03-26T17:18:04.720+0000] {dagbag.py:588} INFO - Filling up the DagBag from /home/ubuntu/customer_churn_youtube_venv/lib/python3.12/site-packages/airflow/example_dags/example_trigger_target_dag.py
[2025-03-26T17:18:04.728+0000] {processor.py:925} INFO - DAG(s) 'example_trigger_target_dag' retrieved from /home/ubuntu/customer_churn_youtube_venv/lib/python3.12/site-packages/airflow/example_dags/example_trigger_target_dag.py
[2025-03-26T17:18:04.743+0000] {logging_mixin.py:190} INFO - [2025-03-26T17:18:04.743+0000] {dag.py:3239} INFO - Sync 1 DAGs
[2025-03-26T17:18:04.754+0000] {logging_mixin.py:190} INFO - [2025-03-26T17:18:04.754+0000] {dag.py:4180} INFO - Setting next_dagrun for example_trigger_target_dag to None, run_after=None
[2025-03-26T17:18:04.777+0000] {processor.py:208} INFO - Processing /home/ubuntu/customer_churn_youtube_venv/lib/python3.12/site-packages/airflow/example_dags/example_trigger_target_dag.py took 0.066 seconds
[2025-03-26T17:18:58.384+0000] {processor.py:186} INFO - Started process (PID=6610) to work on /home/ubuntu/customer_churn_youtube_venv/lib/python3.12/site-packages/airflow/example_dags/example_trigger_target_dag.py
[2025-03-26T17:18:58.386+0000] {processor.py:914} INFO - Processing file /home/ubuntu/customer_churn_youtube_venv/lib/python3.12/site-packages/airflow/example_dags/example_trigger_target_dag.py for tasks to queue
[2025-03-26T17:18:58.388+0000] {logging_mixin.py:190} INFO - [2025-03-26T17:18:58.388+0000] {dagbag.py:588} INFO - Filling up the DagBag from /home/ubuntu/customer_churn_youtube_venv/lib/python3.12/site-packages/airflow/example_dags/example_trigger_target_dag.py
[2025-03-26T17:18:58.396+0000] {processor.py:925} INFO - DAG(s) 'example_trigger_target_dag' retrieved from /home/ubuntu/customer_churn_youtube_venv/lib/python3.12/site-packages/airflow/example_dags/example_trigger_target_dag.py
[2025-03-26T17:18:58.411+0000] {logging_mixin.py:190} INFO - [2025-03-26T17:18:58.411+0000] {dag.py:3239} INFO - Sync 1 DAGs
[2025-03-26T17:18:58.422+0000] {logging_mixin.py:190} INFO - [2025-03-26T17:18:58.422+0000] {dag.py:4180} INFO - Setting next_dagrun for example_trigger_target_dag to None, run_after=None
[2025-03-26T17:18:58.446+0000] {processor.py:208} INFO - Processing /home/ubuntu/customer_churn_youtube_venv/lib/python3.12/site-packages/airflow/example_dags/example_trigger_target_dag.py took 0.067 seconds
[2025-03-26T17:19:58.444+0000] {processor.py:186} INFO - Started process (PID=6666) to work on /home/ubuntu/customer_churn_youtube_venv/lib/python3.12/site-packages/airflow/example_dags/example_trigger_target_dag.py
[2025-03-26T17:19:58.447+0000] {processor.py:914} INFO - Processing file /home/ubuntu/customer_churn_youtube_venv/lib/python3.12/site-packages/airflow/example_dags/example_trigger_target_dag.py for tasks to queue
[2025-03-26T17:19:58.448+0000] {logging_mixin.py:190} INFO - [2025-03-26T17:19:58.448+0000] {dagbag.py:588} INFO - Filling up the DagBag from /home/ubuntu/customer_churn_youtube_venv/lib/python3.12/site-packages/airflow/example_dags/example_trigger_target_dag.py
[2025-03-26T17:19:58.457+0000] {processor.py:925} INFO - DAG(s) 'example_trigger_target_dag' retrieved from /home/ubuntu/customer_churn_youtube_venv/lib/python3.12/site-packages/airflow/example_dags/example_trigger_target_dag.py
[2025-03-26T17:19:58.472+0000] {logging_mixin.py:190} INFO - [2025-03-26T17:19:58.472+0000] {dag.py:3239} INFO - Sync 1 DAGs
[2025-03-26T17:19:58.484+0000] {logging_mixin.py:190} INFO - [2025-03-26T17:19:58.484+0000] {dag.py:4180} INFO - Setting next_dagrun for example_trigger_target_dag to None, run_after=None
[2025-03-26T17:19:58.506+0000] {processor.py:208} INFO - Processing /home/ubuntu/customer_churn_youtube_venv/lib/python3.12/site-packages/airflow/example_dags/example_trigger_target_dag.py took 0.067 seconds
[2025-03-26T17:20:55.315+0000] {processor.py:186} INFO - Started process (PID=6729) to work on /home/ubuntu/customer_churn_youtube_venv/lib/python3.12/site-packages/airflow/example_dags/example_trigger_target_dag.py
[2025-03-26T17:20:55.317+0000] {processor.py:914} INFO - Processing file /home/ubuntu/customer_churn_youtube_venv/lib/python3.12/site-packages/airflow/example_dags/example_trigger_target_dag.py for tasks to queue
[2025-03-26T17:20:55.319+0000] {logging_mixin.py:190} INFO - [2025-03-26T17:20:55.319+0000] {dagbag.py:588} INFO - Filling up the DagBag from /home/ubuntu/customer_churn_youtube_venv/lib/python3.12/site-packages/airflow/example_dags/example_trigger_target_dag.py
[2025-03-26T17:20:55.328+0000] {processor.py:925} INFO - DAG(s) 'example_trigger_target_dag' retrieved from /home/ubuntu/customer_churn_youtube_venv/lib/python3.12/site-packages/airflow/example_dags/example_trigger_target_dag.py
[2025-03-26T17:20:55.342+0000] {logging_mixin.py:190} INFO - [2025-03-26T17:20:55.341+0000] {dag.py:3239} INFO - Sync 1 DAGs
[2025-03-26T17:20:55.353+0000] {logging_mixin.py:190} INFO - [2025-03-26T17:20:55.353+0000] {dag.py:4180} INFO - Setting next_dagrun for example_trigger_target_dag to None, run_after=None
[2025-03-26T17:20:55.374+0000] {processor.py:208} INFO - Processing /home/ubuntu/customer_churn_youtube_venv/lib/python3.12/site-packages/airflow/example_dags/example_trigger_target_dag.py took 0.065 seconds
[2025-03-26T17:21:48.734+0000] {processor.py:186} INFO - Started process (PID=6783) to work on /home/ubuntu/customer_churn_youtube_venv/lib/python3.12/site-packages/airflow/example_dags/example_trigger_target_dag.py
[2025-03-26T17:21:48.737+0000] {processor.py:914} INFO - Processing file /home/ubuntu/customer_churn_youtube_venv/lib/python3.12/site-packages/airflow/example_dags/example_trigger_target_dag.py for tasks to queue
[2025-03-26T17:21:48.739+0000] {logging_mixin.py:190} INFO - [2025-03-26T17:21:48.739+0000] {dagbag.py:588} INFO - Filling up the DagBag from /home/ubuntu/customer_churn_youtube_venv/lib/python3.12/site-packages/airflow/example_dags/example_trigger_target_dag.py
[2025-03-26T17:21:48.748+0000] {processor.py:925} INFO - DAG(s) 'example_trigger_target_dag' retrieved from /home/ubuntu/customer_churn_youtube_venv/lib/python3.12/site-packages/airflow/example_dags/example_trigger_target_dag.py
[2025-03-26T17:21:48.764+0000] {logging_mixin.py:190} INFO - [2025-03-26T17:21:48.763+0000] {dag.py:3239} INFO - Sync 1 DAGs
[2025-03-26T17:21:48.776+0000] {logging_mixin.py:190} INFO - [2025-03-26T17:21:48.776+0000] {dag.py:4180} INFO - Setting next_dagrun for example_trigger_target_dag to None, run_after=None
[2025-03-26T17:21:48.797+0000] {processor.py:208} INFO - Processing /home/ubuntu/customer_churn_youtube_venv/lib/python3.12/site-packages/airflow/example_dags/example_trigger_target_dag.py took 0.068 seconds
[2025-03-26T17:22:40.111+0000] {processor.py:186} INFO - Started process (PID=6837) to work on /home/ubuntu/customer_churn_youtube_venv/lib/python3.12/site-packages/airflow/example_dags/example_trigger_target_dag.py
[2025-03-26T17:22:40.113+0000] {processor.py:914} INFO - Processing file /home/ubuntu/customer_churn_youtube_venv/lib/python3.12/site-packages/airflow/example_dags/example_trigger_target_dag.py for tasks to queue
[2025-03-26T17:22:40.116+0000] {logging_mixin.py:190} INFO - [2025-03-26T17:22:40.114+0000] {dagbag.py:588} INFO - Filling up the DagBag from /home/ubuntu/customer_churn_youtube_venv/lib/python3.12/site-packages/airflow/example_dags/example_trigger_target_dag.py
[2025-03-26T17:22:40.124+0000] {processor.py:925} INFO - DAG(s) 'example_trigger_target_dag' retrieved from /home/ubuntu/customer_churn_youtube_venv/lib/python3.12/site-packages/airflow/example_dags/example_trigger_target_dag.py
[2025-03-26T17:22:40.138+0000] {logging_mixin.py:190} INFO - [2025-03-26T17:22:40.138+0000] {dag.py:3239} INFO - Sync 1 DAGs
[2025-03-26T17:22:40.151+0000] {logging_mixin.py:190} INFO - [2025-03-26T17:22:40.151+0000] {dag.py:4180} INFO - Setting next_dagrun for example_trigger_target_dag to None, run_after=None
[2025-03-26T17:22:40.173+0000] {processor.py:208} INFO - Processing /home/ubuntu/customer_churn_youtube_venv/lib/python3.12/site-packages/airflow/example_dags/example_trigger_target_dag.py took 0.067 seconds
[2025-03-26T17:23:32.077+0000] {processor.py:186} INFO - Started process (PID=6890) to work on /home/ubuntu/customer_churn_youtube_venv/lib/python3.12/site-packages/airflow/example_dags/example_trigger_target_dag.py
[2025-03-26T17:23:32.078+0000] {processor.py:914} INFO - Processing file /home/ubuntu/customer_churn_youtube_venv/lib/python3.12/site-packages/airflow/example_dags/example_trigger_target_dag.py for tasks to queue
[2025-03-26T17:23:32.080+0000] {logging_mixin.py:190} INFO - [2025-03-26T17:23:32.080+0000] {dagbag.py:588} INFO - Filling up the DagBag from /home/ubuntu/customer_churn_youtube_venv/lib/python3.12/site-packages/airflow/example_dags/example_trigger_target_dag.py
[2025-03-26T17:23:32.090+0000] {processor.py:925} INFO - DAG(s) 'example_trigger_target_dag' retrieved from /home/ubuntu/customer_churn_youtube_venv/lib/python3.12/site-packages/airflow/example_dags/example_trigger_target_dag.py
[2025-03-26T17:23:32.104+0000] {logging_mixin.py:190} INFO - [2025-03-26T17:23:32.104+0000] {dag.py:3239} INFO - Sync 1 DAGs
[2025-03-26T17:23:32.116+0000] {logging_mixin.py:190} INFO - [2025-03-26T17:23:32.116+0000] {dag.py:4180} INFO - Setting next_dagrun for example_trigger_target_dag to None, run_after=None
[2025-03-26T17:23:32.138+0000] {processor.py:208} INFO - Processing /home/ubuntu/customer_churn_youtube_venv/lib/python3.12/site-packages/airflow/example_dags/example_trigger_target_dag.py took 0.067 seconds
[2025-03-26T17:24:22.522+0000] {processor.py:186} INFO - Started process (PID=6943) to work on /home/ubuntu/customer_churn_youtube_venv/lib/python3.12/site-packages/airflow/example_dags/example_trigger_target_dag.py
[2025-03-26T17:24:22.523+0000] {processor.py:914} INFO - Processing file /home/ubuntu/customer_churn_youtube_venv/lib/python3.12/site-packages/airflow/example_dags/example_trigger_target_dag.py for tasks to queue
[2025-03-26T17:24:22.525+0000] {logging_mixin.py:190} INFO - [2025-03-26T17:24:22.525+0000] {dagbag.py:588} INFO - Filling up the DagBag from /home/ubuntu/customer_churn_youtube_venv/lib/python3.12/site-packages/airflow/example_dags/example_trigger_target_dag.py
[2025-03-26T17:24:22.534+0000] {processor.py:925} INFO - DAG(s) 'example_trigger_target_dag' retrieved from /home/ubuntu/customer_churn_youtube_venv/lib/python3.12/site-packages/airflow/example_dags/example_trigger_target_dag.py
[2025-03-26T17:24:22.548+0000] {logging_mixin.py:190} INFO - [2025-03-26T17:24:22.548+0000] {dag.py:3239} INFO - Sync 1 DAGs
[2025-03-26T17:24:22.559+0000] {logging_mixin.py:190} INFO - [2025-03-26T17:24:22.559+0000] {dag.py:4180} INFO - Setting next_dagrun for example_trigger_target_dag to None, run_after=None
[2025-03-26T17:24:22.580+0000] {processor.py:208} INFO - Processing /home/ubuntu/customer_churn_youtube_venv/lib/python3.12/site-packages/airflow/example_dags/example_trigger_target_dag.py took 0.065 seconds
[2025-03-26T17:25:13.532+0000] {processor.py:186} INFO - Started process (PID=6999) to work on /home/ubuntu/customer_churn_youtube_venv/lib/python3.12/site-packages/airflow/example_dags/example_trigger_target_dag.py
[2025-03-26T17:25:13.534+0000] {processor.py:914} INFO - Processing file /home/ubuntu/customer_churn_youtube_venv/lib/python3.12/site-packages/airflow/example_dags/example_trigger_target_dag.py for tasks to queue
[2025-03-26T17:25:13.537+0000] {logging_mixin.py:190} INFO - [2025-03-26T17:25:13.536+0000] {dagbag.py:588} INFO - Filling up the DagBag from /home/ubuntu/customer_churn_youtube_venv/lib/python3.12/site-packages/airflow/example_dags/example_trigger_target_dag.py
[2025-03-26T17:25:13.545+0000] {processor.py:925} INFO - DAG(s) 'example_trigger_target_dag' retrieved from /home/ubuntu/customer_churn_youtube_venv/lib/python3.12/site-packages/airflow/example_dags/example_trigger_target_dag.py
[2025-03-26T17:25:13.560+0000] {logging_mixin.py:190} INFO - [2025-03-26T17:25:13.560+0000] {dag.py:3239} INFO - Sync 1 DAGs
[2025-03-26T17:25:13.572+0000] {logging_mixin.py:190} INFO - [2025-03-26T17:25:13.572+0000] {dag.py:4180} INFO - Setting next_dagrun for example_trigger_target_dag to None, run_after=None
[2025-03-26T17:25:13.594+0000] {processor.py:208} INFO - Processing /home/ubuntu/customer_churn_youtube_venv/lib/python3.12/site-packages/airflow/example_dags/example_trigger_target_dag.py took 0.067 seconds
[2025-03-26T17:26:01.556+0000] {processor.py:186} INFO - Started process (PID=7050) to work on /home/ubuntu/customer_churn_youtube_venv/lib/python3.12/site-packages/airflow/example_dags/example_trigger_target_dag.py
[2025-03-26T17:26:01.558+0000] {processor.py:914} INFO - Processing file /home/ubuntu/customer_churn_youtube_venv/lib/python3.12/site-packages/airflow/example_dags/example_trigger_target_dag.py for tasks to queue
[2025-03-26T17:26:01.560+0000] {logging_mixin.py:190} INFO - [2025-03-26T17:26:01.560+0000] {dagbag.py:588} INFO - Filling up the DagBag from /home/ubuntu/customer_churn_youtube_venv/lib/python3.12/site-packages/airflow/example_dags/example_trigger_target_dag.py
[2025-03-26T17:26:01.574+0000] {processor.py:925} INFO - DAG(s) 'example_trigger_target_dag' retrieved from /home/ubuntu/customer_churn_youtube_venv/lib/python3.12/site-packages/airflow/example_dags/example_trigger_target_dag.py
[2025-03-26T17:26:01.591+0000] {logging_mixin.py:190} INFO - [2025-03-26T17:26:01.591+0000] {dag.py:3239} INFO - Sync 1 DAGs
[2025-03-26T17:26:01.605+0000] {logging_mixin.py:190} INFO - [2025-03-26T17:26:01.605+0000] {dag.py:4180} INFO - Setting next_dagrun for example_trigger_target_dag to None, run_after=None
[2025-03-26T17:26:01.631+0000] {processor.py:208} INFO - Processing /home/ubuntu/customer_churn_youtube_venv/lib/python3.12/site-packages/airflow/example_dags/example_trigger_target_dag.py took 0.081 seconds
[2025-03-26T17:26:53.148+0000] {processor.py:186} INFO - Started process (PID=7102) to work on /home/ubuntu/customer_churn_youtube_venv/lib/python3.12/site-packages/airflow/example_dags/example_trigger_target_dag.py
[2025-03-26T17:26:53.149+0000] {processor.py:914} INFO - Processing file /home/ubuntu/customer_churn_youtube_venv/lib/python3.12/site-packages/airflow/example_dags/example_trigger_target_dag.py for tasks to queue
[2025-03-26T17:26:53.151+0000] {logging_mixin.py:190} INFO - [2025-03-26T17:26:53.150+0000] {dagbag.py:588} INFO - Filling up the DagBag from /home/ubuntu/customer_churn_youtube_venv/lib/python3.12/site-packages/airflow/example_dags/example_trigger_target_dag.py
[2025-03-26T17:26:53.159+0000] {processor.py:925} INFO - DAG(s) 'example_trigger_target_dag' retrieved from /home/ubuntu/customer_churn_youtube_venv/lib/python3.12/site-packages/airflow/example_dags/example_trigger_target_dag.py
[2025-03-26T17:26:53.174+0000] {logging_mixin.py:190} INFO - [2025-03-26T17:26:53.174+0000] {dag.py:3239} INFO - Sync 1 DAGs
[2025-03-26T17:26:53.186+0000] {logging_mixin.py:190} INFO - [2025-03-26T17:26:53.186+0000] {dag.py:4180} INFO - Setting next_dagrun for example_trigger_target_dag to None, run_after=None
[2025-03-26T17:26:53.208+0000] {processor.py:208} INFO - Processing /home/ubuntu/customer_churn_youtube_venv/lib/python3.12/site-packages/airflow/example_dags/example_trigger_target_dag.py took 0.066 seconds
[2025-03-26T17:27:45.770+0000] {processor.py:186} INFO - Started process (PID=7202) to work on /home/ubuntu/customer_churn_youtube_venv/lib/python3.12/site-packages/airflow/example_dags/example_trigger_target_dag.py
[2025-03-26T17:27:45.772+0000] {processor.py:914} INFO - Processing file /home/ubuntu/customer_churn_youtube_venv/lib/python3.12/site-packages/airflow/example_dags/example_trigger_target_dag.py for tasks to queue
[2025-03-26T17:27:45.774+0000] {logging_mixin.py:190} INFO - [2025-03-26T17:27:45.773+0000] {dagbag.py:588} INFO - Filling up the DagBag from /home/ubuntu/customer_churn_youtube_venv/lib/python3.12/site-packages/airflow/example_dags/example_trigger_target_dag.py
[2025-03-26T17:27:45.782+0000] {processor.py:925} INFO - DAG(s) 'example_trigger_target_dag' retrieved from /home/ubuntu/customer_churn_youtube_venv/lib/python3.12/site-packages/airflow/example_dags/example_trigger_target_dag.py
[2025-03-26T17:27:45.797+0000] {logging_mixin.py:190} INFO - [2025-03-26T17:27:45.797+0000] {dag.py:3239} INFO - Sync 1 DAGs
[2025-03-26T17:27:45.809+0000] {logging_mixin.py:190} INFO - [2025-03-26T17:27:45.809+0000] {dag.py:4180} INFO - Setting next_dagrun for example_trigger_target_dag to None, run_after=None
[2025-03-26T17:27:45.832+0000] {processor.py:208} INFO - Processing /home/ubuntu/customer_churn_youtube_venv/lib/python3.12/site-packages/airflow/example_dags/example_trigger_target_dag.py took 0.067 seconds
[2025-03-26T17:28:36.333+0000] {processor.py:186} INFO - Started process (PID=7256) to work on /home/ubuntu/customer_churn_youtube_venv/lib/python3.12/site-packages/airflow/example_dags/example_trigger_target_dag.py
[2025-03-26T17:28:36.335+0000] {processor.py:914} INFO - Processing file /home/ubuntu/customer_churn_youtube_venv/lib/python3.12/site-packages/airflow/example_dags/example_trigger_target_dag.py for tasks to queue
[2025-03-26T17:28:36.337+0000] {logging_mixin.py:190} INFO - [2025-03-26T17:28:36.336+0000] {dagbag.py:588} INFO - Filling up the DagBag from /home/ubuntu/customer_churn_youtube_venv/lib/python3.12/site-packages/airflow/example_dags/example_trigger_target_dag.py
[2025-03-26T17:28:36.346+0000] {processor.py:925} INFO - DAG(s) 'example_trigger_target_dag' retrieved from /home/ubuntu/customer_churn_youtube_venv/lib/python3.12/site-packages/airflow/example_dags/example_trigger_target_dag.py
[2025-03-26T17:28:36.362+0000] {logging_mixin.py:190} INFO - [2025-03-26T17:28:36.360+0000] {dag.py:3239} INFO - Sync 1 DAGs
[2025-03-26T17:28:36.374+0000] {logging_mixin.py:190} INFO - [2025-03-26T17:28:36.373+0000] {dag.py:4180} INFO - Setting next_dagrun for example_trigger_target_dag to None, run_after=None
[2025-03-26T17:28:36.394+0000] {processor.py:208} INFO - Processing /home/ubuntu/customer_churn_youtube_venv/lib/python3.12/site-packages/airflow/example_dags/example_trigger_target_dag.py took 0.066 seconds
[2025-03-26T17:29:26.778+0000] {processor.py:186} INFO - Started process (PID=7308) to work on /home/ubuntu/customer_churn_youtube_venv/lib/python3.12/site-packages/airflow/example_dags/example_trigger_target_dag.py
[2025-03-26T17:29:26.780+0000] {processor.py:914} INFO - Processing file /home/ubuntu/customer_churn_youtube_venv/lib/python3.12/site-packages/airflow/example_dags/example_trigger_target_dag.py for tasks to queue
[2025-03-26T17:29:26.782+0000] {logging_mixin.py:190} INFO - [2025-03-26T17:29:26.781+0000] {dagbag.py:588} INFO - Filling up the DagBag from /home/ubuntu/customer_churn_youtube_venv/lib/python3.12/site-packages/airflow/example_dags/example_trigger_target_dag.py
[2025-03-26T17:29:26.791+0000] {processor.py:925} INFO - DAG(s) 'example_trigger_target_dag' retrieved from /home/ubuntu/customer_churn_youtube_venv/lib/python3.12/site-packages/airflow/example_dags/example_trigger_target_dag.py
[2025-03-26T17:29:26.805+0000] {logging_mixin.py:190} INFO - [2025-03-26T17:29:26.805+0000] {dag.py:3239} INFO - Sync 1 DAGs
[2025-03-26T17:29:26.817+0000] {logging_mixin.py:190} INFO - [2025-03-26T17:29:26.817+0000] {dag.py:4180} INFO - Setting next_dagrun for example_trigger_target_dag to None, run_after=None
[2025-03-26T17:29:26.839+0000] {processor.py:208} INFO - Processing /home/ubuntu/customer_churn_youtube_venv/lib/python3.12/site-packages/airflow/example_dags/example_trigger_target_dag.py took 0.067 seconds
[2025-03-26T17:30:15.131+0000] {processor.py:186} INFO - Started process (PID=7364) to work on /home/ubuntu/customer_churn_youtube_venv/lib/python3.12/site-packages/airflow/example_dags/example_trigger_target_dag.py
[2025-03-26T17:30:15.133+0000] {processor.py:914} INFO - Processing file /home/ubuntu/customer_churn_youtube_venv/lib/python3.12/site-packages/airflow/example_dags/example_trigger_target_dag.py for tasks to queue
[2025-03-26T17:30:15.135+0000] {logging_mixin.py:190} INFO - [2025-03-26T17:30:15.134+0000] {dagbag.py:588} INFO - Filling up the DagBag from /home/ubuntu/customer_churn_youtube_venv/lib/python3.12/site-packages/airflow/example_dags/example_trigger_target_dag.py
[2025-03-26T17:30:15.143+0000] {processor.py:925} INFO - DAG(s) 'example_trigger_target_dag' retrieved from /home/ubuntu/customer_churn_youtube_venv/lib/python3.12/site-packages/airflow/example_dags/example_trigger_target_dag.py
[2025-03-26T17:30:15.158+0000] {logging_mixin.py:190} INFO - [2025-03-26T17:30:15.158+0000] {dag.py:3239} INFO - Sync 1 DAGs
[2025-03-26T17:30:15.171+0000] {logging_mixin.py:190} INFO - [2025-03-26T17:30:15.171+0000] {dag.py:4180} INFO - Setting next_dagrun for example_trigger_target_dag to None, run_after=None
[2025-03-26T17:30:15.193+0000] {processor.py:208} INFO - Processing /home/ubuntu/customer_churn_youtube_venv/lib/python3.12/site-packages/airflow/example_dags/example_trigger_target_dag.py took 0.067 seconds
[2025-03-26T17:31:04.734+0000] {processor.py:186} INFO - Started process (PID=7415) to work on /home/ubuntu/customer_churn_youtube_venv/lib/python3.12/site-packages/airflow/example_dags/example_trigger_target_dag.py
[2025-03-26T17:31:04.735+0000] {processor.py:914} INFO - Processing file /home/ubuntu/customer_churn_youtube_venv/lib/python3.12/site-packages/airflow/example_dags/example_trigger_target_dag.py for tasks to queue
[2025-03-26T17:31:04.737+0000] {logging_mixin.py:190} INFO - [2025-03-26T17:31:04.737+0000] {dagbag.py:588} INFO - Filling up the DagBag from /home/ubuntu/customer_churn_youtube_venv/lib/python3.12/site-packages/airflow/example_dags/example_trigger_target_dag.py
[2025-03-26T17:31:04.745+0000] {processor.py:925} INFO - DAG(s) 'example_trigger_target_dag' retrieved from /home/ubuntu/customer_churn_youtube_venv/lib/python3.12/site-packages/airflow/example_dags/example_trigger_target_dag.py
[2025-03-26T17:31:04.762+0000] {logging_mixin.py:190} INFO - [2025-03-26T17:31:04.762+0000] {dag.py:3239} INFO - Sync 1 DAGs
[2025-03-26T17:31:04.774+0000] {logging_mixin.py:190} INFO - [2025-03-26T17:31:04.774+0000] {dag.py:4180} INFO - Setting next_dagrun for example_trigger_target_dag to None, run_after=None
[2025-03-26T17:31:04.796+0000] {processor.py:208} INFO - Processing /home/ubuntu/customer_churn_youtube_venv/lib/python3.12/site-packages/airflow/example_dags/example_trigger_target_dag.py took 0.068 seconds
[2025-03-26T17:31:56.356+0000] {processor.py:186} INFO - Started process (PID=7468) to work on /home/ubuntu/customer_churn_youtube_venv/lib/python3.12/site-packages/airflow/example_dags/example_trigger_target_dag.py
[2025-03-26T17:31:56.358+0000] {processor.py:914} INFO - Processing file /home/ubuntu/customer_churn_youtube_venv/lib/python3.12/site-packages/airflow/example_dags/example_trigger_target_dag.py for tasks to queue
[2025-03-26T17:31:56.360+0000] {logging_mixin.py:190} INFO - [2025-03-26T17:31:56.360+0000] {dagbag.py:588} INFO - Filling up the DagBag from /home/ubuntu/customer_churn_youtube_venv/lib/python3.12/site-packages/airflow/example_dags/example_trigger_target_dag.py
[2025-03-26T17:31:56.369+0000] {processor.py:925} INFO - DAG(s) 'example_trigger_target_dag' retrieved from /home/ubuntu/customer_churn_youtube_venv/lib/python3.12/site-packages/airflow/example_dags/example_trigger_target_dag.py
[2025-03-26T17:31:56.383+0000] {logging_mixin.py:190} INFO - [2025-03-26T17:31:56.383+0000] {dag.py:3239} INFO - Sync 1 DAGs
[2025-03-26T17:31:56.396+0000] {logging_mixin.py:190} INFO - [2025-03-26T17:31:56.396+0000] {dag.py:4180} INFO - Setting next_dagrun for example_trigger_target_dag to None, run_after=None
[2025-03-26T17:31:56.420+0000] {processor.py:208} INFO - Processing /home/ubuntu/customer_churn_youtube_venv/lib/python3.12/site-packages/airflow/example_dags/example_trigger_target_dag.py took 0.069 seconds
[2025-03-26T17:32:47.956+0000] {processor.py:186} INFO - Started process (PID=7561) to work on /home/ubuntu/customer_churn_youtube_venv/lib/python3.12/site-packages/airflow/example_dags/example_trigger_target_dag.py
[2025-03-26T17:32:47.958+0000] {processor.py:914} INFO - Processing file /home/ubuntu/customer_churn_youtube_venv/lib/python3.12/site-packages/airflow/example_dags/example_trigger_target_dag.py for tasks to queue
[2025-03-26T17:32:47.961+0000] {logging_mixin.py:190} INFO - [2025-03-26T17:32:47.960+0000] {dagbag.py:588} INFO - Filling up the DagBag from /home/ubuntu/customer_churn_youtube_venv/lib/python3.12/site-packages/airflow/example_dags/example_trigger_target_dag.py
[2025-03-26T17:32:47.971+0000] {processor.py:925} INFO - DAG(s) 'example_trigger_target_dag' retrieved from /home/ubuntu/customer_churn_youtube_venv/lib/python3.12/site-packages/airflow/example_dags/example_trigger_target_dag.py
[2025-03-26T17:32:47.987+0000] {logging_mixin.py:190} INFO - [2025-03-26T17:32:47.986+0000] {dag.py:3239} INFO - Sync 1 DAGs
[2025-03-26T17:32:47.998+0000] {logging_mixin.py:190} INFO - [2025-03-26T17:32:47.998+0000] {dag.py:4180} INFO - Setting next_dagrun for example_trigger_target_dag to None, run_after=None
[2025-03-26T17:32:48.020+0000] {processor.py:208} INFO - Processing /home/ubuntu/customer_churn_youtube_venv/lib/python3.12/site-packages/airflow/example_dags/example_trigger_target_dag.py took 0.070 seconds
[2025-03-26T17:33:39.597+0000] {processor.py:186} INFO - Started process (PID=7615) to work on /home/ubuntu/customer_churn_youtube_venv/lib/python3.12/site-packages/airflow/example_dags/example_trigger_target_dag.py
[2025-03-26T17:33:39.598+0000] {processor.py:914} INFO - Processing file /home/ubuntu/customer_churn_youtube_venv/lib/python3.12/site-packages/airflow/example_dags/example_trigger_target_dag.py for tasks to queue
[2025-03-26T17:33:39.600+0000] {logging_mixin.py:190} INFO - [2025-03-26T17:33:39.599+0000] {dagbag.py:588} INFO - Filling up the DagBag from /home/ubuntu/customer_churn_youtube_venv/lib/python3.12/site-packages/airflow/example_dags/example_trigger_target_dag.py
[2025-03-26T17:33:39.609+0000] {processor.py:925} INFO - DAG(s) 'example_trigger_target_dag' retrieved from /home/ubuntu/customer_churn_youtube_venv/lib/python3.12/site-packages/airflow/example_dags/example_trigger_target_dag.py
[2025-03-26T17:33:39.623+0000] {logging_mixin.py:190} INFO - [2025-03-26T17:33:39.623+0000] {dag.py:3239} INFO - Sync 1 DAGs
[2025-03-26T17:33:39.635+0000] {logging_mixin.py:190} INFO - [2025-03-26T17:33:39.635+0000] {dag.py:4180} INFO - Setting next_dagrun for example_trigger_target_dag to None, run_after=None
[2025-03-26T17:33:39.657+0000] {processor.py:208} INFO - Processing /home/ubuntu/customer_churn_youtube_venv/lib/python3.12/site-packages/airflow/example_dags/example_trigger_target_dag.py took 0.066 seconds
[2025-03-26T17:34:30.545+0000] {processor.py:186} INFO - Started process (PID=7667) to work on /home/ubuntu/customer_churn_youtube_venv/lib/python3.12/site-packages/airflow/example_dags/example_trigger_target_dag.py
[2025-03-26T17:34:30.546+0000] {processor.py:914} INFO - Processing file /home/ubuntu/customer_churn_youtube_venv/lib/python3.12/site-packages/airflow/example_dags/example_trigger_target_dag.py for tasks to queue
[2025-03-26T17:34:30.548+0000] {logging_mixin.py:190} INFO - [2025-03-26T17:34:30.548+0000] {dagbag.py:588} INFO - Filling up the DagBag from /home/ubuntu/customer_churn_youtube_venv/lib/python3.12/site-packages/airflow/example_dags/example_trigger_target_dag.py
[2025-03-26T17:34:30.558+0000] {processor.py:925} INFO - DAG(s) 'example_trigger_target_dag' retrieved from /home/ubuntu/customer_churn_youtube_venv/lib/python3.12/site-packages/airflow/example_dags/example_trigger_target_dag.py
[2025-03-26T17:34:30.572+0000] {logging_mixin.py:190} INFO - [2025-03-26T17:34:30.572+0000] {dag.py:3239} INFO - Sync 1 DAGs
[2025-03-26T17:34:30.584+0000] {logging_mixin.py:190} INFO - [2025-03-26T17:34:30.584+0000] {dag.py:4180} INFO - Setting next_dagrun for example_trigger_target_dag to None, run_after=None
[2025-03-26T17:34:30.607+0000] {processor.py:208} INFO - Processing /home/ubuntu/customer_churn_youtube_venv/lib/python3.12/site-packages/airflow/example_dags/example_trigger_target_dag.py took 0.067 seconds
[2025-03-26T17:35:23.080+0000] {processor.py:186} INFO - Started process (PID=7728) to work on /home/ubuntu/customer_churn_youtube_venv/lib/python3.12/site-packages/airflow/example_dags/example_trigger_target_dag.py
[2025-03-26T17:35:23.081+0000] {processor.py:914} INFO - Processing file /home/ubuntu/customer_churn_youtube_venv/lib/python3.12/site-packages/airflow/example_dags/example_trigger_target_dag.py for tasks to queue
[2025-03-26T17:35:23.083+0000] {logging_mixin.py:190} INFO - [2025-03-26T17:35:23.083+0000] {dagbag.py:588} INFO - Filling up the DagBag from /home/ubuntu/customer_churn_youtube_venv/lib/python3.12/site-packages/airflow/example_dags/example_trigger_target_dag.py
[2025-03-26T17:35:23.092+0000] {processor.py:925} INFO - DAG(s) 'example_trigger_target_dag' retrieved from /home/ubuntu/customer_churn_youtube_venv/lib/python3.12/site-packages/airflow/example_dags/example_trigger_target_dag.py
[2025-03-26T17:35:23.107+0000] {logging_mixin.py:190} INFO - [2025-03-26T17:35:23.106+0000] {dag.py:3239} INFO - Sync 1 DAGs
[2025-03-26T17:35:23.118+0000] {logging_mixin.py:190} INFO - [2025-03-26T17:35:23.118+0000] {dag.py:4180} INFO - Setting next_dagrun for example_trigger_target_dag to None, run_after=None
[2025-03-26T17:35:23.142+0000] {processor.py:208} INFO - Processing /home/ubuntu/customer_churn_youtube_venv/lib/python3.12/site-packages/airflow/example_dags/example_trigger_target_dag.py took 0.068 seconds
[2025-03-26T17:36:17.038+0000] {processor.py:186} INFO - Started process (PID=7784) to work on /home/ubuntu/customer_churn_youtube_venv/lib/python3.12/site-packages/airflow/example_dags/example_trigger_target_dag.py
[2025-03-26T17:36:17.039+0000] {processor.py:914} INFO - Processing file /home/ubuntu/customer_churn_youtube_venv/lib/python3.12/site-packages/airflow/example_dags/example_trigger_target_dag.py for tasks to queue
[2025-03-26T17:36:17.042+0000] {logging_mixin.py:190} INFO - [2025-03-26T17:36:17.041+0000] {dagbag.py:588} INFO - Filling up the DagBag from /home/ubuntu/customer_churn_youtube_venv/lib/python3.12/site-packages/airflow/example_dags/example_trigger_target_dag.py
[2025-03-26T17:36:17.051+0000] {processor.py:925} INFO - DAG(s) 'example_trigger_target_dag' retrieved from /home/ubuntu/customer_churn_youtube_venv/lib/python3.12/site-packages/airflow/example_dags/example_trigger_target_dag.py
[2025-03-26T17:36:17.066+0000] {logging_mixin.py:190} INFO - [2025-03-26T17:36:17.066+0000] {dag.py:3239} INFO - Sync 1 DAGs
[2025-03-26T17:36:17.078+0000] {logging_mixin.py:190} INFO - [2025-03-26T17:36:17.078+0000] {dag.py:4180} INFO - Setting next_dagrun for example_trigger_target_dag to None, run_after=None
[2025-03-26T17:36:17.100+0000] {processor.py:208} INFO - Processing /home/ubuntu/customer_churn_youtube_venv/lib/python3.12/site-packages/airflow/example_dags/example_trigger_target_dag.py took 0.068 seconds
