[2025-03-26T17:13:14.606+0000] {processor.py:186} INFO - Started process (PID=6264) to work on /home/ubuntu/customer_churn_youtube_venv/lib/python3.12/site-packages/airflow/example_dags/example_time_delta_sensor_async.py
[2025-03-26T17:13:14.607+0000] {processor.py:914} INFO - Processing file /home/ubuntu/customer_churn_youtube_venv/lib/python3.12/site-packages/airflow/example_dags/example_time_delta_sensor_async.py for tasks to queue
[2025-03-26T17:13:14.610+0000] {logging_mixin.py:190} INFO - [2025-03-26T17:13:14.610+0000] {dagbag.py:588} INFO - Filling up the DagBag from /home/ubuntu/customer_churn_youtube_venv/lib/python3.12/site-packages/airflow/example_dags/example_time_delta_sensor_async.py
[2025-03-26T17:13:14.617+0000] {processor.py:925} INFO - DAG(s) 'example_time_delta_sensor_async' retrieved from /home/ubuntu/customer_churn_youtube_venv/lib/python3.12/site-packages/airflow/example_dags/example_time_delta_sensor_async.py
[2025-03-26T17:13:14.724+0000] {logging_mixin.py:190} INFO - [2025-03-26T17:13:14.723+0000] {override.py:1930} INFO - Created Permission View: can edit on DAG:example_time_delta_sensor_async
[2025-03-26T17:13:14.737+0000] {logging_mixin.py:190} INFO - [2025-03-26T17:13:14.736+0000] {override.py:1930} INFO - Created Permission View: can read on DAG:example_time_delta_sensor_async
[2025-03-26T17:13:14.748+0000] {logging_mixin.py:190} INFO - [2025-03-26T17:13:14.748+0000] {override.py:1930} INFO - Created Permission View: can delete on DAG:example_time_delta_sensor_async
[2025-03-26T17:13:14.766+0000] {logging_mixin.py:190} INFO - [2025-03-26T17:13:14.765+0000] {override.py:1930} INFO - Created Permission View: menu access on DAG Run:example_time_delta_sensor_async
[2025-03-26T17:13:14.776+0000] {logging_mixin.py:190} INFO - [2025-03-26T17:13:14.776+0000] {override.py:1930} INFO - Created Permission View: can create on DAG Run:example_time_delta_sensor_async
[2025-03-26T17:13:14.786+0000] {logging_mixin.py:190} INFO - [2025-03-26T17:13:14.786+0000] {override.py:1930} INFO - Created Permission View: can delete on DAG Run:example_time_delta_sensor_async
[2025-03-26T17:13:14.796+0000] {logging_mixin.py:190} INFO - [2025-03-26T17:13:14.795+0000] {override.py:1930} INFO - Created Permission View: can read on DAG Run:example_time_delta_sensor_async
[2025-03-26T17:13:14.796+0000] {logging_mixin.py:190} INFO - [2025-03-26T17:13:14.796+0000] {dag.py:3239} INFO - Sync 1 DAGs
[2025-03-26T17:13:14.807+0000] {logging_mixin.py:190} INFO - [2025-03-26T17:13:14.807+0000] {dag.py:3262} INFO - Creating ORM DAG for example_time_delta_sensor_async
[2025-03-26T17:13:14.807+0000] {logging_mixin.py:190} INFO - [2025-03-26T17:13:14.807+0000] {dag.py:4180} INFO - Setting next_dagrun for example_time_delta_sensor_async to None, run_after=None
[2025-03-26T17:13:14.830+0000] {processor.py:208} INFO - Processing /home/ubuntu/customer_churn_youtube_venv/lib/python3.12/site-packages/airflow/example_dags/example_time_delta_sensor_async.py took 0.228 seconds
[2025-03-26T17:14:25.239+0000] {processor.py:186} INFO - Started process (PID=6321) to work on /home/ubuntu/customer_churn_youtube_venv/lib/python3.12/site-packages/airflow/example_dags/example_time_delta_sensor_async.py
[2025-03-26T17:14:25.240+0000] {processor.py:914} INFO - Processing file /home/ubuntu/customer_churn_youtube_venv/lib/python3.12/site-packages/airflow/example_dags/example_time_delta_sensor_async.py for tasks to queue
[2025-03-26T17:14:25.242+0000] {logging_mixin.py:190} INFO - [2025-03-26T17:14:25.242+0000] {dagbag.py:588} INFO - Filling up the DagBag from /home/ubuntu/customer_churn_youtube_venv/lib/python3.12/site-packages/airflow/example_dags/example_time_delta_sensor_async.py
[2025-03-26T17:14:25.250+0000] {processor.py:925} INFO - DAG(s) 'example_time_delta_sensor_async' retrieved from /home/ubuntu/customer_churn_youtube_venv/lib/python3.12/site-packages/airflow/example_dags/example_time_delta_sensor_async.py
[2025-03-26T17:14:25.264+0000] {logging_mixin.py:190} INFO - [2025-03-26T17:14:25.263+0000] {dag.py:3239} INFO - Sync 1 DAGs
[2025-03-26T17:14:25.275+0000] {logging_mixin.py:190} INFO - [2025-03-26T17:14:25.274+0000] {dag.py:4180} INFO - Setting next_dagrun for example_time_delta_sensor_async to None, run_after=None
[2025-03-26T17:14:25.297+0000] {processor.py:208} INFO - Processing /home/ubuntu/customer_churn_youtube_venv/lib/python3.12/site-packages/airflow/example_dags/example_time_delta_sensor_async.py took 0.063 seconds
[2025-03-26T17:15:20.722+0000] {processor.py:186} INFO - Started process (PID=6384) to work on /home/ubuntu/customer_churn_youtube_venv/lib/python3.12/site-packages/airflow/example_dags/example_time_delta_sensor_async.py
[2025-03-26T17:15:20.724+0000] {processor.py:914} INFO - Processing file /home/ubuntu/customer_churn_youtube_venv/lib/python3.12/site-packages/airflow/example_dags/example_time_delta_sensor_async.py for tasks to queue
[2025-03-26T17:15:20.726+0000] {logging_mixin.py:190} INFO - [2025-03-26T17:15:20.725+0000] {dagbag.py:588} INFO - Filling up the DagBag from /home/ubuntu/customer_churn_youtube_venv/lib/python3.12/site-packages/airflow/example_dags/example_time_delta_sensor_async.py
[2025-03-26T17:15:20.733+0000] {processor.py:925} INFO - DAG(s) 'example_time_delta_sensor_async' retrieved from /home/ubuntu/customer_churn_youtube_venv/lib/python3.12/site-packages/airflow/example_dags/example_time_delta_sensor_async.py
[2025-03-26T17:15:20.746+0000] {logging_mixin.py:190} INFO - [2025-03-26T17:15:20.746+0000] {dag.py:3239} INFO - Sync 1 DAGs
[2025-03-26T17:15:20.758+0000] {logging_mixin.py:190} INFO - [2025-03-26T17:15:20.757+0000] {dag.py:4180} INFO - Setting next_dagrun for example_time_delta_sensor_async to None, run_after=None
[2025-03-26T17:15:20.782+0000] {processor.py:208} INFO - Processing /home/ubuntu/customer_churn_youtube_venv/lib/python3.12/site-packages/airflow/example_dags/example_time_delta_sensor_async.py took 0.065 seconds
[2025-03-26T17:16:12.310+0000] {processor.py:186} INFO - Started process (PID=6437) to work on /home/ubuntu/customer_churn_youtube_venv/lib/python3.12/site-packages/airflow/example_dags/example_time_delta_sensor_async.py
[2025-03-26T17:16:12.311+0000] {processor.py:914} INFO - Processing file /home/ubuntu/customer_churn_youtube_venv/lib/python3.12/site-packages/airflow/example_dags/example_time_delta_sensor_async.py for tasks to queue
[2025-03-26T17:16:12.313+0000] {logging_mixin.py:190} INFO - [2025-03-26T17:16:12.313+0000] {dagbag.py:588} INFO - Filling up the DagBag from /home/ubuntu/customer_churn_youtube_venv/lib/python3.12/site-packages/airflow/example_dags/example_time_delta_sensor_async.py
[2025-03-26T17:16:12.320+0000] {processor.py:925} INFO - DAG(s) 'example_time_delta_sensor_async' retrieved from /home/ubuntu/customer_churn_youtube_venv/lib/python3.12/site-packages/airflow/example_dags/example_time_delta_sensor_async.py
[2025-03-26T17:16:12.335+0000] {logging_mixin.py:190} INFO - [2025-03-26T17:16:12.335+0000] {dag.py:3239} INFO - Sync 1 DAGs
[2025-03-26T17:16:12.346+0000] {logging_mixin.py:190} INFO - [2025-03-26T17:16:12.346+0000] {dag.py:4180} INFO - Setting next_dagrun for example_time_delta_sensor_async to None, run_after=None
[2025-03-26T17:16:12.368+0000] {processor.py:208} INFO - Processing /home/ubuntu/customer_churn_youtube_venv/lib/python3.12/site-packages/airflow/example_dags/example_time_delta_sensor_async.py took 0.064 seconds
[2025-03-26T17:17:06.496+0000] {processor.py:186} INFO - Started process (PID=6495) to work on /home/ubuntu/customer_churn_youtube_venv/lib/python3.12/site-packages/airflow/example_dags/example_time_delta_sensor_async.py
[2025-03-26T17:17:06.498+0000] {processor.py:914} INFO - Processing file /home/ubuntu/customer_churn_youtube_venv/lib/python3.12/site-packages/airflow/example_dags/example_time_delta_sensor_async.py for tasks to queue
[2025-03-26T17:17:06.499+0000] {logging_mixin.py:190} INFO - [2025-03-26T17:17:06.499+0000] {dagbag.py:588} INFO - Filling up the DagBag from /home/ubuntu/customer_churn_youtube_venv/lib/python3.12/site-packages/airflow/example_dags/example_time_delta_sensor_async.py
[2025-03-26T17:17:06.507+0000] {processor.py:925} INFO - DAG(s) 'example_time_delta_sensor_async' retrieved from /home/ubuntu/customer_churn_youtube_venv/lib/python3.12/site-packages/airflow/example_dags/example_time_delta_sensor_async.py
[2025-03-26T17:17:06.522+0000] {logging_mixin.py:190} INFO - [2025-03-26T17:17:06.522+0000] {dag.py:3239} INFO - Sync 1 DAGs
[2025-03-26T17:17:06.533+0000] {logging_mixin.py:190} INFO - [2025-03-26T17:17:06.533+0000] {dag.py:4180} INFO - Setting next_dagrun for example_time_delta_sensor_async to None, run_after=None
[2025-03-26T17:17:06.555+0000] {processor.py:208} INFO - Processing /home/ubuntu/customer_churn_youtube_venv/lib/python3.12/site-packages/airflow/example_dags/example_time_delta_sensor_async.py took 0.064 seconds
[2025-03-26T17:17:59.327+0000] {processor.py:186} INFO - Started process (PID=6549) to work on /home/ubuntu/customer_churn_youtube_venv/lib/python3.12/site-packages/airflow/example_dags/example_time_delta_sensor_async.py
[2025-03-26T17:17:59.329+0000] {processor.py:914} INFO - Processing file /home/ubuntu/customer_churn_youtube_venv/lib/python3.12/site-packages/airflow/example_dags/example_time_delta_sensor_async.py for tasks to queue
[2025-03-26T17:17:59.331+0000] {logging_mixin.py:190} INFO - [2025-03-26T17:17:59.331+0000] {dagbag.py:588} INFO - Filling up the DagBag from /home/ubuntu/customer_churn_youtube_venv/lib/python3.12/site-packages/airflow/example_dags/example_time_delta_sensor_async.py
[2025-03-26T17:17:59.339+0000] {processor.py:925} INFO - DAG(s) 'example_time_delta_sensor_async' retrieved from /home/ubuntu/customer_churn_youtube_venv/lib/python3.12/site-packages/airflow/example_dags/example_time_delta_sensor_async.py
[2025-03-26T17:17:59.353+0000] {logging_mixin.py:190} INFO - [2025-03-26T17:17:59.353+0000] {dag.py:3239} INFO - Sync 1 DAGs
[2025-03-26T17:17:59.364+0000] {logging_mixin.py:190} INFO - [2025-03-26T17:17:59.364+0000] {dag.py:4180} INFO - Setting next_dagrun for example_time_delta_sensor_async to None, run_after=None
[2025-03-26T17:17:59.385+0000] {processor.py:208} INFO - Processing /home/ubuntu/customer_churn_youtube_venv/lib/python3.12/site-packages/airflow/example_dags/example_time_delta_sensor_async.py took 0.063 seconds
[2025-03-26T17:18:52.878+0000] {processor.py:186} INFO - Started process (PID=6604) to work on /home/ubuntu/customer_churn_youtube_venv/lib/python3.12/site-packages/airflow/example_dags/example_time_delta_sensor_async.py
[2025-03-26T17:18:52.880+0000] {processor.py:914} INFO - Processing file /home/ubuntu/customer_churn_youtube_venv/lib/python3.12/site-packages/airflow/example_dags/example_time_delta_sensor_async.py for tasks to queue
[2025-03-26T17:18:52.883+0000] {logging_mixin.py:190} INFO - [2025-03-26T17:18:52.883+0000] {dagbag.py:588} INFO - Filling up the DagBag from /home/ubuntu/customer_churn_youtube_venv/lib/python3.12/site-packages/airflow/example_dags/example_time_delta_sensor_async.py
[2025-03-26T17:18:52.890+0000] {processor.py:925} INFO - DAG(s) 'example_time_delta_sensor_async' retrieved from /home/ubuntu/customer_churn_youtube_venv/lib/python3.12/site-packages/airflow/example_dags/example_time_delta_sensor_async.py
[2025-03-26T17:18:52.904+0000] {logging_mixin.py:190} INFO - [2025-03-26T17:18:52.903+0000] {dag.py:3239} INFO - Sync 1 DAGs
[2025-03-26T17:18:52.915+0000] {logging_mixin.py:190} INFO - [2025-03-26T17:18:52.915+0000] {dag.py:4180} INFO - Setting next_dagrun for example_time_delta_sensor_async to None, run_after=None
[2025-03-26T17:18:52.936+0000] {processor.py:208} INFO - Processing /home/ubuntu/customer_churn_youtube_venv/lib/python3.12/site-packages/airflow/example_dags/example_time_delta_sensor_async.py took 0.063 seconds
[2025-03-26T17:19:53.584+0000] {processor.py:186} INFO - Started process (PID=6661) to work on /home/ubuntu/customer_churn_youtube_venv/lib/python3.12/site-packages/airflow/example_dags/example_time_delta_sensor_async.py
[2025-03-26T17:19:53.586+0000] {processor.py:914} INFO - Processing file /home/ubuntu/customer_churn_youtube_venv/lib/python3.12/site-packages/airflow/example_dags/example_time_delta_sensor_async.py for tasks to queue
[2025-03-26T17:19:53.589+0000] {logging_mixin.py:190} INFO - [2025-03-26T17:19:53.588+0000] {dagbag.py:588} INFO - Filling up the DagBag from /home/ubuntu/customer_churn_youtube_venv/lib/python3.12/site-packages/airflow/example_dags/example_time_delta_sensor_async.py
[2025-03-26T17:19:53.595+0000] {processor.py:925} INFO - DAG(s) 'example_time_delta_sensor_async' retrieved from /home/ubuntu/customer_churn_youtube_venv/lib/python3.12/site-packages/airflow/example_dags/example_time_delta_sensor_async.py
[2025-03-26T17:19:53.610+0000] {logging_mixin.py:190} INFO - [2025-03-26T17:19:53.609+0000] {dag.py:3239} INFO - Sync 1 DAGs
[2025-03-26T17:19:53.621+0000] {logging_mixin.py:190} INFO - [2025-03-26T17:19:53.621+0000] {dag.py:4180} INFO - Setting next_dagrun for example_time_delta_sensor_async to None, run_after=None
[2025-03-26T17:19:53.644+0000] {processor.py:208} INFO - Processing /home/ubuntu/customer_churn_youtube_venv/lib/python3.12/site-packages/airflow/example_dags/example_time_delta_sensor_async.py took 0.067 seconds
[2025-03-26T17:20:50.520+0000] {processor.py:186} INFO - Started process (PID=6724) to work on /home/ubuntu/customer_churn_youtube_venv/lib/python3.12/site-packages/airflow/example_dags/example_time_delta_sensor_async.py
[2025-03-26T17:20:50.522+0000] {processor.py:914} INFO - Processing file /home/ubuntu/customer_churn_youtube_venv/lib/python3.12/site-packages/airflow/example_dags/example_time_delta_sensor_async.py for tasks to queue
[2025-03-26T17:20:50.524+0000] {logging_mixin.py:190} INFO - [2025-03-26T17:20:50.524+0000] {dagbag.py:588} INFO - Filling up the DagBag from /home/ubuntu/customer_churn_youtube_venv/lib/python3.12/site-packages/airflow/example_dags/example_time_delta_sensor_async.py
[2025-03-26T17:20:50.532+0000] {processor.py:925} INFO - DAG(s) 'example_time_delta_sensor_async' retrieved from /home/ubuntu/customer_churn_youtube_venv/lib/python3.12/site-packages/airflow/example_dags/example_time_delta_sensor_async.py
[2025-03-26T17:20:50.547+0000] {logging_mixin.py:190} INFO - [2025-03-26T17:20:50.546+0000] {dag.py:3239} INFO - Sync 1 DAGs
[2025-03-26T17:20:50.558+0000] {logging_mixin.py:190} INFO - [2025-03-26T17:20:50.558+0000] {dag.py:4180} INFO - Setting next_dagrun for example_time_delta_sensor_async to None, run_after=None
[2025-03-26T17:20:50.582+0000] {processor.py:208} INFO - Processing /home/ubuntu/customer_churn_youtube_venv/lib/python3.12/site-packages/airflow/example_dags/example_time_delta_sensor_async.py took 0.067 seconds
[2025-03-26T17:21:43.586+0000] {processor.py:186} INFO - Started process (PID=6778) to work on /home/ubuntu/customer_churn_youtube_venv/lib/python3.12/site-packages/airflow/example_dags/example_time_delta_sensor_async.py
[2025-03-26T17:21:43.588+0000] {processor.py:914} INFO - Processing file /home/ubuntu/customer_churn_youtube_venv/lib/python3.12/site-packages/airflow/example_dags/example_time_delta_sensor_async.py for tasks to queue
[2025-03-26T17:21:43.590+0000] {logging_mixin.py:190} INFO - [2025-03-26T17:21:43.589+0000] {dagbag.py:588} INFO - Filling up the DagBag from /home/ubuntu/customer_churn_youtube_venv/lib/python3.12/site-packages/airflow/example_dags/example_time_delta_sensor_async.py
[2025-03-26T17:21:43.597+0000] {processor.py:925} INFO - DAG(s) 'example_time_delta_sensor_async' retrieved from /home/ubuntu/customer_churn_youtube_venv/lib/python3.12/site-packages/airflow/example_dags/example_time_delta_sensor_async.py
[2025-03-26T17:21:43.612+0000] {logging_mixin.py:190} INFO - [2025-03-26T17:21:43.612+0000] {dag.py:3239} INFO - Sync 1 DAGs
[2025-03-26T17:21:43.624+0000] {logging_mixin.py:190} INFO - [2025-03-26T17:21:43.624+0000] {dag.py:4180} INFO - Setting next_dagrun for example_time_delta_sensor_async to None, run_after=None
[2025-03-26T17:21:43.647+0000] {processor.py:208} INFO - Processing /home/ubuntu/customer_churn_youtube_venv/lib/python3.12/site-packages/airflow/example_dags/example_time_delta_sensor_async.py took 0.066 seconds
[2025-03-26T17:22:35.272+0000] {processor.py:186} INFO - Started process (PID=6832) to work on /home/ubuntu/customer_churn_youtube_venv/lib/python3.12/site-packages/airflow/example_dags/example_time_delta_sensor_async.py
[2025-03-26T17:22:35.274+0000] {processor.py:914} INFO - Processing file /home/ubuntu/customer_churn_youtube_venv/lib/python3.12/site-packages/airflow/example_dags/example_time_delta_sensor_async.py for tasks to queue
[2025-03-26T17:22:35.276+0000] {logging_mixin.py:190} INFO - [2025-03-26T17:22:35.276+0000] {dagbag.py:588} INFO - Filling up the DagBag from /home/ubuntu/customer_churn_youtube_venv/lib/python3.12/site-packages/airflow/example_dags/example_time_delta_sensor_async.py
[2025-03-26T17:22:35.283+0000] {processor.py:925} INFO - DAG(s) 'example_time_delta_sensor_async' retrieved from /home/ubuntu/customer_churn_youtube_venv/lib/python3.12/site-packages/airflow/example_dags/example_time_delta_sensor_async.py
[2025-03-26T17:22:35.298+0000] {logging_mixin.py:190} INFO - [2025-03-26T17:22:35.297+0000] {dag.py:3239} INFO - Sync 1 DAGs
[2025-03-26T17:22:35.310+0000] {logging_mixin.py:190} INFO - [2025-03-26T17:22:35.309+0000] {dag.py:4180} INFO - Setting next_dagrun for example_time_delta_sensor_async to None, run_after=None
[2025-03-26T17:22:35.331+0000] {processor.py:208} INFO - Processing /home/ubuntu/customer_churn_youtube_venv/lib/python3.12/site-packages/airflow/example_dags/example_time_delta_sensor_async.py took 0.065 seconds
[2025-03-26T17:23:26.929+0000] {processor.py:186} INFO - Started process (PID=6885) to work on /home/ubuntu/customer_churn_youtube_venv/lib/python3.12/site-packages/airflow/example_dags/example_time_delta_sensor_async.py
[2025-03-26T17:23:26.930+0000] {processor.py:914} INFO - Processing file /home/ubuntu/customer_churn_youtube_venv/lib/python3.12/site-packages/airflow/example_dags/example_time_delta_sensor_async.py for tasks to queue
[2025-03-26T17:23:26.932+0000] {logging_mixin.py:190} INFO - [2025-03-26T17:23:26.932+0000] {dagbag.py:588} INFO - Filling up the DagBag from /home/ubuntu/customer_churn_youtube_venv/lib/python3.12/site-packages/airflow/example_dags/example_time_delta_sensor_async.py
[2025-03-26T17:23:26.940+0000] {processor.py:925} INFO - DAG(s) 'example_time_delta_sensor_async' retrieved from /home/ubuntu/customer_churn_youtube_venv/lib/python3.12/site-packages/airflow/example_dags/example_time_delta_sensor_async.py
[2025-03-26T17:23:26.954+0000] {logging_mixin.py:190} INFO - [2025-03-26T17:23:26.954+0000] {dag.py:3239} INFO - Sync 1 DAGs
[2025-03-26T17:23:26.966+0000] {logging_mixin.py:190} INFO - [2025-03-26T17:23:26.966+0000] {dag.py:4180} INFO - Setting next_dagrun for example_time_delta_sensor_async to None, run_after=None
[2025-03-26T17:23:26.987+0000] {processor.py:208} INFO - Processing /home/ubuntu/customer_churn_youtube_venv/lib/python3.12/site-packages/airflow/example_dags/example_time_delta_sensor_async.py took 0.065 seconds
[2025-03-26T17:24:17.373+0000] {processor.py:186} INFO - Started process (PID=6938) to work on /home/ubuntu/customer_churn_youtube_venv/lib/python3.12/site-packages/airflow/example_dags/example_time_delta_sensor_async.py
[2025-03-26T17:24:17.375+0000] {processor.py:914} INFO - Processing file /home/ubuntu/customer_churn_youtube_venv/lib/python3.12/site-packages/airflow/example_dags/example_time_delta_sensor_async.py for tasks to queue
[2025-03-26T17:24:17.377+0000] {logging_mixin.py:190} INFO - [2025-03-26T17:24:17.377+0000] {dagbag.py:588} INFO - Filling up the DagBag from /home/ubuntu/customer_churn_youtube_venv/lib/python3.12/site-packages/airflow/example_dags/example_time_delta_sensor_async.py
[2025-03-26T17:24:17.385+0000] {processor.py:925} INFO - DAG(s) 'example_time_delta_sensor_async' retrieved from /home/ubuntu/customer_churn_youtube_venv/lib/python3.12/site-packages/airflow/example_dags/example_time_delta_sensor_async.py
[2025-03-26T17:24:17.399+0000] {logging_mixin.py:190} INFO - [2025-03-26T17:24:17.399+0000] {dag.py:3239} INFO - Sync 1 DAGs
[2025-03-26T17:24:17.411+0000] {logging_mixin.py:190} INFO - [2025-03-26T17:24:17.411+0000] {dag.py:4180} INFO - Setting next_dagrun for example_time_delta_sensor_async to None, run_after=None
[2025-03-26T17:24:17.434+0000] {processor.py:208} INFO - Processing /home/ubuntu/customer_churn_youtube_venv/lib/python3.12/site-packages/airflow/example_dags/example_time_delta_sensor_async.py took 0.066 seconds
[2025-03-26T17:25:08.417+0000] {processor.py:186} INFO - Started process (PID=6994) to work on /home/ubuntu/customer_churn_youtube_venv/lib/python3.12/site-packages/airflow/example_dags/example_time_delta_sensor_async.py
[2025-03-26T17:25:08.419+0000] {processor.py:914} INFO - Processing file /home/ubuntu/customer_churn_youtube_venv/lib/python3.12/site-packages/airflow/example_dags/example_time_delta_sensor_async.py for tasks to queue
[2025-03-26T17:25:08.422+0000] {logging_mixin.py:190} INFO - [2025-03-26T17:25:08.421+0000] {dagbag.py:588} INFO - Filling up the DagBag from /home/ubuntu/customer_churn_youtube_venv/lib/python3.12/site-packages/airflow/example_dags/example_time_delta_sensor_async.py
[2025-03-26T17:25:08.429+0000] {processor.py:925} INFO - DAG(s) 'example_time_delta_sensor_async' retrieved from /home/ubuntu/customer_churn_youtube_venv/lib/python3.12/site-packages/airflow/example_dags/example_time_delta_sensor_async.py
[2025-03-26T17:25:08.445+0000] {logging_mixin.py:190} INFO - [2025-03-26T17:25:08.445+0000] {dag.py:3239} INFO - Sync 1 DAGs
[2025-03-26T17:25:08.459+0000] {logging_mixin.py:190} INFO - [2025-03-26T17:25:08.459+0000] {dag.py:4180} INFO - Setting next_dagrun for example_time_delta_sensor_async to None, run_after=None
[2025-03-26T17:25:08.484+0000] {processor.py:208} INFO - Processing /home/ubuntu/customer_churn_youtube_venv/lib/python3.12/site-packages/airflow/example_dags/example_time_delta_sensor_async.py took 0.072 seconds
[2025-03-26T17:25:56.674+0000] {processor.py:186} INFO - Started process (PID=7045) to work on /home/ubuntu/customer_churn_youtube_venv/lib/python3.12/site-packages/airflow/example_dags/example_time_delta_sensor_async.py
[2025-03-26T17:25:56.677+0000] {processor.py:914} INFO - Processing file /home/ubuntu/customer_churn_youtube_venv/lib/python3.12/site-packages/airflow/example_dags/example_time_delta_sensor_async.py for tasks to queue
[2025-03-26T17:25:56.679+0000] {logging_mixin.py:190} INFO - [2025-03-26T17:25:56.678+0000] {dagbag.py:588} INFO - Filling up the DagBag from /home/ubuntu/customer_churn_youtube_venv/lib/python3.12/site-packages/airflow/example_dags/example_time_delta_sensor_async.py
[2025-03-26T17:25:56.686+0000] {processor.py:925} INFO - DAG(s) 'example_time_delta_sensor_async' retrieved from /home/ubuntu/customer_churn_youtube_venv/lib/python3.12/site-packages/airflow/example_dags/example_time_delta_sensor_async.py
[2025-03-26T17:25:56.701+0000] {logging_mixin.py:190} INFO - [2025-03-26T17:25:56.701+0000] {dag.py:3239} INFO - Sync 1 DAGs
[2025-03-26T17:25:56.712+0000] {logging_mixin.py:190} INFO - [2025-03-26T17:25:56.712+0000] {dag.py:4180} INFO - Setting next_dagrun for example_time_delta_sensor_async to None, run_after=None
[2025-03-26T17:25:56.733+0000] {processor.py:208} INFO - Processing /home/ubuntu/customer_churn_youtube_venv/lib/python3.12/site-packages/airflow/example_dags/example_time_delta_sensor_async.py took 0.065 seconds
[2025-03-26T17:26:47.998+0000] {processor.py:186} INFO - Started process (PID=7097) to work on /home/ubuntu/customer_churn_youtube_venv/lib/python3.12/site-packages/airflow/example_dags/example_time_delta_sensor_async.py
[2025-03-26T17:26:48.000+0000] {processor.py:914} INFO - Processing file /home/ubuntu/customer_churn_youtube_venv/lib/python3.12/site-packages/airflow/example_dags/example_time_delta_sensor_async.py for tasks to queue
[2025-03-26T17:26:48.002+0000] {logging_mixin.py:190} INFO - [2025-03-26T17:26:48.001+0000] {dagbag.py:588} INFO - Filling up the DagBag from /home/ubuntu/customer_churn_youtube_venv/lib/python3.12/site-packages/airflow/example_dags/example_time_delta_sensor_async.py
[2025-03-26T17:26:48.009+0000] {processor.py:925} INFO - DAG(s) 'example_time_delta_sensor_async' retrieved from /home/ubuntu/customer_churn_youtube_venv/lib/python3.12/site-packages/airflow/example_dags/example_time_delta_sensor_async.py
[2025-03-26T17:26:48.024+0000] {logging_mixin.py:190} INFO - [2025-03-26T17:26:48.024+0000] {dag.py:3239} INFO - Sync 1 DAGs
[2025-03-26T17:26:48.035+0000] {logging_mixin.py:190} INFO - [2025-03-26T17:26:48.035+0000] {dag.py:4180} INFO - Setting next_dagrun for example_time_delta_sensor_async to None, run_after=None
[2025-03-26T17:26:48.057+0000] {processor.py:208} INFO - Processing /home/ubuntu/customer_churn_youtube_venv/lib/python3.12/site-packages/airflow/example_dags/example_time_delta_sensor_async.py took 0.065 seconds
[2025-03-26T17:27:40.624+0000] {processor.py:186} INFO - Started process (PID=7197) to work on /home/ubuntu/customer_churn_youtube_venv/lib/python3.12/site-packages/airflow/example_dags/example_time_delta_sensor_async.py
[2025-03-26T17:27:40.626+0000] {processor.py:914} INFO - Processing file /home/ubuntu/customer_churn_youtube_venv/lib/python3.12/site-packages/airflow/example_dags/example_time_delta_sensor_async.py for tasks to queue
[2025-03-26T17:27:40.627+0000] {logging_mixin.py:190} INFO - [2025-03-26T17:27:40.627+0000] {dagbag.py:588} INFO - Filling up the DagBag from /home/ubuntu/customer_churn_youtube_venv/lib/python3.12/site-packages/airflow/example_dags/example_time_delta_sensor_async.py
[2025-03-26T17:27:40.635+0000] {processor.py:925} INFO - DAG(s) 'example_time_delta_sensor_async' retrieved from /home/ubuntu/customer_churn_youtube_venv/lib/python3.12/site-packages/airflow/example_dags/example_time_delta_sensor_async.py
[2025-03-26T17:27:40.649+0000] {logging_mixin.py:190} INFO - [2025-03-26T17:27:40.649+0000] {dag.py:3239} INFO - Sync 1 DAGs
[2025-03-26T17:27:40.661+0000] {logging_mixin.py:190} INFO - [2025-03-26T17:27:40.661+0000] {dag.py:4180} INFO - Setting next_dagrun for example_time_delta_sensor_async to None, run_after=None
[2025-03-26T17:27:40.683+0000] {processor.py:208} INFO - Processing /home/ubuntu/customer_churn_youtube_venv/lib/python3.12/site-packages/airflow/example_dags/example_time_delta_sensor_async.py took 0.065 seconds
[2025-03-26T17:28:31.186+0000] {processor.py:186} INFO - Started process (PID=7251) to work on /home/ubuntu/customer_churn_youtube_venv/lib/python3.12/site-packages/airflow/example_dags/example_time_delta_sensor_async.py
[2025-03-26T17:28:31.187+0000] {processor.py:914} INFO - Processing file /home/ubuntu/customer_churn_youtube_venv/lib/python3.12/site-packages/airflow/example_dags/example_time_delta_sensor_async.py for tasks to queue
[2025-03-26T17:28:31.189+0000] {logging_mixin.py:190} INFO - [2025-03-26T17:28:31.189+0000] {dagbag.py:588} INFO - Filling up the DagBag from /home/ubuntu/customer_churn_youtube_venv/lib/python3.12/site-packages/airflow/example_dags/example_time_delta_sensor_async.py
[2025-03-26T17:28:31.197+0000] {processor.py:925} INFO - DAG(s) 'example_time_delta_sensor_async' retrieved from /home/ubuntu/customer_churn_youtube_venv/lib/python3.12/site-packages/airflow/example_dags/example_time_delta_sensor_async.py
[2025-03-26T17:28:31.212+0000] {logging_mixin.py:190} INFO - [2025-03-26T17:28:31.212+0000] {dag.py:3239} INFO - Sync 1 DAGs
[2025-03-26T17:28:31.224+0000] {logging_mixin.py:190} INFO - [2025-03-26T17:28:31.223+0000] {dag.py:4180} INFO - Setting next_dagrun for example_time_delta_sensor_async to None, run_after=None
[2025-03-26T17:28:31.247+0000] {processor.py:208} INFO - Processing /home/ubuntu/customer_churn_youtube_venv/lib/python3.12/site-packages/airflow/example_dags/example_time_delta_sensor_async.py took 0.067 seconds
[2025-03-26T17:29:21.630+0000] {processor.py:186} INFO - Started process (PID=7303) to work on /home/ubuntu/customer_churn_youtube_venv/lib/python3.12/site-packages/airflow/example_dags/example_time_delta_sensor_async.py
[2025-03-26T17:29:21.632+0000] {processor.py:914} INFO - Processing file /home/ubuntu/customer_churn_youtube_venv/lib/python3.12/site-packages/airflow/example_dags/example_time_delta_sensor_async.py for tasks to queue
[2025-03-26T17:29:21.633+0000] {logging_mixin.py:190} INFO - [2025-03-26T17:29:21.633+0000] {dagbag.py:588} INFO - Filling up the DagBag from /home/ubuntu/customer_churn_youtube_venv/lib/python3.12/site-packages/airflow/example_dags/example_time_delta_sensor_async.py
[2025-03-26T17:29:21.641+0000] {processor.py:925} INFO - DAG(s) 'example_time_delta_sensor_async' retrieved from /home/ubuntu/customer_churn_youtube_venv/lib/python3.12/site-packages/airflow/example_dags/example_time_delta_sensor_async.py
[2025-03-26T17:29:21.656+0000] {logging_mixin.py:190} INFO - [2025-03-26T17:29:21.655+0000] {dag.py:3239} INFO - Sync 1 DAGs
[2025-03-26T17:29:21.668+0000] {logging_mixin.py:190} INFO - [2025-03-26T17:29:21.668+0000] {dag.py:4180} INFO - Setting next_dagrun for example_time_delta_sensor_async to None, run_after=None
[2025-03-26T17:29:21.689+0000] {processor.py:208} INFO - Processing /home/ubuntu/customer_churn_youtube_venv/lib/python3.12/site-packages/airflow/example_dags/example_time_delta_sensor_async.py took 0.065 seconds
[2025-03-26T17:30:11.074+0000] {processor.py:186} INFO - Started process (PID=7359) to work on /home/ubuntu/customer_churn_youtube_venv/lib/python3.12/site-packages/airflow/example_dags/example_time_delta_sensor_async.py
[2025-03-26T17:30:11.075+0000] {processor.py:914} INFO - Processing file /home/ubuntu/customer_churn_youtube_venv/lib/python3.12/site-packages/airflow/example_dags/example_time_delta_sensor_async.py for tasks to queue
[2025-03-26T17:30:11.077+0000] {logging_mixin.py:190} INFO - [2025-03-26T17:30:11.077+0000] {dagbag.py:588} INFO - Filling up the DagBag from /home/ubuntu/customer_churn_youtube_venv/lib/python3.12/site-packages/airflow/example_dags/example_time_delta_sensor_async.py
[2025-03-26T17:30:11.085+0000] {processor.py:925} INFO - DAG(s) 'example_time_delta_sensor_async' retrieved from /home/ubuntu/customer_churn_youtube_venv/lib/python3.12/site-packages/airflow/example_dags/example_time_delta_sensor_async.py
[2025-03-26T17:30:11.100+0000] {logging_mixin.py:190} INFO - [2025-03-26T17:30:11.100+0000] {dag.py:3239} INFO - Sync 1 DAGs
[2025-03-26T17:30:11.112+0000] {logging_mixin.py:190} INFO - [2025-03-26T17:30:11.112+0000] {dag.py:4180} INFO - Setting next_dagrun for example_time_delta_sensor_async to None, run_after=None
[2025-03-26T17:30:11.134+0000] {processor.py:208} INFO - Processing /home/ubuntu/customer_churn_youtube_venv/lib/python3.12/site-packages/airflow/example_dags/example_time_delta_sensor_async.py took 0.066 seconds
[2025-03-26T17:30:59.585+0000] {processor.py:186} INFO - Started process (PID=7410) to work on /home/ubuntu/customer_churn_youtube_venv/lib/python3.12/site-packages/airflow/example_dags/example_time_delta_sensor_async.py
[2025-03-26T17:30:59.586+0000] {processor.py:914} INFO - Processing file /home/ubuntu/customer_churn_youtube_venv/lib/python3.12/site-packages/airflow/example_dags/example_time_delta_sensor_async.py for tasks to queue
[2025-03-26T17:30:59.588+0000] {logging_mixin.py:190} INFO - [2025-03-26T17:30:59.588+0000] {dagbag.py:588} INFO - Filling up the DagBag from /home/ubuntu/customer_churn_youtube_venv/lib/python3.12/site-packages/airflow/example_dags/example_time_delta_sensor_async.py
[2025-03-26T17:30:59.596+0000] {processor.py:925} INFO - DAG(s) 'example_time_delta_sensor_async' retrieved from /home/ubuntu/customer_churn_youtube_venv/lib/python3.12/site-packages/airflow/example_dags/example_time_delta_sensor_async.py
[2025-03-26T17:30:59.611+0000] {logging_mixin.py:190} INFO - [2025-03-26T17:30:59.611+0000] {dag.py:3239} INFO - Sync 1 DAGs
[2025-03-26T17:30:59.624+0000] {logging_mixin.py:190} INFO - [2025-03-26T17:30:59.623+0000] {dag.py:4180} INFO - Setting next_dagrun for example_time_delta_sensor_async to None, run_after=None
[2025-03-26T17:30:59.644+0000] {processor.py:208} INFO - Processing /home/ubuntu/customer_churn_youtube_venv/lib/python3.12/site-packages/airflow/example_dags/example_time_delta_sensor_async.py took 0.065 seconds
[2025-03-26T17:31:51.210+0000] {processor.py:186} INFO - Started process (PID=7463) to work on /home/ubuntu/customer_churn_youtube_venv/lib/python3.12/site-packages/airflow/example_dags/example_time_delta_sensor_async.py
[2025-03-26T17:31:51.212+0000] {processor.py:914} INFO - Processing file /home/ubuntu/customer_churn_youtube_venv/lib/python3.12/site-packages/airflow/example_dags/example_time_delta_sensor_async.py for tasks to queue
[2025-03-26T17:31:51.214+0000] {logging_mixin.py:190} INFO - [2025-03-26T17:31:51.213+0000] {dagbag.py:588} INFO - Filling up the DagBag from /home/ubuntu/customer_churn_youtube_venv/lib/python3.12/site-packages/airflow/example_dags/example_time_delta_sensor_async.py
[2025-03-26T17:31:51.222+0000] {processor.py:925} INFO - DAG(s) 'example_time_delta_sensor_async' retrieved from /home/ubuntu/customer_churn_youtube_venv/lib/python3.12/site-packages/airflow/example_dags/example_time_delta_sensor_async.py
[2025-03-26T17:31:51.235+0000] {logging_mixin.py:190} INFO - [2025-03-26T17:31:51.235+0000] {dag.py:3239} INFO - Sync 1 DAGs
[2025-03-26T17:31:51.248+0000] {logging_mixin.py:190} INFO - [2025-03-26T17:31:51.248+0000] {dag.py:4180} INFO - Setting next_dagrun for example_time_delta_sensor_async to None, run_after=None
[2025-03-26T17:31:51.270+0000] {processor.py:208} INFO - Processing /home/ubuntu/customer_churn_youtube_venv/lib/python3.12/site-packages/airflow/example_dags/example_time_delta_sensor_async.py took 0.066 seconds
[2025-03-26T17:32:42.808+0000] {processor.py:186} INFO - Started process (PID=7556) to work on /home/ubuntu/customer_churn_youtube_venv/lib/python3.12/site-packages/airflow/example_dags/example_time_delta_sensor_async.py
[2025-03-26T17:32:42.810+0000] {processor.py:914} INFO - Processing file /home/ubuntu/customer_churn_youtube_venv/lib/python3.12/site-packages/airflow/example_dags/example_time_delta_sensor_async.py for tasks to queue
[2025-03-26T17:32:42.811+0000] {logging_mixin.py:190} INFO - [2025-03-26T17:32:42.811+0000] {dagbag.py:588} INFO - Filling up the DagBag from /home/ubuntu/customer_churn_youtube_venv/lib/python3.12/site-packages/airflow/example_dags/example_time_delta_sensor_async.py
[2025-03-26T17:32:42.820+0000] {processor.py:925} INFO - DAG(s) 'example_time_delta_sensor_async' retrieved from /home/ubuntu/customer_churn_youtube_venv/lib/python3.12/site-packages/airflow/example_dags/example_time_delta_sensor_async.py
[2025-03-26T17:32:42.833+0000] {logging_mixin.py:190} INFO - [2025-03-26T17:32:42.833+0000] {dag.py:3239} INFO - Sync 1 DAGs
[2025-03-26T17:32:42.846+0000] {logging_mixin.py:190} INFO - [2025-03-26T17:32:42.846+0000] {dag.py:4180} INFO - Setting next_dagrun for example_time_delta_sensor_async to None, run_after=None
[2025-03-26T17:32:42.867+0000] {processor.py:208} INFO - Processing /home/ubuntu/customer_churn_youtube_venv/lib/python3.12/site-packages/airflow/example_dags/example_time_delta_sensor_async.py took 0.064 seconds
[2025-03-26T17:33:34.448+0000] {processor.py:186} INFO - Started process (PID=7610) to work on /home/ubuntu/customer_churn_youtube_venv/lib/python3.12/site-packages/airflow/example_dags/example_time_delta_sensor_async.py
[2025-03-26T17:33:34.450+0000] {processor.py:914} INFO - Processing file /home/ubuntu/customer_churn_youtube_venv/lib/python3.12/site-packages/airflow/example_dags/example_time_delta_sensor_async.py for tasks to queue
[2025-03-26T17:33:34.453+0000] {logging_mixin.py:190} INFO - [2025-03-26T17:33:34.452+0000] {dagbag.py:588} INFO - Filling up the DagBag from /home/ubuntu/customer_churn_youtube_venv/lib/python3.12/site-packages/airflow/example_dags/example_time_delta_sensor_async.py
[2025-03-26T17:33:34.461+0000] {processor.py:925} INFO - DAG(s) 'example_time_delta_sensor_async' retrieved from /home/ubuntu/customer_churn_youtube_venv/lib/python3.12/site-packages/airflow/example_dags/example_time_delta_sensor_async.py
[2025-03-26T17:33:34.476+0000] {logging_mixin.py:190} INFO - [2025-03-26T17:33:34.474+0000] {dag.py:3239} INFO - Sync 1 DAGs
[2025-03-26T17:33:34.488+0000] {logging_mixin.py:190} INFO - [2025-03-26T17:33:34.487+0000] {dag.py:4180} INFO - Setting next_dagrun for example_time_delta_sensor_async to None, run_after=None
[2025-03-26T17:33:34.508+0000] {processor.py:208} INFO - Processing /home/ubuntu/customer_churn_youtube_venv/lib/python3.12/site-packages/airflow/example_dags/example_time_delta_sensor_async.py took 0.065 seconds
[2025-03-26T17:34:25.664+0000] {processor.py:186} INFO - Started process (PID=7662) to work on /home/ubuntu/customer_churn_youtube_venv/lib/python3.12/site-packages/airflow/example_dags/example_time_delta_sensor_async.py
[2025-03-26T17:34:25.666+0000] {processor.py:914} INFO - Processing file /home/ubuntu/customer_churn_youtube_venv/lib/python3.12/site-packages/airflow/example_dags/example_time_delta_sensor_async.py for tasks to queue
[2025-03-26T17:34:25.667+0000] {logging_mixin.py:190} INFO - [2025-03-26T17:34:25.667+0000] {dagbag.py:588} INFO - Filling up the DagBag from /home/ubuntu/customer_churn_youtube_venv/lib/python3.12/site-packages/airflow/example_dags/example_time_delta_sensor_async.py
[2025-03-26T17:34:25.674+0000] {processor.py:925} INFO - DAG(s) 'example_time_delta_sensor_async' retrieved from /home/ubuntu/customer_churn_youtube_venv/lib/python3.12/site-packages/airflow/example_dags/example_time_delta_sensor_async.py
[2025-03-26T17:34:25.690+0000] {logging_mixin.py:190} INFO - [2025-03-26T17:34:25.689+0000] {dag.py:3239} INFO - Sync 1 DAGs
[2025-03-26T17:34:25.702+0000] {logging_mixin.py:190} INFO - [2025-03-26T17:34:25.701+0000] {dag.py:4180} INFO - Setting next_dagrun for example_time_delta_sensor_async to None, run_after=None
[2025-03-26T17:34:25.725+0000] {processor.py:208} INFO - Processing /home/ubuntu/customer_churn_youtube_venv/lib/python3.12/site-packages/airflow/example_dags/example_time_delta_sensor_async.py took 0.066 seconds
[2025-03-26T17:35:18.613+0000] {processor.py:186} INFO - Started process (PID=7723) to work on /home/ubuntu/customer_churn_youtube_venv/lib/python3.12/site-packages/airflow/example_dags/example_time_delta_sensor_async.py
[2025-03-26T17:35:18.615+0000] {processor.py:914} INFO - Processing file /home/ubuntu/customer_churn_youtube_venv/lib/python3.12/site-packages/airflow/example_dags/example_time_delta_sensor_async.py for tasks to queue
[2025-03-26T17:35:18.617+0000] {logging_mixin.py:190} INFO - [2025-03-26T17:35:18.617+0000] {dagbag.py:588} INFO - Filling up the DagBag from /home/ubuntu/customer_churn_youtube_venv/lib/python3.12/site-packages/airflow/example_dags/example_time_delta_sensor_async.py
[2025-03-26T17:35:18.625+0000] {processor.py:925} INFO - DAG(s) 'example_time_delta_sensor_async' retrieved from /home/ubuntu/customer_churn_youtube_venv/lib/python3.12/site-packages/airflow/example_dags/example_time_delta_sensor_async.py
[2025-03-26T17:35:18.639+0000] {logging_mixin.py:190} INFO - [2025-03-26T17:35:18.639+0000] {dag.py:3239} INFO - Sync 1 DAGs
[2025-03-26T17:35:18.651+0000] {logging_mixin.py:190} INFO - [2025-03-26T17:35:18.651+0000] {dag.py:4180} INFO - Setting next_dagrun for example_time_delta_sensor_async to None, run_after=None
[2025-03-26T17:35:18.672+0000] {processor.py:208} INFO - Processing /home/ubuntu/customer_churn_youtube_venv/lib/python3.12/site-packages/airflow/example_dags/example_time_delta_sensor_async.py took 0.064 seconds
[2025-03-26T17:36:13.328+0000] {processor.py:186} INFO - Started process (PID=7779) to work on /home/ubuntu/customer_churn_youtube_venv/lib/python3.12/site-packages/airflow/example_dags/example_time_delta_sensor_async.py
[2025-03-26T17:36:13.330+0000] {processor.py:914} INFO - Processing file /home/ubuntu/customer_churn_youtube_venv/lib/python3.12/site-packages/airflow/example_dags/example_time_delta_sensor_async.py for tasks to queue
[2025-03-26T17:36:13.331+0000] {logging_mixin.py:190} INFO - [2025-03-26T17:36:13.331+0000] {dagbag.py:588} INFO - Filling up the DagBag from /home/ubuntu/customer_churn_youtube_venv/lib/python3.12/site-packages/airflow/example_dags/example_time_delta_sensor_async.py
[2025-03-26T17:36:13.339+0000] {processor.py:925} INFO - DAG(s) 'example_time_delta_sensor_async' retrieved from /home/ubuntu/customer_churn_youtube_venv/lib/python3.12/site-packages/airflow/example_dags/example_time_delta_sensor_async.py
[2025-03-26T17:36:13.354+0000] {logging_mixin.py:190} INFO - [2025-03-26T17:36:13.354+0000] {dag.py:3239} INFO - Sync 1 DAGs
[2025-03-26T17:36:13.366+0000] {logging_mixin.py:190} INFO - [2025-03-26T17:36:13.366+0000] {dag.py:4180} INFO - Setting next_dagrun for example_time_delta_sensor_async to None, run_after=None
[2025-03-26T17:36:13.387+0000] {processor.py:208} INFO - Processing /home/ubuntu/customer_churn_youtube_venv/lib/python3.12/site-packages/airflow/example_dags/example_time_delta_sensor_async.py took 0.065 seconds
