[2025-03-26T17:13:37.075+0000] {processor.py:186} INFO - Started process (PID=6282) to work on /home/ubuntu/customer_churn_youtube_venv/lib/python3.12/site-packages/airflow/example_dags/example_python_operator.py
[2025-03-26T17:13:37.076+0000] {processor.py:914} INFO - Processing file /home/ubuntu/customer_churn_youtube_venv/lib/python3.12/site-packages/airflow/example_dags/example_python_operator.py for tasks to queue
[2025-03-26T17:13:37.078+0000] {logging_mixin.py:190} INFO - [2025-03-26T17:13:37.077+0000] {dagbag.py:588} INFO - Filling up the DagBag from /home/ubuntu/customer_churn_youtube_venv/lib/python3.12/site-packages/airflow/example_dags/example_python_operator.py
[2025-03-26T17:13:37.084+0000] {logging_mixin.py:190} INFO - [2025-03-26T17:13:37.084+0000] {example_python_operator.py:93} WARNING - The virtalenv_python example task requires virtualenv, please install it.
[2025-03-26T17:13:37.087+0000] {processor.py:925} INFO - DAG(s) 'example_python_operator' retrieved from /home/ubuntu/customer_churn_youtube_venv/lib/python3.12/site-packages/airflow/example_dags/example_python_operator.py
[2025-03-26T17:13:37.195+0000] {logging_mixin.py:190} INFO - [2025-03-26T17:13:37.195+0000] {override.py:1930} INFO - Created Permission View: can edit on DAG:example_python_operator
[2025-03-26T17:13:37.210+0000] {logging_mixin.py:190} INFO - [2025-03-26T17:13:37.210+0000] {override.py:1930} INFO - Created Permission View: can read on DAG:example_python_operator
[2025-03-26T17:13:37.221+0000] {logging_mixin.py:190} INFO - [2025-03-26T17:13:37.221+0000] {override.py:1930} INFO - Created Permission View: can delete on DAG:example_python_operator
[2025-03-26T17:13:37.237+0000] {logging_mixin.py:190} INFO - [2025-03-26T17:13:37.236+0000] {override.py:1930} INFO - Created Permission View: menu access on DAG Run:example_python_operator
[2025-03-26T17:13:37.246+0000] {logging_mixin.py:190} INFO - [2025-03-26T17:13:37.246+0000] {override.py:1930} INFO - Created Permission View: can create on DAG Run:example_python_operator
[2025-03-26T17:13:37.256+0000] {logging_mixin.py:190} INFO - [2025-03-26T17:13:37.255+0000] {override.py:1930} INFO - Created Permission View: can delete on DAG Run:example_python_operator
[2025-03-26T17:13:37.265+0000] {logging_mixin.py:190} INFO - [2025-03-26T17:13:37.265+0000] {override.py:1930} INFO - Created Permission View: can read on DAG Run:example_python_operator
[2025-03-26T17:13:37.266+0000] {logging_mixin.py:190} INFO - [2025-03-26T17:13:37.265+0000] {dag.py:3239} INFO - Sync 1 DAGs
[2025-03-26T17:13:37.276+0000] {logging_mixin.py:190} INFO - [2025-03-26T17:13:37.275+0000] {dag.py:3262} INFO - Creating ORM DAG for example_python_operator
[2025-03-26T17:13:37.276+0000] {logging_mixin.py:190} INFO - [2025-03-26T17:13:37.276+0000] {dag.py:4180} INFO - Setting next_dagrun for example_python_operator to None, run_after=None
[2025-03-26T17:13:37.298+0000] {processor.py:208} INFO - Processing /home/ubuntu/customer_churn_youtube_venv/lib/python3.12/site-packages/airflow/example_dags/example_python_operator.py took 0.228 seconds
[2025-03-26T17:14:42.959+0000] {processor.py:186} INFO - Started process (PID=6339) to work on /home/ubuntu/customer_churn_youtube_venv/lib/python3.12/site-packages/airflow/example_dags/example_python_operator.py
[2025-03-26T17:14:42.960+0000] {processor.py:914} INFO - Processing file /home/ubuntu/customer_churn_youtube_venv/lib/python3.12/site-packages/airflow/example_dags/example_python_operator.py for tasks to queue
[2025-03-26T17:14:42.963+0000] {logging_mixin.py:190} INFO - [2025-03-26T17:14:42.962+0000] {dagbag.py:588} INFO - Filling up the DagBag from /home/ubuntu/customer_churn_youtube_venv/lib/python3.12/site-packages/airflow/example_dags/example_python_operator.py
[2025-03-26T17:14:42.969+0000] {logging_mixin.py:190} INFO - [2025-03-26T17:14:42.968+0000] {example_python_operator.py:93} WARNING - The virtalenv_python example task requires virtualenv, please install it.
[2025-03-26T17:14:42.971+0000] {processor.py:925} INFO - DAG(s) 'example_python_operator' retrieved from /home/ubuntu/customer_churn_youtube_venv/lib/python3.12/site-packages/airflow/example_dags/example_python_operator.py
[2025-03-26T17:14:42.987+0000] {logging_mixin.py:190} INFO - [2025-03-26T17:14:42.987+0000] {dag.py:3239} INFO - Sync 1 DAGs
[2025-03-26T17:14:42.999+0000] {logging_mixin.py:190} INFO - [2025-03-26T17:14:42.999+0000] {dag.py:4180} INFO - Setting next_dagrun for example_python_operator to None, run_after=None
[2025-03-26T17:14:43.023+0000] {processor.py:208} INFO - Processing /home/ubuntu/customer_churn_youtube_venv/lib/python3.12/site-packages/airflow/example_dags/example_python_operator.py took 0.070 seconds
[2025-03-26T17:15:38.457+0000] {processor.py:186} INFO - Started process (PID=6402) to work on /home/ubuntu/customer_churn_youtube_venv/lib/python3.12/site-packages/airflow/example_dags/example_python_operator.py
[2025-03-26T17:15:38.459+0000] {processor.py:914} INFO - Processing file /home/ubuntu/customer_churn_youtube_venv/lib/python3.12/site-packages/airflow/example_dags/example_python_operator.py for tasks to queue
[2025-03-26T17:15:38.461+0000] {logging_mixin.py:190} INFO - [2025-03-26T17:15:38.461+0000] {dagbag.py:588} INFO - Filling up the DagBag from /home/ubuntu/customer_churn_youtube_venv/lib/python3.12/site-packages/airflow/example_dags/example_python_operator.py
[2025-03-26T17:15:38.468+0000] {logging_mixin.py:190} INFO - [2025-03-26T17:15:38.468+0000] {example_python_operator.py:93} WARNING - The virtalenv_python example task requires virtualenv, please install it.
[2025-03-26T17:15:38.470+0000] {processor.py:925} INFO - DAG(s) 'example_python_operator' retrieved from /home/ubuntu/customer_churn_youtube_venv/lib/python3.12/site-packages/airflow/example_dags/example_python_operator.py
[2025-03-26T17:15:38.486+0000] {logging_mixin.py:190} INFO - [2025-03-26T17:15:38.485+0000] {dag.py:3239} INFO - Sync 1 DAGs
[2025-03-26T17:15:38.497+0000] {logging_mixin.py:190} INFO - [2025-03-26T17:15:38.497+0000] {dag.py:4180} INFO - Setting next_dagrun for example_python_operator to None, run_after=None
[2025-03-26T17:15:38.521+0000] {processor.py:208} INFO - Processing /home/ubuntu/customer_churn_youtube_venv/lib/python3.12/site-packages/airflow/example_dags/example_python_operator.py took 0.069 seconds
[2025-03-26T17:16:39.201+0000] {processor.py:186} INFO - Started process (PID=6463) to work on /home/ubuntu/customer_churn_youtube_venv/lib/python3.12/site-packages/airflow/example_dags/example_python_operator.py
[2025-03-26T17:16:39.204+0000] {processor.py:914} INFO - Processing file /home/ubuntu/customer_churn_youtube_venv/lib/python3.12/site-packages/airflow/example_dags/example_python_operator.py for tasks to queue
[2025-03-26T17:16:39.205+0000] {logging_mixin.py:190} INFO - [2025-03-26T17:16:39.205+0000] {dagbag.py:588} INFO - Filling up the DagBag from /home/ubuntu/customer_churn_youtube_venv/lib/python3.12/site-packages/airflow/example_dags/example_python_operator.py
[2025-03-26T17:16:39.212+0000] {logging_mixin.py:190} INFO - [2025-03-26T17:16:39.212+0000] {example_python_operator.py:93} WARNING - The virtalenv_python example task requires virtualenv, please install it.
[2025-03-26T17:16:39.215+0000] {processor.py:925} INFO - DAG(s) 'example_python_operator' retrieved from /home/ubuntu/customer_churn_youtube_venv/lib/python3.12/site-packages/airflow/example_dags/example_python_operator.py
[2025-03-26T17:16:39.231+0000] {logging_mixin.py:190} INFO - [2025-03-26T17:16:39.231+0000] {dag.py:3239} INFO - Sync 1 DAGs
[2025-03-26T17:16:39.243+0000] {logging_mixin.py:190} INFO - [2025-03-26T17:16:39.243+0000] {dag.py:4180} INFO - Setting next_dagrun for example_python_operator to None, run_after=None
[2025-03-26T17:16:39.265+0000] {processor.py:208} INFO - Processing /home/ubuntu/customer_churn_youtube_venv/lib/python3.12/site-packages/airflow/example_dags/example_python_operator.py took 0.068 seconds
[2025-03-26T17:17:34.484+0000] {processor.py:186} INFO - Started process (PID=6525) to work on /home/ubuntu/customer_churn_youtube_venv/lib/python3.12/site-packages/airflow/example_dags/example_python_operator.py
[2025-03-26T17:17:34.486+0000] {processor.py:914} INFO - Processing file /home/ubuntu/customer_churn_youtube_venv/lib/python3.12/site-packages/airflow/example_dags/example_python_operator.py for tasks to queue
[2025-03-26T17:17:34.488+0000] {logging_mixin.py:190} INFO - [2025-03-26T17:17:34.488+0000] {dagbag.py:588} INFO - Filling up the DagBag from /home/ubuntu/customer_churn_youtube_venv/lib/python3.12/site-packages/airflow/example_dags/example_python_operator.py
[2025-03-26T17:17:34.494+0000] {logging_mixin.py:190} INFO - [2025-03-26T17:17:34.494+0000] {example_python_operator.py:93} WARNING - The virtalenv_python example task requires virtualenv, please install it.
[2025-03-26T17:17:34.497+0000] {processor.py:925} INFO - DAG(s) 'example_python_operator' retrieved from /home/ubuntu/customer_churn_youtube_venv/lib/python3.12/site-packages/airflow/example_dags/example_python_operator.py
[2025-03-26T17:17:34.512+0000] {logging_mixin.py:190} INFO - [2025-03-26T17:17:34.512+0000] {dag.py:3239} INFO - Sync 1 DAGs
[2025-03-26T17:17:34.524+0000] {logging_mixin.py:190} INFO - [2025-03-26T17:17:34.524+0000] {dag.py:4180} INFO - Setting next_dagrun for example_python_operator to None, run_after=None
[2025-03-26T17:17:34.544+0000] {processor.py:208} INFO - Processing /home/ubuntu/customer_churn_youtube_venv/lib/python3.12/site-packages/airflow/example_dags/example_python_operator.py took 0.066 seconds
[2025-03-26T17:18:26.053+0000] {processor.py:186} INFO - Started process (PID=6577) to work on /home/ubuntu/customer_churn_youtube_venv/lib/python3.12/site-packages/airflow/example_dags/example_python_operator.py
[2025-03-26T17:18:26.055+0000] {processor.py:914} INFO - Processing file /home/ubuntu/customer_churn_youtube_venv/lib/python3.12/site-packages/airflow/example_dags/example_python_operator.py for tasks to queue
[2025-03-26T17:18:26.057+0000] {logging_mixin.py:190} INFO - [2025-03-26T17:18:26.057+0000] {dagbag.py:588} INFO - Filling up the DagBag from /home/ubuntu/customer_churn_youtube_venv/lib/python3.12/site-packages/airflow/example_dags/example_python_operator.py
[2025-03-26T17:18:26.063+0000] {logging_mixin.py:190} INFO - [2025-03-26T17:18:26.063+0000] {example_python_operator.py:93} WARNING - The virtalenv_python example task requires virtualenv, please install it.
[2025-03-26T17:18:26.066+0000] {processor.py:925} INFO - DAG(s) 'example_python_operator' retrieved from /home/ubuntu/customer_churn_youtube_venv/lib/python3.12/site-packages/airflow/example_dags/example_python_operator.py
[2025-03-26T17:18:26.081+0000] {logging_mixin.py:190} INFO - [2025-03-26T17:18:26.081+0000] {dag.py:3239} INFO - Sync 1 DAGs
[2025-03-26T17:18:26.093+0000] {logging_mixin.py:190} INFO - [2025-03-26T17:18:26.093+0000] {dag.py:4180} INFO - Setting next_dagrun for example_python_operator to None, run_after=None
[2025-03-26T17:18:26.116+0000] {processor.py:208} INFO - Processing /home/ubuntu/customer_churn_youtube_venv/lib/python3.12/site-packages/airflow/example_dags/example_python_operator.py took 0.069 seconds
[2025-03-26T17:19:19.375+0000] {processor.py:186} INFO - Started process (PID=6631) to work on /home/ubuntu/customer_churn_youtube_venv/lib/python3.12/site-packages/airflow/example_dags/example_python_operator.py
[2025-03-26T17:19:19.376+0000] {processor.py:914} INFO - Processing file /home/ubuntu/customer_churn_youtube_venv/lib/python3.12/site-packages/airflow/example_dags/example_python_operator.py for tasks to queue
[2025-03-26T17:19:19.379+0000] {logging_mixin.py:190} INFO - [2025-03-26T17:19:19.378+0000] {dagbag.py:588} INFO - Filling up the DagBag from /home/ubuntu/customer_churn_youtube_venv/lib/python3.12/site-packages/airflow/example_dags/example_python_operator.py
[2025-03-26T17:19:19.385+0000] {logging_mixin.py:190} INFO - [2025-03-26T17:19:19.385+0000] {example_python_operator.py:93} WARNING - The virtalenv_python example task requires virtualenv, please install it.
[2025-03-26T17:19:19.387+0000] {processor.py:925} INFO - DAG(s) 'example_python_operator' retrieved from /home/ubuntu/customer_churn_youtube_venv/lib/python3.12/site-packages/airflow/example_dags/example_python_operator.py
[2025-03-26T17:19:19.521+0000] {logging_mixin.py:190} INFO - [2025-03-26T17:19:19.521+0000] {dag.py:3239} INFO - Sync 1 DAGs
[2025-03-26T17:19:19.531+0000] {logging_mixin.py:190} INFO - [2025-03-26T17:19:19.531+0000] {dag.py:4180} INFO - Setting next_dagrun for example_python_operator to None, run_after=None
[2025-03-26T17:19:19.551+0000] {processor.py:208} INFO - Processing /home/ubuntu/customer_churn_youtube_venv/lib/python3.12/site-packages/airflow/example_dags/example_python_operator.py took 0.181 seconds
[2025-03-26T17:20:21.485+0000] {processor.py:186} INFO - Started process (PID=6695) to work on /home/ubuntu/customer_churn_youtube_venv/lib/python3.12/site-packages/airflow/example_dags/example_python_operator.py
[2025-03-26T17:20:21.487+0000] {processor.py:914} INFO - Processing file /home/ubuntu/customer_churn_youtube_venv/lib/python3.12/site-packages/airflow/example_dags/example_python_operator.py for tasks to queue
[2025-03-26T17:20:21.489+0000] {logging_mixin.py:190} INFO - [2025-03-26T17:20:21.489+0000] {dagbag.py:588} INFO - Filling up the DagBag from /home/ubuntu/customer_churn_youtube_venv/lib/python3.12/site-packages/airflow/example_dags/example_python_operator.py
[2025-03-26T17:20:21.496+0000] {logging_mixin.py:190} INFO - [2025-03-26T17:20:21.495+0000] {example_python_operator.py:93} WARNING - The virtalenv_python example task requires virtualenv, please install it.
[2025-03-26T17:20:21.497+0000] {processor.py:925} INFO - DAG(s) 'example_python_operator' retrieved from /home/ubuntu/customer_churn_youtube_venv/lib/python3.12/site-packages/airflow/example_dags/example_python_operator.py
[2025-03-26T17:20:21.514+0000] {logging_mixin.py:190} INFO - [2025-03-26T17:20:21.514+0000] {dag.py:3239} INFO - Sync 1 DAGs
[2025-03-26T17:20:21.527+0000] {logging_mixin.py:190} INFO - [2025-03-26T17:20:21.526+0000] {dag.py:4180} INFO - Setting next_dagrun for example_python_operator to None, run_after=None
[2025-03-26T17:20:21.549+0000] {processor.py:208} INFO - Processing /home/ubuntu/customer_churn_youtube_venv/lib/python3.12/site-packages/airflow/example_dags/example_python_operator.py took 0.071 seconds
[2025-03-26T17:21:14.633+0000] {processor.py:186} INFO - Started process (PID=6750) to work on /home/ubuntu/customer_churn_youtube_venv/lib/python3.12/site-packages/airflow/example_dags/example_python_operator.py
[2025-03-26T17:21:14.634+0000] {processor.py:914} INFO - Processing file /home/ubuntu/customer_churn_youtube_venv/lib/python3.12/site-packages/airflow/example_dags/example_python_operator.py for tasks to queue
[2025-03-26T17:21:14.637+0000] {logging_mixin.py:190} INFO - [2025-03-26T17:21:14.636+0000] {dagbag.py:588} INFO - Filling up the DagBag from /home/ubuntu/customer_churn_youtube_venv/lib/python3.12/site-packages/airflow/example_dags/example_python_operator.py
[2025-03-26T17:21:14.643+0000] {logging_mixin.py:190} INFO - [2025-03-26T17:21:14.643+0000] {example_python_operator.py:93} WARNING - The virtalenv_python example task requires virtualenv, please install it.
[2025-03-26T17:21:14.646+0000] {processor.py:925} INFO - DAG(s) 'example_python_operator' retrieved from /home/ubuntu/customer_churn_youtube_venv/lib/python3.12/site-packages/airflow/example_dags/example_python_operator.py
[2025-03-26T17:21:14.662+0000] {logging_mixin.py:190} INFO - [2025-03-26T17:21:14.661+0000] {dag.py:3239} INFO - Sync 1 DAGs
[2025-03-26T17:21:14.675+0000] {logging_mixin.py:190} INFO - [2025-03-26T17:21:14.674+0000] {dag.py:4180} INFO - Setting next_dagrun for example_python_operator to None, run_after=None
[2025-03-26T17:21:14.697+0000] {processor.py:208} INFO - Processing /home/ubuntu/customer_churn_youtube_venv/lib/python3.12/site-packages/airflow/example_dags/example_python_operator.py took 0.069 seconds
[2025-03-26T17:22:07.897+0000] {processor.py:186} INFO - Started process (PID=6804) to work on /home/ubuntu/customer_churn_youtube_venv/lib/python3.12/site-packages/airflow/example_dags/example_python_operator.py
[2025-03-26T17:22:07.899+0000] {processor.py:914} INFO - Processing file /home/ubuntu/customer_churn_youtube_venv/lib/python3.12/site-packages/airflow/example_dags/example_python_operator.py for tasks to queue
[2025-03-26T17:22:07.901+0000] {logging_mixin.py:190} INFO - [2025-03-26T17:22:07.900+0000] {dagbag.py:588} INFO - Filling up the DagBag from /home/ubuntu/customer_churn_youtube_venv/lib/python3.12/site-packages/airflow/example_dags/example_python_operator.py
[2025-03-26T17:22:07.907+0000] {logging_mixin.py:190} INFO - [2025-03-26T17:22:07.907+0000] {example_python_operator.py:93} WARNING - The virtalenv_python example task requires virtualenv, please install it.
[2025-03-26T17:22:07.910+0000] {processor.py:925} INFO - DAG(s) 'example_python_operator' retrieved from /home/ubuntu/customer_churn_youtube_venv/lib/python3.12/site-packages/airflow/example_dags/example_python_operator.py
[2025-03-26T17:22:07.927+0000] {logging_mixin.py:190} INFO - [2025-03-26T17:22:07.927+0000] {dag.py:3239} INFO - Sync 1 DAGs
[2025-03-26T17:22:07.938+0000] {logging_mixin.py:190} INFO - [2025-03-26T17:22:07.938+0000] {dag.py:4180} INFO - Setting next_dagrun for example_python_operator to None, run_after=None
[2025-03-26T17:22:07.959+0000] {processor.py:208} INFO - Processing /home/ubuntu/customer_churn_youtube_venv/lib/python3.12/site-packages/airflow/example_dags/example_python_operator.py took 0.068 seconds
[2025-03-26T17:22:59.806+0000] {processor.py:186} INFO - Started process (PID=6856) to work on /home/ubuntu/customer_churn_youtube_venv/lib/python3.12/site-packages/airflow/example_dags/example_python_operator.py
[2025-03-26T17:22:59.807+0000] {processor.py:914} INFO - Processing file /home/ubuntu/customer_churn_youtube_venv/lib/python3.12/site-packages/airflow/example_dags/example_python_operator.py for tasks to queue
[2025-03-26T17:22:59.810+0000] {logging_mixin.py:190} INFO - [2025-03-26T17:22:59.810+0000] {dagbag.py:588} INFO - Filling up the DagBag from /home/ubuntu/customer_churn_youtube_venv/lib/python3.12/site-packages/airflow/example_dags/example_python_operator.py
[2025-03-26T17:22:59.818+0000] {logging_mixin.py:190} INFO - [2025-03-26T17:22:59.817+0000] {example_python_operator.py:93} WARNING - The virtalenv_python example task requires virtualenv, please install it.
[2025-03-26T17:22:59.820+0000] {processor.py:925} INFO - DAG(s) 'example_python_operator' retrieved from /home/ubuntu/customer_churn_youtube_venv/lib/python3.12/site-packages/airflow/example_dags/example_python_operator.py
[2025-03-26T17:22:59.836+0000] {logging_mixin.py:190} INFO - [2025-03-26T17:22:59.836+0000] {dag.py:3239} INFO - Sync 1 DAGs
[2025-03-26T17:22:59.847+0000] {logging_mixin.py:190} INFO - [2025-03-26T17:22:59.847+0000] {dag.py:4180} INFO - Setting next_dagrun for example_python_operator to None, run_after=None
[2025-03-26T17:22:59.870+0000] {processor.py:208} INFO - Processing /home/ubuntu/customer_churn_youtube_venv/lib/python3.12/site-packages/airflow/example_dags/example_python_operator.py took 0.070 seconds
[2025-03-26T17:23:52.672+0000] {processor.py:186} INFO - Started process (PID=6910) to work on /home/ubuntu/customer_churn_youtube_venv/lib/python3.12/site-packages/airflow/example_dags/example_python_operator.py
[2025-03-26T17:23:52.673+0000] {processor.py:914} INFO - Processing file /home/ubuntu/customer_churn_youtube_venv/lib/python3.12/site-packages/airflow/example_dags/example_python_operator.py for tasks to queue
[2025-03-26T17:23:52.675+0000] {logging_mixin.py:190} INFO - [2025-03-26T17:23:52.675+0000] {dagbag.py:588} INFO - Filling up the DagBag from /home/ubuntu/customer_churn_youtube_venv/lib/python3.12/site-packages/airflow/example_dags/example_python_operator.py
[2025-03-26T17:23:52.683+0000] {logging_mixin.py:190} INFO - [2025-03-26T17:23:52.683+0000] {example_python_operator.py:93} WARNING - The virtalenv_python example task requires virtualenv, please install it.
[2025-03-26T17:23:52.685+0000] {processor.py:925} INFO - DAG(s) 'example_python_operator' retrieved from /home/ubuntu/customer_churn_youtube_venv/lib/python3.12/site-packages/airflow/example_dags/example_python_operator.py
[2025-03-26T17:23:52.702+0000] {logging_mixin.py:190} INFO - [2025-03-26T17:23:52.701+0000] {dag.py:3239} INFO - Sync 1 DAGs
[2025-03-26T17:23:52.714+0000] {logging_mixin.py:190} INFO - [2025-03-26T17:23:52.714+0000] {dag.py:4180} INFO - Setting next_dagrun for example_python_operator to None, run_after=None
[2025-03-26T17:23:52.736+0000] {processor.py:208} INFO - Processing /home/ubuntu/customer_churn_youtube_venv/lib/python3.12/site-packages/airflow/example_dags/example_python_operator.py took 0.070 seconds
[2025-03-26T17:24:43.121+0000] {processor.py:186} INFO - Started process (PID=6963) to work on /home/ubuntu/customer_churn_youtube_venv/lib/python3.12/site-packages/airflow/example_dags/example_python_operator.py
[2025-03-26T17:24:43.123+0000] {processor.py:914} INFO - Processing file /home/ubuntu/customer_churn_youtube_venv/lib/python3.12/site-packages/airflow/example_dags/example_python_operator.py for tasks to queue
[2025-03-26T17:24:43.125+0000] {logging_mixin.py:190} INFO - [2025-03-26T17:24:43.124+0000] {dagbag.py:588} INFO - Filling up the DagBag from /home/ubuntu/customer_churn_youtube_venv/lib/python3.12/site-packages/airflow/example_dags/example_python_operator.py
[2025-03-26T17:24:43.132+0000] {logging_mixin.py:190} INFO - [2025-03-26T17:24:43.131+0000] {example_python_operator.py:93} WARNING - The virtalenv_python example task requires virtualenv, please install it.
[2025-03-26T17:24:43.134+0000] {processor.py:925} INFO - DAG(s) 'example_python_operator' retrieved from /home/ubuntu/customer_churn_youtube_venv/lib/python3.12/site-packages/airflow/example_dags/example_python_operator.py
[2025-03-26T17:24:43.150+0000] {logging_mixin.py:190} INFO - [2025-03-26T17:24:43.150+0000] {dag.py:3239} INFO - Sync 1 DAGs
[2025-03-26T17:24:43.163+0000] {logging_mixin.py:190} INFO - [2025-03-26T17:24:43.162+0000] {dag.py:4180} INFO - Setting next_dagrun for example_python_operator to None, run_after=None
[2025-03-26T17:24:43.184+0000] {processor.py:208} INFO - Processing /home/ubuntu/customer_churn_youtube_venv/lib/python3.12/site-packages/airflow/example_dags/example_python_operator.py took 0.069 seconds
[2025-03-26T17:25:34.120+0000] {processor.py:186} INFO - Started process (PID=7021) to work on /home/ubuntu/customer_churn_youtube_venv/lib/python3.12/site-packages/airflow/example_dags/example_python_operator.py
[2025-03-26T17:25:34.123+0000] {processor.py:914} INFO - Processing file /home/ubuntu/customer_churn_youtube_venv/lib/python3.12/site-packages/airflow/example_dags/example_python_operator.py for tasks to queue
[2025-03-26T17:25:34.125+0000] {logging_mixin.py:190} INFO - [2025-03-26T17:25:34.125+0000] {dagbag.py:588} INFO - Filling up the DagBag from /home/ubuntu/customer_churn_youtube_venv/lib/python3.12/site-packages/airflow/example_dags/example_python_operator.py
[2025-03-26T17:25:34.132+0000] {logging_mixin.py:190} INFO - [2025-03-26T17:25:34.132+0000] {example_python_operator.py:93} WARNING - The virtalenv_python example task requires virtualenv, please install it.
[2025-03-26T17:25:34.135+0000] {processor.py:925} INFO - DAG(s) 'example_python_operator' retrieved from /home/ubuntu/customer_churn_youtube_venv/lib/python3.12/site-packages/airflow/example_dags/example_python_operator.py
[2025-03-26T17:25:34.151+0000] {logging_mixin.py:190} INFO - [2025-03-26T17:25:34.151+0000] {dag.py:3239} INFO - Sync 1 DAGs
[2025-03-26T17:25:34.163+0000] {logging_mixin.py:190} INFO - [2025-03-26T17:25:34.162+0000] {dag.py:4180} INFO - Setting next_dagrun for example_python_operator to None, run_after=None
[2025-03-26T17:25:34.185+0000] {processor.py:208} INFO - Processing /home/ubuntu/customer_churn_youtube_venv/lib/python3.12/site-packages/airflow/example_dags/example_python_operator.py took 0.069 seconds
[2025-03-26T17:26:23.288+0000] {processor.py:186} INFO - Started process (PID=7072) to work on /home/ubuntu/customer_churn_youtube_venv/lib/python3.12/site-packages/airflow/example_dags/example_python_operator.py
[2025-03-26T17:26:23.289+0000] {processor.py:914} INFO - Processing file /home/ubuntu/customer_churn_youtube_venv/lib/python3.12/site-packages/airflow/example_dags/example_python_operator.py for tasks to queue
[2025-03-26T17:26:23.292+0000] {logging_mixin.py:190} INFO - [2025-03-26T17:26:23.291+0000] {dagbag.py:588} INFO - Filling up the DagBag from /home/ubuntu/customer_churn_youtube_venv/lib/python3.12/site-packages/airflow/example_dags/example_python_operator.py
[2025-03-26T17:26:23.298+0000] {logging_mixin.py:190} INFO - [2025-03-26T17:26:23.298+0000] {example_python_operator.py:93} WARNING - The virtalenv_python example task requires virtualenv, please install it.
[2025-03-26T17:26:23.301+0000] {processor.py:925} INFO - DAG(s) 'example_python_operator' retrieved from /home/ubuntu/customer_churn_youtube_venv/lib/python3.12/site-packages/airflow/example_dags/example_python_operator.py
[2025-03-26T17:26:23.317+0000] {logging_mixin.py:190} INFO - [2025-03-26T17:26:23.316+0000] {dag.py:3239} INFO - Sync 1 DAGs
[2025-03-26T17:26:23.329+0000] {logging_mixin.py:190} INFO - [2025-03-26T17:26:23.329+0000] {dag.py:4180} INFO - Setting next_dagrun for example_python_operator to None, run_after=None
[2025-03-26T17:26:23.351+0000] {processor.py:208} INFO - Processing /home/ubuntu/customer_churn_youtube_venv/lib/python3.12/site-packages/airflow/example_dags/example_python_operator.py took 0.067 seconds
[2025-03-26T17:27:14.887+0000] {processor.py:186} INFO - Started process (PID=7125) to work on /home/ubuntu/customer_churn_youtube_venv/lib/python3.12/site-packages/airflow/example_dags/example_python_operator.py
[2025-03-26T17:27:14.889+0000] {processor.py:914} INFO - Processing file /home/ubuntu/customer_churn_youtube_venv/lib/python3.12/site-packages/airflow/example_dags/example_python_operator.py for tasks to queue
[2025-03-26T17:27:14.891+0000] {logging_mixin.py:190} INFO - [2025-03-26T17:27:14.891+0000] {dagbag.py:588} INFO - Filling up the DagBag from /home/ubuntu/customer_churn_youtube_venv/lib/python3.12/site-packages/airflow/example_dags/example_python_operator.py
[2025-03-26T17:27:14.898+0000] {logging_mixin.py:190} INFO - [2025-03-26T17:27:14.898+0000] {example_python_operator.py:93} WARNING - The virtalenv_python example task requires virtualenv, please install it.
[2025-03-26T17:27:14.901+0000] {processor.py:925} INFO - DAG(s) 'example_python_operator' retrieved from /home/ubuntu/customer_churn_youtube_venv/lib/python3.12/site-packages/airflow/example_dags/example_python_operator.py
[2025-03-26T17:27:14.917+0000] {logging_mixin.py:190} INFO - [2025-03-26T17:27:14.917+0000] {dag.py:3239} INFO - Sync 1 DAGs
[2025-03-26T17:27:14.929+0000] {logging_mixin.py:190} INFO - [2025-03-26T17:27:14.929+0000] {dag.py:4180} INFO - Setting next_dagrun for example_python_operator to None, run_after=None
[2025-03-26T17:27:14.952+0000] {processor.py:208} INFO - Processing /home/ubuntu/customer_churn_youtube_venv/lib/python3.12/site-packages/airflow/example_dags/example_python_operator.py took 0.070 seconds
[2025-03-26T17:28:05.256+0000] {processor.py:186} INFO - Started process (PID=7223) to work on /home/ubuntu/customer_churn_youtube_venv/lib/python3.12/site-packages/airflow/example_dags/example_python_operator.py
[2025-03-26T17:28:05.257+0000] {processor.py:914} INFO - Processing file /home/ubuntu/customer_churn_youtube_venv/lib/python3.12/site-packages/airflow/example_dags/example_python_operator.py for tasks to queue
[2025-03-26T17:28:05.259+0000] {logging_mixin.py:190} INFO - [2025-03-26T17:28:05.259+0000] {dagbag.py:588} INFO - Filling up the DagBag from /home/ubuntu/customer_churn_youtube_venv/lib/python3.12/site-packages/airflow/example_dags/example_python_operator.py
[2025-03-26T17:28:05.266+0000] {logging_mixin.py:190} INFO - [2025-03-26T17:28:05.266+0000] {example_python_operator.py:93} WARNING - The virtalenv_python example task requires virtualenv, please install it.
[2025-03-26T17:28:05.268+0000] {processor.py:925} INFO - DAG(s) 'example_python_operator' retrieved from /home/ubuntu/customer_churn_youtube_venv/lib/python3.12/site-packages/airflow/example_dags/example_python_operator.py
[2025-03-26T17:28:05.285+0000] {logging_mixin.py:190} INFO - [2025-03-26T17:28:05.284+0000] {dag.py:3239} INFO - Sync 1 DAGs
[2025-03-26T17:28:05.295+0000] {logging_mixin.py:190} INFO - [2025-03-26T17:28:05.295+0000] {dag.py:4180} INFO - Setting next_dagrun for example_python_operator to None, run_after=None
[2025-03-26T17:28:05.315+0000] {processor.py:208} INFO - Processing /home/ubuntu/customer_churn_youtube_venv/lib/python3.12/site-packages/airflow/example_dags/example_python_operator.py took 0.065 seconds
[2025-03-26T17:28:56.867+0000] {processor.py:186} INFO - Started process (PID=7276) to work on /home/ubuntu/customer_churn_youtube_venv/lib/python3.12/site-packages/airflow/example_dags/example_python_operator.py
[2025-03-26T17:28:56.869+0000] {processor.py:914} INFO - Processing file /home/ubuntu/customer_churn_youtube_venv/lib/python3.12/site-packages/airflow/example_dags/example_python_operator.py for tasks to queue
[2025-03-26T17:28:56.871+0000] {logging_mixin.py:190} INFO - [2025-03-26T17:28:56.870+0000] {dagbag.py:588} INFO - Filling up the DagBag from /home/ubuntu/customer_churn_youtube_venv/lib/python3.12/site-packages/airflow/example_dags/example_python_operator.py
[2025-03-26T17:28:56.878+0000] {logging_mixin.py:190} INFO - [2025-03-26T17:28:56.877+0000] {example_python_operator.py:93} WARNING - The virtalenv_python example task requires virtualenv, please install it.
[2025-03-26T17:28:56.881+0000] {processor.py:925} INFO - DAG(s) 'example_python_operator' retrieved from /home/ubuntu/customer_churn_youtube_venv/lib/python3.12/site-packages/airflow/example_dags/example_python_operator.py
[2025-03-26T17:28:56.897+0000] {logging_mixin.py:190} INFO - [2025-03-26T17:28:56.897+0000] {dag.py:3239} INFO - Sync 1 DAGs
[2025-03-26T17:28:56.908+0000] {logging_mixin.py:190} INFO - [2025-03-26T17:28:56.908+0000] {dag.py:4180} INFO - Setting next_dagrun for example_python_operator to None, run_after=None
[2025-03-26T17:28:56.928+0000] {processor.py:208} INFO - Processing /home/ubuntu/customer_churn_youtube_venv/lib/python3.12/site-packages/airflow/example_dags/example_python_operator.py took 0.067 seconds
[2025-03-26T17:29:45.983+0000] {processor.py:186} INFO - Started process (PID=7329) to work on /home/ubuntu/customer_churn_youtube_venv/lib/python3.12/site-packages/airflow/example_dags/example_python_operator.py
[2025-03-26T17:29:45.986+0000] {processor.py:914} INFO - Processing file /home/ubuntu/customer_churn_youtube_venv/lib/python3.12/site-packages/airflow/example_dags/example_python_operator.py for tasks to queue
[2025-03-26T17:29:45.988+0000] {logging_mixin.py:190} INFO - [2025-03-26T17:29:45.987+0000] {dagbag.py:588} INFO - Filling up the DagBag from /home/ubuntu/customer_churn_youtube_venv/lib/python3.12/site-packages/airflow/example_dags/example_python_operator.py
[2025-03-26T17:29:45.994+0000] {logging_mixin.py:190} INFO - [2025-03-26T17:29:45.994+0000] {example_python_operator.py:93} WARNING - The virtalenv_python example task requires virtualenv, please install it.
[2025-03-26T17:29:45.997+0000] {processor.py:925} INFO - DAG(s) 'example_python_operator' retrieved from /home/ubuntu/customer_churn_youtube_venv/lib/python3.12/site-packages/airflow/example_dags/example_python_operator.py
[2025-03-26T17:29:46.014+0000] {logging_mixin.py:190} INFO - [2025-03-26T17:29:46.014+0000] {dag.py:3239} INFO - Sync 1 DAGs
[2025-03-26T17:29:46.026+0000] {logging_mixin.py:190} INFO - [2025-03-26T17:29:46.025+0000] {dag.py:4180} INFO - Setting next_dagrun for example_python_operator to None, run_after=None
[2025-03-26T17:29:46.048+0000] {processor.py:208} INFO - Processing /home/ubuntu/customer_churn_youtube_venv/lib/python3.12/site-packages/airflow/example_dags/example_python_operator.py took 0.069 seconds
[2025-03-26T17:30:35.136+0000] {processor.py:186} INFO - Started process (PID=7385) to work on /home/ubuntu/customer_churn_youtube_venv/lib/python3.12/site-packages/airflow/example_dags/example_python_operator.py
[2025-03-26T17:30:35.137+0000] {processor.py:914} INFO - Processing file /home/ubuntu/customer_churn_youtube_venv/lib/python3.12/site-packages/airflow/example_dags/example_python_operator.py for tasks to queue
[2025-03-26T17:30:35.140+0000] {logging_mixin.py:190} INFO - [2025-03-26T17:30:35.139+0000] {dagbag.py:588} INFO - Filling up the DagBag from /home/ubuntu/customer_churn_youtube_venv/lib/python3.12/site-packages/airflow/example_dags/example_python_operator.py
[2025-03-26T17:30:35.147+0000] {logging_mixin.py:190} INFO - [2025-03-26T17:30:35.147+0000] {example_python_operator.py:93} WARNING - The virtalenv_python example task requires virtualenv, please install it.
[2025-03-26T17:30:35.150+0000] {processor.py:925} INFO - DAG(s) 'example_python_operator' retrieved from /home/ubuntu/customer_churn_youtube_venv/lib/python3.12/site-packages/airflow/example_dags/example_python_operator.py
[2025-03-26T17:30:35.165+0000] {logging_mixin.py:190} INFO - [2025-03-26T17:30:35.165+0000] {dag.py:3239} INFO - Sync 1 DAGs
[2025-03-26T17:30:35.177+0000] {logging_mixin.py:190} INFO - [2025-03-26T17:30:35.177+0000] {dag.py:4180} INFO - Setting next_dagrun for example_python_operator to None, run_after=None
[2025-03-26T17:30:35.199+0000] {processor.py:208} INFO - Processing /home/ubuntu/customer_churn_youtube_venv/lib/python3.12/site-packages/airflow/example_dags/example_python_operator.py took 0.069 seconds
[2025-03-26T17:31:26.474+0000] {processor.py:186} INFO - Started process (PID=7437) to work on /home/ubuntu/customer_churn_youtube_venv/lib/python3.12/site-packages/airflow/example_dags/example_python_operator.py
[2025-03-26T17:31:26.476+0000] {processor.py:914} INFO - Processing file /home/ubuntu/customer_churn_youtube_venv/lib/python3.12/site-packages/airflow/example_dags/example_python_operator.py for tasks to queue
[2025-03-26T17:31:26.478+0000] {logging_mixin.py:190} INFO - [2025-03-26T17:31:26.478+0000] {dagbag.py:588} INFO - Filling up the DagBag from /home/ubuntu/customer_churn_youtube_venv/lib/python3.12/site-packages/airflow/example_dags/example_python_operator.py
[2025-03-26T17:31:26.485+0000] {logging_mixin.py:190} INFO - [2025-03-26T17:31:26.485+0000] {example_python_operator.py:93} WARNING - The virtalenv_python example task requires virtualenv, please install it.
[2025-03-26T17:31:26.488+0000] {processor.py:925} INFO - DAG(s) 'example_python_operator' retrieved from /home/ubuntu/customer_churn_youtube_venv/lib/python3.12/site-packages/airflow/example_dags/example_python_operator.py
[2025-03-26T17:31:26.503+0000] {logging_mixin.py:190} INFO - [2025-03-26T17:31:26.503+0000] {dag.py:3239} INFO - Sync 1 DAGs
[2025-03-26T17:31:26.515+0000] {logging_mixin.py:190} INFO - [2025-03-26T17:31:26.515+0000] {dag.py:4180} INFO - Setting next_dagrun for example_python_operator to None, run_after=None
[2025-03-26T17:31:26.537+0000] {processor.py:208} INFO - Processing /home/ubuntu/customer_churn_youtube_venv/lib/python3.12/site-packages/airflow/example_dags/example_python_operator.py took 0.068 seconds
[2025-03-26T17:32:16.955+0000] {processor.py:186} INFO - Started process (PID=7514) to work on /home/ubuntu/customer_churn_youtube_venv/lib/python3.12/site-packages/airflow/example_dags/example_python_operator.py
[2025-03-26T17:32:16.957+0000] {processor.py:914} INFO - Processing file /home/ubuntu/customer_churn_youtube_venv/lib/python3.12/site-packages/airflow/example_dags/example_python_operator.py for tasks to queue
[2025-03-26T17:32:16.959+0000] {logging_mixin.py:190} INFO - [2025-03-26T17:32:16.958+0000] {dagbag.py:588} INFO - Filling up the DagBag from /home/ubuntu/customer_churn_youtube_venv/lib/python3.12/site-packages/airflow/example_dags/example_python_operator.py
[2025-03-26T17:32:16.966+0000] {logging_mixin.py:190} INFO - [2025-03-26T17:32:16.965+0000] {example_python_operator.py:93} WARNING - The virtalenv_python example task requires virtualenv, please install it.
[2025-03-26T17:32:16.969+0000] {processor.py:925} INFO - DAG(s) 'example_python_operator' retrieved from /home/ubuntu/customer_churn_youtube_venv/lib/python3.12/site-packages/airflow/example_dags/example_python_operator.py
[2025-03-26T17:32:16.984+0000] {logging_mixin.py:190} INFO - [2025-03-26T17:32:16.984+0000] {dag.py:3239} INFO - Sync 1 DAGs
[2025-03-26T17:32:16.996+0000] {logging_mixin.py:190} INFO - [2025-03-26T17:32:16.996+0000] {dag.py:4180} INFO - Setting next_dagrun for example_python_operator to None, run_after=None
[2025-03-26T17:32:17.020+0000] {processor.py:208} INFO - Processing /home/ubuntu/customer_churn_youtube_venv/lib/python3.12/site-packages/airflow/example_dags/example_python_operator.py took 0.070 seconds
[2025-03-26T17:33:09.664+0000] {processor.py:186} INFO - Started process (PID=7584) to work on /home/ubuntu/customer_churn_youtube_venv/lib/python3.12/site-packages/airflow/example_dags/example_python_operator.py
[2025-03-26T17:33:09.666+0000] {processor.py:914} INFO - Processing file /home/ubuntu/customer_churn_youtube_venv/lib/python3.12/site-packages/airflow/example_dags/example_python_operator.py for tasks to queue
[2025-03-26T17:33:09.667+0000] {logging_mixin.py:190} INFO - [2025-03-26T17:33:09.667+0000] {dagbag.py:588} INFO - Filling up the DagBag from /home/ubuntu/customer_churn_youtube_venv/lib/python3.12/site-packages/airflow/example_dags/example_python_operator.py
[2025-03-26T17:33:09.674+0000] {logging_mixin.py:190} INFO - [2025-03-26T17:33:09.674+0000] {example_python_operator.py:93} WARNING - The virtalenv_python example task requires virtualenv, please install it.
[2025-03-26T17:33:09.677+0000] {processor.py:925} INFO - DAG(s) 'example_python_operator' retrieved from /home/ubuntu/customer_churn_youtube_venv/lib/python3.12/site-packages/airflow/example_dags/example_python_operator.py
[2025-03-26T17:33:09.694+0000] {logging_mixin.py:190} INFO - [2025-03-26T17:33:09.693+0000] {dag.py:3239} INFO - Sync 1 DAGs
[2025-03-26T17:33:09.705+0000] {logging_mixin.py:190} INFO - [2025-03-26T17:33:09.704+0000] {dag.py:4180} INFO - Setting next_dagrun for example_python_operator to None, run_after=None
[2025-03-26T17:33:09.727+0000] {processor.py:208} INFO - Processing /home/ubuntu/customer_churn_youtube_venv/lib/python3.12/site-packages/airflow/example_dags/example_python_operator.py took 0.069 seconds
[2025-03-26T17:34:00.191+0000] {processor.py:186} INFO - Started process (PID=7635) to work on /home/ubuntu/customer_churn_youtube_venv/lib/python3.12/site-packages/airflow/example_dags/example_python_operator.py
[2025-03-26T17:34:00.193+0000] {processor.py:914} INFO - Processing file /home/ubuntu/customer_churn_youtube_venv/lib/python3.12/site-packages/airflow/example_dags/example_python_operator.py for tasks to queue
[2025-03-26T17:34:00.194+0000] {logging_mixin.py:190} INFO - [2025-03-26T17:34:00.194+0000] {dagbag.py:588} INFO - Filling up the DagBag from /home/ubuntu/customer_churn_youtube_venv/lib/python3.12/site-packages/airflow/example_dags/example_python_operator.py
[2025-03-26T17:34:00.202+0000] {logging_mixin.py:190} INFO - [2025-03-26T17:34:00.202+0000] {example_python_operator.py:93} WARNING - The virtalenv_python example task requires virtualenv, please install it.
[2025-03-26T17:34:00.205+0000] {processor.py:925} INFO - DAG(s) 'example_python_operator' retrieved from /home/ubuntu/customer_churn_youtube_venv/lib/python3.12/site-packages/airflow/example_dags/example_python_operator.py
[2025-03-26T17:34:00.221+0000] {logging_mixin.py:190} INFO - [2025-03-26T17:34:00.221+0000] {dag.py:3239} INFO - Sync 1 DAGs
[2025-03-26T17:34:00.232+0000] {logging_mixin.py:190} INFO - [2025-03-26T17:34:00.232+0000] {dag.py:4180} INFO - Setting next_dagrun for example_python_operator to None, run_after=None
[2025-03-26T17:34:00.253+0000] {processor.py:208} INFO - Processing /home/ubuntu/customer_churn_youtube_venv/lib/python3.12/site-packages/airflow/example_dags/example_python_operator.py took 0.068 seconds
[2025-03-26T17:34:51.828+0000] {processor.py:186} INFO - Started process (PID=7690) to work on /home/ubuntu/customer_churn_youtube_venv/lib/python3.12/site-packages/airflow/example_dags/example_python_operator.py
[2025-03-26T17:34:51.830+0000] {processor.py:914} INFO - Processing file /home/ubuntu/customer_churn_youtube_venv/lib/python3.12/site-packages/airflow/example_dags/example_python_operator.py for tasks to queue
[2025-03-26T17:34:51.832+0000] {logging_mixin.py:190} INFO - [2025-03-26T17:34:51.832+0000] {dagbag.py:588} INFO - Filling up the DagBag from /home/ubuntu/customer_churn_youtube_venv/lib/python3.12/site-packages/airflow/example_dags/example_python_operator.py
[2025-03-26T17:34:51.839+0000] {logging_mixin.py:190} INFO - [2025-03-26T17:34:51.839+0000] {example_python_operator.py:93} WARNING - The virtalenv_python example task requires virtualenv, please install it.
[2025-03-26T17:34:51.841+0000] {processor.py:925} INFO - DAG(s) 'example_python_operator' retrieved from /home/ubuntu/customer_churn_youtube_venv/lib/python3.12/site-packages/airflow/example_dags/example_python_operator.py
[2025-03-26T17:34:51.858+0000] {logging_mixin.py:190} INFO - [2025-03-26T17:34:51.858+0000] {dag.py:3239} INFO - Sync 1 DAGs
[2025-03-26T17:34:51.870+0000] {logging_mixin.py:190} INFO - [2025-03-26T17:34:51.870+0000] {dag.py:4180} INFO - Setting next_dagrun for example_python_operator to None, run_after=None
[2025-03-26T17:34:51.894+0000] {processor.py:208} INFO - Processing /home/ubuntu/customer_churn_youtube_venv/lib/python3.12/site-packages/airflow/example_dags/example_python_operator.py took 0.071 seconds
[2025-03-26T17:35:45.638+0000] {processor.py:186} INFO - Started process (PID=7750) to work on /home/ubuntu/customer_churn_youtube_venv/lib/python3.12/site-packages/airflow/example_dags/example_python_operator.py
[2025-03-26T17:35:45.639+0000] {processor.py:914} INFO - Processing file /home/ubuntu/customer_churn_youtube_venv/lib/python3.12/site-packages/airflow/example_dags/example_python_operator.py for tasks to queue
[2025-03-26T17:35:45.642+0000] {logging_mixin.py:190} INFO - [2025-03-26T17:35:45.642+0000] {dagbag.py:588} INFO - Filling up the DagBag from /home/ubuntu/customer_churn_youtube_venv/lib/python3.12/site-packages/airflow/example_dags/example_python_operator.py
[2025-03-26T17:35:45.649+0000] {logging_mixin.py:190} INFO - [2025-03-26T17:35:45.648+0000] {example_python_operator.py:93} WARNING - The virtalenv_python example task requires virtualenv, please install it.
[2025-03-26T17:35:45.652+0000] {processor.py:925} INFO - DAG(s) 'example_python_operator' retrieved from /home/ubuntu/customer_churn_youtube_venv/lib/python3.12/site-packages/airflow/example_dags/example_python_operator.py
[2025-03-26T17:35:45.667+0000] {logging_mixin.py:190} INFO - [2025-03-26T17:35:45.667+0000] {dag.py:3239} INFO - Sync 1 DAGs
[2025-03-26T17:35:45.679+0000] {logging_mixin.py:190} INFO - [2025-03-26T17:35:45.679+0000] {dag.py:4180} INFO - Setting next_dagrun for example_python_operator to None, run_after=None
[2025-03-26T17:35:45.700+0000] {processor.py:208} INFO - Processing /home/ubuntu/customer_churn_youtube_venv/lib/python3.12/site-packages/airflow/example_dags/example_python_operator.py took 0.068 seconds
[2025-03-26T17:36:37.938+0000] {processor.py:186} INFO - Started process (PID=7806) to work on /home/ubuntu/customer_churn_youtube_venv/lib/python3.12/site-packages/airflow/example_dags/example_python_operator.py
[2025-03-26T17:36:37.941+0000] {processor.py:914} INFO - Processing file /home/ubuntu/customer_churn_youtube_venv/lib/python3.12/site-packages/airflow/example_dags/example_python_operator.py for tasks to queue
[2025-03-26T17:36:37.943+0000] {logging_mixin.py:190} INFO - [2025-03-26T17:36:37.942+0000] {dagbag.py:588} INFO - Filling up the DagBag from /home/ubuntu/customer_churn_youtube_venv/lib/python3.12/site-packages/airflow/example_dags/example_python_operator.py
[2025-03-26T17:36:37.950+0000] {logging_mixin.py:190} INFO - [2025-03-26T17:36:37.950+0000] {example_python_operator.py:93} WARNING - The virtalenv_python example task requires virtualenv, please install it.
[2025-03-26T17:36:37.952+0000] {processor.py:925} INFO - DAG(s) 'example_python_operator' retrieved from /home/ubuntu/customer_churn_youtube_venv/lib/python3.12/site-packages/airflow/example_dags/example_python_operator.py
[2025-03-26T17:36:37.970+0000] {logging_mixin.py:190} INFO - [2025-03-26T17:36:37.970+0000] {dag.py:3239} INFO - Sync 1 DAGs
[2025-03-26T17:36:37.982+0000] {logging_mixin.py:190} INFO - [2025-03-26T17:36:37.982+0000] {dag.py:4180} INFO - Setting next_dagrun for example_python_operator to None, run_after=None
[2025-03-26T17:36:38.004+0000] {processor.py:208} INFO - Processing /home/ubuntu/customer_churn_youtube_venv/lib/python3.12/site-packages/airflow/example_dags/example_python_operator.py took 0.071 seconds
