[2025-03-26T17:14:13.600+0000] {processor.py:186} INFO - Started process (PID=6310) to work on /home/ubuntu/customer_churn_youtube_venv/lib/python3.12/site-packages/airflow/example_dags/example_bash_operator.py
[2025-03-26T17:14:13.601+0000] {processor.py:914} INFO - Processing file /home/ubuntu/customer_churn_youtube_venv/lib/python3.12/site-packages/airflow/example_dags/example_bash_operator.py for tasks to queue
[2025-03-26T17:14:13.603+0000] {logging_mixin.py:190} INFO - [2025-03-26T17:14:13.603+0000] {dagbag.py:588} INFO - Filling up the DagBag from /home/ubuntu/customer_churn_youtube_venv/lib/python3.12/site-packages/airflow/example_dags/example_bash_operator.py
[2025-03-26T17:14:13.617+0000] {processor.py:925} INFO - DAG(s) 'example_bash_operator' retrieved from /home/ubuntu/customer_churn_youtube_venv/lib/python3.12/site-packages/airflow/example_dags/example_bash_operator.py
[2025-03-26T17:14:13.724+0000] {logging_mixin.py:190} INFO - [2025-03-26T17:14:13.723+0000] {override.py:1930} INFO - Created Permission View: can edit on DAG:example_bash_operator
[2025-03-26T17:14:13.738+0000] {logging_mixin.py:190} INFO - [2025-03-26T17:14:13.737+0000] {override.py:1930} INFO - Created Permission View: can read on DAG:example_bash_operator
[2025-03-26T17:14:13.749+0000] {logging_mixin.py:190} INFO - [2025-03-26T17:14:13.748+0000] {override.py:1930} INFO - Created Permission View: can delete on DAG:example_bash_operator
[2025-03-26T17:14:13.767+0000] {logging_mixin.py:190} INFO - [2025-03-26T17:14:13.766+0000] {override.py:1930} INFO - Created Permission View: menu access on DAG Run:example_bash_operator
[2025-03-26T17:14:13.777+0000] {logging_mixin.py:190} INFO - [2025-03-26T17:14:13.776+0000] {override.py:1930} INFO - Created Permission View: can create on DAG Run:example_bash_operator
[2025-03-26T17:14:13.786+0000] {logging_mixin.py:190} INFO - [2025-03-26T17:14:13.786+0000] {override.py:1930} INFO - Created Permission View: can delete on DAG Run:example_bash_operator
[2025-03-26T17:14:13.796+0000] {logging_mixin.py:190} INFO - [2025-03-26T17:14:13.796+0000] {override.py:1930} INFO - Created Permission View: can read on DAG Run:example_bash_operator
[2025-03-26T17:14:13.797+0000] {logging_mixin.py:190} INFO - [2025-03-26T17:14:13.797+0000] {dag.py:3239} INFO - Sync 1 DAGs
[2025-03-26T17:14:13.808+0000] {logging_mixin.py:190} INFO - [2025-03-26T17:14:13.808+0000] {dag.py:3262} INFO - Creating ORM DAG for example_bash_operator
[2025-03-26T17:14:13.817+0000] {logging_mixin.py:190} INFO - [2025-03-26T17:14:13.817+0000] {dag.py:4180} INFO - Setting next_dagrun for example_bash_operator to 2025-03-25 00:00:00+00:00, run_after=2025-03-26 00:00:00+00:00
[2025-03-26T17:14:13.840+0000] {processor.py:208} INFO - Processing /home/ubuntu/customer_churn_youtube_venv/lib/python3.12/site-packages/airflow/example_dags/example_bash_operator.py took 0.246 seconds
[2025-03-26T17:15:14.986+0000] {processor.py:186} INFO - Started process (PID=6377) to work on /home/ubuntu/customer_churn_youtube_venv/lib/python3.12/site-packages/airflow/example_dags/example_bash_operator.py
[2025-03-26T17:15:14.987+0000] {processor.py:914} INFO - Processing file /home/ubuntu/customer_churn_youtube_venv/lib/python3.12/site-packages/airflow/example_dags/example_bash_operator.py for tasks to queue
[2025-03-26T17:15:14.989+0000] {logging_mixin.py:190} INFO - [2025-03-26T17:15:14.988+0000] {dagbag.py:588} INFO - Filling up the DagBag from /home/ubuntu/customer_churn_youtube_venv/lib/python3.12/site-packages/airflow/example_dags/example_bash_operator.py
[2025-03-26T17:15:15.003+0000] {processor.py:925} INFO - DAG(s) 'example_bash_operator' retrieved from /home/ubuntu/customer_churn_youtube_venv/lib/python3.12/site-packages/airflow/example_dags/example_bash_operator.py
[2025-03-26T17:15:15.025+0000] {logging_mixin.py:190} INFO - [2025-03-26T17:15:15.025+0000] {dag.py:3239} INFO - Sync 1 DAGs
[2025-03-26T17:15:15.044+0000] {logging_mixin.py:190} INFO - [2025-03-26T17:15:15.044+0000] {dag.py:4180} INFO - Setting next_dagrun for example_bash_operator to 2025-03-25 00:00:00+00:00, run_after=2025-03-26 00:00:00+00:00
[2025-03-26T17:15:15.066+0000] {processor.py:208} INFO - Processing /home/ubuntu/customer_churn_youtube_venv/lib/python3.12/site-packages/airflow/example_dags/example_bash_operator.py took 0.085 seconds
[2025-03-26T17:16:32.312+0000] {processor.py:186} INFO - Started process (PID=6456) to work on /home/ubuntu/customer_churn_youtube_venv/lib/python3.12/site-packages/airflow/example_dags/example_bash_operator.py
[2025-03-26T17:16:32.315+0000] {processor.py:914} INFO - Processing file /home/ubuntu/customer_churn_youtube_venv/lib/python3.12/site-packages/airflow/example_dags/example_bash_operator.py for tasks to queue
[2025-03-26T17:16:32.316+0000] {logging_mixin.py:190} INFO - [2025-03-26T17:16:32.316+0000] {dagbag.py:588} INFO - Filling up the DagBag from /home/ubuntu/customer_churn_youtube_venv/lib/python3.12/site-packages/airflow/example_dags/example_bash_operator.py
[2025-03-26T17:16:32.329+0000] {processor.py:925} INFO - DAG(s) 'example_bash_operator' retrieved from /home/ubuntu/customer_churn_youtube_venv/lib/python3.12/site-packages/airflow/example_dags/example_bash_operator.py
[2025-03-26T17:16:32.350+0000] {logging_mixin.py:190} INFO - [2025-03-26T17:16:32.350+0000] {dag.py:3239} INFO - Sync 1 DAGs
[2025-03-26T17:16:32.371+0000] {logging_mixin.py:190} INFO - [2025-03-26T17:16:32.371+0000] {dag.py:4180} INFO - Setting next_dagrun for example_bash_operator to 2025-03-25 00:00:00+00:00, run_after=2025-03-26 00:00:00+00:00
[2025-03-26T17:16:32.393+0000] {processor.py:208} INFO - Processing /home/ubuntu/customer_churn_youtube_venv/lib/python3.12/site-packages/airflow/example_dags/example_bash_operator.py took 0.086 seconds
[2025-03-26T17:17:27.879+0000] {processor.py:186} INFO - Started process (PID=6518) to work on /home/ubuntu/customer_churn_youtube_venv/lib/python3.12/site-packages/airflow/example_dags/example_bash_operator.py
[2025-03-26T17:17:27.881+0000] {processor.py:914} INFO - Processing file /home/ubuntu/customer_churn_youtube_venv/lib/python3.12/site-packages/airflow/example_dags/example_bash_operator.py for tasks to queue
[2025-03-26T17:17:27.883+0000] {logging_mixin.py:190} INFO - [2025-03-26T17:17:27.883+0000] {dagbag.py:588} INFO - Filling up the DagBag from /home/ubuntu/customer_churn_youtube_venv/lib/python3.12/site-packages/airflow/example_dags/example_bash_operator.py
[2025-03-26T17:17:27.896+0000] {processor.py:925} INFO - DAG(s) 'example_bash_operator' retrieved from /home/ubuntu/customer_churn_youtube_venv/lib/python3.12/site-packages/airflow/example_dags/example_bash_operator.py
[2025-03-26T17:17:27.917+0000] {logging_mixin.py:190} INFO - [2025-03-26T17:17:27.917+0000] {dag.py:3239} INFO - Sync 1 DAGs
[2025-03-26T17:17:27.937+0000] {logging_mixin.py:190} INFO - [2025-03-26T17:17:27.936+0000] {dag.py:4180} INFO - Setting next_dagrun for example_bash_operator to 2025-03-25 00:00:00+00:00, run_after=2025-03-26 00:00:00+00:00
[2025-03-26T17:17:27.958+0000] {processor.py:208} INFO - Processing /home/ubuntu/customer_churn_youtube_venv/lib/python3.12/site-packages/airflow/example_dags/example_bash_operator.py took 0.084 seconds
[2025-03-26T17:18:46.250+0000] {processor.py:186} INFO - Started process (PID=6597) to work on /home/ubuntu/customer_churn_youtube_venv/lib/python3.12/site-packages/airflow/example_dags/example_bash_operator.py
[2025-03-26T17:18:46.252+0000] {processor.py:914} INFO - Processing file /home/ubuntu/customer_churn_youtube_venv/lib/python3.12/site-packages/airflow/example_dags/example_bash_operator.py for tasks to queue
[2025-03-26T17:18:46.254+0000] {logging_mixin.py:190} INFO - [2025-03-26T17:18:46.253+0000] {dagbag.py:588} INFO - Filling up the DagBag from /home/ubuntu/customer_churn_youtube_venv/lib/python3.12/site-packages/airflow/example_dags/example_bash_operator.py
[2025-03-26T17:18:46.266+0000] {processor.py:925} INFO - DAG(s) 'example_bash_operator' retrieved from /home/ubuntu/customer_churn_youtube_venv/lib/python3.12/site-packages/airflow/example_dags/example_bash_operator.py
[2025-03-26T17:18:46.286+0000] {logging_mixin.py:190} INFO - [2025-03-26T17:18:46.286+0000] {dag.py:3239} INFO - Sync 1 DAGs
[2025-03-26T17:18:46.305+0000] {logging_mixin.py:190} INFO - [2025-03-26T17:18:46.305+0000] {dag.py:4180} INFO - Setting next_dagrun for example_bash_operator to 2025-03-25 00:00:00+00:00, run_after=2025-03-26 00:00:00+00:00
[2025-03-26T17:18:46.440+0000] {processor.py:208} INFO - Processing /home/ubuntu/customer_churn_youtube_venv/lib/python3.12/site-packages/airflow/example_dags/example_bash_operator.py took 0.195 seconds
[2025-03-26T17:20:15.634+0000] {processor.py:186} INFO - Started process (PID=6689) to work on /home/ubuntu/customer_churn_youtube_venv/lib/python3.12/site-packages/airflow/example_dags/example_bash_operator.py
[2025-03-26T17:20:15.636+0000] {processor.py:914} INFO - Processing file /home/ubuntu/customer_churn_youtube_venv/lib/python3.12/site-packages/airflow/example_dags/example_bash_operator.py for tasks to queue
[2025-03-26T17:20:15.638+0000] {logging_mixin.py:190} INFO - [2025-03-26T17:20:15.637+0000] {dagbag.py:588} INFO - Filling up the DagBag from /home/ubuntu/customer_churn_youtube_venv/lib/python3.12/site-packages/airflow/example_dags/example_bash_operator.py
[2025-03-26T17:20:15.651+0000] {processor.py:925} INFO - DAG(s) 'example_bash_operator' retrieved from /home/ubuntu/customer_churn_youtube_venv/lib/python3.12/site-packages/airflow/example_dags/example_bash_operator.py
[2025-03-26T17:20:15.673+0000] {logging_mixin.py:190} INFO - [2025-03-26T17:20:15.672+0000] {dag.py:3239} INFO - Sync 1 DAGs
[2025-03-26T17:20:15.693+0000] {logging_mixin.py:190} INFO - [2025-03-26T17:20:15.693+0000] {dag.py:4180} INFO - Setting next_dagrun for example_bash_operator to 2025-03-25 00:00:00+00:00, run_after=2025-03-26 00:00:00+00:00
[2025-03-26T17:20:15.716+0000] {processor.py:208} INFO - Processing /home/ubuntu/customer_churn_youtube_venv/lib/python3.12/site-packages/airflow/example_dags/example_bash_operator.py took 0.087 seconds
[2025-03-26T17:21:35.628+0000] {processor.py:186} INFO - Started process (PID=6770) to work on /home/ubuntu/customer_churn_youtube_venv/lib/python3.12/site-packages/airflow/example_dags/example_bash_operator.py
[2025-03-26T17:21:35.630+0000] {processor.py:914} INFO - Processing file /home/ubuntu/customer_churn_youtube_venv/lib/python3.12/site-packages/airflow/example_dags/example_bash_operator.py for tasks to queue
[2025-03-26T17:21:35.632+0000] {logging_mixin.py:190} INFO - [2025-03-26T17:21:35.631+0000] {dagbag.py:588} INFO - Filling up the DagBag from /home/ubuntu/customer_churn_youtube_venv/lib/python3.12/site-packages/airflow/example_dags/example_bash_operator.py
[2025-03-26T17:21:35.646+0000] {processor.py:925} INFO - DAG(s) 'example_bash_operator' retrieved from /home/ubuntu/customer_churn_youtube_venv/lib/python3.12/site-packages/airflow/example_dags/example_bash_operator.py
[2025-03-26T17:21:35.668+0000] {logging_mixin.py:190} INFO - [2025-03-26T17:21:35.667+0000] {dag.py:3239} INFO - Sync 1 DAGs
[2025-03-26T17:21:35.690+0000] {logging_mixin.py:190} INFO - [2025-03-26T17:21:35.689+0000] {dag.py:4180} INFO - Setting next_dagrun for example_bash_operator to 2025-03-25 00:00:00+00:00, run_after=2025-03-26 00:00:00+00:00
[2025-03-26T17:21:35.714+0000] {processor.py:208} INFO - Processing /home/ubuntu/customer_churn_youtube_venv/lib/python3.12/site-packages/airflow/example_dags/example_bash_operator.py took 0.091 seconds
[2025-03-26T17:22:52.378+0000] {processor.py:186} INFO - Started process (PID=6849) to work on /home/ubuntu/customer_churn_youtube_venv/lib/python3.12/site-packages/airflow/example_dags/example_bash_operator.py
[2025-03-26T17:22:52.380+0000] {processor.py:914} INFO - Processing file /home/ubuntu/customer_churn_youtube_venv/lib/python3.12/site-packages/airflow/example_dags/example_bash_operator.py for tasks to queue
[2025-03-26T17:22:52.383+0000] {logging_mixin.py:190} INFO - [2025-03-26T17:22:52.381+0000] {dagbag.py:588} INFO - Filling up the DagBag from /home/ubuntu/customer_churn_youtube_venv/lib/python3.12/site-packages/airflow/example_dags/example_bash_operator.py
[2025-03-26T17:22:52.396+0000] {processor.py:925} INFO - DAG(s) 'example_bash_operator' retrieved from /home/ubuntu/customer_churn_youtube_venv/lib/python3.12/site-packages/airflow/example_dags/example_bash_operator.py
[2025-03-26T17:22:52.417+0000] {logging_mixin.py:190} INFO - [2025-03-26T17:22:52.417+0000] {dag.py:3239} INFO - Sync 1 DAGs
[2025-03-26T17:22:52.436+0000] {logging_mixin.py:190} INFO - [2025-03-26T17:22:52.436+0000] {dag.py:4180} INFO - Setting next_dagrun for example_bash_operator to 2025-03-25 00:00:00+00:00, run_after=2025-03-26 00:00:00+00:00
[2025-03-26T17:22:52.458+0000] {processor.py:208} INFO - Processing /home/ubuntu/customer_churn_youtube_venv/lib/python3.12/site-packages/airflow/example_dags/example_bash_operator.py took 0.086 seconds
[2025-03-26T17:24:10.917+0000] {processor.py:186} INFO - Started process (PID=6930) to work on /home/ubuntu/customer_churn_youtube_venv/lib/python3.12/site-packages/airflow/example_dags/example_bash_operator.py
[2025-03-26T17:24:10.918+0000] {processor.py:914} INFO - Processing file /home/ubuntu/customer_churn_youtube_venv/lib/python3.12/site-packages/airflow/example_dags/example_bash_operator.py for tasks to queue
[2025-03-26T17:24:10.919+0000] {logging_mixin.py:190} INFO - [2025-03-26T17:24:10.919+0000] {dagbag.py:588} INFO - Filling up the DagBag from /home/ubuntu/customer_churn_youtube_venv/lib/python3.12/site-packages/airflow/example_dags/example_bash_operator.py
[2025-03-26T17:24:10.934+0000] {processor.py:925} INFO - DAG(s) 'example_bash_operator' retrieved from /home/ubuntu/customer_churn_youtube_venv/lib/python3.12/site-packages/airflow/example_dags/example_bash_operator.py
[2025-03-26T17:24:10.955+0000] {logging_mixin.py:190} INFO - [2025-03-26T17:24:10.955+0000] {dag.py:3239} INFO - Sync 1 DAGs
[2025-03-26T17:24:10.975+0000] {logging_mixin.py:190} INFO - [2025-03-26T17:24:10.974+0000] {dag.py:4180} INFO - Setting next_dagrun for example_bash_operator to 2025-03-25 00:00:00+00:00, run_after=2025-03-26 00:00:00+00:00
[2025-03-26T17:24:10.997+0000] {processor.py:208} INFO - Processing /home/ubuntu/customer_churn_youtube_venv/lib/python3.12/site-packages/airflow/example_dags/example_bash_operator.py took 0.086 seconds
[2025-03-26T17:25:25.744+0000] {processor.py:186} INFO - Started process (PID=7013) to work on /home/ubuntu/customer_churn_youtube_venv/lib/python3.12/site-packages/airflow/example_dags/example_bash_operator.py
[2025-03-26T17:25:25.746+0000] {processor.py:914} INFO - Processing file /home/ubuntu/customer_churn_youtube_venv/lib/python3.12/site-packages/airflow/example_dags/example_bash_operator.py for tasks to queue
[2025-03-26T17:25:25.748+0000] {logging_mixin.py:190} INFO - [2025-03-26T17:25:25.748+0000] {dagbag.py:588} INFO - Filling up the DagBag from /home/ubuntu/customer_churn_youtube_venv/lib/python3.12/site-packages/airflow/example_dags/example_bash_operator.py
[2025-03-26T17:25:25.762+0000] {processor.py:925} INFO - DAG(s) 'example_bash_operator' retrieved from /home/ubuntu/customer_churn_youtube_venv/lib/python3.12/site-packages/airflow/example_dags/example_bash_operator.py
[2025-03-26T17:25:25.783+0000] {logging_mixin.py:190} INFO - [2025-03-26T17:25:25.783+0000] {dag.py:3239} INFO - Sync 1 DAGs
[2025-03-26T17:25:25.804+0000] {logging_mixin.py:190} INFO - [2025-03-26T17:25:25.804+0000] {dag.py:4180} INFO - Setting next_dagrun for example_bash_operator to 2025-03-25 00:00:00+00:00, run_after=2025-03-26 00:00:00+00:00
[2025-03-26T17:25:25.827+0000] {processor.py:208} INFO - Processing /home/ubuntu/customer_churn_youtube_venv/lib/python3.12/site-packages/airflow/example_dags/example_bash_operator.py took 0.088 seconds
[2025-03-26T17:26:41.115+0000] {processor.py:186} INFO - Started process (PID=7089) to work on /home/ubuntu/customer_churn_youtube_venv/lib/python3.12/site-packages/airflow/example_dags/example_bash_operator.py
[2025-03-26T17:26:41.117+0000] {processor.py:914} INFO - Processing file /home/ubuntu/customer_churn_youtube_venv/lib/python3.12/site-packages/airflow/example_dags/example_bash_operator.py for tasks to queue
[2025-03-26T17:26:41.118+0000] {logging_mixin.py:190} INFO - [2025-03-26T17:26:41.118+0000] {dagbag.py:588} INFO - Filling up the DagBag from /home/ubuntu/customer_churn_youtube_venv/lib/python3.12/site-packages/airflow/example_dags/example_bash_operator.py
[2025-03-26T17:26:41.132+0000] {processor.py:925} INFO - DAG(s) 'example_bash_operator' retrieved from /home/ubuntu/customer_churn_youtube_venv/lib/python3.12/site-packages/airflow/example_dags/example_bash_operator.py
[2025-03-26T17:26:41.154+0000] {logging_mixin.py:190} INFO - [2025-03-26T17:26:41.153+0000] {dag.py:3239} INFO - Sync 1 DAGs
[2025-03-26T17:26:41.174+0000] {logging_mixin.py:190} INFO - [2025-03-26T17:26:41.174+0000] {dag.py:4180} INFO - Setting next_dagrun for example_bash_operator to 2025-03-25 00:00:00+00:00, run_after=2025-03-26 00:00:00+00:00
[2025-03-26T17:26:41.195+0000] {processor.py:208} INFO - Processing /home/ubuntu/customer_churn_youtube_venv/lib/python3.12/site-packages/airflow/example_dags/example_bash_operator.py took 0.086 seconds
[2025-03-26T17:27:57.823+0000] {processor.py:186} INFO - Started process (PID=7214) to work on /home/ubuntu/customer_churn_youtube_venv/lib/python3.12/site-packages/airflow/example_dags/example_bash_operator.py
[2025-03-26T17:27:57.824+0000] {processor.py:914} INFO - Processing file /home/ubuntu/customer_churn_youtube_venv/lib/python3.12/site-packages/airflow/example_dags/example_bash_operator.py for tasks to queue
[2025-03-26T17:27:57.826+0000] {logging_mixin.py:190} INFO - [2025-03-26T17:27:57.826+0000] {dagbag.py:588} INFO - Filling up the DagBag from /home/ubuntu/customer_churn_youtube_venv/lib/python3.12/site-packages/airflow/example_dags/example_bash_operator.py
[2025-03-26T17:27:57.840+0000] {processor.py:925} INFO - DAG(s) 'example_bash_operator' retrieved from /home/ubuntu/customer_churn_youtube_venv/lib/python3.12/site-packages/airflow/example_dags/example_bash_operator.py
[2025-03-26T17:27:57.863+0000] {logging_mixin.py:190} INFO - [2025-03-26T17:27:57.862+0000] {dag.py:3239} INFO - Sync 1 DAGs
[2025-03-26T17:27:57.883+0000] {logging_mixin.py:190} INFO - [2025-03-26T17:27:57.883+0000] {dag.py:4180} INFO - Setting next_dagrun for example_bash_operator to 2025-03-25 00:00:00+00:00, run_after=2025-03-26 00:00:00+00:00
[2025-03-26T17:27:57.906+0000] {processor.py:208} INFO - Processing /home/ubuntu/customer_churn_youtube_venv/lib/python3.12/site-packages/airflow/example_dags/example_bash_operator.py took 0.088 seconds
[2025-03-26T17:29:13.420+0000] {processor.py:186} INFO - Started process (PID=7295) to work on /home/ubuntu/customer_churn_youtube_venv/lib/python3.12/site-packages/airflow/example_dags/example_bash_operator.py
[2025-03-26T17:29:13.422+0000] {processor.py:914} INFO - Processing file /home/ubuntu/customer_churn_youtube_venv/lib/python3.12/site-packages/airflow/example_dags/example_bash_operator.py for tasks to queue
[2025-03-26T17:29:13.424+0000] {logging_mixin.py:190} INFO - [2025-03-26T17:29:13.423+0000] {dagbag.py:588} INFO - Filling up the DagBag from /home/ubuntu/customer_churn_youtube_venv/lib/python3.12/site-packages/airflow/example_dags/example_bash_operator.py
[2025-03-26T17:29:13.437+0000] {processor.py:925} INFO - DAG(s) 'example_bash_operator' retrieved from /home/ubuntu/customer_churn_youtube_venv/lib/python3.12/site-packages/airflow/example_dags/example_bash_operator.py
[2025-03-26T17:29:13.458+0000] {logging_mixin.py:190} INFO - [2025-03-26T17:29:13.458+0000] {dag.py:3239} INFO - Sync 1 DAGs
[2025-03-26T17:29:13.478+0000] {logging_mixin.py:190} INFO - [2025-03-26T17:29:13.477+0000] {dag.py:4180} INFO - Setting next_dagrun for example_bash_operator to 2025-03-25 00:00:00+00:00, run_after=2025-03-26 00:00:00+00:00
[2025-03-26T17:29:13.500+0000] {processor.py:208} INFO - Processing /home/ubuntu/customer_churn_youtube_venv/lib/python3.12/site-packages/airflow/example_dags/example_bash_operator.py took 0.085 seconds
[2025-03-26T17:30:28.351+0000] {processor.py:186} INFO - Started process (PID=7377) to work on /home/ubuntu/customer_churn_youtube_venv/lib/python3.12/site-packages/airflow/example_dags/example_bash_operator.py
[2025-03-26T17:30:28.353+0000] {processor.py:914} INFO - Processing file /home/ubuntu/customer_churn_youtube_venv/lib/python3.12/site-packages/airflow/example_dags/example_bash_operator.py for tasks to queue
[2025-03-26T17:30:28.354+0000] {logging_mixin.py:190} INFO - [2025-03-26T17:30:28.354+0000] {dagbag.py:588} INFO - Filling up the DagBag from /home/ubuntu/customer_churn_youtube_venv/lib/python3.12/site-packages/airflow/example_dags/example_bash_operator.py
[2025-03-26T17:30:28.368+0000] {processor.py:925} INFO - DAG(s) 'example_bash_operator' retrieved from /home/ubuntu/customer_churn_youtube_venv/lib/python3.12/site-packages/airflow/example_dags/example_bash_operator.py
[2025-03-26T17:30:28.389+0000] {logging_mixin.py:190} INFO - [2025-03-26T17:30:28.389+0000] {dag.py:3239} INFO - Sync 1 DAGs
[2025-03-26T17:30:28.409+0000] {logging_mixin.py:190} INFO - [2025-03-26T17:30:28.408+0000] {dag.py:4180} INFO - Setting next_dagrun for example_bash_operator to 2025-03-25 00:00:00+00:00, run_after=2025-03-26 00:00:00+00:00
[2025-03-26T17:30:28.429+0000] {processor.py:208} INFO - Processing /home/ubuntu/customer_churn_youtube_venv/lib/python3.12/site-packages/airflow/example_dags/example_bash_operator.py took 0.083 seconds
[2025-03-26T17:31:44.393+0000] {processor.py:186} INFO - Started process (PID=7455) to work on /home/ubuntu/customer_churn_youtube_venv/lib/python3.12/site-packages/airflow/example_dags/example_bash_operator.py
[2025-03-26T17:31:44.396+0000] {processor.py:914} INFO - Processing file /home/ubuntu/customer_churn_youtube_venv/lib/python3.12/site-packages/airflow/example_dags/example_bash_operator.py for tasks to queue
[2025-03-26T17:31:44.398+0000] {logging_mixin.py:190} INFO - [2025-03-26T17:31:44.397+0000] {dagbag.py:588} INFO - Filling up the DagBag from /home/ubuntu/customer_churn_youtube_venv/lib/python3.12/site-packages/airflow/example_dags/example_bash_operator.py
[2025-03-26T17:31:44.411+0000] {processor.py:925} INFO - DAG(s) 'example_bash_operator' retrieved from /home/ubuntu/customer_churn_youtube_venv/lib/python3.12/site-packages/airflow/example_dags/example_bash_operator.py
[2025-03-26T17:31:44.433+0000] {logging_mixin.py:190} INFO - [2025-03-26T17:31:44.433+0000] {dag.py:3239} INFO - Sync 1 DAGs
[2025-03-26T17:31:44.452+0000] {logging_mixin.py:190} INFO - [2025-03-26T17:31:44.452+0000] {dag.py:4180} INFO - Setting next_dagrun for example_bash_operator to 2025-03-25 00:00:00+00:00, run_after=2025-03-26 00:00:00+00:00
[2025-03-26T17:31:44.473+0000] {processor.py:208} INFO - Processing /home/ubuntu/customer_churn_youtube_venv/lib/python3.12/site-packages/airflow/example_dags/example_bash_operator.py took 0.086 seconds
[2025-03-26T17:33:03.212+0000] {processor.py:186} INFO - Started process (PID=7576) to work on /home/ubuntu/customer_churn_youtube_venv/lib/python3.12/site-packages/airflow/example_dags/example_bash_operator.py
[2025-03-26T17:33:03.214+0000] {processor.py:914} INFO - Processing file /home/ubuntu/customer_churn_youtube_venv/lib/python3.12/site-packages/airflow/example_dags/example_bash_operator.py for tasks to queue
[2025-03-26T17:33:03.216+0000] {logging_mixin.py:190} INFO - [2025-03-26T17:33:03.216+0000] {dagbag.py:588} INFO - Filling up the DagBag from /home/ubuntu/customer_churn_youtube_venv/lib/python3.12/site-packages/airflow/example_dags/example_bash_operator.py
[2025-03-26T17:33:03.230+0000] {processor.py:925} INFO - DAG(s) 'example_bash_operator' retrieved from /home/ubuntu/customer_churn_youtube_venv/lib/python3.12/site-packages/airflow/example_dags/example_bash_operator.py
[2025-03-26T17:33:03.253+0000] {logging_mixin.py:190} INFO - [2025-03-26T17:33:03.253+0000] {dag.py:3239} INFO - Sync 1 DAGs
[2025-03-26T17:33:03.274+0000] {logging_mixin.py:190} INFO - [2025-03-26T17:33:03.274+0000] {dag.py:4180} INFO - Setting next_dagrun for example_bash_operator to 2025-03-25 00:00:00+00:00, run_after=2025-03-26 00:00:00+00:00
[2025-03-26T17:33:03.296+0000] {processor.py:208} INFO - Processing /home/ubuntu/customer_churn_youtube_venv/lib/python3.12/site-packages/airflow/example_dags/example_bash_operator.py took 0.089 seconds
[2025-03-26T17:34:18.321+0000] {processor.py:186} INFO - Started process (PID=7654) to work on /home/ubuntu/customer_churn_youtube_venv/lib/python3.12/site-packages/airflow/example_dags/example_bash_operator.py
[2025-03-26T17:34:18.323+0000] {processor.py:914} INFO - Processing file /home/ubuntu/customer_churn_youtube_venv/lib/python3.12/site-packages/airflow/example_dags/example_bash_operator.py for tasks to queue
[2025-03-26T17:34:18.325+0000] {logging_mixin.py:190} INFO - [2025-03-26T17:34:18.325+0000] {dagbag.py:588} INFO - Filling up the DagBag from /home/ubuntu/customer_churn_youtube_venv/lib/python3.12/site-packages/airflow/example_dags/example_bash_operator.py
[2025-03-26T17:34:18.338+0000] {processor.py:925} INFO - DAG(s) 'example_bash_operator' retrieved from /home/ubuntu/customer_churn_youtube_venv/lib/python3.12/site-packages/airflow/example_dags/example_bash_operator.py
[2025-03-26T17:34:18.359+0000] {logging_mixin.py:190} INFO - [2025-03-26T17:34:18.359+0000] {dag.py:3239} INFO - Sync 1 DAGs
[2025-03-26T17:34:18.380+0000] {logging_mixin.py:190} INFO - [2025-03-26T17:34:18.380+0000] {dag.py:4180} INFO - Setting next_dagrun for example_bash_operator to 2025-03-25 00:00:00+00:00, run_after=2025-03-26 00:00:00+00:00
[2025-03-26T17:34:18.401+0000] {processor.py:208} INFO - Processing /home/ubuntu/customer_churn_youtube_venv/lib/python3.12/site-packages/airflow/example_dags/example_bash_operator.py took 0.085 seconds
[2025-03-26T17:35:37.868+0000] {processor.py:186} INFO - Started process (PID=7742) to work on /home/ubuntu/customer_churn_youtube_venv/lib/python3.12/site-packages/airflow/example_dags/example_bash_operator.py
[2025-03-26T17:35:37.870+0000] {processor.py:914} INFO - Processing file /home/ubuntu/customer_churn_youtube_venv/lib/python3.12/site-packages/airflow/example_dags/example_bash_operator.py for tasks to queue
[2025-03-26T17:35:37.872+0000] {logging_mixin.py:190} INFO - [2025-03-26T17:35:37.872+0000] {dagbag.py:588} INFO - Filling up the DagBag from /home/ubuntu/customer_churn_youtube_venv/lib/python3.12/site-packages/airflow/example_dags/example_bash_operator.py
[2025-03-26T17:35:37.887+0000] {processor.py:925} INFO - DAG(s) 'example_bash_operator' retrieved from /home/ubuntu/customer_churn_youtube_venv/lib/python3.12/site-packages/airflow/example_dags/example_bash_operator.py
[2025-03-26T17:35:37.909+0000] {logging_mixin.py:190} INFO - [2025-03-26T17:35:37.908+0000] {dag.py:3239} INFO - Sync 1 DAGs
[2025-03-26T17:35:37.929+0000] {logging_mixin.py:190} INFO - [2025-03-26T17:35:37.928+0000] {dag.py:4180} INFO - Setting next_dagrun for example_bash_operator to 2025-03-25 00:00:00+00:00, run_after=2025-03-26 00:00:00+00:00
[2025-03-26T17:35:37.951+0000] {processor.py:208} INFO - Processing /home/ubuntu/customer_churn_youtube_venv/lib/python3.12/site-packages/airflow/example_dags/example_bash_operator.py took 0.088 seconds
[2025-03-26T17:36:56.456+0000] {processor.py:186} INFO - Started process (PID=7824) to work on /home/ubuntu/customer_churn_youtube_venv/lib/python3.12/site-packages/airflow/example_dags/example_bash_operator.py
[2025-03-26T17:36:56.459+0000] {processor.py:914} INFO - Processing file /home/ubuntu/customer_churn_youtube_venv/lib/python3.12/site-packages/airflow/example_dags/example_bash_operator.py for tasks to queue
[2025-03-26T17:36:56.461+0000] {logging_mixin.py:190} INFO - [2025-03-26T17:36:56.461+0000] {dagbag.py:588} INFO - Filling up the DagBag from /home/ubuntu/customer_churn_youtube_venv/lib/python3.12/site-packages/airflow/example_dags/example_bash_operator.py
[2025-03-26T17:36:56.474+0000] {processor.py:925} INFO - DAG(s) 'example_bash_operator' retrieved from /home/ubuntu/customer_churn_youtube_venv/lib/python3.12/site-packages/airflow/example_dags/example_bash_operator.py
[2025-03-26T17:36:56.495+0000] {logging_mixin.py:190} INFO - [2025-03-26T17:36:56.495+0000] {dag.py:3239} INFO - Sync 1 DAGs
[2025-03-26T17:36:56.514+0000] {logging_mixin.py:190} INFO - [2025-03-26T17:36:56.514+0000] {dag.py:4180} INFO - Setting next_dagrun for example_bash_operator to 2025-03-25 00:00:00+00:00, run_after=2025-03-26 00:00:00+00:00
[2025-03-26T17:36:56.537+0000] {processor.py:208} INFO - Processing /home/ubuntu/customer_churn_youtube_venv/lib/python3.12/site-packages/airflow/example_dags/example_bash_operator.py took 0.086 seconds
