[2025-03-26T17:13:55.838+0000] {processor.py:186} INFO - Started process (PID=6296) to work on /home/ubuntu/customer_churn_youtube_venv/lib/python3.12/site-packages/airflow/example_dags/example_display_name.py
[2025-03-26T17:13:55.839+0000] {processor.py:914} INFO - Processing file /home/ubuntu/customer_churn_youtube_venv/lib/python3.12/site-packages/airflow/example_dags/example_display_name.py for tasks to queue
[2025-03-26T17:13:55.841+0000] {logging_mixin.py:190} INFO - [2025-03-26T17:13:55.840+0000] {dagbag.py:588} INFO - Filling up the DagBag from /home/ubuntu/customer_churn_youtube_venv/lib/python3.12/site-packages/airflow/example_dags/example_display_name.py
[2025-03-26T17:13:55.850+0000] {processor.py:925} INFO - DAG(s) 'example_display_name' retrieved from /home/ubuntu/customer_churn_youtube_venv/lib/python3.12/site-packages/airflow/example_dags/example_display_name.py
[2025-03-26T17:13:55.953+0000] {logging_mixin.py:190} INFO - [2025-03-26T17:13:55.952+0000] {override.py:1930} INFO - Created Permission View: can edit on DAG:example_display_name
[2025-03-26T17:13:55.965+0000] {logging_mixin.py:190} INFO - [2025-03-26T17:13:55.965+0000] {override.py:1930} INFO - Created Permission View: can read on DAG:example_display_name
[2025-03-26T17:13:55.977+0000] {logging_mixin.py:190} INFO - [2025-03-26T17:13:55.977+0000] {override.py:1930} INFO - Created Permission View: can delete on DAG:example_display_name
[2025-03-26T17:13:55.994+0000] {logging_mixin.py:190} INFO - [2025-03-26T17:13:55.993+0000] {override.py:1930} INFO - Created Permission View: menu access on DAG Run:example_display_name
[2025-03-26T17:13:56.003+0000] {logging_mixin.py:190} INFO - [2025-03-26T17:13:56.003+0000] {override.py:1930} INFO - Created Permission View: can create on DAG Run:example_display_name
[2025-03-26T17:13:56.014+0000] {logging_mixin.py:190} INFO - [2025-03-26T17:13:56.013+0000] {override.py:1930} INFO - Created Permission View: can delete on DAG Run:example_display_name
[2025-03-26T17:13:56.025+0000] {logging_mixin.py:190} INFO - [2025-03-26T17:13:56.025+0000] {override.py:1930} INFO - Created Permission View: can read on DAG Run:example_display_name
[2025-03-26T17:13:56.026+0000] {logging_mixin.py:190} INFO - [2025-03-26T17:13:56.025+0000] {dag.py:3239} INFO - Sync 1 DAGs
[2025-03-26T17:13:56.035+0000] {logging_mixin.py:190} INFO - [2025-03-26T17:13:56.035+0000] {dag.py:3262} INFO - Creating ORM DAG for example_display_name
[2025-03-26T17:13:56.036+0000] {logging_mixin.py:190} INFO - [2025-03-26T17:13:56.036+0000] {dag.py:4180} INFO - Setting next_dagrun for example_display_name to None, run_after=None
[2025-03-26T17:13:56.056+0000] {processor.py:208} INFO - Processing /home/ubuntu/customer_churn_youtube_venv/lib/python3.12/site-packages/airflow/example_dags/example_display_name.py took 0.223 seconds
[2025-03-26T17:15:00.128+0000] {processor.py:186} INFO - Started process (PID=6357) to work on /home/ubuntu/customer_churn_youtube_venv/lib/python3.12/site-packages/airflow/example_dags/example_display_name.py
[2025-03-26T17:15:00.130+0000] {processor.py:914} INFO - Processing file /home/ubuntu/customer_churn_youtube_venv/lib/python3.12/site-packages/airflow/example_dags/example_display_name.py for tasks to queue
[2025-03-26T17:15:00.133+0000] {logging_mixin.py:190} INFO - [2025-03-26T17:15:00.132+0000] {dagbag.py:588} INFO - Filling up the DagBag from /home/ubuntu/customer_churn_youtube_venv/lib/python3.12/site-packages/airflow/example_dags/example_display_name.py
[2025-03-26T17:15:00.142+0000] {processor.py:925} INFO - DAG(s) 'example_display_name' retrieved from /home/ubuntu/customer_churn_youtube_venv/lib/python3.12/site-packages/airflow/example_dags/example_display_name.py
[2025-03-26T17:15:00.157+0000] {logging_mixin.py:190} INFO - [2025-03-26T17:15:00.157+0000] {dag.py:3239} INFO - Sync 1 DAGs
[2025-03-26T17:15:00.169+0000] {logging_mixin.py:190} INFO - [2025-03-26T17:15:00.169+0000] {dag.py:4180} INFO - Setting next_dagrun for example_display_name to None, run_after=None
[2025-03-26T17:15:00.191+0000] {processor.py:208} INFO - Processing /home/ubuntu/customer_churn_youtube_venv/lib/python3.12/site-packages/airflow/example_dags/example_display_name.py took 0.068 seconds
[2025-03-26T17:15:56.455+0000] {processor.py:186} INFO - Started process (PID=6420) to work on /home/ubuntu/customer_churn_youtube_venv/lib/python3.12/site-packages/airflow/example_dags/example_display_name.py
[2025-03-26T17:15:56.457+0000] {processor.py:914} INFO - Processing file /home/ubuntu/customer_churn_youtube_venv/lib/python3.12/site-packages/airflow/example_dags/example_display_name.py for tasks to queue
[2025-03-26T17:15:56.459+0000] {logging_mixin.py:190} INFO - [2025-03-26T17:15:56.459+0000] {dagbag.py:588} INFO - Filling up the DagBag from /home/ubuntu/customer_churn_youtube_venv/lib/python3.12/site-packages/airflow/example_dags/example_display_name.py
[2025-03-26T17:15:56.467+0000] {processor.py:925} INFO - DAG(s) 'example_display_name' retrieved from /home/ubuntu/customer_churn_youtube_venv/lib/python3.12/site-packages/airflow/example_dags/example_display_name.py
[2025-03-26T17:15:56.481+0000] {logging_mixin.py:190} INFO - [2025-03-26T17:15:56.481+0000] {dag.py:3239} INFO - Sync 1 DAGs
[2025-03-26T17:15:56.493+0000] {logging_mixin.py:190} INFO - [2025-03-26T17:15:56.493+0000] {dag.py:4180} INFO - Setting next_dagrun for example_display_name to None, run_after=None
[2025-03-26T17:15:56.515+0000] {processor.py:208} INFO - Processing /home/ubuntu/customer_churn_youtube_venv/lib/python3.12/site-packages/airflow/example_dags/example_display_name.py took 0.065 seconds
[2025-03-26T17:16:54.553+0000] {processor.py:186} INFO - Started process (PID=6477) to work on /home/ubuntu/customer_churn_youtube_venv/lib/python3.12/site-packages/airflow/example_dags/example_display_name.py
[2025-03-26T17:16:54.555+0000] {processor.py:914} INFO - Processing file /home/ubuntu/customer_churn_youtube_venv/lib/python3.12/site-packages/airflow/example_dags/example_display_name.py for tasks to queue
[2025-03-26T17:16:54.557+0000] {logging_mixin.py:190} INFO - [2025-03-26T17:16:54.556+0000] {dagbag.py:588} INFO - Filling up the DagBag from /home/ubuntu/customer_churn_youtube_venv/lib/python3.12/site-packages/airflow/example_dags/example_display_name.py
[2025-03-26T17:16:54.565+0000] {processor.py:925} INFO - DAG(s) 'example_display_name' retrieved from /home/ubuntu/customer_churn_youtube_venv/lib/python3.12/site-packages/airflow/example_dags/example_display_name.py
[2025-03-26T17:16:54.578+0000] {logging_mixin.py:190} INFO - [2025-03-26T17:16:54.578+0000] {dag.py:3239} INFO - Sync 1 DAGs
[2025-03-26T17:16:54.590+0000] {logging_mixin.py:190} INFO - [2025-03-26T17:16:54.589+0000] {dag.py:4180} INFO - Setting next_dagrun for example_display_name to None, run_after=None
[2025-03-26T17:16:54.613+0000] {processor.py:208} INFO - Processing /home/ubuntu/customer_churn_youtube_venv/lib/python3.12/site-packages/airflow/example_dags/example_display_name.py took 0.065 seconds
[2025-03-26T17:17:49.187+0000] {processor.py:186} INFO - Started process (PID=6539) to work on /home/ubuntu/customer_churn_youtube_venv/lib/python3.12/site-packages/airflow/example_dags/example_display_name.py
[2025-03-26T17:17:49.189+0000] {processor.py:914} INFO - Processing file /home/ubuntu/customer_churn_youtube_venv/lib/python3.12/site-packages/airflow/example_dags/example_display_name.py for tasks to queue
[2025-03-26T17:17:49.191+0000] {logging_mixin.py:190} INFO - [2025-03-26T17:17:49.190+0000] {dagbag.py:588} INFO - Filling up the DagBag from /home/ubuntu/customer_churn_youtube_venv/lib/python3.12/site-packages/airflow/example_dags/example_display_name.py
[2025-03-26T17:17:49.199+0000] {processor.py:925} INFO - DAG(s) 'example_display_name' retrieved from /home/ubuntu/customer_churn_youtube_venv/lib/python3.12/site-packages/airflow/example_dags/example_display_name.py
[2025-03-26T17:17:49.213+0000] {logging_mixin.py:190} INFO - [2025-03-26T17:17:49.213+0000] {dag.py:3239} INFO - Sync 1 DAGs
[2025-03-26T17:17:49.224+0000] {logging_mixin.py:190} INFO - [2025-03-26T17:17:49.224+0000] {dag.py:4180} INFO - Setting next_dagrun for example_display_name to None, run_after=None
[2025-03-26T17:17:49.248+0000] {processor.py:208} INFO - Processing /home/ubuntu/customer_churn_youtube_venv/lib/python3.12/site-packages/airflow/example_dags/example_display_name.py took 0.066 seconds
[2025-03-26T17:18:39.756+0000] {processor.py:186} INFO - Started process (PID=6591) to work on /home/ubuntu/customer_churn_youtube_venv/lib/python3.12/site-packages/airflow/example_dags/example_display_name.py
[2025-03-26T17:18:39.758+0000] {processor.py:914} INFO - Processing file /home/ubuntu/customer_churn_youtube_venv/lib/python3.12/site-packages/airflow/example_dags/example_display_name.py for tasks to queue
[2025-03-26T17:18:39.759+0000] {logging_mixin.py:190} INFO - [2025-03-26T17:18:39.759+0000] {dagbag.py:588} INFO - Filling up the DagBag from /home/ubuntu/customer_churn_youtube_venv/lib/python3.12/site-packages/airflow/example_dags/example_display_name.py
[2025-03-26T17:18:39.766+0000] {processor.py:925} INFO - DAG(s) 'example_display_name' retrieved from /home/ubuntu/customer_churn_youtube_venv/lib/python3.12/site-packages/airflow/example_dags/example_display_name.py
[2025-03-26T17:18:39.781+0000] {logging_mixin.py:190} INFO - [2025-03-26T17:18:39.781+0000] {dag.py:3239} INFO - Sync 1 DAGs
[2025-03-26T17:18:39.792+0000] {logging_mixin.py:190} INFO - [2025-03-26T17:18:39.792+0000] {dag.py:4180} INFO - Setting next_dagrun for example_display_name to None, run_after=None
[2025-03-26T17:18:39.813+0000] {processor.py:208} INFO - Processing /home/ubuntu/customer_churn_youtube_venv/lib/python3.12/site-packages/airflow/example_dags/example_display_name.py took 0.062 seconds
[2025-03-26T17:19:37.142+0000] {processor.py:186} INFO - Started process (PID=6645) to work on /home/ubuntu/customer_churn_youtube_venv/lib/python3.12/site-packages/airflow/example_dags/example_display_name.py
[2025-03-26T17:19:37.144+0000] {processor.py:914} INFO - Processing file /home/ubuntu/customer_churn_youtube_venv/lib/python3.12/site-packages/airflow/example_dags/example_display_name.py for tasks to queue
[2025-03-26T17:19:37.146+0000] {logging_mixin.py:190} INFO - [2025-03-26T17:19:37.145+0000] {dagbag.py:588} INFO - Filling up the DagBag from /home/ubuntu/customer_churn_youtube_venv/lib/python3.12/site-packages/airflow/example_dags/example_display_name.py
[2025-03-26T17:19:37.278+0000] {processor.py:925} INFO - DAG(s) 'example_display_name' retrieved from /home/ubuntu/customer_churn_youtube_venv/lib/python3.12/site-packages/airflow/example_dags/example_display_name.py
[2025-03-26T17:19:37.289+0000] {logging_mixin.py:190} INFO - [2025-03-26T17:19:37.289+0000] {dag.py:3239} INFO - Sync 1 DAGs
[2025-03-26T17:19:37.298+0000] {logging_mixin.py:190} INFO - [2025-03-26T17:19:37.298+0000] {dag.py:4180} INFO - Setting next_dagrun for example_display_name to None, run_after=None
[2025-03-26T17:19:37.318+0000] {processor.py:208} INFO - Processing /home/ubuntu/customer_churn_youtube_venv/lib/python3.12/site-packages/airflow/example_dags/example_display_name.py took 0.181 seconds
[2025-03-26T17:20:36.225+0000] {processor.py:186} INFO - Started process (PID=6709) to work on /home/ubuntu/customer_churn_youtube_venv/lib/python3.12/site-packages/airflow/example_dags/example_display_name.py
[2025-03-26T17:20:36.227+0000] {processor.py:914} INFO - Processing file /home/ubuntu/customer_churn_youtube_venv/lib/python3.12/site-packages/airflow/example_dags/example_display_name.py for tasks to queue
[2025-03-26T17:20:36.229+0000] {logging_mixin.py:190} INFO - [2025-03-26T17:20:36.229+0000] {dagbag.py:588} INFO - Filling up the DagBag from /home/ubuntu/customer_churn_youtube_venv/lib/python3.12/site-packages/airflow/example_dags/example_display_name.py
[2025-03-26T17:20:36.238+0000] {processor.py:925} INFO - DAG(s) 'example_display_name' retrieved from /home/ubuntu/customer_churn_youtube_venv/lib/python3.12/site-packages/airflow/example_dags/example_display_name.py
[2025-03-26T17:20:36.252+0000] {logging_mixin.py:190} INFO - [2025-03-26T17:20:36.252+0000] {dag.py:3239} INFO - Sync 1 DAGs
[2025-03-26T17:20:36.264+0000] {logging_mixin.py:190} INFO - [2025-03-26T17:20:36.264+0000] {dag.py:4180} INFO - Setting next_dagrun for example_display_name to None, run_after=None
[2025-03-26T17:20:36.287+0000] {processor.py:208} INFO - Processing /home/ubuntu/customer_churn_youtube_venv/lib/python3.12/site-packages/airflow/example_dags/example_display_name.py took 0.067 seconds
[2025-03-26T17:21:29.144+0000] {processor.py:186} INFO - Started process (PID=6764) to work on /home/ubuntu/customer_churn_youtube_venv/lib/python3.12/site-packages/airflow/example_dags/example_display_name.py
[2025-03-26T17:21:29.145+0000] {processor.py:914} INFO - Processing file /home/ubuntu/customer_churn_youtube_venv/lib/python3.12/site-packages/airflow/example_dags/example_display_name.py for tasks to queue
[2025-03-26T17:21:29.147+0000] {logging_mixin.py:190} INFO - [2025-03-26T17:21:29.147+0000] {dagbag.py:588} INFO - Filling up the DagBag from /home/ubuntu/customer_churn_youtube_venv/lib/python3.12/site-packages/airflow/example_dags/example_display_name.py
[2025-03-26T17:21:29.155+0000] {processor.py:925} INFO - DAG(s) 'example_display_name' retrieved from /home/ubuntu/customer_churn_youtube_venv/lib/python3.12/site-packages/airflow/example_dags/example_display_name.py
[2025-03-26T17:21:29.169+0000] {logging_mixin.py:190} INFO - [2025-03-26T17:21:29.169+0000] {dag.py:3239} INFO - Sync 1 DAGs
[2025-03-26T17:21:29.182+0000] {logging_mixin.py:190} INFO - [2025-03-26T17:21:29.181+0000] {dag.py:4180} INFO - Setting next_dagrun for example_display_name to None, run_after=None
[2025-03-26T17:21:29.203+0000] {processor.py:208} INFO - Processing /home/ubuntu/customer_churn_youtube_venv/lib/python3.12/site-packages/airflow/example_dags/example_display_name.py took 0.065 seconds
[2025-03-26T17:22:20.962+0000] {processor.py:186} INFO - Started process (PID=6818) to work on /home/ubuntu/customer_churn_youtube_venv/lib/python3.12/site-packages/airflow/example_dags/example_display_name.py
[2025-03-26T17:22:20.965+0000] {processor.py:914} INFO - Processing file /home/ubuntu/customer_churn_youtube_venv/lib/python3.12/site-packages/airflow/example_dags/example_display_name.py for tasks to queue
[2025-03-26T17:22:20.966+0000] {logging_mixin.py:190} INFO - [2025-03-26T17:22:20.966+0000] {dagbag.py:588} INFO - Filling up the DagBag from /home/ubuntu/customer_churn_youtube_venv/lib/python3.12/site-packages/airflow/example_dags/example_display_name.py
[2025-03-26T17:22:20.975+0000] {processor.py:925} INFO - DAG(s) 'example_display_name' retrieved from /home/ubuntu/customer_churn_youtube_venv/lib/python3.12/site-packages/airflow/example_dags/example_display_name.py
[2025-03-26T17:22:20.989+0000] {logging_mixin.py:190} INFO - [2025-03-26T17:22:20.989+0000] {dag.py:3239} INFO - Sync 1 DAGs
[2025-03-26T17:22:21.002+0000] {logging_mixin.py:190} INFO - [2025-03-26T17:22:21.001+0000] {dag.py:4180} INFO - Setting next_dagrun for example_display_name to None, run_after=None
[2025-03-26T17:22:21.024+0000] {processor.py:208} INFO - Processing /home/ubuntu/customer_churn_youtube_venv/lib/python3.12/site-packages/airflow/example_dags/example_display_name.py took 0.068 seconds
[2025-03-26T17:23:12.659+0000] {processor.py:186} INFO - Started process (PID=6870) to work on /home/ubuntu/customer_churn_youtube_venv/lib/python3.12/site-packages/airflow/example_dags/example_display_name.py
[2025-03-26T17:23:12.661+0000] {processor.py:914} INFO - Processing file /home/ubuntu/customer_churn_youtube_venv/lib/python3.12/site-packages/airflow/example_dags/example_display_name.py for tasks to queue
[2025-03-26T17:23:12.663+0000] {logging_mixin.py:190} INFO - [2025-03-26T17:23:12.662+0000] {dagbag.py:588} INFO - Filling up the DagBag from /home/ubuntu/customer_churn_youtube_venv/lib/python3.12/site-packages/airflow/example_dags/example_display_name.py
[2025-03-26T17:23:12.671+0000] {processor.py:925} INFO - DAG(s) 'example_display_name' retrieved from /home/ubuntu/customer_churn_youtube_venv/lib/python3.12/site-packages/airflow/example_dags/example_display_name.py
[2025-03-26T17:23:12.686+0000] {logging_mixin.py:190} INFO - [2025-03-26T17:23:12.685+0000] {dag.py:3239} INFO - Sync 1 DAGs
[2025-03-26T17:23:12.699+0000] {logging_mixin.py:190} INFO - [2025-03-26T17:23:12.699+0000] {dag.py:4180} INFO - Setting next_dagrun for example_display_name to None, run_after=None
[2025-03-26T17:23:12.722+0000] {processor.py:208} INFO - Processing /home/ubuntu/customer_churn_youtube_venv/lib/python3.12/site-packages/airflow/example_dags/example_display_name.py took 0.068 seconds
[2025-03-26T17:24:05.733+0000] {processor.py:186} INFO - Started process (PID=6924) to work on /home/ubuntu/customer_churn_youtube_venv/lib/python3.12/site-packages/airflow/example_dags/example_display_name.py
[2025-03-26T17:24:05.734+0000] {processor.py:914} INFO - Processing file /home/ubuntu/customer_churn_youtube_venv/lib/python3.12/site-packages/airflow/example_dags/example_display_name.py for tasks to queue
[2025-03-26T17:24:05.736+0000] {logging_mixin.py:190} INFO - [2025-03-26T17:24:05.736+0000] {dagbag.py:588} INFO - Filling up the DagBag from /home/ubuntu/customer_churn_youtube_venv/lib/python3.12/site-packages/airflow/example_dags/example_display_name.py
[2025-03-26T17:24:05.745+0000] {processor.py:925} INFO - DAG(s) 'example_display_name' retrieved from /home/ubuntu/customer_churn_youtube_venv/lib/python3.12/site-packages/airflow/example_dags/example_display_name.py
[2025-03-26T17:24:05.759+0000] {logging_mixin.py:190} INFO - [2025-03-26T17:24:05.758+0000] {dag.py:3239} INFO - Sync 1 DAGs
[2025-03-26T17:24:05.770+0000] {logging_mixin.py:190} INFO - [2025-03-26T17:24:05.770+0000] {dag.py:4180} INFO - Setting next_dagrun for example_display_name to None, run_after=None
[2025-03-26T17:24:05.794+0000] {processor.py:208} INFO - Processing /home/ubuntu/customer_churn_youtube_venv/lib/python3.12/site-packages/airflow/example_dags/example_display_name.py took 0.066 seconds
[2025-03-26T17:24:57.374+0000] {processor.py:186} INFO - Started process (PID=6977) to work on /home/ubuntu/customer_churn_youtube_venv/lib/python3.12/site-packages/airflow/example_dags/example_display_name.py
[2025-03-26T17:24:57.377+0000] {processor.py:914} INFO - Processing file /home/ubuntu/customer_churn_youtube_venv/lib/python3.12/site-packages/airflow/example_dags/example_display_name.py for tasks to queue
[2025-03-26T17:24:57.379+0000] {logging_mixin.py:190} INFO - [2025-03-26T17:24:57.378+0000] {dagbag.py:588} INFO - Filling up the DagBag from /home/ubuntu/customer_churn_youtube_venv/lib/python3.12/site-packages/airflow/example_dags/example_display_name.py
[2025-03-26T17:24:57.387+0000] {processor.py:925} INFO - DAG(s) 'example_display_name' retrieved from /home/ubuntu/customer_churn_youtube_venv/lib/python3.12/site-packages/airflow/example_dags/example_display_name.py
[2025-03-26T17:24:57.402+0000] {logging_mixin.py:190} INFO - [2025-03-26T17:24:57.401+0000] {dag.py:3239} INFO - Sync 1 DAGs
[2025-03-26T17:24:57.413+0000] {logging_mixin.py:190} INFO - [2025-03-26T17:24:57.413+0000] {dag.py:4180} INFO - Setting next_dagrun for example_display_name to None, run_after=None
[2025-03-26T17:24:57.435+0000] {processor.py:208} INFO - Processing /home/ubuntu/customer_churn_youtube_venv/lib/python3.12/site-packages/airflow/example_dags/example_display_name.py took 0.066 seconds
[2025-03-26T17:25:48.486+0000] {processor.py:186} INFO - Started process (PID=7035) to work on /home/ubuntu/customer_churn_youtube_venv/lib/python3.12/site-packages/airflow/example_dags/example_display_name.py
[2025-03-26T17:25:48.487+0000] {processor.py:914} INFO - Processing file /home/ubuntu/customer_churn_youtube_venv/lib/python3.12/site-packages/airflow/example_dags/example_display_name.py for tasks to queue
[2025-03-26T17:25:48.489+0000] {logging_mixin.py:190} INFO - [2025-03-26T17:25:48.489+0000] {dagbag.py:588} INFO - Filling up the DagBag from /home/ubuntu/customer_churn_youtube_venv/lib/python3.12/site-packages/airflow/example_dags/example_display_name.py
[2025-03-26T17:25:48.497+0000] {processor.py:925} INFO - DAG(s) 'example_display_name' retrieved from /home/ubuntu/customer_churn_youtube_venv/lib/python3.12/site-packages/airflow/example_dags/example_display_name.py
[2025-03-26T17:25:48.512+0000] {logging_mixin.py:190} INFO - [2025-03-26T17:25:48.512+0000] {dag.py:3239} INFO - Sync 1 DAGs
[2025-03-26T17:25:48.524+0000] {logging_mixin.py:190} INFO - [2025-03-26T17:25:48.524+0000] {dag.py:4180} INFO - Setting next_dagrun for example_display_name to None, run_after=None
[2025-03-26T17:25:48.545+0000] {processor.py:208} INFO - Processing /home/ubuntu/customer_churn_youtube_venv/lib/python3.12/site-packages/airflow/example_dags/example_display_name.py took 0.065 seconds
[2025-03-26T17:27:04.586+0000] {processor.py:186} INFO - Started process (PID=7113) to work on /home/ubuntu/customer_churn_youtube_venv/lib/python3.12/site-packages/airflow/example_dags/example_display_name.py
[2025-03-26T17:27:04.588+0000] {processor.py:914} INFO - Processing file /home/ubuntu/customer_churn_youtube_venv/lib/python3.12/site-packages/airflow/example_dags/example_display_name.py for tasks to queue
[2025-03-26T17:27:04.590+0000] {logging_mixin.py:190} INFO - [2025-03-26T17:27:04.590+0000] {dagbag.py:588} INFO - Filling up the DagBag from /home/ubuntu/customer_churn_youtube_venv/lib/python3.12/site-packages/airflow/example_dags/example_display_name.py
[2025-03-26T17:27:04.598+0000] {processor.py:925} INFO - DAG(s) 'example_display_name' retrieved from /home/ubuntu/customer_churn_youtube_venv/lib/python3.12/site-packages/airflow/example_dags/example_display_name.py
[2025-03-26T17:27:04.613+0000] {logging_mixin.py:190} INFO - [2025-03-26T17:27:04.613+0000] {dag.py:3239} INFO - Sync 1 DAGs
[2025-03-26T17:27:04.625+0000] {logging_mixin.py:190} INFO - [2025-03-26T17:27:04.624+0000] {dag.py:4180} INFO - Setting next_dagrun for example_display_name to None, run_after=None
[2025-03-26T17:27:04.646+0000] {processor.py:208} INFO - Processing /home/ubuntu/customer_churn_youtube_venv/lib/python3.12/site-packages/airflow/example_dags/example_display_name.py took 0.066 seconds
[2025-03-26T17:28:17.176+0000] {processor.py:186} INFO - Started process (PID=7236) to work on /home/ubuntu/customer_churn_youtube_venv/lib/python3.12/site-packages/airflow/example_dags/example_display_name.py
[2025-03-26T17:28:17.178+0000] {processor.py:914} INFO - Processing file /home/ubuntu/customer_churn_youtube_venv/lib/python3.12/site-packages/airflow/example_dags/example_display_name.py for tasks to queue
[2025-03-26T17:28:17.180+0000] {logging_mixin.py:190} INFO - [2025-03-26T17:28:17.179+0000] {dagbag.py:588} INFO - Filling up the DagBag from /home/ubuntu/customer_churn_youtube_venv/lib/python3.12/site-packages/airflow/example_dags/example_display_name.py
[2025-03-26T17:28:17.188+0000] {processor.py:925} INFO - DAG(s) 'example_display_name' retrieved from /home/ubuntu/customer_churn_youtube_venv/lib/python3.12/site-packages/airflow/example_dags/example_display_name.py
[2025-03-26T17:28:17.203+0000] {logging_mixin.py:190} INFO - [2025-03-26T17:28:17.202+0000] {dag.py:3239} INFO - Sync 1 DAGs
[2025-03-26T17:28:17.214+0000] {logging_mixin.py:190} INFO - [2025-03-26T17:28:17.214+0000] {dag.py:4180} INFO - Setting next_dagrun for example_display_name to None, run_after=None
[2025-03-26T17:28:17.237+0000] {processor.py:208} INFO - Processing /home/ubuntu/customer_churn_youtube_venv/lib/python3.12/site-packages/airflow/example_dags/example_display_name.py took 0.066 seconds
[2025-03-26T17:29:08.076+0000] {processor.py:186} INFO - Started process (PID=7290) to work on /home/ubuntu/customer_churn_youtube_venv/lib/python3.12/site-packages/airflow/example_dags/example_display_name.py
[2025-03-26T17:29:08.078+0000] {processor.py:914} INFO - Processing file /home/ubuntu/customer_churn_youtube_venv/lib/python3.12/site-packages/airflow/example_dags/example_display_name.py for tasks to queue
[2025-03-26T17:29:08.080+0000] {logging_mixin.py:190} INFO - [2025-03-26T17:29:08.079+0000] {dagbag.py:588} INFO - Filling up the DagBag from /home/ubuntu/customer_churn_youtube_venv/lib/python3.12/site-packages/airflow/example_dags/example_display_name.py
[2025-03-26T17:29:08.089+0000] {processor.py:925} INFO - DAG(s) 'example_display_name' retrieved from /home/ubuntu/customer_churn_youtube_venv/lib/python3.12/site-packages/airflow/example_dags/example_display_name.py
[2025-03-26T17:29:08.103+0000] {logging_mixin.py:190} INFO - [2025-03-26T17:29:08.103+0000] {dag.py:3239} INFO - Sync 1 DAGs
[2025-03-26T17:29:08.116+0000] {logging_mixin.py:190} INFO - [2025-03-26T17:29:08.116+0000] {dag.py:4180} INFO - Setting next_dagrun for example_display_name to None, run_after=None
[2025-03-26T17:29:08.137+0000] {processor.py:208} INFO - Processing /home/ubuntu/customer_churn_youtube_venv/lib/python3.12/site-packages/airflow/example_dags/example_display_name.py took 0.067 seconds
[2025-03-26T17:29:58.849+0000] {processor.py:186} INFO - Started process (PID=7343) to work on /home/ubuntu/customer_churn_youtube_venv/lib/python3.12/site-packages/airflow/example_dags/example_display_name.py
[2025-03-26T17:29:58.851+0000] {processor.py:914} INFO - Processing file /home/ubuntu/customer_churn_youtube_venv/lib/python3.12/site-packages/airflow/example_dags/example_display_name.py for tasks to queue
[2025-03-26T17:29:58.853+0000] {logging_mixin.py:190} INFO - [2025-03-26T17:29:58.853+0000] {dagbag.py:588} INFO - Filling up the DagBag from /home/ubuntu/customer_churn_youtube_venv/lib/python3.12/site-packages/airflow/example_dags/example_display_name.py
[2025-03-26T17:29:58.862+0000] {processor.py:925} INFO - DAG(s) 'example_display_name' retrieved from /home/ubuntu/customer_churn_youtube_venv/lib/python3.12/site-packages/airflow/example_dags/example_display_name.py
[2025-03-26T17:29:58.877+0000] {logging_mixin.py:190} INFO - [2025-03-26T17:29:58.876+0000] {dag.py:3239} INFO - Sync 1 DAGs
[2025-03-26T17:29:58.890+0000] {logging_mixin.py:190} INFO - [2025-03-26T17:29:58.889+0000] {dag.py:4180} INFO - Setting next_dagrun for example_display_name to None, run_after=None
[2025-03-26T17:29:58.910+0000] {processor.py:208} INFO - Processing /home/ubuntu/customer_churn_youtube_venv/lib/python3.12/site-packages/airflow/example_dags/example_display_name.py took 0.067 seconds
[2025-03-26T17:30:49.284+0000] {processor.py:186} INFO - Started process (PID=7399) to work on /home/ubuntu/customer_churn_youtube_venv/lib/python3.12/site-packages/airflow/example_dags/example_display_name.py
[2025-03-26T17:30:49.286+0000] {processor.py:914} INFO - Processing file /home/ubuntu/customer_churn_youtube_venv/lib/python3.12/site-packages/airflow/example_dags/example_display_name.py for tasks to queue
[2025-03-26T17:30:49.288+0000] {logging_mixin.py:190} INFO - [2025-03-26T17:30:49.288+0000] {dagbag.py:588} INFO - Filling up the DagBag from /home/ubuntu/customer_churn_youtube_venv/lib/python3.12/site-packages/airflow/example_dags/example_display_name.py
[2025-03-26T17:30:49.297+0000] {processor.py:925} INFO - DAG(s) 'example_display_name' retrieved from /home/ubuntu/customer_churn_youtube_venv/lib/python3.12/site-packages/airflow/example_dags/example_display_name.py
[2025-03-26T17:30:49.312+0000] {logging_mixin.py:190} INFO - [2025-03-26T17:30:49.312+0000] {dag.py:3239} INFO - Sync 1 DAGs
[2025-03-26T17:30:49.324+0000] {logging_mixin.py:190} INFO - [2025-03-26T17:30:49.324+0000] {dag.py:4180} INFO - Setting next_dagrun for example_display_name to None, run_after=None
[2025-03-26T17:30:49.347+0000] {processor.py:208} INFO - Processing /home/ubuntu/customer_churn_youtube_venv/lib/python3.12/site-packages/airflow/example_dags/example_display_name.py took 0.069 seconds
[2025-03-26T17:31:39.933+0000] {processor.py:186} INFO - Started process (PID=7451) to work on /home/ubuntu/customer_churn_youtube_venv/lib/python3.12/site-packages/airflow/example_dags/example_display_name.py
[2025-03-26T17:31:39.934+0000] {processor.py:914} INFO - Processing file /home/ubuntu/customer_churn_youtube_venv/lib/python3.12/site-packages/airflow/example_dags/example_display_name.py for tasks to queue
[2025-03-26T17:31:39.936+0000] {logging_mixin.py:190} INFO - [2025-03-26T17:31:39.936+0000] {dagbag.py:588} INFO - Filling up the DagBag from /home/ubuntu/customer_churn_youtube_venv/lib/python3.12/site-packages/airflow/example_dags/example_display_name.py
[2025-03-26T17:31:39.944+0000] {processor.py:925} INFO - DAG(s) 'example_display_name' retrieved from /home/ubuntu/customer_churn_youtube_venv/lib/python3.12/site-packages/airflow/example_dags/example_display_name.py
[2025-03-26T17:31:39.958+0000] {logging_mixin.py:190} INFO - [2025-03-26T17:31:39.958+0000] {dag.py:3239} INFO - Sync 1 DAGs
[2025-03-26T17:31:39.970+0000] {logging_mixin.py:190} INFO - [2025-03-26T17:31:39.970+0000] {dag.py:4180} INFO - Setting next_dagrun for example_display_name to None, run_after=None
[2025-03-26T17:31:39.992+0000] {processor.py:208} INFO - Processing /home/ubuntu/customer_churn_youtube_venv/lib/python3.12/site-packages/airflow/example_dags/example_display_name.py took 0.065 seconds
[2025-03-26T17:32:30.514+0000] {processor.py:186} INFO - Started process (PID=7544) to work on /home/ubuntu/customer_churn_youtube_venv/lib/python3.12/site-packages/airflow/example_dags/example_display_name.py
[2025-03-26T17:32:30.516+0000] {processor.py:914} INFO - Processing file /home/ubuntu/customer_churn_youtube_venv/lib/python3.12/site-packages/airflow/example_dags/example_display_name.py for tasks to queue
[2025-03-26T17:32:30.518+0000] {logging_mixin.py:190} INFO - [2025-03-26T17:32:30.517+0000] {dagbag.py:588} INFO - Filling up the DagBag from /home/ubuntu/customer_churn_youtube_venv/lib/python3.12/site-packages/airflow/example_dags/example_display_name.py
[2025-03-26T17:32:30.526+0000] {processor.py:925} INFO - DAG(s) 'example_display_name' retrieved from /home/ubuntu/customer_churn_youtube_venv/lib/python3.12/site-packages/airflow/example_dags/example_display_name.py
[2025-03-26T17:32:30.541+0000] {logging_mixin.py:190} INFO - [2025-03-26T17:32:30.541+0000] {dag.py:3239} INFO - Sync 1 DAGs
[2025-03-26T17:32:30.553+0000] {logging_mixin.py:190} INFO - [2025-03-26T17:32:30.553+0000] {dag.py:4180} INFO - Setting next_dagrun for example_display_name to None, run_after=None
[2025-03-26T17:32:30.574+0000] {processor.py:208} INFO - Processing /home/ubuntu/customer_churn_youtube_venv/lib/python3.12/site-packages/airflow/example_dags/example_display_name.py took 0.065 seconds
[2025-03-26T17:33:23.588+0000] {processor.py:186} INFO - Started process (PID=7598) to work on /home/ubuntu/customer_churn_youtube_venv/lib/python3.12/site-packages/airflow/example_dags/example_display_name.py
[2025-03-26T17:33:23.589+0000] {processor.py:914} INFO - Processing file /home/ubuntu/customer_churn_youtube_venv/lib/python3.12/site-packages/airflow/example_dags/example_display_name.py for tasks to queue
[2025-03-26T17:33:23.591+0000] {logging_mixin.py:190} INFO - [2025-03-26T17:33:23.591+0000] {dagbag.py:588} INFO - Filling up the DagBag from /home/ubuntu/customer_churn_youtube_venv/lib/python3.12/site-packages/airflow/example_dags/example_display_name.py
[2025-03-26T17:33:23.599+0000] {processor.py:925} INFO - DAG(s) 'example_display_name' retrieved from /home/ubuntu/customer_churn_youtube_venv/lib/python3.12/site-packages/airflow/example_dags/example_display_name.py
[2025-03-26T17:33:23.615+0000] {logging_mixin.py:190} INFO - [2025-03-26T17:33:23.615+0000] {dag.py:3239} INFO - Sync 1 DAGs
[2025-03-26T17:33:23.627+0000] {logging_mixin.py:190} INFO - [2025-03-26T17:33:23.626+0000] {dag.py:4180} INFO - Setting next_dagrun for example_display_name to None, run_after=None
[2025-03-26T17:33:23.648+0000] {processor.py:208} INFO - Processing /home/ubuntu/customer_churn_youtube_venv/lib/python3.12/site-packages/airflow/example_dags/example_display_name.py took 0.066 seconds
[2025-03-26T17:34:14.386+0000] {processor.py:186} INFO - Started process (PID=7649) to work on /home/ubuntu/customer_churn_youtube_venv/lib/python3.12/site-packages/airflow/example_dags/example_display_name.py
[2025-03-26T17:34:14.389+0000] {processor.py:914} INFO - Processing file /home/ubuntu/customer_churn_youtube_venv/lib/python3.12/site-packages/airflow/example_dags/example_display_name.py for tasks to queue
[2025-03-26T17:34:14.391+0000] {logging_mixin.py:190} INFO - [2025-03-26T17:34:14.390+0000] {dagbag.py:588} INFO - Filling up the DagBag from /home/ubuntu/customer_churn_youtube_venv/lib/python3.12/site-packages/airflow/example_dags/example_display_name.py
[2025-03-26T17:34:14.399+0000] {processor.py:925} INFO - DAG(s) 'example_display_name' retrieved from /home/ubuntu/customer_churn_youtube_venv/lib/python3.12/site-packages/airflow/example_dags/example_display_name.py
[2025-03-26T17:34:14.412+0000] {logging_mixin.py:190} INFO - [2025-03-26T17:34:14.412+0000] {dag.py:3239} INFO - Sync 1 DAGs
[2025-03-26T17:34:14.424+0000] {logging_mixin.py:190} INFO - [2025-03-26T17:34:14.423+0000] {dag.py:4180} INFO - Setting next_dagrun for example_display_name to None, run_after=None
[2025-03-26T17:34:14.445+0000] {processor.py:208} INFO - Processing /home/ubuntu/customer_churn_youtube_venv/lib/python3.12/site-packages/airflow/example_dags/example_display_name.py took 0.064 seconds
[2025-03-26T17:35:06.164+0000] {processor.py:186} INFO - Started process (PID=7710) to work on /home/ubuntu/customer_churn_youtube_venv/lib/python3.12/site-packages/airflow/example_dags/example_display_name.py
[2025-03-26T17:35:06.166+0000] {processor.py:914} INFO - Processing file /home/ubuntu/customer_churn_youtube_venv/lib/python3.12/site-packages/airflow/example_dags/example_display_name.py for tasks to queue
[2025-03-26T17:35:06.168+0000] {logging_mixin.py:190} INFO - [2025-03-26T17:35:06.168+0000] {dagbag.py:588} INFO - Filling up the DagBag from /home/ubuntu/customer_churn_youtube_venv/lib/python3.12/site-packages/airflow/example_dags/example_display_name.py
[2025-03-26T17:35:06.177+0000] {processor.py:925} INFO - DAG(s) 'example_display_name' retrieved from /home/ubuntu/customer_churn_youtube_venv/lib/python3.12/site-packages/airflow/example_dags/example_display_name.py
[2025-03-26T17:35:06.191+0000] {logging_mixin.py:190} INFO - [2025-03-26T17:35:06.191+0000] {dag.py:3239} INFO - Sync 1 DAGs
[2025-03-26T17:35:06.204+0000] {logging_mixin.py:190} INFO - [2025-03-26T17:35:06.204+0000] {dag.py:4180} INFO - Setting next_dagrun for example_display_name to None, run_after=None
[2025-03-26T17:35:06.227+0000] {processor.py:208} INFO - Processing /home/ubuntu/customer_churn_youtube_venv/lib/python3.12/site-packages/airflow/example_dags/example_display_name.py took 0.068 seconds
[2025-03-26T17:35:58.468+0000] {processor.py:186} INFO - Started process (PID=7764) to work on /home/ubuntu/customer_churn_youtube_venv/lib/python3.12/site-packages/airflow/example_dags/example_display_name.py
[2025-03-26T17:35:58.470+0000] {processor.py:914} INFO - Processing file /home/ubuntu/customer_churn_youtube_venv/lib/python3.12/site-packages/airflow/example_dags/example_display_name.py for tasks to queue
[2025-03-26T17:35:58.472+0000] {logging_mixin.py:190} INFO - [2025-03-26T17:35:58.472+0000] {dagbag.py:588} INFO - Filling up the DagBag from /home/ubuntu/customer_churn_youtube_venv/lib/python3.12/site-packages/airflow/example_dags/example_display_name.py
[2025-03-26T17:35:58.480+0000] {processor.py:925} INFO - DAG(s) 'example_display_name' retrieved from /home/ubuntu/customer_churn_youtube_venv/lib/python3.12/site-packages/airflow/example_dags/example_display_name.py
[2025-03-26T17:35:58.496+0000] {logging_mixin.py:190} INFO - [2025-03-26T17:35:58.496+0000] {dag.py:3239} INFO - Sync 1 DAGs
[2025-03-26T17:35:58.508+0000] {logging_mixin.py:190} INFO - [2025-03-26T17:35:58.507+0000] {dag.py:4180} INFO - Setting next_dagrun for example_display_name to None, run_after=None
[2025-03-26T17:35:58.531+0000] {processor.py:208} INFO - Processing /home/ubuntu/customer_churn_youtube_venv/lib/python3.12/site-packages/airflow/example_dags/example_display_name.py took 0.069 seconds
[2025-03-26T17:36:52.443+0000] {processor.py:186} INFO - Started process (PID=7820) to work on /home/ubuntu/customer_churn_youtube_venv/lib/python3.12/site-packages/airflow/example_dags/example_display_name.py
[2025-03-26T17:36:52.445+0000] {processor.py:914} INFO - Processing file /home/ubuntu/customer_churn_youtube_venv/lib/python3.12/site-packages/airflow/example_dags/example_display_name.py for tasks to queue
[2025-03-26T17:36:52.447+0000] {logging_mixin.py:190} INFO - [2025-03-26T17:36:52.446+0000] {dagbag.py:588} INFO - Filling up the DagBag from /home/ubuntu/customer_churn_youtube_venv/lib/python3.12/site-packages/airflow/example_dags/example_display_name.py
[2025-03-26T17:36:52.455+0000] {processor.py:925} INFO - DAG(s) 'example_display_name' retrieved from /home/ubuntu/customer_churn_youtube_venv/lib/python3.12/site-packages/airflow/example_dags/example_display_name.py
[2025-03-26T17:36:52.469+0000] {logging_mixin.py:190} INFO - [2025-03-26T17:36:52.469+0000] {dag.py:3239} INFO - Sync 1 DAGs
[2025-03-26T17:36:52.481+0000] {logging_mixin.py:190} INFO - [2025-03-26T17:36:52.481+0000] {dag.py:4180} INFO - Setting next_dagrun for example_display_name to None, run_after=None
[2025-03-26T17:36:52.503+0000] {processor.py:208} INFO - Processing /home/ubuntu/customer_churn_youtube_venv/lib/python3.12/site-packages/airflow/example_dags/example_display_name.py took 0.065 seconds
