[2025-03-26T17:13:43.760+0000] {processor.py:186} INFO - Started process (PID=6287) to work on /home/ubuntu/customer_churn_youtube_venv/lib/python3.12/site-packages/airflow/example_dags/example_dataset_alias_with_no_taskflow.py
[2025-03-26T17:13:43.761+0000] {processor.py:914} INFO - Processing file /home/ubuntu/customer_churn_youtube_venv/lib/python3.12/site-packages/airflow/example_dags/example_dataset_alias_with_no_taskflow.py for tasks to queue
[2025-03-26T17:13:43.763+0000] {logging_mixin.py:190} INFO - [2025-03-26T17:13:43.763+0000] {dagbag.py:588} INFO - Filling up the DagBag from /home/ubuntu/customer_churn_youtube_venv/lib/python3.12/site-packages/airflow/example_dags/example_dataset_alias_with_no_taskflow.py
[2025-03-26T17:13:43.873+0000] {processor.py:925} INFO - DAG(s) 'dataset_alias_example_alias_producer_with_no_taskflow', 'dataset_alias_example_alias_consumer_with_no_taskflow', 'dataset_s3_bucket_producer_with_no_taskflow', 'dataset_s3_bucket_consumer_with_no_taskflow' retrieved from /home/ubuntu/customer_churn_youtube_venv/lib/python3.12/site-packages/airflow/example_dags/example_dataset_alias_with_no_taskflow.py
[2025-03-26T17:13:43.970+0000] {logging_mixin.py:190} INFO - [2025-03-26T17:13:43.970+0000] {override.py:1930} INFO - Created Permission View: can edit on DAG:dataset_alias_example_alias_producer_with_no_taskflow
[2025-03-26T17:13:43.983+0000] {logging_mixin.py:190} INFO - [2025-03-26T17:13:43.982+0000] {override.py:1930} INFO - Created Permission View: can read on DAG:dataset_alias_example_alias_producer_with_no_taskflow
[2025-03-26T17:13:43.992+0000] {logging_mixin.py:190} INFO - [2025-03-26T17:13:43.992+0000] {override.py:1930} INFO - Created Permission View: can delete on DAG:dataset_alias_example_alias_producer_with_no_taskflow
[2025-03-26T17:13:44.010+0000] {logging_mixin.py:190} INFO - [2025-03-26T17:13:44.009+0000] {override.py:1930} INFO - Created Permission View: menu access on DAG Run:dataset_alias_example_alias_producer_with_no_taskflow
[2025-03-26T17:13:44.020+0000] {logging_mixin.py:190} INFO - [2025-03-26T17:13:44.020+0000] {override.py:1930} INFO - Created Permission View: can create on DAG Run:dataset_alias_example_alias_producer_with_no_taskflow
[2025-03-26T17:13:44.031+0000] {logging_mixin.py:190} INFO - [2025-03-26T17:13:44.031+0000] {override.py:1930} INFO - Created Permission View: can delete on DAG Run:dataset_alias_example_alias_producer_with_no_taskflow
[2025-03-26T17:13:44.042+0000] {logging_mixin.py:190} INFO - [2025-03-26T17:13:44.042+0000] {override.py:1930} INFO - Created Permission View: can read on DAG Run:dataset_alias_example_alias_producer_with_no_taskflow
[2025-03-26T17:13:44.066+0000] {logging_mixin.py:190} INFO - [2025-03-26T17:13:44.066+0000] {override.py:1930} INFO - Created Permission View: can edit on DAG:dataset_alias_example_alias_consumer_with_no_taskflow
[2025-03-26T17:13:44.078+0000] {logging_mixin.py:190} INFO - [2025-03-26T17:13:44.078+0000] {override.py:1930} INFO - Created Permission View: can read on DAG:dataset_alias_example_alias_consumer_with_no_taskflow
[2025-03-26T17:13:44.088+0000] {logging_mixin.py:190} INFO - [2025-03-26T17:13:44.088+0000] {override.py:1930} INFO - Created Permission View: can delete on DAG:dataset_alias_example_alias_consumer_with_no_taskflow
[2025-03-26T17:13:44.104+0000] {logging_mixin.py:190} INFO - [2025-03-26T17:13:44.104+0000] {override.py:1930} INFO - Created Permission View: menu access on DAG Run:dataset_alias_example_alias_consumer_with_no_taskflow
[2025-03-26T17:13:44.114+0000] {logging_mixin.py:190} INFO - [2025-03-26T17:13:44.114+0000] {override.py:1930} INFO - Created Permission View: can create on DAG Run:dataset_alias_example_alias_consumer_with_no_taskflow
[2025-03-26T17:13:44.124+0000] {logging_mixin.py:190} INFO - [2025-03-26T17:13:44.124+0000] {override.py:1930} INFO - Created Permission View: can delete on DAG Run:dataset_alias_example_alias_consumer_with_no_taskflow
[2025-03-26T17:13:44.134+0000] {logging_mixin.py:190} INFO - [2025-03-26T17:13:44.133+0000] {override.py:1930} INFO - Created Permission View: can read on DAG Run:dataset_alias_example_alias_consumer_with_no_taskflow
[2025-03-26T17:13:44.157+0000] {logging_mixin.py:190} INFO - [2025-03-26T17:13:44.156+0000] {override.py:1930} INFO - Created Permission View: can edit on DAG:dataset_s3_bucket_producer_with_no_taskflow
[2025-03-26T17:13:44.168+0000] {logging_mixin.py:190} INFO - [2025-03-26T17:13:44.168+0000] {override.py:1930} INFO - Created Permission View: can read on DAG:dataset_s3_bucket_producer_with_no_taskflow
[2025-03-26T17:13:44.179+0000] {logging_mixin.py:190} INFO - [2025-03-26T17:13:44.179+0000] {override.py:1930} INFO - Created Permission View: can delete on DAG:dataset_s3_bucket_producer_with_no_taskflow
[2025-03-26T17:13:44.198+0000] {logging_mixin.py:190} INFO - [2025-03-26T17:13:44.197+0000] {override.py:1930} INFO - Created Permission View: menu access on DAG Run:dataset_s3_bucket_producer_with_no_taskflow
[2025-03-26T17:13:44.209+0000] {logging_mixin.py:190} INFO - [2025-03-26T17:13:44.209+0000] {override.py:1930} INFO - Created Permission View: can create on DAG Run:dataset_s3_bucket_producer_with_no_taskflow
[2025-03-26T17:13:44.219+0000] {logging_mixin.py:190} INFO - [2025-03-26T17:13:44.219+0000] {override.py:1930} INFO - Created Permission View: can delete on DAG Run:dataset_s3_bucket_producer_with_no_taskflow
[2025-03-26T17:13:44.228+0000] {logging_mixin.py:190} INFO - [2025-03-26T17:13:44.228+0000] {override.py:1930} INFO - Created Permission View: can read on DAG Run:dataset_s3_bucket_producer_with_no_taskflow
[2025-03-26T17:13:44.252+0000] {logging_mixin.py:190} INFO - [2025-03-26T17:13:44.251+0000] {override.py:1930} INFO - Created Permission View: can edit on DAG:dataset_s3_bucket_consumer_with_no_taskflow
[2025-03-26T17:13:44.263+0000] {logging_mixin.py:190} INFO - [2025-03-26T17:13:44.263+0000] {override.py:1930} INFO - Created Permission View: can read on DAG:dataset_s3_bucket_consumer_with_no_taskflow
[2025-03-26T17:13:44.274+0000] {logging_mixin.py:190} INFO - [2025-03-26T17:13:44.274+0000] {override.py:1930} INFO - Created Permission View: can delete on DAG:dataset_s3_bucket_consumer_with_no_taskflow
[2025-03-26T17:13:44.292+0000] {logging_mixin.py:190} INFO - [2025-03-26T17:13:44.292+0000] {override.py:1930} INFO - Created Permission View: menu access on DAG Run:dataset_s3_bucket_consumer_with_no_taskflow
[2025-03-26T17:13:44.303+0000] {logging_mixin.py:190} INFO - [2025-03-26T17:13:44.302+0000] {override.py:1930} INFO - Created Permission View: can create on DAG Run:dataset_s3_bucket_consumer_with_no_taskflow
[2025-03-26T17:13:44.313+0000] {logging_mixin.py:190} INFO - [2025-03-26T17:13:44.312+0000] {override.py:1930} INFO - Created Permission View: can delete on DAG Run:dataset_s3_bucket_consumer_with_no_taskflow
[2025-03-26T17:13:44.323+0000] {logging_mixin.py:190} INFO - [2025-03-26T17:13:44.323+0000] {override.py:1930} INFO - Created Permission View: can read on DAG Run:dataset_s3_bucket_consumer_with_no_taskflow
[2025-03-26T17:13:44.323+0000] {logging_mixin.py:190} INFO - [2025-03-26T17:13:44.323+0000] {dag.py:3239} INFO - Sync 4 DAGs
[2025-03-26T17:13:44.336+0000] {logging_mixin.py:190} INFO - [2025-03-26T17:13:44.335+0000] {dag.py:3262} INFO - Creating ORM DAG for dataset_alias_example_alias_consumer_with_no_taskflow
[2025-03-26T17:13:44.336+0000] {logging_mixin.py:190} INFO - [2025-03-26T17:13:44.336+0000] {dag.py:3262} INFO - Creating ORM DAG for dataset_alias_example_alias_producer_with_no_taskflow
[2025-03-26T17:13:44.336+0000] {logging_mixin.py:190} INFO - [2025-03-26T17:13:44.336+0000] {dag.py:3262} INFO - Creating ORM DAG for dataset_s3_bucket_consumer_with_no_taskflow
[2025-03-26T17:13:44.337+0000] {logging_mixin.py:190} INFO - [2025-03-26T17:13:44.337+0000] {dag.py:3262} INFO - Creating ORM DAG for dataset_s3_bucket_producer_with_no_taskflow
[2025-03-26T17:13:44.342+0000] {logging_mixin.py:190} INFO - [2025-03-26T17:13:44.342+0000] {dag.py:4180} INFO - Setting next_dagrun for dataset_alias_example_alias_consumer_with_no_taskflow to None, run_after=None
[2025-03-26T17:13:44.344+0000] {logging_mixin.py:190} INFO - [2025-03-26T17:13:44.344+0000] {dag.py:4180} INFO - Setting next_dagrun for dataset_alias_example_alias_producer_with_no_taskflow to None, run_after=None
[2025-03-26T17:13:44.344+0000] {logging_mixin.py:190} INFO - [2025-03-26T17:13:44.344+0000] {dag.py:4180} INFO - Setting next_dagrun for dataset_s3_bucket_consumer_with_no_taskflow to None, run_after=None
[2025-03-26T17:13:44.344+0000] {logging_mixin.py:190} INFO - [2025-03-26T17:13:44.344+0000] {dag.py:4180} INFO - Setting next_dagrun for dataset_s3_bucket_producer_with_no_taskflow to None, run_after=None
[2025-03-26T17:13:44.374+0000] {processor.py:208} INFO - Processing /home/ubuntu/customer_churn_youtube_venv/lib/python3.12/site-packages/airflow/example_dags/example_dataset_alias_with_no_taskflow.py took 0.618 seconds
[2025-03-26T17:14:47.794+0000] {processor.py:186} INFO - Started process (PID=6344) to work on /home/ubuntu/customer_churn_youtube_venv/lib/python3.12/site-packages/airflow/example_dags/example_dataset_alias_with_no_taskflow.py
[2025-03-26T17:14:47.795+0000] {processor.py:914} INFO - Processing file /home/ubuntu/customer_churn_youtube_venv/lib/python3.12/site-packages/airflow/example_dags/example_dataset_alias_with_no_taskflow.py for tasks to queue
[2025-03-26T17:14:47.797+0000] {logging_mixin.py:190} INFO - [2025-03-26T17:14:47.797+0000] {dagbag.py:588} INFO - Filling up the DagBag from /home/ubuntu/customer_churn_youtube_venv/lib/python3.12/site-packages/airflow/example_dags/example_dataset_alias_with_no_taskflow.py
[2025-03-26T17:14:47.904+0000] {processor.py:925} INFO - DAG(s) 'dataset_alias_example_alias_producer_with_no_taskflow', 'dataset_s3_bucket_consumer_with_no_taskflow', 'dataset_alias_example_alias_consumer_with_no_taskflow', 'dataset_s3_bucket_producer_with_no_taskflow' retrieved from /home/ubuntu/customer_churn_youtube_venv/lib/python3.12/site-packages/airflow/example_dags/example_dataset_alias_with_no_taskflow.py
[2025-03-26T17:14:47.921+0000] {logging_mixin.py:190} INFO - [2025-03-26T17:14:47.920+0000] {dag.py:3239} INFO - Sync 4 DAGs
[2025-03-26T17:14:47.937+0000] {logging_mixin.py:190} INFO - [2025-03-26T17:14:47.937+0000] {dag.py:4180} INFO - Setting next_dagrun for dataset_alias_example_alias_consumer_with_no_taskflow to None, run_after=None
[2025-03-26T17:14:47.940+0000] {logging_mixin.py:190} INFO - [2025-03-26T17:14:47.940+0000] {dag.py:4180} INFO - Setting next_dagrun for dataset_alias_example_alias_producer_with_no_taskflow to None, run_after=None
[2025-03-26T17:14:47.940+0000] {logging_mixin.py:190} INFO - [2025-03-26T17:14:47.940+0000] {dag.py:4180} INFO - Setting next_dagrun for dataset_s3_bucket_consumer_with_no_taskflow to None, run_after=None
[2025-03-26T17:14:47.941+0000] {logging_mixin.py:190} INFO - [2025-03-26T17:14:47.941+0000] {dag.py:4180} INFO - Setting next_dagrun for dataset_s3_bucket_producer_with_no_taskflow to None, run_after=None
[2025-03-26T17:14:47.967+0000] {processor.py:208} INFO - Processing /home/ubuntu/customer_churn_youtube_venv/lib/python3.12/site-packages/airflow/example_dags/example_dataset_alias_with_no_taskflow.py took 0.179 seconds
[2025-03-26T17:15:46.464+0000] {processor.py:186} INFO - Started process (PID=6411) to work on /home/ubuntu/customer_churn_youtube_venv/lib/python3.12/site-packages/airflow/example_dags/example_dataset_alias_with_no_taskflow.py
[2025-03-26T17:15:46.467+0000] {processor.py:914} INFO - Processing file /home/ubuntu/customer_churn_youtube_venv/lib/python3.12/site-packages/airflow/example_dags/example_dataset_alias_with_no_taskflow.py for tasks to queue
[2025-03-26T17:15:46.469+0000] {logging_mixin.py:190} INFO - [2025-03-26T17:15:46.468+0000] {dagbag.py:588} INFO - Filling up the DagBag from /home/ubuntu/customer_churn_youtube_venv/lib/python3.12/site-packages/airflow/example_dags/example_dataset_alias_with_no_taskflow.py
[2025-03-26T17:15:46.577+0000] {processor.py:925} INFO - DAG(s) 'dataset_s3_bucket_consumer_with_no_taskflow', 'dataset_alias_example_alias_consumer_with_no_taskflow', 'dataset_s3_bucket_producer_with_no_taskflow', 'dataset_alias_example_alias_producer_with_no_taskflow' retrieved from /home/ubuntu/customer_churn_youtube_venv/lib/python3.12/site-packages/airflow/example_dags/example_dataset_alias_with_no_taskflow.py
[2025-03-26T17:15:46.593+0000] {logging_mixin.py:190} INFO - [2025-03-26T17:15:46.593+0000] {dag.py:3239} INFO - Sync 4 DAGs
[2025-03-26T17:15:46.611+0000] {logging_mixin.py:190} INFO - [2025-03-26T17:15:46.611+0000] {dag.py:4180} INFO - Setting next_dagrun for dataset_alias_example_alias_consumer_with_no_taskflow to None, run_after=None
[2025-03-26T17:15:46.613+0000] {logging_mixin.py:190} INFO - [2025-03-26T17:15:46.613+0000] {dag.py:4180} INFO - Setting next_dagrun for dataset_alias_example_alias_producer_with_no_taskflow to None, run_after=None
[2025-03-26T17:15:46.614+0000] {logging_mixin.py:190} INFO - [2025-03-26T17:15:46.614+0000] {dag.py:4180} INFO - Setting next_dagrun for dataset_s3_bucket_consumer_with_no_taskflow to None, run_after=None
[2025-03-26T17:15:46.614+0000] {logging_mixin.py:190} INFO - [2025-03-26T17:15:46.614+0000] {dag.py:4180} INFO - Setting next_dagrun for dataset_s3_bucket_producer_with_no_taskflow to None, run_after=None
[2025-03-26T17:15:46.640+0000] {processor.py:208} INFO - Processing /home/ubuntu/customer_churn_youtube_venv/lib/python3.12/site-packages/airflow/example_dags/example_dataset_alias_with_no_taskflow.py took 0.180 seconds
[2025-03-26T17:16:44.346+0000] {processor.py:186} INFO - Started process (PID=6468) to work on /home/ubuntu/customer_churn_youtube_venv/lib/python3.12/site-packages/airflow/example_dags/example_dataset_alias_with_no_taskflow.py
[2025-03-26T17:16:44.349+0000] {processor.py:914} INFO - Processing file /home/ubuntu/customer_churn_youtube_venv/lib/python3.12/site-packages/airflow/example_dags/example_dataset_alias_with_no_taskflow.py for tasks to queue
[2025-03-26T17:16:44.351+0000] {logging_mixin.py:190} INFO - [2025-03-26T17:16:44.350+0000] {dagbag.py:588} INFO - Filling up the DagBag from /home/ubuntu/customer_churn_youtube_venv/lib/python3.12/site-packages/airflow/example_dags/example_dataset_alias_with_no_taskflow.py
[2025-03-26T17:16:44.584+0000] {processor.py:925} INFO - DAG(s) 'dataset_alias_example_alias_producer_with_no_taskflow', 'dataset_alias_example_alias_consumer_with_no_taskflow', 'dataset_s3_bucket_consumer_with_no_taskflow', 'dataset_s3_bucket_producer_with_no_taskflow' retrieved from /home/ubuntu/customer_churn_youtube_venv/lib/python3.12/site-packages/airflow/example_dags/example_dataset_alias_with_no_taskflow.py
[2025-03-26T17:16:44.600+0000] {logging_mixin.py:190} INFO - [2025-03-26T17:16:44.600+0000] {dag.py:3239} INFO - Sync 4 DAGs
[2025-03-26T17:16:44.616+0000] {logging_mixin.py:190} INFO - [2025-03-26T17:16:44.616+0000] {dag.py:4180} INFO - Setting next_dagrun for dataset_alias_example_alias_consumer_with_no_taskflow to None, run_after=None
[2025-03-26T17:16:44.617+0000] {logging_mixin.py:190} INFO - [2025-03-26T17:16:44.617+0000] {dag.py:4180} INFO - Setting next_dagrun for dataset_alias_example_alias_producer_with_no_taskflow to None, run_after=None
[2025-03-26T17:16:44.618+0000] {logging_mixin.py:190} INFO - [2025-03-26T17:16:44.618+0000] {dag.py:4180} INFO - Setting next_dagrun for dataset_s3_bucket_consumer_with_no_taskflow to None, run_after=None
[2025-03-26T17:16:44.620+0000] {logging_mixin.py:190} INFO - [2025-03-26T17:16:44.619+0000] {dag.py:4180} INFO - Setting next_dagrun for dataset_s3_bucket_producer_with_no_taskflow to None, run_after=None
[2025-03-26T17:16:44.642+0000] {processor.py:208} INFO - Processing /home/ubuntu/customer_churn_youtube_venv/lib/python3.12/site-packages/airflow/example_dags/example_dataset_alias_with_no_taskflow.py took 0.301 seconds
[2025-03-26T17:17:39.634+0000] {processor.py:186} INFO - Started process (PID=6530) to work on /home/ubuntu/customer_churn_youtube_venv/lib/python3.12/site-packages/airflow/example_dags/example_dataset_alias_with_no_taskflow.py
[2025-03-26T17:17:39.635+0000] {processor.py:914} INFO - Processing file /home/ubuntu/customer_churn_youtube_venv/lib/python3.12/site-packages/airflow/example_dags/example_dataset_alias_with_no_taskflow.py for tasks to queue
[2025-03-26T17:17:39.637+0000] {logging_mixin.py:190} INFO - [2025-03-26T17:17:39.637+0000] {dagbag.py:588} INFO - Filling up the DagBag from /home/ubuntu/customer_churn_youtube_venv/lib/python3.12/site-packages/airflow/example_dags/example_dataset_alias_with_no_taskflow.py
[2025-03-26T17:17:39.866+0000] {processor.py:925} INFO - DAG(s) 'dataset_s3_bucket_producer_with_no_taskflow', 'dataset_alias_example_alias_producer_with_no_taskflow', 'dataset_alias_example_alias_consumer_with_no_taskflow', 'dataset_s3_bucket_consumer_with_no_taskflow' retrieved from /home/ubuntu/customer_churn_youtube_venv/lib/python3.12/site-packages/airflow/example_dags/example_dataset_alias_with_no_taskflow.py
[2025-03-26T17:17:39.884+0000] {logging_mixin.py:190} INFO - [2025-03-26T17:17:39.884+0000] {dag.py:3239} INFO - Sync 4 DAGs
[2025-03-26T17:17:39.899+0000] {logging_mixin.py:190} INFO - [2025-03-26T17:17:39.899+0000] {dag.py:4180} INFO - Setting next_dagrun for dataset_alias_example_alias_consumer_with_no_taskflow to None, run_after=None
[2025-03-26T17:17:39.901+0000] {logging_mixin.py:190} INFO - [2025-03-26T17:17:39.901+0000] {dag.py:4180} INFO - Setting next_dagrun for dataset_alias_example_alias_producer_with_no_taskflow to None, run_after=None
[2025-03-26T17:17:39.902+0000] {logging_mixin.py:190} INFO - [2025-03-26T17:17:39.902+0000] {dag.py:4180} INFO - Setting next_dagrun for dataset_s3_bucket_consumer_with_no_taskflow to None, run_after=None
[2025-03-26T17:17:39.902+0000] {logging_mixin.py:190} INFO - [2025-03-26T17:17:39.902+0000] {dag.py:4180} INFO - Setting next_dagrun for dataset_s3_bucket_producer_with_no_taskflow to None, run_after=None
[2025-03-26T17:17:39.924+0000] {processor.py:208} INFO - Processing /home/ubuntu/customer_churn_youtube_venv/lib/python3.12/site-packages/airflow/example_dags/example_dataset_alias_with_no_taskflow.py took 0.296 seconds
[2025-03-26T17:18:30.755+0000] {processor.py:186} INFO - Started process (PID=6582) to work on /home/ubuntu/customer_churn_youtube_venv/lib/python3.12/site-packages/airflow/example_dags/example_dataset_alias_with_no_taskflow.py
[2025-03-26T17:18:30.756+0000] {processor.py:914} INFO - Processing file /home/ubuntu/customer_churn_youtube_venv/lib/python3.12/site-packages/airflow/example_dags/example_dataset_alias_with_no_taskflow.py for tasks to queue
[2025-03-26T17:18:30.758+0000] {logging_mixin.py:190} INFO - [2025-03-26T17:18:30.758+0000] {dagbag.py:588} INFO - Filling up the DagBag from /home/ubuntu/customer_churn_youtube_venv/lib/python3.12/site-packages/airflow/example_dags/example_dataset_alias_with_no_taskflow.py
[2025-03-26T17:18:30.985+0000] {processor.py:925} INFO - DAG(s) 'dataset_s3_bucket_consumer_with_no_taskflow', 'dataset_alias_example_alias_consumer_with_no_taskflow', 'dataset_s3_bucket_producer_with_no_taskflow', 'dataset_alias_example_alias_producer_with_no_taskflow' retrieved from /home/ubuntu/customer_churn_youtube_venv/lib/python3.12/site-packages/airflow/example_dags/example_dataset_alias_with_no_taskflow.py
[2025-03-26T17:18:31.002+0000] {logging_mixin.py:190} INFO - [2025-03-26T17:18:31.002+0000] {dag.py:3239} INFO - Sync 4 DAGs
[2025-03-26T17:18:31.020+0000] {logging_mixin.py:190} INFO - [2025-03-26T17:18:31.020+0000] {dag.py:4180} INFO - Setting next_dagrun for dataset_alias_example_alias_consumer_with_no_taskflow to None, run_after=None
[2025-03-26T17:18:31.022+0000] {logging_mixin.py:190} INFO - [2025-03-26T17:18:31.022+0000] {dag.py:4180} INFO - Setting next_dagrun for dataset_alias_example_alias_producer_with_no_taskflow to None, run_after=None
[2025-03-26T17:18:31.022+0000] {logging_mixin.py:190} INFO - [2025-03-26T17:18:31.022+0000] {dag.py:4180} INFO - Setting next_dagrun for dataset_s3_bucket_consumer_with_no_taskflow to None, run_after=None
[2025-03-26T17:18:31.023+0000] {logging_mixin.py:190} INFO - [2025-03-26T17:18:31.023+0000] {dag.py:4180} INFO - Setting next_dagrun for dataset_s3_bucket_producer_with_no_taskflow to None, run_after=None
[2025-03-26T17:18:31.045+0000] {processor.py:208} INFO - Processing /home/ubuntu/customer_churn_youtube_venv/lib/python3.12/site-packages/airflow/example_dags/example_dataset_alias_with_no_taskflow.py took 0.296 seconds
[2025-03-26T17:19:25.570+0000] {processor.py:186} INFO - Started process (PID=6636) to work on /home/ubuntu/customer_churn_youtube_venv/lib/python3.12/site-packages/airflow/example_dags/example_dataset_alias_with_no_taskflow.py
[2025-03-26T17:19:25.571+0000] {processor.py:914} INFO - Processing file /home/ubuntu/customer_churn_youtube_venv/lib/python3.12/site-packages/airflow/example_dags/example_dataset_alias_with_no_taskflow.py for tasks to queue
[2025-03-26T17:19:25.573+0000] {logging_mixin.py:190} INFO - [2025-03-26T17:19:25.573+0000] {dagbag.py:588} INFO - Filling up the DagBag from /home/ubuntu/customer_churn_youtube_venv/lib/python3.12/site-packages/airflow/example_dags/example_dataset_alias_with_no_taskflow.py
[2025-03-26T17:19:25.799+0000] {processor.py:925} INFO - DAG(s) 'dataset_alias_example_alias_producer_with_no_taskflow', 'dataset_s3_bucket_producer_with_no_taskflow', 'dataset_s3_bucket_consumer_with_no_taskflow', 'dataset_alias_example_alias_consumer_with_no_taskflow' retrieved from /home/ubuntu/customer_churn_youtube_venv/lib/python3.12/site-packages/airflow/example_dags/example_dataset_alias_with_no_taskflow.py
[2025-03-26T17:19:25.814+0000] {logging_mixin.py:190} INFO - [2025-03-26T17:19:25.814+0000] {dag.py:3239} INFO - Sync 4 DAGs
[2025-03-26T17:19:25.832+0000] {logging_mixin.py:190} INFO - [2025-03-26T17:19:25.832+0000] {dag.py:4180} INFO - Setting next_dagrun for dataset_alias_example_alias_consumer_with_no_taskflow to None, run_after=None
[2025-03-26T17:19:25.834+0000] {logging_mixin.py:190} INFO - [2025-03-26T17:19:25.834+0000] {dag.py:4180} INFO - Setting next_dagrun for dataset_alias_example_alias_producer_with_no_taskflow to None, run_after=None
[2025-03-26T17:19:25.835+0000] {logging_mixin.py:190} INFO - [2025-03-26T17:19:25.834+0000] {dag.py:4180} INFO - Setting next_dagrun for dataset_s3_bucket_consumer_with_no_taskflow to None, run_after=None
[2025-03-26T17:19:25.835+0000] {logging_mixin.py:190} INFO - [2025-03-26T17:19:25.835+0000] {dag.py:4180} INFO - Setting next_dagrun for dataset_s3_bucket_producer_with_no_taskflow to None, run_after=None
[2025-03-26T17:19:25.859+0000] {processor.py:208} INFO - Processing /home/ubuntu/customer_churn_youtube_venv/lib/python3.12/site-packages/airflow/example_dags/example_dataset_alias_with_no_taskflow.py took 0.295 seconds
[2025-03-26T17:20:27.066+0000] {processor.py:186} INFO - Started process (PID=6700) to work on /home/ubuntu/customer_churn_youtube_venv/lib/python3.12/site-packages/airflow/example_dags/example_dataset_alias_with_no_taskflow.py
[2025-03-26T17:20:27.068+0000] {processor.py:914} INFO - Processing file /home/ubuntu/customer_churn_youtube_venv/lib/python3.12/site-packages/airflow/example_dags/example_dataset_alias_with_no_taskflow.py for tasks to queue
[2025-03-26T17:20:27.071+0000] {logging_mixin.py:190} INFO - [2025-03-26T17:20:27.070+0000] {dagbag.py:588} INFO - Filling up the DagBag from /home/ubuntu/customer_churn_youtube_venv/lib/python3.12/site-packages/airflow/example_dags/example_dataset_alias_with_no_taskflow.py
[2025-03-26T17:20:27.185+0000] {processor.py:925} INFO - DAG(s) 'dataset_s3_bucket_consumer_with_no_taskflow', 'dataset_alias_example_alias_consumer_with_no_taskflow', 'dataset_alias_example_alias_producer_with_no_taskflow', 'dataset_s3_bucket_producer_with_no_taskflow' retrieved from /home/ubuntu/customer_churn_youtube_venv/lib/python3.12/site-packages/airflow/example_dags/example_dataset_alias_with_no_taskflow.py
[2025-03-26T17:20:27.202+0000] {logging_mixin.py:190} INFO - [2025-03-26T17:20:27.202+0000] {dag.py:3239} INFO - Sync 4 DAGs
[2025-03-26T17:20:27.219+0000] {logging_mixin.py:190} INFO - [2025-03-26T17:20:27.219+0000] {dag.py:4180} INFO - Setting next_dagrun for dataset_alias_example_alias_consumer_with_no_taskflow to None, run_after=None
[2025-03-26T17:20:27.221+0000] {logging_mixin.py:190} INFO - [2025-03-26T17:20:27.221+0000] {dag.py:4180} INFO - Setting next_dagrun for dataset_alias_example_alias_producer_with_no_taskflow to None, run_after=None
[2025-03-26T17:20:27.222+0000] {logging_mixin.py:190} INFO - [2025-03-26T17:20:27.222+0000] {dag.py:4180} INFO - Setting next_dagrun for dataset_s3_bucket_consumer_with_no_taskflow to None, run_after=None
[2025-03-26T17:20:27.223+0000] {logging_mixin.py:190} INFO - [2025-03-26T17:20:27.222+0000] {dag.py:4180} INFO - Setting next_dagrun for dataset_s3_bucket_producer_with_no_taskflow to None, run_after=None
[2025-03-26T17:20:27.248+0000] {processor.py:208} INFO - Processing /home/ubuntu/customer_churn_youtube_venv/lib/python3.12/site-packages/airflow/example_dags/example_dataset_alias_with_no_taskflow.py took 0.188 seconds
[2025-03-26T17:21:19.782+0000] {processor.py:186} INFO - Started process (PID=6755) to work on /home/ubuntu/customer_churn_youtube_venv/lib/python3.12/site-packages/airflow/example_dags/example_dataset_alias_with_no_taskflow.py
[2025-03-26T17:21:19.784+0000] {processor.py:914} INFO - Processing file /home/ubuntu/customer_churn_youtube_venv/lib/python3.12/site-packages/airflow/example_dags/example_dataset_alias_with_no_taskflow.py for tasks to queue
[2025-03-26T17:21:19.786+0000] {logging_mixin.py:190} INFO - [2025-03-26T17:21:19.786+0000] {dagbag.py:588} INFO - Filling up the DagBag from /home/ubuntu/customer_churn_youtube_venv/lib/python3.12/site-packages/airflow/example_dags/example_dataset_alias_with_no_taskflow.py
[2025-03-26T17:21:19.897+0000] {processor.py:925} INFO - DAG(s) 'dataset_s3_bucket_producer_with_no_taskflow', 'dataset_alias_example_alias_consumer_with_no_taskflow', 'dataset_alias_example_alias_producer_with_no_taskflow', 'dataset_s3_bucket_consumer_with_no_taskflow' retrieved from /home/ubuntu/customer_churn_youtube_venv/lib/python3.12/site-packages/airflow/example_dags/example_dataset_alias_with_no_taskflow.py
[2025-03-26T17:21:19.915+0000] {logging_mixin.py:190} INFO - [2025-03-26T17:21:19.915+0000] {dag.py:3239} INFO - Sync 4 DAGs
[2025-03-26T17:21:19.933+0000] {logging_mixin.py:190} INFO - [2025-03-26T17:21:19.933+0000] {dag.py:4180} INFO - Setting next_dagrun for dataset_alias_example_alias_consumer_with_no_taskflow to None, run_after=None
[2025-03-26T17:21:19.935+0000] {logging_mixin.py:190} INFO - [2025-03-26T17:21:19.934+0000] {dag.py:4180} INFO - Setting next_dagrun for dataset_alias_example_alias_producer_with_no_taskflow to None, run_after=None
[2025-03-26T17:21:19.935+0000] {logging_mixin.py:190} INFO - [2025-03-26T17:21:19.935+0000] {dag.py:4180} INFO - Setting next_dagrun for dataset_s3_bucket_consumer_with_no_taskflow to None, run_after=None
[2025-03-26T17:21:19.936+0000] {logging_mixin.py:190} INFO - [2025-03-26T17:21:19.936+0000] {dag.py:4180} INFO - Setting next_dagrun for dataset_s3_bucket_producer_with_no_taskflow to None, run_after=None
[2025-03-26T17:21:19.960+0000] {processor.py:208} INFO - Processing /home/ubuntu/customer_churn_youtube_venv/lib/python3.12/site-packages/airflow/example_dags/example_dataset_alias_with_no_taskflow.py took 0.183 seconds
[2025-03-26T17:22:11.720+0000] {processor.py:186} INFO - Started process (PID=6809) to work on /home/ubuntu/customer_churn_youtube_venv/lib/python3.12/site-packages/airflow/example_dags/example_dataset_alias_with_no_taskflow.py
[2025-03-26T17:22:11.721+0000] {processor.py:914} INFO - Processing file /home/ubuntu/customer_churn_youtube_venv/lib/python3.12/site-packages/airflow/example_dags/example_dataset_alias_with_no_taskflow.py for tasks to queue
[2025-03-26T17:22:11.724+0000] {logging_mixin.py:190} INFO - [2025-03-26T17:22:11.723+0000] {dagbag.py:588} INFO - Filling up the DagBag from /home/ubuntu/customer_churn_youtube_venv/lib/python3.12/site-packages/airflow/example_dags/example_dataset_alias_with_no_taskflow.py
[2025-03-26T17:22:11.836+0000] {processor.py:925} INFO - DAG(s) 'dataset_alias_example_alias_producer_with_no_taskflow', 'dataset_alias_example_alias_consumer_with_no_taskflow', 'dataset_s3_bucket_consumer_with_no_taskflow', 'dataset_s3_bucket_producer_with_no_taskflow' retrieved from /home/ubuntu/customer_churn_youtube_venv/lib/python3.12/site-packages/airflow/example_dags/example_dataset_alias_with_no_taskflow.py
[2025-03-26T17:22:11.853+0000] {logging_mixin.py:190} INFO - [2025-03-26T17:22:11.853+0000] {dag.py:3239} INFO - Sync 4 DAGs
[2025-03-26T17:22:11.871+0000] {logging_mixin.py:190} INFO - [2025-03-26T17:22:11.871+0000] {dag.py:4180} INFO - Setting next_dagrun for dataset_alias_example_alias_consumer_with_no_taskflow to None, run_after=None
[2025-03-26T17:22:11.873+0000] {logging_mixin.py:190} INFO - [2025-03-26T17:22:11.873+0000] {dag.py:4180} INFO - Setting next_dagrun for dataset_alias_example_alias_producer_with_no_taskflow to None, run_after=None
[2025-03-26T17:22:11.873+0000] {logging_mixin.py:190} INFO - [2025-03-26T17:22:11.873+0000] {dag.py:4180} INFO - Setting next_dagrun for dataset_s3_bucket_consumer_with_no_taskflow to None, run_after=None
[2025-03-26T17:22:11.874+0000] {logging_mixin.py:190} INFO - [2025-03-26T17:22:11.874+0000] {dag.py:4180} INFO - Setting next_dagrun for dataset_s3_bucket_producer_with_no_taskflow to None, run_after=None
[2025-03-26T17:22:11.898+0000] {processor.py:208} INFO - Processing /home/ubuntu/customer_churn_youtube_venv/lib/python3.12/site-packages/airflow/example_dags/example_dataset_alias_with_no_taskflow.py took 0.184 seconds
[2025-03-26T17:23:04.335+0000] {processor.py:186} INFO - Started process (PID=6861) to work on /home/ubuntu/customer_churn_youtube_venv/lib/python3.12/site-packages/airflow/example_dags/example_dataset_alias_with_no_taskflow.py
[2025-03-26T17:23:04.337+0000] {processor.py:914} INFO - Processing file /home/ubuntu/customer_churn_youtube_venv/lib/python3.12/site-packages/airflow/example_dags/example_dataset_alias_with_no_taskflow.py for tasks to queue
[2025-03-26T17:23:04.339+0000] {logging_mixin.py:190} INFO - [2025-03-26T17:23:04.338+0000] {dagbag.py:588} INFO - Filling up the DagBag from /home/ubuntu/customer_churn_youtube_venv/lib/python3.12/site-packages/airflow/example_dags/example_dataset_alias_with_no_taskflow.py
[2025-03-26T17:23:04.450+0000] {processor.py:925} INFO - DAG(s) 'dataset_alias_example_alias_producer_with_no_taskflow', 'dataset_s3_bucket_producer_with_no_taskflow', 'dataset_s3_bucket_consumer_with_no_taskflow', 'dataset_alias_example_alias_consumer_with_no_taskflow' retrieved from /home/ubuntu/customer_churn_youtube_venv/lib/python3.12/site-packages/airflow/example_dags/example_dataset_alias_with_no_taskflow.py
[2025-03-26T17:23:04.468+0000] {logging_mixin.py:190} INFO - [2025-03-26T17:23:04.468+0000] {dag.py:3239} INFO - Sync 4 DAGs
[2025-03-26T17:23:04.487+0000] {logging_mixin.py:190} INFO - [2025-03-26T17:23:04.487+0000] {dag.py:4180} INFO - Setting next_dagrun for dataset_alias_example_alias_consumer_with_no_taskflow to None, run_after=None
[2025-03-26T17:23:04.489+0000] {logging_mixin.py:190} INFO - [2025-03-26T17:23:04.488+0000] {dag.py:4180} INFO - Setting next_dagrun for dataset_alias_example_alias_producer_with_no_taskflow to None, run_after=None
[2025-03-26T17:23:04.489+0000] {logging_mixin.py:190} INFO - [2025-03-26T17:23:04.489+0000] {dag.py:4180} INFO - Setting next_dagrun for dataset_s3_bucket_consumer_with_no_taskflow to None, run_after=None
[2025-03-26T17:23:04.490+0000] {logging_mixin.py:190} INFO - [2025-03-26T17:23:04.490+0000] {dag.py:4180} INFO - Setting next_dagrun for dataset_s3_bucket_producer_with_no_taskflow to None, run_after=None
[2025-03-26T17:23:04.515+0000] {processor.py:208} INFO - Processing /home/ubuntu/customer_churn_youtube_venv/lib/python3.12/site-packages/airflow/example_dags/example_dataset_alias_with_no_taskflow.py took 0.185 seconds
[2025-03-26T17:23:56.671+0000] {processor.py:186} INFO - Started process (PID=6915) to work on /home/ubuntu/customer_churn_youtube_venv/lib/python3.12/site-packages/airflow/example_dags/example_dataset_alias_with_no_taskflow.py
[2025-03-26T17:23:56.673+0000] {processor.py:914} INFO - Processing file /home/ubuntu/customer_churn_youtube_venv/lib/python3.12/site-packages/airflow/example_dags/example_dataset_alias_with_no_taskflow.py for tasks to queue
[2025-03-26T17:23:56.675+0000] {logging_mixin.py:190} INFO - [2025-03-26T17:23:56.675+0000] {dagbag.py:588} INFO - Filling up the DagBag from /home/ubuntu/customer_churn_youtube_venv/lib/python3.12/site-packages/airflow/example_dags/example_dataset_alias_with_no_taskflow.py
[2025-03-26T17:23:56.787+0000] {processor.py:925} INFO - DAG(s) 'dataset_s3_bucket_producer_with_no_taskflow', 'dataset_s3_bucket_consumer_with_no_taskflow', 'dataset_alias_example_alias_producer_with_no_taskflow', 'dataset_alias_example_alias_consumer_with_no_taskflow' retrieved from /home/ubuntu/customer_churn_youtube_venv/lib/python3.12/site-packages/airflow/example_dags/example_dataset_alias_with_no_taskflow.py
[2025-03-26T17:23:56.803+0000] {logging_mixin.py:190} INFO - [2025-03-26T17:23:56.803+0000] {dag.py:3239} INFO - Sync 4 DAGs
[2025-03-26T17:23:56.820+0000] {logging_mixin.py:190} INFO - [2025-03-26T17:23:56.820+0000] {dag.py:4180} INFO - Setting next_dagrun for dataset_alias_example_alias_consumer_with_no_taskflow to None, run_after=None
[2025-03-26T17:23:56.822+0000] {logging_mixin.py:190} INFO - [2025-03-26T17:23:56.821+0000] {dag.py:4180} INFO - Setting next_dagrun for dataset_alias_example_alias_producer_with_no_taskflow to None, run_after=None
[2025-03-26T17:23:56.822+0000] {logging_mixin.py:190} INFO - [2025-03-26T17:23:56.822+0000] {dag.py:4180} INFO - Setting next_dagrun for dataset_s3_bucket_consumer_with_no_taskflow to None, run_after=None
[2025-03-26T17:23:56.824+0000] {logging_mixin.py:190} INFO - [2025-03-26T17:23:56.824+0000] {dag.py:4180} INFO - Setting next_dagrun for dataset_s3_bucket_producer_with_no_taskflow to None, run_after=None
[2025-03-26T17:23:56.848+0000] {processor.py:208} INFO - Processing /home/ubuntu/customer_churn_youtube_venv/lib/python3.12/site-packages/airflow/example_dags/example_dataset_alias_with_no_taskflow.py took 0.182 seconds
[2025-03-26T17:24:48.268+0000] {processor.py:186} INFO - Started process (PID=6968) to work on /home/ubuntu/customer_churn_youtube_venv/lib/python3.12/site-packages/airflow/example_dags/example_dataset_alias_with_no_taskflow.py
[2025-03-26T17:24:48.270+0000] {processor.py:914} INFO - Processing file /home/ubuntu/customer_churn_youtube_venv/lib/python3.12/site-packages/airflow/example_dags/example_dataset_alias_with_no_taskflow.py for tasks to queue
[2025-03-26T17:24:48.272+0000] {logging_mixin.py:190} INFO - [2025-03-26T17:24:48.271+0000] {dagbag.py:588} INFO - Filling up the DagBag from /home/ubuntu/customer_churn_youtube_venv/lib/python3.12/site-packages/airflow/example_dags/example_dataset_alias_with_no_taskflow.py
[2025-03-26T17:24:48.382+0000] {processor.py:925} INFO - DAG(s) 'dataset_alias_example_alias_producer_with_no_taskflow', 'dataset_s3_bucket_consumer_with_no_taskflow', 'dataset_s3_bucket_producer_with_no_taskflow', 'dataset_alias_example_alias_consumer_with_no_taskflow' retrieved from /home/ubuntu/customer_churn_youtube_venv/lib/python3.12/site-packages/airflow/example_dags/example_dataset_alias_with_no_taskflow.py
[2025-03-26T17:24:48.399+0000] {logging_mixin.py:190} INFO - [2025-03-26T17:24:48.399+0000] {dag.py:3239} INFO - Sync 4 DAGs
[2025-03-26T17:24:48.416+0000] {logging_mixin.py:190} INFO - [2025-03-26T17:24:48.415+0000] {dag.py:4180} INFO - Setting next_dagrun for dataset_alias_example_alias_consumer_with_no_taskflow to None, run_after=None
[2025-03-26T17:24:48.417+0000] {logging_mixin.py:190} INFO - [2025-03-26T17:24:48.417+0000] {dag.py:4180} INFO - Setting next_dagrun for dataset_alias_example_alias_producer_with_no_taskflow to None, run_after=None
[2025-03-26T17:24:48.418+0000] {logging_mixin.py:190} INFO - [2025-03-26T17:24:48.418+0000] {dag.py:4180} INFO - Setting next_dagrun for dataset_s3_bucket_consumer_with_no_taskflow to None, run_after=None
[2025-03-26T17:24:48.418+0000] {logging_mixin.py:190} INFO - [2025-03-26T17:24:48.418+0000] {dag.py:4180} INFO - Setting next_dagrun for dataset_s3_bucket_producer_with_no_taskflow to None, run_after=None
[2025-03-26T17:24:48.443+0000] {processor.py:208} INFO - Processing /home/ubuntu/customer_churn_youtube_venv/lib/python3.12/site-packages/airflow/example_dags/example_dataset_alias_with_no_taskflow.py took 0.181 seconds
[2025-03-26T17:25:39.275+0000] {processor.py:186} INFO - Started process (PID=7026) to work on /home/ubuntu/customer_churn_youtube_venv/lib/python3.12/site-packages/airflow/example_dags/example_dataset_alias_with_no_taskflow.py
[2025-03-26T17:25:39.277+0000] {processor.py:914} INFO - Processing file /home/ubuntu/customer_churn_youtube_venv/lib/python3.12/site-packages/airflow/example_dags/example_dataset_alias_with_no_taskflow.py for tasks to queue
[2025-03-26T17:25:39.279+0000] {logging_mixin.py:190} INFO - [2025-03-26T17:25:39.278+0000] {dagbag.py:588} INFO - Filling up the DagBag from /home/ubuntu/customer_churn_youtube_venv/lib/python3.12/site-packages/airflow/example_dags/example_dataset_alias_with_no_taskflow.py
[2025-03-26T17:25:39.392+0000] {processor.py:925} INFO - DAG(s) 'dataset_s3_bucket_producer_with_no_taskflow', 'dataset_s3_bucket_consumer_with_no_taskflow', 'dataset_alias_example_alias_producer_with_no_taskflow', 'dataset_alias_example_alias_consumer_with_no_taskflow' retrieved from /home/ubuntu/customer_churn_youtube_venv/lib/python3.12/site-packages/airflow/example_dags/example_dataset_alias_with_no_taskflow.py
[2025-03-26T17:25:39.409+0000] {logging_mixin.py:190} INFO - [2025-03-26T17:25:39.409+0000] {dag.py:3239} INFO - Sync 4 DAGs
[2025-03-26T17:25:39.428+0000] {logging_mixin.py:190} INFO - [2025-03-26T17:25:39.428+0000] {dag.py:4180} INFO - Setting next_dagrun for dataset_alias_example_alias_consumer_with_no_taskflow to None, run_after=None
[2025-03-26T17:25:39.431+0000] {logging_mixin.py:190} INFO - [2025-03-26T17:25:39.431+0000] {dag.py:4180} INFO - Setting next_dagrun for dataset_alias_example_alias_producer_with_no_taskflow to None, run_after=None
[2025-03-26T17:25:39.432+0000] {logging_mixin.py:190} INFO - [2025-03-26T17:25:39.432+0000] {dag.py:4180} INFO - Setting next_dagrun for dataset_s3_bucket_consumer_with_no_taskflow to None, run_after=None
[2025-03-26T17:25:39.432+0000] {logging_mixin.py:190} INFO - [2025-03-26T17:25:39.432+0000] {dag.py:4180} INFO - Setting next_dagrun for dataset_s3_bucket_producer_with_no_taskflow to None, run_after=None
[2025-03-26T17:25:39.455+0000] {processor.py:208} INFO - Processing /home/ubuntu/customer_churn_youtube_venv/lib/python3.12/site-packages/airflow/example_dags/example_dataset_alias_with_no_taskflow.py took 0.186 seconds
[2025-03-26T17:26:28.095+0000] {processor.py:186} INFO - Started process (PID=7077) to work on /home/ubuntu/customer_churn_youtube_venv/lib/python3.12/site-packages/airflow/example_dags/example_dataset_alias_with_no_taskflow.py
[2025-03-26T17:26:28.097+0000] {processor.py:914} INFO - Processing file /home/ubuntu/customer_churn_youtube_venv/lib/python3.12/site-packages/airflow/example_dags/example_dataset_alias_with_no_taskflow.py for tasks to queue
[2025-03-26T17:26:28.099+0000] {logging_mixin.py:190} INFO - [2025-03-26T17:26:28.098+0000] {dagbag.py:588} INFO - Filling up the DagBag from /home/ubuntu/customer_churn_youtube_venv/lib/python3.12/site-packages/airflow/example_dags/example_dataset_alias_with_no_taskflow.py
[2025-03-26T17:26:28.206+0000] {processor.py:925} INFO - DAG(s) 'dataset_alias_example_alias_consumer_with_no_taskflow', 'dataset_alias_example_alias_producer_with_no_taskflow', 'dataset_s3_bucket_producer_with_no_taskflow', 'dataset_s3_bucket_consumer_with_no_taskflow' retrieved from /home/ubuntu/customer_churn_youtube_venv/lib/python3.12/site-packages/airflow/example_dags/example_dataset_alias_with_no_taskflow.py
[2025-03-26T17:26:28.223+0000] {logging_mixin.py:190} INFO - [2025-03-26T17:26:28.223+0000] {dag.py:3239} INFO - Sync 4 DAGs
[2025-03-26T17:26:28.240+0000] {logging_mixin.py:190} INFO - [2025-03-26T17:26:28.240+0000] {dag.py:4180} INFO - Setting next_dagrun for dataset_alias_example_alias_consumer_with_no_taskflow to None, run_after=None
[2025-03-26T17:26:28.241+0000] {logging_mixin.py:190} INFO - [2025-03-26T17:26:28.241+0000] {dag.py:4180} INFO - Setting next_dagrun for dataset_alias_example_alias_producer_with_no_taskflow to None, run_after=None
[2025-03-26T17:26:28.243+0000] {logging_mixin.py:190} INFO - [2025-03-26T17:26:28.243+0000] {dag.py:4180} INFO - Setting next_dagrun for dataset_s3_bucket_consumer_with_no_taskflow to None, run_after=None
[2025-03-26T17:26:28.244+0000] {logging_mixin.py:190} INFO - [2025-03-26T17:26:28.243+0000] {dag.py:4180} INFO - Setting next_dagrun for dataset_s3_bucket_producer_with_no_taskflow to None, run_after=None
[2025-03-26T17:26:28.268+0000] {processor.py:208} INFO - Processing /home/ubuntu/customer_churn_youtube_venv/lib/python3.12/site-packages/airflow/example_dags/example_dataset_alias_with_no_taskflow.py took 0.178 seconds
[2025-03-26T17:27:18.894+0000] {processor.py:186} INFO - Started process (PID=7130) to work on /home/ubuntu/customer_churn_youtube_venv/lib/python3.12/site-packages/airflow/example_dags/example_dataset_alias_with_no_taskflow.py
[2025-03-26T17:27:18.896+0000] {processor.py:914} INFO - Processing file /home/ubuntu/customer_churn_youtube_venv/lib/python3.12/site-packages/airflow/example_dags/example_dataset_alias_with_no_taskflow.py for tasks to queue
[2025-03-26T17:27:18.899+0000] {logging_mixin.py:190} INFO - [2025-03-26T17:27:18.899+0000] {dagbag.py:588} INFO - Filling up the DagBag from /home/ubuntu/customer_churn_youtube_venv/lib/python3.12/site-packages/airflow/example_dags/example_dataset_alias_with_no_taskflow.py
[2025-03-26T17:27:19.010+0000] {processor.py:925} INFO - DAG(s) 'dataset_s3_bucket_consumer_with_no_taskflow', 'dataset_alias_example_alias_producer_with_no_taskflow', 'dataset_s3_bucket_producer_with_no_taskflow', 'dataset_alias_example_alias_consumer_with_no_taskflow' retrieved from /home/ubuntu/customer_churn_youtube_venv/lib/python3.12/site-packages/airflow/example_dags/example_dataset_alias_with_no_taskflow.py
[2025-03-26T17:27:19.030+0000] {logging_mixin.py:190} INFO - [2025-03-26T17:27:19.030+0000] {dag.py:3239} INFO - Sync 4 DAGs
[2025-03-26T17:27:19.047+0000] {logging_mixin.py:190} INFO - [2025-03-26T17:27:19.047+0000] {dag.py:4180} INFO - Setting next_dagrun for dataset_alias_example_alias_consumer_with_no_taskflow to None, run_after=None
[2025-03-26T17:27:19.049+0000] {logging_mixin.py:190} INFO - [2025-03-26T17:27:19.049+0000] {dag.py:4180} INFO - Setting next_dagrun for dataset_alias_example_alias_producer_with_no_taskflow to None, run_after=None
[2025-03-26T17:27:19.051+0000] {logging_mixin.py:190} INFO - [2025-03-26T17:27:19.050+0000] {dag.py:4180} INFO - Setting next_dagrun for dataset_s3_bucket_consumer_with_no_taskflow to None, run_after=None
[2025-03-26T17:27:19.051+0000] {logging_mixin.py:190} INFO - [2025-03-26T17:27:19.051+0000] {dag.py:4180} INFO - Setting next_dagrun for dataset_s3_bucket_producer_with_no_taskflow to None, run_after=None
[2025-03-26T17:27:19.076+0000] {processor.py:208} INFO - Processing /home/ubuntu/customer_churn_youtube_venv/lib/python3.12/site-packages/airflow/example_dags/example_dataset_alias_with_no_taskflow.py took 0.187 seconds
[2025-03-26T17:28:09.230+0000] {processor.py:186} INFO - Started process (PID=7228) to work on /home/ubuntu/customer_churn_youtube_venv/lib/python3.12/site-packages/airflow/example_dags/example_dataset_alias_with_no_taskflow.py
[2025-03-26T17:28:09.232+0000] {processor.py:914} INFO - Processing file /home/ubuntu/customer_churn_youtube_venv/lib/python3.12/site-packages/airflow/example_dags/example_dataset_alias_with_no_taskflow.py for tasks to queue
[2025-03-26T17:28:09.233+0000] {logging_mixin.py:190} INFO - [2025-03-26T17:28:09.233+0000] {dagbag.py:588} INFO - Filling up the DagBag from /home/ubuntu/customer_churn_youtube_venv/lib/python3.12/site-packages/airflow/example_dags/example_dataset_alias_with_no_taskflow.py
[2025-03-26T17:28:09.345+0000] {processor.py:925} INFO - DAG(s) 'dataset_alias_example_alias_consumer_with_no_taskflow', 'dataset_s3_bucket_producer_with_no_taskflow', 'dataset_s3_bucket_consumer_with_no_taskflow', 'dataset_alias_example_alias_producer_with_no_taskflow' retrieved from /home/ubuntu/customer_churn_youtube_venv/lib/python3.12/site-packages/airflow/example_dags/example_dataset_alias_with_no_taskflow.py
[2025-03-26T17:28:09.362+0000] {logging_mixin.py:190} INFO - [2025-03-26T17:28:09.362+0000] {dag.py:3239} INFO - Sync 4 DAGs
[2025-03-26T17:28:09.381+0000] {logging_mixin.py:190} INFO - [2025-03-26T17:28:09.381+0000] {dag.py:4180} INFO - Setting next_dagrun for dataset_alias_example_alias_consumer_with_no_taskflow to None, run_after=None
[2025-03-26T17:28:09.383+0000] {logging_mixin.py:190} INFO - [2025-03-26T17:28:09.383+0000] {dag.py:4180} INFO - Setting next_dagrun for dataset_alias_example_alias_producer_with_no_taskflow to None, run_after=None
[2025-03-26T17:28:09.385+0000] {logging_mixin.py:190} INFO - [2025-03-26T17:28:09.384+0000] {dag.py:4180} INFO - Setting next_dagrun for dataset_s3_bucket_consumer_with_no_taskflow to None, run_after=None
[2025-03-26T17:28:09.385+0000] {logging_mixin.py:190} INFO - [2025-03-26T17:28:09.385+0000] {dag.py:4180} INFO - Setting next_dagrun for dataset_s3_bucket_producer_with_no_taskflow to None, run_after=None
[2025-03-26T17:28:09.409+0000] {processor.py:208} INFO - Processing /home/ubuntu/customer_churn_youtube_venv/lib/python3.12/site-packages/airflow/example_dags/example_dataset_alias_with_no_taskflow.py took 0.184 seconds
[2025-03-26T17:29:00.867+0000] {processor.py:186} INFO - Started process (PID=7281) to work on /home/ubuntu/customer_churn_youtube_venv/lib/python3.12/site-packages/airflow/example_dags/example_dataset_alias_with_no_taskflow.py
[2025-03-26T17:29:00.869+0000] {processor.py:914} INFO - Processing file /home/ubuntu/customer_churn_youtube_venv/lib/python3.12/site-packages/airflow/example_dags/example_dataset_alias_with_no_taskflow.py for tasks to queue
[2025-03-26T17:29:00.871+0000] {logging_mixin.py:190} INFO - [2025-03-26T17:29:00.871+0000] {dagbag.py:588} INFO - Filling up the DagBag from /home/ubuntu/customer_churn_youtube_venv/lib/python3.12/site-packages/airflow/example_dags/example_dataset_alias_with_no_taskflow.py
[2025-03-26T17:29:00.981+0000] {processor.py:925} INFO - DAG(s) 'dataset_s3_bucket_producer_with_no_taskflow', 'dataset_s3_bucket_consumer_with_no_taskflow', 'dataset_alias_example_alias_producer_with_no_taskflow', 'dataset_alias_example_alias_consumer_with_no_taskflow' retrieved from /home/ubuntu/customer_churn_youtube_venv/lib/python3.12/site-packages/airflow/example_dags/example_dataset_alias_with_no_taskflow.py
[2025-03-26T17:29:00.998+0000] {logging_mixin.py:190} INFO - [2025-03-26T17:29:00.998+0000] {dag.py:3239} INFO - Sync 4 DAGs
[2025-03-26T17:29:01.018+0000] {logging_mixin.py:190} INFO - [2025-03-26T17:29:01.018+0000] {dag.py:4180} INFO - Setting next_dagrun for dataset_alias_example_alias_consumer_with_no_taskflow to None, run_after=None
[2025-03-26T17:29:01.019+0000] {logging_mixin.py:190} INFO - [2025-03-26T17:29:01.019+0000] {dag.py:4180} INFO - Setting next_dagrun for dataset_alias_example_alias_producer_with_no_taskflow to None, run_after=None
[2025-03-26T17:29:01.021+0000] {logging_mixin.py:190} INFO - [2025-03-26T17:29:01.021+0000] {dag.py:4180} INFO - Setting next_dagrun for dataset_s3_bucket_consumer_with_no_taskflow to None, run_after=None
[2025-03-26T17:29:01.021+0000] {logging_mixin.py:190} INFO - [2025-03-26T17:29:01.021+0000] {dag.py:4180} INFO - Setting next_dagrun for dataset_s3_bucket_producer_with_no_taskflow to None, run_after=None
[2025-03-26T17:29:01.047+0000] {processor.py:208} INFO - Processing /home/ubuntu/customer_churn_youtube_venv/lib/python3.12/site-packages/airflow/example_dags/example_dataset_alias_with_no_taskflow.py took 0.185 seconds
[2025-03-26T17:29:50.796+0000] {processor.py:186} INFO - Started process (PID=7334) to work on /home/ubuntu/customer_churn_youtube_venv/lib/python3.12/site-packages/airflow/example_dags/example_dataset_alias_with_no_taskflow.py
[2025-03-26T17:29:50.799+0000] {processor.py:914} INFO - Processing file /home/ubuntu/customer_churn_youtube_venv/lib/python3.12/site-packages/airflow/example_dags/example_dataset_alias_with_no_taskflow.py for tasks to queue
[2025-03-26T17:29:50.801+0000] {logging_mixin.py:190} INFO - [2025-03-26T17:29:50.801+0000] {dagbag.py:588} INFO - Filling up the DagBag from /home/ubuntu/customer_churn_youtube_venv/lib/python3.12/site-packages/airflow/example_dags/example_dataset_alias_with_no_taskflow.py
[2025-03-26T17:29:50.914+0000] {processor.py:925} INFO - DAG(s) 'dataset_alias_example_alias_producer_with_no_taskflow', 'dataset_s3_bucket_consumer_with_no_taskflow', 'dataset_s3_bucket_producer_with_no_taskflow', 'dataset_alias_example_alias_consumer_with_no_taskflow' retrieved from /home/ubuntu/customer_churn_youtube_venv/lib/python3.12/site-packages/airflow/example_dags/example_dataset_alias_with_no_taskflow.py
[2025-03-26T17:29:50.932+0000] {logging_mixin.py:190} INFO - [2025-03-26T17:29:50.932+0000] {dag.py:3239} INFO - Sync 4 DAGs
[2025-03-26T17:29:50.950+0000] {logging_mixin.py:190} INFO - [2025-03-26T17:29:50.950+0000] {dag.py:4180} INFO - Setting next_dagrun for dataset_alias_example_alias_consumer_with_no_taskflow to None, run_after=None
[2025-03-26T17:29:50.952+0000] {logging_mixin.py:190} INFO - [2025-03-26T17:29:50.952+0000] {dag.py:4180} INFO - Setting next_dagrun for dataset_alias_example_alias_producer_with_no_taskflow to None, run_after=None
[2025-03-26T17:29:50.953+0000] {logging_mixin.py:190} INFO - [2025-03-26T17:29:50.953+0000] {dag.py:4180} INFO - Setting next_dagrun for dataset_s3_bucket_consumer_with_no_taskflow to None, run_after=None
[2025-03-26T17:29:50.954+0000] {logging_mixin.py:190} INFO - [2025-03-26T17:29:50.954+0000] {dag.py:4180} INFO - Setting next_dagrun for dataset_s3_bucket_producer_with_no_taskflow to None, run_after=None
[2025-03-26T17:29:50.976+0000] {processor.py:208} INFO - Processing /home/ubuntu/customer_churn_youtube_venv/lib/python3.12/site-packages/airflow/example_dags/example_dataset_alias_with_no_taskflow.py took 0.185 seconds
[2025-03-26T17:30:40.285+0000] {processor.py:186} INFO - Started process (PID=7390) to work on /home/ubuntu/customer_churn_youtube_venv/lib/python3.12/site-packages/airflow/example_dags/example_dataset_alias_with_no_taskflow.py
[2025-03-26T17:30:40.286+0000] {processor.py:914} INFO - Processing file /home/ubuntu/customer_churn_youtube_venv/lib/python3.12/site-packages/airflow/example_dags/example_dataset_alias_with_no_taskflow.py for tasks to queue
[2025-03-26T17:30:40.288+0000] {logging_mixin.py:190} INFO - [2025-03-26T17:30:40.288+0000] {dagbag.py:588} INFO - Filling up the DagBag from /home/ubuntu/customer_churn_youtube_venv/lib/python3.12/site-packages/airflow/example_dags/example_dataset_alias_with_no_taskflow.py
[2025-03-26T17:30:40.399+0000] {processor.py:925} INFO - DAG(s) 'dataset_s3_bucket_consumer_with_no_taskflow', 'dataset_alias_example_alias_producer_with_no_taskflow', 'dataset_s3_bucket_producer_with_no_taskflow', 'dataset_alias_example_alias_consumer_with_no_taskflow' retrieved from /home/ubuntu/customer_churn_youtube_venv/lib/python3.12/site-packages/airflow/example_dags/example_dataset_alias_with_no_taskflow.py
[2025-03-26T17:30:40.418+0000] {logging_mixin.py:190} INFO - [2025-03-26T17:30:40.418+0000] {dag.py:3239} INFO - Sync 4 DAGs
[2025-03-26T17:30:40.436+0000] {logging_mixin.py:190} INFO - [2025-03-26T17:30:40.435+0000] {dag.py:4180} INFO - Setting next_dagrun for dataset_alias_example_alias_consumer_with_no_taskflow to None, run_after=None
[2025-03-26T17:30:40.438+0000] {logging_mixin.py:190} INFO - [2025-03-26T17:30:40.437+0000] {dag.py:4180} INFO - Setting next_dagrun for dataset_alias_example_alias_producer_with_no_taskflow to None, run_after=None
[2025-03-26T17:30:40.439+0000] {logging_mixin.py:190} INFO - [2025-03-26T17:30:40.438+0000] {dag.py:4180} INFO - Setting next_dagrun for dataset_s3_bucket_consumer_with_no_taskflow to None, run_after=None
[2025-03-26T17:30:40.439+0000] {logging_mixin.py:190} INFO - [2025-03-26T17:30:40.439+0000] {dag.py:4180} INFO - Setting next_dagrun for dataset_s3_bucket_producer_with_no_taskflow to None, run_after=None
[2025-03-26T17:30:40.465+0000] {processor.py:208} INFO - Processing /home/ubuntu/customer_churn_youtube_venv/lib/python3.12/site-packages/airflow/example_dags/example_dataset_alias_with_no_taskflow.py took 0.186 seconds
[2025-03-26T17:31:30.473+0000] {processor.py:186} INFO - Started process (PID=7442) to work on /home/ubuntu/customer_churn_youtube_venv/lib/python3.12/site-packages/airflow/example_dags/example_dataset_alias_with_no_taskflow.py
[2025-03-26T17:31:30.474+0000] {processor.py:914} INFO - Processing file /home/ubuntu/customer_churn_youtube_venv/lib/python3.12/site-packages/airflow/example_dags/example_dataset_alias_with_no_taskflow.py for tasks to queue
[2025-03-26T17:31:30.477+0000] {logging_mixin.py:190} INFO - [2025-03-26T17:31:30.476+0000] {dagbag.py:588} INFO - Filling up the DagBag from /home/ubuntu/customer_churn_youtube_venv/lib/python3.12/site-packages/airflow/example_dags/example_dataset_alias_with_no_taskflow.py
[2025-03-26T17:31:30.584+0000] {processor.py:925} INFO - DAG(s) 'dataset_s3_bucket_consumer_with_no_taskflow', 'dataset_alias_example_alias_producer_with_no_taskflow', 'dataset_s3_bucket_producer_with_no_taskflow', 'dataset_alias_example_alias_consumer_with_no_taskflow' retrieved from /home/ubuntu/customer_churn_youtube_venv/lib/python3.12/site-packages/airflow/example_dags/example_dataset_alias_with_no_taskflow.py
[2025-03-26T17:31:30.600+0000] {logging_mixin.py:190} INFO - [2025-03-26T17:31:30.600+0000] {dag.py:3239} INFO - Sync 4 DAGs
[2025-03-26T17:31:30.620+0000] {logging_mixin.py:190} INFO - [2025-03-26T17:31:30.620+0000] {dag.py:4180} INFO - Setting next_dagrun for dataset_alias_example_alias_consumer_with_no_taskflow to None, run_after=None
[2025-03-26T17:31:30.622+0000] {logging_mixin.py:190} INFO - [2025-03-26T17:31:30.622+0000] {dag.py:4180} INFO - Setting next_dagrun for dataset_alias_example_alias_producer_with_no_taskflow to None, run_after=None
[2025-03-26T17:31:30.622+0000] {logging_mixin.py:190} INFO - [2025-03-26T17:31:30.622+0000] {dag.py:4180} INFO - Setting next_dagrun for dataset_s3_bucket_consumer_with_no_taskflow to None, run_after=None
[2025-03-26T17:31:30.623+0000] {logging_mixin.py:190} INFO - [2025-03-26T17:31:30.623+0000] {dag.py:4180} INFO - Setting next_dagrun for dataset_s3_bucket_producer_with_no_taskflow to None, run_after=None
[2025-03-26T17:31:30.646+0000] {processor.py:208} INFO - Processing /home/ubuntu/customer_churn_youtube_venv/lib/python3.12/site-packages/airflow/example_dags/example_dataset_alias_with_no_taskflow.py took 0.179 seconds
[2025-03-26T17:32:22.104+0000] {processor.py:186} INFO - Started process (PID=7535) to work on /home/ubuntu/customer_churn_youtube_venv/lib/python3.12/site-packages/airflow/example_dags/example_dataset_alias_with_no_taskflow.py
[2025-03-26T17:32:22.106+0000] {processor.py:914} INFO - Processing file /home/ubuntu/customer_churn_youtube_venv/lib/python3.12/site-packages/airflow/example_dags/example_dataset_alias_with_no_taskflow.py for tasks to queue
[2025-03-26T17:32:22.108+0000] {logging_mixin.py:190} INFO - [2025-03-26T17:32:22.107+0000] {dagbag.py:588} INFO - Filling up the DagBag from /home/ubuntu/customer_churn_youtube_venv/lib/python3.12/site-packages/airflow/example_dags/example_dataset_alias_with_no_taskflow.py
[2025-03-26T17:32:22.217+0000] {processor.py:925} INFO - DAG(s) 'dataset_s3_bucket_producer_with_no_taskflow', 'dataset_alias_example_alias_consumer_with_no_taskflow', 'dataset_alias_example_alias_producer_with_no_taskflow', 'dataset_s3_bucket_consumer_with_no_taskflow' retrieved from /home/ubuntu/customer_churn_youtube_venv/lib/python3.12/site-packages/airflow/example_dags/example_dataset_alias_with_no_taskflow.py
[2025-03-26T17:32:22.234+0000] {logging_mixin.py:190} INFO - [2025-03-26T17:32:22.233+0000] {dag.py:3239} INFO - Sync 4 DAGs
[2025-03-26T17:32:22.251+0000] {logging_mixin.py:190} INFO - [2025-03-26T17:32:22.250+0000] {dag.py:4180} INFO - Setting next_dagrun for dataset_alias_example_alias_consumer_with_no_taskflow to None, run_after=None
[2025-03-26T17:32:22.253+0000] {logging_mixin.py:190} INFO - [2025-03-26T17:32:22.253+0000] {dag.py:4180} INFO - Setting next_dagrun for dataset_alias_example_alias_producer_with_no_taskflow to None, run_after=None
[2025-03-26T17:32:22.254+0000] {logging_mixin.py:190} INFO - [2025-03-26T17:32:22.254+0000] {dag.py:4180} INFO - Setting next_dagrun for dataset_s3_bucket_consumer_with_no_taskflow to None, run_after=None
[2025-03-26T17:32:22.255+0000] {logging_mixin.py:190} INFO - [2025-03-26T17:32:22.254+0000] {dag.py:4180} INFO - Setting next_dagrun for dataset_s3_bucket_producer_with_no_taskflow to None, run_after=None
[2025-03-26T17:32:22.278+0000] {processor.py:208} INFO - Processing /home/ubuntu/customer_churn_youtube_venv/lib/python3.12/site-packages/airflow/example_dags/example_dataset_alias_with_no_taskflow.py took 0.180 seconds
[2025-03-26T17:33:13.664+0000] {processor.py:186} INFO - Started process (PID=7589) to work on /home/ubuntu/customer_churn_youtube_venv/lib/python3.12/site-packages/airflow/example_dags/example_dataset_alias_with_no_taskflow.py
[2025-03-26T17:33:13.665+0000] {processor.py:914} INFO - Processing file /home/ubuntu/customer_churn_youtube_venv/lib/python3.12/site-packages/airflow/example_dags/example_dataset_alias_with_no_taskflow.py for tasks to queue
[2025-03-26T17:33:13.667+0000] {logging_mixin.py:190} INFO - [2025-03-26T17:33:13.667+0000] {dagbag.py:588} INFO - Filling up the DagBag from /home/ubuntu/customer_churn_youtube_venv/lib/python3.12/site-packages/airflow/example_dags/example_dataset_alias_with_no_taskflow.py
[2025-03-26T17:33:13.777+0000] {processor.py:925} INFO - DAG(s) 'dataset_s3_bucket_consumer_with_no_taskflow', 'dataset_alias_example_alias_producer_with_no_taskflow', 'dataset_s3_bucket_producer_with_no_taskflow', 'dataset_alias_example_alias_consumer_with_no_taskflow' retrieved from /home/ubuntu/customer_churn_youtube_venv/lib/python3.12/site-packages/airflow/example_dags/example_dataset_alias_with_no_taskflow.py
[2025-03-26T17:33:13.796+0000] {logging_mixin.py:190} INFO - [2025-03-26T17:33:13.796+0000] {dag.py:3239} INFO - Sync 4 DAGs
[2025-03-26T17:33:13.815+0000] {logging_mixin.py:190} INFO - [2025-03-26T17:33:13.814+0000] {dag.py:4180} INFO - Setting next_dagrun for dataset_alias_example_alias_consumer_with_no_taskflow to None, run_after=None
[2025-03-26T17:33:13.816+0000] {logging_mixin.py:190} INFO - [2025-03-26T17:33:13.816+0000] {dag.py:4180} INFO - Setting next_dagrun for dataset_alias_example_alias_producer_with_no_taskflow to None, run_after=None
[2025-03-26T17:33:13.818+0000] {logging_mixin.py:190} INFO - [2025-03-26T17:33:13.817+0000] {dag.py:4180} INFO - Setting next_dagrun for dataset_s3_bucket_consumer_with_no_taskflow to None, run_after=None
[2025-03-26T17:33:13.818+0000] {logging_mixin.py:190} INFO - [2025-03-26T17:33:13.818+0000] {dag.py:4180} INFO - Setting next_dagrun for dataset_s3_bucket_producer_with_no_taskflow to None, run_after=None
[2025-03-26T17:33:13.841+0000] {processor.py:208} INFO - Processing /home/ubuntu/customer_churn_youtube_venv/lib/python3.12/site-packages/airflow/example_dags/example_dataset_alias_with_no_taskflow.py took 0.182 seconds
[2025-03-26T17:34:05.286+0000] {processor.py:186} INFO - Started process (PID=7640) to work on /home/ubuntu/customer_churn_youtube_venv/lib/python3.12/site-packages/airflow/example_dags/example_dataset_alias_with_no_taskflow.py
[2025-03-26T17:34:05.287+0000] {processor.py:914} INFO - Processing file /home/ubuntu/customer_churn_youtube_venv/lib/python3.12/site-packages/airflow/example_dags/example_dataset_alias_with_no_taskflow.py for tasks to queue
[2025-03-26T17:34:05.289+0000] {logging_mixin.py:190} INFO - [2025-03-26T17:34:05.289+0000] {dagbag.py:588} INFO - Filling up the DagBag from /home/ubuntu/customer_churn_youtube_venv/lib/python3.12/site-packages/airflow/example_dags/example_dataset_alias_with_no_taskflow.py
[2025-03-26T17:34:05.400+0000] {processor.py:925} INFO - DAG(s) 'dataset_alias_example_alias_consumer_with_no_taskflow', 'dataset_s3_bucket_consumer_with_no_taskflow', 'dataset_s3_bucket_producer_with_no_taskflow', 'dataset_alias_example_alias_producer_with_no_taskflow' retrieved from /home/ubuntu/customer_churn_youtube_venv/lib/python3.12/site-packages/airflow/example_dags/example_dataset_alias_with_no_taskflow.py
[2025-03-26T17:34:05.419+0000] {logging_mixin.py:190} INFO - [2025-03-26T17:34:05.418+0000] {dag.py:3239} INFO - Sync 4 DAGs
[2025-03-26T17:34:05.438+0000] {logging_mixin.py:190} INFO - [2025-03-26T17:34:05.438+0000] {dag.py:4180} INFO - Setting next_dagrun for dataset_alias_example_alias_consumer_with_no_taskflow to None, run_after=None
[2025-03-26T17:34:05.440+0000] {logging_mixin.py:190} INFO - [2025-03-26T17:34:05.440+0000] {dag.py:4180} INFO - Setting next_dagrun for dataset_alias_example_alias_producer_with_no_taskflow to None, run_after=None
[2025-03-26T17:34:05.441+0000] {logging_mixin.py:190} INFO - [2025-03-26T17:34:05.441+0000] {dag.py:4180} INFO - Setting next_dagrun for dataset_s3_bucket_consumer_with_no_taskflow to None, run_after=None
[2025-03-26T17:34:05.442+0000] {logging_mixin.py:190} INFO - [2025-03-26T17:34:05.442+0000] {dag.py:4180} INFO - Setting next_dagrun for dataset_s3_bucket_producer_with_no_taskflow to None, run_after=None
[2025-03-26T17:34:05.466+0000] {processor.py:208} INFO - Processing /home/ubuntu/customer_churn_youtube_venv/lib/python3.12/site-packages/airflow/example_dags/example_dataset_alias_with_no_taskflow.py took 0.186 seconds
[2025-03-26T17:34:56.976+0000] {processor.py:186} INFO - Started process (PID=7695) to work on /home/ubuntu/customer_churn_youtube_venv/lib/python3.12/site-packages/airflow/example_dags/example_dataset_alias_with_no_taskflow.py
[2025-03-26T17:34:56.978+0000] {processor.py:914} INFO - Processing file /home/ubuntu/customer_churn_youtube_venv/lib/python3.12/site-packages/airflow/example_dags/example_dataset_alias_with_no_taskflow.py for tasks to queue
[2025-03-26T17:34:56.980+0000] {logging_mixin.py:190} INFO - [2025-03-26T17:34:56.979+0000] {dagbag.py:588} INFO - Filling up the DagBag from /home/ubuntu/customer_churn_youtube_venv/lib/python3.12/site-packages/airflow/example_dags/example_dataset_alias_with_no_taskflow.py
[2025-03-26T17:34:57.091+0000] {processor.py:925} INFO - DAG(s) 'dataset_s3_bucket_producer_with_no_taskflow', 'dataset_alias_example_alias_producer_with_no_taskflow', 'dataset_alias_example_alias_consumer_with_no_taskflow', 'dataset_s3_bucket_consumer_with_no_taskflow' retrieved from /home/ubuntu/customer_churn_youtube_venv/lib/python3.12/site-packages/airflow/example_dags/example_dataset_alias_with_no_taskflow.py
[2025-03-26T17:34:57.108+0000] {logging_mixin.py:190} INFO - [2025-03-26T17:34:57.108+0000] {dag.py:3239} INFO - Sync 4 DAGs
[2025-03-26T17:34:57.125+0000] {logging_mixin.py:190} INFO - [2025-03-26T17:34:57.125+0000] {dag.py:4180} INFO - Setting next_dagrun for dataset_alias_example_alias_consumer_with_no_taskflow to None, run_after=None
[2025-03-26T17:34:57.128+0000] {logging_mixin.py:190} INFO - [2025-03-26T17:34:57.127+0000] {dag.py:4180} INFO - Setting next_dagrun for dataset_alias_example_alias_producer_with_no_taskflow to None, run_after=None
[2025-03-26T17:34:57.128+0000] {logging_mixin.py:190} INFO - [2025-03-26T17:34:57.128+0000] {dag.py:4180} INFO - Setting next_dagrun for dataset_s3_bucket_consumer_with_no_taskflow to None, run_after=None
[2025-03-26T17:34:57.129+0000] {logging_mixin.py:190} INFO - [2025-03-26T17:34:57.129+0000] {dag.py:4180} INFO - Setting next_dagrun for dataset_s3_bucket_producer_with_no_taskflow to None, run_after=None
[2025-03-26T17:34:57.152+0000] {processor.py:208} INFO - Processing /home/ubuntu/customer_churn_youtube_venv/lib/python3.12/site-packages/airflow/example_dags/example_dataset_alias_with_no_taskflow.py took 0.182 seconds
[2025-03-26T17:35:50.454+0000] {processor.py:186} INFO - Started process (PID=7755) to work on /home/ubuntu/customer_churn_youtube_venv/lib/python3.12/site-packages/airflow/example_dags/example_dataset_alias_with_no_taskflow.py
[2025-03-26T17:35:50.456+0000] {processor.py:914} INFO - Processing file /home/ubuntu/customer_churn_youtube_venv/lib/python3.12/site-packages/airflow/example_dags/example_dataset_alias_with_no_taskflow.py for tasks to queue
[2025-03-26T17:35:50.458+0000] {logging_mixin.py:190} INFO - [2025-03-26T17:35:50.458+0000] {dagbag.py:588} INFO - Filling up the DagBag from /home/ubuntu/customer_churn_youtube_venv/lib/python3.12/site-packages/airflow/example_dags/example_dataset_alias_with_no_taskflow.py
[2025-03-26T17:35:50.566+0000] {processor.py:925} INFO - DAG(s) 'dataset_s3_bucket_consumer_with_no_taskflow', 'dataset_alias_example_alias_consumer_with_no_taskflow', 'dataset_s3_bucket_producer_with_no_taskflow', 'dataset_alias_example_alias_producer_with_no_taskflow' retrieved from /home/ubuntu/customer_churn_youtube_venv/lib/python3.12/site-packages/airflow/example_dags/example_dataset_alias_with_no_taskflow.py
[2025-03-26T17:35:50.585+0000] {logging_mixin.py:190} INFO - [2025-03-26T17:35:50.584+0000] {dag.py:3239} INFO - Sync 4 DAGs
[2025-03-26T17:35:50.602+0000] {logging_mixin.py:190} INFO - [2025-03-26T17:35:50.602+0000] {dag.py:4180} INFO - Setting next_dagrun for dataset_alias_example_alias_consumer_with_no_taskflow to None, run_after=None
[2025-03-26T17:35:50.604+0000] {logging_mixin.py:190} INFO - [2025-03-26T17:35:50.604+0000] {dag.py:4180} INFO - Setting next_dagrun for dataset_alias_example_alias_producer_with_no_taskflow to None, run_after=None
[2025-03-26T17:35:50.605+0000] {logging_mixin.py:190} INFO - [2025-03-26T17:35:50.605+0000] {dag.py:4180} INFO - Setting next_dagrun for dataset_s3_bucket_consumer_with_no_taskflow to None, run_after=None
[2025-03-26T17:35:50.606+0000] {logging_mixin.py:190} INFO - [2025-03-26T17:35:50.606+0000] {dag.py:4180} INFO - Setting next_dagrun for dataset_s3_bucket_producer_with_no_taskflow to None, run_after=None
[2025-03-26T17:35:50.629+0000] {processor.py:208} INFO - Processing /home/ubuntu/customer_churn_youtube_venv/lib/python3.12/site-packages/airflow/example_dags/example_dataset_alias_with_no_taskflow.py took 0.181 seconds
[2025-03-26T17:36:43.083+0000] {processor.py:186} INFO - Started process (PID=7811) to work on /home/ubuntu/customer_churn_youtube_venv/lib/python3.12/site-packages/airflow/example_dags/example_dataset_alias_with_no_taskflow.py
[2025-03-26T17:36:43.085+0000] {processor.py:914} INFO - Processing file /home/ubuntu/customer_churn_youtube_venv/lib/python3.12/site-packages/airflow/example_dags/example_dataset_alias_with_no_taskflow.py for tasks to queue
[2025-03-26T17:36:43.087+0000] {logging_mixin.py:190} INFO - [2025-03-26T17:36:43.086+0000] {dagbag.py:588} INFO - Filling up the DagBag from /home/ubuntu/customer_churn_youtube_venv/lib/python3.12/site-packages/airflow/example_dags/example_dataset_alias_with_no_taskflow.py
[2025-03-26T17:36:43.196+0000] {processor.py:925} INFO - DAG(s) 'dataset_alias_example_alias_consumer_with_no_taskflow', 'dataset_s3_bucket_producer_with_no_taskflow', 'dataset_alias_example_alias_producer_with_no_taskflow', 'dataset_s3_bucket_consumer_with_no_taskflow' retrieved from /home/ubuntu/customer_churn_youtube_venv/lib/python3.12/site-packages/airflow/example_dags/example_dataset_alias_with_no_taskflow.py
[2025-03-26T17:36:43.213+0000] {logging_mixin.py:190} INFO - [2025-03-26T17:36:43.213+0000] {dag.py:3239} INFO - Sync 4 DAGs
[2025-03-26T17:36:43.232+0000] {logging_mixin.py:190} INFO - [2025-03-26T17:36:43.231+0000] {dag.py:4180} INFO - Setting next_dagrun for dataset_alias_example_alias_consumer_with_no_taskflow to None, run_after=None
[2025-03-26T17:36:43.234+0000] {logging_mixin.py:190} INFO - [2025-03-26T17:36:43.233+0000] {dag.py:4180} INFO - Setting next_dagrun for dataset_alias_example_alias_producer_with_no_taskflow to None, run_after=None
[2025-03-26T17:36:43.235+0000] {logging_mixin.py:190} INFO - [2025-03-26T17:36:43.235+0000] {dag.py:4180} INFO - Setting next_dagrun for dataset_s3_bucket_consumer_with_no_taskflow to None, run_after=None
[2025-03-26T17:36:43.235+0000] {logging_mixin.py:190} INFO - [2025-03-26T17:36:43.235+0000] {dag.py:4180} INFO - Setting next_dagrun for dataset_s3_bucket_producer_with_no_taskflow to None, run_after=None
[2025-03-26T17:36:43.259+0000] {processor.py:208} INFO - Processing /home/ubuntu/customer_churn_youtube_venv/lib/python3.12/site-packages/airflow/example_dags/example_dataset_alias_with_no_taskflow.py took 0.183 seconds
