[2025-03-26T17:13:58.902+0000] {processor.py:186} INFO - Started process (PID=6299) to work on /home/ubuntu/customer_churn_youtube_venv/lib/python3.12/site-packages/airflow/example_dags/example_dataset_alias.py
[2025-03-26T17:13:58.903+0000] {processor.py:914} INFO - Processing file /home/ubuntu/customer_churn_youtube_venv/lib/python3.12/site-packages/airflow/example_dags/example_dataset_alias.py for tasks to queue
[2025-03-26T17:13:58.904+0000] {logging_mixin.py:190} INFO - [2025-03-26T17:13:58.904+0000] {dagbag.py:588} INFO - Filling up the DagBag from /home/ubuntu/customer_churn_youtube_venv/lib/python3.12/site-packages/airflow/example_dags/example_dataset_alias.py
[2025-03-26T17:13:59.008+0000] {processor.py:925} INFO - DAG(s) 'dataset_alias_example_alias_consumer', 'dataset_alias_example_alias_producer', 'dataset_s3_bucket_producer', 'dataset_s3_bucket_consumer' retrieved from /home/ubuntu/customer_churn_youtube_venv/lib/python3.12/site-packages/airflow/example_dags/example_dataset_alias.py
[2025-03-26T17:13:59.102+0000] {logging_mixin.py:190} INFO - [2025-03-26T17:13:59.101+0000] {override.py:1930} INFO - Created Permission View: can edit on DAG:dataset_alias_example_alias_consumer
[2025-03-26T17:13:59.115+0000] {logging_mixin.py:190} INFO - [2025-03-26T17:13:59.114+0000] {override.py:1930} INFO - Created Permission View: can read on DAG:dataset_alias_example_alias_consumer
[2025-03-26T17:13:59.124+0000] {logging_mixin.py:190} INFO - [2025-03-26T17:13:59.124+0000] {override.py:1930} INFO - Created Permission View: can delete on DAG:dataset_alias_example_alias_consumer
[2025-03-26T17:13:59.142+0000] {logging_mixin.py:190} INFO - [2025-03-26T17:13:59.142+0000] {override.py:1930} INFO - Created Permission View: menu access on DAG Run:dataset_alias_example_alias_consumer
[2025-03-26T17:13:59.154+0000] {logging_mixin.py:190} INFO - [2025-03-26T17:13:59.153+0000] {override.py:1930} INFO - Created Permission View: can create on DAG Run:dataset_alias_example_alias_consumer
[2025-03-26T17:13:59.164+0000] {logging_mixin.py:190} INFO - [2025-03-26T17:13:59.164+0000] {override.py:1930} INFO - Created Permission View: can delete on DAG Run:dataset_alias_example_alias_consumer
[2025-03-26T17:13:59.176+0000] {logging_mixin.py:190} INFO - [2025-03-26T17:13:59.176+0000] {override.py:1930} INFO - Created Permission View: can read on DAG Run:dataset_alias_example_alias_consumer
[2025-03-26T17:13:59.204+0000] {logging_mixin.py:190} INFO - [2025-03-26T17:13:59.204+0000] {override.py:1930} INFO - Created Permission View: can edit on DAG:dataset_alias_example_alias_producer
[2025-03-26T17:13:59.216+0000] {logging_mixin.py:190} INFO - [2025-03-26T17:13:59.215+0000] {override.py:1930} INFO - Created Permission View: can read on DAG:dataset_alias_example_alias_producer
[2025-03-26T17:13:59.225+0000] {logging_mixin.py:190} INFO - [2025-03-26T17:13:59.225+0000] {override.py:1930} INFO - Created Permission View: can delete on DAG:dataset_alias_example_alias_producer
[2025-03-26T17:13:59.243+0000] {logging_mixin.py:190} INFO - [2025-03-26T17:13:59.242+0000] {override.py:1930} INFO - Created Permission View: menu access on DAG Run:dataset_alias_example_alias_producer
[2025-03-26T17:13:59.252+0000] {logging_mixin.py:190} INFO - [2025-03-26T17:13:59.252+0000] {override.py:1930} INFO - Created Permission View: can create on DAG Run:dataset_alias_example_alias_producer
[2025-03-26T17:13:59.263+0000] {logging_mixin.py:190} INFO - [2025-03-26T17:13:59.263+0000] {override.py:1930} INFO - Created Permission View: can delete on DAG Run:dataset_alias_example_alias_producer
[2025-03-26T17:13:59.274+0000] {logging_mixin.py:190} INFO - [2025-03-26T17:13:59.273+0000] {override.py:1930} INFO - Created Permission View: can read on DAG Run:dataset_alias_example_alias_producer
[2025-03-26T17:13:59.295+0000] {logging_mixin.py:190} INFO - [2025-03-26T17:13:59.295+0000] {override.py:1930} INFO - Created Permission View: can edit on DAG:dataset_s3_bucket_producer
[2025-03-26T17:13:59.306+0000] {logging_mixin.py:190} INFO - [2025-03-26T17:13:59.306+0000] {override.py:1930} INFO - Created Permission View: can read on DAG:dataset_s3_bucket_producer
[2025-03-26T17:13:59.315+0000] {logging_mixin.py:190} INFO - [2025-03-26T17:13:59.315+0000] {override.py:1930} INFO - Created Permission View: can delete on DAG:dataset_s3_bucket_producer
[2025-03-26T17:13:59.334+0000] {logging_mixin.py:190} INFO - [2025-03-26T17:13:59.334+0000] {override.py:1930} INFO - Created Permission View: menu access on DAG Run:dataset_s3_bucket_producer
[2025-03-26T17:13:59.344+0000] {logging_mixin.py:190} INFO - [2025-03-26T17:13:59.344+0000] {override.py:1930} INFO - Created Permission View: can create on DAG Run:dataset_s3_bucket_producer
[2025-03-26T17:13:59.353+0000] {logging_mixin.py:190} INFO - [2025-03-26T17:13:59.353+0000] {override.py:1930} INFO - Created Permission View: can delete on DAG Run:dataset_s3_bucket_producer
[2025-03-26T17:13:59.364+0000] {logging_mixin.py:190} INFO - [2025-03-26T17:13:59.363+0000] {override.py:1930} INFO - Created Permission View: can read on DAG Run:dataset_s3_bucket_producer
[2025-03-26T17:13:59.388+0000] {logging_mixin.py:190} INFO - [2025-03-26T17:13:59.388+0000] {override.py:1930} INFO - Created Permission View: can edit on DAG:dataset_s3_bucket_consumer
[2025-03-26T17:13:59.399+0000] {logging_mixin.py:190} INFO - [2025-03-26T17:13:59.398+0000] {override.py:1930} INFO - Created Permission View: can read on DAG:dataset_s3_bucket_consumer
[2025-03-26T17:13:59.410+0000] {logging_mixin.py:190} INFO - [2025-03-26T17:13:59.409+0000] {override.py:1930} INFO - Created Permission View: can delete on DAG:dataset_s3_bucket_consumer
[2025-03-26T17:13:59.427+0000] {logging_mixin.py:190} INFO - [2025-03-26T17:13:59.427+0000] {override.py:1930} INFO - Created Permission View: menu access on DAG Run:dataset_s3_bucket_consumer
[2025-03-26T17:13:59.438+0000] {logging_mixin.py:190} INFO - [2025-03-26T17:13:59.437+0000] {override.py:1930} INFO - Created Permission View: can create on DAG Run:dataset_s3_bucket_consumer
[2025-03-26T17:13:59.450+0000] {logging_mixin.py:190} INFO - [2025-03-26T17:13:59.450+0000] {override.py:1930} INFO - Created Permission View: can delete on DAG Run:dataset_s3_bucket_consumer
[2025-03-26T17:13:59.459+0000] {logging_mixin.py:190} INFO - [2025-03-26T17:13:59.459+0000] {override.py:1930} INFO - Created Permission View: can read on DAG Run:dataset_s3_bucket_consumer
[2025-03-26T17:13:59.459+0000] {logging_mixin.py:190} INFO - [2025-03-26T17:13:59.459+0000] {dag.py:3239} INFO - Sync 4 DAGs
[2025-03-26T17:13:59.469+0000] {logging_mixin.py:190} INFO - [2025-03-26T17:13:59.469+0000] {dag.py:3262} INFO - Creating ORM DAG for dataset_s3_bucket_consumer
[2025-03-26T17:13:59.470+0000] {logging_mixin.py:190} INFO - [2025-03-26T17:13:59.469+0000] {dag.py:3262} INFO - Creating ORM DAG for dataset_alias_example_alias_consumer
[2025-03-26T17:13:59.470+0000] {logging_mixin.py:190} INFO - [2025-03-26T17:13:59.470+0000] {dag.py:3262} INFO - Creating ORM DAG for dataset_alias_example_alias_producer
[2025-03-26T17:13:59.471+0000] {logging_mixin.py:190} INFO - [2025-03-26T17:13:59.471+0000] {dag.py:3262} INFO - Creating ORM DAG for dataset_s3_bucket_producer
[2025-03-26T17:13:59.478+0000] {logging_mixin.py:190} INFO - [2025-03-26T17:13:59.477+0000] {dag.py:4180} INFO - Setting next_dagrun for dataset_alias_example_alias_consumer to None, run_after=None
[2025-03-26T17:13:59.478+0000] {logging_mixin.py:190} INFO - [2025-03-26T17:13:59.478+0000] {dag.py:4180} INFO - Setting next_dagrun for dataset_alias_example_alias_producer to None, run_after=None
[2025-03-26T17:13:59.478+0000] {logging_mixin.py:190} INFO - [2025-03-26T17:13:59.478+0000] {dag.py:4180} INFO - Setting next_dagrun for dataset_s3_bucket_consumer to None, run_after=None
[2025-03-26T17:13:59.479+0000] {logging_mixin.py:190} INFO - [2025-03-26T17:13:59.479+0000] {dag.py:4180} INFO - Setting next_dagrun for dataset_s3_bucket_producer to None, run_after=None
[2025-03-26T17:13:59.506+0000] {processor.py:208} INFO - Processing /home/ubuntu/customer_churn_youtube_venv/lib/python3.12/site-packages/airflow/example_dags/example_dataset_alias.py took 0.609 seconds
[2025-03-26T17:15:03.547+0000] {processor.py:186} INFO - Started process (PID=6366) to work on /home/ubuntu/customer_churn_youtube_venv/lib/python3.12/site-packages/airflow/example_dags/example_dataset_alias.py
[2025-03-26T17:15:03.549+0000] {processor.py:914} INFO - Processing file /home/ubuntu/customer_churn_youtube_venv/lib/python3.12/site-packages/airflow/example_dags/example_dataset_alias.py for tasks to queue
[2025-03-26T17:15:03.550+0000] {logging_mixin.py:190} INFO - [2025-03-26T17:15:03.550+0000] {dagbag.py:588} INFO - Filling up the DagBag from /home/ubuntu/customer_churn_youtube_venv/lib/python3.12/site-packages/airflow/example_dags/example_dataset_alias.py
[2025-03-26T17:15:03.661+0000] {processor.py:925} INFO - DAG(s) 'dataset_s3_bucket_consumer', 'dataset_s3_bucket_producer', 'dataset_alias_example_alias_consumer', 'dataset_alias_example_alias_producer' retrieved from /home/ubuntu/customer_churn_youtube_venv/lib/python3.12/site-packages/airflow/example_dags/example_dataset_alias.py
[2025-03-26T17:15:03.679+0000] {logging_mixin.py:190} INFO - [2025-03-26T17:15:03.679+0000] {dag.py:3239} INFO - Sync 4 DAGs
[2025-03-26T17:15:03.698+0000] {logging_mixin.py:190} INFO - [2025-03-26T17:15:03.698+0000] {dag.py:4180} INFO - Setting next_dagrun for dataset_alias_example_alias_consumer to None, run_after=None
[2025-03-26T17:15:03.700+0000] {logging_mixin.py:190} INFO - [2025-03-26T17:15:03.700+0000] {dag.py:4180} INFO - Setting next_dagrun for dataset_alias_example_alias_producer to None, run_after=None
[2025-03-26T17:15:03.700+0000] {logging_mixin.py:190} INFO - [2025-03-26T17:15:03.700+0000] {dag.py:4180} INFO - Setting next_dagrun for dataset_s3_bucket_consumer to None, run_after=None
[2025-03-26T17:15:03.702+0000] {logging_mixin.py:190} INFO - [2025-03-26T17:15:03.702+0000] {dag.py:4180} INFO - Setting next_dagrun for dataset_s3_bucket_producer to None, run_after=None
[2025-03-26T17:15:03.727+0000] {processor.py:208} INFO - Processing /home/ubuntu/customer_churn_youtube_venv/lib/python3.12/site-packages/airflow/example_dags/example_dataset_alias.py took 0.185 seconds
[2025-03-26T17:15:59.145+0000] {processor.py:186} INFO - Started process (PID=6423) to work on /home/ubuntu/customer_churn_youtube_venv/lib/python3.12/site-packages/airflow/example_dags/example_dataset_alias.py
[2025-03-26T17:15:59.147+0000] {processor.py:914} INFO - Processing file /home/ubuntu/customer_churn_youtube_venv/lib/python3.12/site-packages/airflow/example_dags/example_dataset_alias.py for tasks to queue
[2025-03-26T17:15:59.149+0000] {logging_mixin.py:190} INFO - [2025-03-26T17:15:59.149+0000] {dagbag.py:588} INFO - Filling up the DagBag from /home/ubuntu/customer_churn_youtube_venv/lib/python3.12/site-packages/airflow/example_dags/example_dataset_alias.py
[2025-03-26T17:15:59.256+0000] {processor.py:925} INFO - DAG(s) 'dataset_s3_bucket_producer', 'dataset_alias_example_alias_producer', 'dataset_alias_example_alias_consumer', 'dataset_s3_bucket_consumer' retrieved from /home/ubuntu/customer_churn_youtube_venv/lib/python3.12/site-packages/airflow/example_dags/example_dataset_alias.py
[2025-03-26T17:15:59.273+0000] {logging_mixin.py:190} INFO - [2025-03-26T17:15:59.273+0000] {dag.py:3239} INFO - Sync 4 DAGs
[2025-03-26T17:15:59.291+0000] {logging_mixin.py:190} INFO - [2025-03-26T17:15:59.291+0000] {dag.py:4180} INFO - Setting next_dagrun for dataset_alias_example_alias_consumer to None, run_after=None
[2025-03-26T17:15:59.294+0000] {logging_mixin.py:190} INFO - [2025-03-26T17:15:59.293+0000] {dag.py:4180} INFO - Setting next_dagrun for dataset_alias_example_alias_producer to None, run_after=None
[2025-03-26T17:15:59.294+0000] {logging_mixin.py:190} INFO - [2025-03-26T17:15:59.294+0000] {dag.py:4180} INFO - Setting next_dagrun for dataset_s3_bucket_consumer to None, run_after=None
[2025-03-26T17:15:59.295+0000] {logging_mixin.py:190} INFO - [2025-03-26T17:15:59.295+0000] {dag.py:4180} INFO - Setting next_dagrun for dataset_s3_bucket_producer to None, run_after=None
[2025-03-26T17:15:59.448+0000] {processor.py:208} INFO - Processing /home/ubuntu/customer_churn_youtube_venv/lib/python3.12/site-packages/airflow/example_dags/example_dataset_alias.py took 0.309 seconds
[2025-03-26T17:16:57.259+0000] {processor.py:186} INFO - Started process (PID=6480) to work on /home/ubuntu/customer_churn_youtube_venv/lib/python3.12/site-packages/airflow/example_dags/example_dataset_alias.py
[2025-03-26T17:16:57.260+0000] {processor.py:914} INFO - Processing file /home/ubuntu/customer_churn_youtube_venv/lib/python3.12/site-packages/airflow/example_dags/example_dataset_alias.py for tasks to queue
[2025-03-26T17:16:57.262+0000] {logging_mixin.py:190} INFO - [2025-03-26T17:16:57.262+0000] {dagbag.py:588} INFO - Filling up the DagBag from /home/ubuntu/customer_churn_youtube_venv/lib/python3.12/site-packages/airflow/example_dags/example_dataset_alias.py
[2025-03-26T17:16:57.489+0000] {processor.py:925} INFO - DAG(s) 'dataset_alias_example_alias_consumer', 'dataset_s3_bucket_producer', 'dataset_s3_bucket_consumer', 'dataset_alias_example_alias_producer' retrieved from /home/ubuntu/customer_churn_youtube_venv/lib/python3.12/site-packages/airflow/example_dags/example_dataset_alias.py
[2025-03-26T17:16:57.504+0000] {logging_mixin.py:190} INFO - [2025-03-26T17:16:57.503+0000] {dag.py:3239} INFO - Sync 4 DAGs
[2025-03-26T17:16:57.519+0000] {logging_mixin.py:190} INFO - [2025-03-26T17:16:57.519+0000] {dag.py:4180} INFO - Setting next_dagrun for dataset_alias_example_alias_consumer to None, run_after=None
[2025-03-26T17:16:57.521+0000] {logging_mixin.py:190} INFO - [2025-03-26T17:16:57.520+0000] {dag.py:4180} INFO - Setting next_dagrun for dataset_alias_example_alias_producer to None, run_after=None
[2025-03-26T17:16:57.522+0000] {logging_mixin.py:190} INFO - [2025-03-26T17:16:57.522+0000] {dag.py:4180} INFO - Setting next_dagrun for dataset_s3_bucket_consumer to None, run_after=None
[2025-03-26T17:16:57.523+0000] {logging_mixin.py:190} INFO - [2025-03-26T17:16:57.523+0000] {dag.py:4180} INFO - Setting next_dagrun for dataset_s3_bucket_producer to None, run_after=None
[2025-03-26T17:16:57.547+0000] {processor.py:208} INFO - Processing /home/ubuntu/customer_churn_youtube_venv/lib/python3.12/site-packages/airflow/example_dags/example_dataset_alias.py took 0.293 seconds
[2025-03-26T17:17:51.912+0000] {processor.py:186} INFO - Started process (PID=6542) to work on /home/ubuntu/customer_churn_youtube_venv/lib/python3.12/site-packages/airflow/example_dags/example_dataset_alias.py
[2025-03-26T17:17:51.914+0000] {processor.py:914} INFO - Processing file /home/ubuntu/customer_churn_youtube_venv/lib/python3.12/site-packages/airflow/example_dags/example_dataset_alias.py for tasks to queue
[2025-03-26T17:17:51.916+0000] {logging_mixin.py:190} INFO - [2025-03-26T17:17:51.916+0000] {dagbag.py:588} INFO - Filling up the DagBag from /home/ubuntu/customer_churn_youtube_venv/lib/python3.12/site-packages/airflow/example_dags/example_dataset_alias.py
[2025-03-26T17:17:52.147+0000] {processor.py:925} INFO - DAG(s) 'dataset_alias_example_alias_producer', 'dataset_s3_bucket_consumer', 'dataset_alias_example_alias_consumer', 'dataset_s3_bucket_producer' retrieved from /home/ubuntu/customer_churn_youtube_venv/lib/python3.12/site-packages/airflow/example_dags/example_dataset_alias.py
[2025-03-26T17:17:52.162+0000] {logging_mixin.py:190} INFO - [2025-03-26T17:17:52.162+0000] {dag.py:3239} INFO - Sync 4 DAGs
[2025-03-26T17:17:52.177+0000] {logging_mixin.py:190} INFO - [2025-03-26T17:17:52.176+0000] {dag.py:4180} INFO - Setting next_dagrun for dataset_alias_example_alias_consumer to None, run_after=None
[2025-03-26T17:17:52.179+0000] {logging_mixin.py:190} INFO - [2025-03-26T17:17:52.178+0000] {dag.py:4180} INFO - Setting next_dagrun for dataset_alias_example_alias_producer to None, run_after=None
[2025-03-26T17:17:52.180+0000] {logging_mixin.py:190} INFO - [2025-03-26T17:17:52.180+0000] {dag.py:4180} INFO - Setting next_dagrun for dataset_s3_bucket_consumer to None, run_after=None
[2025-03-26T17:17:52.180+0000] {logging_mixin.py:190} INFO - [2025-03-26T17:17:52.180+0000] {dag.py:4180} INFO - Setting next_dagrun for dataset_s3_bucket_producer to None, run_after=None
[2025-03-26T17:17:52.203+0000] {processor.py:208} INFO - Processing /home/ubuntu/customer_churn_youtube_venv/lib/python3.12/site-packages/airflow/example_dags/example_dataset_alias.py took 0.296 seconds
[2025-03-26T17:19:10.375+0000] {processor.py:186} INFO - Started process (PID=6622) to work on /home/ubuntu/customer_churn_youtube_venv/lib/python3.12/site-packages/airflow/example_dags/example_dataset_alias.py
[2025-03-26T17:19:10.377+0000] {processor.py:914} INFO - Processing file /home/ubuntu/customer_churn_youtube_venv/lib/python3.12/site-packages/airflow/example_dags/example_dataset_alias.py for tasks to queue
[2025-03-26T17:19:10.379+0000] {logging_mixin.py:190} INFO - [2025-03-26T17:19:10.379+0000] {dagbag.py:588} INFO - Filling up the DagBag from /home/ubuntu/customer_churn_youtube_venv/lib/python3.12/site-packages/airflow/example_dags/example_dataset_alias.py
[2025-03-26T17:19:10.601+0000] {processor.py:925} INFO - DAG(s) 'dataset_alias_example_alias_producer', 'dataset_s3_bucket_producer', 'dataset_s3_bucket_consumer', 'dataset_alias_example_alias_consumer' retrieved from /home/ubuntu/customer_churn_youtube_venv/lib/python3.12/site-packages/airflow/example_dags/example_dataset_alias.py
[2025-03-26T17:19:10.617+0000] {logging_mixin.py:190} INFO - [2025-03-26T17:19:10.617+0000] {dag.py:3239} INFO - Sync 4 DAGs
[2025-03-26T17:19:10.633+0000] {logging_mixin.py:190} INFO - [2025-03-26T17:19:10.632+0000] {dag.py:4180} INFO - Setting next_dagrun for dataset_alias_example_alias_consumer to None, run_after=None
[2025-03-26T17:19:10.634+0000] {logging_mixin.py:190} INFO - [2025-03-26T17:19:10.634+0000] {dag.py:4180} INFO - Setting next_dagrun for dataset_alias_example_alias_producer to None, run_after=None
[2025-03-26T17:19:10.635+0000] {logging_mixin.py:190} INFO - [2025-03-26T17:19:10.635+0000] {dag.py:4180} INFO - Setting next_dagrun for dataset_s3_bucket_consumer to None, run_after=None
[2025-03-26T17:19:10.636+0000] {logging_mixin.py:190} INFO - [2025-03-26T17:19:10.635+0000] {dag.py:4180} INFO - Setting next_dagrun for dataset_s3_bucket_producer to None, run_after=None
[2025-03-26T17:19:10.659+0000] {processor.py:208} INFO - Processing /home/ubuntu/customer_churn_youtube_venv/lib/python3.12/site-packages/airflow/example_dags/example_dataset_alias.py took 0.288 seconds
[2025-03-26T17:20:10.104+0000] {processor.py:186} INFO - Started process (PID=6684) to work on /home/ubuntu/customer_churn_youtube_venv/lib/python3.12/site-packages/airflow/example_dags/example_dataset_alias.py
[2025-03-26T17:20:10.106+0000] {processor.py:914} INFO - Processing file /home/ubuntu/customer_churn_youtube_venv/lib/python3.12/site-packages/airflow/example_dags/example_dataset_alias.py for tasks to queue
[2025-03-26T17:20:10.108+0000] {logging_mixin.py:190} INFO - [2025-03-26T17:20:10.108+0000] {dagbag.py:588} INFO - Filling up the DagBag from /home/ubuntu/customer_churn_youtube_venv/lib/python3.12/site-packages/airflow/example_dags/example_dataset_alias.py
[2025-03-26T17:20:10.220+0000] {processor.py:925} INFO - DAG(s) 'dataset_s3_bucket_consumer', 'dataset_s3_bucket_producer', 'dataset_alias_example_alias_consumer', 'dataset_alias_example_alias_producer' retrieved from /home/ubuntu/customer_churn_youtube_venv/lib/python3.12/site-packages/airflow/example_dags/example_dataset_alias.py
[2025-03-26T17:20:10.238+0000] {logging_mixin.py:190} INFO - [2025-03-26T17:20:10.237+0000] {dag.py:3239} INFO - Sync 4 DAGs
[2025-03-26T17:20:10.255+0000] {logging_mixin.py:190} INFO - [2025-03-26T17:20:10.255+0000] {dag.py:4180} INFO - Setting next_dagrun for dataset_alias_example_alias_consumer to None, run_after=None
[2025-03-26T17:20:10.256+0000] {logging_mixin.py:190} INFO - [2025-03-26T17:20:10.256+0000] {dag.py:4180} INFO - Setting next_dagrun for dataset_alias_example_alias_producer to None, run_after=None
[2025-03-26T17:20:10.257+0000] {logging_mixin.py:190} INFO - [2025-03-26T17:20:10.257+0000] {dag.py:4180} INFO - Setting next_dagrun for dataset_s3_bucket_consumer to None, run_after=None
[2025-03-26T17:20:10.258+0000] {logging_mixin.py:190} INFO - [2025-03-26T17:20:10.258+0000] {dag.py:4180} INFO - Setting next_dagrun for dataset_s3_bucket_producer to None, run_after=None
[2025-03-26T17:20:10.283+0000] {processor.py:208} INFO - Processing /home/ubuntu/customer_churn_youtube_venv/lib/python3.12/site-packages/airflow/example_dags/example_dataset_alias.py took 0.184 seconds
[2025-03-26T17:21:05.964+0000] {processor.py:186} INFO - Started process (PID=6741) to work on /home/ubuntu/customer_churn_youtube_venv/lib/python3.12/site-packages/airflow/example_dags/example_dataset_alias.py
[2025-03-26T17:21:05.965+0000] {processor.py:914} INFO - Processing file /home/ubuntu/customer_churn_youtube_venv/lib/python3.12/site-packages/airflow/example_dags/example_dataset_alias.py for tasks to queue
[2025-03-26T17:21:05.967+0000] {logging_mixin.py:190} INFO - [2025-03-26T17:21:05.967+0000] {dagbag.py:588} INFO - Filling up the DagBag from /home/ubuntu/customer_churn_youtube_venv/lib/python3.12/site-packages/airflow/example_dags/example_dataset_alias.py
[2025-03-26T17:21:06.081+0000] {processor.py:925} INFO - DAG(s) 'dataset_s3_bucket_producer', 'dataset_alias_example_alias_producer', 'dataset_alias_example_alias_consumer', 'dataset_s3_bucket_consumer' retrieved from /home/ubuntu/customer_churn_youtube_venv/lib/python3.12/site-packages/airflow/example_dags/example_dataset_alias.py
[2025-03-26T17:21:06.099+0000] {logging_mixin.py:190} INFO - [2025-03-26T17:21:06.098+0000] {dag.py:3239} INFO - Sync 4 DAGs
[2025-03-26T17:21:06.116+0000] {logging_mixin.py:190} INFO - [2025-03-26T17:21:06.116+0000] {dag.py:4180} INFO - Setting next_dagrun for dataset_alias_example_alias_consumer to None, run_after=None
[2025-03-26T17:21:06.118+0000] {logging_mixin.py:190} INFO - [2025-03-26T17:21:06.117+0000] {dag.py:4180} INFO - Setting next_dagrun for dataset_alias_example_alias_producer to None, run_after=None
[2025-03-26T17:21:06.118+0000] {logging_mixin.py:190} INFO - [2025-03-26T17:21:06.118+0000] {dag.py:4180} INFO - Setting next_dagrun for dataset_s3_bucket_consumer to None, run_after=None
[2025-03-26T17:21:06.119+0000] {logging_mixin.py:190} INFO - [2025-03-26T17:21:06.119+0000] {dag.py:4180} INFO - Setting next_dagrun for dataset_s3_bucket_producer to None, run_after=None
[2025-03-26T17:21:06.144+0000] {processor.py:208} INFO - Processing /home/ubuntu/customer_churn_youtube_venv/lib/python3.12/site-packages/airflow/example_dags/example_dataset_alias.py took 0.187 seconds
[2025-03-26T17:22:00.168+0000] {processor.py:186} INFO - Started process (PID=6795) to work on /home/ubuntu/customer_churn_youtube_venv/lib/python3.12/site-packages/airflow/example_dags/example_dataset_alias.py
[2025-03-26T17:22:00.170+0000] {processor.py:914} INFO - Processing file /home/ubuntu/customer_churn_youtube_venv/lib/python3.12/site-packages/airflow/example_dags/example_dataset_alias.py for tasks to queue
[2025-03-26T17:22:00.173+0000] {logging_mixin.py:190} INFO - [2025-03-26T17:22:00.173+0000] {dagbag.py:588} INFO - Filling up the DagBag from /home/ubuntu/customer_churn_youtube_venv/lib/python3.12/site-packages/airflow/example_dags/example_dataset_alias.py
[2025-03-26T17:22:00.283+0000] {processor.py:925} INFO - DAG(s) 'dataset_alias_example_alias_producer', 'dataset_s3_bucket_producer', 'dataset_alias_example_alias_consumer', 'dataset_s3_bucket_consumer' retrieved from /home/ubuntu/customer_churn_youtube_venv/lib/python3.12/site-packages/airflow/example_dags/example_dataset_alias.py
[2025-03-26T17:22:00.302+0000] {logging_mixin.py:190} INFO - [2025-03-26T17:22:00.302+0000] {dag.py:3239} INFO - Sync 4 DAGs
[2025-03-26T17:22:00.319+0000] {logging_mixin.py:190} INFO - [2025-03-26T17:22:00.318+0000] {dag.py:4180} INFO - Setting next_dagrun for dataset_alias_example_alias_consumer to None, run_after=None
[2025-03-26T17:22:00.321+0000] {logging_mixin.py:190} INFO - [2025-03-26T17:22:00.321+0000] {dag.py:4180} INFO - Setting next_dagrun for dataset_alias_example_alias_producer to None, run_after=None
[2025-03-26T17:22:00.322+0000] {logging_mixin.py:190} INFO - [2025-03-26T17:22:00.322+0000] {dag.py:4180} INFO - Setting next_dagrun for dataset_s3_bucket_consumer to None, run_after=None
[2025-03-26T17:22:00.323+0000] {logging_mixin.py:190} INFO - [2025-03-26T17:22:00.323+0000] {dag.py:4180} INFO - Setting next_dagrun for dataset_s3_bucket_producer to None, run_after=None
[2025-03-26T17:22:00.348+0000] {processor.py:208} INFO - Processing /home/ubuntu/customer_churn_youtube_venv/lib/python3.12/site-packages/airflow/example_dags/example_dataset_alias.py took 0.185 seconds
[2025-03-26T17:23:15.382+0000] {processor.py:186} INFO - Started process (PID=6873) to work on /home/ubuntu/customer_churn_youtube_venv/lib/python3.12/site-packages/airflow/example_dags/example_dataset_alias.py
[2025-03-26T17:23:15.384+0000] {processor.py:914} INFO - Processing file /home/ubuntu/customer_churn_youtube_venv/lib/python3.12/site-packages/airflow/example_dags/example_dataset_alias.py for tasks to queue
[2025-03-26T17:23:15.385+0000] {logging_mixin.py:190} INFO - [2025-03-26T17:23:15.385+0000] {dagbag.py:588} INFO - Filling up the DagBag from /home/ubuntu/customer_churn_youtube_venv/lib/python3.12/site-packages/airflow/example_dags/example_dataset_alias.py
[2025-03-26T17:23:15.497+0000] {processor.py:925} INFO - DAG(s) 'dataset_alias_example_alias_producer', 'dataset_s3_bucket_consumer', 'dataset_s3_bucket_producer', 'dataset_alias_example_alias_consumer' retrieved from /home/ubuntu/customer_churn_youtube_venv/lib/python3.12/site-packages/airflow/example_dags/example_dataset_alias.py
[2025-03-26T17:23:15.517+0000] {logging_mixin.py:190} INFO - [2025-03-26T17:23:15.517+0000] {dag.py:3239} INFO - Sync 4 DAGs
[2025-03-26T17:23:15.534+0000] {logging_mixin.py:190} INFO - [2025-03-26T17:23:15.534+0000] {dag.py:4180} INFO - Setting next_dagrun for dataset_alias_example_alias_consumer to None, run_after=None
[2025-03-26T17:23:15.536+0000] {logging_mixin.py:190} INFO - [2025-03-26T17:23:15.536+0000] {dag.py:4180} INFO - Setting next_dagrun for dataset_alias_example_alias_producer to None, run_after=None
[2025-03-26T17:23:15.537+0000] {logging_mixin.py:190} INFO - [2025-03-26T17:23:15.537+0000] {dag.py:4180} INFO - Setting next_dagrun for dataset_s3_bucket_consumer to None, run_after=None
[2025-03-26T17:23:15.537+0000] {logging_mixin.py:190} INFO - [2025-03-26T17:23:15.537+0000] {dag.py:4180} INFO - Setting next_dagrun for dataset_s3_bucket_producer to None, run_after=None
[2025-03-26T17:23:15.560+0000] {processor.py:208} INFO - Processing /home/ubuntu/customer_churn_youtube_venv/lib/python3.12/site-packages/airflow/example_dags/example_dataset_alias.py took 0.184 seconds
[2025-03-26T17:24:08.222+0000] {processor.py:186} INFO - Started process (PID=6927) to work on /home/ubuntu/customer_churn_youtube_venv/lib/python3.12/site-packages/airflow/example_dags/example_dataset_alias.py
[2025-03-26T17:24:08.224+0000] {processor.py:914} INFO - Processing file /home/ubuntu/customer_churn_youtube_venv/lib/python3.12/site-packages/airflow/example_dags/example_dataset_alias.py for tasks to queue
[2025-03-26T17:24:08.226+0000] {logging_mixin.py:190} INFO - [2025-03-26T17:24:08.226+0000] {dagbag.py:588} INFO - Filling up the DagBag from /home/ubuntu/customer_churn_youtube_venv/lib/python3.12/site-packages/airflow/example_dags/example_dataset_alias.py
[2025-03-26T17:24:08.336+0000] {processor.py:925} INFO - DAG(s) 'dataset_alias_example_alias_producer', 'dataset_alias_example_alias_consumer', 'dataset_s3_bucket_consumer', 'dataset_s3_bucket_producer' retrieved from /home/ubuntu/customer_churn_youtube_venv/lib/python3.12/site-packages/airflow/example_dags/example_dataset_alias.py
[2025-03-26T17:24:08.352+0000] {logging_mixin.py:190} INFO - [2025-03-26T17:24:08.352+0000] {dag.py:3239} INFO - Sync 4 DAGs
[2025-03-26T17:24:08.372+0000] {logging_mixin.py:190} INFO - [2025-03-26T17:24:08.372+0000] {dag.py:4180} INFO - Setting next_dagrun for dataset_alias_example_alias_consumer to None, run_after=None
[2025-03-26T17:24:08.374+0000] {logging_mixin.py:190} INFO - [2025-03-26T17:24:08.374+0000] {dag.py:4180} INFO - Setting next_dagrun for dataset_alias_example_alias_producer to None, run_after=None
[2025-03-26T17:24:08.375+0000] {logging_mixin.py:190} INFO - [2025-03-26T17:24:08.375+0000] {dag.py:4180} INFO - Setting next_dagrun for dataset_s3_bucket_consumer to None, run_after=None
[2025-03-26T17:24:08.376+0000] {logging_mixin.py:190} INFO - [2025-03-26T17:24:08.375+0000] {dag.py:4180} INFO - Setting next_dagrun for dataset_s3_bucket_producer to None, run_after=None
[2025-03-26T17:24:08.399+0000] {processor.py:208} INFO - Processing /home/ubuntu/customer_churn_youtube_venv/lib/python3.12/site-packages/airflow/example_dags/example_dataset_alias.py took 0.183 seconds
[2025-03-26T17:25:22.686+0000] {processor.py:186} INFO - Started process (PID=7009) to work on /home/ubuntu/customer_churn_youtube_venv/lib/python3.12/site-packages/airflow/example_dags/example_dataset_alias.py
[2025-03-26T17:25:22.688+0000] {processor.py:914} INFO - Processing file /home/ubuntu/customer_churn_youtube_venv/lib/python3.12/site-packages/airflow/example_dags/example_dataset_alias.py for tasks to queue
[2025-03-26T17:25:22.690+0000] {logging_mixin.py:190} INFO - [2025-03-26T17:25:22.690+0000] {dagbag.py:588} INFO - Filling up the DagBag from /home/ubuntu/customer_churn_youtube_venv/lib/python3.12/site-packages/airflow/example_dags/example_dataset_alias.py
[2025-03-26T17:25:22.804+0000] {processor.py:925} INFO - DAG(s) 'dataset_s3_bucket_consumer', 'dataset_s3_bucket_producer', 'dataset_alias_example_alias_consumer', 'dataset_alias_example_alias_producer' retrieved from /home/ubuntu/customer_churn_youtube_venv/lib/python3.12/site-packages/airflow/example_dags/example_dataset_alias.py
[2025-03-26T17:25:22.822+0000] {logging_mixin.py:190} INFO - [2025-03-26T17:25:22.822+0000] {dag.py:3239} INFO - Sync 4 DAGs
[2025-03-26T17:25:22.840+0000] {logging_mixin.py:190} INFO - [2025-03-26T17:25:22.839+0000] {dag.py:4180} INFO - Setting next_dagrun for dataset_alias_example_alias_consumer to None, run_after=None
[2025-03-26T17:25:22.842+0000] {logging_mixin.py:190} INFO - [2025-03-26T17:25:22.842+0000] {dag.py:4180} INFO - Setting next_dagrun for dataset_alias_example_alias_producer to None, run_after=None
[2025-03-26T17:25:22.843+0000] {logging_mixin.py:190} INFO - [2025-03-26T17:25:22.843+0000] {dag.py:4180} INFO - Setting next_dagrun for dataset_s3_bucket_consumer to None, run_after=None
[2025-03-26T17:25:22.843+0000] {logging_mixin.py:190} INFO - [2025-03-26T17:25:22.843+0000] {dag.py:4180} INFO - Setting next_dagrun for dataset_s3_bucket_producer to None, run_after=None
[2025-03-26T17:25:22.868+0000] {processor.py:208} INFO - Processing /home/ubuntu/customer_churn_youtube_venv/lib/python3.12/site-packages/airflow/example_dags/example_dataset_alias.py took 0.188 seconds
[2025-03-26T17:26:36.452+0000] {processor.py:186} INFO - Started process (PID=7085) to work on /home/ubuntu/customer_churn_youtube_venv/lib/python3.12/site-packages/airflow/example_dags/example_dataset_alias.py
[2025-03-26T17:26:36.454+0000] {processor.py:914} INFO - Processing file /home/ubuntu/customer_churn_youtube_venv/lib/python3.12/site-packages/airflow/example_dags/example_dataset_alias.py for tasks to queue
[2025-03-26T17:26:36.456+0000] {logging_mixin.py:190} INFO - [2025-03-26T17:26:36.455+0000] {dagbag.py:588} INFO - Filling up the DagBag from /home/ubuntu/customer_churn_youtube_venv/lib/python3.12/site-packages/airflow/example_dags/example_dataset_alias.py
[2025-03-26T17:26:36.570+0000] {processor.py:925} INFO - DAG(s) 'dataset_alias_example_alias_consumer', 'dataset_alias_example_alias_producer', 'dataset_s3_bucket_producer', 'dataset_s3_bucket_consumer' retrieved from /home/ubuntu/customer_churn_youtube_venv/lib/python3.12/site-packages/airflow/example_dags/example_dataset_alias.py
[2025-03-26T17:26:36.586+0000] {logging_mixin.py:190} INFO - [2025-03-26T17:26:36.586+0000] {dag.py:3239} INFO - Sync 4 DAGs
[2025-03-26T17:26:36.606+0000] {logging_mixin.py:190} INFO - [2025-03-26T17:26:36.606+0000] {dag.py:4180} INFO - Setting next_dagrun for dataset_alias_example_alias_consumer to None, run_after=None
[2025-03-26T17:26:36.607+0000] {logging_mixin.py:190} INFO - [2025-03-26T17:26:36.607+0000] {dag.py:4180} INFO - Setting next_dagrun for dataset_alias_example_alias_producer to None, run_after=None
[2025-03-26T17:26:36.609+0000] {logging_mixin.py:190} INFO - [2025-03-26T17:26:36.608+0000] {dag.py:4180} INFO - Setting next_dagrun for dataset_s3_bucket_consumer to None, run_after=None
[2025-03-26T17:26:36.609+0000] {logging_mixin.py:190} INFO - [2025-03-26T17:26:36.609+0000] {dag.py:4180} INFO - Setting next_dagrun for dataset_s3_bucket_producer to None, run_after=None
[2025-03-26T17:26:36.631+0000] {processor.py:208} INFO - Processing /home/ubuntu/customer_churn_youtube_venv/lib/python3.12/site-packages/airflow/example_dags/example_dataset_alias.py took 0.185 seconds
[2025-03-26T17:27:27.442+0000] {processor.py:186} INFO - Started process (PID=7138) to work on /home/ubuntu/customer_churn_youtube_venv/lib/python3.12/site-packages/airflow/example_dags/example_dataset_alias.py
[2025-03-26T17:27:27.443+0000] {processor.py:914} INFO - Processing file /home/ubuntu/customer_churn_youtube_venv/lib/python3.12/site-packages/airflow/example_dags/example_dataset_alias.py for tasks to queue
[2025-03-26T17:27:27.445+0000] {logging_mixin.py:190} INFO - [2025-03-26T17:27:27.445+0000] {dagbag.py:588} INFO - Filling up the DagBag from /home/ubuntu/customer_churn_youtube_venv/lib/python3.12/site-packages/airflow/example_dags/example_dataset_alias.py
[2025-03-26T17:27:27.556+0000] {processor.py:925} INFO - DAG(s) 'dataset_alias_example_alias_consumer', 'dataset_s3_bucket_consumer', 'dataset_s3_bucket_producer', 'dataset_alias_example_alias_producer' retrieved from /home/ubuntu/customer_churn_youtube_venv/lib/python3.12/site-packages/airflow/example_dags/example_dataset_alias.py
[2025-03-26T17:27:27.575+0000] {logging_mixin.py:190} INFO - [2025-03-26T17:27:27.575+0000] {dag.py:3239} INFO - Sync 4 DAGs
[2025-03-26T17:27:27.592+0000] {logging_mixin.py:190} INFO - [2025-03-26T17:27:27.592+0000] {dag.py:4180} INFO - Setting next_dagrun for dataset_alias_example_alias_consumer to None, run_after=None
[2025-03-26T17:27:27.594+0000] {logging_mixin.py:190} INFO - [2025-03-26T17:27:27.594+0000] {dag.py:4180} INFO - Setting next_dagrun for dataset_alias_example_alias_producer to None, run_after=None
[2025-03-26T17:27:27.595+0000] {logging_mixin.py:190} INFO - [2025-03-26T17:27:27.595+0000] {dag.py:4180} INFO - Setting next_dagrun for dataset_s3_bucket_consumer to None, run_after=None
[2025-03-26T17:27:27.596+0000] {logging_mixin.py:190} INFO - [2025-03-26T17:27:27.596+0000] {dag.py:4180} INFO - Setting next_dagrun for dataset_s3_bucket_producer to None, run_after=None
[2025-03-26T17:27:27.618+0000] {processor.py:208} INFO - Processing /home/ubuntu/customer_churn_youtube_venv/lib/python3.12/site-packages/airflow/example_dags/example_dataset_alias.py took 0.182 seconds
[2025-03-26T17:28:19.632+0000] {processor.py:186} INFO - Started process (PID=7239) to work on /home/ubuntu/customer_churn_youtube_venv/lib/python3.12/site-packages/airflow/example_dags/example_dataset_alias.py
[2025-03-26T17:28:19.634+0000] {processor.py:914} INFO - Processing file /home/ubuntu/customer_churn_youtube_venv/lib/python3.12/site-packages/airflow/example_dags/example_dataset_alias.py for tasks to queue
[2025-03-26T17:28:19.636+0000] {logging_mixin.py:190} INFO - [2025-03-26T17:28:19.636+0000] {dagbag.py:588} INFO - Filling up the DagBag from /home/ubuntu/customer_churn_youtube_venv/lib/python3.12/site-packages/airflow/example_dags/example_dataset_alias.py
[2025-03-26T17:28:19.750+0000] {processor.py:925} INFO - DAG(s) 'dataset_alias_example_alias_consumer', 'dataset_s3_bucket_consumer', 'dataset_alias_example_alias_producer', 'dataset_s3_bucket_producer' retrieved from /home/ubuntu/customer_churn_youtube_venv/lib/python3.12/site-packages/airflow/example_dags/example_dataset_alias.py
[2025-03-26T17:28:19.769+0000] {logging_mixin.py:190} INFO - [2025-03-26T17:28:19.769+0000] {dag.py:3239} INFO - Sync 4 DAGs
[2025-03-26T17:28:19.786+0000] {logging_mixin.py:190} INFO - [2025-03-26T17:28:19.785+0000] {dag.py:4180} INFO - Setting next_dagrun for dataset_alias_example_alias_consumer to None, run_after=None
[2025-03-26T17:28:19.788+0000] {logging_mixin.py:190} INFO - [2025-03-26T17:28:19.788+0000] {dag.py:4180} INFO - Setting next_dagrun for dataset_alias_example_alias_producer to None, run_after=None
[2025-03-26T17:28:19.789+0000] {logging_mixin.py:190} INFO - [2025-03-26T17:28:19.789+0000] {dag.py:4180} INFO - Setting next_dagrun for dataset_s3_bucket_consumer to None, run_after=None
[2025-03-26T17:28:19.790+0000] {logging_mixin.py:190} INFO - [2025-03-26T17:28:19.790+0000] {dag.py:4180} INFO - Setting next_dagrun for dataset_s3_bucket_producer to None, run_after=None
[2025-03-26T17:28:19.814+0000] {processor.py:208} INFO - Processing /home/ubuntu/customer_churn_youtube_venv/lib/python3.12/site-packages/airflow/example_dags/example_dataset_alias.py took 0.186 seconds
[2025-03-26T17:29:11.364+0000] {processor.py:186} INFO - Started process (PID=7293) to work on /home/ubuntu/customer_churn_youtube_venv/lib/python3.12/site-packages/airflow/example_dags/example_dataset_alias.py
[2025-03-26T17:29:11.366+0000] {processor.py:914} INFO - Processing file /home/ubuntu/customer_churn_youtube_venv/lib/python3.12/site-packages/airflow/example_dags/example_dataset_alias.py for tasks to queue
[2025-03-26T17:29:11.368+0000] {logging_mixin.py:190} INFO - [2025-03-26T17:29:11.368+0000] {dagbag.py:588} INFO - Filling up the DagBag from /home/ubuntu/customer_churn_youtube_venv/lib/python3.12/site-packages/airflow/example_dags/example_dataset_alias.py
[2025-03-26T17:29:11.478+0000] {processor.py:925} INFO - DAG(s) 'dataset_s3_bucket_consumer', 'dataset_alias_example_alias_producer', 'dataset_alias_example_alias_consumer', 'dataset_s3_bucket_producer' retrieved from /home/ubuntu/customer_churn_youtube_venv/lib/python3.12/site-packages/airflow/example_dags/example_dataset_alias.py
[2025-03-26T17:29:11.494+0000] {logging_mixin.py:190} INFO - [2025-03-26T17:29:11.494+0000] {dag.py:3239} INFO - Sync 4 DAGs
[2025-03-26T17:29:11.514+0000] {logging_mixin.py:190} INFO - [2025-03-26T17:29:11.513+0000] {dag.py:4180} INFO - Setting next_dagrun for dataset_alias_example_alias_consumer to None, run_after=None
[2025-03-26T17:29:11.515+0000] {logging_mixin.py:190} INFO - [2025-03-26T17:29:11.515+0000] {dag.py:4180} INFO - Setting next_dagrun for dataset_alias_example_alias_producer to None, run_after=None
[2025-03-26T17:29:11.516+0000] {logging_mixin.py:190} INFO - [2025-03-26T17:29:11.516+0000] {dag.py:4180} INFO - Setting next_dagrun for dataset_s3_bucket_consumer to None, run_after=None
[2025-03-26T17:29:11.517+0000] {logging_mixin.py:190} INFO - [2025-03-26T17:29:11.517+0000] {dag.py:4180} INFO - Setting next_dagrun for dataset_s3_bucket_producer to None, run_after=None
[2025-03-26T17:29:11.540+0000] {processor.py:208} INFO - Processing /home/ubuntu/customer_churn_youtube_venv/lib/python3.12/site-packages/airflow/example_dags/example_dataset_alias.py took 0.182 seconds
[2025-03-26T17:30:24.840+0000] {processor.py:186} INFO - Started process (PID=7374) to work on /home/ubuntu/customer_churn_youtube_venv/lib/python3.12/site-packages/airflow/example_dags/example_dataset_alias.py
[2025-03-26T17:30:24.841+0000] {processor.py:914} INFO - Processing file /home/ubuntu/customer_churn_youtube_venv/lib/python3.12/site-packages/airflow/example_dags/example_dataset_alias.py for tasks to queue
[2025-03-26T17:30:24.843+0000] {logging_mixin.py:190} INFO - [2025-03-26T17:30:24.843+0000] {dagbag.py:588} INFO - Filling up the DagBag from /home/ubuntu/customer_churn_youtube_venv/lib/python3.12/site-packages/airflow/example_dags/example_dataset_alias.py
[2025-03-26T17:30:24.953+0000] {processor.py:925} INFO - DAG(s) 'dataset_s3_bucket_producer', 'dataset_alias_example_alias_consumer', 'dataset_alias_example_alias_producer', 'dataset_s3_bucket_consumer' retrieved from /home/ubuntu/customer_churn_youtube_venv/lib/python3.12/site-packages/airflow/example_dags/example_dataset_alias.py
[2025-03-26T17:30:24.971+0000] {logging_mixin.py:190} INFO - [2025-03-26T17:30:24.970+0000] {dag.py:3239} INFO - Sync 4 DAGs
[2025-03-26T17:30:24.990+0000] {logging_mixin.py:190} INFO - [2025-03-26T17:30:24.990+0000] {dag.py:4180} INFO - Setting next_dagrun for dataset_alias_example_alias_consumer to None, run_after=None
[2025-03-26T17:30:24.992+0000] {logging_mixin.py:190} INFO - [2025-03-26T17:30:24.992+0000] {dag.py:4180} INFO - Setting next_dagrun for dataset_alias_example_alias_producer to None, run_after=None
[2025-03-26T17:30:24.993+0000] {logging_mixin.py:190} INFO - [2025-03-26T17:30:24.993+0000] {dag.py:4180} INFO - Setting next_dagrun for dataset_s3_bucket_consumer to None, run_after=None
[2025-03-26T17:30:24.993+0000] {logging_mixin.py:190} INFO - [2025-03-26T17:30:24.993+0000] {dag.py:4180} INFO - Setting next_dagrun for dataset_s3_bucket_producer to None, run_after=None
[2025-03-26T17:30:25.018+0000] {processor.py:208} INFO - Processing /home/ubuntu/customer_churn_youtube_venv/lib/python3.12/site-packages/airflow/example_dags/example_dataset_alias.py took 0.184 seconds
[2025-03-26T17:31:40.871+0000] {processor.py:186} INFO - Started process (PID=7452) to work on /home/ubuntu/customer_churn_youtube_venv/lib/python3.12/site-packages/airflow/example_dags/example_dataset_alias.py
[2025-03-26T17:31:40.873+0000] {processor.py:914} INFO - Processing file /home/ubuntu/customer_churn_youtube_venv/lib/python3.12/site-packages/airflow/example_dags/example_dataset_alias.py for tasks to queue
[2025-03-26T17:31:40.874+0000] {logging_mixin.py:190} INFO - [2025-03-26T17:31:40.874+0000] {dagbag.py:588} INFO - Filling up the DagBag from /home/ubuntu/customer_churn_youtube_venv/lib/python3.12/site-packages/airflow/example_dags/example_dataset_alias.py
[2025-03-26T17:31:40.983+0000] {processor.py:925} INFO - DAG(s) 'dataset_s3_bucket_consumer', 'dataset_s3_bucket_producer', 'dataset_alias_example_alias_producer', 'dataset_alias_example_alias_consumer' retrieved from /home/ubuntu/customer_churn_youtube_venv/lib/python3.12/site-packages/airflow/example_dags/example_dataset_alias.py
[2025-03-26T17:31:41.001+0000] {logging_mixin.py:190} INFO - [2025-03-26T17:31:41.000+0000] {dag.py:3239} INFO - Sync 4 DAGs
[2025-03-26T17:31:41.022+0000] {logging_mixin.py:190} INFO - [2025-03-26T17:31:41.021+0000] {dag.py:4180} INFO - Setting next_dagrun for dataset_alias_example_alias_consumer to None, run_after=None
[2025-03-26T17:31:41.024+0000] {logging_mixin.py:190} INFO - [2025-03-26T17:31:41.023+0000] {dag.py:4180} INFO - Setting next_dagrun for dataset_alias_example_alias_producer to None, run_after=None
[2025-03-26T17:31:41.025+0000] {logging_mixin.py:190} INFO - [2025-03-26T17:31:41.024+0000] {dag.py:4180} INFO - Setting next_dagrun for dataset_s3_bucket_consumer to None, run_after=None
[2025-03-26T17:31:41.025+0000] {logging_mixin.py:190} INFO - [2025-03-26T17:31:41.025+0000] {dag.py:4180} INFO - Setting next_dagrun for dataset_s3_bucket_producer to None, run_after=None
[2025-03-26T17:31:41.049+0000] {processor.py:208} INFO - Processing /home/ubuntu/customer_churn_youtube_venv/lib/python3.12/site-packages/airflow/example_dags/example_dataset_alias.py took 0.184 seconds
[2025-03-26T17:32:31.654+0000] {processor.py:186} INFO - Started process (PID=7545) to work on /home/ubuntu/customer_churn_youtube_venv/lib/python3.12/site-packages/airflow/example_dags/example_dataset_alias.py
[2025-03-26T17:32:31.655+0000] {processor.py:914} INFO - Processing file /home/ubuntu/customer_churn_youtube_venv/lib/python3.12/site-packages/airflow/example_dags/example_dataset_alias.py for tasks to queue
[2025-03-26T17:32:31.657+0000] {logging_mixin.py:190} INFO - [2025-03-26T17:32:31.657+0000] {dagbag.py:588} INFO - Filling up the DagBag from /home/ubuntu/customer_churn_youtube_venv/lib/python3.12/site-packages/airflow/example_dags/example_dataset_alias.py
[2025-03-26T17:32:31.767+0000] {processor.py:925} INFO - DAG(s) 'dataset_alias_example_alias_consumer', 'dataset_s3_bucket_producer', 'dataset_s3_bucket_consumer', 'dataset_alias_example_alias_producer' retrieved from /home/ubuntu/customer_churn_youtube_venv/lib/python3.12/site-packages/airflow/example_dags/example_dataset_alias.py
[2025-03-26T17:32:31.784+0000] {logging_mixin.py:190} INFO - [2025-03-26T17:32:31.784+0000] {dag.py:3239} INFO - Sync 4 DAGs
[2025-03-26T17:32:31.801+0000] {logging_mixin.py:190} INFO - [2025-03-26T17:32:31.801+0000] {dag.py:4180} INFO - Setting next_dagrun for dataset_alias_example_alias_consumer to None, run_after=None
[2025-03-26T17:32:31.803+0000] {logging_mixin.py:190} INFO - [2025-03-26T17:32:31.803+0000] {dag.py:4180} INFO - Setting next_dagrun for dataset_alias_example_alias_producer to None, run_after=None
[2025-03-26T17:32:31.804+0000] {logging_mixin.py:190} INFO - [2025-03-26T17:32:31.803+0000] {dag.py:4180} INFO - Setting next_dagrun for dataset_s3_bucket_consumer to None, run_after=None
[2025-03-26T17:32:31.804+0000] {logging_mixin.py:190} INFO - [2025-03-26T17:32:31.804+0000] {dag.py:4180} INFO - Setting next_dagrun for dataset_s3_bucket_producer to None, run_after=None
[2025-03-26T17:32:31.827+0000] {processor.py:208} INFO - Processing /home/ubuntu/customer_churn_youtube_venv/lib/python3.12/site-packages/airflow/example_dags/example_dataset_alias.py took 0.179 seconds
[2025-03-26T17:33:24.046+0000] {processor.py:186} INFO - Started process (PID=7599) to work on /home/ubuntu/customer_churn_youtube_venv/lib/python3.12/site-packages/airflow/example_dags/example_dataset_alias.py
[2025-03-26T17:33:24.048+0000] {processor.py:914} INFO - Processing file /home/ubuntu/customer_churn_youtube_venv/lib/python3.12/site-packages/airflow/example_dags/example_dataset_alias.py for tasks to queue
[2025-03-26T17:33:24.050+0000] {logging_mixin.py:190} INFO - [2025-03-26T17:33:24.049+0000] {dagbag.py:588} INFO - Filling up the DagBag from /home/ubuntu/customer_churn_youtube_venv/lib/python3.12/site-packages/airflow/example_dags/example_dataset_alias.py
[2025-03-26T17:33:24.166+0000] {processor.py:925} INFO - DAG(s) 'dataset_s3_bucket_producer', 'dataset_s3_bucket_consumer', 'dataset_alias_example_alias_producer', 'dataset_alias_example_alias_consumer' retrieved from /home/ubuntu/customer_churn_youtube_venv/lib/python3.12/site-packages/airflow/example_dags/example_dataset_alias.py
[2025-03-26T17:33:24.182+0000] {logging_mixin.py:190} INFO - [2025-03-26T17:33:24.182+0000] {dag.py:3239} INFO - Sync 4 DAGs
[2025-03-26T17:33:24.199+0000] {logging_mixin.py:190} INFO - [2025-03-26T17:33:24.199+0000] {dag.py:4180} INFO - Setting next_dagrun for dataset_alias_example_alias_consumer to None, run_after=None
[2025-03-26T17:33:24.201+0000] {logging_mixin.py:190} INFO - [2025-03-26T17:33:24.201+0000] {dag.py:4180} INFO - Setting next_dagrun for dataset_alias_example_alias_producer to None, run_after=None
[2025-03-26T17:33:24.202+0000] {logging_mixin.py:190} INFO - [2025-03-26T17:33:24.202+0000] {dag.py:4180} INFO - Setting next_dagrun for dataset_s3_bucket_consumer to None, run_after=None
[2025-03-26T17:33:24.202+0000] {logging_mixin.py:190} INFO - [2025-03-26T17:33:24.202+0000] {dag.py:4180} INFO - Setting next_dagrun for dataset_s3_bucket_producer to None, run_after=None
[2025-03-26T17:33:24.226+0000] {processor.py:208} INFO - Processing /home/ubuntu/customer_churn_youtube_venv/lib/python3.12/site-packages/airflow/example_dags/example_dataset_alias.py took 0.186 seconds
[2025-03-26T17:34:41.431+0000] {processor.py:186} INFO - Started process (PID=7678) to work on /home/ubuntu/customer_churn_youtube_venv/lib/python3.12/site-packages/airflow/example_dags/example_dataset_alias.py
[2025-03-26T17:34:41.433+0000] {processor.py:914} INFO - Processing file /home/ubuntu/customer_churn_youtube_venv/lib/python3.12/site-packages/airflow/example_dags/example_dataset_alias.py for tasks to queue
[2025-03-26T17:34:41.435+0000] {logging_mixin.py:190} INFO - [2025-03-26T17:34:41.434+0000] {dagbag.py:588} INFO - Filling up the DagBag from /home/ubuntu/customer_churn_youtube_venv/lib/python3.12/site-packages/airflow/example_dags/example_dataset_alias.py
[2025-03-26T17:34:41.547+0000] {processor.py:925} INFO - DAG(s) 'dataset_alias_example_alias_consumer', 'dataset_s3_bucket_producer', 'dataset_s3_bucket_consumer', 'dataset_alias_example_alias_producer' retrieved from /home/ubuntu/customer_churn_youtube_venv/lib/python3.12/site-packages/airflow/example_dags/example_dataset_alias.py
[2025-03-26T17:34:41.564+0000] {logging_mixin.py:190} INFO - [2025-03-26T17:34:41.564+0000] {dag.py:3239} INFO - Sync 4 DAGs
[2025-03-26T17:34:41.581+0000] {logging_mixin.py:190} INFO - [2025-03-26T17:34:41.581+0000] {dag.py:4180} INFO - Setting next_dagrun for dataset_alias_example_alias_consumer to None, run_after=None
[2025-03-26T17:34:41.583+0000] {logging_mixin.py:190} INFO - [2025-03-26T17:34:41.582+0000] {dag.py:4180} INFO - Setting next_dagrun for dataset_alias_example_alias_producer to None, run_after=None
[2025-03-26T17:34:41.583+0000] {logging_mixin.py:190} INFO - [2025-03-26T17:34:41.583+0000] {dag.py:4180} INFO - Setting next_dagrun for dataset_s3_bucket_consumer to None, run_after=None
[2025-03-26T17:34:41.584+0000] {logging_mixin.py:190} INFO - [2025-03-26T17:34:41.584+0000] {dag.py:4180} INFO - Setting next_dagrun for dataset_s3_bucket_producer to None, run_after=None
[2025-03-26T17:34:41.607+0000] {processor.py:208} INFO - Processing /home/ubuntu/customer_churn_youtube_venv/lib/python3.12/site-packages/airflow/example_dags/example_dataset_alias.py took 0.181 seconds
[2025-03-26T17:35:34.360+0000] {processor.py:186} INFO - Started process (PID=7739) to work on /home/ubuntu/customer_churn_youtube_venv/lib/python3.12/site-packages/airflow/example_dags/example_dataset_alias.py
[2025-03-26T17:35:34.361+0000] {processor.py:914} INFO - Processing file /home/ubuntu/customer_churn_youtube_venv/lib/python3.12/site-packages/airflow/example_dags/example_dataset_alias.py for tasks to queue
[2025-03-26T17:35:34.363+0000] {logging_mixin.py:190} INFO - [2025-03-26T17:35:34.363+0000] {dagbag.py:588} INFO - Filling up the DagBag from /home/ubuntu/customer_churn_youtube_venv/lib/python3.12/site-packages/airflow/example_dags/example_dataset_alias.py
[2025-03-26T17:35:34.473+0000] {processor.py:925} INFO - DAG(s) 'dataset_s3_bucket_consumer', 'dataset_alias_example_alias_producer', 'dataset_s3_bucket_producer', 'dataset_alias_example_alias_consumer' retrieved from /home/ubuntu/customer_churn_youtube_venv/lib/python3.12/site-packages/airflow/example_dags/example_dataset_alias.py
[2025-03-26T17:35:34.490+0000] {logging_mixin.py:190} INFO - [2025-03-26T17:35:34.489+0000] {dag.py:3239} INFO - Sync 4 DAGs
[2025-03-26T17:35:34.508+0000] {logging_mixin.py:190} INFO - [2025-03-26T17:35:34.508+0000] {dag.py:4180} INFO - Setting next_dagrun for dataset_alias_example_alias_consumer to None, run_after=None
[2025-03-26T17:35:34.510+0000] {logging_mixin.py:190} INFO - [2025-03-26T17:35:34.510+0000] {dag.py:4180} INFO - Setting next_dagrun for dataset_alias_example_alias_producer to None, run_after=None
[2025-03-26T17:35:34.511+0000] {logging_mixin.py:190} INFO - [2025-03-26T17:35:34.511+0000] {dag.py:4180} INFO - Setting next_dagrun for dataset_s3_bucket_consumer to None, run_after=None
[2025-03-26T17:35:34.512+0000] {logging_mixin.py:190} INFO - [2025-03-26T17:35:34.512+0000] {dag.py:4180} INFO - Setting next_dagrun for dataset_s3_bucket_producer to None, run_after=None
[2025-03-26T17:35:34.536+0000] {processor.py:208} INFO - Processing /home/ubuntu/customer_churn_youtube_venv/lib/python3.12/site-packages/airflow/example_dags/example_dataset_alias.py took 0.183 seconds
[2025-03-26T17:36:27.640+0000] {processor.py:186} INFO - Started process (PID=7795) to work on /home/ubuntu/customer_churn_youtube_venv/lib/python3.12/site-packages/airflow/example_dags/example_dataset_alias.py
[2025-03-26T17:36:27.643+0000] {processor.py:914} INFO - Processing file /home/ubuntu/customer_churn_youtube_venv/lib/python3.12/site-packages/airflow/example_dags/example_dataset_alias.py for tasks to queue
[2025-03-26T17:36:27.644+0000] {logging_mixin.py:190} INFO - [2025-03-26T17:36:27.644+0000] {dagbag.py:588} INFO - Filling up the DagBag from /home/ubuntu/customer_churn_youtube_venv/lib/python3.12/site-packages/airflow/example_dags/example_dataset_alias.py
[2025-03-26T17:36:27.756+0000] {processor.py:925} INFO - DAG(s) 'dataset_alias_example_alias_producer', 'dataset_alias_example_alias_consumer', 'dataset_s3_bucket_producer', 'dataset_s3_bucket_consumer' retrieved from /home/ubuntu/customer_churn_youtube_venv/lib/python3.12/site-packages/airflow/example_dags/example_dataset_alias.py
[2025-03-26T17:36:27.773+0000] {logging_mixin.py:190} INFO - [2025-03-26T17:36:27.773+0000] {dag.py:3239} INFO - Sync 4 DAGs
[2025-03-26T17:36:27.792+0000] {logging_mixin.py:190} INFO - [2025-03-26T17:36:27.792+0000] {dag.py:4180} INFO - Setting next_dagrun for dataset_alias_example_alias_consumer to None, run_after=None
[2025-03-26T17:36:27.794+0000] {logging_mixin.py:190} INFO - [2025-03-26T17:36:27.794+0000] {dag.py:4180} INFO - Setting next_dagrun for dataset_alias_example_alias_producer to None, run_after=None
[2025-03-26T17:36:27.796+0000] {logging_mixin.py:190} INFO - [2025-03-26T17:36:27.795+0000] {dag.py:4180} INFO - Setting next_dagrun for dataset_s3_bucket_consumer to None, run_after=None
[2025-03-26T17:36:27.796+0000] {logging_mixin.py:190} INFO - [2025-03-26T17:36:27.796+0000] {dag.py:4180} INFO - Setting next_dagrun for dataset_s3_bucket_producer to None, run_after=None
[2025-03-26T17:36:27.820+0000] {processor.py:208} INFO - Processing /home/ubuntu/customer_churn_youtube_venv/lib/python3.12/site-packages/airflow/example_dags/example_dataset_alias.py took 0.185 seconds
