[2025-03-26T17:14:11.139+0000] {processor.py:186} INFO - Started process (PID=6308) to work on /home/ubuntu/customer_churn_youtube_venv/lib/python3.12/site-packages/airflow/example_dags/example_branch_operator.py
[2025-03-26T17:14:11.140+0000] {processor.py:914} INFO - Processing file /home/ubuntu/customer_churn_youtube_venv/lib/python3.12/site-packages/airflow/example_dags/example_branch_operator.py for tasks to queue
[2025-03-26T17:14:11.141+0000] {logging_mixin.py:190} INFO - [2025-03-26T17:14:11.141+0000] {dagbag.py:588} INFO - Filling up the DagBag from /home/ubuntu/customer_churn_youtube_venv/lib/python3.12/site-packages/airflow/example_dags/example_branch_operator.py
[2025-03-26T17:14:11.145+0000] {processor.py:927} WARNING - No viable dags retrieved from /home/ubuntu/customer_churn_youtube_venv/lib/python3.12/site-packages/airflow/example_dags/example_branch_operator.py
[2025-03-26T17:14:11.154+0000] {processor.py:208} INFO - Processing /home/ubuntu/customer_churn_youtube_venv/lib/python3.12/site-packages/airflow/example_dags/example_branch_operator.py took 0.021 seconds
[2025-03-26T17:15:12.713+0000] {processor.py:186} INFO - Started process (PID=6375) to work on /home/ubuntu/customer_churn_youtube_venv/lib/python3.12/site-packages/airflow/example_dags/example_branch_operator.py
[2025-03-26T17:15:12.715+0000] {processor.py:914} INFO - Processing file /home/ubuntu/customer_churn_youtube_venv/lib/python3.12/site-packages/airflow/example_dags/example_branch_operator.py for tasks to queue
[2025-03-26T17:15:12.717+0000] {logging_mixin.py:190} INFO - [2025-03-26T17:15:12.716+0000] {dagbag.py:588} INFO - Filling up the DagBag from /home/ubuntu/customer_churn_youtube_venv/lib/python3.12/site-packages/airflow/example_dags/example_branch_operator.py
[2025-03-26T17:15:12.719+0000] {processor.py:927} WARNING - No viable dags retrieved from /home/ubuntu/customer_churn_youtube_venv/lib/python3.12/site-packages/airflow/example_dags/example_branch_operator.py
[2025-03-26T17:15:12.730+0000] {processor.py:208} INFO - Processing /home/ubuntu/customer_churn_youtube_venv/lib/python3.12/site-packages/airflow/example_dags/example_branch_operator.py took 0.022 seconds
[2025-03-26T17:16:30.042+0000] {processor.py:186} INFO - Started process (PID=6454) to work on /home/ubuntu/customer_churn_youtube_venv/lib/python3.12/site-packages/airflow/example_dags/example_branch_operator.py
[2025-03-26T17:16:30.044+0000] {processor.py:914} INFO - Processing file /home/ubuntu/customer_churn_youtube_venv/lib/python3.12/site-packages/airflow/example_dags/example_branch_operator.py for tasks to queue
[2025-03-26T17:16:30.046+0000] {logging_mixin.py:190} INFO - [2025-03-26T17:16:30.046+0000] {dagbag.py:588} INFO - Filling up the DagBag from /home/ubuntu/customer_churn_youtube_venv/lib/python3.12/site-packages/airflow/example_dags/example_branch_operator.py
[2025-03-26T17:16:30.048+0000] {processor.py:927} WARNING - No viable dags retrieved from /home/ubuntu/customer_churn_youtube_venv/lib/python3.12/site-packages/airflow/example_dags/example_branch_operator.py
[2025-03-26T17:16:30.059+0000] {processor.py:208} INFO - Processing /home/ubuntu/customer_churn_youtube_venv/lib/python3.12/site-packages/airflow/example_dags/example_branch_operator.py took 0.023 seconds
[2025-03-26T17:17:26.472+0000] {processor.py:186} INFO - Started process (PID=6516) to work on /home/ubuntu/customer_churn_youtube_venv/lib/python3.12/site-packages/airflow/example_dags/example_branch_operator.py
[2025-03-26T17:17:26.474+0000] {processor.py:914} INFO - Processing file /home/ubuntu/customer_churn_youtube_venv/lib/python3.12/site-packages/airflow/example_dags/example_branch_operator.py for tasks to queue
[2025-03-26T17:17:26.475+0000] {logging_mixin.py:190} INFO - [2025-03-26T17:17:26.475+0000] {dagbag.py:588} INFO - Filling up the DagBag from /home/ubuntu/customer_churn_youtube_venv/lib/python3.12/site-packages/airflow/example_dags/example_branch_operator.py
[2025-03-26T17:17:26.479+0000] {processor.py:927} WARNING - No viable dags retrieved from /home/ubuntu/customer_churn_youtube_venv/lib/python3.12/site-packages/airflow/example_dags/example_branch_operator.py
[2025-03-26T17:17:26.489+0000] {processor.py:208} INFO - Processing /home/ubuntu/customer_churn_youtube_venv/lib/python3.12/site-packages/airflow/example_dags/example_branch_operator.py took 0.022 seconds
[2025-03-26T17:18:43.979+0000] {processor.py:186} INFO - Started process (PID=6595) to work on /home/ubuntu/customer_churn_youtube_venv/lib/python3.12/site-packages/airflow/example_dags/example_branch_operator.py
[2025-03-26T17:18:43.981+0000] {processor.py:914} INFO - Processing file /home/ubuntu/customer_churn_youtube_venv/lib/python3.12/site-packages/airflow/example_dags/example_branch_operator.py for tasks to queue
[2025-03-26T17:18:43.983+0000] {logging_mixin.py:190} INFO - [2025-03-26T17:18:43.983+0000] {dagbag.py:588} INFO - Filling up the DagBag from /home/ubuntu/customer_churn_youtube_venv/lib/python3.12/site-packages/airflow/example_dags/example_branch_operator.py
[2025-03-26T17:18:43.986+0000] {processor.py:927} WARNING - No viable dags retrieved from /home/ubuntu/customer_churn_youtube_venv/lib/python3.12/site-packages/airflow/example_dags/example_branch_operator.py
[2025-03-26T17:18:43.997+0000] {processor.py:208} INFO - Processing /home/ubuntu/customer_churn_youtube_venv/lib/python3.12/site-packages/airflow/example_dags/example_branch_operator.py took 0.023 seconds
[2025-03-26T17:19:45.875+0000] {processor.py:186} INFO - Started process (PID=6653) to work on /home/ubuntu/customer_churn_youtube_venv/lib/python3.12/site-packages/airflow/example_dags/example_branch_operator.py
[2025-03-26T17:19:45.877+0000] {processor.py:914} INFO - Processing file /home/ubuntu/customer_churn_youtube_venv/lib/python3.12/site-packages/airflow/example_dags/example_branch_operator.py for tasks to queue
[2025-03-26T17:19:45.879+0000] {logging_mixin.py:190} INFO - [2025-03-26T17:19:45.878+0000] {dagbag.py:588} INFO - Filling up the DagBag from /home/ubuntu/customer_churn_youtube_venv/lib/python3.12/site-packages/airflow/example_dags/example_branch_operator.py
[2025-03-26T17:19:45.883+0000] {processor.py:927} WARNING - No viable dags retrieved from /home/ubuntu/customer_churn_youtube_venv/lib/python3.12/site-packages/airflow/example_dags/example_branch_operator.py
[2025-03-26T17:19:45.894+0000] {processor.py:208} INFO - Processing /home/ubuntu/customer_churn_youtube_venv/lib/python3.12/site-packages/airflow/example_dags/example_branch_operator.py took 0.024 seconds
[2025-03-26T17:20:44.039+0000] {processor.py:186} INFO - Started process (PID=6717) to work on /home/ubuntu/customer_churn_youtube_venv/lib/python3.12/site-packages/airflow/example_dags/example_branch_operator.py
[2025-03-26T17:20:44.041+0000] {processor.py:914} INFO - Processing file /home/ubuntu/customer_churn_youtube_venv/lib/python3.12/site-packages/airflow/example_dags/example_branch_operator.py for tasks to queue
[2025-03-26T17:20:44.043+0000] {logging_mixin.py:190} INFO - [2025-03-26T17:20:44.043+0000] {dagbag.py:588} INFO - Filling up the DagBag from /home/ubuntu/customer_churn_youtube_venv/lib/python3.12/site-packages/airflow/example_dags/example_branch_operator.py
[2025-03-26T17:20:44.045+0000] {processor.py:927} WARNING - No viable dags retrieved from /home/ubuntu/customer_churn_youtube_venv/lib/python3.12/site-packages/airflow/example_dags/example_branch_operator.py
[2025-03-26T17:20:44.056+0000] {processor.py:208} INFO - Processing /home/ubuntu/customer_churn_youtube_venv/lib/python3.12/site-packages/airflow/example_dags/example_branch_operator.py took 0.023 seconds
[2025-03-26T17:22:03.032+0000] {processor.py:186} INFO - Started process (PID=6799) to work on /home/ubuntu/customer_churn_youtube_venv/lib/python3.12/site-packages/airflow/example_dags/example_branch_operator.py
[2025-03-26T17:22:03.034+0000] {processor.py:914} INFO - Processing file /home/ubuntu/customer_churn_youtube_venv/lib/python3.12/site-packages/airflow/example_dags/example_branch_operator.py for tasks to queue
[2025-03-26T17:22:03.036+0000] {logging_mixin.py:190} INFO - [2025-03-26T17:22:03.035+0000] {dagbag.py:588} INFO - Filling up the DagBag from /home/ubuntu/customer_churn_youtube_venv/lib/python3.12/site-packages/airflow/example_dags/example_branch_operator.py
[2025-03-26T17:22:03.039+0000] {processor.py:927} WARNING - No viable dags retrieved from /home/ubuntu/customer_churn_youtube_venv/lib/python3.12/site-packages/airflow/example_dags/example_branch_operator.py
[2025-03-26T17:22:03.050+0000] {processor.py:208} INFO - Processing /home/ubuntu/customer_churn_youtube_venv/lib/python3.12/site-packages/airflow/example_dags/example_branch_operator.py took 0.023 seconds
[2025-03-26T17:23:20.634+0000] {processor.py:186} INFO - Started process (PID=6878) to work on /home/ubuntu/customer_churn_youtube_venv/lib/python3.12/site-packages/airflow/example_dags/example_branch_operator.py
[2025-03-26T17:23:20.635+0000] {processor.py:914} INFO - Processing file /home/ubuntu/customer_churn_youtube_venv/lib/python3.12/site-packages/airflow/example_dags/example_branch_operator.py for tasks to queue
[2025-03-26T17:23:20.637+0000] {logging_mixin.py:190} INFO - [2025-03-26T17:23:20.637+0000] {dagbag.py:588} INFO - Filling up the DagBag from /home/ubuntu/customer_churn_youtube_venv/lib/python3.12/site-packages/airflow/example_dags/example_branch_operator.py
[2025-03-26T17:23:20.640+0000] {processor.py:927} WARNING - No viable dags retrieved from /home/ubuntu/customer_churn_youtube_venv/lib/python3.12/site-packages/airflow/example_dags/example_branch_operator.py
[2025-03-26T17:23:20.651+0000] {processor.py:208} INFO - Processing /home/ubuntu/customer_churn_youtube_venv/lib/python3.12/site-packages/airflow/example_dags/example_branch_operator.py took 0.023 seconds
[2025-03-26T17:24:36.084+0000] {processor.py:186} INFO - Started process (PID=6956) to work on /home/ubuntu/customer_churn_youtube_venv/lib/python3.12/site-packages/airflow/example_dags/example_branch_operator.py
[2025-03-26T17:24:36.086+0000] {processor.py:914} INFO - Processing file /home/ubuntu/customer_churn_youtube_venv/lib/python3.12/site-packages/airflow/example_dags/example_branch_operator.py for tasks to queue
[2025-03-26T17:24:36.088+0000] {logging_mixin.py:190} INFO - [2025-03-26T17:24:36.088+0000] {dagbag.py:588} INFO - Filling up the DagBag from /home/ubuntu/customer_churn_youtube_venv/lib/python3.12/site-packages/airflow/example_dags/example_branch_operator.py
[2025-03-26T17:24:36.091+0000] {processor.py:927} WARNING - No viable dags retrieved from /home/ubuntu/customer_churn_youtube_venv/lib/python3.12/site-packages/airflow/example_dags/example_branch_operator.py
[2025-03-26T17:24:36.101+0000] {processor.py:208} INFO - Processing /home/ubuntu/customer_churn_youtube_venv/lib/python3.12/site-packages/airflow/example_dags/example_branch_operator.py took 0.023 seconds
[2025-03-26T17:25:51.261+0000] {processor.py:186} INFO - Started process (PID=7038) to work on /home/ubuntu/customer_churn_youtube_venv/lib/python3.12/site-packages/airflow/example_dags/example_branch_operator.py
[2025-03-26T17:25:51.263+0000] {processor.py:914} INFO - Processing file /home/ubuntu/customer_churn_youtube_venv/lib/python3.12/site-packages/airflow/example_dags/example_branch_operator.py for tasks to queue
[2025-03-26T17:25:51.265+0000] {logging_mixin.py:190} INFO - [2025-03-26T17:25:51.264+0000] {dagbag.py:588} INFO - Filling up the DagBag from /home/ubuntu/customer_churn_youtube_venv/lib/python3.12/site-packages/airflow/example_dags/example_branch_operator.py
[2025-03-26T17:25:51.268+0000] {processor.py:927} WARNING - No viable dags retrieved from /home/ubuntu/customer_churn_youtube_venv/lib/python3.12/site-packages/airflow/example_dags/example_branch_operator.py
[2025-03-26T17:25:51.277+0000] {processor.py:208} INFO - Processing /home/ubuntu/customer_churn_youtube_venv/lib/python3.12/site-packages/airflow/example_dags/example_branch_operator.py took 0.022 seconds
[2025-03-26T17:27:08.597+0000] {processor.py:186} INFO - Started process (PID=7118) to work on /home/ubuntu/customer_churn_youtube_venv/lib/python3.12/site-packages/airflow/example_dags/example_branch_operator.py
[2025-03-26T17:27:08.599+0000] {processor.py:914} INFO - Processing file /home/ubuntu/customer_churn_youtube_venv/lib/python3.12/site-packages/airflow/example_dags/example_branch_operator.py for tasks to queue
[2025-03-26T17:27:08.603+0000] {logging_mixin.py:190} INFO - [2025-03-26T17:27:08.602+0000] {dagbag.py:588} INFO - Filling up the DagBag from /home/ubuntu/customer_churn_youtube_venv/lib/python3.12/site-packages/airflow/example_dags/example_branch_operator.py
[2025-03-26T17:27:08.605+0000] {processor.py:927} WARNING - No viable dags retrieved from /home/ubuntu/customer_churn_youtube_venv/lib/python3.12/site-packages/airflow/example_dags/example_branch_operator.py
[2025-03-26T17:27:08.616+0000] {processor.py:208} INFO - Processing /home/ubuntu/customer_churn_youtube_venv/lib/python3.12/site-packages/airflow/example_dags/example_branch_operator.py took 0.025 seconds
[2025-03-26T17:28:24.885+0000] {processor.py:186} INFO - Started process (PID=7244) to work on /home/ubuntu/customer_churn_youtube_venv/lib/python3.12/site-packages/airflow/example_dags/example_branch_operator.py
[2025-03-26T17:28:24.886+0000] {processor.py:914} INFO - Processing file /home/ubuntu/customer_churn_youtube_venv/lib/python3.12/site-packages/airflow/example_dags/example_branch_operator.py for tasks to queue
[2025-03-26T17:28:24.889+0000] {logging_mixin.py:190} INFO - [2025-03-26T17:28:24.888+0000] {dagbag.py:588} INFO - Filling up the DagBag from /home/ubuntu/customer_churn_youtube_venv/lib/python3.12/site-packages/airflow/example_dags/example_branch_operator.py
[2025-03-26T17:28:24.892+0000] {processor.py:927} WARNING - No viable dags retrieved from /home/ubuntu/customer_churn_youtube_venv/lib/python3.12/site-packages/airflow/example_dags/example_branch_operator.py
[2025-03-26T17:28:24.902+0000] {processor.py:208} INFO - Processing /home/ubuntu/customer_churn_youtube_venv/lib/python3.12/site-packages/airflow/example_dags/example_branch_operator.py took 0.023 seconds
[2025-03-26T17:29:39.636+0000] {processor.py:186} INFO - Started process (PID=7322) to work on /home/ubuntu/customer_churn_youtube_venv/lib/python3.12/site-packages/airflow/example_dags/example_branch_operator.py
[2025-03-26T17:29:39.637+0000] {processor.py:914} INFO - Processing file /home/ubuntu/customer_churn_youtube_venv/lib/python3.12/site-packages/airflow/example_dags/example_branch_operator.py for tasks to queue
[2025-03-26T17:29:39.639+0000] {logging_mixin.py:190} INFO - [2025-03-26T17:29:39.639+0000] {dagbag.py:588} INFO - Filling up the DagBag from /home/ubuntu/customer_churn_youtube_venv/lib/python3.12/site-packages/airflow/example_dags/example_branch_operator.py
[2025-03-26T17:29:39.643+0000] {processor.py:927} WARNING - No viable dags retrieved from /home/ubuntu/customer_churn_youtube_venv/lib/python3.12/site-packages/airflow/example_dags/example_branch_operator.py
[2025-03-26T17:29:39.654+0000] {processor.py:208} INFO - Processing /home/ubuntu/customer_churn_youtube_venv/lib/python3.12/site-packages/airflow/example_dags/example_branch_operator.py took 0.024 seconds
[2025-03-26T17:30:53.848+0000] {processor.py:186} INFO - Started process (PID=7403) to work on /home/ubuntu/customer_churn_youtube_venv/lib/python3.12/site-packages/airflow/example_dags/example_branch_operator.py
[2025-03-26T17:30:53.850+0000] {processor.py:914} INFO - Processing file /home/ubuntu/customer_churn_youtube_venv/lib/python3.12/site-packages/airflow/example_dags/example_branch_operator.py for tasks to queue
[2025-03-26T17:30:53.851+0000] {logging_mixin.py:190} INFO - [2025-03-26T17:30:53.851+0000] {dagbag.py:588} INFO - Filling up the DagBag from /home/ubuntu/customer_churn_youtube_venv/lib/python3.12/site-packages/airflow/example_dags/example_branch_operator.py
[2025-03-26T17:30:53.855+0000] {processor.py:927} WARNING - No viable dags retrieved from /home/ubuntu/customer_churn_youtube_venv/lib/python3.12/site-packages/airflow/example_dags/example_branch_operator.py
[2025-03-26T17:30:53.865+0000] {processor.py:208} INFO - Processing /home/ubuntu/customer_churn_youtube_venv/lib/python3.12/site-packages/airflow/example_dags/example_branch_operator.py took 0.022 seconds
[2025-03-26T17:32:10.351+0000] {processor.py:186} INFO - Started process (PID=7495) to work on /home/ubuntu/customer_churn_youtube_venv/lib/python3.12/site-packages/airflow/example_dags/example_branch_operator.py
[2025-03-26T17:32:10.352+0000] {processor.py:914} INFO - Processing file /home/ubuntu/customer_churn_youtube_venv/lib/python3.12/site-packages/airflow/example_dags/example_branch_operator.py for tasks to queue
[2025-03-26T17:32:10.354+0000] {logging_mixin.py:190} INFO - [2025-03-26T17:32:10.354+0000] {dagbag.py:588} INFO - Filling up the DagBag from /home/ubuntu/customer_churn_youtube_venv/lib/python3.12/site-packages/airflow/example_dags/example_branch_operator.py
[2025-03-26T17:32:10.357+0000] {processor.py:927} WARNING - No viable dags retrieved from /home/ubuntu/customer_churn_youtube_venv/lib/python3.12/site-packages/airflow/example_dags/example_branch_operator.py
[2025-03-26T17:32:10.368+0000] {processor.py:208} INFO - Processing /home/ubuntu/customer_churn_youtube_venv/lib/python3.12/site-packages/airflow/example_dags/example_branch_operator.py took 0.023 seconds
[2025-03-26T17:33:28.707+0000] {processor.py:186} INFO - Started process (PID=7603) to work on /home/ubuntu/customer_churn_youtube_venv/lib/python3.12/site-packages/airflow/example_dags/example_branch_operator.py
[2025-03-26T17:33:28.709+0000] {processor.py:914} INFO - Processing file /home/ubuntu/customer_churn_youtube_venv/lib/python3.12/site-packages/airflow/example_dags/example_branch_operator.py for tasks to queue
[2025-03-26T17:33:28.712+0000] {logging_mixin.py:190} INFO - [2025-03-26T17:33:28.711+0000] {dagbag.py:588} INFO - Filling up the DagBag from /home/ubuntu/customer_churn_youtube_venv/lib/python3.12/site-packages/airflow/example_dags/example_branch_operator.py
[2025-03-26T17:33:28.714+0000] {processor.py:927} WARNING - No viable dags retrieved from /home/ubuntu/customer_churn_youtube_venv/lib/python3.12/site-packages/airflow/example_dags/example_branch_operator.py
[2025-03-26T17:33:28.725+0000] {processor.py:208} INFO - Processing /home/ubuntu/customer_churn_youtube_venv/lib/python3.12/site-packages/airflow/example_dags/example_branch_operator.py took 0.023 seconds
[2025-03-26T17:34:45.834+0000] {processor.py:186} INFO - Started process (PID=7682) to work on /home/ubuntu/customer_churn_youtube_venv/lib/python3.12/site-packages/airflow/example_dags/example_branch_operator.py
[2025-03-26T17:34:45.835+0000] {processor.py:914} INFO - Processing file /home/ubuntu/customer_churn_youtube_venv/lib/python3.12/site-packages/airflow/example_dags/example_branch_operator.py for tasks to queue
[2025-03-26T17:34:45.837+0000] {logging_mixin.py:190} INFO - [2025-03-26T17:34:45.837+0000] {dagbag.py:588} INFO - Filling up the DagBag from /home/ubuntu/customer_churn_youtube_venv/lib/python3.12/site-packages/airflow/example_dags/example_branch_operator.py
[2025-03-26T17:34:45.840+0000] {processor.py:927} WARNING - No viable dags retrieved from /home/ubuntu/customer_churn_youtube_venv/lib/python3.12/site-packages/airflow/example_dags/example_branch_operator.py
[2025-03-26T17:34:45.850+0000] {processor.py:208} INFO - Processing /home/ubuntu/customer_churn_youtube_venv/lib/python3.12/site-packages/airflow/example_dags/example_branch_operator.py took 0.023 seconds
[2025-03-26T17:36:05.911+0000] {processor.py:186} INFO - Started process (PID=7771) to work on /home/ubuntu/customer_churn_youtube_venv/lib/python3.12/site-packages/airflow/example_dags/example_branch_operator.py
[2025-03-26T17:36:05.912+0000] {processor.py:914} INFO - Processing file /home/ubuntu/customer_churn_youtube_venv/lib/python3.12/site-packages/airflow/example_dags/example_branch_operator.py for tasks to queue
[2025-03-26T17:36:05.915+0000] {logging_mixin.py:190} INFO - [2025-03-26T17:36:05.915+0000] {dagbag.py:588} INFO - Filling up the DagBag from /home/ubuntu/customer_churn_youtube_venv/lib/python3.12/site-packages/airflow/example_dags/example_branch_operator.py
[2025-03-26T17:36:05.918+0000] {processor.py:927} WARNING - No viable dags retrieved from /home/ubuntu/customer_churn_youtube_venv/lib/python3.12/site-packages/airflow/example_dags/example_branch_operator.py
[2025-03-26T17:36:05.928+0000] {processor.py:208} INFO - Processing /home/ubuntu/customer_churn_youtube_venv/lib/python3.12/site-packages/airflow/example_dags/example_branch_operator.py took 0.023 seconds
