[2025-03-26T17:14:08.252+0000] {processor.py:186} INFO - Started process (PID=6306) to work on /home/ubuntu/customer_churn_youtube_venv/lib/python3.12/site-packages/airflow/example_dags/example_bash_decorator.py
[2025-03-26T17:14:08.253+0000] {processor.py:914} INFO - Processing file /home/ubuntu/customer_churn_youtube_venv/lib/python3.12/site-packages/airflow/example_dags/example_bash_decorator.py for tasks to queue
[2025-03-26T17:14:08.255+0000] {logging_mixin.py:190} INFO - [2025-03-26T17:14:08.255+0000] {dagbag.py:588} INFO - Filling up the DagBag from /home/ubuntu/customer_churn_youtube_venv/lib/python3.12/site-packages/airflow/example_dags/example_bash_decorator.py
[2025-03-26T17:14:08.270+0000] {processor.py:925} INFO - DAG(s) 'example_bash_decorator' retrieved from /home/ubuntu/customer_churn_youtube_venv/lib/python3.12/site-packages/airflow/example_dags/example_bash_decorator.py
[2025-03-26T17:14:08.375+0000] {logging_mixin.py:190} INFO - [2025-03-26T17:14:08.374+0000] {override.py:1930} INFO - Created Permission View: can edit on DAG:example_bash_decorator
[2025-03-26T17:14:08.387+0000] {logging_mixin.py:190} INFO - [2025-03-26T17:14:08.387+0000] {override.py:1930} INFO - Created Permission View: can read on DAG:example_bash_decorator
[2025-03-26T17:14:08.397+0000] {logging_mixin.py:190} INFO - [2025-03-26T17:14:08.397+0000] {override.py:1930} INFO - Created Permission View: can delete on DAG:example_bash_decorator
[2025-03-26T17:14:08.415+0000] {logging_mixin.py:190} INFO - [2025-03-26T17:14:08.414+0000] {override.py:1930} INFO - Created Permission View: menu access on DAG Run:example_bash_decorator
[2025-03-26T17:14:08.425+0000] {logging_mixin.py:190} INFO - [2025-03-26T17:14:08.425+0000] {override.py:1930} INFO - Created Permission View: can create on DAG Run:example_bash_decorator
[2025-03-26T17:14:08.435+0000] {logging_mixin.py:190} INFO - [2025-03-26T17:14:08.435+0000] {override.py:1930} INFO - Created Permission View: can delete on DAG Run:example_bash_decorator
[2025-03-26T17:14:08.445+0000] {logging_mixin.py:190} INFO - [2025-03-26T17:14:08.445+0000] {override.py:1930} INFO - Created Permission View: can read on DAG Run:example_bash_decorator
[2025-03-26T17:14:08.445+0000] {logging_mixin.py:190} INFO - [2025-03-26T17:14:08.445+0000] {dag.py:3239} INFO - Sync 1 DAGs
[2025-03-26T17:14:08.455+0000] {logging_mixin.py:190} INFO - [2025-03-26T17:14:08.455+0000] {dag.py:3262} INFO - Creating ORM DAG for example_bash_decorator
[2025-03-26T17:14:08.456+0000] {logging_mixin.py:190} INFO - [2025-03-26T17:14:08.456+0000] {dag.py:4180} INFO - Setting next_dagrun for example_bash_decorator to None, run_after=None
[2025-03-26T17:14:08.478+0000] {processor.py:208} INFO - Processing /home/ubuntu/customer_churn_youtube_venv/lib/python3.12/site-packages/airflow/example_dags/example_bash_decorator.py took 0.231 seconds
[2025-03-26T17:15:10.429+0000] {processor.py:186} INFO - Started process (PID=6373) to work on /home/ubuntu/customer_churn_youtube_venv/lib/python3.12/site-packages/airflow/example_dags/example_bash_decorator.py
[2025-03-26T17:15:10.431+0000] {processor.py:914} INFO - Processing file /home/ubuntu/customer_churn_youtube_venv/lib/python3.12/site-packages/airflow/example_dags/example_bash_decorator.py for tasks to queue
[2025-03-26T17:15:10.433+0000] {logging_mixin.py:190} INFO - [2025-03-26T17:15:10.432+0000] {dagbag.py:588} INFO - Filling up the DagBag from /home/ubuntu/customer_churn_youtube_venv/lib/python3.12/site-packages/airflow/example_dags/example_bash_decorator.py
[2025-03-26T17:15:10.448+0000] {processor.py:925} INFO - DAG(s) 'example_bash_decorator' retrieved from /home/ubuntu/customer_churn_youtube_venv/lib/python3.12/site-packages/airflow/example_dags/example_bash_decorator.py
[2025-03-26T17:15:10.465+0000] {logging_mixin.py:190} INFO - [2025-03-26T17:15:10.465+0000] {dag.py:3239} INFO - Sync 1 DAGs
[2025-03-26T17:15:10.477+0000] {logging_mixin.py:190} INFO - [2025-03-26T17:15:10.477+0000] {dag.py:4180} INFO - Setting next_dagrun for example_bash_decorator to None, run_after=None
[2025-03-26T17:15:10.497+0000] {processor.py:208} INFO - Processing /home/ubuntu/customer_churn_youtube_venv/lib/python3.12/site-packages/airflow/example_dags/example_bash_decorator.py took 0.074 seconds
[2025-03-26T17:16:05.849+0000] {processor.py:186} INFO - Started process (PID=6430) to work on /home/ubuntu/customer_churn_youtube_venv/lib/python3.12/site-packages/airflow/example_dags/example_bash_decorator.py
[2025-03-26T17:16:05.852+0000] {processor.py:914} INFO - Processing file /home/ubuntu/customer_churn_youtube_venv/lib/python3.12/site-packages/airflow/example_dags/example_bash_decorator.py for tasks to queue
[2025-03-26T17:16:05.853+0000] {logging_mixin.py:190} INFO - [2025-03-26T17:16:05.853+0000] {dagbag.py:588} INFO - Filling up the DagBag from /home/ubuntu/customer_churn_youtube_venv/lib/python3.12/site-packages/airflow/example_dags/example_bash_decorator.py
[2025-03-26T17:16:05.868+0000] {processor.py:925} INFO - DAG(s) 'example_bash_decorator' retrieved from /home/ubuntu/customer_churn_youtube_venv/lib/python3.12/site-packages/airflow/example_dags/example_bash_decorator.py
[2025-03-26T17:16:05.886+0000] {logging_mixin.py:190} INFO - [2025-03-26T17:16:05.886+0000] {dag.py:3239} INFO - Sync 1 DAGs
[2025-03-26T17:16:05.897+0000] {logging_mixin.py:190} INFO - [2025-03-26T17:16:05.897+0000] {dag.py:4180} INFO - Setting next_dagrun for example_bash_decorator to None, run_after=None
[2025-03-26T17:16:05.917+0000] {processor.py:208} INFO - Processing /home/ubuntu/customer_churn_youtube_venv/lib/python3.12/site-packages/airflow/example_dags/example_bash_decorator.py took 0.073 seconds
[2025-03-26T17:17:24.189+0000] {processor.py:186} INFO - Started process (PID=6514) to work on /home/ubuntu/customer_churn_youtube_venv/lib/python3.12/site-packages/airflow/example_dags/example_bash_decorator.py
[2025-03-26T17:17:24.190+0000] {processor.py:914} INFO - Processing file /home/ubuntu/customer_churn_youtube_venv/lib/python3.12/site-packages/airflow/example_dags/example_bash_decorator.py for tasks to queue
[2025-03-26T17:17:24.192+0000] {logging_mixin.py:190} INFO - [2025-03-26T17:17:24.192+0000] {dagbag.py:588} INFO - Filling up the DagBag from /home/ubuntu/customer_churn_youtube_venv/lib/python3.12/site-packages/airflow/example_dags/example_bash_decorator.py
[2025-03-26T17:17:24.207+0000] {processor.py:925} INFO - DAG(s) 'example_bash_decorator' retrieved from /home/ubuntu/customer_churn_youtube_venv/lib/python3.12/site-packages/airflow/example_dags/example_bash_decorator.py
[2025-03-26T17:17:24.225+0000] {logging_mixin.py:190} INFO - [2025-03-26T17:17:24.225+0000] {dag.py:3239} INFO - Sync 1 DAGs
[2025-03-26T17:17:24.236+0000] {logging_mixin.py:190} INFO - [2025-03-26T17:17:24.236+0000] {dag.py:4180} INFO - Setting next_dagrun for example_bash_decorator to None, run_after=None
[2025-03-26T17:17:24.257+0000] {processor.py:208} INFO - Processing /home/ubuntu/customer_churn_youtube_venv/lib/python3.12/site-packages/airflow/example_dags/example_bash_decorator.py took 0.074 seconds
[2025-03-26T17:18:20.902+0000] {processor.py:186} INFO - Started process (PID=6571) to work on /home/ubuntu/customer_churn_youtube_venv/lib/python3.12/site-packages/airflow/example_dags/example_bash_decorator.py
[2025-03-26T17:18:20.904+0000] {processor.py:914} INFO - Processing file /home/ubuntu/customer_churn_youtube_venv/lib/python3.12/site-packages/airflow/example_dags/example_bash_decorator.py for tasks to queue
[2025-03-26T17:18:20.906+0000] {logging_mixin.py:190} INFO - [2025-03-26T17:18:20.906+0000] {dagbag.py:588} INFO - Filling up the DagBag from /home/ubuntu/customer_churn_youtube_venv/lib/python3.12/site-packages/airflow/example_dags/example_bash_decorator.py
[2025-03-26T17:18:20.923+0000] {processor.py:925} INFO - DAG(s) 'example_bash_decorator' retrieved from /home/ubuntu/customer_churn_youtube_venv/lib/python3.12/site-packages/airflow/example_dags/example_bash_decorator.py
[2025-03-26T17:18:20.941+0000] {logging_mixin.py:190} INFO - [2025-03-26T17:18:20.941+0000] {dag.py:3239} INFO - Sync 1 DAGs
[2025-03-26T17:18:20.953+0000] {logging_mixin.py:190} INFO - [2025-03-26T17:18:20.953+0000] {dag.py:4180} INFO - Setting next_dagrun for example_bash_decorator to None, run_after=None
[2025-03-26T17:18:20.974+0000] {processor.py:208} INFO - Processing /home/ubuntu/customer_churn_youtube_venv/lib/python3.12/site-packages/airflow/example_dags/example_bash_decorator.py took 0.078 seconds
[2025-03-26T17:19:43.587+0000] {processor.py:186} INFO - Started process (PID=6651) to work on /home/ubuntu/customer_churn_youtube_venv/lib/python3.12/site-packages/airflow/example_dags/example_bash_decorator.py
[2025-03-26T17:19:43.588+0000] {processor.py:914} INFO - Processing file /home/ubuntu/customer_churn_youtube_venv/lib/python3.12/site-packages/airflow/example_dags/example_bash_decorator.py for tasks to queue
[2025-03-26T17:19:43.591+0000] {logging_mixin.py:190} INFO - [2025-03-26T17:19:43.591+0000] {dagbag.py:588} INFO - Filling up the DagBag from /home/ubuntu/customer_churn_youtube_venv/lib/python3.12/site-packages/airflow/example_dags/example_bash_decorator.py
[2025-03-26T17:19:43.605+0000] {processor.py:925} INFO - DAG(s) 'example_bash_decorator' retrieved from /home/ubuntu/customer_churn_youtube_venv/lib/python3.12/site-packages/airflow/example_dags/example_bash_decorator.py
[2025-03-26T17:19:43.623+0000] {logging_mixin.py:190} INFO - [2025-03-26T17:19:43.623+0000] {dag.py:3239} INFO - Sync 1 DAGs
[2025-03-26T17:19:43.635+0000] {logging_mixin.py:190} INFO - [2025-03-26T17:19:43.635+0000] {dag.py:4180} INFO - Setting next_dagrun for example_bash_decorator to None, run_after=None
[2025-03-26T17:19:43.659+0000] {processor.py:208} INFO - Processing /home/ubuntu/customer_churn_youtube_venv/lib/python3.12/site-packages/airflow/example_dags/example_bash_decorator.py took 0.077 seconds
[2025-03-26T17:20:41.765+0000] {processor.py:186} INFO - Started process (PID=6715) to work on /home/ubuntu/customer_churn_youtube_venv/lib/python3.12/site-packages/airflow/example_dags/example_bash_decorator.py
[2025-03-26T17:20:41.766+0000] {processor.py:914} INFO - Processing file /home/ubuntu/customer_churn_youtube_venv/lib/python3.12/site-packages/airflow/example_dags/example_bash_decorator.py for tasks to queue
[2025-03-26T17:20:41.768+0000] {logging_mixin.py:190} INFO - [2025-03-26T17:20:41.768+0000] {dagbag.py:588} INFO - Filling up the DagBag from /home/ubuntu/customer_churn_youtube_venv/lib/python3.12/site-packages/airflow/example_dags/example_bash_decorator.py
[2025-03-26T17:20:41.783+0000] {processor.py:925} INFO - DAG(s) 'example_bash_decorator' retrieved from /home/ubuntu/customer_churn_youtube_venv/lib/python3.12/site-packages/airflow/example_dags/example_bash_decorator.py
[2025-03-26T17:20:41.801+0000] {logging_mixin.py:190} INFO - [2025-03-26T17:20:41.800+0000] {dag.py:3239} INFO - Sync 1 DAGs
[2025-03-26T17:20:41.812+0000] {logging_mixin.py:190} INFO - [2025-03-26T17:20:41.812+0000] {dag.py:4180} INFO - Setting next_dagrun for example_bash_decorator to None, run_after=None
[2025-03-26T17:20:41.833+0000] {processor.py:208} INFO - Processing /home/ubuntu/customer_churn_youtube_venv/lib/python3.12/site-packages/airflow/example_dags/example_bash_decorator.py took 0.073 seconds
[2025-03-26T17:22:01.578+0000] {processor.py:186} INFO - Started process (PID=6797) to work on /home/ubuntu/customer_churn_youtube_venv/lib/python3.12/site-packages/airflow/example_dags/example_bash_decorator.py
[2025-03-26T17:22:01.579+0000] {processor.py:914} INFO - Processing file /home/ubuntu/customer_churn_youtube_venv/lib/python3.12/site-packages/airflow/example_dags/example_bash_decorator.py for tasks to queue
[2025-03-26T17:22:01.582+0000] {logging_mixin.py:190} INFO - [2025-03-26T17:22:01.582+0000] {dagbag.py:588} INFO - Filling up the DagBag from /home/ubuntu/customer_churn_youtube_venv/lib/python3.12/site-packages/airflow/example_dags/example_bash_decorator.py
[2025-03-26T17:22:01.600+0000] {processor.py:925} INFO - DAG(s) 'example_bash_decorator' retrieved from /home/ubuntu/customer_churn_youtube_venv/lib/python3.12/site-packages/airflow/example_dags/example_bash_decorator.py
[2025-03-26T17:22:01.620+0000] {logging_mixin.py:190} INFO - [2025-03-26T17:22:01.619+0000] {dag.py:3239} INFO - Sync 1 DAGs
[2025-03-26T17:22:01.633+0000] {logging_mixin.py:190} INFO - [2025-03-26T17:22:01.633+0000] {dag.py:4180} INFO - Setting next_dagrun for example_bash_decorator to None, run_after=None
[2025-03-26T17:22:01.660+0000] {processor.py:208} INFO - Processing /home/ubuntu/customer_churn_youtube_venv/lib/python3.12/site-packages/airflow/example_dags/example_bash_decorator.py took 0.088 seconds
[2025-03-26T17:23:18.906+0000] {processor.py:186} INFO - Started process (PID=6876) to work on /home/ubuntu/customer_churn_youtube_venv/lib/python3.12/site-packages/airflow/example_dags/example_bash_decorator.py
[2025-03-26T17:23:18.908+0000] {processor.py:914} INFO - Processing file /home/ubuntu/customer_churn_youtube_venv/lib/python3.12/site-packages/airflow/example_dags/example_bash_decorator.py for tasks to queue
[2025-03-26T17:23:18.909+0000] {logging_mixin.py:190} INFO - [2025-03-26T17:23:18.909+0000] {dagbag.py:588} INFO - Filling up the DagBag from /home/ubuntu/customer_churn_youtube_venv/lib/python3.12/site-packages/airflow/example_dags/example_bash_decorator.py
[2025-03-26T17:23:18.925+0000] {processor.py:925} INFO - DAG(s) 'example_bash_decorator' retrieved from /home/ubuntu/customer_churn_youtube_venv/lib/python3.12/site-packages/airflow/example_dags/example_bash_decorator.py
[2025-03-26T17:23:18.943+0000] {logging_mixin.py:190} INFO - [2025-03-26T17:23:18.943+0000] {dag.py:3239} INFO - Sync 1 DAGs
[2025-03-26T17:23:18.955+0000] {logging_mixin.py:190} INFO - [2025-03-26T17:23:18.955+0000] {dag.py:4180} INFO - Setting next_dagrun for example_bash_decorator to None, run_after=None
[2025-03-26T17:23:18.976+0000] {processor.py:208} INFO - Processing /home/ubuntu/customer_churn_youtube_venv/lib/python3.12/site-packages/airflow/example_dags/example_bash_decorator.py took 0.076 seconds
[2025-03-26T17:24:33.808+0000] {processor.py:186} INFO - Started process (PID=6954) to work on /home/ubuntu/customer_churn_youtube_venv/lib/python3.12/site-packages/airflow/example_dags/example_bash_decorator.py
[2025-03-26T17:24:33.811+0000] {processor.py:914} INFO - Processing file /home/ubuntu/customer_churn_youtube_venv/lib/python3.12/site-packages/airflow/example_dags/example_bash_decorator.py for tasks to queue
[2025-03-26T17:24:33.813+0000] {logging_mixin.py:190} INFO - [2025-03-26T17:24:33.812+0000] {dagbag.py:588} INFO - Filling up the DagBag from /home/ubuntu/customer_churn_youtube_venv/lib/python3.12/site-packages/airflow/example_dags/example_bash_decorator.py
[2025-03-26T17:24:33.827+0000] {processor.py:925} INFO - DAG(s) 'example_bash_decorator' retrieved from /home/ubuntu/customer_churn_youtube_venv/lib/python3.12/site-packages/airflow/example_dags/example_bash_decorator.py
[2025-03-26T17:24:33.845+0000] {logging_mixin.py:190} INFO - [2025-03-26T17:24:33.844+0000] {dag.py:3239} INFO - Sync 1 DAGs
[2025-03-26T17:24:33.855+0000] {logging_mixin.py:190} INFO - [2025-03-26T17:24:33.855+0000] {dag.py:4180} INFO - Setting next_dagrun for example_bash_decorator to None, run_after=None
[2025-03-26T17:24:33.876+0000] {processor.py:208} INFO - Processing /home/ubuntu/customer_churn_youtube_venv/lib/python3.12/site-packages/airflow/example_dags/example_bash_decorator.py took 0.073 seconds
[2025-03-26T17:25:49.623+0000] {processor.py:186} INFO - Started process (PID=7036) to work on /home/ubuntu/customer_churn_youtube_venv/lib/python3.12/site-packages/airflow/example_dags/example_bash_decorator.py
[2025-03-26T17:25:49.624+0000] {processor.py:914} INFO - Processing file /home/ubuntu/customer_churn_youtube_venv/lib/python3.12/site-packages/airflow/example_dags/example_bash_decorator.py for tasks to queue
[2025-03-26T17:25:49.626+0000] {logging_mixin.py:190} INFO - [2025-03-26T17:25:49.626+0000] {dagbag.py:588} INFO - Filling up the DagBag from /home/ubuntu/customer_churn_youtube_venv/lib/python3.12/site-packages/airflow/example_dags/example_bash_decorator.py
[2025-03-26T17:25:49.642+0000] {processor.py:925} INFO - DAG(s) 'example_bash_decorator' retrieved from /home/ubuntu/customer_churn_youtube_venv/lib/python3.12/site-packages/airflow/example_dags/example_bash_decorator.py
[2025-03-26T17:25:49.659+0000] {logging_mixin.py:190} INFO - [2025-03-26T17:25:49.658+0000] {dag.py:3239} INFO - Sync 1 DAGs
[2025-03-26T17:25:49.670+0000] {logging_mixin.py:190} INFO - [2025-03-26T17:25:49.670+0000] {dag.py:4180} INFO - Setting next_dagrun for example_bash_decorator to None, run_after=None
[2025-03-26T17:25:49.693+0000] {processor.py:208} INFO - Processing /home/ubuntu/customer_churn_youtube_venv/lib/python3.12/site-packages/airflow/example_dags/example_bash_decorator.py took 0.076 seconds
[2025-03-26T17:27:06.414+0000] {processor.py:186} INFO - Started process (PID=7116) to work on /home/ubuntu/customer_churn_youtube_venv/lib/python3.12/site-packages/airflow/example_dags/example_bash_decorator.py
[2025-03-26T17:27:06.417+0000] {processor.py:914} INFO - Processing file /home/ubuntu/customer_churn_youtube_venv/lib/python3.12/site-packages/airflow/example_dags/example_bash_decorator.py for tasks to queue
[2025-03-26T17:27:06.419+0000] {logging_mixin.py:190} INFO - [2025-03-26T17:27:06.419+0000] {dagbag.py:588} INFO - Filling up the DagBag from /home/ubuntu/customer_churn_youtube_venv/lib/python3.12/site-packages/airflow/example_dags/example_bash_decorator.py
[2025-03-26T17:27:06.434+0000] {processor.py:925} INFO - DAG(s) 'example_bash_decorator' retrieved from /home/ubuntu/customer_churn_youtube_venv/lib/python3.12/site-packages/airflow/example_dags/example_bash_decorator.py
[2025-03-26T17:27:06.452+0000] {logging_mixin.py:190} INFO - [2025-03-26T17:27:06.452+0000] {dag.py:3239} INFO - Sync 1 DAGs
[2025-03-26T17:27:06.464+0000] {logging_mixin.py:190} INFO - [2025-03-26T17:27:06.464+0000] {dag.py:4180} INFO - Setting next_dagrun for example_bash_decorator to None, run_after=None
[2025-03-26T17:27:06.485+0000] {processor.py:208} INFO - Processing /home/ubuntu/customer_churn_youtube_venv/lib/python3.12/site-packages/airflow/example_dags/example_bash_decorator.py took 0.075 seconds
[2025-03-26T17:28:23.159+0000] {processor.py:186} INFO - Started process (PID=7242) to work on /home/ubuntu/customer_churn_youtube_venv/lib/python3.12/site-packages/airflow/example_dags/example_bash_decorator.py
[2025-03-26T17:28:23.161+0000] {processor.py:914} INFO - Processing file /home/ubuntu/customer_churn_youtube_venv/lib/python3.12/site-packages/airflow/example_dags/example_bash_decorator.py for tasks to queue
[2025-03-26T17:28:23.163+0000] {logging_mixin.py:190} INFO - [2025-03-26T17:28:23.163+0000] {dagbag.py:588} INFO - Filling up the DagBag from /home/ubuntu/customer_churn_youtube_venv/lib/python3.12/site-packages/airflow/example_dags/example_bash_decorator.py
[2025-03-26T17:28:23.178+0000] {processor.py:925} INFO - DAG(s) 'example_bash_decorator' retrieved from /home/ubuntu/customer_churn_youtube_venv/lib/python3.12/site-packages/airflow/example_dags/example_bash_decorator.py
[2025-03-26T17:28:23.196+0000] {logging_mixin.py:190} INFO - [2025-03-26T17:28:23.196+0000] {dag.py:3239} INFO - Sync 1 DAGs
[2025-03-26T17:28:23.208+0000] {logging_mixin.py:190} INFO - [2025-03-26T17:28:23.207+0000] {dag.py:4180} INFO - Setting next_dagrun for example_bash_decorator to None, run_after=None
[2025-03-26T17:28:23.229+0000] {processor.py:208} INFO - Processing /home/ubuntu/customer_churn_youtube_venv/lib/python3.12/site-packages/airflow/example_dags/example_bash_decorator.py took 0.075 seconds
[2025-03-26T17:29:38.224+0000] {processor.py:186} INFO - Started process (PID=7320) to work on /home/ubuntu/customer_churn_youtube_venv/lib/python3.12/site-packages/airflow/example_dags/example_bash_decorator.py
[2025-03-26T17:29:38.226+0000] {processor.py:914} INFO - Processing file /home/ubuntu/customer_churn_youtube_venv/lib/python3.12/site-packages/airflow/example_dags/example_bash_decorator.py for tasks to queue
[2025-03-26T17:29:38.228+0000] {logging_mixin.py:190} INFO - [2025-03-26T17:29:38.228+0000] {dagbag.py:588} INFO - Filling up the DagBag from /home/ubuntu/customer_churn_youtube_venv/lib/python3.12/site-packages/airflow/example_dags/example_bash_decorator.py
[2025-03-26T17:29:38.243+0000] {processor.py:925} INFO - DAG(s) 'example_bash_decorator' retrieved from /home/ubuntu/customer_churn_youtube_venv/lib/python3.12/site-packages/airflow/example_dags/example_bash_decorator.py
[2025-03-26T17:29:38.260+0000] {logging_mixin.py:190} INFO - [2025-03-26T17:29:38.260+0000] {dag.py:3239} INFO - Sync 1 DAGs
[2025-03-26T17:29:38.272+0000] {logging_mixin.py:190} INFO - [2025-03-26T17:29:38.272+0000] {dag.py:4180} INFO - Setting next_dagrun for example_bash_decorator to None, run_after=None
[2025-03-26T17:29:38.293+0000] {processor.py:208} INFO - Processing /home/ubuntu/customer_churn_youtube_venv/lib/python3.12/site-packages/airflow/example_dags/example_bash_decorator.py took 0.074 seconds
[2025-03-26T17:30:51.575+0000] {processor.py:186} INFO - Started process (PID=7401) to work on /home/ubuntu/customer_churn_youtube_venv/lib/python3.12/site-packages/airflow/example_dags/example_bash_decorator.py
[2025-03-26T17:30:51.577+0000] {processor.py:914} INFO - Processing file /home/ubuntu/customer_churn_youtube_venv/lib/python3.12/site-packages/airflow/example_dags/example_bash_decorator.py for tasks to queue
[2025-03-26T17:30:51.579+0000] {logging_mixin.py:190} INFO - [2025-03-26T17:30:51.578+0000] {dagbag.py:588} INFO - Filling up the DagBag from /home/ubuntu/customer_churn_youtube_venv/lib/python3.12/site-packages/airflow/example_dags/example_bash_decorator.py
[2025-03-26T17:30:51.594+0000] {processor.py:925} INFO - DAG(s) 'example_bash_decorator' retrieved from /home/ubuntu/customer_churn_youtube_venv/lib/python3.12/site-packages/airflow/example_dags/example_bash_decorator.py
[2025-03-26T17:30:51.612+0000] {logging_mixin.py:190} INFO - [2025-03-26T17:30:51.612+0000] {dag.py:3239} INFO - Sync 1 DAGs
[2025-03-26T17:30:51.623+0000] {logging_mixin.py:190} INFO - [2025-03-26T17:30:51.623+0000] {dag.py:4180} INFO - Setting next_dagrun for example_bash_decorator to None, run_after=None
[2025-03-26T17:30:51.646+0000] {processor.py:208} INFO - Processing /home/ubuntu/customer_churn_youtube_venv/lib/python3.12/site-packages/airflow/example_dags/example_bash_decorator.py took 0.076 seconds
[2025-03-26T17:32:08.306+0000] {processor.py:186} INFO - Started process (PID=7493) to work on /home/ubuntu/customer_churn_youtube_venv/lib/python3.12/site-packages/airflow/example_dags/example_bash_decorator.py
[2025-03-26T17:32:08.308+0000] {processor.py:914} INFO - Processing file /home/ubuntu/customer_churn_youtube_venv/lib/python3.12/site-packages/airflow/example_dags/example_bash_decorator.py for tasks to queue
[2025-03-26T17:32:08.310+0000] {logging_mixin.py:190} INFO - [2025-03-26T17:32:08.309+0000] {dagbag.py:588} INFO - Filling up the DagBag from /home/ubuntu/customer_churn_youtube_venv/lib/python3.12/site-packages/airflow/example_dags/example_bash_decorator.py
[2025-03-26T17:32:08.325+0000] {processor.py:925} INFO - DAG(s) 'example_bash_decorator' retrieved from /home/ubuntu/customer_churn_youtube_venv/lib/python3.12/site-packages/airflow/example_dags/example_bash_decorator.py
[2025-03-26T17:32:08.343+0000] {logging_mixin.py:190} INFO - [2025-03-26T17:32:08.343+0000] {dag.py:3239} INFO - Sync 1 DAGs
[2025-03-26T17:32:08.354+0000] {logging_mixin.py:190} INFO - [2025-03-26T17:32:08.354+0000] {dag.py:4180} INFO - Setting next_dagrun for example_bash_decorator to None, run_after=None
[2025-03-26T17:32:08.377+0000] {processor.py:208} INFO - Processing /home/ubuntu/customer_churn_youtube_venv/lib/python3.12/site-packages/airflow/example_dags/example_bash_decorator.py took 0.077 seconds
[2025-03-26T17:33:26.433+0000] {processor.py:186} INFO - Started process (PID=7601) to work on /home/ubuntu/customer_churn_youtube_venv/lib/python3.12/site-packages/airflow/example_dags/example_bash_decorator.py
[2025-03-26T17:33:26.435+0000] {processor.py:914} INFO - Processing file /home/ubuntu/customer_churn_youtube_venv/lib/python3.12/site-packages/airflow/example_dags/example_bash_decorator.py for tasks to queue
[2025-03-26T17:33:26.437+0000] {logging_mixin.py:190} INFO - [2025-03-26T17:33:26.436+0000] {dagbag.py:588} INFO - Filling up the DagBag from /home/ubuntu/customer_churn_youtube_venv/lib/python3.12/site-packages/airflow/example_dags/example_bash_decorator.py
[2025-03-26T17:33:26.452+0000] {processor.py:925} INFO - DAG(s) 'example_bash_decorator' retrieved from /home/ubuntu/customer_churn_youtube_venv/lib/python3.12/site-packages/airflow/example_dags/example_bash_decorator.py
[2025-03-26T17:33:26.470+0000] {logging_mixin.py:190} INFO - [2025-03-26T17:33:26.470+0000] {dag.py:3239} INFO - Sync 1 DAGs
[2025-03-26T17:33:26.481+0000] {logging_mixin.py:190} INFO - [2025-03-26T17:33:26.481+0000] {dag.py:4180} INFO - Setting next_dagrun for example_bash_decorator to None, run_after=None
[2025-03-26T17:33:26.503+0000] {processor.py:208} INFO - Processing /home/ubuntu/customer_churn_youtube_venv/lib/python3.12/site-packages/airflow/example_dags/example_bash_decorator.py took 0.075 seconds
[2025-03-26T17:34:43.562+0000] {processor.py:186} INFO - Started process (PID=7680) to work on /home/ubuntu/customer_churn_youtube_venv/lib/python3.12/site-packages/airflow/example_dags/example_bash_decorator.py
[2025-03-26T17:34:43.563+0000] {processor.py:914} INFO - Processing file /home/ubuntu/customer_churn_youtube_venv/lib/python3.12/site-packages/airflow/example_dags/example_bash_decorator.py for tasks to queue
[2025-03-26T17:34:43.565+0000] {logging_mixin.py:190} INFO - [2025-03-26T17:34:43.565+0000] {dagbag.py:588} INFO - Filling up the DagBag from /home/ubuntu/customer_churn_youtube_venv/lib/python3.12/site-packages/airflow/example_dags/example_bash_decorator.py
[2025-03-26T17:34:43.581+0000] {processor.py:925} INFO - DAG(s) 'example_bash_decorator' retrieved from /home/ubuntu/customer_churn_youtube_venv/lib/python3.12/site-packages/airflow/example_dags/example_bash_decorator.py
[2025-03-26T17:34:43.599+0000] {logging_mixin.py:190} INFO - [2025-03-26T17:34:43.599+0000] {dag.py:3239} INFO - Sync 1 DAGs
[2025-03-26T17:34:43.610+0000] {logging_mixin.py:190} INFO - [2025-03-26T17:34:43.610+0000] {dag.py:4180} INFO - Setting next_dagrun for example_bash_decorator to None, run_after=None
[2025-03-26T17:34:43.633+0000] {processor.py:208} INFO - Processing /home/ubuntu/customer_churn_youtube_venv/lib/python3.12/site-packages/airflow/example_dags/example_bash_decorator.py took 0.077 seconds
[2025-03-26T17:36:03.616+0000] {processor.py:186} INFO - Started process (PID=7769) to work on /home/ubuntu/customer_churn_youtube_venv/lib/python3.12/site-packages/airflow/example_dags/example_bash_decorator.py
[2025-03-26T17:36:03.617+0000] {processor.py:914} INFO - Processing file /home/ubuntu/customer_churn_youtube_venv/lib/python3.12/site-packages/airflow/example_dags/example_bash_decorator.py for tasks to queue
[2025-03-26T17:36:03.619+0000] {logging_mixin.py:190} INFO - [2025-03-26T17:36:03.619+0000] {dagbag.py:588} INFO - Filling up the DagBag from /home/ubuntu/customer_churn_youtube_venv/lib/python3.12/site-packages/airflow/example_dags/example_bash_decorator.py
[2025-03-26T17:36:03.635+0000] {processor.py:925} INFO - DAG(s) 'example_bash_decorator' retrieved from /home/ubuntu/customer_churn_youtube_venv/lib/python3.12/site-packages/airflow/example_dags/example_bash_decorator.py
[2025-03-26T17:36:03.653+0000] {logging_mixin.py:190} INFO - [2025-03-26T17:36:03.653+0000] {dag.py:3239} INFO - Sync 1 DAGs
[2025-03-26T17:36:03.666+0000] {logging_mixin.py:190} INFO - [2025-03-26T17:36:03.665+0000] {dag.py:4180} INFO - Setting next_dagrun for example_bash_decorator to None, run_after=None
[2025-03-26T17:36:03.689+0000] {processor.py:208} INFO - Processing /home/ubuntu/customer_churn_youtube_venv/lib/python3.12/site-packages/airflow/example_dags/example_bash_decorator.py took 0.079 seconds
