[2025-03-26T17:14:07.247+0000] {processor.py:186} INFO - Started process (PID=6305) to work on /home/ubuntu/customer_churn_youtube_venv/lib/python3.12/site-packages/airflow/example_dags/example_branch_operator_decorator.py
[2025-03-26T17:14:07.248+0000] {processor.py:914} INFO - Processing file /home/ubuntu/customer_churn_youtube_venv/lib/python3.12/site-packages/airflow/example_dags/example_branch_operator_decorator.py for tasks to queue
[2025-03-26T17:14:07.249+0000] {logging_mixin.py:190} INFO - [2025-03-26T17:14:07.249+0000] {dagbag.py:588} INFO - Filling up the DagBag from /home/ubuntu/customer_churn_youtube_venv/lib/python3.12/site-packages/airflow/example_dags/example_branch_operator_decorator.py
[2025-03-26T17:14:07.252+0000] {processor.py:927} WARNING - No viable dags retrieved from /home/ubuntu/customer_churn_youtube_venv/lib/python3.12/site-packages/airflow/example_dags/example_branch_operator_decorator.py
[2025-03-26T17:14:07.261+0000] {processor.py:208} INFO - Processing /home/ubuntu/customer_churn_youtube_venv/lib/python3.12/site-packages/airflow/example_dags/example_branch_operator_decorator.py took 0.021 seconds
[2025-03-26T17:15:09.414+0000] {processor.py:186} INFO - Started process (PID=6372) to work on /home/ubuntu/customer_churn_youtube_venv/lib/python3.12/site-packages/airflow/example_dags/example_branch_operator_decorator.py
[2025-03-26T17:15:09.417+0000] {processor.py:914} INFO - Processing file /home/ubuntu/customer_churn_youtube_venv/lib/python3.12/site-packages/airflow/example_dags/example_branch_operator_decorator.py for tasks to queue
[2025-03-26T17:15:09.418+0000] {logging_mixin.py:190} INFO - [2025-03-26T17:15:09.418+0000] {dagbag.py:588} INFO - Filling up the DagBag from /home/ubuntu/customer_churn_youtube_venv/lib/python3.12/site-packages/airflow/example_dags/example_branch_operator_decorator.py
[2025-03-26T17:15:09.420+0000] {processor.py:927} WARNING - No viable dags retrieved from /home/ubuntu/customer_churn_youtube_venv/lib/python3.12/site-packages/airflow/example_dags/example_branch_operator_decorator.py
[2025-03-26T17:15:09.431+0000] {processor.py:208} INFO - Processing /home/ubuntu/customer_churn_youtube_venv/lib/python3.12/site-packages/airflow/example_dags/example_branch_operator_decorator.py took 0.022 seconds
[2025-03-26T17:16:04.928+0000] {processor.py:186} INFO - Started process (PID=6429) to work on /home/ubuntu/customer_churn_youtube_venv/lib/python3.12/site-packages/airflow/example_dags/example_branch_operator_decorator.py
[2025-03-26T17:16:04.930+0000] {processor.py:914} INFO - Processing file /home/ubuntu/customer_churn_youtube_venv/lib/python3.12/site-packages/airflow/example_dags/example_branch_operator_decorator.py for tasks to queue
[2025-03-26T17:16:04.932+0000] {logging_mixin.py:190} INFO - [2025-03-26T17:16:04.931+0000] {dagbag.py:588} INFO - Filling up the DagBag from /home/ubuntu/customer_churn_youtube_venv/lib/python3.12/site-packages/airflow/example_dags/example_branch_operator_decorator.py
[2025-03-26T17:16:04.935+0000] {processor.py:927} WARNING - No viable dags retrieved from /home/ubuntu/customer_churn_youtube_venv/lib/python3.12/site-packages/airflow/example_dags/example_branch_operator_decorator.py
[2025-03-26T17:16:04.945+0000] {processor.py:208} INFO - Processing /home/ubuntu/customer_churn_youtube_venv/lib/python3.12/site-packages/airflow/example_dags/example_branch_operator_decorator.py took 0.022 seconds
[2025-03-26T17:17:23.912+0000] {processor.py:186} INFO - Started process (PID=6513) to work on /home/ubuntu/customer_churn_youtube_venv/lib/python3.12/site-packages/airflow/example_dags/example_branch_operator_decorator.py
[2025-03-26T17:17:23.914+0000] {processor.py:914} INFO - Processing file /home/ubuntu/customer_churn_youtube_venv/lib/python3.12/site-packages/airflow/example_dags/example_branch_operator_decorator.py for tasks to queue
[2025-03-26T17:17:23.915+0000] {logging_mixin.py:190} INFO - [2025-03-26T17:17:23.915+0000] {dagbag.py:588} INFO - Filling up the DagBag from /home/ubuntu/customer_churn_youtube_venv/lib/python3.12/site-packages/airflow/example_dags/example_branch_operator_decorator.py
[2025-03-26T17:17:23.918+0000] {processor.py:927} WARNING - No viable dags retrieved from /home/ubuntu/customer_churn_youtube_venv/lib/python3.12/site-packages/airflow/example_dags/example_branch_operator_decorator.py
[2025-03-26T17:17:23.929+0000] {processor.py:208} INFO - Processing /home/ubuntu/customer_churn_youtube_venv/lib/python3.12/site-packages/airflow/example_dags/example_branch_operator_decorator.py took 0.021 seconds
[2025-03-26T17:18:20.620+0000] {processor.py:186} INFO - Started process (PID=6570) to work on /home/ubuntu/customer_churn_youtube_venv/lib/python3.12/site-packages/airflow/example_dags/example_branch_operator_decorator.py
[2025-03-26T17:18:20.622+0000] {processor.py:914} INFO - Processing file /home/ubuntu/customer_churn_youtube_venv/lib/python3.12/site-packages/airflow/example_dags/example_branch_operator_decorator.py for tasks to queue
[2025-03-26T17:18:20.624+0000] {logging_mixin.py:190} INFO - [2025-03-26T17:18:20.624+0000] {dagbag.py:588} INFO - Filling up the DagBag from /home/ubuntu/customer_churn_youtube_venv/lib/python3.12/site-packages/airflow/example_dags/example_branch_operator_decorator.py
[2025-03-26T17:18:20.626+0000] {processor.py:927} WARNING - No viable dags retrieved from /home/ubuntu/customer_churn_youtube_venv/lib/python3.12/site-packages/airflow/example_dags/example_branch_operator_decorator.py
[2025-03-26T17:18:20.637+0000] {processor.py:208} INFO - Processing /home/ubuntu/customer_churn_youtube_venv/lib/python3.12/site-packages/airflow/example_dags/example_branch_operator_decorator.py took 0.023 seconds
[2025-03-26T17:19:43.420+0000] {processor.py:186} INFO - Started process (PID=6650) to work on /home/ubuntu/customer_churn_youtube_venv/lib/python3.12/site-packages/airflow/example_dags/example_branch_operator_decorator.py
[2025-03-26T17:19:43.422+0000] {processor.py:914} INFO - Processing file /home/ubuntu/customer_churn_youtube_venv/lib/python3.12/site-packages/airflow/example_dags/example_branch_operator_decorator.py for tasks to queue
[2025-03-26T17:19:43.424+0000] {logging_mixin.py:190} INFO - [2025-03-26T17:19:43.423+0000] {dagbag.py:588} INFO - Filling up the DagBag from /home/ubuntu/customer_churn_youtube_venv/lib/python3.12/site-packages/airflow/example_dags/example_branch_operator_decorator.py
[2025-03-26T17:19:43.427+0000] {processor.py:927} WARNING - No viable dags retrieved from /home/ubuntu/customer_churn_youtube_venv/lib/python3.12/site-packages/airflow/example_dags/example_branch_operator_decorator.py
[2025-03-26T17:19:43.438+0000] {processor.py:208} INFO - Processing /home/ubuntu/customer_churn_youtube_venv/lib/python3.12/site-packages/airflow/example_dags/example_branch_operator_decorator.py took 0.023 seconds
[2025-03-26T17:20:40.623+0000] {processor.py:186} INFO - Started process (PID=6714) to work on /home/ubuntu/customer_churn_youtube_venv/lib/python3.12/site-packages/airflow/example_dags/example_branch_operator_decorator.py
[2025-03-26T17:20:40.625+0000] {processor.py:914} INFO - Processing file /home/ubuntu/customer_churn_youtube_venv/lib/python3.12/site-packages/airflow/example_dags/example_branch_operator_decorator.py for tasks to queue
[2025-03-26T17:20:40.627+0000] {logging_mixin.py:190} INFO - [2025-03-26T17:20:40.626+0000] {dagbag.py:588} INFO - Filling up the DagBag from /home/ubuntu/customer_churn_youtube_venv/lib/python3.12/site-packages/airflow/example_dags/example_branch_operator_decorator.py
[2025-03-26T17:20:40.630+0000] {processor.py:927} WARNING - No viable dags retrieved from /home/ubuntu/customer_churn_youtube_venv/lib/python3.12/site-packages/airflow/example_dags/example_branch_operator_decorator.py
[2025-03-26T17:20:40.640+0000] {processor.py:208} INFO - Processing /home/ubuntu/customer_churn_youtube_venv/lib/python3.12/site-packages/airflow/example_dags/example_branch_operator_decorator.py took 0.022 seconds
[2025-03-26T17:21:34.491+0000] {processor.py:186} INFO - Started process (PID=6769) to work on /home/ubuntu/customer_churn_youtube_venv/lib/python3.12/site-packages/airflow/example_dags/example_branch_operator_decorator.py
[2025-03-26T17:21:34.493+0000] {processor.py:914} INFO - Processing file /home/ubuntu/customer_churn_youtube_venv/lib/python3.12/site-packages/airflow/example_dags/example_branch_operator_decorator.py for tasks to queue
[2025-03-26T17:21:34.495+0000] {logging_mixin.py:190} INFO - [2025-03-26T17:21:34.495+0000] {dagbag.py:588} INFO - Filling up the DagBag from /home/ubuntu/customer_churn_youtube_venv/lib/python3.12/site-packages/airflow/example_dags/example_branch_operator_decorator.py
[2025-03-26T17:21:34.498+0000] {processor.py:927} WARNING - No viable dags retrieved from /home/ubuntu/customer_churn_youtube_venv/lib/python3.12/site-packages/airflow/example_dags/example_branch_operator_decorator.py
[2025-03-26T17:21:34.509+0000] {processor.py:208} INFO - Processing /home/ubuntu/customer_churn_youtube_venv/lib/python3.12/site-packages/airflow/example_dags/example_branch_operator_decorator.py took 0.023 seconds
[2025-03-26T17:22:51.857+0000] {processor.py:186} INFO - Started process (PID=6848) to work on /home/ubuntu/customer_churn_youtube_venv/lib/python3.12/site-packages/airflow/example_dags/example_branch_operator_decorator.py
[2025-03-26T17:22:51.859+0000] {processor.py:914} INFO - Processing file /home/ubuntu/customer_churn_youtube_venv/lib/python3.12/site-packages/airflow/example_dags/example_branch_operator_decorator.py for tasks to queue
[2025-03-26T17:22:51.861+0000] {logging_mixin.py:190} INFO - [2025-03-26T17:22:51.861+0000] {dagbag.py:588} INFO - Filling up the DagBag from /home/ubuntu/customer_churn_youtube_venv/lib/python3.12/site-packages/airflow/example_dags/example_branch_operator_decorator.py
[2025-03-26T17:22:51.863+0000] {processor.py:927} WARNING - No viable dags retrieved from /home/ubuntu/customer_churn_youtube_venv/lib/python3.12/site-packages/airflow/example_dags/example_branch_operator_decorator.py
[2025-03-26T17:22:51.874+0000] {processor.py:208} INFO - Processing /home/ubuntu/customer_churn_youtube_venv/lib/python3.12/site-packages/airflow/example_dags/example_branch_operator_decorator.py took 0.022 seconds
[2025-03-26T17:24:10.598+0000] {processor.py:186} INFO - Started process (PID=6929) to work on /home/ubuntu/customer_churn_youtube_venv/lib/python3.12/site-packages/airflow/example_dags/example_branch_operator_decorator.py
[2025-03-26T17:24:10.600+0000] {processor.py:914} INFO - Processing file /home/ubuntu/customer_churn_youtube_venv/lib/python3.12/site-packages/airflow/example_dags/example_branch_operator_decorator.py for tasks to queue
[2025-03-26T17:24:10.603+0000] {logging_mixin.py:190} INFO - [2025-03-26T17:24:10.602+0000] {dagbag.py:588} INFO - Filling up the DagBag from /home/ubuntu/customer_churn_youtube_venv/lib/python3.12/site-packages/airflow/example_dags/example_branch_operator_decorator.py
[2025-03-26T17:24:10.605+0000] {processor.py:927} WARNING - No viable dags retrieved from /home/ubuntu/customer_churn_youtube_venv/lib/python3.12/site-packages/airflow/example_dags/example_branch_operator_decorator.py
[2025-03-26T17:24:10.616+0000] {processor.py:208} INFO - Processing /home/ubuntu/customer_churn_youtube_venv/lib/python3.12/site-packages/airflow/example_dags/example_branch_operator_decorator.py took 0.024 seconds
[2025-03-26T17:25:24.606+0000] {processor.py:186} INFO - Started process (PID=7012) to work on /home/ubuntu/customer_churn_youtube_venv/lib/python3.12/site-packages/airflow/example_dags/example_branch_operator_decorator.py
[2025-03-26T17:25:24.608+0000] {processor.py:914} INFO - Processing file /home/ubuntu/customer_churn_youtube_venv/lib/python3.12/site-packages/airflow/example_dags/example_branch_operator_decorator.py for tasks to queue
[2025-03-26T17:25:24.610+0000] {logging_mixin.py:190} INFO - [2025-03-26T17:25:24.610+0000] {dagbag.py:588} INFO - Filling up the DagBag from /home/ubuntu/customer_churn_youtube_venv/lib/python3.12/site-packages/airflow/example_dags/example_branch_operator_decorator.py
[2025-03-26T17:25:24.613+0000] {processor.py:927} WARNING - No viable dags retrieved from /home/ubuntu/customer_churn_youtube_venv/lib/python3.12/site-packages/airflow/example_dags/example_branch_operator_decorator.py
[2025-03-26T17:25:24.624+0000] {processor.py:208} INFO - Processing /home/ubuntu/customer_churn_youtube_venv/lib/python3.12/site-packages/airflow/example_dags/example_branch_operator_decorator.py took 0.024 seconds
[2025-03-26T17:26:39.976+0000] {processor.py:186} INFO - Started process (PID=7088) to work on /home/ubuntu/customer_churn_youtube_venv/lib/python3.12/site-packages/airflow/example_dags/example_branch_operator_decorator.py
[2025-03-26T17:26:39.978+0000] {processor.py:914} INFO - Processing file /home/ubuntu/customer_churn_youtube_venv/lib/python3.12/site-packages/airflow/example_dags/example_branch_operator_decorator.py for tasks to queue
[2025-03-26T17:26:39.980+0000] {logging_mixin.py:190} INFO - [2025-03-26T17:26:39.980+0000] {dagbag.py:588} INFO - Filling up the DagBag from /home/ubuntu/customer_churn_youtube_venv/lib/python3.12/site-packages/airflow/example_dags/example_branch_operator_decorator.py
[2025-03-26T17:26:39.983+0000] {processor.py:927} WARNING - No viable dags retrieved from /home/ubuntu/customer_churn_youtube_venv/lib/python3.12/site-packages/airflow/example_dags/example_branch_operator_decorator.py
[2025-03-26T17:26:39.993+0000] {processor.py:208} INFO - Processing /home/ubuntu/customer_churn_youtube_venv/lib/python3.12/site-packages/airflow/example_dags/example_branch_operator_decorator.py took 0.022 seconds
[2025-03-26T17:27:56.897+0000] {processor.py:186} INFO - Started process (PID=7213) to work on /home/ubuntu/customer_churn_youtube_venv/lib/python3.12/site-packages/airflow/example_dags/example_branch_operator_decorator.py
[2025-03-26T17:27:56.899+0000] {processor.py:914} INFO - Processing file /home/ubuntu/customer_churn_youtube_venv/lib/python3.12/site-packages/airflow/example_dags/example_branch_operator_decorator.py for tasks to queue
[2025-03-26T17:27:56.901+0000] {logging_mixin.py:190} INFO - [2025-03-26T17:27:56.901+0000] {dagbag.py:588} INFO - Filling up the DagBag from /home/ubuntu/customer_churn_youtube_venv/lib/python3.12/site-packages/airflow/example_dags/example_branch_operator_decorator.py
[2025-03-26T17:27:56.903+0000] {processor.py:927} WARNING - No viable dags retrieved from /home/ubuntu/customer_churn_youtube_venv/lib/python3.12/site-packages/airflow/example_dags/example_branch_operator_decorator.py
[2025-03-26T17:27:56.914+0000] {processor.py:208} INFO - Processing /home/ubuntu/customer_churn_youtube_venv/lib/python3.12/site-packages/airflow/example_dags/example_branch_operator_decorator.py took 0.022 seconds
[2025-03-26T17:29:12.614+0000] {processor.py:186} INFO - Started process (PID=7294) to work on /home/ubuntu/customer_churn_youtube_venv/lib/python3.12/site-packages/airflow/example_dags/example_branch_operator_decorator.py
[2025-03-26T17:29:12.615+0000] {processor.py:914} INFO - Processing file /home/ubuntu/customer_churn_youtube_venv/lib/python3.12/site-packages/airflow/example_dags/example_branch_operator_decorator.py for tasks to queue
[2025-03-26T17:29:12.617+0000] {logging_mixin.py:190} INFO - [2025-03-26T17:29:12.617+0000] {dagbag.py:588} INFO - Filling up the DagBag from /home/ubuntu/customer_churn_youtube_venv/lib/python3.12/site-packages/airflow/example_dags/example_branch_operator_decorator.py
[2025-03-26T17:29:12.620+0000] {processor.py:927} WARNING - No viable dags retrieved from /home/ubuntu/customer_churn_youtube_venv/lib/python3.12/site-packages/airflow/example_dags/example_branch_operator_decorator.py
[2025-03-26T17:29:12.631+0000] {processor.py:208} INFO - Processing /home/ubuntu/customer_churn_youtube_venv/lib/python3.12/site-packages/airflow/example_dags/example_branch_operator_decorator.py took 0.023 seconds
[2025-03-26T17:30:27.214+0000] {processor.py:186} INFO - Started process (PID=7376) to work on /home/ubuntu/customer_churn_youtube_venv/lib/python3.12/site-packages/airflow/example_dags/example_branch_operator_decorator.py
[2025-03-26T17:30:27.216+0000] {processor.py:914} INFO - Processing file /home/ubuntu/customer_churn_youtube_venv/lib/python3.12/site-packages/airflow/example_dags/example_branch_operator_decorator.py for tasks to queue
[2025-03-26T17:30:27.218+0000] {logging_mixin.py:190} INFO - [2025-03-26T17:30:27.217+0000] {dagbag.py:588} INFO - Filling up the DagBag from /home/ubuntu/customer_churn_youtube_venv/lib/python3.12/site-packages/airflow/example_dags/example_branch_operator_decorator.py
[2025-03-26T17:30:27.221+0000] {processor.py:927} WARNING - No viable dags retrieved from /home/ubuntu/customer_churn_youtube_venv/lib/python3.12/site-packages/airflow/example_dags/example_branch_operator_decorator.py
[2025-03-26T17:30:27.232+0000] {processor.py:208} INFO - Processing /home/ubuntu/customer_churn_youtube_venv/lib/python3.12/site-packages/airflow/example_dags/example_branch_operator_decorator.py took 0.023 seconds
[2025-03-26T17:31:43.257+0000] {processor.py:186} INFO - Started process (PID=7454) to work on /home/ubuntu/customer_churn_youtube_venv/lib/python3.12/site-packages/airflow/example_dags/example_branch_operator_decorator.py
[2025-03-26T17:31:43.259+0000] {processor.py:914} INFO - Processing file /home/ubuntu/customer_churn_youtube_venv/lib/python3.12/site-packages/airflow/example_dags/example_branch_operator_decorator.py for tasks to queue
[2025-03-26T17:31:43.261+0000] {logging_mixin.py:190} INFO - [2025-03-26T17:31:43.261+0000] {dagbag.py:588} INFO - Filling up the DagBag from /home/ubuntu/customer_churn_youtube_venv/lib/python3.12/site-packages/airflow/example_dags/example_branch_operator_decorator.py
[2025-03-26T17:31:43.264+0000] {processor.py:927} WARNING - No viable dags retrieved from /home/ubuntu/customer_churn_youtube_venv/lib/python3.12/site-packages/airflow/example_dags/example_branch_operator_decorator.py
[2025-03-26T17:31:43.274+0000] {processor.py:208} INFO - Processing /home/ubuntu/customer_churn_youtube_venv/lib/python3.12/site-packages/airflow/example_dags/example_branch_operator_decorator.py took 0.023 seconds
[2025-03-26T17:33:02.076+0000] {processor.py:186} INFO - Started process (PID=7575) to work on /home/ubuntu/customer_churn_youtube_venv/lib/python3.12/site-packages/airflow/example_dags/example_branch_operator_decorator.py
[2025-03-26T17:33:02.078+0000] {processor.py:914} INFO - Processing file /home/ubuntu/customer_churn_youtube_venv/lib/python3.12/site-packages/airflow/example_dags/example_branch_operator_decorator.py for tasks to queue
[2025-03-26T17:33:02.080+0000] {logging_mixin.py:190} INFO - [2025-03-26T17:33:02.079+0000] {dagbag.py:588} INFO - Filling up the DagBag from /home/ubuntu/customer_churn_youtube_venv/lib/python3.12/site-packages/airflow/example_dags/example_branch_operator_decorator.py
[2025-03-26T17:33:02.083+0000] {processor.py:927} WARNING - No viable dags retrieved from /home/ubuntu/customer_churn_youtube_venv/lib/python3.12/site-packages/airflow/example_dags/example_branch_operator_decorator.py
[2025-03-26T17:33:02.095+0000] {processor.py:208} INFO - Processing /home/ubuntu/customer_churn_youtube_venv/lib/python3.12/site-packages/airflow/example_dags/example_branch_operator_decorator.py took 0.026 seconds
[2025-03-26T17:34:17.182+0000] {processor.py:186} INFO - Started process (PID=7653) to work on /home/ubuntu/customer_churn_youtube_venv/lib/python3.12/site-packages/airflow/example_dags/example_branch_operator_decorator.py
[2025-03-26T17:34:17.184+0000] {processor.py:914} INFO - Processing file /home/ubuntu/customer_churn_youtube_venv/lib/python3.12/site-packages/airflow/example_dags/example_branch_operator_decorator.py for tasks to queue
[2025-03-26T17:34:17.186+0000] {logging_mixin.py:190} INFO - [2025-03-26T17:34:17.185+0000] {dagbag.py:588} INFO - Filling up the DagBag from /home/ubuntu/customer_churn_youtube_venv/lib/python3.12/site-packages/airflow/example_dags/example_branch_operator_decorator.py
[2025-03-26T17:34:17.189+0000] {processor.py:927} WARNING - No viable dags retrieved from /home/ubuntu/customer_churn_youtube_venv/lib/python3.12/site-packages/airflow/example_dags/example_branch_operator_decorator.py
[2025-03-26T17:34:17.200+0000] {processor.py:208} INFO - Processing /home/ubuntu/customer_churn_youtube_venv/lib/python3.12/site-packages/airflow/example_dags/example_branch_operator_decorator.py took 0.023 seconds
[2025-03-26T17:35:36.732+0000] {processor.py:186} INFO - Started process (PID=7741) to work on /home/ubuntu/customer_churn_youtube_venv/lib/python3.12/site-packages/airflow/example_dags/example_branch_operator_decorator.py
[2025-03-26T17:35:36.733+0000] {processor.py:914} INFO - Processing file /home/ubuntu/customer_churn_youtube_venv/lib/python3.12/site-packages/airflow/example_dags/example_branch_operator_decorator.py for tasks to queue
[2025-03-26T17:35:36.735+0000] {logging_mixin.py:190} INFO - [2025-03-26T17:35:36.735+0000] {dagbag.py:588} INFO - Filling up the DagBag from /home/ubuntu/customer_churn_youtube_venv/lib/python3.12/site-packages/airflow/example_dags/example_branch_operator_decorator.py
[2025-03-26T17:35:36.738+0000] {processor.py:927} WARNING - No viable dags retrieved from /home/ubuntu/customer_churn_youtube_venv/lib/python3.12/site-packages/airflow/example_dags/example_branch_operator_decorator.py
[2025-03-26T17:35:36.748+0000] {processor.py:208} INFO - Processing /home/ubuntu/customer_churn_youtube_venv/lib/python3.12/site-packages/airflow/example_dags/example_branch_operator_decorator.py took 0.022 seconds
[2025-03-26T17:36:30.514+0000] {processor.py:186} INFO - Started process (PID=7798) to work on /home/ubuntu/customer_churn_youtube_venv/lib/python3.12/site-packages/airflow/example_dags/example_branch_operator_decorator.py
[2025-03-26T17:36:30.516+0000] {processor.py:914} INFO - Processing file /home/ubuntu/customer_churn_youtube_venv/lib/python3.12/site-packages/airflow/example_dags/example_branch_operator_decorator.py for tasks to queue
[2025-03-26T17:36:30.517+0000] {logging_mixin.py:190} INFO - [2025-03-26T17:36:30.517+0000] {dagbag.py:588} INFO - Filling up the DagBag from /home/ubuntu/customer_churn_youtube_venv/lib/python3.12/site-packages/airflow/example_dags/example_branch_operator_decorator.py
[2025-03-26T17:36:30.520+0000] {processor.py:927} WARNING - No viable dags retrieved from /home/ubuntu/customer_churn_youtube_venv/lib/python3.12/site-packages/airflow/example_dags/example_branch_operator_decorator.py
[2025-03-26T17:36:30.532+0000] {processor.py:208} INFO - Processing /home/ubuntu/customer_churn_youtube_venv/lib/python3.12/site-packages/airflow/example_dags/example_branch_operator_decorator.py took 0.024 seconds
