[2025-03-26T17:13:49.228+0000] {processor.py:186} INFO - Started process (PID=6291) to work on /home/ubuntu/customer_churn_youtube_venv/lib/python3.12/site-packages/airflow/example_dags/example_latest_only_with_trigger.py
[2025-03-26T17:13:49.228+0000] {processor.py:914} INFO - Processing file /home/ubuntu/customer_churn_youtube_venv/lib/python3.12/site-packages/airflow/example_dags/example_latest_only_with_trigger.py for tasks to queue
[2025-03-26T17:13:49.230+0000] {logging_mixin.py:190} INFO - [2025-03-26T17:13:49.230+0000] {dagbag.py:588} INFO - Filling up the DagBag from /home/ubuntu/customer_churn_youtube_venv/lib/python3.12/site-packages/airflow/example_dags/example_latest_only_with_trigger.py
[2025-03-26T17:13:49.238+0000] {processor.py:925} INFO - DAG(s) 'latest_only_with_trigger' retrieved from /home/ubuntu/customer_churn_youtube_venv/lib/python3.12/site-packages/airflow/example_dags/example_latest_only_with_trigger.py
[2025-03-26T17:13:49.343+0000] {logging_mixin.py:190} INFO - [2025-03-26T17:13:49.343+0000] {override.py:1930} INFO - Created Permission View: can edit on DAG:latest_only_with_trigger
[2025-03-26T17:13:49.356+0000] {logging_mixin.py:190} INFO - [2025-03-26T17:13:49.356+0000] {override.py:1930} INFO - Created Permission View: can read on DAG:latest_only_with_trigger
[2025-03-26T17:13:49.367+0000] {logging_mixin.py:190} INFO - [2025-03-26T17:13:49.367+0000] {override.py:1930} INFO - Created Permission View: can delete on DAG:latest_only_with_trigger
[2025-03-26T17:13:49.385+0000] {logging_mixin.py:190} INFO - [2025-03-26T17:13:49.385+0000] {override.py:1930} INFO - Created Permission View: menu access on DAG Run:latest_only_with_trigger
[2025-03-26T17:13:49.398+0000] {logging_mixin.py:190} INFO - [2025-03-26T17:13:49.398+0000] {override.py:1930} INFO - Created Permission View: can create on DAG Run:latest_only_with_trigger
[2025-03-26T17:13:49.409+0000] {logging_mixin.py:190} INFO - [2025-03-26T17:13:49.408+0000] {override.py:1930} INFO - Created Permission View: can delete on DAG Run:latest_only_with_trigger
[2025-03-26T17:13:49.419+0000] {logging_mixin.py:190} INFO - [2025-03-26T17:13:49.419+0000] {override.py:1930} INFO - Created Permission View: can read on DAG Run:latest_only_with_trigger
[2025-03-26T17:13:49.419+0000] {logging_mixin.py:190} INFO - [2025-03-26T17:13:49.419+0000] {dag.py:3239} INFO - Sync 1 DAGs
[2025-03-26T17:13:49.429+0000] {logging_mixin.py:190} INFO - [2025-03-26T17:13:49.429+0000] {dag.py:3262} INFO - Creating ORM DAG for latest_only_with_trigger
[2025-03-26T17:13:49.438+0000] {logging_mixin.py:190} INFO - [2025-03-26T17:13:49.438+0000] {dag.py:4180} INFO - Setting next_dagrun for latest_only_with_trigger to 2025-03-26 12:00:00+00:00, run_after=2025-03-26 16:00:00+00:00
[2025-03-26T17:13:49.459+0000] {processor.py:208} INFO - Processing /home/ubuntu/customer_churn_youtube_venv/lib/python3.12/site-packages/airflow/example_dags/example_latest_only_with_trigger.py took 0.237 seconds
[2025-03-26T17:14:54.978+0000] {processor.py:186} INFO - Started process (PID=6352) to work on /home/ubuntu/customer_churn_youtube_venv/lib/python3.12/site-packages/airflow/example_dags/example_latest_only_with_trigger.py
[2025-03-26T17:14:54.980+0000] {processor.py:914} INFO - Processing file /home/ubuntu/customer_churn_youtube_venv/lib/python3.12/site-packages/airflow/example_dags/example_latest_only_with_trigger.py for tasks to queue
[2025-03-26T17:14:54.982+0000] {logging_mixin.py:190} INFO - [2025-03-26T17:14:54.981+0000] {dagbag.py:588} INFO - Filling up the DagBag from /home/ubuntu/customer_churn_youtube_venv/lib/python3.12/site-packages/airflow/example_dags/example_latest_only_with_trigger.py
[2025-03-26T17:14:54.989+0000] {processor.py:925} INFO - DAG(s) 'latest_only_with_trigger' retrieved from /home/ubuntu/customer_churn_youtube_venv/lib/python3.12/site-packages/airflow/example_dags/example_latest_only_with_trigger.py
[2025-03-26T17:14:55.006+0000] {logging_mixin.py:190} INFO - [2025-03-26T17:14:55.005+0000] {dag.py:3239} INFO - Sync 1 DAGs
[2025-03-26T17:14:55.023+0000] {logging_mixin.py:190} INFO - [2025-03-26T17:14:55.023+0000] {dag.py:4180} INFO - Setting next_dagrun for latest_only_with_trigger to 2025-03-26 12:00:00+00:00, run_after=2025-03-26 16:00:00+00:00
[2025-03-26T17:14:55.045+0000] {processor.py:208} INFO - Processing /home/ubuntu/customer_churn_youtube_venv/lib/python3.12/site-packages/airflow/example_dags/example_latest_only_with_trigger.py took 0.071 seconds
[2025-03-26T17:15:50.712+0000] {processor.py:186} INFO - Started process (PID=6415) to work on /home/ubuntu/customer_churn_youtube_venv/lib/python3.12/site-packages/airflow/example_dags/example_latest_only_with_trigger.py
[2025-03-26T17:15:50.713+0000] {processor.py:914} INFO - Processing file /home/ubuntu/customer_churn_youtube_venv/lib/python3.12/site-packages/airflow/example_dags/example_latest_only_with_trigger.py for tasks to queue
[2025-03-26T17:15:50.715+0000] {logging_mixin.py:190} INFO - [2025-03-26T17:15:50.714+0000] {dagbag.py:588} INFO - Filling up the DagBag from /home/ubuntu/customer_churn_youtube_venv/lib/python3.12/site-packages/airflow/example_dags/example_latest_only_with_trigger.py
[2025-03-26T17:15:50.722+0000] {processor.py:925} INFO - DAG(s) 'latest_only_with_trigger' retrieved from /home/ubuntu/customer_churn_youtube_venv/lib/python3.12/site-packages/airflow/example_dags/example_latest_only_with_trigger.py
[2025-03-26T17:15:50.738+0000] {logging_mixin.py:190} INFO - [2025-03-26T17:15:50.737+0000] {dag.py:3239} INFO - Sync 1 DAGs
[2025-03-26T17:15:50.756+0000] {logging_mixin.py:190} INFO - [2025-03-26T17:15:50.755+0000] {dag.py:4180} INFO - Setting next_dagrun for latest_only_with_trigger to 2025-03-26 12:00:00+00:00, run_after=2025-03-26 16:00:00+00:00
[2025-03-26T17:15:50.777+0000] {processor.py:208} INFO - Processing /home/ubuntu/customer_churn_youtube_venv/lib/python3.12/site-packages/airflow/example_dags/example_latest_only_with_trigger.py took 0.070 seconds
[2025-03-26T17:16:49.408+0000] {processor.py:186} INFO - Started process (PID=6472) to work on /home/ubuntu/customer_churn_youtube_venv/lib/python3.12/site-packages/airflow/example_dags/example_latest_only_with_trigger.py
[2025-03-26T17:16:49.410+0000] {processor.py:914} INFO - Processing file /home/ubuntu/customer_churn_youtube_venv/lib/python3.12/site-packages/airflow/example_dags/example_latest_only_with_trigger.py for tasks to queue
[2025-03-26T17:16:49.412+0000] {logging_mixin.py:190} INFO - [2025-03-26T17:16:49.411+0000] {dagbag.py:588} INFO - Filling up the DagBag from /home/ubuntu/customer_churn_youtube_venv/lib/python3.12/site-packages/airflow/example_dags/example_latest_only_with_trigger.py
[2025-03-26T17:16:49.419+0000] {processor.py:925} INFO - DAG(s) 'latest_only_with_trigger' retrieved from /home/ubuntu/customer_churn_youtube_venv/lib/python3.12/site-packages/airflow/example_dags/example_latest_only_with_trigger.py
[2025-03-26T17:16:49.435+0000] {logging_mixin.py:190} INFO - [2025-03-26T17:16:49.435+0000] {dag.py:3239} INFO - Sync 1 DAGs
[2025-03-26T17:16:49.452+0000] {logging_mixin.py:190} INFO - [2025-03-26T17:16:49.452+0000] {dag.py:4180} INFO - Setting next_dagrun for latest_only_with_trigger to 2025-03-26 12:00:00+00:00, run_after=2025-03-26 16:00:00+00:00
[2025-03-26T17:16:49.473+0000] {processor.py:208} INFO - Processing /home/ubuntu/customer_churn_youtube_venv/lib/python3.12/site-packages/airflow/example_dags/example_latest_only_with_trigger.py took 0.070 seconds
[2025-03-26T17:17:44.596+0000] {processor.py:186} INFO - Started process (PID=6534) to work on /home/ubuntu/customer_churn_youtube_venv/lib/python3.12/site-packages/airflow/example_dags/example_latest_only_with_trigger.py
[2025-03-26T17:17:44.598+0000] {processor.py:914} INFO - Processing file /home/ubuntu/customer_churn_youtube_venv/lib/python3.12/site-packages/airflow/example_dags/example_latest_only_with_trigger.py for tasks to queue
[2025-03-26T17:17:44.599+0000] {logging_mixin.py:190} INFO - [2025-03-26T17:17:44.599+0000] {dagbag.py:588} INFO - Filling up the DagBag from /home/ubuntu/customer_churn_youtube_venv/lib/python3.12/site-packages/airflow/example_dags/example_latest_only_with_trigger.py
[2025-03-26T17:17:44.608+0000] {processor.py:925} INFO - DAG(s) 'latest_only_with_trigger' retrieved from /home/ubuntu/customer_churn_youtube_venv/lib/python3.12/site-packages/airflow/example_dags/example_latest_only_with_trigger.py
[2025-03-26T17:17:44.623+0000] {logging_mixin.py:190} INFO - [2025-03-26T17:17:44.623+0000] {dag.py:3239} INFO - Sync 1 DAGs
[2025-03-26T17:17:44.641+0000] {logging_mixin.py:190} INFO - [2025-03-26T17:17:44.641+0000] {dag.py:4180} INFO - Setting next_dagrun for latest_only_with_trigger to 2025-03-26 12:00:00+00:00, run_after=2025-03-26 16:00:00+00:00
[2025-03-26T17:17:44.661+0000] {processor.py:208} INFO - Processing /home/ubuntu/customer_churn_youtube_venv/lib/python3.12/site-packages/airflow/example_dags/example_latest_only_with_trigger.py took 0.070 seconds
[2025-03-26T17:18:35.023+0000] {processor.py:186} INFO - Started process (PID=6586) to work on /home/ubuntu/customer_churn_youtube_venv/lib/python3.12/site-packages/airflow/example_dags/example_latest_only_with_trigger.py
[2025-03-26T17:18:35.025+0000] {processor.py:914} INFO - Processing file /home/ubuntu/customer_churn_youtube_venv/lib/python3.12/site-packages/airflow/example_dags/example_latest_only_with_trigger.py for tasks to queue
[2025-03-26T17:18:35.027+0000] {logging_mixin.py:190} INFO - [2025-03-26T17:18:35.027+0000] {dagbag.py:588} INFO - Filling up the DagBag from /home/ubuntu/customer_churn_youtube_venv/lib/python3.12/site-packages/airflow/example_dags/example_latest_only_with_trigger.py
[2025-03-26T17:18:35.036+0000] {processor.py:925} INFO - DAG(s) 'latest_only_with_trigger' retrieved from /home/ubuntu/customer_churn_youtube_venv/lib/python3.12/site-packages/airflow/example_dags/example_latest_only_with_trigger.py
[2025-03-26T17:18:35.054+0000] {logging_mixin.py:190} INFO - [2025-03-26T17:18:35.054+0000] {dag.py:3239} INFO - Sync 1 DAGs
[2025-03-26T17:18:35.072+0000] {logging_mixin.py:190} INFO - [2025-03-26T17:18:35.072+0000] {dag.py:4180} INFO - Setting next_dagrun for latest_only_with_trigger to 2025-03-26 12:00:00+00:00, run_after=2025-03-26 16:00:00+00:00
[2025-03-26T17:18:35.094+0000] {processor.py:208} INFO - Processing /home/ubuntu/customer_churn_youtube_venv/lib/python3.12/site-packages/airflow/example_dags/example_latest_only_with_trigger.py took 0.076 seconds
[2025-03-26T17:19:30.743+0000] {processor.py:186} INFO - Started process (PID=6640) to work on /home/ubuntu/customer_churn_youtube_venv/lib/python3.12/site-packages/airflow/example_dags/example_latest_only_with_trigger.py
[2025-03-26T17:19:30.744+0000] {processor.py:914} INFO - Processing file /home/ubuntu/customer_churn_youtube_venv/lib/python3.12/site-packages/airflow/example_dags/example_latest_only_with_trigger.py for tasks to queue
[2025-03-26T17:19:30.747+0000] {logging_mixin.py:190} INFO - [2025-03-26T17:19:30.746+0000] {dagbag.py:588} INFO - Filling up the DagBag from /home/ubuntu/customer_churn_youtube_venv/lib/python3.12/site-packages/airflow/example_dags/example_latest_only_with_trigger.py
[2025-03-26T17:19:30.754+0000] {processor.py:925} INFO - DAG(s) 'latest_only_with_trigger' retrieved from /home/ubuntu/customer_churn_youtube_venv/lib/python3.12/site-packages/airflow/example_dags/example_latest_only_with_trigger.py
[2025-03-26T17:19:30.892+0000] {logging_mixin.py:190} INFO - [2025-03-26T17:19:30.891+0000] {dag.py:3239} INFO - Sync 1 DAGs
[2025-03-26T17:19:30.907+0000] {logging_mixin.py:190} INFO - [2025-03-26T17:19:30.907+0000] {dag.py:4180} INFO - Setting next_dagrun for latest_only_with_trigger to 2025-03-26 12:00:00+00:00, run_after=2025-03-26 16:00:00+00:00
[2025-03-26T17:19:30.925+0000] {processor.py:208} INFO - Processing /home/ubuntu/customer_churn_youtube_venv/lib/python3.12/site-packages/airflow/example_dags/example_latest_only_with_trigger.py took 0.188 seconds
[2025-03-26T17:20:30.483+0000] {processor.py:186} INFO - Started process (PID=6704) to work on /home/ubuntu/customer_churn_youtube_venv/lib/python3.12/site-packages/airflow/example_dags/example_latest_only_with_trigger.py
[2025-03-26T17:20:30.485+0000] {processor.py:914} INFO - Processing file /home/ubuntu/customer_churn_youtube_venv/lib/python3.12/site-packages/airflow/example_dags/example_latest_only_with_trigger.py for tasks to queue
[2025-03-26T17:20:30.486+0000] {logging_mixin.py:190} INFO - [2025-03-26T17:20:30.486+0000] {dagbag.py:588} INFO - Filling up the DagBag from /home/ubuntu/customer_churn_youtube_venv/lib/python3.12/site-packages/airflow/example_dags/example_latest_only_with_trigger.py
[2025-03-26T17:20:30.494+0000] {processor.py:925} INFO - DAG(s) 'latest_only_with_trigger' retrieved from /home/ubuntu/customer_churn_youtube_venv/lib/python3.12/site-packages/airflow/example_dags/example_latest_only_with_trigger.py
[2025-03-26T17:20:30.511+0000] {logging_mixin.py:190} INFO - [2025-03-26T17:20:30.510+0000] {dag.py:3239} INFO - Sync 1 DAGs
[2025-03-26T17:20:30.530+0000] {logging_mixin.py:190} INFO - [2025-03-26T17:20:30.530+0000] {dag.py:4180} INFO - Setting next_dagrun for latest_only_with_trigger to 2025-03-26 12:00:00+00:00, run_after=2025-03-26 16:00:00+00:00
[2025-03-26T17:20:30.552+0000] {processor.py:208} INFO - Processing /home/ubuntu/customer_churn_youtube_venv/lib/python3.12/site-packages/airflow/example_dags/example_latest_only_with_trigger.py took 0.074 seconds
[2025-03-26T17:21:23.894+0000] {processor.py:186} INFO - Started process (PID=6759) to work on /home/ubuntu/customer_churn_youtube_venv/lib/python3.12/site-packages/airflow/example_dags/example_latest_only_with_trigger.py
[2025-03-26T17:21:23.896+0000] {processor.py:914} INFO - Processing file /home/ubuntu/customer_churn_youtube_venv/lib/python3.12/site-packages/airflow/example_dags/example_latest_only_with_trigger.py for tasks to queue
[2025-03-26T17:21:23.898+0000] {logging_mixin.py:190} INFO - [2025-03-26T17:21:23.898+0000] {dagbag.py:588} INFO - Filling up the DagBag from /home/ubuntu/customer_churn_youtube_venv/lib/python3.12/site-packages/airflow/example_dags/example_latest_only_with_trigger.py
[2025-03-26T17:21:23.906+0000] {processor.py:925} INFO - DAG(s) 'latest_only_with_trigger' retrieved from /home/ubuntu/customer_churn_youtube_venv/lib/python3.12/site-packages/airflow/example_dags/example_latest_only_with_trigger.py
[2025-03-26T17:21:23.922+0000] {logging_mixin.py:190} INFO - [2025-03-26T17:21:23.921+0000] {dag.py:3239} INFO - Sync 1 DAGs
[2025-03-26T17:21:23.941+0000] {logging_mixin.py:190} INFO - [2025-03-26T17:21:23.941+0000] {dag.py:4180} INFO - Setting next_dagrun for latest_only_with_trigger to 2025-03-26 12:00:00+00:00, run_after=2025-03-26 16:00:00+00:00
[2025-03-26T17:21:23.964+0000] {processor.py:208} INFO - Processing /home/ubuntu/customer_churn_youtube_venv/lib/python3.12/site-packages/airflow/example_dags/example_latest_only_with_trigger.py took 0.076 seconds
[2025-03-26T17:22:15.715+0000] {processor.py:186} INFO - Started process (PID=6813) to work on /home/ubuntu/customer_churn_youtube_venv/lib/python3.12/site-packages/airflow/example_dags/example_latest_only_with_trigger.py
[2025-03-26T17:22:15.717+0000] {processor.py:914} INFO - Processing file /home/ubuntu/customer_churn_youtube_venv/lib/python3.12/site-packages/airflow/example_dags/example_latest_only_with_trigger.py for tasks to queue
[2025-03-26T17:22:15.719+0000] {logging_mixin.py:190} INFO - [2025-03-26T17:22:15.718+0000] {dagbag.py:588} INFO - Filling up the DagBag from /home/ubuntu/customer_churn_youtube_venv/lib/python3.12/site-packages/airflow/example_dags/example_latest_only_with_trigger.py
[2025-03-26T17:22:15.727+0000] {processor.py:925} INFO - DAG(s) 'latest_only_with_trigger' retrieved from /home/ubuntu/customer_churn_youtube_venv/lib/python3.12/site-packages/airflow/example_dags/example_latest_only_with_trigger.py
[2025-03-26T17:22:15.743+0000] {logging_mixin.py:190} INFO - [2025-03-26T17:22:15.742+0000] {dag.py:3239} INFO - Sync 1 DAGs
[2025-03-26T17:22:15.761+0000] {logging_mixin.py:190} INFO - [2025-03-26T17:22:15.761+0000] {dag.py:4180} INFO - Setting next_dagrun for latest_only_with_trigger to 2025-03-26 12:00:00+00:00, run_after=2025-03-26 16:00:00+00:00
[2025-03-26T17:22:15.782+0000] {processor.py:208} INFO - Processing /home/ubuntu/customer_churn_youtube_venv/lib/python3.12/site-packages/airflow/example_dags/example_latest_only_with_trigger.py took 0.073 seconds
[2025-03-26T17:23:08.138+0000] {processor.py:186} INFO - Started process (PID=6865) to work on /home/ubuntu/customer_churn_youtube_venv/lib/python3.12/site-packages/airflow/example_dags/example_latest_only_with_trigger.py
[2025-03-26T17:23:08.139+0000] {processor.py:914} INFO - Processing file /home/ubuntu/customer_churn_youtube_venv/lib/python3.12/site-packages/airflow/example_dags/example_latest_only_with_trigger.py for tasks to queue
[2025-03-26T17:23:08.141+0000] {logging_mixin.py:190} INFO - [2025-03-26T17:23:08.141+0000] {dagbag.py:588} INFO - Filling up the DagBag from /home/ubuntu/customer_churn_youtube_venv/lib/python3.12/site-packages/airflow/example_dags/example_latest_only_with_trigger.py
[2025-03-26T17:23:08.149+0000] {processor.py:925} INFO - DAG(s) 'latest_only_with_trigger' retrieved from /home/ubuntu/customer_churn_youtube_venv/lib/python3.12/site-packages/airflow/example_dags/example_latest_only_with_trigger.py
[2025-03-26T17:23:08.165+0000] {logging_mixin.py:190} INFO - [2025-03-26T17:23:08.165+0000] {dag.py:3239} INFO - Sync 1 DAGs
[2025-03-26T17:23:08.183+0000] {logging_mixin.py:190} INFO - [2025-03-26T17:23:08.183+0000] {dag.py:4180} INFO - Setting next_dagrun for latest_only_with_trigger to 2025-03-26 12:00:00+00:00, run_after=2025-03-26 16:00:00+00:00
[2025-03-26T17:23:08.204+0000] {processor.py:208} INFO - Processing /home/ubuntu/customer_churn_youtube_venv/lib/python3.12/site-packages/airflow/example_dags/example_latest_only_with_trigger.py took 0.071 seconds
[2025-03-26T17:24:01.432+0000] {processor.py:186} INFO - Started process (PID=6919) to work on /home/ubuntu/customer_churn_youtube_venv/lib/python3.12/site-packages/airflow/example_dags/example_latest_only_with_trigger.py
[2025-03-26T17:24:01.434+0000] {processor.py:914} INFO - Processing file /home/ubuntu/customer_churn_youtube_venv/lib/python3.12/site-packages/airflow/example_dags/example_latest_only_with_trigger.py for tasks to queue
[2025-03-26T17:24:01.436+0000] {logging_mixin.py:190} INFO - [2025-03-26T17:24:01.435+0000] {dagbag.py:588} INFO - Filling up the DagBag from /home/ubuntu/customer_churn_youtube_venv/lib/python3.12/site-packages/airflow/example_dags/example_latest_only_with_trigger.py
[2025-03-26T17:24:01.445+0000] {processor.py:925} INFO - DAG(s) 'latest_only_with_trigger' retrieved from /home/ubuntu/customer_churn_youtube_venv/lib/python3.12/site-packages/airflow/example_dags/example_latest_only_with_trigger.py
[2025-03-26T17:24:01.464+0000] {logging_mixin.py:190} INFO - [2025-03-26T17:24:01.463+0000] {dag.py:3239} INFO - Sync 1 DAGs
[2025-03-26T17:24:01.486+0000] {logging_mixin.py:190} INFO - [2025-03-26T17:24:01.486+0000] {dag.py:4180} INFO - Setting next_dagrun for latest_only_with_trigger to 2025-03-26 12:00:00+00:00, run_after=2025-03-26 16:00:00+00:00
[2025-03-26T17:24:01.510+0000] {processor.py:208} INFO - Processing /home/ubuntu/customer_churn_youtube_venv/lib/python3.12/site-packages/airflow/example_dags/example_latest_only_with_trigger.py took 0.085 seconds
[2025-03-26T17:24:53.130+0000] {processor.py:186} INFO - Started process (PID=6972) to work on /home/ubuntu/customer_churn_youtube_venv/lib/python3.12/site-packages/airflow/example_dags/example_latest_only_with_trigger.py
[2025-03-26T17:24:53.131+0000] {processor.py:914} INFO - Processing file /home/ubuntu/customer_churn_youtube_venv/lib/python3.12/site-packages/airflow/example_dags/example_latest_only_with_trigger.py for tasks to queue
[2025-03-26T17:24:53.133+0000] {logging_mixin.py:190} INFO - [2025-03-26T17:24:53.133+0000] {dagbag.py:588} INFO - Filling up the DagBag from /home/ubuntu/customer_churn_youtube_venv/lib/python3.12/site-packages/airflow/example_dags/example_latest_only_with_trigger.py
[2025-03-26T17:24:53.141+0000] {processor.py:925} INFO - DAG(s) 'latest_only_with_trigger' retrieved from /home/ubuntu/customer_churn_youtube_venv/lib/python3.12/site-packages/airflow/example_dags/example_latest_only_with_trigger.py
[2025-03-26T17:24:53.157+0000] {logging_mixin.py:190} INFO - [2025-03-26T17:24:53.157+0000] {dag.py:3239} INFO - Sync 1 DAGs
[2025-03-26T17:24:53.176+0000] {logging_mixin.py:190} INFO - [2025-03-26T17:24:53.176+0000] {dag.py:4180} INFO - Setting next_dagrun for latest_only_with_trigger to 2025-03-26 12:00:00+00:00, run_after=2025-03-26 16:00:00+00:00
[2025-03-26T17:24:53.200+0000] {processor.py:208} INFO - Processing /home/ubuntu/customer_churn_youtube_venv/lib/python3.12/site-packages/airflow/example_dags/example_latest_only_with_trigger.py took 0.076 seconds
[2025-03-26T17:25:42.673+0000] {processor.py:186} INFO - Started process (PID=7030) to work on /home/ubuntu/customer_churn_youtube_venv/lib/python3.12/site-packages/airflow/example_dags/example_latest_only_with_trigger.py
[2025-03-26T17:25:42.675+0000] {processor.py:914} INFO - Processing file /home/ubuntu/customer_churn_youtube_venv/lib/python3.12/site-packages/airflow/example_dags/example_latest_only_with_trigger.py for tasks to queue
[2025-03-26T17:25:42.678+0000] {logging_mixin.py:190} INFO - [2025-03-26T17:25:42.677+0000] {dagbag.py:588} INFO - Filling up the DagBag from /home/ubuntu/customer_churn_youtube_venv/lib/python3.12/site-packages/airflow/example_dags/example_latest_only_with_trigger.py
[2025-03-26T17:25:42.686+0000] {processor.py:925} INFO - DAG(s) 'latest_only_with_trigger' retrieved from /home/ubuntu/customer_churn_youtube_venv/lib/python3.12/site-packages/airflow/example_dags/example_latest_only_with_trigger.py
[2025-03-26T17:25:42.702+0000] {logging_mixin.py:190} INFO - [2025-03-26T17:25:42.702+0000] {dag.py:3239} INFO - Sync 1 DAGs
[2025-03-26T17:25:42.720+0000] {logging_mixin.py:190} INFO - [2025-03-26T17:25:42.720+0000] {dag.py:4180} INFO - Setting next_dagrun for latest_only_with_trigger to 2025-03-26 12:00:00+00:00, run_after=2025-03-26 16:00:00+00:00
[2025-03-26T17:25:42.742+0000] {processor.py:208} INFO - Processing /home/ubuntu/customer_churn_youtube_venv/lib/python3.12/site-packages/airflow/example_dags/example_latest_only_with_trigger.py took 0.074 seconds
[2025-03-26T17:26:32.452+0000] {processor.py:186} INFO - Started process (PID=7081) to work on /home/ubuntu/customer_churn_youtube_venv/lib/python3.12/site-packages/airflow/example_dags/example_latest_only_with_trigger.py
[2025-03-26T17:26:32.454+0000] {processor.py:914} INFO - Processing file /home/ubuntu/customer_churn_youtube_venv/lib/python3.12/site-packages/airflow/example_dags/example_latest_only_with_trigger.py for tasks to queue
[2025-03-26T17:26:32.456+0000] {logging_mixin.py:190} INFO - [2025-03-26T17:26:32.456+0000] {dagbag.py:588} INFO - Filling up the DagBag from /home/ubuntu/customer_churn_youtube_venv/lib/python3.12/site-packages/airflow/example_dags/example_latest_only_with_trigger.py
[2025-03-26T17:26:32.464+0000] {processor.py:925} INFO - DAG(s) 'latest_only_with_trigger' retrieved from /home/ubuntu/customer_churn_youtube_venv/lib/python3.12/site-packages/airflow/example_dags/example_latest_only_with_trigger.py
[2025-03-26T17:26:32.480+0000] {logging_mixin.py:190} INFO - [2025-03-26T17:26:32.479+0000] {dag.py:3239} INFO - Sync 1 DAGs
[2025-03-26T17:26:32.498+0000] {logging_mixin.py:190} INFO - [2025-03-26T17:26:32.497+0000] {dag.py:4180} INFO - Setting next_dagrun for latest_only_with_trigger to 2025-03-26 12:00:00+00:00, run_after=2025-03-26 16:00:00+00:00
[2025-03-26T17:26:32.522+0000] {processor.py:208} INFO - Processing /home/ubuntu/customer_churn_youtube_venv/lib/python3.12/site-packages/airflow/example_dags/example_latest_only_with_trigger.py took 0.075 seconds
[2025-03-26T17:27:22.894+0000] {processor.py:186} INFO - Started process (PID=7134) to work on /home/ubuntu/customer_churn_youtube_venv/lib/python3.12/site-packages/airflow/example_dags/example_latest_only_with_trigger.py
[2025-03-26T17:27:22.896+0000] {processor.py:914} INFO - Processing file /home/ubuntu/customer_churn_youtube_venv/lib/python3.12/site-packages/airflow/example_dags/example_latest_only_with_trigger.py for tasks to queue
[2025-03-26T17:27:22.897+0000] {logging_mixin.py:190} INFO - [2025-03-26T17:27:22.897+0000] {dagbag.py:588} INFO - Filling up the DagBag from /home/ubuntu/customer_churn_youtube_venv/lib/python3.12/site-packages/airflow/example_dags/example_latest_only_with_trigger.py
[2025-03-26T17:27:22.906+0000] {processor.py:925} INFO - DAG(s) 'latest_only_with_trigger' retrieved from /home/ubuntu/customer_churn_youtube_venv/lib/python3.12/site-packages/airflow/example_dags/example_latest_only_with_trigger.py
[2025-03-26T17:27:22.921+0000] {logging_mixin.py:190} INFO - [2025-03-26T17:27:22.920+0000] {dag.py:3239} INFO - Sync 1 DAGs
[2025-03-26T17:27:22.941+0000] {logging_mixin.py:190} INFO - [2025-03-26T17:27:22.940+0000] {dag.py:4180} INFO - Setting next_dagrun for latest_only_with_trigger to 2025-03-26 12:00:00+00:00, run_after=2025-03-26 16:00:00+00:00
[2025-03-26T17:27:22.963+0000] {processor.py:208} INFO - Processing /home/ubuntu/customer_churn_youtube_venv/lib/python3.12/site-packages/airflow/example_dags/example_latest_only_with_trigger.py took 0.075 seconds
[2025-03-26T17:28:14.004+0000] {processor.py:186} INFO - Started process (PID=7232) to work on /home/ubuntu/customer_churn_youtube_venv/lib/python3.12/site-packages/airflow/example_dags/example_latest_only_with_trigger.py
[2025-03-26T17:28:14.006+0000] {processor.py:914} INFO - Processing file /home/ubuntu/customer_churn_youtube_venv/lib/python3.12/site-packages/airflow/example_dags/example_latest_only_with_trigger.py for tasks to queue
[2025-03-26T17:28:14.008+0000] {logging_mixin.py:190} INFO - [2025-03-26T17:28:14.007+0000] {dagbag.py:588} INFO - Filling up the DagBag from /home/ubuntu/customer_churn_youtube_venv/lib/python3.12/site-packages/airflow/example_dags/example_latest_only_with_trigger.py
[2025-03-26T17:28:14.016+0000] {processor.py:925} INFO - DAG(s) 'latest_only_with_trigger' retrieved from /home/ubuntu/customer_churn_youtube_venv/lib/python3.12/site-packages/airflow/example_dags/example_latest_only_with_trigger.py
[2025-03-26T17:28:14.032+0000] {logging_mixin.py:190} INFO - [2025-03-26T17:28:14.031+0000] {dag.py:3239} INFO - Sync 1 DAGs
[2025-03-26T17:28:14.051+0000] {logging_mixin.py:190} INFO - [2025-03-26T17:28:14.051+0000] {dag.py:4180} INFO - Setting next_dagrun for latest_only_with_trigger to 2025-03-26 12:00:00+00:00, run_after=2025-03-26 16:00:00+00:00
[2025-03-26T17:28:14.072+0000] {processor.py:208} INFO - Processing /home/ubuntu/customer_churn_youtube_venv/lib/python3.12/site-packages/airflow/example_dags/example_latest_only_with_trigger.py took 0.074 seconds
[2025-03-26T17:29:04.727+0000] {processor.py:186} INFO - Started process (PID=7285) to work on /home/ubuntu/customer_churn_youtube_venv/lib/python3.12/site-packages/airflow/example_dags/example_latest_only_with_trigger.py
[2025-03-26T17:29:04.729+0000] {processor.py:914} INFO - Processing file /home/ubuntu/customer_churn_youtube_venv/lib/python3.12/site-packages/airflow/example_dags/example_latest_only_with_trigger.py for tasks to queue
[2025-03-26T17:29:04.731+0000] {logging_mixin.py:190} INFO - [2025-03-26T17:29:04.730+0000] {dagbag.py:588} INFO - Filling up the DagBag from /home/ubuntu/customer_churn_youtube_venv/lib/python3.12/site-packages/airflow/example_dags/example_latest_only_with_trigger.py
[2025-03-26T17:29:04.739+0000] {processor.py:925} INFO - DAG(s) 'latest_only_with_trigger' retrieved from /home/ubuntu/customer_churn_youtube_venv/lib/python3.12/site-packages/airflow/example_dags/example_latest_only_with_trigger.py
[2025-03-26T17:29:04.755+0000] {logging_mixin.py:190} INFO - [2025-03-26T17:29:04.755+0000] {dag.py:3239} INFO - Sync 1 DAGs
[2025-03-26T17:29:04.775+0000] {logging_mixin.py:190} INFO - [2025-03-26T17:29:04.774+0000] {dag.py:4180} INFO - Setting next_dagrun for latest_only_with_trigger to 2025-03-26 12:00:00+00:00, run_after=2025-03-26 16:00:00+00:00
[2025-03-26T17:29:04.796+0000] {processor.py:208} INFO - Processing /home/ubuntu/customer_churn_youtube_venv/lib/python3.12/site-packages/airflow/example_dags/example_latest_only_with_trigger.py took 0.074 seconds
[2025-03-26T17:29:54.905+0000] {processor.py:186} INFO - Started process (PID=7338) to work on /home/ubuntu/customer_churn_youtube_venv/lib/python3.12/site-packages/airflow/example_dags/example_latest_only_with_trigger.py
[2025-03-26T17:29:54.907+0000] {processor.py:914} INFO - Processing file /home/ubuntu/customer_churn_youtube_venv/lib/python3.12/site-packages/airflow/example_dags/example_latest_only_with_trigger.py for tasks to queue
[2025-03-26T17:29:54.909+0000] {logging_mixin.py:190} INFO - [2025-03-26T17:29:54.908+0000] {dagbag.py:588} INFO - Filling up the DagBag from /home/ubuntu/customer_churn_youtube_venv/lib/python3.12/site-packages/airflow/example_dags/example_latest_only_with_trigger.py
[2025-03-26T17:29:54.916+0000] {processor.py:925} INFO - DAG(s) 'latest_only_with_trigger' retrieved from /home/ubuntu/customer_churn_youtube_venv/lib/python3.12/site-packages/airflow/example_dags/example_latest_only_with_trigger.py
[2025-03-26T17:29:54.933+0000] {logging_mixin.py:190} INFO - [2025-03-26T17:29:54.933+0000] {dag.py:3239} INFO - Sync 1 DAGs
[2025-03-26T17:29:54.953+0000] {logging_mixin.py:190} INFO - [2025-03-26T17:29:54.953+0000] {dag.py:4180} INFO - Setting next_dagrun for latest_only_with_trigger to 2025-03-26 12:00:00+00:00, run_after=2025-03-26 16:00:00+00:00
[2025-03-26T17:29:54.976+0000] {processor.py:208} INFO - Processing /home/ubuntu/customer_churn_youtube_venv/lib/python3.12/site-packages/airflow/example_dags/example_latest_only_with_trigger.py took 0.076 seconds
[2025-03-26T17:30:44.221+0000] {processor.py:186} INFO - Started process (PID=7394) to work on /home/ubuntu/customer_churn_youtube_venv/lib/python3.12/site-packages/airflow/example_dags/example_latest_only_with_trigger.py
[2025-03-26T17:30:44.223+0000] {processor.py:914} INFO - Processing file /home/ubuntu/customer_churn_youtube_venv/lib/python3.12/site-packages/airflow/example_dags/example_latest_only_with_trigger.py for tasks to queue
[2025-03-26T17:30:44.226+0000] {logging_mixin.py:190} INFO - [2025-03-26T17:30:44.225+0000] {dagbag.py:588} INFO - Filling up the DagBag from /home/ubuntu/customer_churn_youtube_venv/lib/python3.12/site-packages/airflow/example_dags/example_latest_only_with_trigger.py
[2025-03-26T17:30:44.234+0000] {processor.py:925} INFO - DAG(s) 'latest_only_with_trigger' retrieved from /home/ubuntu/customer_churn_youtube_venv/lib/python3.12/site-packages/airflow/example_dags/example_latest_only_with_trigger.py
[2025-03-26T17:30:44.250+0000] {logging_mixin.py:190} INFO - [2025-03-26T17:30:44.250+0000] {dag.py:3239} INFO - Sync 1 DAGs
[2025-03-26T17:30:44.269+0000] {logging_mixin.py:190} INFO - [2025-03-26T17:30:44.268+0000] {dag.py:4180} INFO - Setting next_dagrun for latest_only_with_trigger to 2025-03-26 12:00:00+00:00, run_after=2025-03-26 16:00:00+00:00
[2025-03-26T17:30:44.292+0000] {processor.py:208} INFO - Processing /home/ubuntu/customer_churn_youtube_venv/lib/python3.12/site-packages/airflow/example_dags/example_latest_only_with_trigger.py took 0.076 seconds
[2025-03-26T17:31:35.235+0000] {processor.py:186} INFO - Started process (PID=7446) to work on /home/ubuntu/customer_churn_youtube_venv/lib/python3.12/site-packages/airflow/example_dags/example_latest_only_with_trigger.py
[2025-03-26T17:31:35.236+0000] {processor.py:914} INFO - Processing file /home/ubuntu/customer_churn_youtube_venv/lib/python3.12/site-packages/airflow/example_dags/example_latest_only_with_trigger.py for tasks to queue
[2025-03-26T17:31:35.239+0000] {logging_mixin.py:190} INFO - [2025-03-26T17:31:35.238+0000] {dagbag.py:588} INFO - Filling up the DagBag from /home/ubuntu/customer_churn_youtube_venv/lib/python3.12/site-packages/airflow/example_dags/example_latest_only_with_trigger.py
[2025-03-26T17:31:35.248+0000] {processor.py:925} INFO - DAG(s) 'latest_only_with_trigger' retrieved from /home/ubuntu/customer_churn_youtube_venv/lib/python3.12/site-packages/airflow/example_dags/example_latest_only_with_trigger.py
[2025-03-26T17:31:35.264+0000] {logging_mixin.py:190} INFO - [2025-03-26T17:31:35.264+0000] {dag.py:3239} INFO - Sync 1 DAGs
[2025-03-26T17:31:35.283+0000] {logging_mixin.py:190} INFO - [2025-03-26T17:31:35.283+0000] {dag.py:4180} INFO - Setting next_dagrun for latest_only_with_trigger to 2025-03-26 12:00:00+00:00, run_after=2025-03-26 16:00:00+00:00
[2025-03-26T17:31:35.305+0000] {processor.py:208} INFO - Processing /home/ubuntu/customer_churn_youtube_venv/lib/python3.12/site-packages/airflow/example_dags/example_latest_only_with_trigger.py took 0.076 seconds
[2025-03-26T17:32:26.874+0000] {processor.py:186} INFO - Started process (PID=7539) to work on /home/ubuntu/customer_churn_youtube_venv/lib/python3.12/site-packages/airflow/example_dags/example_latest_only_with_trigger.py
[2025-03-26T17:32:26.876+0000] {processor.py:914} INFO - Processing file /home/ubuntu/customer_churn_youtube_venv/lib/python3.12/site-packages/airflow/example_dags/example_latest_only_with_trigger.py for tasks to queue
[2025-03-26T17:32:26.878+0000] {logging_mixin.py:190} INFO - [2025-03-26T17:32:26.877+0000] {dagbag.py:588} INFO - Filling up the DagBag from /home/ubuntu/customer_churn_youtube_venv/lib/python3.12/site-packages/airflow/example_dags/example_latest_only_with_trigger.py
[2025-03-26T17:32:26.885+0000] {processor.py:925} INFO - DAG(s) 'latest_only_with_trigger' retrieved from /home/ubuntu/customer_churn_youtube_venv/lib/python3.12/site-packages/airflow/example_dags/example_latest_only_with_trigger.py
[2025-03-26T17:32:26.901+0000] {logging_mixin.py:190} INFO - [2025-03-26T17:32:26.900+0000] {dag.py:3239} INFO - Sync 1 DAGs
[2025-03-26T17:32:26.920+0000] {logging_mixin.py:190} INFO - [2025-03-26T17:32:26.919+0000] {dag.py:4180} INFO - Setting next_dagrun for latest_only_with_trigger to 2025-03-26 12:00:00+00:00, run_after=2025-03-26 16:00:00+00:00
[2025-03-26T17:32:26.941+0000] {processor.py:208} INFO - Processing /home/ubuntu/customer_churn_youtube_venv/lib/python3.12/site-packages/airflow/example_dags/example_latest_only_with_trigger.py took 0.072 seconds
[2025-03-26T17:33:17.758+0000] {processor.py:186} INFO - Started process (PID=7593) to work on /home/ubuntu/customer_churn_youtube_venv/lib/python3.12/site-packages/airflow/example_dags/example_latest_only_with_trigger.py
[2025-03-26T17:33:17.759+0000] {processor.py:914} INFO - Processing file /home/ubuntu/customer_churn_youtube_venv/lib/python3.12/site-packages/airflow/example_dags/example_latest_only_with_trigger.py for tasks to queue
[2025-03-26T17:33:17.761+0000] {logging_mixin.py:190} INFO - [2025-03-26T17:33:17.761+0000] {dagbag.py:588} INFO - Filling up the DagBag from /home/ubuntu/customer_churn_youtube_venv/lib/python3.12/site-packages/airflow/example_dags/example_latest_only_with_trigger.py
[2025-03-26T17:33:17.768+0000] {processor.py:925} INFO - DAG(s) 'latest_only_with_trigger' retrieved from /home/ubuntu/customer_churn_youtube_venv/lib/python3.12/site-packages/airflow/example_dags/example_latest_only_with_trigger.py
[2025-03-26T17:33:17.785+0000] {logging_mixin.py:190} INFO - [2025-03-26T17:33:17.785+0000] {dag.py:3239} INFO - Sync 1 DAGs
[2025-03-26T17:33:17.803+0000] {logging_mixin.py:190} INFO - [2025-03-26T17:33:17.803+0000] {dag.py:4180} INFO - Setting next_dagrun for latest_only_with_trigger to 2025-03-26 12:00:00+00:00, run_after=2025-03-26 16:00:00+00:00
[2025-03-26T17:33:17.826+0000] {processor.py:208} INFO - Processing /home/ubuntu/customer_churn_youtube_venv/lib/python3.12/site-packages/airflow/example_dags/example_latest_only_with_trigger.py took 0.073 seconds
[2025-03-26T17:34:09.701+0000] {processor.py:186} INFO - Started process (PID=7644) to work on /home/ubuntu/customer_churn_youtube_venv/lib/python3.12/site-packages/airflow/example_dags/example_latest_only_with_trigger.py
[2025-03-26T17:34:09.703+0000] {processor.py:914} INFO - Processing file /home/ubuntu/customer_churn_youtube_venv/lib/python3.12/site-packages/airflow/example_dags/example_latest_only_with_trigger.py for tasks to queue
[2025-03-26T17:34:09.704+0000] {logging_mixin.py:190} INFO - [2025-03-26T17:34:09.704+0000] {dagbag.py:588} INFO - Filling up the DagBag from /home/ubuntu/customer_churn_youtube_venv/lib/python3.12/site-packages/airflow/example_dags/example_latest_only_with_trigger.py
[2025-03-26T17:34:09.713+0000] {processor.py:925} INFO - DAG(s) 'latest_only_with_trigger' retrieved from /home/ubuntu/customer_churn_youtube_venv/lib/python3.12/site-packages/airflow/example_dags/example_latest_only_with_trigger.py
[2025-03-26T17:34:09.728+0000] {logging_mixin.py:190} INFO - [2025-03-26T17:34:09.728+0000] {dag.py:3239} INFO - Sync 1 DAGs
[2025-03-26T17:34:09.747+0000] {logging_mixin.py:190} INFO - [2025-03-26T17:34:09.746+0000] {dag.py:4180} INFO - Setting next_dagrun for latest_only_with_trigger to 2025-03-26 12:00:00+00:00, run_after=2025-03-26 16:00:00+00:00
[2025-03-26T17:34:09.768+0000] {processor.py:208} INFO - Processing /home/ubuntu/customer_churn_youtube_venv/lib/python3.12/site-packages/airflow/example_dags/example_latest_only_with_trigger.py took 0.073 seconds
[2025-03-26T17:35:01.427+0000] {processor.py:186} INFO - Started process (PID=7699) to work on /home/ubuntu/customer_churn_youtube_venv/lib/python3.12/site-packages/airflow/example_dags/example_latest_only_with_trigger.py
[2025-03-26T17:35:01.428+0000] {processor.py:914} INFO - Processing file /home/ubuntu/customer_churn_youtube_venv/lib/python3.12/site-packages/airflow/example_dags/example_latest_only_with_trigger.py for tasks to queue
[2025-03-26T17:35:01.431+0000] {logging_mixin.py:190} INFO - [2025-03-26T17:35:01.431+0000] {dagbag.py:588} INFO - Filling up the DagBag from /home/ubuntu/customer_churn_youtube_venv/lib/python3.12/site-packages/airflow/example_dags/example_latest_only_with_trigger.py
[2025-03-26T17:35:01.440+0000] {processor.py:925} INFO - DAG(s) 'latest_only_with_trigger' retrieved from /home/ubuntu/customer_churn_youtube_venv/lib/python3.12/site-packages/airflow/example_dags/example_latest_only_with_trigger.py
[2025-03-26T17:35:01.458+0000] {logging_mixin.py:190} INFO - [2025-03-26T17:35:01.458+0000] {dag.py:3239} INFO - Sync 1 DAGs
[2025-03-26T17:35:01.482+0000] {logging_mixin.py:190} INFO - [2025-03-26T17:35:01.480+0000] {dag.py:4180} INFO - Setting next_dagrun for latest_only_with_trigger to 2025-03-26 12:00:00+00:00, run_after=2025-03-26 16:00:00+00:00
[2025-03-26T17:35:01.507+0000] {processor.py:208} INFO - Processing /home/ubuntu/customer_churn_youtube_venv/lib/python3.12/site-packages/airflow/example_dags/example_latest_only_with_trigger.py took 0.086 seconds
[2025-03-26T17:35:53.500+0000] {processor.py:186} INFO - Started process (PID=7759) to work on /home/ubuntu/customer_churn_youtube_venv/lib/python3.12/site-packages/airflow/example_dags/example_latest_only_with_trigger.py
[2025-03-26T17:35:53.501+0000] {processor.py:914} INFO - Processing file /home/ubuntu/customer_churn_youtube_venv/lib/python3.12/site-packages/airflow/example_dags/example_latest_only_with_trigger.py for tasks to queue
[2025-03-26T17:35:53.503+0000] {logging_mixin.py:190} INFO - [2025-03-26T17:35:53.503+0000] {dagbag.py:588} INFO - Filling up the DagBag from /home/ubuntu/customer_churn_youtube_venv/lib/python3.12/site-packages/airflow/example_dags/example_latest_only_with_trigger.py
[2025-03-26T17:35:53.512+0000] {processor.py:925} INFO - DAG(s) 'latest_only_with_trigger' retrieved from /home/ubuntu/customer_churn_youtube_venv/lib/python3.12/site-packages/airflow/example_dags/example_latest_only_with_trigger.py
[2025-03-26T17:35:53.528+0000] {logging_mixin.py:190} INFO - [2025-03-26T17:35:53.527+0000] {dag.py:3239} INFO - Sync 1 DAGs
[2025-03-26T17:35:53.547+0000] {logging_mixin.py:190} INFO - [2025-03-26T17:35:53.546+0000] {dag.py:4180} INFO - Setting next_dagrun for latest_only_with_trigger to 2025-03-26 12:00:00+00:00, run_after=2025-03-26 16:00:00+00:00
[2025-03-26T17:35:53.570+0000] {processor.py:208} INFO - Processing /home/ubuntu/customer_churn_youtube_venv/lib/python3.12/site-packages/airflow/example_dags/example_latest_only_with_trigger.py took 0.077 seconds
[2025-03-26T17:36:47.195+0000] {processor.py:186} INFO - Started process (PID=7815) to work on /home/ubuntu/customer_churn_youtube_venv/lib/python3.12/site-packages/airflow/example_dags/example_latest_only_with_trigger.py
[2025-03-26T17:36:47.197+0000] {processor.py:914} INFO - Processing file /home/ubuntu/customer_churn_youtube_venv/lib/python3.12/site-packages/airflow/example_dags/example_latest_only_with_trigger.py for tasks to queue
[2025-03-26T17:36:47.199+0000] {logging_mixin.py:190} INFO - [2025-03-26T17:36:47.199+0000] {dagbag.py:588} INFO - Filling up the DagBag from /home/ubuntu/customer_churn_youtube_venv/lib/python3.12/site-packages/airflow/example_dags/example_latest_only_with_trigger.py
[2025-03-26T17:36:47.207+0000] {processor.py:925} INFO - DAG(s) 'latest_only_with_trigger' retrieved from /home/ubuntu/customer_churn_youtube_venv/lib/python3.12/site-packages/airflow/example_dags/example_latest_only_with_trigger.py
[2025-03-26T17:36:47.222+0000] {logging_mixin.py:190} INFO - [2025-03-26T17:36:47.222+0000] {dag.py:3239} INFO - Sync 1 DAGs
[2025-03-26T17:36:47.241+0000] {logging_mixin.py:190} INFO - [2025-03-26T17:36:47.240+0000] {dag.py:4180} INFO - Setting next_dagrun for latest_only_with_trigger to 2025-03-26 12:00:00+00:00, run_after=2025-03-26 16:00:00+00:00
[2025-03-26T17:36:47.265+0000] {processor.py:208} INFO - Processing /home/ubuntu/customer_churn_youtube_venv/lib/python3.12/site-packages/airflow/example_dags/example_latest_only_with_trigger.py took 0.075 seconds
