[2025-03-26T17:13:17.295+0000] {processor.py:186} INFO - Started process (PID=6266) to work on /home/ubuntu/customer_churn_youtube_venv/lib/python3.12/site-packages/airflow/example_dags/example_trigger_controller_dag.py
[2025-03-26T17:13:17.296+0000] {processor.py:914} INFO - Processing file /home/ubuntu/customer_churn_youtube_venv/lib/python3.12/site-packages/airflow/example_dags/example_trigger_controller_dag.py for tasks to queue
[2025-03-26T17:13:17.299+0000] {logging_mixin.py:190} INFO - [2025-03-26T17:13:17.298+0000] {dagbag.py:588} INFO - Filling up the DagBag from /home/ubuntu/customer_churn_youtube_venv/lib/python3.12/site-packages/airflow/example_dags/example_trigger_controller_dag.py
[2025-03-26T17:13:17.305+0000] {processor.py:925} INFO - DAG(s) 'example_trigger_controller_dag' retrieved from /home/ubuntu/customer_churn_youtube_venv/lib/python3.12/site-packages/airflow/example_dags/example_trigger_controller_dag.py
[2025-03-26T17:13:17.408+0000] {logging_mixin.py:190} INFO - [2025-03-26T17:13:17.408+0000] {override.py:1930} INFO - Created Permission View: can edit on DAG:example_trigger_controller_dag
[2025-03-26T17:13:17.421+0000] {logging_mixin.py:190} INFO - [2025-03-26T17:13:17.421+0000] {override.py:1930} INFO - Created Permission View: can read on DAG:example_trigger_controller_dag
[2025-03-26T17:13:17.432+0000] {logging_mixin.py:190} INFO - [2025-03-26T17:13:17.432+0000] {override.py:1930} INFO - Created Permission View: can delete on DAG:example_trigger_controller_dag
[2025-03-26T17:13:17.448+0000] {logging_mixin.py:190} INFO - [2025-03-26T17:13:17.448+0000] {override.py:1930} INFO - Created Permission View: menu access on DAG Run:example_trigger_controller_dag
[2025-03-26T17:13:17.458+0000] {logging_mixin.py:190} INFO - [2025-03-26T17:13:17.458+0000] {override.py:1930} INFO - Created Permission View: can create on DAG Run:example_trigger_controller_dag
[2025-03-26T17:13:17.469+0000] {logging_mixin.py:190} INFO - [2025-03-26T17:13:17.469+0000] {override.py:1930} INFO - Created Permission View: can delete on DAG Run:example_trigger_controller_dag
[2025-03-26T17:13:17.479+0000] {logging_mixin.py:190} INFO - [2025-03-26T17:13:17.478+0000] {override.py:1930} INFO - Created Permission View: can read on DAG Run:example_trigger_controller_dag
[2025-03-26T17:13:17.479+0000] {logging_mixin.py:190} INFO - [2025-03-26T17:13:17.479+0000] {dag.py:3239} INFO - Sync 1 DAGs
[2025-03-26T17:13:17.490+0000] {logging_mixin.py:190} INFO - [2025-03-26T17:13:17.490+0000] {dag.py:3262} INFO - Creating ORM DAG for example_trigger_controller_dag
[2025-03-26T17:13:17.498+0000] {logging_mixin.py:190} INFO - [2025-03-26T17:13:17.498+0000] {dag.py:4180} INFO - Setting next_dagrun for example_trigger_controller_dag to 2021-01-01 00:00:00+00:00, run_after=2021-01-01 00:00:00+00:00
[2025-03-26T17:13:17.519+0000] {processor.py:208} INFO - Processing /home/ubuntu/customer_churn_youtube_venv/lib/python3.12/site-packages/airflow/example_dags/example_trigger_controller_dag.py took 0.230 seconds
[2025-03-26T17:14:27.515+0000] {processor.py:186} INFO - Started process (PID=6323) to work on /home/ubuntu/customer_churn_youtube_venv/lib/python3.12/site-packages/airflow/example_dags/example_trigger_controller_dag.py
[2025-03-26T17:14:27.517+0000] {processor.py:914} INFO - Processing file /home/ubuntu/customer_churn_youtube_venv/lib/python3.12/site-packages/airflow/example_dags/example_trigger_controller_dag.py for tasks to queue
[2025-03-26T17:14:27.520+0000] {logging_mixin.py:190} INFO - [2025-03-26T17:14:27.519+0000] {dagbag.py:588} INFO - Filling up the DagBag from /home/ubuntu/customer_churn_youtube_venv/lib/python3.12/site-packages/airflow/example_dags/example_trigger_controller_dag.py
[2025-03-26T17:14:27.527+0000] {processor.py:925} INFO - DAG(s) 'example_trigger_controller_dag' retrieved from /home/ubuntu/customer_churn_youtube_venv/lib/python3.12/site-packages/airflow/example_dags/example_trigger_controller_dag.py
[2025-03-26T17:14:27.541+0000] {logging_mixin.py:190} INFO - [2025-03-26T17:14:27.541+0000] {dag.py:3239} INFO - Sync 1 DAGs
[2025-03-26T17:14:27.560+0000] {logging_mixin.py:190} INFO - [2025-03-26T17:14:27.559+0000] {dag.py:4180} INFO - Setting next_dagrun for example_trigger_controller_dag to 2021-01-01 00:00:00+00:00, run_after=2021-01-01 00:00:00+00:00
[2025-03-26T17:14:27.582+0000] {processor.py:208} INFO - Processing /home/ubuntu/customer_churn_youtube_venv/lib/python3.12/site-packages/airflow/example_dags/example_trigger_controller_dag.py took 0.072 seconds
[2025-03-26T17:15:23.005+0000] {processor.py:186} INFO - Started process (PID=6386) to work on /home/ubuntu/customer_churn_youtube_venv/lib/python3.12/site-packages/airflow/example_dags/example_trigger_controller_dag.py
[2025-03-26T17:15:23.007+0000] {processor.py:914} INFO - Processing file /home/ubuntu/customer_churn_youtube_venv/lib/python3.12/site-packages/airflow/example_dags/example_trigger_controller_dag.py for tasks to queue
[2025-03-26T17:15:23.009+0000] {logging_mixin.py:190} INFO - [2025-03-26T17:15:23.009+0000] {dagbag.py:588} INFO - Filling up the DagBag from /home/ubuntu/customer_churn_youtube_venv/lib/python3.12/site-packages/airflow/example_dags/example_trigger_controller_dag.py
[2025-03-26T17:15:23.016+0000] {processor.py:925} INFO - DAG(s) 'example_trigger_controller_dag' retrieved from /home/ubuntu/customer_churn_youtube_venv/lib/python3.12/site-packages/airflow/example_dags/example_trigger_controller_dag.py
[2025-03-26T17:15:23.031+0000] {logging_mixin.py:190} INFO - [2025-03-26T17:15:23.030+0000] {dag.py:3239} INFO - Sync 1 DAGs
[2025-03-26T17:15:23.048+0000] {logging_mixin.py:190} INFO - [2025-03-26T17:15:23.048+0000] {dag.py:4180} INFO - Setting next_dagrun for example_trigger_controller_dag to 2021-01-01 00:00:00+00:00, run_after=2021-01-01 00:00:00+00:00
[2025-03-26T17:15:23.071+0000] {processor.py:208} INFO - Processing /home/ubuntu/customer_churn_youtube_venv/lib/python3.12/site-packages/airflow/example_dags/example_trigger_controller_dag.py took 0.072 seconds
[2025-03-26T17:16:14.594+0000] {processor.py:186} INFO - Started process (PID=6439) to work on /home/ubuntu/customer_churn_youtube_venv/lib/python3.12/site-packages/airflow/example_dags/example_trigger_controller_dag.py
[2025-03-26T17:16:14.596+0000] {processor.py:914} INFO - Processing file /home/ubuntu/customer_churn_youtube_venv/lib/python3.12/site-packages/airflow/example_dags/example_trigger_controller_dag.py for tasks to queue
[2025-03-26T17:16:14.598+0000] {logging_mixin.py:190} INFO - [2025-03-26T17:16:14.597+0000] {dagbag.py:588} INFO - Filling up the DagBag from /home/ubuntu/customer_churn_youtube_venv/lib/python3.12/site-packages/airflow/example_dags/example_trigger_controller_dag.py
[2025-03-26T17:16:14.604+0000] {processor.py:925} INFO - DAG(s) 'example_trigger_controller_dag' retrieved from /home/ubuntu/customer_churn_youtube_venv/lib/python3.12/site-packages/airflow/example_dags/example_trigger_controller_dag.py
[2025-03-26T17:16:14.618+0000] {logging_mixin.py:190} INFO - [2025-03-26T17:16:14.618+0000] {dag.py:3239} INFO - Sync 1 DAGs
[2025-03-26T17:16:14.636+0000] {logging_mixin.py:190} INFO - [2025-03-26T17:16:14.635+0000] {dag.py:4180} INFO - Setting next_dagrun for example_trigger_controller_dag to 2021-01-01 00:00:00+00:00, run_after=2021-01-01 00:00:00+00:00
[2025-03-26T17:16:14.657+0000] {processor.py:208} INFO - Processing /home/ubuntu/customer_churn_youtube_venv/lib/python3.12/site-packages/airflow/example_dags/example_trigger_controller_dag.py took 0.068 seconds
[2025-03-26T17:17:08.741+0000] {processor.py:186} INFO - Started process (PID=6497) to work on /home/ubuntu/customer_churn_youtube_venv/lib/python3.12/site-packages/airflow/example_dags/example_trigger_controller_dag.py
[2025-03-26T17:17:08.742+0000] {processor.py:914} INFO - Processing file /home/ubuntu/customer_churn_youtube_venv/lib/python3.12/site-packages/airflow/example_dags/example_trigger_controller_dag.py for tasks to queue
[2025-03-26T17:17:08.745+0000] {logging_mixin.py:190} INFO - [2025-03-26T17:17:08.744+0000] {dagbag.py:588} INFO - Filling up the DagBag from /home/ubuntu/customer_churn_youtube_venv/lib/python3.12/site-packages/airflow/example_dags/example_trigger_controller_dag.py
[2025-03-26T17:17:08.752+0000] {processor.py:925} INFO - DAG(s) 'example_trigger_controller_dag' retrieved from /home/ubuntu/customer_churn_youtube_venv/lib/python3.12/site-packages/airflow/example_dags/example_trigger_controller_dag.py
[2025-03-26T17:17:08.766+0000] {logging_mixin.py:190} INFO - [2025-03-26T17:17:08.766+0000] {dag.py:3239} INFO - Sync 1 DAGs
[2025-03-26T17:17:08.783+0000] {logging_mixin.py:190} INFO - [2025-03-26T17:17:08.783+0000] {dag.py:4180} INFO - Setting next_dagrun for example_trigger_controller_dag to 2021-01-01 00:00:00+00:00, run_after=2021-01-01 00:00:00+00:00
[2025-03-26T17:17:08.805+0000] {processor.py:208} INFO - Processing /home/ubuntu/customer_churn_youtube_venv/lib/python3.12/site-packages/airflow/example_dags/example_trigger_controller_dag.py took 0.070 seconds
[2025-03-26T17:18:01.580+0000] {processor.py:186} INFO - Started process (PID=6551) to work on /home/ubuntu/customer_churn_youtube_venv/lib/python3.12/site-packages/airflow/example_dags/example_trigger_controller_dag.py
[2025-03-26T17:18:01.581+0000] {processor.py:914} INFO - Processing file /home/ubuntu/customer_churn_youtube_venv/lib/python3.12/site-packages/airflow/example_dags/example_trigger_controller_dag.py for tasks to queue
[2025-03-26T17:18:01.583+0000] {logging_mixin.py:190} INFO - [2025-03-26T17:18:01.583+0000] {dagbag.py:588} INFO - Filling up the DagBag from /home/ubuntu/customer_churn_youtube_venv/lib/python3.12/site-packages/airflow/example_dags/example_trigger_controller_dag.py
[2025-03-26T17:18:01.591+0000] {processor.py:925} INFO - DAG(s) 'example_trigger_controller_dag' retrieved from /home/ubuntu/customer_churn_youtube_venv/lib/python3.12/site-packages/airflow/example_dags/example_trigger_controller_dag.py
[2025-03-26T17:18:01.607+0000] {logging_mixin.py:190} INFO - [2025-03-26T17:18:01.607+0000] {dag.py:3239} INFO - Sync 1 DAGs
[2025-03-26T17:18:01.627+0000] {logging_mixin.py:190} INFO - [2025-03-26T17:18:01.626+0000] {dag.py:4180} INFO - Setting next_dagrun for example_trigger_controller_dag to 2021-01-01 00:00:00+00:00, run_after=2021-01-01 00:00:00+00:00
[2025-03-26T17:18:01.651+0000] {processor.py:208} INFO - Processing /home/ubuntu/customer_churn_youtube_venv/lib/python3.12/site-packages/airflow/example_dags/example_trigger_controller_dag.py took 0.078 seconds
[2025-03-26T17:18:55.257+0000] {processor.py:186} INFO - Started process (PID=6606) to work on /home/ubuntu/customer_churn_youtube_venv/lib/python3.12/site-packages/airflow/example_dags/example_trigger_controller_dag.py
[2025-03-26T17:18:55.258+0000] {processor.py:914} INFO - Processing file /home/ubuntu/customer_churn_youtube_venv/lib/python3.12/site-packages/airflow/example_dags/example_trigger_controller_dag.py for tasks to queue
[2025-03-26T17:18:55.261+0000] {logging_mixin.py:190} INFO - [2025-03-26T17:18:55.261+0000] {dagbag.py:588} INFO - Filling up the DagBag from /home/ubuntu/customer_churn_youtube_venv/lib/python3.12/site-packages/airflow/example_dags/example_trigger_controller_dag.py
[2025-03-26T17:18:55.268+0000] {processor.py:925} INFO - DAG(s) 'example_trigger_controller_dag' retrieved from /home/ubuntu/customer_churn_youtube_venv/lib/python3.12/site-packages/airflow/example_dags/example_trigger_controller_dag.py
[2025-03-26T17:18:55.281+0000] {logging_mixin.py:190} INFO - [2025-03-26T17:18:55.281+0000] {dag.py:3239} INFO - Sync 1 DAGs
[2025-03-26T17:18:55.298+0000] {logging_mixin.py:190} INFO - [2025-03-26T17:18:55.298+0000] {dag.py:4180} INFO - Setting next_dagrun for example_trigger_controller_dag to 2021-01-01 00:00:00+00:00, run_after=2021-01-01 00:00:00+00:00
[2025-03-26T17:18:55.320+0000] {processor.py:208} INFO - Processing /home/ubuntu/customer_churn_youtube_venv/lib/python3.12/site-packages/airflow/example_dags/example_trigger_controller_dag.py took 0.069 seconds
[2025-03-26T17:19:55.035+0000] {processor.py:186} INFO - Started process (PID=6663) to work on /home/ubuntu/customer_churn_youtube_venv/lib/python3.12/site-packages/airflow/example_dags/example_trigger_controller_dag.py
[2025-03-26T17:19:55.036+0000] {processor.py:914} INFO - Processing file /home/ubuntu/customer_churn_youtube_venv/lib/python3.12/site-packages/airflow/example_dags/example_trigger_controller_dag.py for tasks to queue
[2025-03-26T17:19:55.038+0000] {logging_mixin.py:190} INFO - [2025-03-26T17:19:55.038+0000] {dagbag.py:588} INFO - Filling up the DagBag from /home/ubuntu/customer_churn_youtube_venv/lib/python3.12/site-packages/airflow/example_dags/example_trigger_controller_dag.py
[2025-03-26T17:19:55.046+0000] {processor.py:925} INFO - DAG(s) 'example_trigger_controller_dag' retrieved from /home/ubuntu/customer_churn_youtube_venv/lib/python3.12/site-packages/airflow/example_dags/example_trigger_controller_dag.py
[2025-03-26T17:19:55.060+0000] {logging_mixin.py:190} INFO - [2025-03-26T17:19:55.060+0000] {dag.py:3239} INFO - Sync 1 DAGs
[2025-03-26T17:19:55.078+0000] {logging_mixin.py:190} INFO - [2025-03-26T17:19:55.078+0000] {dag.py:4180} INFO - Setting next_dagrun for example_trigger_controller_dag to 2021-01-01 00:00:00+00:00, run_after=2021-01-01 00:00:00+00:00
[2025-03-26T17:19:55.101+0000] {processor.py:208} INFO - Processing /home/ubuntu/customer_churn_youtube_venv/lib/python3.12/site-packages/airflow/example_dags/example_trigger_controller_dag.py took 0.072 seconds
[2025-03-26T17:20:51.903+0000] {processor.py:186} INFO - Started process (PID=6726) to work on /home/ubuntu/customer_churn_youtube_venv/lib/python3.12/site-packages/airflow/example_dags/example_trigger_controller_dag.py
[2025-03-26T17:20:51.905+0000] {processor.py:914} INFO - Processing file /home/ubuntu/customer_churn_youtube_venv/lib/python3.12/site-packages/airflow/example_dags/example_trigger_controller_dag.py for tasks to queue
[2025-03-26T17:20:51.908+0000] {logging_mixin.py:190} INFO - [2025-03-26T17:20:51.907+0000] {dagbag.py:588} INFO - Filling up the DagBag from /home/ubuntu/customer_churn_youtube_venv/lib/python3.12/site-packages/airflow/example_dags/example_trigger_controller_dag.py
[2025-03-26T17:20:51.915+0000] {processor.py:925} INFO - DAG(s) 'example_trigger_controller_dag' retrieved from /home/ubuntu/customer_churn_youtube_venv/lib/python3.12/site-packages/airflow/example_dags/example_trigger_controller_dag.py
[2025-03-26T17:20:51.928+0000] {logging_mixin.py:190} INFO - [2025-03-26T17:20:51.928+0000] {dag.py:3239} INFO - Sync 1 DAGs
[2025-03-26T17:20:51.946+0000] {logging_mixin.py:190} INFO - [2025-03-26T17:20:51.946+0000] {dag.py:4180} INFO - Setting next_dagrun for example_trigger_controller_dag to 2021-01-01 00:00:00+00:00, run_after=2021-01-01 00:00:00+00:00
[2025-03-26T17:20:51.968+0000] {processor.py:208} INFO - Processing /home/ubuntu/customer_churn_youtube_venv/lib/python3.12/site-packages/airflow/example_dags/example_trigger_controller_dag.py took 0.070 seconds
[2025-03-26T17:21:45.858+0000] {processor.py:186} INFO - Started process (PID=6780) to work on /home/ubuntu/customer_churn_youtube_venv/lib/python3.12/site-packages/airflow/example_dags/example_trigger_controller_dag.py
[2025-03-26T17:21:45.860+0000] {processor.py:914} INFO - Processing file /home/ubuntu/customer_churn_youtube_venv/lib/python3.12/site-packages/airflow/example_dags/example_trigger_controller_dag.py for tasks to queue
[2025-03-26T17:21:45.862+0000] {logging_mixin.py:190} INFO - [2025-03-26T17:21:45.862+0000] {dagbag.py:588} INFO - Filling up the DagBag from /home/ubuntu/customer_churn_youtube_venv/lib/python3.12/site-packages/airflow/example_dags/example_trigger_controller_dag.py
[2025-03-26T17:21:45.869+0000] {processor.py:925} INFO - DAG(s) 'example_trigger_controller_dag' retrieved from /home/ubuntu/customer_churn_youtube_venv/lib/python3.12/site-packages/airflow/example_dags/example_trigger_controller_dag.py
[2025-03-26T17:21:45.885+0000] {logging_mixin.py:190} INFO - [2025-03-26T17:21:45.884+0000] {dag.py:3239} INFO - Sync 1 DAGs
[2025-03-26T17:21:45.903+0000] {logging_mixin.py:190} INFO - [2025-03-26T17:21:45.903+0000] {dag.py:4180} INFO - Setting next_dagrun for example_trigger_controller_dag to 2021-01-01 00:00:00+00:00, run_after=2021-01-01 00:00:00+00:00
[2025-03-26T17:21:45.925+0000] {processor.py:208} INFO - Processing /home/ubuntu/customer_churn_youtube_venv/lib/python3.12/site-packages/airflow/example_dags/example_trigger_controller_dag.py took 0.073 seconds
[2025-03-26T17:22:37.547+0000] {processor.py:186} INFO - Started process (PID=6834) to work on /home/ubuntu/customer_churn_youtube_venv/lib/python3.12/site-packages/airflow/example_dags/example_trigger_controller_dag.py
[2025-03-26T17:22:37.548+0000] {processor.py:914} INFO - Processing file /home/ubuntu/customer_churn_youtube_venv/lib/python3.12/site-packages/airflow/example_dags/example_trigger_controller_dag.py for tasks to queue
[2025-03-26T17:22:37.550+0000] {logging_mixin.py:190} INFO - [2025-03-26T17:22:37.549+0000] {dagbag.py:588} INFO - Filling up the DagBag from /home/ubuntu/customer_churn_youtube_venv/lib/python3.12/site-packages/airflow/example_dags/example_trigger_controller_dag.py
[2025-03-26T17:22:37.558+0000] {processor.py:925} INFO - DAG(s) 'example_trigger_controller_dag' retrieved from /home/ubuntu/customer_churn_youtube_venv/lib/python3.12/site-packages/airflow/example_dags/example_trigger_controller_dag.py
[2025-03-26T17:22:37.573+0000] {logging_mixin.py:190} INFO - [2025-03-26T17:22:37.572+0000] {dag.py:3239} INFO - Sync 1 DAGs
[2025-03-26T17:22:37.591+0000] {logging_mixin.py:190} INFO - [2025-03-26T17:22:37.591+0000] {dag.py:4180} INFO - Setting next_dagrun for example_trigger_controller_dag to 2021-01-01 00:00:00+00:00, run_after=2021-01-01 00:00:00+00:00
[2025-03-26T17:22:37.612+0000] {processor.py:208} INFO - Processing /home/ubuntu/customer_churn_youtube_venv/lib/python3.12/site-packages/airflow/example_dags/example_trigger_controller_dag.py took 0.071 seconds
[2025-03-26T17:23:29.200+0000] {processor.py:186} INFO - Started process (PID=6887) to work on /home/ubuntu/customer_churn_youtube_venv/lib/python3.12/site-packages/airflow/example_dags/example_trigger_controller_dag.py
[2025-03-26T17:23:29.202+0000] {processor.py:914} INFO - Processing file /home/ubuntu/customer_churn_youtube_venv/lib/python3.12/site-packages/airflow/example_dags/example_trigger_controller_dag.py for tasks to queue
[2025-03-26T17:23:29.203+0000] {logging_mixin.py:190} INFO - [2025-03-26T17:23:29.203+0000] {dagbag.py:588} INFO - Filling up the DagBag from /home/ubuntu/customer_churn_youtube_venv/lib/python3.12/site-packages/airflow/example_dags/example_trigger_controller_dag.py
[2025-03-26T17:23:29.211+0000] {processor.py:925} INFO - DAG(s) 'example_trigger_controller_dag' retrieved from /home/ubuntu/customer_churn_youtube_venv/lib/python3.12/site-packages/airflow/example_dags/example_trigger_controller_dag.py
[2025-03-26T17:23:29.225+0000] {logging_mixin.py:190} INFO - [2025-03-26T17:23:29.225+0000] {dag.py:3239} INFO - Sync 1 DAGs
[2025-03-26T17:23:29.244+0000] {logging_mixin.py:190} INFO - [2025-03-26T17:23:29.244+0000] {dag.py:4180} INFO - Setting next_dagrun for example_trigger_controller_dag to 2021-01-01 00:00:00+00:00, run_after=2021-01-01 00:00:00+00:00
[2025-03-26T17:23:29.266+0000] {processor.py:208} INFO - Processing /home/ubuntu/customer_churn_youtube_venv/lib/python3.12/site-packages/airflow/example_dags/example_trigger_controller_dag.py took 0.071 seconds
[2025-03-26T17:24:19.659+0000] {processor.py:186} INFO - Started process (PID=6940) to work on /home/ubuntu/customer_churn_youtube_venv/lib/python3.12/site-packages/airflow/example_dags/example_trigger_controller_dag.py
[2025-03-26T17:24:19.660+0000] {processor.py:914} INFO - Processing file /home/ubuntu/customer_churn_youtube_venv/lib/python3.12/site-packages/airflow/example_dags/example_trigger_controller_dag.py for tasks to queue
[2025-03-26T17:24:19.662+0000] {logging_mixin.py:190} INFO - [2025-03-26T17:24:19.662+0000] {dagbag.py:588} INFO - Filling up the DagBag from /home/ubuntu/customer_churn_youtube_venv/lib/python3.12/site-packages/airflow/example_dags/example_trigger_controller_dag.py
[2025-03-26T17:24:19.670+0000] {processor.py:925} INFO - DAG(s) 'example_trigger_controller_dag' retrieved from /home/ubuntu/customer_churn_youtube_venv/lib/python3.12/site-packages/airflow/example_dags/example_trigger_controller_dag.py
[2025-03-26T17:24:19.684+0000] {logging_mixin.py:190} INFO - [2025-03-26T17:24:19.684+0000] {dag.py:3239} INFO - Sync 1 DAGs
[2025-03-26T17:24:19.702+0000] {logging_mixin.py:190} INFO - [2025-03-26T17:24:19.702+0000] {dag.py:4180} INFO - Setting next_dagrun for example_trigger_controller_dag to 2021-01-01 00:00:00+00:00, run_after=2021-01-01 00:00:00+00:00
[2025-03-26T17:24:19.723+0000] {processor.py:208} INFO - Processing /home/ubuntu/customer_churn_youtube_venv/lib/python3.12/site-packages/airflow/example_dags/example_trigger_controller_dag.py took 0.070 seconds
[2025-03-26T17:25:10.114+0000] {processor.py:186} INFO - Started process (PID=6996) to work on /home/ubuntu/customer_churn_youtube_venv/lib/python3.12/site-packages/airflow/example_dags/example_trigger_controller_dag.py
[2025-03-26T17:25:10.116+0000] {processor.py:914} INFO - Processing file /home/ubuntu/customer_churn_youtube_venv/lib/python3.12/site-packages/airflow/example_dags/example_trigger_controller_dag.py for tasks to queue
[2025-03-26T17:25:10.118+0000] {logging_mixin.py:190} INFO - [2025-03-26T17:25:10.118+0000] {dagbag.py:588} INFO - Filling up the DagBag from /home/ubuntu/customer_churn_youtube_venv/lib/python3.12/site-packages/airflow/example_dags/example_trigger_controller_dag.py
[2025-03-26T17:25:10.125+0000] {processor.py:925} INFO - DAG(s) 'example_trigger_controller_dag' retrieved from /home/ubuntu/customer_churn_youtube_venv/lib/python3.12/site-packages/airflow/example_dags/example_trigger_controller_dag.py
[2025-03-26T17:25:10.141+0000] {logging_mixin.py:190} INFO - [2025-03-26T17:25:10.140+0000] {dag.py:3239} INFO - Sync 1 DAGs
[2025-03-26T17:25:10.159+0000] {logging_mixin.py:190} INFO - [2025-03-26T17:25:10.159+0000] {dag.py:4180} INFO - Setting next_dagrun for example_trigger_controller_dag to 2021-01-01 00:00:00+00:00, run_after=2021-01-01 00:00:00+00:00
[2025-03-26T17:25:10.181+0000] {processor.py:208} INFO - Processing /home/ubuntu/customer_churn_youtube_venv/lib/python3.12/site-packages/airflow/example_dags/example_trigger_controller_dag.py took 0.073 seconds
[2025-03-26T17:25:58.948+0000] {processor.py:186} INFO - Started process (PID=7047) to work on /home/ubuntu/customer_churn_youtube_venv/lib/python3.12/site-packages/airflow/example_dags/example_trigger_controller_dag.py
[2025-03-26T17:25:58.950+0000] {processor.py:914} INFO - Processing file /home/ubuntu/customer_churn_youtube_venv/lib/python3.12/site-packages/airflow/example_dags/example_trigger_controller_dag.py for tasks to queue
[2025-03-26T17:25:58.952+0000] {logging_mixin.py:190} INFO - [2025-03-26T17:25:58.951+0000] {dagbag.py:588} INFO - Filling up the DagBag from /home/ubuntu/customer_churn_youtube_venv/lib/python3.12/site-packages/airflow/example_dags/example_trigger_controller_dag.py
[2025-03-26T17:25:58.959+0000] {processor.py:925} INFO - DAG(s) 'example_trigger_controller_dag' retrieved from /home/ubuntu/customer_churn_youtube_venv/lib/python3.12/site-packages/airflow/example_dags/example_trigger_controller_dag.py
[2025-03-26T17:25:58.974+0000] {logging_mixin.py:190} INFO - [2025-03-26T17:25:58.974+0000] {dag.py:3239} INFO - Sync 1 DAGs
[2025-03-26T17:25:58.992+0000] {logging_mixin.py:190} INFO - [2025-03-26T17:25:58.992+0000] {dag.py:4180} INFO - Setting next_dagrun for example_trigger_controller_dag to 2021-01-01 00:00:00+00:00, run_after=2021-01-01 00:00:00+00:00
[2025-03-26T17:25:59.015+0000] {processor.py:208} INFO - Processing /home/ubuntu/customer_churn_youtube_venv/lib/python3.12/site-packages/airflow/example_dags/example_trigger_controller_dag.py took 0.073 seconds
[2025-03-26T17:26:50.271+0000] {processor.py:186} INFO - Started process (PID=7099) to work on /home/ubuntu/customer_churn_youtube_venv/lib/python3.12/site-packages/airflow/example_dags/example_trigger_controller_dag.py
[2025-03-26T17:26:50.272+0000] {processor.py:914} INFO - Processing file /home/ubuntu/customer_churn_youtube_venv/lib/python3.12/site-packages/airflow/example_dags/example_trigger_controller_dag.py for tasks to queue
[2025-03-26T17:26:50.274+0000] {logging_mixin.py:190} INFO - [2025-03-26T17:26:50.274+0000] {dagbag.py:588} INFO - Filling up the DagBag from /home/ubuntu/customer_churn_youtube_venv/lib/python3.12/site-packages/airflow/example_dags/example_trigger_controller_dag.py
[2025-03-26T17:26:50.282+0000] {processor.py:925} INFO - DAG(s) 'example_trigger_controller_dag' retrieved from /home/ubuntu/customer_churn_youtube_venv/lib/python3.12/site-packages/airflow/example_dags/example_trigger_controller_dag.py
[2025-03-26T17:26:50.297+0000] {logging_mixin.py:190} INFO - [2025-03-26T17:26:50.297+0000] {dag.py:3239} INFO - Sync 1 DAGs
[2025-03-26T17:26:50.315+0000] {logging_mixin.py:190} INFO - [2025-03-26T17:26:50.315+0000] {dag.py:4180} INFO - Setting next_dagrun for example_trigger_controller_dag to 2021-01-01 00:00:00+00:00, run_after=2021-01-01 00:00:00+00:00
[2025-03-26T17:26:50.338+0000] {processor.py:208} INFO - Processing /home/ubuntu/customer_churn_youtube_venv/lib/python3.12/site-packages/airflow/example_dags/example_trigger_controller_dag.py took 0.073 seconds
[2025-03-26T17:27:42.680+0000] {processor.py:186} INFO - Started process (PID=7199) to work on /home/ubuntu/customer_churn_youtube_venv/lib/python3.12/site-packages/airflow/example_dags/example_trigger_controller_dag.py
[2025-03-26T17:27:42.681+0000] {processor.py:914} INFO - Processing file /home/ubuntu/customer_churn_youtube_venv/lib/python3.12/site-packages/airflow/example_dags/example_trigger_controller_dag.py for tasks to queue
[2025-03-26T17:27:42.683+0000] {logging_mixin.py:190} INFO - [2025-03-26T17:27:42.683+0000] {dagbag.py:588} INFO - Filling up the DagBag from /home/ubuntu/customer_churn_youtube_venv/lib/python3.12/site-packages/airflow/example_dags/example_trigger_controller_dag.py
[2025-03-26T17:27:42.690+0000] {processor.py:925} INFO - DAG(s) 'example_trigger_controller_dag' retrieved from /home/ubuntu/customer_churn_youtube_venv/lib/python3.12/site-packages/airflow/example_dags/example_trigger_controller_dag.py
[2025-03-26T17:27:42.705+0000] {logging_mixin.py:190} INFO - [2025-03-26T17:27:42.705+0000] {dag.py:3239} INFO - Sync 1 DAGs
[2025-03-26T17:27:42.724+0000] {logging_mixin.py:190} INFO - [2025-03-26T17:27:42.724+0000] {dag.py:4180} INFO - Setting next_dagrun for example_trigger_controller_dag to 2021-01-01 00:00:00+00:00, run_after=2021-01-01 00:00:00+00:00
[2025-03-26T17:27:42.744+0000] {processor.py:208} INFO - Processing /home/ubuntu/customer_churn_youtube_venv/lib/python3.12/site-packages/airflow/example_dags/example_trigger_controller_dag.py took 0.070 seconds
[2025-03-26T17:28:33.457+0000] {processor.py:186} INFO - Started process (PID=7253) to work on /home/ubuntu/customer_churn_youtube_venv/lib/python3.12/site-packages/airflow/example_dags/example_trigger_controller_dag.py
[2025-03-26T17:28:33.459+0000] {processor.py:914} INFO - Processing file /home/ubuntu/customer_churn_youtube_venv/lib/python3.12/site-packages/airflow/example_dags/example_trigger_controller_dag.py for tasks to queue
[2025-03-26T17:28:33.461+0000] {logging_mixin.py:190} INFO - [2025-03-26T17:28:33.461+0000] {dagbag.py:588} INFO - Filling up the DagBag from /home/ubuntu/customer_churn_youtube_venv/lib/python3.12/site-packages/airflow/example_dags/example_trigger_controller_dag.py
[2025-03-26T17:28:33.468+0000] {processor.py:925} INFO - DAG(s) 'example_trigger_controller_dag' retrieved from /home/ubuntu/customer_churn_youtube_venv/lib/python3.12/site-packages/airflow/example_dags/example_trigger_controller_dag.py
[2025-03-26T17:28:33.484+0000] {logging_mixin.py:190} INFO - [2025-03-26T17:28:33.484+0000] {dag.py:3239} INFO - Sync 1 DAGs
[2025-03-26T17:28:33.503+0000] {logging_mixin.py:190} INFO - [2025-03-26T17:28:33.502+0000] {dag.py:4180} INFO - Setting next_dagrun for example_trigger_controller_dag to 2021-01-01 00:00:00+00:00, run_after=2021-01-01 00:00:00+00:00
[2025-03-26T17:28:33.523+0000] {processor.py:208} INFO - Processing /home/ubuntu/customer_churn_youtube_venv/lib/python3.12/site-packages/airflow/example_dags/example_trigger_controller_dag.py took 0.071 seconds
[2025-03-26T17:29:23.916+0000] {processor.py:186} INFO - Started process (PID=7305) to work on /home/ubuntu/customer_churn_youtube_venv/lib/python3.12/site-packages/airflow/example_dags/example_trigger_controller_dag.py
[2025-03-26T17:29:23.918+0000] {processor.py:914} INFO - Processing file /home/ubuntu/customer_churn_youtube_venv/lib/python3.12/site-packages/airflow/example_dags/example_trigger_controller_dag.py for tasks to queue
[2025-03-26T17:29:23.919+0000] {logging_mixin.py:190} INFO - [2025-03-26T17:29:23.919+0000] {dagbag.py:588} INFO - Filling up the DagBag from /home/ubuntu/customer_churn_youtube_venv/lib/python3.12/site-packages/airflow/example_dags/example_trigger_controller_dag.py
[2025-03-26T17:29:23.927+0000] {processor.py:925} INFO - DAG(s) 'example_trigger_controller_dag' retrieved from /home/ubuntu/customer_churn_youtube_venv/lib/python3.12/site-packages/airflow/example_dags/example_trigger_controller_dag.py
[2025-03-26T17:29:23.941+0000] {logging_mixin.py:190} INFO - [2025-03-26T17:29:23.941+0000] {dag.py:3239} INFO - Sync 1 DAGs
[2025-03-26T17:29:23.959+0000] {logging_mixin.py:190} INFO - [2025-03-26T17:29:23.959+0000] {dag.py:4180} INFO - Setting next_dagrun for example_trigger_controller_dag to 2021-01-01 00:00:00+00:00, run_after=2021-01-01 00:00:00+00:00
[2025-03-26T17:29:23.980+0000] {processor.py:208} INFO - Processing /home/ubuntu/customer_churn_youtube_venv/lib/python3.12/site-packages/airflow/example_dags/example_trigger_controller_dag.py took 0.069 seconds
[2025-03-26T17:30:13.348+0000] {processor.py:186} INFO - Started process (PID=7361) to work on /home/ubuntu/customer_churn_youtube_venv/lib/python3.12/site-packages/airflow/example_dags/example_trigger_controller_dag.py
[2025-03-26T17:30:13.351+0000] {processor.py:914} INFO - Processing file /home/ubuntu/customer_churn_youtube_venv/lib/python3.12/site-packages/airflow/example_dags/example_trigger_controller_dag.py for tasks to queue
[2025-03-26T17:30:13.352+0000] {logging_mixin.py:190} INFO - [2025-03-26T17:30:13.352+0000] {dagbag.py:588} INFO - Filling up the DagBag from /home/ubuntu/customer_churn_youtube_venv/lib/python3.12/site-packages/airflow/example_dags/example_trigger_controller_dag.py
[2025-03-26T17:30:13.360+0000] {processor.py:925} INFO - DAG(s) 'example_trigger_controller_dag' retrieved from /home/ubuntu/customer_churn_youtube_venv/lib/python3.12/site-packages/airflow/example_dags/example_trigger_controller_dag.py
[2025-03-26T17:30:13.375+0000] {logging_mixin.py:190} INFO - [2025-03-26T17:30:13.375+0000] {dag.py:3239} INFO - Sync 1 DAGs
[2025-03-26T17:30:13.393+0000] {logging_mixin.py:190} INFO - [2025-03-26T17:30:13.392+0000] {dag.py:4180} INFO - Setting next_dagrun for example_trigger_controller_dag to 2021-01-01 00:00:00+00:00, run_after=2021-01-01 00:00:00+00:00
[2025-03-26T17:30:13.415+0000] {processor.py:208} INFO - Processing /home/ubuntu/customer_churn_youtube_venv/lib/python3.12/site-packages/airflow/example_dags/example_trigger_controller_dag.py took 0.071 seconds
[2025-03-26T17:31:01.871+0000] {processor.py:186} INFO - Started process (PID=7412) to work on /home/ubuntu/customer_churn_youtube_venv/lib/python3.12/site-packages/airflow/example_dags/example_trigger_controller_dag.py
[2025-03-26T17:31:01.873+0000] {processor.py:914} INFO - Processing file /home/ubuntu/customer_churn_youtube_venv/lib/python3.12/site-packages/airflow/example_dags/example_trigger_controller_dag.py for tasks to queue
[2025-03-26T17:31:01.875+0000] {logging_mixin.py:190} INFO - [2025-03-26T17:31:01.875+0000] {dagbag.py:588} INFO - Filling up the DagBag from /home/ubuntu/customer_churn_youtube_venv/lib/python3.12/site-packages/airflow/example_dags/example_trigger_controller_dag.py
[2025-03-26T17:31:01.887+0000] {processor.py:925} INFO - DAG(s) 'example_trigger_controller_dag' retrieved from /home/ubuntu/customer_churn_youtube_venv/lib/python3.12/site-packages/airflow/example_dags/example_trigger_controller_dag.py
[2025-03-26T17:31:01.902+0000] {logging_mixin.py:190} INFO - [2025-03-26T17:31:01.901+0000] {dag.py:3239} INFO - Sync 1 DAGs
[2025-03-26T17:31:01.923+0000] {logging_mixin.py:190} INFO - [2025-03-26T17:31:01.923+0000] {dag.py:4180} INFO - Setting next_dagrun for example_trigger_controller_dag to 2021-01-01 00:00:00+00:00, run_after=2021-01-01 00:00:00+00:00
[2025-03-26T17:31:01.949+0000] {processor.py:208} INFO - Processing /home/ubuntu/customer_churn_youtube_venv/lib/python3.12/site-packages/airflow/example_dags/example_trigger_controller_dag.py took 0.084 seconds
[2025-03-26T17:31:53.494+0000] {processor.py:186} INFO - Started process (PID=7465) to work on /home/ubuntu/customer_churn_youtube_venv/lib/python3.12/site-packages/airflow/example_dags/example_trigger_controller_dag.py
[2025-03-26T17:31:53.497+0000] {processor.py:914} INFO - Processing file /home/ubuntu/customer_churn_youtube_venv/lib/python3.12/site-packages/airflow/example_dags/example_trigger_controller_dag.py for tasks to queue
[2025-03-26T17:31:53.499+0000] {logging_mixin.py:190} INFO - [2025-03-26T17:31:53.498+0000] {dagbag.py:588} INFO - Filling up the DagBag from /home/ubuntu/customer_churn_youtube_venv/lib/python3.12/site-packages/airflow/example_dags/example_trigger_controller_dag.py
[2025-03-26T17:31:53.506+0000] {processor.py:925} INFO - DAG(s) 'example_trigger_controller_dag' retrieved from /home/ubuntu/customer_churn_youtube_venv/lib/python3.12/site-packages/airflow/example_dags/example_trigger_controller_dag.py
[2025-03-26T17:31:53.521+0000] {logging_mixin.py:190} INFO - [2025-03-26T17:31:53.520+0000] {dag.py:3239} INFO - Sync 1 DAGs
[2025-03-26T17:31:53.539+0000] {logging_mixin.py:190} INFO - [2025-03-26T17:31:53.539+0000] {dag.py:4180} INFO - Setting next_dagrun for example_trigger_controller_dag to 2021-01-01 00:00:00+00:00, run_after=2021-01-01 00:00:00+00:00
[2025-03-26T17:31:53.564+0000] {processor.py:208} INFO - Processing /home/ubuntu/customer_churn_youtube_venv/lib/python3.12/site-packages/airflow/example_dags/example_trigger_controller_dag.py took 0.075 seconds
[2025-03-26T17:32:45.095+0000] {processor.py:186} INFO - Started process (PID=7558) to work on /home/ubuntu/customer_churn_youtube_venv/lib/python3.12/site-packages/airflow/example_dags/example_trigger_controller_dag.py
[2025-03-26T17:32:45.097+0000] {processor.py:914} INFO - Processing file /home/ubuntu/customer_churn_youtube_venv/lib/python3.12/site-packages/airflow/example_dags/example_trigger_controller_dag.py for tasks to queue
[2025-03-26T17:32:45.099+0000] {logging_mixin.py:190} INFO - [2025-03-26T17:32:45.098+0000] {dagbag.py:588} INFO - Filling up the DagBag from /home/ubuntu/customer_churn_youtube_venv/lib/python3.12/site-packages/airflow/example_dags/example_trigger_controller_dag.py
[2025-03-26T17:32:45.107+0000] {processor.py:925} INFO - DAG(s) 'example_trigger_controller_dag' retrieved from /home/ubuntu/customer_churn_youtube_venv/lib/python3.12/site-packages/airflow/example_dags/example_trigger_controller_dag.py
[2025-03-26T17:32:45.120+0000] {logging_mixin.py:190} INFO - [2025-03-26T17:32:45.120+0000] {dag.py:3239} INFO - Sync 1 DAGs
[2025-03-26T17:32:45.139+0000] {logging_mixin.py:190} INFO - [2025-03-26T17:32:45.139+0000] {dag.py:4180} INFO - Setting next_dagrun for example_trigger_controller_dag to 2021-01-01 00:00:00+00:00, run_after=2021-01-01 00:00:00+00:00
[2025-03-26T17:32:45.163+0000] {processor.py:208} INFO - Processing /home/ubuntu/customer_churn_youtube_venv/lib/python3.12/site-packages/airflow/example_dags/example_trigger_controller_dag.py took 0.073 seconds
[2025-03-26T17:33:36.734+0000] {processor.py:186} INFO - Started process (PID=7612) to work on /home/ubuntu/customer_churn_youtube_venv/lib/python3.12/site-packages/airflow/example_dags/example_trigger_controller_dag.py
[2025-03-26T17:33:36.735+0000] {processor.py:914} INFO - Processing file /home/ubuntu/customer_churn_youtube_venv/lib/python3.12/site-packages/airflow/example_dags/example_trigger_controller_dag.py for tasks to queue
[2025-03-26T17:33:36.737+0000] {logging_mixin.py:190} INFO - [2025-03-26T17:33:36.737+0000] {dagbag.py:588} INFO - Filling up the DagBag from /home/ubuntu/customer_churn_youtube_venv/lib/python3.12/site-packages/airflow/example_dags/example_trigger_controller_dag.py
[2025-03-26T17:33:36.745+0000] {processor.py:925} INFO - DAG(s) 'example_trigger_controller_dag' retrieved from /home/ubuntu/customer_churn_youtube_venv/lib/python3.12/site-packages/airflow/example_dags/example_trigger_controller_dag.py
[2025-03-26T17:33:36.759+0000] {logging_mixin.py:190} INFO - [2025-03-26T17:33:36.759+0000] {dag.py:3239} INFO - Sync 1 DAGs
[2025-03-26T17:33:36.779+0000] {logging_mixin.py:190} INFO - [2025-03-26T17:33:36.779+0000] {dag.py:4180} INFO - Setting next_dagrun for example_trigger_controller_dag to 2021-01-01 00:00:00+00:00, run_after=2021-01-01 00:00:00+00:00
[2025-03-26T17:33:36.801+0000] {processor.py:208} INFO - Processing /home/ubuntu/customer_churn_youtube_venv/lib/python3.12/site-packages/airflow/example_dags/example_trigger_controller_dag.py took 0.071 seconds
[2025-03-26T17:34:27.134+0000] {processor.py:186} INFO - Started process (PID=7664) to work on /home/ubuntu/customer_churn_youtube_venv/lib/python3.12/site-packages/airflow/example_dags/example_trigger_controller_dag.py
[2025-03-26T17:34:27.136+0000] {processor.py:914} INFO - Processing file /home/ubuntu/customer_churn_youtube_venv/lib/python3.12/site-packages/airflow/example_dags/example_trigger_controller_dag.py for tasks to queue
[2025-03-26T17:34:27.139+0000] {logging_mixin.py:190} INFO - [2025-03-26T17:34:27.138+0000] {dagbag.py:588} INFO - Filling up the DagBag from /home/ubuntu/customer_churn_youtube_venv/lib/python3.12/site-packages/airflow/example_dags/example_trigger_controller_dag.py
[2025-03-26T17:34:27.146+0000] {processor.py:925} INFO - DAG(s) 'example_trigger_controller_dag' retrieved from /home/ubuntu/customer_churn_youtube_venv/lib/python3.12/site-packages/airflow/example_dags/example_trigger_controller_dag.py
[2025-03-26T17:34:27.160+0000] {logging_mixin.py:190} INFO - [2025-03-26T17:34:27.160+0000] {dag.py:3239} INFO - Sync 1 DAGs
[2025-03-26T17:34:27.178+0000] {logging_mixin.py:190} INFO - [2025-03-26T17:34:27.178+0000] {dag.py:4180} INFO - Setting next_dagrun for example_trigger_controller_dag to 2021-01-01 00:00:00+00:00, run_after=2021-01-01 00:00:00+00:00
[2025-03-26T17:34:27.200+0000] {processor.py:208} INFO - Processing /home/ubuntu/customer_churn_youtube_venv/lib/python3.12/site-packages/airflow/example_dags/example_trigger_controller_dag.py took 0.072 seconds
[2025-03-26T17:35:20.887+0000] {processor.py:186} INFO - Started process (PID=7725) to work on /home/ubuntu/customer_churn_youtube_venv/lib/python3.12/site-packages/airflow/example_dags/example_trigger_controller_dag.py
[2025-03-26T17:35:20.888+0000] {processor.py:914} INFO - Processing file /home/ubuntu/customer_churn_youtube_venv/lib/python3.12/site-packages/airflow/example_dags/example_trigger_controller_dag.py for tasks to queue
[2025-03-26T17:35:20.891+0000] {logging_mixin.py:190} INFO - [2025-03-26T17:35:20.890+0000] {dagbag.py:588} INFO - Filling up the DagBag from /home/ubuntu/customer_churn_youtube_venv/lib/python3.12/site-packages/airflow/example_dags/example_trigger_controller_dag.py
[2025-03-26T17:35:20.898+0000] {processor.py:925} INFO - DAG(s) 'example_trigger_controller_dag' retrieved from /home/ubuntu/customer_churn_youtube_venv/lib/python3.12/site-packages/airflow/example_dags/example_trigger_controller_dag.py
[2025-03-26T17:35:20.913+0000] {logging_mixin.py:190} INFO - [2025-03-26T17:35:20.913+0000] {dag.py:3239} INFO - Sync 1 DAGs
[2025-03-26T17:35:20.933+0000] {logging_mixin.py:190} INFO - [2025-03-26T17:35:20.932+0000] {dag.py:4180} INFO - Setting next_dagrun for example_trigger_controller_dag to 2021-01-01 00:00:00+00:00, run_after=2021-01-01 00:00:00+00:00
[2025-03-26T17:35:20.954+0000] {processor.py:208} INFO - Processing /home/ubuntu/customer_churn_youtube_venv/lib/python3.12/site-packages/airflow/example_dags/example_trigger_controller_dag.py took 0.072 seconds
[2025-03-26T17:36:13.916+0000] {processor.py:186} INFO - Started process (PID=7781) to work on /home/ubuntu/customer_churn_youtube_venv/lib/python3.12/site-packages/airflow/example_dags/example_trigger_controller_dag.py
[2025-03-26T17:36:13.918+0000] {processor.py:914} INFO - Processing file /home/ubuntu/customer_churn_youtube_venv/lib/python3.12/site-packages/airflow/example_dags/example_trigger_controller_dag.py for tasks to queue
[2025-03-26T17:36:13.919+0000] {logging_mixin.py:190} INFO - [2025-03-26T17:36:13.919+0000] {dagbag.py:588} INFO - Filling up the DagBag from /home/ubuntu/customer_churn_youtube_venv/lib/python3.12/site-packages/airflow/example_dags/example_trigger_controller_dag.py
[2025-03-26T17:36:13.928+0000] {processor.py:925} INFO - DAG(s) 'example_trigger_controller_dag' retrieved from /home/ubuntu/customer_churn_youtube_venv/lib/python3.12/site-packages/airflow/example_dags/example_trigger_controller_dag.py
[2025-03-26T17:36:13.942+0000] {logging_mixin.py:190} INFO - [2025-03-26T17:36:13.941+0000] {dag.py:3239} INFO - Sync 1 DAGs
[2025-03-26T17:36:13.960+0000] {logging_mixin.py:190} INFO - [2025-03-26T17:36:13.960+0000] {dag.py:4180} INFO - Setting next_dagrun for example_trigger_controller_dag to 2021-01-01 00:00:00+00:00, run_after=2021-01-01 00:00:00+00:00
[2025-03-26T17:36:13.983+0000] {processor.py:208} INFO - Processing /home/ubuntu/customer_churn_youtube_venv/lib/python3.12/site-packages/airflow/example_dags/example_trigger_controller_dag.py took 0.074 seconds
