[2025-03-26T17:13:25.026+0000] {processor.py:186} INFO - Started process (PID=6272) to work on /home/ubuntu/customer_churn_youtube_venv/lib/python3.12/site-packages/airflow/example_dags/example_subdag_operator.py
[2025-03-26T17:13:25.027+0000] {processor.py:914} INFO - Processing file /home/ubuntu/customer_churn_youtube_venv/lib/python3.12/site-packages/airflow/example_dags/example_subdag_operator.py for tasks to queue
[2025-03-26T17:13:25.029+0000] {logging_mixin.py:190} INFO - [2025-03-26T17:13:25.028+0000] {dagbag.py:588} INFO - Filling up the DagBag from /home/ubuntu/customer_churn_youtube_venv/lib/python3.12/site-packages/airflow/example_dags/example_subdag_operator.py
[2025-03-26T17:13:25.051+0000] {processor.py:925} INFO - DAG(s) 'example_subdag_operator.section-1', 'example_subdag_operator.section-2', 'example_subdag_operator' retrieved from /home/ubuntu/customer_churn_youtube_venv/lib/python3.12/site-packages/airflow/example_dags/example_subdag_operator.py
[2025-03-26T17:13:25.154+0000] {logging_mixin.py:190} INFO - [2025-03-26T17:13:25.154+0000] {override.py:1930} INFO - Created Permission View: can edit on DAG:example_subdag_operator
[2025-03-26T17:13:25.169+0000] {logging_mixin.py:190} INFO - [2025-03-26T17:13:25.168+0000] {override.py:1930} INFO - Created Permission View: can read on DAG:example_subdag_operator
[2025-03-26T17:13:25.179+0000] {logging_mixin.py:190} INFO - [2025-03-26T17:13:25.178+0000] {override.py:1930} INFO - Created Permission View: can delete on DAG:example_subdag_operator
[2025-03-26T17:13:25.198+0000] {logging_mixin.py:190} INFO - [2025-03-26T17:13:25.198+0000] {override.py:1930} INFO - Created Permission View: menu access on DAG Run:example_subdag_operator
[2025-03-26T17:13:25.208+0000] {logging_mixin.py:190} INFO - [2025-03-26T17:13:25.208+0000] {override.py:1930} INFO - Created Permission View: can create on DAG Run:example_subdag_operator
[2025-03-26T17:13:25.218+0000] {logging_mixin.py:190} INFO - [2025-03-26T17:13:25.218+0000] {override.py:1930} INFO - Created Permission View: can delete on DAG Run:example_subdag_operator
[2025-03-26T17:13:25.228+0000] {logging_mixin.py:190} INFO - [2025-03-26T17:13:25.227+0000] {override.py:1930} INFO - Created Permission View: can read on DAG Run:example_subdag_operator
[2025-03-26T17:13:25.228+0000] {logging_mixin.py:190} INFO - [2025-03-26T17:13:25.228+0000] {dag.py:3239} INFO - Sync 3 DAGs
[2025-03-26T17:13:25.238+0000] {logging_mixin.py:190} INFO - [2025-03-26T17:13:25.238+0000] {dag.py:3262} INFO - Creating ORM DAG for example_subdag_operator.section-2
[2025-03-26T17:13:25.239+0000] {logging_mixin.py:190} INFO - [2025-03-26T17:13:25.239+0000] {dag.py:3262} INFO - Creating ORM DAG for example_subdag_operator.section-1
[2025-03-26T17:13:25.240+0000] {logging_mixin.py:190} INFO - [2025-03-26T17:13:25.239+0000] {dag.py:3262} INFO - Creating ORM DAG for example_subdag_operator
[2025-03-26T17:13:25.248+0000] {logging_mixin.py:190} INFO - [2025-03-26T17:13:25.247+0000] {dag.py:4180} INFO - Setting next_dagrun for example_subdag_operator to 2022-01-01 00:00:00+00:00, run_after=2022-01-01 00:00:00+00:00
[2025-03-26T17:13:25.248+0000] {logging_mixin.py:190} INFO - [2025-03-26T17:13:25.248+0000] {dag.py:4180} INFO - Setting next_dagrun for example_subdag_operator.section-1 to None, run_after=None
[2025-03-26T17:13:25.248+0000] {logging_mixin.py:190} INFO - [2025-03-26T17:13:25.248+0000] {dag.py:4180} INFO - Setting next_dagrun for example_subdag_operator.section-2 to None, run_after=None
[2025-03-26T17:13:25.254+0000] {logging_mixin.py:190} INFO - [2025-03-26T17:13:25.253+0000] {dag.py:3239} INFO - Sync 2 DAGs
[2025-03-26T17:13:25.257+0000] {logging_mixin.py:190} INFO - [2025-03-26T17:13:25.257+0000] {dag.py:4180} INFO - Setting next_dagrun for example_subdag_operator.section-1 to None, run_after=None
[2025-03-26T17:13:25.259+0000] {logging_mixin.py:190} INFO - [2025-03-26T17:13:25.259+0000] {dag.py:4180} INFO - Setting next_dagrun for example_subdag_operator.section-2 to None, run_after=None
[2025-03-26T17:13:25.278+0000] {processor.py:208} INFO - Processing /home/ubuntu/customer_churn_youtube_venv/lib/python3.12/site-packages/airflow/example_dags/example_subdag_operator.py took 0.257 seconds
[2025-03-26T17:14:33.795+0000] {processor.py:186} INFO - Started process (PID=6329) to work on /home/ubuntu/customer_churn_youtube_venv/lib/python3.12/site-packages/airflow/example_dags/example_subdag_operator.py
[2025-03-26T17:14:33.797+0000] {processor.py:914} INFO - Processing file /home/ubuntu/customer_churn_youtube_venv/lib/python3.12/site-packages/airflow/example_dags/example_subdag_operator.py for tasks to queue
[2025-03-26T17:14:33.799+0000] {logging_mixin.py:190} INFO - [2025-03-26T17:14:33.798+0000] {dagbag.py:588} INFO - Filling up the DagBag from /home/ubuntu/customer_churn_youtube_venv/lib/python3.12/site-packages/airflow/example_dags/example_subdag_operator.py
[2025-03-26T17:14:33.821+0000] {processor.py:925} INFO - DAG(s) 'example_subdag_operator.section-1', 'example_subdag_operator.section-2', 'example_subdag_operator' retrieved from /home/ubuntu/customer_churn_youtube_venv/lib/python3.12/site-packages/airflow/example_dags/example_subdag_operator.py
[2025-03-26T17:14:33.835+0000] {logging_mixin.py:190} INFO - [2025-03-26T17:14:33.835+0000] {dag.py:3239} INFO - Sync 3 DAGs
[2025-03-26T17:14:33.853+0000] {logging_mixin.py:190} INFO - [2025-03-26T17:14:33.853+0000] {dag.py:4180} INFO - Setting next_dagrun for example_subdag_operator to 2022-01-01 00:00:00+00:00, run_after=2022-01-01 00:00:00+00:00
[2025-03-26T17:14:33.856+0000] {logging_mixin.py:190} INFO - [2025-03-26T17:14:33.856+0000] {dag.py:4180} INFO - Setting next_dagrun for example_subdag_operator.section-1 to None, run_after=None
[2025-03-26T17:14:33.857+0000] {logging_mixin.py:190} INFO - [2025-03-26T17:14:33.857+0000] {dag.py:4180} INFO - Setting next_dagrun for example_subdag_operator.section-2 to None, run_after=None
[2025-03-26T17:14:33.862+0000] {logging_mixin.py:190} INFO - [2025-03-26T17:14:33.862+0000] {dag.py:3239} INFO - Sync 2 DAGs
[2025-03-26T17:14:33.865+0000] {logging_mixin.py:190} INFO - [2025-03-26T17:14:33.865+0000] {dag.py:4180} INFO - Setting next_dagrun for example_subdag_operator.section-1 to None, run_after=None
[2025-03-26T17:14:33.865+0000] {logging_mixin.py:190} INFO - [2025-03-26T17:14:33.865+0000] {dag.py:4180} INFO - Setting next_dagrun for example_subdag_operator.section-2 to None, run_after=None
[2025-03-26T17:14:33.880+0000] {processor.py:208} INFO - Processing /home/ubuntu/customer_churn_youtube_venv/lib/python3.12/site-packages/airflow/example_dags/example_subdag_operator.py took 0.090 seconds
[2025-03-26T17:15:28.350+0000] {processor.py:186} INFO - Started process (PID=6392) to work on /home/ubuntu/customer_churn_youtube_venv/lib/python3.12/site-packages/airflow/example_dags/example_subdag_operator.py
[2025-03-26T17:15:28.352+0000] {processor.py:914} INFO - Processing file /home/ubuntu/customer_churn_youtube_venv/lib/python3.12/site-packages/airflow/example_dags/example_subdag_operator.py for tasks to queue
[2025-03-26T17:15:28.353+0000] {logging_mixin.py:190} INFO - [2025-03-26T17:15:28.353+0000] {dagbag.py:588} INFO - Filling up the DagBag from /home/ubuntu/customer_churn_youtube_venv/lib/python3.12/site-packages/airflow/example_dags/example_subdag_operator.py
[2025-03-26T17:15:28.376+0000] {processor.py:925} INFO - DAG(s) 'example_subdag_operator.section-1', 'example_subdag_operator.section-2', 'example_subdag_operator' retrieved from /home/ubuntu/customer_churn_youtube_venv/lib/python3.12/site-packages/airflow/example_dags/example_subdag_operator.py
[2025-03-26T17:15:28.390+0000] {logging_mixin.py:190} INFO - [2025-03-26T17:15:28.389+0000] {dag.py:3239} INFO - Sync 3 DAGs
[2025-03-26T17:15:28.407+0000] {logging_mixin.py:190} INFO - [2025-03-26T17:15:28.407+0000] {dag.py:4180} INFO - Setting next_dagrun for example_subdag_operator to 2022-01-01 00:00:00+00:00, run_after=2022-01-01 00:00:00+00:00
[2025-03-26T17:15:28.410+0000] {logging_mixin.py:190} INFO - [2025-03-26T17:15:28.410+0000] {dag.py:4180} INFO - Setting next_dagrun for example_subdag_operator.section-1 to None, run_after=None
[2025-03-26T17:15:28.411+0000] {logging_mixin.py:190} INFO - [2025-03-26T17:15:28.411+0000] {dag.py:4180} INFO - Setting next_dagrun for example_subdag_operator.section-2 to None, run_after=None
[2025-03-26T17:15:28.417+0000] {logging_mixin.py:190} INFO - [2025-03-26T17:15:28.417+0000] {dag.py:3239} INFO - Sync 2 DAGs
[2025-03-26T17:15:28.420+0000] {logging_mixin.py:190} INFO - [2025-03-26T17:15:28.420+0000] {dag.py:4180} INFO - Setting next_dagrun for example_subdag_operator.section-1 to None, run_after=None
[2025-03-26T17:15:28.421+0000] {logging_mixin.py:190} INFO - [2025-03-26T17:15:28.421+0000] {dag.py:4180} INFO - Setting next_dagrun for example_subdag_operator.section-2 to None, run_after=None
[2025-03-26T17:15:28.435+0000] {processor.py:208} INFO - Processing /home/ubuntu/customer_churn_youtube_venv/lib/python3.12/site-packages/airflow/example_dags/example_subdag_operator.py took 0.091 seconds
[2025-03-26T17:16:20.878+0000] {processor.py:186} INFO - Started process (PID=6445) to work on /home/ubuntu/customer_churn_youtube_venv/lib/python3.12/site-packages/airflow/example_dags/example_subdag_operator.py
[2025-03-26T17:16:20.880+0000] {processor.py:914} INFO - Processing file /home/ubuntu/customer_churn_youtube_venv/lib/python3.12/site-packages/airflow/example_dags/example_subdag_operator.py for tasks to queue
[2025-03-26T17:16:20.882+0000] {logging_mixin.py:190} INFO - [2025-03-26T17:16:20.882+0000] {dagbag.py:588} INFO - Filling up the DagBag from /home/ubuntu/customer_churn_youtube_venv/lib/python3.12/site-packages/airflow/example_dags/example_subdag_operator.py
[2025-03-26T17:16:20.906+0000] {processor.py:925} INFO - DAG(s) 'example_subdag_operator.section-1', 'example_subdag_operator.section-2', 'example_subdag_operator' retrieved from /home/ubuntu/customer_churn_youtube_venv/lib/python3.12/site-packages/airflow/example_dags/example_subdag_operator.py
[2025-03-26T17:16:20.919+0000] {logging_mixin.py:190} INFO - [2025-03-26T17:16:20.919+0000] {dag.py:3239} INFO - Sync 3 DAGs
[2025-03-26T17:16:20.938+0000] {logging_mixin.py:190} INFO - [2025-03-26T17:16:20.937+0000] {dag.py:4180} INFO - Setting next_dagrun for example_subdag_operator to 2022-01-01 00:00:00+00:00, run_after=2022-01-01 00:00:00+00:00
[2025-03-26T17:16:20.940+0000] {logging_mixin.py:190} INFO - [2025-03-26T17:16:20.940+0000] {dag.py:4180} INFO - Setting next_dagrun for example_subdag_operator.section-1 to None, run_after=None
[2025-03-26T17:16:20.941+0000] {logging_mixin.py:190} INFO - [2025-03-26T17:16:20.941+0000] {dag.py:4180} INFO - Setting next_dagrun for example_subdag_operator.section-2 to None, run_after=None
[2025-03-26T17:16:20.947+0000] {logging_mixin.py:190} INFO - [2025-03-26T17:16:20.947+0000] {dag.py:3239} INFO - Sync 2 DAGs
[2025-03-26T17:16:20.949+0000] {logging_mixin.py:190} INFO - [2025-03-26T17:16:20.949+0000] {dag.py:4180} INFO - Setting next_dagrun for example_subdag_operator.section-1 to None, run_after=None
[2025-03-26T17:16:20.950+0000] {logging_mixin.py:190} INFO - [2025-03-26T17:16:20.950+0000] {dag.py:4180} INFO - Setting next_dagrun for example_subdag_operator.section-2 to None, run_after=None
[2025-03-26T17:16:20.965+0000] {processor.py:208} INFO - Processing /home/ubuntu/customer_churn_youtube_venv/lib/python3.12/site-packages/airflow/example_dags/example_subdag_operator.py took 0.092 seconds
[2025-03-26T17:17:15.038+0000] {processor.py:186} INFO - Started process (PID=6503) to work on /home/ubuntu/customer_churn_youtube_venv/lib/python3.12/site-packages/airflow/example_dags/example_subdag_operator.py
[2025-03-26T17:17:15.040+0000] {processor.py:914} INFO - Processing file /home/ubuntu/customer_churn_youtube_venv/lib/python3.12/site-packages/airflow/example_dags/example_subdag_operator.py for tasks to queue
[2025-03-26T17:17:15.043+0000] {logging_mixin.py:190} INFO - [2025-03-26T17:17:15.042+0000] {dagbag.py:588} INFO - Filling up the DagBag from /home/ubuntu/customer_churn_youtube_venv/lib/python3.12/site-packages/airflow/example_dags/example_subdag_operator.py
[2025-03-26T17:17:15.064+0000] {processor.py:925} INFO - DAG(s) 'example_subdag_operator.section-1', 'example_subdag_operator.section-2', 'example_subdag_operator' retrieved from /home/ubuntu/customer_churn_youtube_venv/lib/python3.12/site-packages/airflow/example_dags/example_subdag_operator.py
[2025-03-26T17:17:15.077+0000] {logging_mixin.py:190} INFO - [2025-03-26T17:17:15.077+0000] {dag.py:3239} INFO - Sync 3 DAGs
[2025-03-26T17:17:15.095+0000] {logging_mixin.py:190} INFO - [2025-03-26T17:17:15.095+0000] {dag.py:4180} INFO - Setting next_dagrun for example_subdag_operator to 2022-01-01 00:00:00+00:00, run_after=2022-01-01 00:00:00+00:00
[2025-03-26T17:17:15.098+0000] {logging_mixin.py:190} INFO - [2025-03-26T17:17:15.098+0000] {dag.py:4180} INFO - Setting next_dagrun for example_subdag_operator.section-1 to None, run_after=None
[2025-03-26T17:17:15.099+0000] {logging_mixin.py:190} INFO - [2025-03-26T17:17:15.099+0000] {dag.py:4180} INFO - Setting next_dagrun for example_subdag_operator.section-2 to None, run_after=None
[2025-03-26T17:17:15.104+0000] {logging_mixin.py:190} INFO - [2025-03-26T17:17:15.104+0000] {dag.py:3239} INFO - Sync 2 DAGs
[2025-03-26T17:17:15.107+0000] {logging_mixin.py:190} INFO - [2025-03-26T17:17:15.106+0000] {dag.py:4180} INFO - Setting next_dagrun for example_subdag_operator.section-1 to None, run_after=None
[2025-03-26T17:17:15.108+0000] {logging_mixin.py:190} INFO - [2025-03-26T17:17:15.108+0000] {dag.py:4180} INFO - Setting next_dagrun for example_subdag_operator.section-2 to None, run_after=None
[2025-03-26T17:17:15.122+0000] {processor.py:208} INFO - Processing /home/ubuntu/customer_churn_youtube_venv/lib/python3.12/site-packages/airflow/example_dags/example_subdag_operator.py took 0.090 seconds
[2025-03-26T17:18:06.724+0000] {processor.py:186} INFO - Started process (PID=6557) to work on /home/ubuntu/customer_churn_youtube_venv/lib/python3.12/site-packages/airflow/example_dags/example_subdag_operator.py
[2025-03-26T17:18:06.726+0000] {processor.py:914} INFO - Processing file /home/ubuntu/customer_churn_youtube_venv/lib/python3.12/site-packages/airflow/example_dags/example_subdag_operator.py for tasks to queue
[2025-03-26T17:18:06.728+0000] {logging_mixin.py:190} INFO - [2025-03-26T17:18:06.728+0000] {dagbag.py:588} INFO - Filling up the DagBag from /home/ubuntu/customer_churn_youtube_venv/lib/python3.12/site-packages/airflow/example_dags/example_subdag_operator.py
[2025-03-26T17:18:06.750+0000] {processor.py:925} INFO - DAG(s) 'example_subdag_operator.section-1', 'example_subdag_operator.section-2', 'example_subdag_operator' retrieved from /home/ubuntu/customer_churn_youtube_venv/lib/python3.12/site-packages/airflow/example_dags/example_subdag_operator.py
[2025-03-26T17:18:06.764+0000] {logging_mixin.py:190} INFO - [2025-03-26T17:18:06.764+0000] {dag.py:3239} INFO - Sync 3 DAGs
[2025-03-26T17:18:06.782+0000] {logging_mixin.py:190} INFO - [2025-03-26T17:18:06.782+0000] {dag.py:4180} INFO - Setting next_dagrun for example_subdag_operator to 2022-01-01 00:00:00+00:00, run_after=2022-01-01 00:00:00+00:00
[2025-03-26T17:18:06.785+0000] {logging_mixin.py:190} INFO - [2025-03-26T17:18:06.785+0000] {dag.py:4180} INFO - Setting next_dagrun for example_subdag_operator.section-1 to None, run_after=None
[2025-03-26T17:18:06.786+0000] {logging_mixin.py:190} INFO - [2025-03-26T17:18:06.786+0000] {dag.py:4180} INFO - Setting next_dagrun for example_subdag_operator.section-2 to None, run_after=None
[2025-03-26T17:18:06.791+0000] {logging_mixin.py:190} INFO - [2025-03-26T17:18:06.791+0000] {dag.py:3239} INFO - Sync 2 DAGs
[2025-03-26T17:18:06.794+0000] {logging_mixin.py:190} INFO - [2025-03-26T17:18:06.794+0000] {dag.py:4180} INFO - Setting next_dagrun for example_subdag_operator.section-1 to None, run_after=None
[2025-03-26T17:18:06.794+0000] {logging_mixin.py:190} INFO - [2025-03-26T17:18:06.794+0000] {dag.py:4180} INFO - Setting next_dagrun for example_subdag_operator.section-2 to None, run_after=None
[2025-03-26T17:18:06.812+0000] {processor.py:208} INFO - Processing /home/ubuntu/customer_churn_youtube_venv/lib/python3.12/site-packages/airflow/example_dags/example_subdag_operator.py took 0.092 seconds
[2025-03-26T17:19:01.172+0000] {processor.py:186} INFO - Started process (PID=6613) to work on /home/ubuntu/customer_churn_youtube_venv/lib/python3.12/site-packages/airflow/example_dags/example_subdag_operator.py
[2025-03-26T17:19:01.174+0000] {processor.py:914} INFO - Processing file /home/ubuntu/customer_churn_youtube_venv/lib/python3.12/site-packages/airflow/example_dags/example_subdag_operator.py for tasks to queue
[2025-03-26T17:19:01.176+0000] {logging_mixin.py:190} INFO - [2025-03-26T17:19:01.176+0000] {dagbag.py:588} INFO - Filling up the DagBag from /home/ubuntu/customer_churn_youtube_venv/lib/python3.12/site-packages/airflow/example_dags/example_subdag_operator.py
[2025-03-26T17:19:01.199+0000] {processor.py:925} INFO - DAG(s) 'example_subdag_operator.section-1', 'example_subdag_operator.section-2', 'example_subdag_operator' retrieved from /home/ubuntu/customer_churn_youtube_venv/lib/python3.12/site-packages/airflow/example_dags/example_subdag_operator.py
[2025-03-26T17:19:01.213+0000] {logging_mixin.py:190} INFO - [2025-03-26T17:19:01.212+0000] {dag.py:3239} INFO - Sync 3 DAGs
[2025-03-26T17:19:01.231+0000] {logging_mixin.py:190} INFO - [2025-03-26T17:19:01.230+0000] {dag.py:4180} INFO - Setting next_dagrun for example_subdag_operator to 2022-01-01 00:00:00+00:00, run_after=2022-01-01 00:00:00+00:00
[2025-03-26T17:19:01.235+0000] {logging_mixin.py:190} INFO - [2025-03-26T17:19:01.234+0000] {dag.py:4180} INFO - Setting next_dagrun for example_subdag_operator.section-1 to None, run_after=None
[2025-03-26T17:19:01.235+0000] {logging_mixin.py:190} INFO - [2025-03-26T17:19:01.235+0000] {dag.py:4180} INFO - Setting next_dagrun for example_subdag_operator.section-2 to None, run_after=None
[2025-03-26T17:19:01.371+0000] {logging_mixin.py:190} INFO - [2025-03-26T17:19:01.369+0000] {dag.py:3239} INFO - Sync 2 DAGs
[2025-03-26T17:19:01.374+0000] {logging_mixin.py:190} INFO - [2025-03-26T17:19:01.374+0000] {dag.py:4180} INFO - Setting next_dagrun for example_subdag_operator.section-1 to None, run_after=None
[2025-03-26T17:19:01.375+0000] {logging_mixin.py:190} INFO - [2025-03-26T17:19:01.374+0000] {dag.py:4180} INFO - Setting next_dagrun for example_subdag_operator.section-2 to None, run_after=None
[2025-03-26T17:19:01.389+0000] {processor.py:208} INFO - Processing /home/ubuntu/customer_churn_youtube_venv/lib/python3.12/site-packages/airflow/example_dags/example_subdag_operator.py took 0.223 seconds
[2025-03-26T17:20:01.108+0000] {processor.py:186} INFO - Started process (PID=6673) to work on /home/ubuntu/customer_churn_youtube_venv/lib/python3.12/site-packages/airflow/example_dags/example_subdag_operator.py
[2025-03-26T17:20:01.109+0000] {processor.py:914} INFO - Processing file /home/ubuntu/customer_churn_youtube_venv/lib/python3.12/site-packages/airflow/example_dags/example_subdag_operator.py for tasks to queue
[2025-03-26T17:20:01.111+0000] {logging_mixin.py:190} INFO - [2025-03-26T17:20:01.111+0000] {dagbag.py:588} INFO - Filling up the DagBag from /home/ubuntu/customer_churn_youtube_venv/lib/python3.12/site-packages/airflow/example_dags/example_subdag_operator.py
[2025-03-26T17:20:01.135+0000] {processor.py:925} INFO - DAG(s) 'example_subdag_operator.section-1', 'example_subdag_operator.section-2', 'example_subdag_operator' retrieved from /home/ubuntu/customer_churn_youtube_venv/lib/python3.12/site-packages/airflow/example_dags/example_subdag_operator.py
[2025-03-26T17:20:01.149+0000] {logging_mixin.py:190} INFO - [2025-03-26T17:20:01.148+0000] {dag.py:3239} INFO - Sync 3 DAGs
[2025-03-26T17:20:01.171+0000] {logging_mixin.py:190} INFO - [2025-03-26T17:20:01.171+0000] {dag.py:4180} INFO - Setting next_dagrun for example_subdag_operator to 2022-01-01 00:00:00+00:00, run_after=2022-01-01 00:00:00+00:00
[2025-03-26T17:20:01.177+0000] {logging_mixin.py:190} INFO - [2025-03-26T17:20:01.177+0000] {dag.py:4180} INFO - Setting next_dagrun for example_subdag_operator.section-1 to None, run_after=None
[2025-03-26T17:20:01.178+0000] {logging_mixin.py:190} INFO - [2025-03-26T17:20:01.178+0000] {dag.py:4180} INFO - Setting next_dagrun for example_subdag_operator.section-2 to None, run_after=None
[2025-03-26T17:20:01.183+0000] {logging_mixin.py:190} INFO - [2025-03-26T17:20:01.183+0000] {dag.py:3239} INFO - Sync 2 DAGs
[2025-03-26T17:20:01.187+0000] {logging_mixin.py:190} INFO - [2025-03-26T17:20:01.187+0000] {dag.py:4180} INFO - Setting next_dagrun for example_subdag_operator.section-1 to None, run_after=None
[2025-03-26T17:20:01.188+0000] {logging_mixin.py:190} INFO - [2025-03-26T17:20:01.188+0000] {dag.py:4180} INFO - Setting next_dagrun for example_subdag_operator.section-2 to None, run_after=None
[2025-03-26T17:20:01.204+0000] {processor.py:208} INFO - Processing /home/ubuntu/customer_churn_youtube_venv/lib/python3.12/site-packages/airflow/example_dags/example_subdag_operator.py took 0.103 seconds
[2025-03-26T17:20:57.954+0000] {processor.py:186} INFO - Started process (PID=6732) to work on /home/ubuntu/customer_churn_youtube_venv/lib/python3.12/site-packages/airflow/example_dags/example_subdag_operator.py
[2025-03-26T17:20:57.956+0000] {processor.py:914} INFO - Processing file /home/ubuntu/customer_churn_youtube_venv/lib/python3.12/site-packages/airflow/example_dags/example_subdag_operator.py for tasks to queue
[2025-03-26T17:20:57.957+0000] {logging_mixin.py:190} INFO - [2025-03-26T17:20:57.957+0000] {dagbag.py:588} INFO - Filling up the DagBag from /home/ubuntu/customer_churn_youtube_venv/lib/python3.12/site-packages/airflow/example_dags/example_subdag_operator.py
[2025-03-26T17:20:57.981+0000] {processor.py:925} INFO - DAG(s) 'example_subdag_operator.section-1', 'example_subdag_operator.section-2', 'example_subdag_operator' retrieved from /home/ubuntu/customer_churn_youtube_venv/lib/python3.12/site-packages/airflow/example_dags/example_subdag_operator.py
[2025-03-26T17:20:57.995+0000] {logging_mixin.py:190} INFO - [2025-03-26T17:20:57.995+0000] {dag.py:3239} INFO - Sync 3 DAGs
[2025-03-26T17:20:58.016+0000] {logging_mixin.py:190} INFO - [2025-03-26T17:20:58.015+0000] {dag.py:4180} INFO - Setting next_dagrun for example_subdag_operator to 2022-01-01 00:00:00+00:00, run_after=2022-01-01 00:00:00+00:00
[2025-03-26T17:20:58.018+0000] {logging_mixin.py:190} INFO - [2025-03-26T17:20:58.018+0000] {dag.py:4180} INFO - Setting next_dagrun for example_subdag_operator.section-1 to None, run_after=None
[2025-03-26T17:20:58.019+0000] {logging_mixin.py:190} INFO - [2025-03-26T17:20:58.019+0000] {dag.py:4180} INFO - Setting next_dagrun for example_subdag_operator.section-2 to None, run_after=None
[2025-03-26T17:20:58.025+0000] {logging_mixin.py:190} INFO - [2025-03-26T17:20:58.025+0000] {dag.py:3239} INFO - Sync 2 DAGs
[2025-03-26T17:20:58.030+0000] {logging_mixin.py:190} INFO - [2025-03-26T17:20:58.030+0000] {dag.py:4180} INFO - Setting next_dagrun for example_subdag_operator.section-1 to None, run_after=None
[2025-03-26T17:20:58.031+0000] {logging_mixin.py:190} INFO - [2025-03-26T17:20:58.031+0000] {dag.py:4180} INFO - Setting next_dagrun for example_subdag_operator.section-2 to None, run_after=None
[2025-03-26T17:20:58.044+0000] {processor.py:208} INFO - Processing /home/ubuntu/customer_churn_youtube_venv/lib/python3.12/site-packages/airflow/example_dags/example_subdag_operator.py took 0.097 seconds
[2025-03-26T17:21:51.435+0000] {processor.py:186} INFO - Started process (PID=6786) to work on /home/ubuntu/customer_churn_youtube_venv/lib/python3.12/site-packages/airflow/example_dags/example_subdag_operator.py
[2025-03-26T17:21:51.437+0000] {processor.py:914} INFO - Processing file /home/ubuntu/customer_churn_youtube_venv/lib/python3.12/site-packages/airflow/example_dags/example_subdag_operator.py for tasks to queue
[2025-03-26T17:21:51.439+0000] {logging_mixin.py:190} INFO - [2025-03-26T17:21:51.439+0000] {dagbag.py:588} INFO - Filling up the DagBag from /home/ubuntu/customer_churn_youtube_venv/lib/python3.12/site-packages/airflow/example_dags/example_subdag_operator.py
[2025-03-26T17:21:51.461+0000] {processor.py:925} INFO - DAG(s) 'example_subdag_operator.section-1', 'example_subdag_operator.section-2', 'example_subdag_operator' retrieved from /home/ubuntu/customer_churn_youtube_venv/lib/python3.12/site-packages/airflow/example_dags/example_subdag_operator.py
[2025-03-26T17:21:51.475+0000] {logging_mixin.py:190} INFO - [2025-03-26T17:21:51.475+0000] {dag.py:3239} INFO - Sync 3 DAGs
[2025-03-26T17:21:51.494+0000] {logging_mixin.py:190} INFO - [2025-03-26T17:21:51.493+0000] {dag.py:4180} INFO - Setting next_dagrun for example_subdag_operator to 2022-01-01 00:00:00+00:00, run_after=2022-01-01 00:00:00+00:00
[2025-03-26T17:21:51.497+0000] {logging_mixin.py:190} INFO - [2025-03-26T17:21:51.497+0000] {dag.py:4180} INFO - Setting next_dagrun for example_subdag_operator.section-1 to None, run_after=None
[2025-03-26T17:21:51.498+0000] {logging_mixin.py:190} INFO - [2025-03-26T17:21:51.497+0000] {dag.py:4180} INFO - Setting next_dagrun for example_subdag_operator.section-2 to None, run_after=None
[2025-03-26T17:21:51.503+0000] {logging_mixin.py:190} INFO - [2025-03-26T17:21:51.503+0000] {dag.py:3239} INFO - Sync 2 DAGs
[2025-03-26T17:21:51.506+0000] {logging_mixin.py:190} INFO - [2025-03-26T17:21:51.506+0000] {dag.py:4180} INFO - Setting next_dagrun for example_subdag_operator.section-1 to None, run_after=None
[2025-03-26T17:21:51.507+0000] {logging_mixin.py:190} INFO - [2025-03-26T17:21:51.507+0000] {dag.py:4180} INFO - Setting next_dagrun for example_subdag_operator.section-2 to None, run_after=None
[2025-03-26T17:21:51.522+0000] {processor.py:208} INFO - Processing /home/ubuntu/customer_churn_youtube_venv/lib/python3.12/site-packages/airflow/example_dags/example_subdag_operator.py took 0.093 seconds
[2025-03-26T17:22:43.378+0000] {processor.py:186} INFO - Started process (PID=6840) to work on /home/ubuntu/customer_churn_youtube_venv/lib/python3.12/site-packages/airflow/example_dags/example_subdag_operator.py
[2025-03-26T17:22:43.380+0000] {processor.py:914} INFO - Processing file /home/ubuntu/customer_churn_youtube_venv/lib/python3.12/site-packages/airflow/example_dags/example_subdag_operator.py for tasks to queue
[2025-03-26T17:22:43.382+0000] {logging_mixin.py:190} INFO - [2025-03-26T17:22:43.382+0000] {dagbag.py:588} INFO - Filling up the DagBag from /home/ubuntu/customer_churn_youtube_venv/lib/python3.12/site-packages/airflow/example_dags/example_subdag_operator.py
[2025-03-26T17:22:43.405+0000] {processor.py:925} INFO - DAG(s) 'example_subdag_operator.section-1', 'example_subdag_operator.section-2', 'example_subdag_operator' retrieved from /home/ubuntu/customer_churn_youtube_venv/lib/python3.12/site-packages/airflow/example_dags/example_subdag_operator.py
[2025-03-26T17:22:43.419+0000] {logging_mixin.py:190} INFO - [2025-03-26T17:22:43.419+0000] {dag.py:3239} INFO - Sync 3 DAGs
[2025-03-26T17:22:43.438+0000] {logging_mixin.py:190} INFO - [2025-03-26T17:22:43.437+0000] {dag.py:4180} INFO - Setting next_dagrun for example_subdag_operator to 2022-01-01 00:00:00+00:00, run_after=2022-01-01 00:00:00+00:00
[2025-03-26T17:22:43.440+0000] {logging_mixin.py:190} INFO - [2025-03-26T17:22:43.440+0000] {dag.py:4180} INFO - Setting next_dagrun for example_subdag_operator.section-1 to None, run_after=None
[2025-03-26T17:22:43.441+0000] {logging_mixin.py:190} INFO - [2025-03-26T17:22:43.441+0000] {dag.py:4180} INFO - Setting next_dagrun for example_subdag_operator.section-2 to None, run_after=None
[2025-03-26T17:22:43.447+0000] {logging_mixin.py:190} INFO - [2025-03-26T17:22:43.446+0000] {dag.py:3239} INFO - Sync 2 DAGs
[2025-03-26T17:22:43.450+0000] {logging_mixin.py:190} INFO - [2025-03-26T17:22:43.449+0000] {dag.py:4180} INFO - Setting next_dagrun for example_subdag_operator.section-1 to None, run_after=None
[2025-03-26T17:22:43.450+0000] {logging_mixin.py:190} INFO - [2025-03-26T17:22:43.450+0000] {dag.py:4180} INFO - Setting next_dagrun for example_subdag_operator.section-2 to None, run_after=None
[2025-03-26T17:22:43.464+0000] {processor.py:208} INFO - Processing /home/ubuntu/customer_churn_youtube_venv/lib/python3.12/site-packages/airflow/example_dags/example_subdag_operator.py took 0.091 seconds
[2025-03-26T17:23:35.213+0000] {processor.py:186} INFO - Started process (PID=6893) to work on /home/ubuntu/customer_churn_youtube_venv/lib/python3.12/site-packages/airflow/example_dags/example_subdag_operator.py
[2025-03-26T17:23:35.215+0000] {processor.py:914} INFO - Processing file /home/ubuntu/customer_churn_youtube_venv/lib/python3.12/site-packages/airflow/example_dags/example_subdag_operator.py for tasks to queue
[2025-03-26T17:23:35.218+0000] {logging_mixin.py:190} INFO - [2025-03-26T17:23:35.218+0000] {dagbag.py:588} INFO - Filling up the DagBag from /home/ubuntu/customer_churn_youtube_venv/lib/python3.12/site-packages/airflow/example_dags/example_subdag_operator.py
[2025-03-26T17:23:35.241+0000] {processor.py:925} INFO - DAG(s) 'example_subdag_operator.section-1', 'example_subdag_operator.section-2', 'example_subdag_operator' retrieved from /home/ubuntu/customer_churn_youtube_venv/lib/python3.12/site-packages/airflow/example_dags/example_subdag_operator.py
[2025-03-26T17:23:35.254+0000] {logging_mixin.py:190} INFO - [2025-03-26T17:23:35.254+0000] {dag.py:3239} INFO - Sync 3 DAGs
[2025-03-26T17:23:35.274+0000] {logging_mixin.py:190} INFO - [2025-03-26T17:23:35.274+0000] {dag.py:4180} INFO - Setting next_dagrun for example_subdag_operator to 2022-01-01 00:00:00+00:00, run_after=2022-01-01 00:00:00+00:00
[2025-03-26T17:23:35.277+0000] {logging_mixin.py:190} INFO - [2025-03-26T17:23:35.276+0000] {dag.py:4180} INFO - Setting next_dagrun for example_subdag_operator.section-1 to None, run_after=None
[2025-03-26T17:23:35.277+0000] {logging_mixin.py:190} INFO - [2025-03-26T17:23:35.277+0000] {dag.py:4180} INFO - Setting next_dagrun for example_subdag_operator.section-2 to None, run_after=None
[2025-03-26T17:23:35.284+0000] {logging_mixin.py:190} INFO - [2025-03-26T17:23:35.284+0000] {dag.py:3239} INFO - Sync 2 DAGs
[2025-03-26T17:23:35.287+0000] {logging_mixin.py:190} INFO - [2025-03-26T17:23:35.287+0000] {dag.py:4180} INFO - Setting next_dagrun for example_subdag_operator.section-1 to None, run_after=None
[2025-03-26T17:23:35.288+0000] {logging_mixin.py:190} INFO - [2025-03-26T17:23:35.287+0000] {dag.py:4180} INFO - Setting next_dagrun for example_subdag_operator.section-2 to None, run_after=None
[2025-03-26T17:23:35.302+0000] {processor.py:208} INFO - Processing /home/ubuntu/customer_churn_youtube_venv/lib/python3.12/site-packages/airflow/example_dags/example_subdag_operator.py took 0.094 seconds
[2025-03-26T17:24:25.944+0000] {processor.py:186} INFO - Started process (PID=6946) to work on /home/ubuntu/customer_churn_youtube_venv/lib/python3.12/site-packages/airflow/example_dags/example_subdag_operator.py
[2025-03-26T17:24:25.946+0000] {processor.py:914} INFO - Processing file /home/ubuntu/customer_churn_youtube_venv/lib/python3.12/site-packages/airflow/example_dags/example_subdag_operator.py for tasks to queue
[2025-03-26T17:24:25.949+0000] {logging_mixin.py:190} INFO - [2025-03-26T17:24:25.948+0000] {dagbag.py:588} INFO - Filling up the DagBag from /home/ubuntu/customer_churn_youtube_venv/lib/python3.12/site-packages/airflow/example_dags/example_subdag_operator.py
[2025-03-26T17:24:25.971+0000] {processor.py:925} INFO - DAG(s) 'example_subdag_operator.section-1', 'example_subdag_operator.section-2', 'example_subdag_operator' retrieved from /home/ubuntu/customer_churn_youtube_venv/lib/python3.12/site-packages/airflow/example_dags/example_subdag_operator.py
[2025-03-26T17:24:25.985+0000] {logging_mixin.py:190} INFO - [2025-03-26T17:24:25.985+0000] {dag.py:3239} INFO - Sync 3 DAGs
[2025-03-26T17:24:26.003+0000] {logging_mixin.py:190} INFO - [2025-03-26T17:24:26.003+0000] {dag.py:4180} INFO - Setting next_dagrun for example_subdag_operator to 2022-01-01 00:00:00+00:00, run_after=2022-01-01 00:00:00+00:00
[2025-03-26T17:24:26.006+0000] {logging_mixin.py:190} INFO - [2025-03-26T17:24:26.006+0000] {dag.py:4180} INFO - Setting next_dagrun for example_subdag_operator.section-1 to None, run_after=None
[2025-03-26T17:24:26.007+0000] {logging_mixin.py:190} INFO - [2025-03-26T17:24:26.007+0000] {dag.py:4180} INFO - Setting next_dagrun for example_subdag_operator.section-2 to None, run_after=None
[2025-03-26T17:24:26.013+0000] {logging_mixin.py:190} INFO - [2025-03-26T17:24:26.012+0000] {dag.py:3239} INFO - Sync 2 DAGs
[2025-03-26T17:24:26.016+0000] {logging_mixin.py:190} INFO - [2025-03-26T17:24:26.016+0000] {dag.py:4180} INFO - Setting next_dagrun for example_subdag_operator.section-1 to None, run_after=None
[2025-03-26T17:24:26.016+0000] {logging_mixin.py:190} INFO - [2025-03-26T17:24:26.016+0000] {dag.py:4180} INFO - Setting next_dagrun for example_subdag_operator.section-2 to None, run_after=None
[2025-03-26T17:24:26.031+0000] {processor.py:208} INFO - Processing /home/ubuntu/customer_churn_youtube_venv/lib/python3.12/site-packages/airflow/example_dags/example_subdag_operator.py took 0.093 seconds
[2025-03-26T17:25:15.605+0000] {processor.py:186} INFO - Started process (PID=7002) to work on /home/ubuntu/customer_churn_youtube_venv/lib/python3.12/site-packages/airflow/example_dags/example_subdag_operator.py
[2025-03-26T17:25:15.607+0000] {processor.py:914} INFO - Processing file /home/ubuntu/customer_churn_youtube_venv/lib/python3.12/site-packages/airflow/example_dags/example_subdag_operator.py for tasks to queue
[2025-03-26T17:25:15.609+0000] {logging_mixin.py:190} INFO - [2025-03-26T17:25:15.609+0000] {dagbag.py:588} INFO - Filling up the DagBag from /home/ubuntu/customer_churn_youtube_venv/lib/python3.12/site-packages/airflow/example_dags/example_subdag_operator.py
[2025-03-26T17:25:15.631+0000] {processor.py:925} INFO - DAG(s) 'example_subdag_operator.section-1', 'example_subdag_operator.section-2', 'example_subdag_operator' retrieved from /home/ubuntu/customer_churn_youtube_venv/lib/python3.12/site-packages/airflow/example_dags/example_subdag_operator.py
[2025-03-26T17:25:15.646+0000] {logging_mixin.py:190} INFO - [2025-03-26T17:25:15.646+0000] {dag.py:3239} INFO - Sync 3 DAGs
[2025-03-26T17:25:15.664+0000] {logging_mixin.py:190} INFO - [2025-03-26T17:25:15.664+0000] {dag.py:4180} INFO - Setting next_dagrun for example_subdag_operator to 2022-01-01 00:00:00+00:00, run_after=2022-01-01 00:00:00+00:00
[2025-03-26T17:25:15.668+0000] {logging_mixin.py:190} INFO - [2025-03-26T17:25:15.667+0000] {dag.py:4180} INFO - Setting next_dagrun for example_subdag_operator.section-1 to None, run_after=None
[2025-03-26T17:25:15.668+0000] {logging_mixin.py:190} INFO - [2025-03-26T17:25:15.668+0000] {dag.py:4180} INFO - Setting next_dagrun for example_subdag_operator.section-2 to None, run_after=None
[2025-03-26T17:25:15.674+0000] {logging_mixin.py:190} INFO - [2025-03-26T17:25:15.674+0000] {dag.py:3239} INFO - Sync 2 DAGs
[2025-03-26T17:25:15.676+0000] {logging_mixin.py:190} INFO - [2025-03-26T17:25:15.676+0000] {dag.py:4180} INFO - Setting next_dagrun for example_subdag_operator.section-1 to None, run_after=None
[2025-03-26T17:25:15.677+0000] {logging_mixin.py:190} INFO - [2025-03-26T17:25:15.677+0000] {dag.py:4180} INFO - Setting next_dagrun for example_subdag_operator.section-2 to None, run_after=None
[2025-03-26T17:25:15.692+0000] {processor.py:208} INFO - Processing /home/ubuntu/customer_churn_youtube_venv/lib/python3.12/site-packages/airflow/example_dags/example_subdag_operator.py took 0.094 seconds
[2025-03-26T17:26:04.971+0000] {processor.py:186} INFO - Started process (PID=7053) to work on /home/ubuntu/customer_churn_youtube_venv/lib/python3.12/site-packages/airflow/example_dags/example_subdag_operator.py
[2025-03-26T17:26:04.973+0000] {processor.py:914} INFO - Processing file /home/ubuntu/customer_churn_youtube_venv/lib/python3.12/site-packages/airflow/example_dags/example_subdag_operator.py for tasks to queue
[2025-03-26T17:26:04.976+0000] {logging_mixin.py:190} INFO - [2025-03-26T17:26:04.975+0000] {dagbag.py:588} INFO - Filling up the DagBag from /home/ubuntu/customer_churn_youtube_venv/lib/python3.12/site-packages/airflow/example_dags/example_subdag_operator.py
[2025-03-26T17:26:04.998+0000] {processor.py:925} INFO - DAG(s) 'example_subdag_operator.section-1', 'example_subdag_operator.section-2', 'example_subdag_operator' retrieved from /home/ubuntu/customer_churn_youtube_venv/lib/python3.12/site-packages/airflow/example_dags/example_subdag_operator.py
[2025-03-26T17:26:05.013+0000] {logging_mixin.py:190} INFO - [2025-03-26T17:26:05.013+0000] {dag.py:3239} INFO - Sync 3 DAGs
[2025-03-26T17:26:05.031+0000] {logging_mixin.py:190} INFO - [2025-03-26T17:26:05.031+0000] {dag.py:4180} INFO - Setting next_dagrun for example_subdag_operator to 2022-01-01 00:00:00+00:00, run_after=2022-01-01 00:00:00+00:00
[2025-03-26T17:26:05.036+0000] {logging_mixin.py:190} INFO - [2025-03-26T17:26:05.036+0000] {dag.py:4180} INFO - Setting next_dagrun for example_subdag_operator.section-1 to None, run_after=None
[2025-03-26T17:26:05.037+0000] {logging_mixin.py:190} INFO - [2025-03-26T17:26:05.037+0000] {dag.py:4180} INFO - Setting next_dagrun for example_subdag_operator.section-2 to None, run_after=None
[2025-03-26T17:26:05.042+0000] {logging_mixin.py:190} INFO - [2025-03-26T17:26:05.042+0000] {dag.py:3239} INFO - Sync 2 DAGs
[2025-03-26T17:26:05.045+0000] {logging_mixin.py:190} INFO - [2025-03-26T17:26:05.045+0000] {dag.py:4180} INFO - Setting next_dagrun for example_subdag_operator.section-1 to None, run_after=None
[2025-03-26T17:26:05.046+0000] {logging_mixin.py:190} INFO - [2025-03-26T17:26:05.046+0000] {dag.py:4180} INFO - Setting next_dagrun for example_subdag_operator.section-2 to None, run_after=None
[2025-03-26T17:26:05.061+0000] {processor.py:208} INFO - Processing /home/ubuntu/customer_churn_youtube_venv/lib/python3.12/site-packages/airflow/example_dags/example_subdag_operator.py took 0.095 seconds
[2025-03-26T17:26:56.045+0000] {processor.py:186} INFO - Started process (PID=7105) to work on /home/ubuntu/customer_churn_youtube_venv/lib/python3.12/site-packages/airflow/example_dags/example_subdag_operator.py
[2025-03-26T17:26:56.047+0000] {processor.py:914} INFO - Processing file /home/ubuntu/customer_churn_youtube_venv/lib/python3.12/site-packages/airflow/example_dags/example_subdag_operator.py for tasks to queue
[2025-03-26T17:26:56.050+0000] {logging_mixin.py:190} INFO - [2025-03-26T17:26:56.049+0000] {dagbag.py:588} INFO - Filling up the DagBag from /home/ubuntu/customer_churn_youtube_venv/lib/python3.12/site-packages/airflow/example_dags/example_subdag_operator.py
[2025-03-26T17:26:56.072+0000] {processor.py:925} INFO - DAG(s) 'example_subdag_operator.section-1', 'example_subdag_operator.section-2', 'example_subdag_operator' retrieved from /home/ubuntu/customer_churn_youtube_venv/lib/python3.12/site-packages/airflow/example_dags/example_subdag_operator.py
[2025-03-26T17:26:56.085+0000] {logging_mixin.py:190} INFO - [2025-03-26T17:26:56.084+0000] {dag.py:3239} INFO - Sync 3 DAGs
[2025-03-26T17:26:56.103+0000] {logging_mixin.py:190} INFO - [2025-03-26T17:26:56.102+0000] {dag.py:4180} INFO - Setting next_dagrun for example_subdag_operator to 2022-01-01 00:00:00+00:00, run_after=2022-01-01 00:00:00+00:00
[2025-03-26T17:26:56.106+0000] {logging_mixin.py:190} INFO - [2025-03-26T17:26:56.106+0000] {dag.py:4180} INFO - Setting next_dagrun for example_subdag_operator.section-1 to None, run_after=None
[2025-03-26T17:26:56.106+0000] {logging_mixin.py:190} INFO - [2025-03-26T17:26:56.106+0000] {dag.py:4180} INFO - Setting next_dagrun for example_subdag_operator.section-2 to None, run_after=None
[2025-03-26T17:26:56.112+0000] {logging_mixin.py:190} INFO - [2025-03-26T17:26:56.111+0000] {dag.py:3239} INFO - Sync 2 DAGs
[2025-03-26T17:26:56.114+0000] {logging_mixin.py:190} INFO - [2025-03-26T17:26:56.114+0000] {dag.py:4180} INFO - Setting next_dagrun for example_subdag_operator.section-1 to None, run_after=None
[2025-03-26T17:26:56.114+0000] {logging_mixin.py:190} INFO - [2025-03-26T17:26:56.114+0000] {dag.py:4180} INFO - Setting next_dagrun for example_subdag_operator.section-2 to None, run_after=None
[2025-03-26T17:26:56.133+0000] {processor.py:208} INFO - Processing /home/ubuntu/customer_churn_youtube_venv/lib/python3.12/site-packages/airflow/example_dags/example_subdag_operator.py took 0.094 seconds
[2025-03-26T17:27:48.634+0000] {processor.py:186} INFO - Started process (PID=7205) to work on /home/ubuntu/customer_churn_youtube_venv/lib/python3.12/site-packages/airflow/example_dags/example_subdag_operator.py
[2025-03-26T17:27:48.636+0000] {processor.py:914} INFO - Processing file /home/ubuntu/customer_churn_youtube_venv/lib/python3.12/site-packages/airflow/example_dags/example_subdag_operator.py for tasks to queue
[2025-03-26T17:27:48.638+0000] {logging_mixin.py:190} INFO - [2025-03-26T17:27:48.638+0000] {dagbag.py:588} INFO - Filling up the DagBag from /home/ubuntu/customer_churn_youtube_venv/lib/python3.12/site-packages/airflow/example_dags/example_subdag_operator.py
[2025-03-26T17:27:48.660+0000] {processor.py:925} INFO - DAG(s) 'example_subdag_operator.section-1', 'example_subdag_operator.section-2', 'example_subdag_operator' retrieved from /home/ubuntu/customer_churn_youtube_venv/lib/python3.12/site-packages/airflow/example_dags/example_subdag_operator.py
[2025-03-26T17:27:48.674+0000] {logging_mixin.py:190} INFO - [2025-03-26T17:27:48.674+0000] {dag.py:3239} INFO - Sync 3 DAGs
[2025-03-26T17:27:48.693+0000] {logging_mixin.py:190} INFO - [2025-03-26T17:27:48.692+0000] {dag.py:4180} INFO - Setting next_dagrun for example_subdag_operator to 2022-01-01 00:00:00+00:00, run_after=2022-01-01 00:00:00+00:00
[2025-03-26T17:27:48.696+0000] {logging_mixin.py:190} INFO - [2025-03-26T17:27:48.696+0000] {dag.py:4180} INFO - Setting next_dagrun for example_subdag_operator.section-1 to None, run_after=None
[2025-03-26T17:27:48.696+0000] {logging_mixin.py:190} INFO - [2025-03-26T17:27:48.696+0000] {dag.py:4180} INFO - Setting next_dagrun for example_subdag_operator.section-2 to None, run_after=None
[2025-03-26T17:27:48.702+0000] {logging_mixin.py:190} INFO - [2025-03-26T17:27:48.702+0000] {dag.py:3239} INFO - Sync 2 DAGs
[2025-03-26T17:27:48.705+0000] {logging_mixin.py:190} INFO - [2025-03-26T17:27:48.705+0000] {dag.py:4180} INFO - Setting next_dagrun for example_subdag_operator.section-1 to None, run_after=None
[2025-03-26T17:27:48.705+0000] {logging_mixin.py:190} INFO - [2025-03-26T17:27:48.705+0000] {dag.py:4180} INFO - Setting next_dagrun for example_subdag_operator.section-2 to None, run_after=None
[2025-03-26T17:27:48.721+0000] {processor.py:208} INFO - Processing /home/ubuntu/customer_churn_youtube_venv/lib/python3.12/site-packages/airflow/example_dags/example_subdag_operator.py took 0.092 seconds
[2025-03-26T17:28:39.732+0000] {processor.py:186} INFO - Started process (PID=7259) to work on /home/ubuntu/customer_churn_youtube_venv/lib/python3.12/site-packages/airflow/example_dags/example_subdag_operator.py
[2025-03-26T17:28:39.734+0000] {processor.py:914} INFO - Processing file /home/ubuntu/customer_churn_youtube_venv/lib/python3.12/site-packages/airflow/example_dags/example_subdag_operator.py for tasks to queue
[2025-03-26T17:28:39.736+0000] {logging_mixin.py:190} INFO - [2025-03-26T17:28:39.736+0000] {dagbag.py:588} INFO - Filling up the DagBag from /home/ubuntu/customer_churn_youtube_venv/lib/python3.12/site-packages/airflow/example_dags/example_subdag_operator.py
[2025-03-26T17:28:39.758+0000] {processor.py:925} INFO - DAG(s) 'example_subdag_operator.section-1', 'example_subdag_operator.section-2', 'example_subdag_operator' retrieved from /home/ubuntu/customer_churn_youtube_venv/lib/python3.12/site-packages/airflow/example_dags/example_subdag_operator.py
[2025-03-26T17:28:39.771+0000] {logging_mixin.py:190} INFO - [2025-03-26T17:28:39.771+0000] {dag.py:3239} INFO - Sync 3 DAGs
[2025-03-26T17:28:39.790+0000] {logging_mixin.py:190} INFO - [2025-03-26T17:28:39.790+0000] {dag.py:4180} INFO - Setting next_dagrun for example_subdag_operator to 2022-01-01 00:00:00+00:00, run_after=2022-01-01 00:00:00+00:00
[2025-03-26T17:28:39.794+0000] {logging_mixin.py:190} INFO - [2025-03-26T17:28:39.793+0000] {dag.py:4180} INFO - Setting next_dagrun for example_subdag_operator.section-1 to None, run_after=None
[2025-03-26T17:28:39.794+0000] {logging_mixin.py:190} INFO - [2025-03-26T17:28:39.794+0000] {dag.py:4180} INFO - Setting next_dagrun for example_subdag_operator.section-2 to None, run_after=None
[2025-03-26T17:28:39.800+0000] {logging_mixin.py:190} INFO - [2025-03-26T17:28:39.800+0000] {dag.py:3239} INFO - Sync 2 DAGs
[2025-03-26T17:28:39.804+0000] {logging_mixin.py:190} INFO - [2025-03-26T17:28:39.804+0000] {dag.py:4180} INFO - Setting next_dagrun for example_subdag_operator.section-1 to None, run_after=None
[2025-03-26T17:28:39.804+0000] {logging_mixin.py:190} INFO - [2025-03-26T17:28:39.804+0000] {dag.py:4180} INFO - Setting next_dagrun for example_subdag_operator.section-2 to None, run_after=None
[2025-03-26T17:28:39.821+0000] {processor.py:208} INFO - Processing /home/ubuntu/customer_churn_youtube_venv/lib/python3.12/site-packages/airflow/example_dags/example_subdag_operator.py took 0.095 seconds
[2025-03-26T17:29:28.562+0000] {processor.py:186} INFO - Started process (PID=7311) to work on /home/ubuntu/customer_churn_youtube_venv/lib/python3.12/site-packages/airflow/example_dags/example_subdag_operator.py
[2025-03-26T17:29:28.564+0000] {processor.py:914} INFO - Processing file /home/ubuntu/customer_churn_youtube_venv/lib/python3.12/site-packages/airflow/example_dags/example_subdag_operator.py for tasks to queue
[2025-03-26T17:29:28.567+0000] {logging_mixin.py:190} INFO - [2025-03-26T17:29:28.566+0000] {dagbag.py:588} INFO - Filling up the DagBag from /home/ubuntu/customer_churn_youtube_venv/lib/python3.12/site-packages/airflow/example_dags/example_subdag_operator.py
[2025-03-26T17:29:28.589+0000] {processor.py:925} INFO - DAG(s) 'example_subdag_operator.section-1', 'example_subdag_operator.section-2', 'example_subdag_operator' retrieved from /home/ubuntu/customer_churn_youtube_venv/lib/python3.12/site-packages/airflow/example_dags/example_subdag_operator.py
[2025-03-26T17:29:28.604+0000] {logging_mixin.py:190} INFO - [2025-03-26T17:29:28.603+0000] {dag.py:3239} INFO - Sync 3 DAGs
[2025-03-26T17:29:28.623+0000] {logging_mixin.py:190} INFO - [2025-03-26T17:29:28.622+0000] {dag.py:4180} INFO - Setting next_dagrun for example_subdag_operator to 2022-01-01 00:00:00+00:00, run_after=2022-01-01 00:00:00+00:00
[2025-03-26T17:29:28.626+0000] {logging_mixin.py:190} INFO - [2025-03-26T17:29:28.626+0000] {dag.py:4180} INFO - Setting next_dagrun for example_subdag_operator.section-1 to None, run_after=None
[2025-03-26T17:29:28.627+0000] {logging_mixin.py:190} INFO - [2025-03-26T17:29:28.627+0000] {dag.py:4180} INFO - Setting next_dagrun for example_subdag_operator.section-2 to None, run_after=None
[2025-03-26T17:29:28.633+0000] {logging_mixin.py:190} INFO - [2025-03-26T17:29:28.632+0000] {dag.py:3239} INFO - Sync 2 DAGs
[2025-03-26T17:29:28.636+0000] {logging_mixin.py:190} INFO - [2025-03-26T17:29:28.636+0000] {dag.py:4180} INFO - Setting next_dagrun for example_subdag_operator.section-1 to None, run_after=None
[2025-03-26T17:29:28.636+0000] {logging_mixin.py:190} INFO - [2025-03-26T17:29:28.636+0000] {dag.py:4180} INFO - Setting next_dagrun for example_subdag_operator.section-2 to None, run_after=None
[2025-03-26T17:29:28.651+0000] {processor.py:208} INFO - Processing /home/ubuntu/customer_churn_youtube_venv/lib/python3.12/site-packages/airflow/example_dags/example_subdag_operator.py took 0.094 seconds
[2025-03-26T17:30:18.540+0000] {processor.py:186} INFO - Started process (PID=7367) to work on /home/ubuntu/customer_churn_youtube_venv/lib/python3.12/site-packages/airflow/example_dags/example_subdag_operator.py
[2025-03-26T17:30:18.542+0000] {processor.py:914} INFO - Processing file /home/ubuntu/customer_churn_youtube_venv/lib/python3.12/site-packages/airflow/example_dags/example_subdag_operator.py for tasks to queue
[2025-03-26T17:30:18.544+0000] {logging_mixin.py:190} INFO - [2025-03-26T17:30:18.544+0000] {dagbag.py:588} INFO - Filling up the DagBag from /home/ubuntu/customer_churn_youtube_venv/lib/python3.12/site-packages/airflow/example_dags/example_subdag_operator.py
[2025-03-26T17:30:18.567+0000] {processor.py:925} INFO - DAG(s) 'example_subdag_operator.section-1', 'example_subdag_operator.section-2', 'example_subdag_operator' retrieved from /home/ubuntu/customer_churn_youtube_venv/lib/python3.12/site-packages/airflow/example_dags/example_subdag_operator.py
[2025-03-26T17:30:18.580+0000] {logging_mixin.py:190} INFO - [2025-03-26T17:30:18.580+0000] {dag.py:3239} INFO - Sync 3 DAGs
[2025-03-26T17:30:18.599+0000] {logging_mixin.py:190} INFO - [2025-03-26T17:30:18.599+0000] {dag.py:4180} INFO - Setting next_dagrun for example_subdag_operator to 2022-01-01 00:00:00+00:00, run_after=2022-01-01 00:00:00+00:00
[2025-03-26T17:30:18.603+0000] {logging_mixin.py:190} INFO - [2025-03-26T17:30:18.603+0000] {dag.py:4180} INFO - Setting next_dagrun for example_subdag_operator.section-1 to None, run_after=None
[2025-03-26T17:30:18.604+0000] {logging_mixin.py:190} INFO - [2025-03-26T17:30:18.604+0000] {dag.py:4180} INFO - Setting next_dagrun for example_subdag_operator.section-2 to None, run_after=None
[2025-03-26T17:30:18.609+0000] {logging_mixin.py:190} INFO - [2025-03-26T17:30:18.609+0000] {dag.py:3239} INFO - Sync 2 DAGs
[2025-03-26T17:30:18.612+0000] {logging_mixin.py:190} INFO - [2025-03-26T17:30:18.612+0000] {dag.py:4180} INFO - Setting next_dagrun for example_subdag_operator.section-1 to None, run_after=None
[2025-03-26T17:30:18.613+0000] {logging_mixin.py:190} INFO - [2025-03-26T17:30:18.613+0000] {dag.py:4180} INFO - Setting next_dagrun for example_subdag_operator.section-2 to None, run_after=None
[2025-03-26T17:30:18.628+0000] {processor.py:208} INFO - Processing /home/ubuntu/customer_churn_youtube_venv/lib/python3.12/site-packages/airflow/example_dags/example_subdag_operator.py took 0.094 seconds
[2025-03-26T17:31:08.161+0000] {processor.py:186} INFO - Started process (PID=7418) to work on /home/ubuntu/customer_churn_youtube_venv/lib/python3.12/site-packages/airflow/example_dags/example_subdag_operator.py
[2025-03-26T17:31:08.164+0000] {processor.py:914} INFO - Processing file /home/ubuntu/customer_churn_youtube_venv/lib/python3.12/site-packages/airflow/example_dags/example_subdag_operator.py for tasks to queue
[2025-03-26T17:31:08.167+0000] {logging_mixin.py:190} INFO - [2025-03-26T17:31:08.167+0000] {dagbag.py:588} INFO - Filling up the DagBag from /home/ubuntu/customer_churn_youtube_venv/lib/python3.12/site-packages/airflow/example_dags/example_subdag_operator.py
[2025-03-26T17:31:08.189+0000] {processor.py:925} INFO - DAG(s) 'example_subdag_operator.section-1', 'example_subdag_operator.section-2', 'example_subdag_operator' retrieved from /home/ubuntu/customer_churn_youtube_venv/lib/python3.12/site-packages/airflow/example_dags/example_subdag_operator.py
[2025-03-26T17:31:08.203+0000] {logging_mixin.py:190} INFO - [2025-03-26T17:31:08.203+0000] {dag.py:3239} INFO - Sync 3 DAGs
[2025-03-26T17:31:08.223+0000] {logging_mixin.py:190} INFO - [2025-03-26T17:31:08.222+0000] {dag.py:4180} INFO - Setting next_dagrun for example_subdag_operator to 2022-01-01 00:00:00+00:00, run_after=2022-01-01 00:00:00+00:00
[2025-03-26T17:31:08.227+0000] {logging_mixin.py:190} INFO - [2025-03-26T17:31:08.226+0000] {dag.py:4180} INFO - Setting next_dagrun for example_subdag_operator.section-1 to None, run_after=None
[2025-03-26T17:31:08.227+0000] {logging_mixin.py:190} INFO - [2025-03-26T17:31:08.227+0000] {dag.py:4180} INFO - Setting next_dagrun for example_subdag_operator.section-2 to None, run_after=None
[2025-03-26T17:31:08.232+0000] {logging_mixin.py:190} INFO - [2025-03-26T17:31:08.232+0000] {dag.py:3239} INFO - Sync 2 DAGs
[2025-03-26T17:31:08.236+0000] {logging_mixin.py:190} INFO - [2025-03-26T17:31:08.236+0000] {dag.py:4180} INFO - Setting next_dagrun for example_subdag_operator.section-1 to None, run_after=None
[2025-03-26T17:31:08.236+0000] {logging_mixin.py:190} INFO - [2025-03-26T17:31:08.236+0000] {dag.py:4180} INFO - Setting next_dagrun for example_subdag_operator.section-2 to None, run_after=None
[2025-03-26T17:31:08.251+0000] {processor.py:208} INFO - Processing /home/ubuntu/customer_churn_youtube_venv/lib/python3.12/site-packages/airflow/example_dags/example_subdag_operator.py took 0.095 seconds
[2025-03-26T17:31:59.780+0000] {processor.py:186} INFO - Started process (PID=7471) to work on /home/ubuntu/customer_churn_youtube_venv/lib/python3.12/site-packages/airflow/example_dags/example_subdag_operator.py
[2025-03-26T17:31:59.782+0000] {processor.py:914} INFO - Processing file /home/ubuntu/customer_churn_youtube_venv/lib/python3.12/site-packages/airflow/example_dags/example_subdag_operator.py for tasks to queue
[2025-03-26T17:31:59.785+0000] {logging_mixin.py:190} INFO - [2025-03-26T17:31:59.784+0000] {dagbag.py:588} INFO - Filling up the DagBag from /home/ubuntu/customer_churn_youtube_venv/lib/python3.12/site-packages/airflow/example_dags/example_subdag_operator.py
[2025-03-26T17:31:59.808+0000] {processor.py:925} INFO - DAG(s) 'example_subdag_operator.section-1', 'example_subdag_operator.section-2', 'example_subdag_operator' retrieved from /home/ubuntu/customer_churn_youtube_venv/lib/python3.12/site-packages/airflow/example_dags/example_subdag_operator.py
[2025-03-26T17:31:59.821+0000] {logging_mixin.py:190} INFO - [2025-03-26T17:31:59.821+0000] {dag.py:3239} INFO - Sync 3 DAGs
[2025-03-26T17:31:59.839+0000] {logging_mixin.py:190} INFO - [2025-03-26T17:31:59.838+0000] {dag.py:4180} INFO - Setting next_dagrun for example_subdag_operator to 2022-01-01 00:00:00+00:00, run_after=2022-01-01 00:00:00+00:00
[2025-03-26T17:31:59.842+0000] {logging_mixin.py:190} INFO - [2025-03-26T17:31:59.842+0000] {dag.py:4180} INFO - Setting next_dagrun for example_subdag_operator.section-1 to None, run_after=None
[2025-03-26T17:31:59.843+0000] {logging_mixin.py:190} INFO - [2025-03-26T17:31:59.843+0000] {dag.py:4180} INFO - Setting next_dagrun for example_subdag_operator.section-2 to None, run_after=None
[2025-03-26T17:31:59.849+0000] {logging_mixin.py:190} INFO - [2025-03-26T17:31:59.849+0000] {dag.py:3239} INFO - Sync 2 DAGs
[2025-03-26T17:31:59.853+0000] {logging_mixin.py:190} INFO - [2025-03-26T17:31:59.853+0000] {dag.py:4180} INFO - Setting next_dagrun for example_subdag_operator.section-1 to None, run_after=None
[2025-03-26T17:31:59.853+0000] {logging_mixin.py:190} INFO - [2025-03-26T17:31:59.853+0000] {dag.py:4180} INFO - Setting next_dagrun for example_subdag_operator.section-2 to None, run_after=None
[2025-03-26T17:31:59.867+0000] {processor.py:208} INFO - Processing /home/ubuntu/customer_churn_youtube_venv/lib/python3.12/site-packages/airflow/example_dags/example_subdag_operator.py took 0.092 seconds
[2025-03-26T17:32:50.791+0000] {processor.py:186} INFO - Started process (PID=7564) to work on /home/ubuntu/customer_churn_youtube_venv/lib/python3.12/site-packages/airflow/example_dags/example_subdag_operator.py
[2025-03-26T17:32:50.793+0000] {processor.py:914} INFO - Processing file /home/ubuntu/customer_churn_youtube_venv/lib/python3.12/site-packages/airflow/example_dags/example_subdag_operator.py for tasks to queue
[2025-03-26T17:32:50.795+0000] {logging_mixin.py:190} INFO - [2025-03-26T17:32:50.795+0000] {dagbag.py:588} INFO - Filling up the DagBag from /home/ubuntu/customer_churn_youtube_venv/lib/python3.12/site-packages/airflow/example_dags/example_subdag_operator.py
[2025-03-26T17:32:50.817+0000] {processor.py:925} INFO - DAG(s) 'example_subdag_operator.section-1', 'example_subdag_operator.section-2', 'example_subdag_operator' retrieved from /home/ubuntu/customer_churn_youtube_venv/lib/python3.12/site-packages/airflow/example_dags/example_subdag_operator.py
[2025-03-26T17:32:50.831+0000] {logging_mixin.py:190} INFO - [2025-03-26T17:32:50.830+0000] {dag.py:3239} INFO - Sync 3 DAGs
[2025-03-26T17:32:50.851+0000] {logging_mixin.py:190} INFO - [2025-03-26T17:32:50.851+0000] {dag.py:4180} INFO - Setting next_dagrun for example_subdag_operator to 2022-01-01 00:00:00+00:00, run_after=2022-01-01 00:00:00+00:00
[2025-03-26T17:32:50.854+0000] {logging_mixin.py:190} INFO - [2025-03-26T17:32:50.853+0000] {dag.py:4180} INFO - Setting next_dagrun for example_subdag_operator.section-1 to None, run_after=None
[2025-03-26T17:32:50.854+0000] {logging_mixin.py:190} INFO - [2025-03-26T17:32:50.854+0000] {dag.py:4180} INFO - Setting next_dagrun for example_subdag_operator.section-2 to None, run_after=None
[2025-03-26T17:32:50.860+0000] {logging_mixin.py:190} INFO - [2025-03-26T17:32:50.859+0000] {dag.py:3239} INFO - Sync 2 DAGs
[2025-03-26T17:32:50.863+0000] {logging_mixin.py:190} INFO - [2025-03-26T17:32:50.863+0000] {dag.py:4180} INFO - Setting next_dagrun for example_subdag_operator.section-1 to None, run_after=None
[2025-03-26T17:32:50.863+0000] {logging_mixin.py:190} INFO - [2025-03-26T17:32:50.863+0000] {dag.py:4180} INFO - Setting next_dagrun for example_subdag_operator.section-2 to None, run_after=None
[2025-03-26T17:32:50.880+0000] {processor.py:208} INFO - Processing /home/ubuntu/customer_churn_youtube_venv/lib/python3.12/site-packages/airflow/example_dags/example_subdag_operator.py took 0.094 seconds
[2025-03-26T17:33:42.727+0000] {processor.py:186} INFO - Started process (PID=7618) to work on /home/ubuntu/customer_churn_youtube_venv/lib/python3.12/site-packages/airflow/example_dags/example_subdag_operator.py
[2025-03-26T17:33:42.728+0000] {processor.py:914} INFO - Processing file /home/ubuntu/customer_churn_youtube_venv/lib/python3.12/site-packages/airflow/example_dags/example_subdag_operator.py for tasks to queue
[2025-03-26T17:33:42.732+0000] {logging_mixin.py:190} INFO - [2025-03-26T17:33:42.732+0000] {dagbag.py:588} INFO - Filling up the DagBag from /home/ubuntu/customer_churn_youtube_venv/lib/python3.12/site-packages/airflow/example_dags/example_subdag_operator.py
[2025-03-26T17:33:42.754+0000] {processor.py:925} INFO - DAG(s) 'example_subdag_operator.section-1', 'example_subdag_operator.section-2', 'example_subdag_operator' retrieved from /home/ubuntu/customer_churn_youtube_venv/lib/python3.12/site-packages/airflow/example_dags/example_subdag_operator.py
[2025-03-26T17:33:42.768+0000] {logging_mixin.py:190} INFO - [2025-03-26T17:33:42.767+0000] {dag.py:3239} INFO - Sync 3 DAGs
[2025-03-26T17:33:42.787+0000] {logging_mixin.py:190} INFO - [2025-03-26T17:33:42.786+0000] {dag.py:4180} INFO - Setting next_dagrun for example_subdag_operator to 2022-01-01 00:00:00+00:00, run_after=2022-01-01 00:00:00+00:00
[2025-03-26T17:33:42.790+0000] {logging_mixin.py:190} INFO - [2025-03-26T17:33:42.790+0000] {dag.py:4180} INFO - Setting next_dagrun for example_subdag_operator.section-1 to None, run_after=None
[2025-03-26T17:33:42.791+0000] {logging_mixin.py:190} INFO - [2025-03-26T17:33:42.791+0000] {dag.py:4180} INFO - Setting next_dagrun for example_subdag_operator.section-2 to None, run_after=None
[2025-03-26T17:33:42.796+0000] {logging_mixin.py:190} INFO - [2025-03-26T17:33:42.796+0000] {dag.py:3239} INFO - Sync 2 DAGs
[2025-03-26T17:33:42.799+0000] {logging_mixin.py:190} INFO - [2025-03-26T17:33:42.799+0000] {dag.py:4180} INFO - Setting next_dagrun for example_subdag_operator.section-1 to None, run_after=None
[2025-03-26T17:33:42.799+0000] {logging_mixin.py:190} INFO - [2025-03-26T17:33:42.799+0000] {dag.py:4180} INFO - Setting next_dagrun for example_subdag_operator.section-2 to None, run_after=None
[2025-03-26T17:33:42.815+0000] {processor.py:208} INFO - Processing /home/ubuntu/customer_churn_youtube_venv/lib/python3.12/site-packages/airflow/example_dags/example_subdag_operator.py took 0.094 seconds
[2025-03-26T17:34:33.421+0000] {processor.py:186} INFO - Started process (PID=7670) to work on /home/ubuntu/customer_churn_youtube_venv/lib/python3.12/site-packages/airflow/example_dags/example_subdag_operator.py
[2025-03-26T17:34:33.424+0000] {processor.py:914} INFO - Processing file /home/ubuntu/customer_churn_youtube_venv/lib/python3.12/site-packages/airflow/example_dags/example_subdag_operator.py for tasks to queue
[2025-03-26T17:34:33.426+0000] {logging_mixin.py:190} INFO - [2025-03-26T17:34:33.426+0000] {dagbag.py:588} INFO - Filling up the DagBag from /home/ubuntu/customer_churn_youtube_venv/lib/python3.12/site-packages/airflow/example_dags/example_subdag_operator.py
[2025-03-26T17:34:33.449+0000] {processor.py:925} INFO - DAG(s) 'example_subdag_operator.section-1', 'example_subdag_operator.section-2', 'example_subdag_operator' retrieved from /home/ubuntu/customer_churn_youtube_venv/lib/python3.12/site-packages/airflow/example_dags/example_subdag_operator.py
[2025-03-26T17:34:33.462+0000] {logging_mixin.py:190} INFO - [2025-03-26T17:34:33.462+0000] {dag.py:3239} INFO - Sync 3 DAGs
[2025-03-26T17:34:33.481+0000] {logging_mixin.py:190} INFO - [2025-03-26T17:34:33.480+0000] {dag.py:4180} INFO - Setting next_dagrun for example_subdag_operator to 2022-01-01 00:00:00+00:00, run_after=2022-01-01 00:00:00+00:00
[2025-03-26T17:34:33.485+0000] {logging_mixin.py:190} INFO - [2025-03-26T17:34:33.484+0000] {dag.py:4180} INFO - Setting next_dagrun for example_subdag_operator.section-1 to None, run_after=None
[2025-03-26T17:34:33.485+0000] {logging_mixin.py:190} INFO - [2025-03-26T17:34:33.485+0000] {dag.py:4180} INFO - Setting next_dagrun for example_subdag_operator.section-2 to None, run_after=None
[2025-03-26T17:34:33.492+0000] {logging_mixin.py:190} INFO - [2025-03-26T17:34:33.491+0000] {dag.py:3239} INFO - Sync 2 DAGs
[2025-03-26T17:34:33.496+0000] {logging_mixin.py:190} INFO - [2025-03-26T17:34:33.495+0000] {dag.py:4180} INFO - Setting next_dagrun for example_subdag_operator.section-1 to None, run_after=None
[2025-03-26T17:34:33.496+0000] {logging_mixin.py:190} INFO - [2025-03-26T17:34:33.496+0000] {dag.py:4180} INFO - Setting next_dagrun for example_subdag_operator.section-2 to None, run_after=None
[2025-03-26T17:34:33.511+0000] {processor.py:208} INFO - Processing /home/ubuntu/customer_churn_youtube_venv/lib/python3.12/site-packages/airflow/example_dags/example_subdag_operator.py took 0.095 seconds
[2025-03-26T17:35:26.491+0000] {processor.py:186} INFO - Started process (PID=7731) to work on /home/ubuntu/customer_churn_youtube_venv/lib/python3.12/site-packages/airflow/example_dags/example_subdag_operator.py
[2025-03-26T17:35:26.493+0000] {processor.py:914} INFO - Processing file /home/ubuntu/customer_churn_youtube_venv/lib/python3.12/site-packages/airflow/example_dags/example_subdag_operator.py for tasks to queue
[2025-03-26T17:35:26.496+0000] {logging_mixin.py:190} INFO - [2025-03-26T17:35:26.496+0000] {dagbag.py:588} INFO - Filling up the DagBag from /home/ubuntu/customer_churn_youtube_venv/lib/python3.12/site-packages/airflow/example_dags/example_subdag_operator.py
[2025-03-26T17:35:26.518+0000] {processor.py:925} INFO - DAG(s) 'example_subdag_operator.section-1', 'example_subdag_operator.section-2', 'example_subdag_operator' retrieved from /home/ubuntu/customer_churn_youtube_venv/lib/python3.12/site-packages/airflow/example_dags/example_subdag_operator.py
[2025-03-26T17:35:26.532+0000] {logging_mixin.py:190} INFO - [2025-03-26T17:35:26.532+0000] {dag.py:3239} INFO - Sync 3 DAGs
[2025-03-26T17:35:26.550+0000] {logging_mixin.py:190} INFO - [2025-03-26T17:35:26.550+0000] {dag.py:4180} INFO - Setting next_dagrun for example_subdag_operator to 2022-01-01 00:00:00+00:00, run_after=2022-01-01 00:00:00+00:00
[2025-03-26T17:35:26.554+0000] {logging_mixin.py:190} INFO - [2025-03-26T17:35:26.554+0000] {dag.py:4180} INFO - Setting next_dagrun for example_subdag_operator.section-1 to None, run_after=None
[2025-03-26T17:35:26.555+0000] {logging_mixin.py:190} INFO - [2025-03-26T17:35:26.554+0000] {dag.py:4180} INFO - Setting next_dagrun for example_subdag_operator.section-2 to None, run_after=None
[2025-03-26T17:35:26.559+0000] {logging_mixin.py:190} INFO - [2025-03-26T17:35:26.559+0000] {dag.py:3239} INFO - Sync 2 DAGs
[2025-03-26T17:35:26.563+0000] {logging_mixin.py:190} INFO - [2025-03-26T17:35:26.563+0000] {dag.py:4180} INFO - Setting next_dagrun for example_subdag_operator.section-1 to None, run_after=None
[2025-03-26T17:35:26.563+0000] {logging_mixin.py:190} INFO - [2025-03-26T17:35:26.563+0000] {dag.py:4180} INFO - Setting next_dagrun for example_subdag_operator.section-2 to None, run_after=None
[2025-03-26T17:35:26.577+0000] {processor.py:208} INFO - Processing /home/ubuntu/customer_churn_youtube_venv/lib/python3.12/site-packages/airflow/example_dags/example_subdag_operator.py took 0.091 seconds
[2025-03-26T17:36:20.215+0000] {processor.py:186} INFO - Started process (PID=7787) to work on /home/ubuntu/customer_churn_youtube_venv/lib/python3.12/site-packages/airflow/example_dags/example_subdag_operator.py
[2025-03-26T17:36:20.217+0000] {processor.py:914} INFO - Processing file /home/ubuntu/customer_churn_youtube_venv/lib/python3.12/site-packages/airflow/example_dags/example_subdag_operator.py for tasks to queue
[2025-03-26T17:36:20.219+0000] {logging_mixin.py:190} INFO - [2025-03-26T17:36:20.219+0000] {dagbag.py:588} INFO - Filling up the DagBag from /home/ubuntu/customer_churn_youtube_venv/lib/python3.12/site-packages/airflow/example_dags/example_subdag_operator.py
[2025-03-26T17:36:20.242+0000] {processor.py:925} INFO - DAG(s) 'example_subdag_operator.section-1', 'example_subdag_operator.section-2', 'example_subdag_operator' retrieved from /home/ubuntu/customer_churn_youtube_venv/lib/python3.12/site-packages/airflow/example_dags/example_subdag_operator.py
[2025-03-26T17:36:20.256+0000] {logging_mixin.py:190} INFO - [2025-03-26T17:36:20.254+0000] {dag.py:3239} INFO - Sync 3 DAGs
[2025-03-26T17:36:20.274+0000] {logging_mixin.py:190} INFO - [2025-03-26T17:36:20.274+0000] {dag.py:4180} INFO - Setting next_dagrun for example_subdag_operator to 2022-01-01 00:00:00+00:00, run_after=2022-01-01 00:00:00+00:00
[2025-03-26T17:36:20.277+0000] {logging_mixin.py:190} INFO - [2025-03-26T17:36:20.277+0000] {dag.py:4180} INFO - Setting next_dagrun for example_subdag_operator.section-1 to None, run_after=None
[2025-03-26T17:36:20.278+0000] {logging_mixin.py:190} INFO - [2025-03-26T17:36:20.278+0000] {dag.py:4180} INFO - Setting next_dagrun for example_subdag_operator.section-2 to None, run_after=None
[2025-03-26T17:36:20.283+0000] {logging_mixin.py:190} INFO - [2025-03-26T17:36:20.283+0000] {dag.py:3239} INFO - Sync 2 DAGs
[2025-03-26T17:36:20.286+0000] {logging_mixin.py:190} INFO - [2025-03-26T17:36:20.286+0000] {dag.py:4180} INFO - Setting next_dagrun for example_subdag_operator.section-1 to None, run_after=None
[2025-03-26T17:36:20.288+0000] {logging_mixin.py:190} INFO - [2025-03-26T17:36:20.286+0000] {dag.py:4180} INFO - Setting next_dagrun for example_subdag_operator.section-2 to None, run_after=None
[2025-03-26T17:36:20.302+0000] {processor.py:208} INFO - Processing /home/ubuntu/customer_churn_youtube_venv/lib/python3.12/site-packages/airflow/example_dags/example_subdag_operator.py took 0.093 seconds
