[2025-03-26T17:14:01.982+0000] {processor.py:186} INFO - Started process (PID=6301) to work on /home/ubuntu/customer_churn_youtube_venv/lib/python3.12/site-packages/airflow/example_dags/example_kubernetes_executor.py
[2025-03-26T17:14:01.983+0000] {processor.py:914} INFO - Processing file /home/ubuntu/customer_churn_youtube_venv/lib/python3.12/site-packages/airflow/example_dags/example_kubernetes_executor.py for tasks to queue
[2025-03-26T17:14:01.985+0000] {logging_mixin.py:190} INFO - [2025-03-26T17:14:01.985+0000] {dagbag.py:588} INFO - Filling up the DagBag from /home/ubuntu/customer_churn_youtube_venv/lib/python3.12/site-packages/airflow/example_dags/example_kubernetes_executor.py
[2025-03-26T17:14:01.989+0000] {logging_mixin.py:190} INFO - [2025-03-26T17:14:01.989+0000] {example_kubernetes_executor.py:39} WARNING - The example_kubernetes_executor example DAG requires the kubernetes provider. Please install it with: pip install apache-airflow[cncf.kubernetes]
[2025-03-26T17:14:01.989+0000] {processor.py:927} WARNING - No viable dags retrieved from /home/ubuntu/customer_churn_youtube_venv/lib/python3.12/site-packages/airflow/example_dags/example_kubernetes_executor.py
[2025-03-26T17:14:02.001+0000] {processor.py:208} INFO - Processing /home/ubuntu/customer_churn_youtube_venv/lib/python3.12/site-packages/airflow/example_dags/example_kubernetes_executor.py took 0.026 seconds
[2025-03-26T17:15:05.276+0000] {processor.py:186} INFO - Started process (PID=6368) to work on /home/ubuntu/customer_churn_youtube_venv/lib/python3.12/site-packages/airflow/example_dags/example_kubernetes_executor.py
[2025-03-26T17:15:05.278+0000] {processor.py:914} INFO - Processing file /home/ubuntu/customer_churn_youtube_venv/lib/python3.12/site-packages/airflow/example_dags/example_kubernetes_executor.py for tasks to queue
[2025-03-26T17:15:05.280+0000] {logging_mixin.py:190} INFO - [2025-03-26T17:15:05.279+0000] {dagbag.py:588} INFO - Filling up the DagBag from /home/ubuntu/customer_churn_youtube_venv/lib/python3.12/site-packages/airflow/example_dags/example_kubernetes_executor.py
[2025-03-26T17:15:05.282+0000] {logging_mixin.py:190} INFO - [2025-03-26T17:15:05.282+0000] {example_kubernetes_executor.py:39} WARNING - The example_kubernetes_executor example DAG requires the kubernetes provider. Please install it with: pip install apache-airflow[cncf.kubernetes]
[2025-03-26T17:15:05.282+0000] {processor.py:927} WARNING - No viable dags retrieved from /home/ubuntu/customer_churn_youtube_venv/lib/python3.12/site-packages/airflow/example_dags/example_kubernetes_executor.py
[2025-03-26T17:15:05.293+0000] {processor.py:208} INFO - Processing /home/ubuntu/customer_churn_youtube_venv/lib/python3.12/site-packages/airflow/example_dags/example_kubernetes_executor.py took 0.022 seconds
[2025-03-26T17:16:01.719+0000] {processor.py:186} INFO - Started process (PID=6425) to work on /home/ubuntu/customer_churn_youtube_venv/lib/python3.12/site-packages/airflow/example_dags/example_kubernetes_executor.py
[2025-03-26T17:16:01.725+0000] {processor.py:914} INFO - Processing file /home/ubuntu/customer_churn_youtube_venv/lib/python3.12/site-packages/airflow/example_dags/example_kubernetes_executor.py for tasks to queue
[2025-03-26T17:16:01.726+0000] {logging_mixin.py:190} INFO - [2025-03-26T17:16:01.726+0000] {dagbag.py:588} INFO - Filling up the DagBag from /home/ubuntu/customer_churn_youtube_venv/lib/python3.12/site-packages/airflow/example_dags/example_kubernetes_executor.py
[2025-03-26T17:16:01.730+0000] {logging_mixin.py:190} INFO - [2025-03-26T17:16:01.729+0000] {example_kubernetes_executor.py:39} WARNING - The example_kubernetes_executor example DAG requires the kubernetes provider. Please install it with: pip install apache-airflow[cncf.kubernetes]
[2025-03-26T17:16:01.730+0000] {processor.py:927} WARNING - No viable dags retrieved from /home/ubuntu/customer_churn_youtube_venv/lib/python3.12/site-packages/airflow/example_dags/example_kubernetes_executor.py
[2025-03-26T17:16:01.741+0000] {processor.py:208} INFO - Processing /home/ubuntu/customer_churn_youtube_venv/lib/python3.12/site-packages/airflow/example_dags/example_kubernetes_executor.py took 0.028 seconds
[2025-03-26T17:16:59.704+0000] {processor.py:186} INFO - Started process (PID=6484) to work on /home/ubuntu/customer_churn_youtube_venv/lib/python3.12/site-packages/airflow/example_dags/example_kubernetes_executor.py
[2025-03-26T17:16:59.706+0000] {processor.py:914} INFO - Processing file /home/ubuntu/customer_churn_youtube_venv/lib/python3.12/site-packages/airflow/example_dags/example_kubernetes_executor.py for tasks to queue
[2025-03-26T17:16:59.708+0000] {logging_mixin.py:190} INFO - [2025-03-26T17:16:59.708+0000] {dagbag.py:588} INFO - Filling up the DagBag from /home/ubuntu/customer_churn_youtube_venv/lib/python3.12/site-packages/airflow/example_dags/example_kubernetes_executor.py
[2025-03-26T17:16:59.711+0000] {logging_mixin.py:190} INFO - [2025-03-26T17:16:59.710+0000] {example_kubernetes_executor.py:39} WARNING - The example_kubernetes_executor example DAG requires the kubernetes provider. Please install it with: pip install apache-airflow[cncf.kubernetes]
[2025-03-26T17:16:59.711+0000] {processor.py:927} WARNING - No viable dags retrieved from /home/ubuntu/customer_churn_youtube_venv/lib/python3.12/site-packages/airflow/example_dags/example_kubernetes_executor.py
[2025-03-26T17:16:59.721+0000] {processor.py:208} INFO - Processing /home/ubuntu/customer_churn_youtube_venv/lib/python3.12/site-packages/airflow/example_dags/example_kubernetes_executor.py took 0.022 seconds
[2025-03-26T17:18:15.754+0000] {processor.py:186} INFO - Started process (PID=6566) to work on /home/ubuntu/customer_churn_youtube_venv/lib/python3.12/site-packages/airflow/example_dags/example_kubernetes_executor.py
[2025-03-26T17:18:15.756+0000] {processor.py:914} INFO - Processing file /home/ubuntu/customer_churn_youtube_venv/lib/python3.12/site-packages/airflow/example_dags/example_kubernetes_executor.py for tasks to queue
[2025-03-26T17:18:15.758+0000] {logging_mixin.py:190} INFO - [2025-03-26T17:18:15.758+0000] {dagbag.py:588} INFO - Filling up the DagBag from /home/ubuntu/customer_churn_youtube_venv/lib/python3.12/site-packages/airflow/example_dags/example_kubernetes_executor.py
[2025-03-26T17:18:15.761+0000] {logging_mixin.py:190} INFO - [2025-03-26T17:18:15.760+0000] {example_kubernetes_executor.py:39} WARNING - The example_kubernetes_executor example DAG requires the kubernetes provider. Please install it with: pip install apache-airflow[cncf.kubernetes]
[2025-03-26T17:18:15.761+0000] {processor.py:927} WARNING - No viable dags retrieved from /home/ubuntu/customer_churn_youtube_venv/lib/python3.12/site-packages/airflow/example_dags/example_kubernetes_executor.py
[2025-03-26T17:18:15.771+0000] {processor.py:208} INFO - Processing /home/ubuntu/customer_churn_youtube_venv/lib/python3.12/site-packages/airflow/example_dags/example_kubernetes_executor.py took 0.023 seconds
[2025-03-26T17:19:12.785+0000] {processor.py:186} INFO - Started process (PID=6624) to work on /home/ubuntu/customer_churn_youtube_venv/lib/python3.12/site-packages/airflow/example_dags/example_kubernetes_executor.py
[2025-03-26T17:19:12.787+0000] {processor.py:914} INFO - Processing file /home/ubuntu/customer_churn_youtube_venv/lib/python3.12/site-packages/airflow/example_dags/example_kubernetes_executor.py for tasks to queue
[2025-03-26T17:19:12.788+0000] {logging_mixin.py:190} INFO - [2025-03-26T17:19:12.788+0000] {dagbag.py:588} INFO - Filling up the DagBag from /home/ubuntu/customer_churn_youtube_venv/lib/python3.12/site-packages/airflow/example_dags/example_kubernetes_executor.py
[2025-03-26T17:19:12.792+0000] {logging_mixin.py:190} INFO - [2025-03-26T17:19:12.791+0000] {example_kubernetes_executor.py:39} WARNING - The example_kubernetes_executor example DAG requires the kubernetes provider. Please install it with: pip install apache-airflow[cncf.kubernetes]
[2025-03-26T17:19:12.792+0000] {processor.py:927} WARNING - No viable dags retrieved from /home/ubuntu/customer_churn_youtube_venv/lib/python3.12/site-packages/airflow/example_dags/example_kubernetes_executor.py
[2025-03-26T17:19:12.802+0000] {processor.py:208} INFO - Processing /home/ubuntu/customer_churn_youtube_venv/lib/python3.12/site-packages/airflow/example_dags/example_kubernetes_executor.py took 0.022 seconds
[2025-03-26T17:20:12.481+0000] {processor.py:186} INFO - Started process (PID=6686) to work on /home/ubuntu/customer_churn_youtube_venv/lib/python3.12/site-packages/airflow/example_dags/example_kubernetes_executor.py
[2025-03-26T17:20:12.484+0000] {processor.py:914} INFO - Processing file /home/ubuntu/customer_churn_youtube_venv/lib/python3.12/site-packages/airflow/example_dags/example_kubernetes_executor.py for tasks to queue
[2025-03-26T17:20:12.486+0000] {logging_mixin.py:190} INFO - [2025-03-26T17:20:12.485+0000] {dagbag.py:588} INFO - Filling up the DagBag from /home/ubuntu/customer_churn_youtube_venv/lib/python3.12/site-packages/airflow/example_dags/example_kubernetes_executor.py
[2025-03-26T17:20:12.489+0000] {logging_mixin.py:190} INFO - [2025-03-26T17:20:12.488+0000] {example_kubernetes_executor.py:39} WARNING - The example_kubernetes_executor example DAG requires the kubernetes provider. Please install it with: pip install apache-airflow[cncf.kubernetes]
[2025-03-26T17:20:12.489+0000] {processor.py:927} WARNING - No viable dags retrieved from /home/ubuntu/customer_churn_youtube_venv/lib/python3.12/site-packages/airflow/example_dags/example_kubernetes_executor.py
[2025-03-26T17:20:12.499+0000] {processor.py:208} INFO - Processing /home/ubuntu/customer_churn_youtube_venv/lib/python3.12/site-packages/airflow/example_dags/example_kubernetes_executor.py took 0.024 seconds
[2025-03-26T17:21:08.353+0000] {processor.py:186} INFO - Started process (PID=6743) to work on /home/ubuntu/customer_churn_youtube_venv/lib/python3.12/site-packages/airflow/example_dags/example_kubernetes_executor.py
[2025-03-26T17:21:08.355+0000] {processor.py:914} INFO - Processing file /home/ubuntu/customer_churn_youtube_venv/lib/python3.12/site-packages/airflow/example_dags/example_kubernetes_executor.py for tasks to queue
[2025-03-26T17:21:08.356+0000] {logging_mixin.py:190} INFO - [2025-03-26T17:21:08.356+0000] {dagbag.py:588} INFO - Filling up the DagBag from /home/ubuntu/customer_churn_youtube_venv/lib/python3.12/site-packages/airflow/example_dags/example_kubernetes_executor.py
[2025-03-26T17:21:08.360+0000] {logging_mixin.py:190} INFO - [2025-03-26T17:21:08.360+0000] {example_kubernetes_executor.py:39} WARNING - The example_kubernetes_executor example DAG requires the kubernetes provider. Please install it with: pip install apache-airflow[cncf.kubernetes]
[2025-03-26T17:21:08.360+0000] {processor.py:927} WARNING - No viable dags retrieved from /home/ubuntu/customer_churn_youtube_venv/lib/python3.12/site-packages/airflow/example_dags/example_kubernetes_executor.py
[2025-03-26T17:21:08.371+0000] {processor.py:208} INFO - Processing /home/ubuntu/customer_churn_youtube_venv/lib/python3.12/site-packages/airflow/example_dags/example_kubernetes_executor.py took 0.024 seconds
[2025-03-26T17:22:23.827+0000] {processor.py:186} INFO - Started process (PID=6821) to work on /home/ubuntu/customer_churn_youtube_venv/lib/python3.12/site-packages/airflow/example_dags/example_kubernetes_executor.py
[2025-03-26T17:22:23.828+0000] {processor.py:914} INFO - Processing file /home/ubuntu/customer_churn_youtube_venv/lib/python3.12/site-packages/airflow/example_dags/example_kubernetes_executor.py for tasks to queue
[2025-03-26T17:22:23.830+0000] {logging_mixin.py:190} INFO - [2025-03-26T17:22:23.830+0000] {dagbag.py:588} INFO - Filling up the DagBag from /home/ubuntu/customer_churn_youtube_venv/lib/python3.12/site-packages/airflow/example_dags/example_kubernetes_executor.py
[2025-03-26T17:22:23.833+0000] {logging_mixin.py:190} INFO - [2025-03-26T17:22:23.833+0000] {example_kubernetes_executor.py:39} WARNING - The example_kubernetes_executor example DAG requires the kubernetes provider. Please install it with: pip install apache-airflow[cncf.kubernetes]
[2025-03-26T17:22:23.833+0000] {processor.py:927} WARNING - No viable dags retrieved from /home/ubuntu/customer_churn_youtube_venv/lib/python3.12/site-packages/airflow/example_dags/example_kubernetes_executor.py
[2025-03-26T17:22:23.843+0000] {processor.py:208} INFO - Processing /home/ubuntu/customer_churn_youtube_venv/lib/python3.12/site-packages/airflow/example_dags/example_kubernetes_executor.py took 0.022 seconds
[2025-03-26T17:23:17.770+0000] {processor.py:186} INFO - Started process (PID=6875) to work on /home/ubuntu/customer_churn_youtube_venv/lib/python3.12/site-packages/airflow/example_dags/example_kubernetes_executor.py
[2025-03-26T17:23:17.772+0000] {processor.py:914} INFO - Processing file /home/ubuntu/customer_churn_youtube_venv/lib/python3.12/site-packages/airflow/example_dags/example_kubernetes_executor.py for tasks to queue
[2025-03-26T17:23:17.774+0000] {logging_mixin.py:190} INFO - [2025-03-26T17:23:17.773+0000] {dagbag.py:588} INFO - Filling up the DagBag from /home/ubuntu/customer_churn_youtube_venv/lib/python3.12/site-packages/airflow/example_dags/example_kubernetes_executor.py
[2025-03-26T17:23:17.776+0000] {logging_mixin.py:190} INFO - [2025-03-26T17:23:17.776+0000] {example_kubernetes_executor.py:39} WARNING - The example_kubernetes_executor example DAG requires the kubernetes provider. Please install it with: pip install apache-airflow[cncf.kubernetes]
[2025-03-26T17:23:17.777+0000] {processor.py:927} WARNING - No viable dags retrieved from /home/ubuntu/customer_churn_youtube_venv/lib/python3.12/site-packages/airflow/example_dags/example_kubernetes_executor.py
[2025-03-26T17:23:17.786+0000] {processor.py:208} INFO - Processing /home/ubuntu/customer_churn_youtube_venv/lib/python3.12/site-packages/airflow/example_dags/example_kubernetes_executor.py took 0.022 seconds
[2025-03-26T17:24:32.821+0000] {processor.py:186} INFO - Started process (PID=6953) to work on /home/ubuntu/customer_churn_youtube_venv/lib/python3.12/site-packages/airflow/example_dags/example_kubernetes_executor.py
[2025-03-26T17:24:32.824+0000] {processor.py:914} INFO - Processing file /home/ubuntu/customer_churn_youtube_venv/lib/python3.12/site-packages/airflow/example_dags/example_kubernetes_executor.py for tasks to queue
[2025-03-26T17:24:32.825+0000] {logging_mixin.py:190} INFO - [2025-03-26T17:24:32.825+0000] {dagbag.py:588} INFO - Filling up the DagBag from /home/ubuntu/customer_churn_youtube_venv/lib/python3.12/site-packages/airflow/example_dags/example_kubernetes_executor.py
[2025-03-26T17:24:32.829+0000] {logging_mixin.py:190} INFO - [2025-03-26T17:24:32.829+0000] {example_kubernetes_executor.py:39} WARNING - The example_kubernetes_executor example DAG requires the kubernetes provider. Please install it with: pip install apache-airflow[cncf.kubernetes]
[2025-03-26T17:24:32.829+0000] {processor.py:927} WARNING - No viable dags retrieved from /home/ubuntu/customer_churn_youtube_venv/lib/python3.12/site-packages/airflow/example_dags/example_kubernetes_executor.py
[2025-03-26T17:24:32.839+0000] {processor.py:208} INFO - Processing /home/ubuntu/customer_churn_youtube_venv/lib/python3.12/site-packages/airflow/example_dags/example_kubernetes_executor.py took 0.023 seconds
[2025-03-26T17:25:24.412+0000] {processor.py:186} INFO - Started process (PID=7011) to work on /home/ubuntu/customer_churn_youtube_venv/lib/python3.12/site-packages/airflow/example_dags/example_kubernetes_executor.py
[2025-03-26T17:25:24.414+0000] {processor.py:914} INFO - Processing file /home/ubuntu/customer_churn_youtube_venv/lib/python3.12/site-packages/airflow/example_dags/example_kubernetes_executor.py for tasks to queue
[2025-03-26T17:25:24.416+0000] {logging_mixin.py:190} INFO - [2025-03-26T17:25:24.415+0000] {dagbag.py:588} INFO - Filling up the DagBag from /home/ubuntu/customer_churn_youtube_venv/lib/python3.12/site-packages/airflow/example_dags/example_kubernetes_executor.py
[2025-03-26T17:25:24.419+0000] {logging_mixin.py:190} INFO - [2025-03-26T17:25:24.419+0000] {example_kubernetes_executor.py:39} WARNING - The example_kubernetes_executor example DAG requires the kubernetes provider. Please install it with: pip install apache-airflow[cncf.kubernetes]
[2025-03-26T17:25:24.419+0000] {processor.py:927} WARNING - No viable dags retrieved from /home/ubuntu/customer_churn_youtube_venv/lib/python3.12/site-packages/airflow/example_dags/example_kubernetes_executor.py
[2025-03-26T17:25:24.430+0000] {processor.py:208} INFO - Processing /home/ubuntu/customer_churn_youtube_venv/lib/python3.12/site-packages/airflow/example_dags/example_kubernetes_executor.py took 0.024 seconds
[2025-03-26T17:26:38.840+0000] {processor.py:186} INFO - Started process (PID=7087) to work on /home/ubuntu/customer_churn_youtube_venv/lib/python3.12/site-packages/airflow/example_dags/example_kubernetes_executor.py
[2025-03-26T17:26:38.842+0000] {processor.py:914} INFO - Processing file /home/ubuntu/customer_churn_youtube_venv/lib/python3.12/site-packages/airflow/example_dags/example_kubernetes_executor.py for tasks to queue
[2025-03-26T17:26:38.845+0000] {logging_mixin.py:190} INFO - [2025-03-26T17:26:38.844+0000] {dagbag.py:588} INFO - Filling up the DagBag from /home/ubuntu/customer_churn_youtube_venv/lib/python3.12/site-packages/airflow/example_dags/example_kubernetes_executor.py
[2025-03-26T17:26:38.848+0000] {logging_mixin.py:190} INFO - [2025-03-26T17:26:38.847+0000] {example_kubernetes_executor.py:39} WARNING - The example_kubernetes_executor example DAG requires the kubernetes provider. Please install it with: pip install apache-airflow[cncf.kubernetes]
[2025-03-26T17:26:38.848+0000] {processor.py:927} WARNING - No viable dags retrieved from /home/ubuntu/customer_churn_youtube_venv/lib/python3.12/site-packages/airflow/example_dags/example_kubernetes_executor.py
[2025-03-26T17:26:38.859+0000] {processor.py:208} INFO - Processing /home/ubuntu/customer_churn_youtube_venv/lib/python3.12/site-packages/airflow/example_dags/example_kubernetes_executor.py took 0.024 seconds
[2025-03-26T17:27:29.192+0000] {processor.py:186} INFO - Started process (PID=7140) to work on /home/ubuntu/customer_churn_youtube_venv/lib/python3.12/site-packages/airflow/example_dags/example_kubernetes_executor.py
[2025-03-26T17:27:29.194+0000] {processor.py:914} INFO - Processing file /home/ubuntu/customer_churn_youtube_venv/lib/python3.12/site-packages/airflow/example_dags/example_kubernetes_executor.py for tasks to queue
[2025-03-26T17:27:29.196+0000] {logging_mixin.py:190} INFO - [2025-03-26T17:27:29.196+0000] {dagbag.py:588} INFO - Filling up the DagBag from /home/ubuntu/customer_churn_youtube_venv/lib/python3.12/site-packages/airflow/example_dags/example_kubernetes_executor.py
[2025-03-26T17:27:29.198+0000] {logging_mixin.py:190} INFO - [2025-03-26T17:27:29.198+0000] {example_kubernetes_executor.py:39} WARNING - The example_kubernetes_executor example DAG requires the kubernetes provider. Please install it with: pip install apache-airflow[cncf.kubernetes]
[2025-03-26T17:27:29.199+0000] {processor.py:927} WARNING - No viable dags retrieved from /home/ubuntu/customer_churn_youtube_venv/lib/python3.12/site-packages/airflow/example_dags/example_kubernetes_executor.py
[2025-03-26T17:27:29.209+0000] {processor.py:208} INFO - Processing /home/ubuntu/customer_churn_youtube_venv/lib/python3.12/site-packages/airflow/example_dags/example_kubernetes_executor.py took 0.022 seconds
[2025-03-26T17:28:22.023+0000] {processor.py:186} INFO - Started process (PID=7241) to work on /home/ubuntu/customer_churn_youtube_venv/lib/python3.12/site-packages/airflow/example_dags/example_kubernetes_executor.py
[2025-03-26T17:28:22.024+0000] {processor.py:914} INFO - Processing file /home/ubuntu/customer_churn_youtube_venv/lib/python3.12/site-packages/airflow/example_dags/example_kubernetes_executor.py for tasks to queue
[2025-03-26T17:28:22.027+0000] {logging_mixin.py:190} INFO - [2025-03-26T17:28:22.026+0000] {dagbag.py:588} INFO - Filling up the DagBag from /home/ubuntu/customer_churn_youtube_venv/lib/python3.12/site-packages/airflow/example_dags/example_kubernetes_executor.py
[2025-03-26T17:28:22.029+0000] {logging_mixin.py:190} INFO - [2025-03-26T17:28:22.029+0000] {example_kubernetes_executor.py:39} WARNING - The example_kubernetes_executor example DAG requires the kubernetes provider. Please install it with: pip install apache-airflow[cncf.kubernetes]
[2025-03-26T17:28:22.030+0000] {processor.py:927} WARNING - No viable dags retrieved from /home/ubuntu/customer_churn_youtube_venv/lib/python3.12/site-packages/airflow/example_dags/example_kubernetes_executor.py
[2025-03-26T17:28:22.040+0000] {processor.py:208} INFO - Processing /home/ubuntu/customer_churn_youtube_venv/lib/python3.12/site-packages/airflow/example_dags/example_kubernetes_executor.py took 0.023 seconds
[2025-03-26T17:29:37.076+0000] {processor.py:186} INFO - Started process (PID=7319) to work on /home/ubuntu/customer_churn_youtube_venv/lib/python3.12/site-packages/airflow/example_dags/example_kubernetes_executor.py
[2025-03-26T17:29:37.077+0000] {processor.py:914} INFO - Processing file /home/ubuntu/customer_churn_youtube_venv/lib/python3.12/site-packages/airflow/example_dags/example_kubernetes_executor.py for tasks to queue
[2025-03-26T17:29:37.079+0000] {logging_mixin.py:190} INFO - [2025-03-26T17:29:37.079+0000] {dagbag.py:588} INFO - Filling up the DagBag from /home/ubuntu/customer_churn_youtube_venv/lib/python3.12/site-packages/airflow/example_dags/example_kubernetes_executor.py
[2025-03-26T17:29:37.083+0000] {logging_mixin.py:190} INFO - [2025-03-26T17:29:37.083+0000] {example_kubernetes_executor.py:39} WARNING - The example_kubernetes_executor example DAG requires the kubernetes provider. Please install it with: pip install apache-airflow[cncf.kubernetes]
[2025-03-26T17:29:37.084+0000] {processor.py:927} WARNING - No viable dags retrieved from /home/ubuntu/customer_churn_youtube_venv/lib/python3.12/site-packages/airflow/example_dags/example_kubernetes_executor.py
[2025-03-26T17:29:37.094+0000] {processor.py:208} INFO - Processing /home/ubuntu/customer_churn_youtube_venv/lib/python3.12/site-packages/airflow/example_dags/example_kubernetes_executor.py took 0.024 seconds
[2025-03-26T17:30:50.437+0000] {processor.py:186} INFO - Started process (PID=7400) to work on /home/ubuntu/customer_churn_youtube_venv/lib/python3.12/site-packages/airflow/example_dags/example_kubernetes_executor.py
[2025-03-26T17:30:50.438+0000] {processor.py:914} INFO - Processing file /home/ubuntu/customer_churn_youtube_venv/lib/python3.12/site-packages/airflow/example_dags/example_kubernetes_executor.py for tasks to queue
[2025-03-26T17:30:50.441+0000] {logging_mixin.py:190} INFO - [2025-03-26T17:30:50.440+0000] {dagbag.py:588} INFO - Filling up the DagBag from /home/ubuntu/customer_churn_youtube_venv/lib/python3.12/site-packages/airflow/example_dags/example_kubernetes_executor.py
[2025-03-26T17:30:50.443+0000] {logging_mixin.py:190} INFO - [2025-03-26T17:30:50.443+0000] {example_kubernetes_executor.py:39} WARNING - The example_kubernetes_executor example DAG requires the kubernetes provider. Please install it with: pip install apache-airflow[cncf.kubernetes]
[2025-03-26T17:30:50.443+0000] {processor.py:927} WARNING - No viable dags retrieved from /home/ubuntu/customer_churn_youtube_venv/lib/python3.12/site-packages/airflow/example_dags/example_kubernetes_executor.py
[2025-03-26T17:30:50.455+0000] {processor.py:208} INFO - Processing /home/ubuntu/customer_churn_youtube_venv/lib/python3.12/site-packages/airflow/example_dags/example_kubernetes_executor.py took 0.023 seconds
[2025-03-26T17:32:07.165+0000] {processor.py:186} INFO - Started process (PID=7492) to work on /home/ubuntu/customer_churn_youtube_venv/lib/python3.12/site-packages/airflow/example_dags/example_kubernetes_executor.py
[2025-03-26T17:32:07.166+0000] {processor.py:914} INFO - Processing file /home/ubuntu/customer_churn_youtube_venv/lib/python3.12/site-packages/airflow/example_dags/example_kubernetes_executor.py for tasks to queue
[2025-03-26T17:32:07.168+0000] {logging_mixin.py:190} INFO - [2025-03-26T17:32:07.168+0000] {dagbag.py:588} INFO - Filling up the DagBag from /home/ubuntu/customer_churn_youtube_venv/lib/python3.12/site-packages/airflow/example_dags/example_kubernetes_executor.py
[2025-03-26T17:32:07.171+0000] {logging_mixin.py:190} INFO - [2025-03-26T17:32:07.171+0000] {example_kubernetes_executor.py:39} WARNING - The example_kubernetes_executor example DAG requires the kubernetes provider. Please install it with: pip install apache-airflow[cncf.kubernetes]
[2025-03-26T17:32:07.171+0000] {processor.py:927} WARNING - No viable dags retrieved from /home/ubuntu/customer_churn_youtube_venv/lib/python3.12/site-packages/airflow/example_dags/example_kubernetes_executor.py
[2025-03-26T17:32:07.182+0000] {processor.py:208} INFO - Processing /home/ubuntu/customer_churn_youtube_venv/lib/python3.12/site-packages/airflow/example_dags/example_kubernetes_executor.py took 0.023 seconds
[2025-03-26T17:33:00.934+0000] {processor.py:186} INFO - Started process (PID=7574) to work on /home/ubuntu/customer_churn_youtube_venv/lib/python3.12/site-packages/airflow/example_dags/example_kubernetes_executor.py
[2025-03-26T17:33:00.936+0000] {processor.py:914} INFO - Processing file /home/ubuntu/customer_churn_youtube_venv/lib/python3.12/site-packages/airflow/example_dags/example_kubernetes_executor.py for tasks to queue
[2025-03-26T17:33:00.937+0000] {logging_mixin.py:190} INFO - [2025-03-26T17:33:00.937+0000] {dagbag.py:588} INFO - Filling up the DagBag from /home/ubuntu/customer_churn_youtube_venv/lib/python3.12/site-packages/airflow/example_dags/example_kubernetes_executor.py
[2025-03-26T17:33:00.941+0000] {logging_mixin.py:190} INFO - [2025-03-26T17:33:00.941+0000] {example_kubernetes_executor.py:39} WARNING - The example_kubernetes_executor example DAG requires the kubernetes provider. Please install it with: pip install apache-airflow[cncf.kubernetes]
[2025-03-26T17:33:00.941+0000] {processor.py:927} WARNING - No viable dags retrieved from /home/ubuntu/customer_churn_youtube_venv/lib/python3.12/site-packages/airflow/example_dags/example_kubernetes_executor.py
[2025-03-26T17:33:00.952+0000] {processor.py:208} INFO - Processing /home/ubuntu/customer_churn_youtube_venv/lib/python3.12/site-packages/airflow/example_dags/example_kubernetes_executor.py took 0.024 seconds
[2025-03-26T17:34:16.040+0000] {processor.py:186} INFO - Started process (PID=7652) to work on /home/ubuntu/customer_churn_youtube_venv/lib/python3.12/site-packages/airflow/example_dags/example_kubernetes_executor.py
[2025-03-26T17:34:16.043+0000] {processor.py:914} INFO - Processing file /home/ubuntu/customer_churn_youtube_venv/lib/python3.12/site-packages/airflow/example_dags/example_kubernetes_executor.py for tasks to queue
[2025-03-26T17:34:16.045+0000] {logging_mixin.py:190} INFO - [2025-03-26T17:34:16.044+0000] {dagbag.py:588} INFO - Filling up the DagBag from /home/ubuntu/customer_churn_youtube_venv/lib/python3.12/site-packages/airflow/example_dags/example_kubernetes_executor.py
[2025-03-26T17:34:16.048+0000] {logging_mixin.py:190} INFO - [2025-03-26T17:34:16.048+0000] {example_kubernetes_executor.py:39} WARNING - The example_kubernetes_executor example DAG requires the kubernetes provider. Please install it with: pip install apache-airflow[cncf.kubernetes]
[2025-03-26T17:34:16.048+0000] {processor.py:927} WARNING - No viable dags retrieved from /home/ubuntu/customer_churn_youtube_venv/lib/python3.12/site-packages/airflow/example_dags/example_kubernetes_executor.py
[2025-03-26T17:34:16.059+0000] {processor.py:208} INFO - Processing /home/ubuntu/customer_churn_youtube_venv/lib/python3.12/site-packages/airflow/example_dags/example_kubernetes_executor.py took 0.025 seconds
[2025-03-26T17:35:08.705+0000] {processor.py:186} INFO - Started process (PID=7713) to work on /home/ubuntu/customer_churn_youtube_venv/lib/python3.12/site-packages/airflow/example_dags/example_kubernetes_executor.py
[2025-03-26T17:35:08.707+0000] {processor.py:914} INFO - Processing file /home/ubuntu/customer_churn_youtube_venv/lib/python3.12/site-packages/airflow/example_dags/example_kubernetes_executor.py for tasks to queue
[2025-03-26T17:35:08.709+0000] {logging_mixin.py:190} INFO - [2025-03-26T17:35:08.708+0000] {dagbag.py:588} INFO - Filling up the DagBag from /home/ubuntu/customer_churn_youtube_venv/lib/python3.12/site-packages/airflow/example_dags/example_kubernetes_executor.py
[2025-03-26T17:35:08.713+0000] {logging_mixin.py:190} INFO - [2025-03-26T17:35:08.712+0000] {example_kubernetes_executor.py:39} WARNING - The example_kubernetes_executor example DAG requires the kubernetes provider. Please install it with: pip install apache-airflow[cncf.kubernetes]
[2025-03-26T17:35:08.713+0000] {processor.py:927} WARNING - No viable dags retrieved from /home/ubuntu/customer_churn_youtube_venv/lib/python3.12/site-packages/airflow/example_dags/example_kubernetes_executor.py
[2025-03-26T17:35:08.724+0000] {processor.py:208} INFO - Processing /home/ubuntu/customer_churn_youtube_venv/lib/python3.12/site-packages/airflow/example_dags/example_kubernetes_executor.py took 0.024 seconds
[2025-03-26T17:36:01.897+0000] {processor.py:186} INFO - Started process (PID=7767) to work on /home/ubuntu/customer_churn_youtube_venv/lib/python3.12/site-packages/airflow/example_dags/example_kubernetes_executor.py
[2025-03-26T17:36:01.899+0000] {processor.py:914} INFO - Processing file /home/ubuntu/customer_churn_youtube_venv/lib/python3.12/site-packages/airflow/example_dags/example_kubernetes_executor.py for tasks to queue
[2025-03-26T17:36:01.901+0000] {logging_mixin.py:190} INFO - [2025-03-26T17:36:01.900+0000] {dagbag.py:588} INFO - Filling up the DagBag from /home/ubuntu/customer_churn_youtube_venv/lib/python3.12/site-packages/airflow/example_dags/example_kubernetes_executor.py
[2025-03-26T17:36:01.905+0000] {logging_mixin.py:190} INFO - [2025-03-26T17:36:01.904+0000] {example_kubernetes_executor.py:39} WARNING - The example_kubernetes_executor example DAG requires the kubernetes provider. Please install it with: pip install apache-airflow[cncf.kubernetes]
[2025-03-26T17:36:01.905+0000] {processor.py:927} WARNING - No viable dags retrieved from /home/ubuntu/customer_churn_youtube_venv/lib/python3.12/site-packages/airflow/example_dags/example_kubernetes_executor.py
[2025-03-26T17:36:01.918+0000] {processor.py:208} INFO - Processing /home/ubuntu/customer_churn_youtube_venv/lib/python3.12/site-packages/airflow/example_dags/example_kubernetes_executor.py took 0.029 seconds
[2025-03-26T17:36:55.308+0000] {processor.py:186} INFO - Started process (PID=7823) to work on /home/ubuntu/customer_churn_youtube_venv/lib/python3.12/site-packages/airflow/example_dags/example_kubernetes_executor.py
[2025-03-26T17:36:55.309+0000] {processor.py:914} INFO - Processing file /home/ubuntu/customer_churn_youtube_venv/lib/python3.12/site-packages/airflow/example_dags/example_kubernetes_executor.py for tasks to queue
[2025-03-26T17:36:55.311+0000] {logging_mixin.py:190} INFO - [2025-03-26T17:36:55.311+0000] {dagbag.py:588} INFO - Filling up the DagBag from /home/ubuntu/customer_churn_youtube_venv/lib/python3.12/site-packages/airflow/example_dags/example_kubernetes_executor.py
[2025-03-26T17:36:55.315+0000] {logging_mixin.py:190} INFO - [2025-03-26T17:36:55.315+0000] {example_kubernetes_executor.py:39} WARNING - The example_kubernetes_executor example DAG requires the kubernetes provider. Please install it with: pip install apache-airflow[cncf.kubernetes]
[2025-03-26T17:36:55.315+0000] {processor.py:927} WARNING - No viable dags retrieved from /home/ubuntu/customer_churn_youtube_venv/lib/python3.12/site-packages/airflow/example_dags/example_kubernetes_executor.py
[2025-03-26T17:36:55.326+0000] {processor.py:208} INFO - Processing /home/ubuntu/customer_churn_youtube_venv/lib/python3.12/site-packages/airflow/example_dags/example_kubernetes_executor.py took 0.023 seconds
