[2025-03-26T17:13:23.687+0000] {processor.py:186} INFO - Started process (PID=6271) to work on /home/ubuntu/customer_churn_youtube_venv/lib/python3.12/site-packages/airflow/example_dags/example_workday_timetable.py
[2025-03-26T17:13:23.689+0000] {processor.py:914} INFO - Processing file /home/ubuntu/customer_churn_youtube_venv/lib/python3.12/site-packages/airflow/example_dags/example_workday_timetable.py for tasks to queue
[2025-03-26T17:13:23.690+0000] {logging_mixin.py:190} INFO - [2025-03-26T17:13:23.690+0000] {dagbag.py:588} INFO - Filling up the DagBag from /home/ubuntu/customer_churn_youtube_venv/lib/python3.12/site-packages/airflow/example_dags/example_workday_timetable.py
[2025-03-26T17:13:23.696+0000] {processor.py:925} INFO - DAG(s) 'example_workday_timetable' retrieved from /home/ubuntu/customer_churn_youtube_venv/lib/python3.12/site-packages/airflow/example_dags/example_workday_timetable.py
[2025-03-26T17:13:23.800+0000] {logging_mixin.py:190} INFO - [2025-03-26T17:13:23.799+0000] {override.py:1930} INFO - Created Permission View: can edit on DAG:example_workday_timetable
[2025-03-26T17:13:23.813+0000] {logging_mixin.py:190} INFO - [2025-03-26T17:13:23.813+0000] {override.py:1930} INFO - Created Permission View: can read on DAG:example_workday_timetable
[2025-03-26T17:13:23.823+0000] {logging_mixin.py:190} INFO - [2025-03-26T17:13:23.823+0000] {override.py:1930} INFO - Created Permission View: can delete on DAG:example_workday_timetable
[2025-03-26T17:13:23.842+0000] {logging_mixin.py:190} INFO - [2025-03-26T17:13:23.842+0000] {override.py:1930} INFO - Created Permission View: menu access on DAG Run:example_workday_timetable
[2025-03-26T17:13:23.852+0000] {logging_mixin.py:190} INFO - [2025-03-26T17:13:23.852+0000] {override.py:1930} INFO - Created Permission View: can create on DAG Run:example_workday_timetable
[2025-03-26T17:13:23.863+0000] {logging_mixin.py:190} INFO - [2025-03-26T17:13:23.863+0000] {override.py:1930} INFO - Created Permission View: can delete on DAG Run:example_workday_timetable
[2025-03-26T17:13:23.873+0000] {logging_mixin.py:190} INFO - [2025-03-26T17:13:23.873+0000] {override.py:1930} INFO - Created Permission View: can read on DAG Run:example_workday_timetable
[2025-03-26T17:13:23.873+0000] {logging_mixin.py:190} INFO - [2025-03-26T17:13:23.873+0000] {dag.py:3239} INFO - Sync 1 DAGs
[2025-03-26T17:13:23.886+0000] {logging_mixin.py:190} INFO - [2025-03-26T17:13:23.885+0000] {dag.py:3262} INFO - Creating ORM DAG for example_workday_timetable
[2025-03-26T17:13:23.893+0000] {logging_mixin.py:190} INFO - [2025-03-26T17:13:23.893+0000] {dag.py:4180} INFO - Setting next_dagrun for example_workday_timetable to 2021-01-01 00:00:00+00:00, run_after=2021-01-02 00:00:00+00:00
[2025-03-26T17:13:23.911+0000] {processor.py:208} INFO - Processing /home/ubuntu/customer_churn_youtube_venv/lib/python3.12/site-packages/airflow/example_dags/example_workday_timetable.py took 0.229 seconds
[2025-03-26T17:14:32.659+0000] {processor.py:186} INFO - Started process (PID=6328) to work on /home/ubuntu/customer_churn_youtube_venv/lib/python3.12/site-packages/airflow/example_dags/example_workday_timetable.py
[2025-03-26T17:14:32.661+0000] {processor.py:914} INFO - Processing file /home/ubuntu/customer_churn_youtube_venv/lib/python3.12/site-packages/airflow/example_dags/example_workday_timetable.py for tasks to queue
[2025-03-26T17:14:32.662+0000] {logging_mixin.py:190} INFO - [2025-03-26T17:14:32.662+0000] {dagbag.py:588} INFO - Filling up the DagBag from /home/ubuntu/customer_churn_youtube_venv/lib/python3.12/site-packages/airflow/example_dags/example_workday_timetable.py
[2025-03-26T17:14:32.668+0000] {processor.py:925} INFO - DAG(s) 'example_workday_timetable' retrieved from /home/ubuntu/customer_churn_youtube_venv/lib/python3.12/site-packages/airflow/example_dags/example_workday_timetable.py
[2025-03-26T17:14:32.682+0000] {logging_mixin.py:190} INFO - [2025-03-26T17:14:32.682+0000] {dag.py:3239} INFO - Sync 1 DAGs
[2025-03-26T17:14:32.701+0000] {logging_mixin.py:190} INFO - [2025-03-26T17:14:32.701+0000] {dag.py:4180} INFO - Setting next_dagrun for example_workday_timetable to 2021-01-01 00:00:00+00:00, run_after=2021-01-02 00:00:00+00:00
[2025-03-26T17:14:32.723+0000] {processor.py:208} INFO - Processing /home/ubuntu/customer_churn_youtube_venv/lib/python3.12/site-packages/airflow/example_dags/example_workday_timetable.py took 0.070 seconds
[2025-03-26T17:15:27.213+0000] {processor.py:186} INFO - Started process (PID=6391) to work on /home/ubuntu/customer_churn_youtube_venv/lib/python3.12/site-packages/airflow/example_dags/example_workday_timetable.py
[2025-03-26T17:15:27.215+0000] {processor.py:914} INFO - Processing file /home/ubuntu/customer_churn_youtube_venv/lib/python3.12/site-packages/airflow/example_dags/example_workday_timetable.py for tasks to queue
[2025-03-26T17:15:27.216+0000] {logging_mixin.py:190} INFO - [2025-03-26T17:15:27.216+0000] {dagbag.py:588} INFO - Filling up the DagBag from /home/ubuntu/customer_churn_youtube_venv/lib/python3.12/site-packages/airflow/example_dags/example_workday_timetable.py
[2025-03-26T17:15:27.223+0000] {processor.py:925} INFO - DAG(s) 'example_workday_timetable' retrieved from /home/ubuntu/customer_churn_youtube_venv/lib/python3.12/site-packages/airflow/example_dags/example_workday_timetable.py
[2025-03-26T17:15:27.237+0000] {logging_mixin.py:190} INFO - [2025-03-26T17:15:27.237+0000] {dag.py:3239} INFO - Sync 1 DAGs
[2025-03-26T17:15:27.258+0000] {logging_mixin.py:190} INFO - [2025-03-26T17:15:27.258+0000] {dag.py:4180} INFO - Setting next_dagrun for example_workday_timetable to 2021-01-01 00:00:00+00:00, run_after=2021-01-02 00:00:00+00:00
[2025-03-26T17:15:27.278+0000] {processor.py:208} INFO - Processing /home/ubuntu/customer_churn_youtube_venv/lib/python3.12/site-packages/airflow/example_dags/example_workday_timetable.py took 0.071 seconds
[2025-03-26T17:16:19.743+0000] {processor.py:186} INFO - Started process (PID=6444) to work on /home/ubuntu/customer_churn_youtube_venv/lib/python3.12/site-packages/airflow/example_dags/example_workday_timetable.py
[2025-03-26T17:16:19.746+0000] {processor.py:914} INFO - Processing file /home/ubuntu/customer_churn_youtube_venv/lib/python3.12/site-packages/airflow/example_dags/example_workday_timetable.py for tasks to queue
[2025-03-26T17:16:19.747+0000] {logging_mixin.py:190} INFO - [2025-03-26T17:16:19.747+0000] {dagbag.py:588} INFO - Filling up the DagBag from /home/ubuntu/customer_churn_youtube_venv/lib/python3.12/site-packages/airflow/example_dags/example_workday_timetable.py
[2025-03-26T17:16:19.754+0000] {processor.py:925} INFO - DAG(s) 'example_workday_timetable' retrieved from /home/ubuntu/customer_churn_youtube_venv/lib/python3.12/site-packages/airflow/example_dags/example_workday_timetable.py
[2025-03-26T17:16:19.769+0000] {logging_mixin.py:190} INFO - [2025-03-26T17:16:19.768+0000] {dag.py:3239} INFO - Sync 1 DAGs
[2025-03-26T17:16:19.786+0000] {logging_mixin.py:190} INFO - [2025-03-26T17:16:19.786+0000] {dag.py:4180} INFO - Setting next_dagrun for example_workday_timetable to 2021-01-01 00:00:00+00:00, run_after=2021-01-02 00:00:00+00:00
[2025-03-26T17:16:19.806+0000] {processor.py:208} INFO - Processing /home/ubuntu/customer_churn_youtube_venv/lib/python3.12/site-packages/airflow/example_dags/example_workday_timetable.py took 0.069 seconds
[2025-03-26T17:17:13.889+0000] {processor.py:186} INFO - Started process (PID=6502) to work on /home/ubuntu/customer_churn_youtube_venv/lib/python3.12/site-packages/airflow/example_dags/example_workday_timetable.py
[2025-03-26T17:17:13.891+0000] {processor.py:914} INFO - Processing file /home/ubuntu/customer_churn_youtube_venv/lib/python3.12/site-packages/airflow/example_dags/example_workday_timetable.py for tasks to queue
[2025-03-26T17:17:13.893+0000] {logging_mixin.py:190} INFO - [2025-03-26T17:17:13.893+0000] {dagbag.py:588} INFO - Filling up the DagBag from /home/ubuntu/customer_churn_youtube_venv/lib/python3.12/site-packages/airflow/example_dags/example_workday_timetable.py
[2025-03-26T17:17:13.899+0000] {processor.py:925} INFO - DAG(s) 'example_workday_timetable' retrieved from /home/ubuntu/customer_churn_youtube_venv/lib/python3.12/site-packages/airflow/example_dags/example_workday_timetable.py
[2025-03-26T17:17:13.914+0000] {logging_mixin.py:190} INFO - [2025-03-26T17:17:13.914+0000] {dag.py:3239} INFO - Sync 1 DAGs
[2025-03-26T17:17:13.932+0000] {logging_mixin.py:190} INFO - [2025-03-26T17:17:13.932+0000] {dag.py:4180} INFO - Setting next_dagrun for example_workday_timetable to 2021-01-01 00:00:00+00:00, run_after=2021-01-02 00:00:00+00:00
[2025-03-26T17:17:13.954+0000] {processor.py:208} INFO - Processing /home/ubuntu/customer_churn_youtube_venv/lib/python3.12/site-packages/airflow/example_dags/example_workday_timetable.py took 0.070 seconds
[2025-03-26T17:18:05.578+0000] {processor.py:186} INFO - Started process (PID=6556) to work on /home/ubuntu/customer_churn_youtube_venv/lib/python3.12/site-packages/airflow/example_dags/example_workday_timetable.py
[2025-03-26T17:18:05.580+0000] {processor.py:914} INFO - Processing file /home/ubuntu/customer_churn_youtube_venv/lib/python3.12/site-packages/airflow/example_dags/example_workday_timetable.py for tasks to queue
[2025-03-26T17:18:05.581+0000] {logging_mixin.py:190} INFO - [2025-03-26T17:18:05.581+0000] {dagbag.py:588} INFO - Filling up the DagBag from /home/ubuntu/customer_churn_youtube_venv/lib/python3.12/site-packages/airflow/example_dags/example_workday_timetable.py
[2025-03-26T17:18:05.587+0000] {processor.py:925} INFO - DAG(s) 'example_workday_timetable' retrieved from /home/ubuntu/customer_churn_youtube_venv/lib/python3.12/site-packages/airflow/example_dags/example_workday_timetable.py
[2025-03-26T17:18:05.602+0000] {logging_mixin.py:190} INFO - [2025-03-26T17:18:05.602+0000] {dag.py:3239} INFO - Sync 1 DAGs
[2025-03-26T17:18:05.622+0000] {logging_mixin.py:190} INFO - [2025-03-26T17:18:05.621+0000] {dag.py:4180} INFO - Setting next_dagrun for example_workday_timetable to 2021-01-01 00:00:00+00:00, run_after=2021-01-02 00:00:00+00:00
[2025-03-26T17:18:05.644+0000] {processor.py:208} INFO - Processing /home/ubuntu/customer_churn_youtube_venv/lib/python3.12/site-packages/airflow/example_dags/example_workday_timetable.py took 0.072 seconds
[2025-03-26T17:19:00.034+0000] {processor.py:186} INFO - Started process (PID=6612) to work on /home/ubuntu/customer_churn_youtube_venv/lib/python3.12/site-packages/airflow/example_dags/example_workday_timetable.py
[2025-03-26T17:19:00.037+0000] {processor.py:914} INFO - Processing file /home/ubuntu/customer_churn_youtube_venv/lib/python3.12/site-packages/airflow/example_dags/example_workday_timetable.py for tasks to queue
[2025-03-26T17:19:00.039+0000] {logging_mixin.py:190} INFO - [2025-03-26T17:19:00.039+0000] {dagbag.py:588} INFO - Filling up the DagBag from /home/ubuntu/customer_churn_youtube_venv/lib/python3.12/site-packages/airflow/example_dags/example_workday_timetable.py
[2025-03-26T17:19:00.047+0000] {processor.py:925} INFO - DAG(s) 'example_workday_timetable' retrieved from /home/ubuntu/customer_churn_youtube_venv/lib/python3.12/site-packages/airflow/example_dags/example_workday_timetable.py
[2025-03-26T17:19:00.062+0000] {logging_mixin.py:190} INFO - [2025-03-26T17:19:00.062+0000] {dag.py:3239} INFO - Sync 1 DAGs
[2025-03-26T17:19:00.081+0000] {logging_mixin.py:190} INFO - [2025-03-26T17:19:00.081+0000] {dag.py:4180} INFO - Setting next_dagrun for example_workday_timetable to 2021-01-01 00:00:00+00:00, run_after=2021-01-02 00:00:00+00:00
[2025-03-26T17:19:00.105+0000] {processor.py:208} INFO - Processing /home/ubuntu/customer_churn_youtube_venv/lib/python3.12/site-packages/airflow/example_dags/example_workday_timetable.py took 0.076 seconds
[2025-03-26T17:19:59.964+0000] {processor.py:186} INFO - Started process (PID=6668) to work on /home/ubuntu/customer_churn_youtube_venv/lib/python3.12/site-packages/airflow/example_dags/example_workday_timetable.py
[2025-03-26T17:19:59.966+0000] {processor.py:914} INFO - Processing file /home/ubuntu/customer_churn_youtube_venv/lib/python3.12/site-packages/airflow/example_dags/example_workday_timetable.py for tasks to queue
[2025-03-26T17:19:59.968+0000] {logging_mixin.py:190} INFO - [2025-03-26T17:19:59.968+0000] {dagbag.py:588} INFO - Filling up the DagBag from /home/ubuntu/customer_churn_youtube_venv/lib/python3.12/site-packages/airflow/example_dags/example_workday_timetable.py
[2025-03-26T17:19:59.974+0000] {processor.py:925} INFO - DAG(s) 'example_workday_timetable' retrieved from /home/ubuntu/customer_churn_youtube_venv/lib/python3.12/site-packages/airflow/example_dags/example_workday_timetable.py
[2025-03-26T17:19:59.990+0000] {logging_mixin.py:190} INFO - [2025-03-26T17:19:59.990+0000] {dag.py:3239} INFO - Sync 1 DAGs
[2025-03-26T17:20:00.011+0000] {logging_mixin.py:190} INFO - [2025-03-26T17:20:00.011+0000] {dag.py:4180} INFO - Setting next_dagrun for example_workday_timetable to 2021-01-01 00:00:00+00:00, run_after=2021-01-02 00:00:00+00:00
[2025-03-26T17:20:00.037+0000] {processor.py:208} INFO - Processing /home/ubuntu/customer_churn_youtube_venv/lib/python3.12/site-packages/airflow/example_dags/example_workday_timetable.py took 0.078 seconds
[2025-03-26T17:20:56.815+0000] {processor.py:186} INFO - Started process (PID=6731) to work on /home/ubuntu/customer_churn_youtube_venv/lib/python3.12/site-packages/airflow/example_dags/example_workday_timetable.py
[2025-03-26T17:20:56.817+0000] {processor.py:914} INFO - Processing file /home/ubuntu/customer_churn_youtube_venv/lib/python3.12/site-packages/airflow/example_dags/example_workday_timetable.py for tasks to queue
[2025-03-26T17:20:56.819+0000] {logging_mixin.py:190} INFO - [2025-03-26T17:20:56.819+0000] {dagbag.py:588} INFO - Filling up the DagBag from /home/ubuntu/customer_churn_youtube_venv/lib/python3.12/site-packages/airflow/example_dags/example_workday_timetable.py
[2025-03-26T17:20:56.825+0000] {processor.py:925} INFO - DAG(s) 'example_workday_timetable' retrieved from /home/ubuntu/customer_churn_youtube_venv/lib/python3.12/site-packages/airflow/example_dags/example_workday_timetable.py
[2025-03-26T17:20:56.841+0000] {logging_mixin.py:190} INFO - [2025-03-26T17:20:56.840+0000] {dag.py:3239} INFO - Sync 1 DAGs
[2025-03-26T17:20:56.859+0000] {logging_mixin.py:190} INFO - [2025-03-26T17:20:56.859+0000] {dag.py:4180} INFO - Setting next_dagrun for example_workday_timetable to 2021-01-01 00:00:00+00:00, run_after=2021-01-02 00:00:00+00:00
[2025-03-26T17:20:56.881+0000] {processor.py:208} INFO - Processing /home/ubuntu/customer_churn_youtube_venv/lib/python3.12/site-packages/airflow/example_dags/example_workday_timetable.py took 0.072 seconds
[2025-03-26T17:21:51.007+0000] {processor.py:186} INFO - Started process (PID=6785) to work on /home/ubuntu/customer_churn_youtube_venv/lib/python3.12/site-packages/airflow/example_dags/example_workday_timetable.py
[2025-03-26T17:21:51.009+0000] {processor.py:914} INFO - Processing file /home/ubuntu/customer_churn_youtube_venv/lib/python3.12/site-packages/airflow/example_dags/example_workday_timetable.py for tasks to queue
[2025-03-26T17:21:51.011+0000] {logging_mixin.py:190} INFO - [2025-03-26T17:21:51.010+0000] {dagbag.py:588} INFO - Filling up the DagBag from /home/ubuntu/customer_churn_youtube_venv/lib/python3.12/site-packages/airflow/example_dags/example_workday_timetable.py
[2025-03-26T17:21:51.017+0000] {processor.py:925} INFO - DAG(s) 'example_workday_timetable' retrieved from /home/ubuntu/customer_churn_youtube_venv/lib/python3.12/site-packages/airflow/example_dags/example_workday_timetable.py
[2025-03-26T17:21:51.032+0000] {logging_mixin.py:190} INFO - [2025-03-26T17:21:51.032+0000] {dag.py:3239} INFO - Sync 1 DAGs
[2025-03-26T17:21:51.050+0000] {logging_mixin.py:190} INFO - [2025-03-26T17:21:51.050+0000] {dag.py:4180} INFO - Setting next_dagrun for example_workday_timetable to 2021-01-01 00:00:00+00:00, run_after=2021-01-02 00:00:00+00:00
[2025-03-26T17:21:51.074+0000] {processor.py:208} INFO - Processing /home/ubuntu/customer_churn_youtube_venv/lib/python3.12/site-packages/airflow/example_dags/example_workday_timetable.py took 0.073 seconds
[2025-03-26T17:22:42.240+0000] {processor.py:186} INFO - Started process (PID=6839) to work on /home/ubuntu/customer_churn_youtube_venv/lib/python3.12/site-packages/airflow/example_dags/example_workday_timetable.py
[2025-03-26T17:22:42.241+0000] {processor.py:914} INFO - Processing file /home/ubuntu/customer_churn_youtube_venv/lib/python3.12/site-packages/airflow/example_dags/example_workday_timetable.py for tasks to queue
[2025-03-26T17:22:42.244+0000] {logging_mixin.py:190} INFO - [2025-03-26T17:22:42.244+0000] {dagbag.py:588} INFO - Filling up the DagBag from /home/ubuntu/customer_churn_youtube_venv/lib/python3.12/site-packages/airflow/example_dags/example_workday_timetable.py
[2025-03-26T17:22:42.250+0000] {processor.py:925} INFO - DAG(s) 'example_workday_timetable' retrieved from /home/ubuntu/customer_churn_youtube_venv/lib/python3.12/site-packages/airflow/example_dags/example_workday_timetable.py
[2025-03-26T17:22:42.264+0000] {logging_mixin.py:190} INFO - [2025-03-26T17:22:42.264+0000] {dag.py:3239} INFO - Sync 1 DAGs
[2025-03-26T17:22:42.285+0000] {logging_mixin.py:190} INFO - [2025-03-26T17:22:42.285+0000] {dag.py:4180} INFO - Setting next_dagrun for example_workday_timetable to 2021-01-01 00:00:00+00:00, run_after=2021-01-02 00:00:00+00:00
[2025-03-26T17:22:42.307+0000] {processor.py:208} INFO - Processing /home/ubuntu/customer_churn_youtube_venv/lib/python3.12/site-packages/airflow/example_dags/example_workday_timetable.py took 0.073 seconds
[2025-03-26T17:23:34.078+0000] {processor.py:186} INFO - Started process (PID=6892) to work on /home/ubuntu/customer_churn_youtube_venv/lib/python3.12/site-packages/airflow/example_dags/example_workday_timetable.py
[2025-03-26T17:23:34.080+0000] {processor.py:914} INFO - Processing file /home/ubuntu/customer_churn_youtube_venv/lib/python3.12/site-packages/airflow/example_dags/example_workday_timetable.py for tasks to queue
[2025-03-26T17:23:34.083+0000] {logging_mixin.py:190} INFO - [2025-03-26T17:23:34.082+0000] {dagbag.py:588} INFO - Filling up the DagBag from /home/ubuntu/customer_churn_youtube_venv/lib/python3.12/site-packages/airflow/example_dags/example_workday_timetable.py
[2025-03-26T17:23:34.089+0000] {processor.py:925} INFO - DAG(s) 'example_workday_timetable' retrieved from /home/ubuntu/customer_churn_youtube_venv/lib/python3.12/site-packages/airflow/example_dags/example_workday_timetable.py
[2025-03-26T17:23:34.103+0000] {logging_mixin.py:190} INFO - [2025-03-26T17:23:34.103+0000] {dag.py:3239} INFO - Sync 1 DAGs
[2025-03-26T17:23:34.123+0000] {logging_mixin.py:190} INFO - [2025-03-26T17:23:34.123+0000] {dag.py:4180} INFO - Setting next_dagrun for example_workday_timetable to 2021-01-01 00:00:00+00:00, run_after=2021-01-02 00:00:00+00:00
[2025-03-26T17:23:34.147+0000] {processor.py:208} INFO - Processing /home/ubuntu/customer_churn_youtube_venv/lib/python3.12/site-packages/airflow/example_dags/example_workday_timetable.py took 0.074 seconds
[2025-03-26T17:24:24.807+0000] {processor.py:186} INFO - Started process (PID=6945) to work on /home/ubuntu/customer_churn_youtube_venv/lib/python3.12/site-packages/airflow/example_dags/example_workday_timetable.py
[2025-03-26T17:24:24.809+0000] {processor.py:914} INFO - Processing file /home/ubuntu/customer_churn_youtube_venv/lib/python3.12/site-packages/airflow/example_dags/example_workday_timetable.py for tasks to queue
[2025-03-26T17:24:24.812+0000] {logging_mixin.py:190} INFO - [2025-03-26T17:24:24.812+0000] {dagbag.py:588} INFO - Filling up the DagBag from /home/ubuntu/customer_churn_youtube_venv/lib/python3.12/site-packages/airflow/example_dags/example_workday_timetable.py
[2025-03-26T17:24:24.818+0000] {processor.py:925} INFO - DAG(s) 'example_workday_timetable' retrieved from /home/ubuntu/customer_churn_youtube_venv/lib/python3.12/site-packages/airflow/example_dags/example_workday_timetable.py
[2025-03-26T17:24:24.833+0000] {logging_mixin.py:190} INFO - [2025-03-26T17:24:24.833+0000] {dag.py:3239} INFO - Sync 1 DAGs
[2025-03-26T17:24:24.853+0000] {logging_mixin.py:190} INFO - [2025-03-26T17:24:24.853+0000] {dag.py:4180} INFO - Setting next_dagrun for example_workday_timetable to 2021-01-01 00:00:00+00:00, run_after=2021-01-02 00:00:00+00:00
[2025-03-26T17:24:24.874+0000] {processor.py:208} INFO - Processing /home/ubuntu/customer_churn_youtube_venv/lib/python3.12/site-packages/airflow/example_dags/example_workday_timetable.py took 0.072 seconds
[2025-03-26T17:25:14.465+0000] {processor.py:186} INFO - Started process (PID=7001) to work on /home/ubuntu/customer_churn_youtube_venv/lib/python3.12/site-packages/airflow/example_dags/example_workday_timetable.py
[2025-03-26T17:25:14.468+0000] {processor.py:914} INFO - Processing file /home/ubuntu/customer_churn_youtube_venv/lib/python3.12/site-packages/airflow/example_dags/example_workday_timetable.py for tasks to queue
[2025-03-26T17:25:14.471+0000] {logging_mixin.py:190} INFO - [2025-03-26T17:25:14.471+0000] {dagbag.py:588} INFO - Filling up the DagBag from /home/ubuntu/customer_churn_youtube_venv/lib/python3.12/site-packages/airflow/example_dags/example_workday_timetable.py
[2025-03-26T17:25:14.478+0000] {processor.py:925} INFO - DAG(s) 'example_workday_timetable' retrieved from /home/ubuntu/customer_churn_youtube_venv/lib/python3.12/site-packages/airflow/example_dags/example_workday_timetable.py
[2025-03-26T17:25:14.493+0000] {logging_mixin.py:190} INFO - [2025-03-26T17:25:14.492+0000] {dag.py:3239} INFO - Sync 1 DAGs
[2025-03-26T17:25:14.513+0000] {logging_mixin.py:190} INFO - [2025-03-26T17:25:14.513+0000] {dag.py:4180} INFO - Setting next_dagrun for example_workday_timetable to 2021-01-01 00:00:00+00:00, run_after=2021-01-02 00:00:00+00:00
[2025-03-26T17:25:14.535+0000] {processor.py:208} INFO - Processing /home/ubuntu/customer_churn_youtube_venv/lib/python3.12/site-packages/airflow/example_dags/example_workday_timetable.py took 0.075 seconds
[2025-03-26T17:26:03.835+0000] {processor.py:186} INFO - Started process (PID=7052) to work on /home/ubuntu/customer_churn_youtube_venv/lib/python3.12/site-packages/airflow/example_dags/example_workday_timetable.py
[2025-03-26T17:26:03.837+0000] {processor.py:914} INFO - Processing file /home/ubuntu/customer_churn_youtube_venv/lib/python3.12/site-packages/airflow/example_dags/example_workday_timetable.py for tasks to queue
[2025-03-26T17:26:03.839+0000] {logging_mixin.py:190} INFO - [2025-03-26T17:26:03.839+0000] {dagbag.py:588} INFO - Filling up the DagBag from /home/ubuntu/customer_churn_youtube_venv/lib/python3.12/site-packages/airflow/example_dags/example_workday_timetable.py
[2025-03-26T17:26:03.846+0000] {processor.py:925} INFO - DAG(s) 'example_workday_timetable' retrieved from /home/ubuntu/customer_churn_youtube_venv/lib/python3.12/site-packages/airflow/example_dags/example_workday_timetable.py
[2025-03-26T17:26:03.860+0000] {logging_mixin.py:190} INFO - [2025-03-26T17:26:03.860+0000] {dag.py:3239} INFO - Sync 1 DAGs
[2025-03-26T17:26:03.881+0000] {logging_mixin.py:190} INFO - [2025-03-26T17:26:03.881+0000] {dag.py:4180} INFO - Setting next_dagrun for example_workday_timetable to 2021-01-01 00:00:00+00:00, run_after=2021-01-02 00:00:00+00:00
[2025-03-26T17:26:03.906+0000] {processor.py:208} INFO - Processing /home/ubuntu/customer_churn_youtube_venv/lib/python3.12/site-packages/airflow/example_dags/example_workday_timetable.py took 0.076 seconds
[2025-03-26T17:26:55.420+0000] {processor.py:186} INFO - Started process (PID=7104) to work on /home/ubuntu/customer_churn_youtube_venv/lib/python3.12/site-packages/airflow/example_dags/example_workday_timetable.py
[2025-03-26T17:26:55.421+0000] {processor.py:914} INFO - Processing file /home/ubuntu/customer_churn_youtube_venv/lib/python3.12/site-packages/airflow/example_dags/example_workday_timetable.py for tasks to queue
[2025-03-26T17:26:55.424+0000] {logging_mixin.py:190} INFO - [2025-03-26T17:26:55.424+0000] {dagbag.py:588} INFO - Filling up the DagBag from /home/ubuntu/customer_churn_youtube_venv/lib/python3.12/site-packages/airflow/example_dags/example_workday_timetable.py
[2025-03-26T17:26:55.431+0000] {processor.py:925} INFO - DAG(s) 'example_workday_timetable' retrieved from /home/ubuntu/customer_churn_youtube_venv/lib/python3.12/site-packages/airflow/example_dags/example_workday_timetable.py
[2025-03-26T17:26:55.445+0000] {logging_mixin.py:190} INFO - [2025-03-26T17:26:55.445+0000] {dag.py:3239} INFO - Sync 1 DAGs
[2025-03-26T17:26:55.463+0000] {logging_mixin.py:190} INFO - [2025-03-26T17:26:55.463+0000] {dag.py:4180} INFO - Setting next_dagrun for example_workday_timetable to 2021-01-01 00:00:00+00:00, run_after=2021-01-02 00:00:00+00:00
[2025-03-26T17:26:55.487+0000] {processor.py:208} INFO - Processing /home/ubuntu/customer_churn_youtube_venv/lib/python3.12/site-packages/airflow/example_dags/example_workday_timetable.py took 0.073 seconds
[2025-03-26T17:27:47.898+0000] {processor.py:186} INFO - Started process (PID=7204) to work on /home/ubuntu/customer_churn_youtube_venv/lib/python3.12/site-packages/airflow/example_dags/example_workday_timetable.py
[2025-03-26T17:27:47.899+0000] {processor.py:914} INFO - Processing file /home/ubuntu/customer_churn_youtube_venv/lib/python3.12/site-packages/airflow/example_dags/example_workday_timetable.py for tasks to queue
[2025-03-26T17:27:47.902+0000] {logging_mixin.py:190} INFO - [2025-03-26T17:27:47.902+0000] {dagbag.py:588} INFO - Filling up the DagBag from /home/ubuntu/customer_churn_youtube_venv/lib/python3.12/site-packages/airflow/example_dags/example_workday_timetable.py
[2025-03-26T17:27:47.908+0000] {processor.py:925} INFO - DAG(s) 'example_workday_timetable' retrieved from /home/ubuntu/customer_churn_youtube_venv/lib/python3.12/site-packages/airflow/example_dags/example_workday_timetable.py
[2025-03-26T17:27:47.923+0000] {logging_mixin.py:190} INFO - [2025-03-26T17:27:47.922+0000] {dag.py:3239} INFO - Sync 1 DAGs
[2025-03-26T17:27:47.942+0000] {logging_mixin.py:190} INFO - [2025-03-26T17:27:47.942+0000] {dag.py:4180} INFO - Setting next_dagrun for example_workday_timetable to 2021-01-01 00:00:00+00:00, run_after=2021-01-02 00:00:00+00:00
[2025-03-26T17:27:47.963+0000] {processor.py:208} INFO - Processing /home/ubuntu/customer_churn_youtube_venv/lib/python3.12/site-packages/airflow/example_dags/example_workday_timetable.py took 0.071 seconds
[2025-03-26T17:28:38.595+0000] {processor.py:186} INFO - Started process (PID=7258) to work on /home/ubuntu/customer_churn_youtube_venv/lib/python3.12/site-packages/airflow/example_dags/example_workday_timetable.py
[2025-03-26T17:28:38.597+0000] {processor.py:914} INFO - Processing file /home/ubuntu/customer_churn_youtube_venv/lib/python3.12/site-packages/airflow/example_dags/example_workday_timetable.py for tasks to queue
[2025-03-26T17:28:38.600+0000] {logging_mixin.py:190} INFO - [2025-03-26T17:28:38.599+0000] {dagbag.py:588} INFO - Filling up the DagBag from /home/ubuntu/customer_churn_youtube_venv/lib/python3.12/site-packages/airflow/example_dags/example_workday_timetable.py
[2025-03-26T17:28:38.607+0000] {processor.py:925} INFO - DAG(s) 'example_workday_timetable' retrieved from /home/ubuntu/customer_churn_youtube_venv/lib/python3.12/site-packages/airflow/example_dags/example_workday_timetable.py
[2025-03-26T17:28:38.620+0000] {logging_mixin.py:190} INFO - [2025-03-26T17:28:38.620+0000] {dag.py:3239} INFO - Sync 1 DAGs
[2025-03-26T17:28:38.640+0000] {logging_mixin.py:190} INFO - [2025-03-26T17:28:38.639+0000] {dag.py:4180} INFO - Setting next_dagrun for example_workday_timetable to 2021-01-01 00:00:00+00:00, run_after=2021-01-02 00:00:00+00:00
[2025-03-26T17:28:38.662+0000] {processor.py:208} INFO - Processing /home/ubuntu/customer_churn_youtube_venv/lib/python3.12/site-packages/airflow/example_dags/example_workday_timetable.py took 0.072 seconds
[2025-03-26T17:29:28.355+0000] {processor.py:186} INFO - Started process (PID=7310) to work on /home/ubuntu/customer_churn_youtube_venv/lib/python3.12/site-packages/airflow/example_dags/example_workday_timetable.py
[2025-03-26T17:29:28.357+0000] {processor.py:914} INFO - Processing file /home/ubuntu/customer_churn_youtube_venv/lib/python3.12/site-packages/airflow/example_dags/example_workday_timetable.py for tasks to queue
[2025-03-26T17:29:28.360+0000] {logging_mixin.py:190} INFO - [2025-03-26T17:29:28.359+0000] {dagbag.py:588} INFO - Filling up the DagBag from /home/ubuntu/customer_churn_youtube_venv/lib/python3.12/site-packages/airflow/example_dags/example_workday_timetable.py
[2025-03-26T17:29:28.366+0000] {processor.py:925} INFO - DAG(s) 'example_workday_timetable' retrieved from /home/ubuntu/customer_churn_youtube_venv/lib/python3.12/site-packages/airflow/example_dags/example_workday_timetable.py
[2025-03-26T17:29:28.381+0000] {logging_mixin.py:190} INFO - [2025-03-26T17:29:28.381+0000] {dag.py:3239} INFO - Sync 1 DAGs
[2025-03-26T17:29:28.400+0000] {logging_mixin.py:190} INFO - [2025-03-26T17:29:28.399+0000] {dag.py:4180} INFO - Setting next_dagrun for example_workday_timetable to 2021-01-01 00:00:00+00:00, run_after=2021-01-02 00:00:00+00:00
[2025-03-26T17:29:28.421+0000] {processor.py:208} INFO - Processing /home/ubuntu/customer_churn_youtube_venv/lib/python3.12/site-packages/airflow/example_dags/example_workday_timetable.py took 0.071 seconds
[2025-03-26T17:30:17.404+0000] {processor.py:186} INFO - Started process (PID=7366) to work on /home/ubuntu/customer_churn_youtube_venv/lib/python3.12/site-packages/airflow/example_dags/example_workday_timetable.py
[2025-03-26T17:30:17.405+0000] {processor.py:914} INFO - Processing file /home/ubuntu/customer_churn_youtube_venv/lib/python3.12/site-packages/airflow/example_dags/example_workday_timetable.py for tasks to queue
[2025-03-26T17:30:17.409+0000] {logging_mixin.py:190} INFO - [2025-03-26T17:30:17.407+0000] {dagbag.py:588} INFO - Filling up the DagBag from /home/ubuntu/customer_churn_youtube_venv/lib/python3.12/site-packages/airflow/example_dags/example_workday_timetable.py
[2025-03-26T17:30:17.414+0000] {processor.py:925} INFO - DAG(s) 'example_workday_timetable' retrieved from /home/ubuntu/customer_churn_youtube_venv/lib/python3.12/site-packages/airflow/example_dags/example_workday_timetable.py
[2025-03-26T17:30:17.429+0000] {logging_mixin.py:190} INFO - [2025-03-26T17:30:17.429+0000] {dag.py:3239} INFO - Sync 1 DAGs
[2025-03-26T17:30:17.448+0000] {logging_mixin.py:190} INFO - [2025-03-26T17:30:17.448+0000] {dag.py:4180} INFO - Setting next_dagrun for example_workday_timetable to 2021-01-01 00:00:00+00:00, run_after=2021-01-02 00:00:00+00:00
[2025-03-26T17:30:17.470+0000] {processor.py:208} INFO - Processing /home/ubuntu/customer_churn_youtube_venv/lib/python3.12/site-packages/airflow/example_dags/example_workday_timetable.py took 0.073 seconds
[2025-03-26T17:31:07.021+0000] {processor.py:186} INFO - Started process (PID=7417) to work on /home/ubuntu/customer_churn_youtube_venv/lib/python3.12/site-packages/airflow/example_dags/example_workday_timetable.py
[2025-03-26T17:31:07.023+0000] {processor.py:914} INFO - Processing file /home/ubuntu/customer_churn_youtube_venv/lib/python3.12/site-packages/airflow/example_dags/example_workday_timetable.py for tasks to queue
[2025-03-26T17:31:07.026+0000] {logging_mixin.py:190} INFO - [2025-03-26T17:31:07.025+0000] {dagbag.py:588} INFO - Filling up the DagBag from /home/ubuntu/customer_churn_youtube_venv/lib/python3.12/site-packages/airflow/example_dags/example_workday_timetable.py
[2025-03-26T17:31:07.032+0000] {processor.py:925} INFO - DAG(s) 'example_workday_timetable' retrieved from /home/ubuntu/customer_churn_youtube_venv/lib/python3.12/site-packages/airflow/example_dags/example_workday_timetable.py
[2025-03-26T17:31:07.048+0000] {logging_mixin.py:190} INFO - [2025-03-26T17:31:07.047+0000] {dag.py:3239} INFO - Sync 1 DAGs
[2025-03-26T17:31:07.067+0000] {logging_mixin.py:190} INFO - [2025-03-26T17:31:07.067+0000] {dag.py:4180} INFO - Setting next_dagrun for example_workday_timetable to 2021-01-01 00:00:00+00:00, run_after=2021-01-02 00:00:00+00:00
[2025-03-26T17:31:07.089+0000] {processor.py:208} INFO - Processing /home/ubuntu/customer_churn_youtube_venv/lib/python3.12/site-packages/airflow/example_dags/example_workday_timetable.py took 0.073 seconds
[2025-03-26T17:31:58.643+0000] {processor.py:186} INFO - Started process (PID=7470) to work on /home/ubuntu/customer_churn_youtube_venv/lib/python3.12/site-packages/airflow/example_dags/example_workday_timetable.py
[2025-03-26T17:31:58.644+0000] {processor.py:914} INFO - Processing file /home/ubuntu/customer_churn_youtube_venv/lib/python3.12/site-packages/airflow/example_dags/example_workday_timetable.py for tasks to queue
[2025-03-26T17:31:58.647+0000] {logging_mixin.py:190} INFO - [2025-03-26T17:31:58.646+0000] {dagbag.py:588} INFO - Filling up the DagBag from /home/ubuntu/customer_churn_youtube_venv/lib/python3.12/site-packages/airflow/example_dags/example_workday_timetable.py
[2025-03-26T17:31:58.653+0000] {processor.py:925} INFO - DAG(s) 'example_workday_timetable' retrieved from /home/ubuntu/customer_churn_youtube_venv/lib/python3.12/site-packages/airflow/example_dags/example_workday_timetable.py
[2025-03-26T17:31:58.669+0000] {logging_mixin.py:190} INFO - [2025-03-26T17:31:58.668+0000] {dag.py:3239} INFO - Sync 1 DAGs
[2025-03-26T17:31:58.687+0000] {logging_mixin.py:190} INFO - [2025-03-26T17:31:58.687+0000] {dag.py:4180} INFO - Setting next_dagrun for example_workday_timetable to 2021-01-01 00:00:00+00:00, run_after=2021-01-02 00:00:00+00:00
[2025-03-26T17:31:58.708+0000] {processor.py:208} INFO - Processing /home/ubuntu/customer_churn_youtube_venv/lib/python3.12/site-packages/airflow/example_dags/example_workday_timetable.py took 0.071 seconds
[2025-03-26T17:32:50.239+0000] {processor.py:186} INFO - Started process (PID=7563) to work on /home/ubuntu/customer_churn_youtube_venv/lib/python3.12/site-packages/airflow/example_dags/example_workday_timetable.py
[2025-03-26T17:32:50.241+0000] {processor.py:914} INFO - Processing file /home/ubuntu/customer_churn_youtube_venv/lib/python3.12/site-packages/airflow/example_dags/example_workday_timetable.py for tasks to queue
[2025-03-26T17:32:50.244+0000] {logging_mixin.py:190} INFO - [2025-03-26T17:32:50.244+0000] {dagbag.py:588} INFO - Filling up the DagBag from /home/ubuntu/customer_churn_youtube_venv/lib/python3.12/site-packages/airflow/example_dags/example_workday_timetable.py
[2025-03-26T17:32:50.250+0000] {processor.py:925} INFO - DAG(s) 'example_workday_timetable' retrieved from /home/ubuntu/customer_churn_youtube_venv/lib/python3.12/site-packages/airflow/example_dags/example_workday_timetable.py
[2025-03-26T17:32:50.264+0000] {logging_mixin.py:190} INFO - [2025-03-26T17:32:50.264+0000] {dag.py:3239} INFO - Sync 1 DAGs
[2025-03-26T17:32:50.283+0000] {logging_mixin.py:190} INFO - [2025-03-26T17:32:50.282+0000] {dag.py:4180} INFO - Setting next_dagrun for example_workday_timetable to 2021-01-01 00:00:00+00:00, run_after=2021-01-02 00:00:00+00:00
[2025-03-26T17:32:50.303+0000] {processor.py:208} INFO - Processing /home/ubuntu/customer_churn_youtube_venv/lib/python3.12/site-packages/airflow/example_dags/example_workday_timetable.py took 0.069 seconds
[2025-03-26T17:33:41.588+0000] {processor.py:186} INFO - Started process (PID=7617) to work on /home/ubuntu/customer_churn_youtube_venv/lib/python3.12/site-packages/airflow/example_dags/example_workday_timetable.py
[2025-03-26T17:33:41.589+0000] {processor.py:914} INFO - Processing file /home/ubuntu/customer_churn_youtube_venv/lib/python3.12/site-packages/airflow/example_dags/example_workday_timetable.py for tasks to queue
[2025-03-26T17:33:41.592+0000] {logging_mixin.py:190} INFO - [2025-03-26T17:33:41.592+0000] {dagbag.py:588} INFO - Filling up the DagBag from /home/ubuntu/customer_churn_youtube_venv/lib/python3.12/site-packages/airflow/example_dags/example_workday_timetable.py
[2025-03-26T17:33:41.598+0000] {processor.py:925} INFO - DAG(s) 'example_workday_timetable' retrieved from /home/ubuntu/customer_churn_youtube_venv/lib/python3.12/site-packages/airflow/example_dags/example_workday_timetable.py
[2025-03-26T17:33:41.613+0000] {logging_mixin.py:190} INFO - [2025-03-26T17:33:41.612+0000] {dag.py:3239} INFO - Sync 1 DAGs
[2025-03-26T17:33:41.632+0000] {logging_mixin.py:190} INFO - [2025-03-26T17:33:41.632+0000] {dag.py:4180} INFO - Setting next_dagrun for example_workday_timetable to 2021-01-01 00:00:00+00:00, run_after=2021-01-02 00:00:00+00:00
[2025-03-26T17:33:41.653+0000] {processor.py:208} INFO - Processing /home/ubuntu/customer_churn_youtube_venv/lib/python3.12/site-packages/airflow/example_dags/example_workday_timetable.py took 0.070 seconds
[2025-03-26T17:34:32.283+0000] {processor.py:186} INFO - Started process (PID=7669) to work on /home/ubuntu/customer_churn_youtube_venv/lib/python3.12/site-packages/airflow/example_dags/example_workday_timetable.py
[2025-03-26T17:34:32.285+0000] {processor.py:914} INFO - Processing file /home/ubuntu/customer_churn_youtube_venv/lib/python3.12/site-packages/airflow/example_dags/example_workday_timetable.py for tasks to queue
[2025-03-26T17:34:32.288+0000] {logging_mixin.py:190} INFO - [2025-03-26T17:34:32.287+0000] {dagbag.py:588} INFO - Filling up the DagBag from /home/ubuntu/customer_churn_youtube_venv/lib/python3.12/site-packages/airflow/example_dags/example_workday_timetable.py
[2025-03-26T17:34:32.294+0000] {processor.py:925} INFO - DAG(s) 'example_workday_timetable' retrieved from /home/ubuntu/customer_churn_youtube_venv/lib/python3.12/site-packages/airflow/example_dags/example_workday_timetable.py
[2025-03-26T17:34:32.309+0000] {logging_mixin.py:190} INFO - [2025-03-26T17:34:32.309+0000] {dag.py:3239} INFO - Sync 1 DAGs
[2025-03-26T17:34:32.329+0000] {logging_mixin.py:190} INFO - [2025-03-26T17:34:32.328+0000] {dag.py:4180} INFO - Setting next_dagrun for example_workday_timetable to 2021-01-01 00:00:00+00:00, run_after=2021-01-02 00:00:00+00:00
[2025-03-26T17:34:32.349+0000] {processor.py:208} INFO - Processing /home/ubuntu/customer_churn_youtube_venv/lib/python3.12/site-packages/airflow/example_dags/example_workday_timetable.py took 0.071 seconds
[2025-03-26T17:35:25.355+0000] {processor.py:186} INFO - Started process (PID=7730) to work on /home/ubuntu/customer_churn_youtube_venv/lib/python3.12/site-packages/airflow/example_dags/example_workday_timetable.py
[2025-03-26T17:35:25.358+0000] {processor.py:914} INFO - Processing file /home/ubuntu/customer_churn_youtube_venv/lib/python3.12/site-packages/airflow/example_dags/example_workday_timetable.py for tasks to queue
[2025-03-26T17:35:25.361+0000] {logging_mixin.py:190} INFO - [2025-03-26T17:35:25.360+0000] {dagbag.py:588} INFO - Filling up the DagBag from /home/ubuntu/customer_churn_youtube_venv/lib/python3.12/site-packages/airflow/example_dags/example_workday_timetable.py
[2025-03-26T17:35:25.367+0000] {processor.py:925} INFO - DAG(s) 'example_workday_timetable' retrieved from /home/ubuntu/customer_churn_youtube_venv/lib/python3.12/site-packages/airflow/example_dags/example_workday_timetable.py
[2025-03-26T17:35:25.380+0000] {logging_mixin.py:190} INFO - [2025-03-26T17:35:25.380+0000] {dag.py:3239} INFO - Sync 1 DAGs
[2025-03-26T17:35:25.399+0000] {logging_mixin.py:190} INFO - [2025-03-26T17:35:25.399+0000] {dag.py:4180} INFO - Setting next_dagrun for example_workday_timetable to 2021-01-01 00:00:00+00:00, run_after=2021-01-02 00:00:00+00:00
[2025-03-26T17:35:25.420+0000] {processor.py:208} INFO - Processing /home/ubuntu/customer_churn_youtube_venv/lib/python3.12/site-packages/airflow/example_dags/example_workday_timetable.py took 0.070 seconds
[2025-03-26T17:36:19.066+0000] {processor.py:186} INFO - Started process (PID=7786) to work on /home/ubuntu/customer_churn_youtube_venv/lib/python3.12/site-packages/airflow/example_dags/example_workday_timetable.py
[2025-03-26T17:36:19.068+0000] {processor.py:914} INFO - Processing file /home/ubuntu/customer_churn_youtube_venv/lib/python3.12/site-packages/airflow/example_dags/example_workday_timetable.py for tasks to queue
[2025-03-26T17:36:19.071+0000] {logging_mixin.py:190} INFO - [2025-03-26T17:36:19.070+0000] {dagbag.py:588} INFO - Filling up the DagBag from /home/ubuntu/customer_churn_youtube_venv/lib/python3.12/site-packages/airflow/example_dags/example_workday_timetable.py
[2025-03-26T17:36:19.076+0000] {processor.py:925} INFO - DAG(s) 'example_workday_timetable' retrieved from /home/ubuntu/customer_churn_youtube_venv/lib/python3.12/site-packages/airflow/example_dags/example_workday_timetable.py
[2025-03-26T17:36:19.092+0000] {logging_mixin.py:190} INFO - [2025-03-26T17:36:19.092+0000] {dag.py:3239} INFO - Sync 1 DAGs
[2025-03-26T17:36:19.111+0000] {logging_mixin.py:190} INFO - [2025-03-26T17:36:19.111+0000] {dag.py:4180} INFO - Setting next_dagrun for example_workday_timetable to 2021-01-01 00:00:00+00:00, run_after=2021-01-02 00:00:00+00:00
[2025-03-26T17:36:19.133+0000] {processor.py:208} INFO - Processing /home/ubuntu/customer_churn_youtube_venv/lib/python3.12/site-packages/airflow/example_dags/example_workday_timetable.py took 0.072 seconds
