[2025-03-26T17:13:29.048+0000] {processor.py:186} INFO - Started process (PID=6275) to work on /home/ubuntu/customer_churn_youtube_venv/lib/python3.12/site-packages/airflow/example_dags/example_sla_dag.py
[2025-03-26T17:13:29.049+0000] {processor.py:914} INFO - Processing file /home/ubuntu/customer_churn_youtube_venv/lib/python3.12/site-packages/airflow/example_dags/example_sla_dag.py for tasks to queue
[2025-03-26T17:13:29.051+0000] {logging_mixin.py:190} INFO - [2025-03-26T17:13:29.051+0000] {dagbag.py:588} INFO - Filling up the DagBag from /home/ubuntu/customer_churn_youtube_venv/lib/python3.12/site-packages/airflow/example_dags/example_sla_dag.py
[2025-03-26T17:13:29.061+0000] {processor.py:925} INFO - DAG(s) 'example_sla_dag' retrieved from /home/ubuntu/customer_churn_youtube_venv/lib/python3.12/site-packages/airflow/example_dags/example_sla_dag.py
[2025-03-26T17:13:29.166+0000] {logging_mixin.py:190} INFO - [2025-03-26T17:13:29.165+0000] {override.py:1930} INFO - Created Permission View: can edit on DAG:example_sla_dag
[2025-03-26T17:13:29.180+0000] {logging_mixin.py:190} INFO - [2025-03-26T17:13:29.180+0000] {override.py:1930} INFO - Created Permission View: can read on DAG:example_sla_dag
[2025-03-26T17:13:29.192+0000] {logging_mixin.py:190} INFO - [2025-03-26T17:13:29.192+0000] {override.py:1930} INFO - Created Permission View: can delete on DAG:example_sla_dag
[2025-03-26T17:13:29.209+0000] {logging_mixin.py:190} INFO - [2025-03-26T17:13:29.209+0000] {override.py:1930} INFO - Created Permission View: menu access on DAG Run:example_sla_dag
[2025-03-26T17:13:29.220+0000] {logging_mixin.py:190} INFO - [2025-03-26T17:13:29.219+0000] {override.py:1930} INFO - Created Permission View: can create on DAG Run:example_sla_dag
[2025-03-26T17:13:29.232+0000] {logging_mixin.py:190} INFO - [2025-03-26T17:13:29.231+0000] {override.py:1930} INFO - Created Permission View: can delete on DAG Run:example_sla_dag
[2025-03-26T17:13:29.242+0000] {logging_mixin.py:190} INFO - [2025-03-26T17:13:29.242+0000] {override.py:1930} INFO - Created Permission View: can read on DAG Run:example_sla_dag
[2025-03-26T17:13:29.243+0000] {logging_mixin.py:190} INFO - [2025-03-26T17:13:29.243+0000] {dag.py:3239} INFO - Sync 1 DAGs
[2025-03-26T17:13:29.253+0000] {logging_mixin.py:190} INFO - [2025-03-26T17:13:29.253+0000] {dag.py:3262} INFO - Creating ORM DAG for example_sla_dag
[2025-03-26T17:13:29.263+0000] {logging_mixin.py:190} INFO - [2025-03-26T17:13:29.263+0000] {dag.py:4180} INFO - Setting next_dagrun for example_sla_dag to 2025-03-26 17:10:00+00:00, run_after=2025-03-26 17:12:00+00:00
[2025-03-26T17:13:29.287+0000] {processor.py:208} INFO - Processing /home/ubuntu/customer_churn_youtube_venv/lib/python3.12/site-packages/airflow/example_dags/example_sla_dag.py took 0.243 seconds
[2025-03-26T17:14:35.377+0000] {processor.py:186} INFO - Started process (PID=6332) to work on /home/ubuntu/customer_churn_youtube_venv/lib/python3.12/site-packages/airflow/example_dags/example_sla_dag.py
[2025-03-26T17:14:35.378+0000] {processor.py:914} INFO - Processing file /home/ubuntu/customer_churn_youtube_venv/lib/python3.12/site-packages/airflow/example_dags/example_sla_dag.py for tasks to queue
[2025-03-26T17:14:35.380+0000] {logging_mixin.py:190} INFO - [2025-03-26T17:14:35.380+0000] {dagbag.py:588} INFO - Filling up the DagBag from /home/ubuntu/customer_churn_youtube_venv/lib/python3.12/site-packages/airflow/example_dags/example_sla_dag.py
[2025-03-26T17:14:35.390+0000] {processor.py:925} INFO - DAG(s) 'example_sla_dag' retrieved from /home/ubuntu/customer_churn_youtube_venv/lib/python3.12/site-packages/airflow/example_dags/example_sla_dag.py
[2025-03-26T17:14:35.405+0000] {logging_mixin.py:190} INFO - [2025-03-26T17:14:35.405+0000] {dag.py:3239} INFO - Sync 1 DAGs
[2025-03-26T17:14:35.427+0000] {logging_mixin.py:190} INFO - [2025-03-26T17:14:35.427+0000] {dag.py:4180} INFO - Setting next_dagrun for example_sla_dag to 2025-03-26 17:12:00+00:00, run_after=2025-03-26 17:14:00+00:00
[2025-03-26T17:14:35.448+0000] {processor.py:208} INFO - Processing /home/ubuntu/customer_churn_youtube_venv/lib/python3.12/site-packages/airflow/example_dags/example_sla_dag.py took 0.077 seconds
[2025-03-26T17:15:31.017+0000] {processor.py:186} INFO - Started process (PID=6395) to work on /home/ubuntu/customer_churn_youtube_venv/lib/python3.12/site-packages/airflow/example_dags/example_sla_dag.py
[2025-03-26T17:15:31.019+0000] {processor.py:914} INFO - Processing file /home/ubuntu/customer_churn_youtube_venv/lib/python3.12/site-packages/airflow/example_dags/example_sla_dag.py for tasks to queue
[2025-03-26T17:15:31.021+0000] {logging_mixin.py:190} INFO - [2025-03-26T17:15:31.021+0000] {dagbag.py:588} INFO - Filling up the DagBag from /home/ubuntu/customer_churn_youtube_venv/lib/python3.12/site-packages/airflow/example_dags/example_sla_dag.py
[2025-03-26T17:15:31.031+0000] {processor.py:925} INFO - DAG(s) 'example_sla_dag' retrieved from /home/ubuntu/customer_churn_youtube_venv/lib/python3.12/site-packages/airflow/example_dags/example_sla_dag.py
[2025-03-26T17:15:31.046+0000] {logging_mixin.py:190} INFO - [2025-03-26T17:15:31.045+0000] {dag.py:3239} INFO - Sync 1 DAGs
[2025-03-26T17:15:31.065+0000] {logging_mixin.py:190} INFO - [2025-03-26T17:15:31.065+0000] {dag.py:4180} INFO - Setting next_dagrun for example_sla_dag to 2025-03-26 17:12:00+00:00, run_after=2025-03-26 17:14:00+00:00
[2025-03-26T17:15:31.088+0000] {processor.py:208} INFO - Processing /home/ubuntu/customer_churn_youtube_venv/lib/python3.12/site-packages/airflow/example_dags/example_sla_dag.py took 0.077 seconds
[2025-03-26T17:16:23.754+0000] {processor.py:186} INFO - Started process (PID=6448) to work on /home/ubuntu/customer_churn_youtube_venv/lib/python3.12/site-packages/airflow/example_dags/example_sla_dag.py
[2025-03-26T17:16:23.756+0000] {processor.py:914} INFO - Processing file /home/ubuntu/customer_churn_youtube_venv/lib/python3.12/site-packages/airflow/example_dags/example_sla_dag.py for tasks to queue
[2025-03-26T17:16:23.758+0000] {logging_mixin.py:190} INFO - [2025-03-26T17:16:23.757+0000] {dagbag.py:588} INFO - Filling up the DagBag from /home/ubuntu/customer_churn_youtube_venv/lib/python3.12/site-packages/airflow/example_dags/example_sla_dag.py
[2025-03-26T17:16:23.768+0000] {processor.py:925} INFO - DAG(s) 'example_sla_dag' retrieved from /home/ubuntu/customer_churn_youtube_venv/lib/python3.12/site-packages/airflow/example_dags/example_sla_dag.py
[2025-03-26T17:16:23.782+0000] {logging_mixin.py:190} INFO - [2025-03-26T17:16:23.781+0000] {dag.py:3239} INFO - Sync 1 DAGs
[2025-03-26T17:16:23.802+0000] {logging_mixin.py:190} INFO - [2025-03-26T17:16:23.801+0000] {dag.py:4180} INFO - Setting next_dagrun for example_sla_dag to 2025-03-26 17:14:00+00:00, run_after=2025-03-26 17:16:00+00:00
[2025-03-26T17:16:23.823+0000] {processor.py:208} INFO - Processing /home/ubuntu/customer_churn_youtube_venv/lib/python3.12/site-packages/airflow/example_dags/example_sla_dag.py took 0.075 seconds
[2025-03-26T17:17:17.742+0000] {processor.py:186} INFO - Started process (PID=6506) to work on /home/ubuntu/customer_churn_youtube_venv/lib/python3.12/site-packages/airflow/example_dags/example_sla_dag.py
[2025-03-26T17:17:17.744+0000] {processor.py:914} INFO - Processing file /home/ubuntu/customer_churn_youtube_venv/lib/python3.12/site-packages/airflow/example_dags/example_sla_dag.py for tasks to queue
[2025-03-26T17:17:17.746+0000] {logging_mixin.py:190} INFO - [2025-03-26T17:17:17.745+0000] {dagbag.py:588} INFO - Filling up the DagBag from /home/ubuntu/customer_churn_youtube_venv/lib/python3.12/site-packages/airflow/example_dags/example_sla_dag.py
[2025-03-26T17:17:17.756+0000] {processor.py:925} INFO - DAG(s) 'example_sla_dag' retrieved from /home/ubuntu/customer_churn_youtube_venv/lib/python3.12/site-packages/airflow/example_dags/example_sla_dag.py
[2025-03-26T17:17:17.771+0000] {logging_mixin.py:190} INFO - [2025-03-26T17:17:17.771+0000] {dag.py:3239} INFO - Sync 1 DAGs
[2025-03-26T17:17:17.792+0000] {logging_mixin.py:190} INFO - [2025-03-26T17:17:17.791+0000] {dag.py:4180} INFO - Setting next_dagrun for example_sla_dag to 2025-03-26 17:14:00+00:00, run_after=2025-03-26 17:16:00+00:00
[2025-03-26T17:17:17.813+0000] {processor.py:208} INFO - Processing /home/ubuntu/customer_churn_youtube_venv/lib/python3.12/site-packages/airflow/example_dags/example_sla_dag.py took 0.077 seconds
[2025-03-26T17:18:09.467+0000] {processor.py:186} INFO - Started process (PID=6560) to work on /home/ubuntu/customer_churn_youtube_venv/lib/python3.12/site-packages/airflow/example_dags/example_sla_dag.py
[2025-03-26T17:18:09.470+0000] {processor.py:914} INFO - Processing file /home/ubuntu/customer_churn_youtube_venv/lib/python3.12/site-packages/airflow/example_dags/example_sla_dag.py for tasks to queue
[2025-03-26T17:18:09.471+0000] {logging_mixin.py:190} INFO - [2025-03-26T17:18:09.471+0000] {dagbag.py:588} INFO - Filling up the DagBag from /home/ubuntu/customer_churn_youtube_venv/lib/python3.12/site-packages/airflow/example_dags/example_sla_dag.py
[2025-03-26T17:18:09.482+0000] {processor.py:925} INFO - DAG(s) 'example_sla_dag' retrieved from /home/ubuntu/customer_churn_youtube_venv/lib/python3.12/site-packages/airflow/example_dags/example_sla_dag.py
[2025-03-26T17:18:09.497+0000] {logging_mixin.py:190} INFO - [2025-03-26T17:18:09.497+0000] {dag.py:3239} INFO - Sync 1 DAGs
[2025-03-26T17:18:09.518+0000] {logging_mixin.py:190} INFO - [2025-03-26T17:18:09.518+0000] {dag.py:4180} INFO - Setting next_dagrun for example_sla_dag to 2025-03-26 17:16:00+00:00, run_after=2025-03-26 17:18:00+00:00
[2025-03-26T17:18:09.537+0000] {processor.py:208} INFO - Processing /home/ubuntu/customer_churn_youtube_venv/lib/python3.12/site-packages/airflow/example_dags/example_sla_dag.py took 0.076 seconds
[2025-03-26T17:19:03.857+0000] {processor.py:186} INFO - Started process (PID=6616) to work on /home/ubuntu/customer_churn_youtube_venv/lib/python3.12/site-packages/airflow/example_dags/example_sla_dag.py
[2025-03-26T17:19:03.859+0000] {processor.py:914} INFO - Processing file /home/ubuntu/customer_churn_youtube_venv/lib/python3.12/site-packages/airflow/example_dags/example_sla_dag.py for tasks to queue
[2025-03-26T17:19:03.860+0000] {logging_mixin.py:190} INFO - [2025-03-26T17:19:03.860+0000] {dagbag.py:588} INFO - Filling up the DagBag from /home/ubuntu/customer_churn_youtube_venv/lib/python3.12/site-packages/airflow/example_dags/example_sla_dag.py
[2025-03-26T17:19:03.871+0000] {processor.py:925} INFO - DAG(s) 'example_sla_dag' retrieved from /home/ubuntu/customer_churn_youtube_venv/lib/python3.12/site-packages/airflow/example_dags/example_sla_dag.py
[2025-03-26T17:19:03.886+0000] {logging_mixin.py:190} INFO - [2025-03-26T17:19:03.886+0000] {dag.py:3239} INFO - Sync 1 DAGs
[2025-03-26T17:19:03.908+0000] {logging_mixin.py:190} INFO - [2025-03-26T17:19:03.907+0000] {dag.py:4180} INFO - Setting next_dagrun for example_sla_dag to 2025-03-26 17:16:00+00:00, run_after=2025-03-26 17:18:00+00:00
[2025-03-26T17:19:04.056+0000] {processor.py:208} INFO - Processing /home/ubuntu/customer_churn_youtube_venv/lib/python3.12/site-packages/airflow/example_dags/example_sla_dag.py took 0.204 seconds
[2025-03-26T17:20:04.185+0000] {processor.py:186} INFO - Started process (PID=6677) to work on /home/ubuntu/customer_churn_youtube_venv/lib/python3.12/site-packages/airflow/example_dags/example_sla_dag.py
[2025-03-26T17:20:04.188+0000] {processor.py:914} INFO - Processing file /home/ubuntu/customer_churn_youtube_venv/lib/python3.12/site-packages/airflow/example_dags/example_sla_dag.py for tasks to queue
[2025-03-26T17:20:04.190+0000] {logging_mixin.py:190} INFO - [2025-03-26T17:20:04.190+0000] {dagbag.py:588} INFO - Filling up the DagBag from /home/ubuntu/customer_churn_youtube_venv/lib/python3.12/site-packages/airflow/example_dags/example_sla_dag.py
[2025-03-26T17:20:04.201+0000] {processor.py:925} INFO - DAG(s) 'example_sla_dag' retrieved from /home/ubuntu/customer_churn_youtube_venv/lib/python3.12/site-packages/airflow/example_dags/example_sla_dag.py
[2025-03-26T17:20:04.217+0000] {logging_mixin.py:190} INFO - [2025-03-26T17:20:04.216+0000] {dag.py:3239} INFO - Sync 1 DAGs
[2025-03-26T17:20:04.239+0000] {logging_mixin.py:190} INFO - [2025-03-26T17:20:04.239+0000] {dag.py:4180} INFO - Setting next_dagrun for example_sla_dag to 2025-03-26 17:18:00+00:00, run_after=2025-03-26 17:20:00+00:00
[2025-03-26T17:20:04.263+0000] {processor.py:208} INFO - Processing /home/ubuntu/customer_churn_youtube_venv/lib/python3.12/site-packages/airflow/example_dags/example_sla_dag.py took 0.083 seconds
[2025-03-26T17:21:00.815+0000] {processor.py:186} INFO - Started process (PID=6735) to work on /home/ubuntu/customer_churn_youtube_venv/lib/python3.12/site-packages/airflow/example_dags/example_sla_dag.py
[2025-03-26T17:21:00.817+0000] {processor.py:914} INFO - Processing file /home/ubuntu/customer_churn_youtube_venv/lib/python3.12/site-packages/airflow/example_dags/example_sla_dag.py for tasks to queue
[2025-03-26T17:21:00.819+0000] {logging_mixin.py:190} INFO - [2025-03-26T17:21:00.819+0000] {dagbag.py:588} INFO - Filling up the DagBag from /home/ubuntu/customer_churn_youtube_venv/lib/python3.12/site-packages/airflow/example_dags/example_sla_dag.py
[2025-03-26T17:21:00.829+0000] {processor.py:925} INFO - DAG(s) 'example_sla_dag' retrieved from /home/ubuntu/customer_churn_youtube_venv/lib/python3.12/site-packages/airflow/example_dags/example_sla_dag.py
[2025-03-26T17:21:00.843+0000] {logging_mixin.py:190} INFO - [2025-03-26T17:21:00.843+0000] {dag.py:3239} INFO - Sync 1 DAGs
[2025-03-26T17:21:00.865+0000] {logging_mixin.py:190} INFO - [2025-03-26T17:21:00.865+0000] {dag.py:4180} INFO - Setting next_dagrun for example_sla_dag to 2025-03-26 17:18:00+00:00, run_after=2025-03-26 17:20:00+00:00
[2025-03-26T17:21:00.887+0000] {processor.py:208} INFO - Processing /home/ubuntu/customer_churn_youtube_venv/lib/python3.12/site-packages/airflow/example_dags/example_sla_dag.py took 0.078 seconds
[2025-03-26T17:21:53.884+0000] {processor.py:186} INFO - Started process (PID=6789) to work on /home/ubuntu/customer_churn_youtube_venv/lib/python3.12/site-packages/airflow/example_dags/example_sla_dag.py
[2025-03-26T17:21:53.886+0000] {processor.py:914} INFO - Processing file /home/ubuntu/customer_churn_youtube_venv/lib/python3.12/site-packages/airflow/example_dags/example_sla_dag.py for tasks to queue
[2025-03-26T17:21:53.887+0000] {logging_mixin.py:190} INFO - [2025-03-26T17:21:53.887+0000] {dagbag.py:588} INFO - Filling up the DagBag from /home/ubuntu/customer_churn_youtube_venv/lib/python3.12/site-packages/airflow/example_dags/example_sla_dag.py
[2025-03-26T17:21:53.897+0000] {processor.py:925} INFO - DAG(s) 'example_sla_dag' retrieved from /home/ubuntu/customer_churn_youtube_venv/lib/python3.12/site-packages/airflow/example_dags/example_sla_dag.py
[2025-03-26T17:21:53.912+0000] {logging_mixin.py:190} INFO - [2025-03-26T17:21:53.912+0000] {dag.py:3239} INFO - Sync 1 DAGs
[2025-03-26T17:21:53.932+0000] {logging_mixin.py:190} INFO - [2025-03-26T17:21:53.932+0000] {dag.py:4180} INFO - Setting next_dagrun for example_sla_dag to 2025-03-26 17:18:00+00:00, run_after=2025-03-26 17:20:00+00:00
[2025-03-26T17:21:53.955+0000] {processor.py:208} INFO - Processing /home/ubuntu/customer_churn_youtube_venv/lib/python3.12/site-packages/airflow/example_dags/example_sla_dag.py took 0.077 seconds
[2025-03-26T17:22:46.706+0000] {processor.py:186} INFO - Started process (PID=6843) to work on /home/ubuntu/customer_churn_youtube_venv/lib/python3.12/site-packages/airflow/example_dags/example_sla_dag.py
[2025-03-26T17:22:46.707+0000] {processor.py:914} INFO - Processing file /home/ubuntu/customer_churn_youtube_venv/lib/python3.12/site-packages/airflow/example_dags/example_sla_dag.py for tasks to queue
[2025-03-26T17:22:46.709+0000] {logging_mixin.py:190} INFO - [2025-03-26T17:22:46.709+0000] {dagbag.py:588} INFO - Filling up the DagBag from /home/ubuntu/customer_churn_youtube_venv/lib/python3.12/site-packages/airflow/example_dags/example_sla_dag.py
[2025-03-26T17:22:46.719+0000] {processor.py:925} INFO - DAG(s) 'example_sla_dag' retrieved from /home/ubuntu/customer_churn_youtube_venv/lib/python3.12/site-packages/airflow/example_dags/example_sla_dag.py
[2025-03-26T17:22:46.733+0000] {logging_mixin.py:190} INFO - [2025-03-26T17:22:46.733+0000] {dag.py:3239} INFO - Sync 1 DAGs
[2025-03-26T17:22:46.754+0000] {logging_mixin.py:190} INFO - [2025-03-26T17:22:46.753+0000] {dag.py:4180} INFO - Setting next_dagrun for example_sla_dag to 2025-03-26 17:20:00+00:00, run_after=2025-03-26 17:22:00+00:00
[2025-03-26T17:22:46.774+0000] {processor.py:208} INFO - Processing /home/ubuntu/customer_churn_youtube_venv/lib/python3.12/site-packages/airflow/example_dags/example_sla_dag.py took 0.075 seconds
[2025-03-26T17:23:38.360+0000] {processor.py:186} INFO - Started process (PID=6896) to work on /home/ubuntu/customer_churn_youtube_venv/lib/python3.12/site-packages/airflow/example_dags/example_sla_dag.py
[2025-03-26T17:23:38.363+0000] {processor.py:914} INFO - Processing file /home/ubuntu/customer_churn_youtube_venv/lib/python3.12/site-packages/airflow/example_dags/example_sla_dag.py for tasks to queue
[2025-03-26T17:23:38.366+0000] {logging_mixin.py:190} INFO - [2025-03-26T17:23:38.365+0000] {dagbag.py:588} INFO - Filling up the DagBag from /home/ubuntu/customer_churn_youtube_venv/lib/python3.12/site-packages/airflow/example_dags/example_sla_dag.py
[2025-03-26T17:23:38.376+0000] {processor.py:925} INFO - DAG(s) 'example_sla_dag' retrieved from /home/ubuntu/customer_churn_youtube_venv/lib/python3.12/site-packages/airflow/example_dags/example_sla_dag.py
[2025-03-26T17:23:38.390+0000] {logging_mixin.py:190} INFO - [2025-03-26T17:23:38.390+0000] {dag.py:3239} INFO - Sync 1 DAGs
[2025-03-26T17:23:38.412+0000] {logging_mixin.py:190} INFO - [2025-03-26T17:23:38.412+0000] {dag.py:4180} INFO - Setting next_dagrun for example_sla_dag to 2025-03-26 17:20:00+00:00, run_after=2025-03-26 17:22:00+00:00
[2025-03-26T17:23:38.432+0000] {processor.py:208} INFO - Processing /home/ubuntu/customer_churn_youtube_venv/lib/python3.12/site-packages/airflow/example_dags/example_sla_dag.py took 0.077 seconds
[2025-03-26T17:24:28.820+0000] {processor.py:186} INFO - Started process (PID=6949) to work on /home/ubuntu/customer_churn_youtube_venv/lib/python3.12/site-packages/airflow/example_dags/example_sla_dag.py
[2025-03-26T17:24:28.822+0000] {processor.py:914} INFO - Processing file /home/ubuntu/customer_churn_youtube_venv/lib/python3.12/site-packages/airflow/example_dags/example_sla_dag.py for tasks to queue
[2025-03-26T17:24:28.825+0000] {logging_mixin.py:190} INFO - [2025-03-26T17:24:28.824+0000] {dagbag.py:588} INFO - Filling up the DagBag from /home/ubuntu/customer_churn_youtube_venv/lib/python3.12/site-packages/airflow/example_dags/example_sla_dag.py
[2025-03-26T17:24:28.835+0000] {processor.py:925} INFO - DAG(s) 'example_sla_dag' retrieved from /home/ubuntu/customer_churn_youtube_venv/lib/python3.12/site-packages/airflow/example_dags/example_sla_dag.py
[2025-03-26T17:24:28.850+0000] {logging_mixin.py:190} INFO - [2025-03-26T17:24:28.849+0000] {dag.py:3239} INFO - Sync 1 DAGs
[2025-03-26T17:24:28.870+0000] {logging_mixin.py:190} INFO - [2025-03-26T17:24:28.870+0000] {dag.py:4180} INFO - Setting next_dagrun for example_sla_dag to 2025-03-26 17:22:00+00:00, run_after=2025-03-26 17:24:00+00:00
[2025-03-26T17:24:28.892+0000] {processor.py:208} INFO - Processing /home/ubuntu/customer_churn_youtube_venv/lib/python3.12/site-packages/airflow/example_dags/example_sla_dag.py took 0.077 seconds
[2025-03-26T17:25:19.017+0000] {processor.py:186} INFO - Started process (PID=7005) to work on /home/ubuntu/customer_churn_youtube_venv/lib/python3.12/site-packages/airflow/example_dags/example_sla_dag.py
[2025-03-26T17:25:19.019+0000] {processor.py:914} INFO - Processing file /home/ubuntu/customer_churn_youtube_venv/lib/python3.12/site-packages/airflow/example_dags/example_sla_dag.py for tasks to queue
[2025-03-26T17:25:19.022+0000] {logging_mixin.py:190} INFO - [2025-03-26T17:25:19.021+0000] {dagbag.py:588} INFO - Filling up the DagBag from /home/ubuntu/customer_churn_youtube_venv/lib/python3.12/site-packages/airflow/example_dags/example_sla_dag.py
[2025-03-26T17:25:19.032+0000] {processor.py:925} INFO - DAG(s) 'example_sla_dag' retrieved from /home/ubuntu/customer_churn_youtube_venv/lib/python3.12/site-packages/airflow/example_dags/example_sla_dag.py
[2025-03-26T17:25:19.046+0000] {logging_mixin.py:190} INFO - [2025-03-26T17:25:19.046+0000] {dag.py:3239} INFO - Sync 1 DAGs
[2025-03-26T17:25:19.068+0000] {logging_mixin.py:190} INFO - [2025-03-26T17:25:19.068+0000] {dag.py:4180} INFO - Setting next_dagrun for example_sla_dag to 2025-03-26 17:22:00+00:00, run_after=2025-03-26 17:24:00+00:00
[2025-03-26T17:25:19.089+0000] {processor.py:208} INFO - Processing /home/ubuntu/customer_churn_youtube_venv/lib/python3.12/site-packages/airflow/example_dags/example_sla_dag.py took 0.078 seconds
[2025-03-26T17:26:06.277+0000] {processor.py:186} INFO - Started process (PID=7056) to work on /home/ubuntu/customer_churn_youtube_venv/lib/python3.12/site-packages/airflow/example_dags/example_sla_dag.py
[2025-03-26T17:26:06.280+0000] {processor.py:914} INFO - Processing file /home/ubuntu/customer_churn_youtube_venv/lib/python3.12/site-packages/airflow/example_dags/example_sla_dag.py for tasks to queue
[2025-03-26T17:26:06.283+0000] {logging_mixin.py:190} INFO - [2025-03-26T17:26:06.282+0000] {dagbag.py:588} INFO - Filling up the DagBag from /home/ubuntu/customer_churn_youtube_venv/lib/python3.12/site-packages/airflow/example_dags/example_sla_dag.py
[2025-03-26T17:26:06.293+0000] {processor.py:925} INFO - DAG(s) 'example_sla_dag' retrieved from /home/ubuntu/customer_churn_youtube_venv/lib/python3.12/site-packages/airflow/example_dags/example_sla_dag.py
[2025-03-26T17:26:06.307+0000] {logging_mixin.py:190} INFO - [2025-03-26T17:26:06.307+0000] {dag.py:3239} INFO - Sync 1 DAGs
[2025-03-26T17:26:06.327+0000] {logging_mixin.py:190} INFO - [2025-03-26T17:26:06.327+0000] {dag.py:4180} INFO - Setting next_dagrun for example_sla_dag to 2025-03-26 17:24:00+00:00, run_after=2025-03-26 17:26:00+00:00
[2025-03-26T17:26:06.350+0000] {processor.py:208} INFO - Processing /home/ubuntu/customer_churn_youtube_venv/lib/python3.12/site-packages/airflow/example_dags/example_sla_dag.py took 0.078 seconds
[2025-03-26T17:26:59.436+0000] {processor.py:186} INFO - Started process (PID=7108) to work on /home/ubuntu/customer_churn_youtube_venv/lib/python3.12/site-packages/airflow/example_dags/example_sla_dag.py
[2025-03-26T17:26:59.438+0000] {processor.py:914} INFO - Processing file /home/ubuntu/customer_churn_youtube_venv/lib/python3.12/site-packages/airflow/example_dags/example_sla_dag.py for tasks to queue
[2025-03-26T17:26:59.440+0000] {logging_mixin.py:190} INFO - [2025-03-26T17:26:59.440+0000] {dagbag.py:588} INFO - Filling up the DagBag from /home/ubuntu/customer_churn_youtube_venv/lib/python3.12/site-packages/airflow/example_dags/example_sla_dag.py
[2025-03-26T17:26:59.450+0000] {processor.py:925} INFO - DAG(s) 'example_sla_dag' retrieved from /home/ubuntu/customer_churn_youtube_venv/lib/python3.12/site-packages/airflow/example_dags/example_sla_dag.py
[2025-03-26T17:26:59.464+0000] {logging_mixin.py:190} INFO - [2025-03-26T17:26:59.464+0000] {dag.py:3239} INFO - Sync 1 DAGs
[2025-03-26T17:26:59.485+0000] {logging_mixin.py:190} INFO - [2025-03-26T17:26:59.485+0000] {dag.py:4180} INFO - Setting next_dagrun for example_sla_dag to 2025-03-26 17:24:00+00:00, run_after=2025-03-26 17:26:00+00:00
[2025-03-26T17:26:59.507+0000] {processor.py:208} INFO - Processing /home/ubuntu/customer_churn_youtube_venv/lib/python3.12/site-packages/airflow/example_dags/example_sla_dag.py took 0.076 seconds
[2025-03-26T17:27:52.057+0000] {processor.py:186} INFO - Started process (PID=7208) to work on /home/ubuntu/customer_churn_youtube_venv/lib/python3.12/site-packages/airflow/example_dags/example_sla_dag.py
[2025-03-26T17:27:52.058+0000] {processor.py:914} INFO - Processing file /home/ubuntu/customer_churn_youtube_venv/lib/python3.12/site-packages/airflow/example_dags/example_sla_dag.py for tasks to queue
[2025-03-26T17:27:52.061+0000] {logging_mixin.py:190} INFO - [2025-03-26T17:27:52.061+0000] {dagbag.py:588} INFO - Filling up the DagBag from /home/ubuntu/customer_churn_youtube_venv/lib/python3.12/site-packages/airflow/example_dags/example_sla_dag.py
[2025-03-26T17:27:52.072+0000] {processor.py:925} INFO - DAG(s) 'example_sla_dag' retrieved from /home/ubuntu/customer_churn_youtube_venv/lib/python3.12/site-packages/airflow/example_dags/example_sla_dag.py
[2025-03-26T17:27:52.085+0000] {logging_mixin.py:190} INFO - [2025-03-26T17:27:52.085+0000] {dag.py:3239} INFO - Sync 1 DAGs
[2025-03-26T17:27:52.106+0000] {logging_mixin.py:190} INFO - [2025-03-26T17:27:52.106+0000] {dag.py:4180} INFO - Setting next_dagrun for example_sla_dag to 2025-03-26 17:24:00+00:00, run_after=2025-03-26 17:26:00+00:00
[2025-03-26T17:27:52.128+0000] {processor.py:208} INFO - Processing /home/ubuntu/customer_churn_youtube_venv/lib/python3.12/site-packages/airflow/example_dags/example_sla_dag.py took 0.077 seconds
[2025-03-26T17:28:42.619+0000] {processor.py:186} INFO - Started process (PID=7262) to work on /home/ubuntu/customer_churn_youtube_venv/lib/python3.12/site-packages/airflow/example_dags/example_sla_dag.py
[2025-03-26T17:28:42.621+0000] {processor.py:914} INFO - Processing file /home/ubuntu/customer_churn_youtube_venv/lib/python3.12/site-packages/airflow/example_dags/example_sla_dag.py for tasks to queue
[2025-03-26T17:28:42.624+0000] {logging_mixin.py:190} INFO - [2025-03-26T17:28:42.624+0000] {dagbag.py:588} INFO - Filling up the DagBag from /home/ubuntu/customer_churn_youtube_venv/lib/python3.12/site-packages/airflow/example_dags/example_sla_dag.py
[2025-03-26T17:28:42.634+0000] {processor.py:925} INFO - DAG(s) 'example_sla_dag' retrieved from /home/ubuntu/customer_churn_youtube_venv/lib/python3.12/site-packages/airflow/example_dags/example_sla_dag.py
[2025-03-26T17:28:42.648+0000] {logging_mixin.py:190} INFO - [2025-03-26T17:28:42.648+0000] {dag.py:3239} INFO - Sync 1 DAGs
[2025-03-26T17:28:42.670+0000] {logging_mixin.py:190} INFO - [2025-03-26T17:28:42.670+0000] {dag.py:4180} INFO - Setting next_dagrun for example_sla_dag to 2025-03-26 17:26:00+00:00, run_after=2025-03-26 17:28:00+00:00
[2025-03-26T17:28:42.693+0000] {processor.py:208} INFO - Processing /home/ubuntu/customer_churn_youtube_venv/lib/python3.12/site-packages/airflow/example_dags/example_sla_dag.py took 0.078 seconds
[2025-03-26T17:29:31.927+0000] {processor.py:186} INFO - Started process (PID=7314) to work on /home/ubuntu/customer_churn_youtube_venv/lib/python3.12/site-packages/airflow/example_dags/example_sla_dag.py
[2025-03-26T17:29:31.929+0000] {processor.py:914} INFO - Processing file /home/ubuntu/customer_churn_youtube_venv/lib/python3.12/site-packages/airflow/example_dags/example_sla_dag.py for tasks to queue
[2025-03-26T17:29:31.932+0000] {logging_mixin.py:190} INFO - [2025-03-26T17:29:31.932+0000] {dagbag.py:588} INFO - Filling up the DagBag from /home/ubuntu/customer_churn_youtube_venv/lib/python3.12/site-packages/airflow/example_dags/example_sla_dag.py
[2025-03-26T17:29:31.942+0000] {processor.py:925} INFO - DAG(s) 'example_sla_dag' retrieved from /home/ubuntu/customer_churn_youtube_venv/lib/python3.12/site-packages/airflow/example_dags/example_sla_dag.py
[2025-03-26T17:29:31.956+0000] {logging_mixin.py:190} INFO - [2025-03-26T17:29:31.956+0000] {dag.py:3239} INFO - Sync 1 DAGs
[2025-03-26T17:29:31.977+0000] {logging_mixin.py:190} INFO - [2025-03-26T17:29:31.977+0000] {dag.py:4180} INFO - Setting next_dagrun for example_sla_dag to 2025-03-26 17:26:00+00:00, run_after=2025-03-26 17:28:00+00:00
[2025-03-26T17:29:31.998+0000] {processor.py:208} INFO - Processing /home/ubuntu/customer_churn_youtube_venv/lib/python3.12/site-packages/airflow/example_dags/example_sla_dag.py took 0.076 seconds
[2025-03-26T17:30:21.215+0000] {processor.py:186} INFO - Started process (PID=7370) to work on /home/ubuntu/customer_churn_youtube_venv/lib/python3.12/site-packages/airflow/example_dags/example_sla_dag.py
[2025-03-26T17:30:21.216+0000] {processor.py:914} INFO - Processing file /home/ubuntu/customer_churn_youtube_venv/lib/python3.12/site-packages/airflow/example_dags/example_sla_dag.py for tasks to queue
[2025-03-26T17:30:21.218+0000] {logging_mixin.py:190} INFO - [2025-03-26T17:30:21.218+0000] {dagbag.py:588} INFO - Filling up the DagBag from /home/ubuntu/customer_churn_youtube_venv/lib/python3.12/site-packages/airflow/example_dags/example_sla_dag.py
[2025-03-26T17:30:21.229+0000] {processor.py:925} INFO - DAG(s) 'example_sla_dag' retrieved from /home/ubuntu/customer_churn_youtube_venv/lib/python3.12/site-packages/airflow/example_dags/example_sla_dag.py
[2025-03-26T17:30:21.244+0000] {logging_mixin.py:190} INFO - [2025-03-26T17:30:21.244+0000] {dag.py:3239} INFO - Sync 1 DAGs
[2025-03-26T17:30:21.267+0000] {logging_mixin.py:190} INFO - [2025-03-26T17:30:21.267+0000] {dag.py:4180} INFO - Setting next_dagrun for example_sla_dag to 2025-03-26 17:28:00+00:00, run_after=2025-03-26 17:30:00+00:00
[2025-03-26T17:30:21.287+0000] {processor.py:208} INFO - Processing /home/ubuntu/customer_churn_youtube_venv/lib/python3.12/site-packages/airflow/example_dags/example_sla_dag.py took 0.078 seconds
[2025-03-26T17:31:09.881+0000] {processor.py:186} INFO - Started process (PID=7421) to work on /home/ubuntu/customer_churn_youtube_venv/lib/python3.12/site-packages/airflow/example_dags/example_sla_dag.py
[2025-03-26T17:31:09.883+0000] {processor.py:914} INFO - Processing file /home/ubuntu/customer_churn_youtube_venv/lib/python3.12/site-packages/airflow/example_dags/example_sla_dag.py for tasks to queue
[2025-03-26T17:31:09.886+0000] {logging_mixin.py:190} INFO - [2025-03-26T17:31:09.885+0000] {dagbag.py:588} INFO - Filling up the DagBag from /home/ubuntu/customer_churn_youtube_venv/lib/python3.12/site-packages/airflow/example_dags/example_sla_dag.py
[2025-03-26T17:31:09.896+0000] {processor.py:925} INFO - DAG(s) 'example_sla_dag' retrieved from /home/ubuntu/customer_churn_youtube_venv/lib/python3.12/site-packages/airflow/example_dags/example_sla_dag.py
[2025-03-26T17:31:09.911+0000] {logging_mixin.py:190} INFO - [2025-03-26T17:31:09.911+0000] {dag.py:3239} INFO - Sync 1 DAGs
[2025-03-26T17:31:09.932+0000] {logging_mixin.py:190} INFO - [2025-03-26T17:31:09.932+0000] {dag.py:4180} INFO - Setting next_dagrun for example_sla_dag to 2025-03-26 17:28:00+00:00, run_after=2025-03-26 17:30:00+00:00
[2025-03-26T17:31:09.955+0000] {processor.py:208} INFO - Processing /home/ubuntu/customer_churn_youtube_venv/lib/python3.12/site-packages/airflow/example_dags/example_sla_dag.py took 0.080 seconds
[2025-03-26T17:32:01.508+0000] {processor.py:186} INFO - Started process (PID=7474) to work on /home/ubuntu/customer_churn_youtube_venv/lib/python3.12/site-packages/airflow/example_dags/example_sla_dag.py
[2025-03-26T17:32:01.510+0000] {processor.py:914} INFO - Processing file /home/ubuntu/customer_churn_youtube_venv/lib/python3.12/site-packages/airflow/example_dags/example_sla_dag.py for tasks to queue
[2025-03-26T17:32:01.513+0000] {logging_mixin.py:190} INFO - [2025-03-26T17:32:01.512+0000] {dagbag.py:588} INFO - Filling up the DagBag from /home/ubuntu/customer_churn_youtube_venv/lib/python3.12/site-packages/airflow/example_dags/example_sla_dag.py
[2025-03-26T17:32:01.525+0000] {processor.py:925} INFO - DAG(s) 'example_sla_dag' retrieved from /home/ubuntu/customer_churn_youtube_venv/lib/python3.12/site-packages/airflow/example_dags/example_sla_dag.py
[2025-03-26T17:32:01.542+0000] {logging_mixin.py:190} INFO - [2025-03-26T17:32:01.542+0000] {dag.py:3239} INFO - Sync 1 DAGs
[2025-03-26T17:32:01.567+0000] {logging_mixin.py:190} INFO - [2025-03-26T17:32:01.566+0000] {dag.py:4180} INFO - Setting next_dagrun for example_sla_dag to 2025-03-26 17:30:00+00:00, run_after=2025-03-26 17:32:00+00:00
[2025-03-26T17:32:01.593+0000] {processor.py:208} INFO - Processing /home/ubuntu/customer_churn_youtube_venv/lib/python3.12/site-packages/airflow/example_dags/example_sla_dag.py took 0.091 seconds
[2025-03-26T17:32:54.215+0000] {processor.py:186} INFO - Started process (PID=7567) to work on /home/ubuntu/customer_churn_youtube_venv/lib/python3.12/site-packages/airflow/example_dags/example_sla_dag.py
[2025-03-26T17:32:54.217+0000] {processor.py:914} INFO - Processing file /home/ubuntu/customer_churn_youtube_venv/lib/python3.12/site-packages/airflow/example_dags/example_sla_dag.py for tasks to queue
[2025-03-26T17:32:54.220+0000] {logging_mixin.py:190} INFO - [2025-03-26T17:32:54.219+0000] {dagbag.py:588} INFO - Filling up the DagBag from /home/ubuntu/customer_churn_youtube_venv/lib/python3.12/site-packages/airflow/example_dags/example_sla_dag.py
[2025-03-26T17:32:54.230+0000] {processor.py:925} INFO - DAG(s) 'example_sla_dag' retrieved from /home/ubuntu/customer_churn_youtube_venv/lib/python3.12/site-packages/airflow/example_dags/example_sla_dag.py
[2025-03-26T17:32:54.244+0000] {logging_mixin.py:190} INFO - [2025-03-26T17:32:54.244+0000] {dag.py:3239} INFO - Sync 1 DAGs
[2025-03-26T17:32:54.265+0000] {logging_mixin.py:190} INFO - [2025-03-26T17:32:54.265+0000] {dag.py:4180} INFO - Setting next_dagrun for example_sla_dag to 2025-03-26 17:30:00+00:00, run_after=2025-03-26 17:32:00+00:00
[2025-03-26T17:32:54.288+0000] {processor.py:208} INFO - Processing /home/ubuntu/customer_churn_youtube_venv/lib/python3.12/site-packages/airflow/example_dags/example_sla_dag.py took 0.078 seconds
[2025-03-26T17:33:45.758+0000] {processor.py:186} INFO - Started process (PID=7621) to work on /home/ubuntu/customer_churn_youtube_venv/lib/python3.12/site-packages/airflow/example_dags/example_sla_dag.py
[2025-03-26T17:33:45.760+0000] {processor.py:914} INFO - Processing file /home/ubuntu/customer_churn_youtube_venv/lib/python3.12/site-packages/airflow/example_dags/example_sla_dag.py for tasks to queue
[2025-03-26T17:33:45.763+0000] {logging_mixin.py:190} INFO - [2025-03-26T17:33:45.763+0000] {dagbag.py:588} INFO - Filling up the DagBag from /home/ubuntu/customer_churn_youtube_venv/lib/python3.12/site-packages/airflow/example_dags/example_sla_dag.py
[2025-03-26T17:33:45.775+0000] {processor.py:925} INFO - DAG(s) 'example_sla_dag' retrieved from /home/ubuntu/customer_churn_youtube_venv/lib/python3.12/site-packages/airflow/example_dags/example_sla_dag.py
[2025-03-26T17:33:45.788+0000] {logging_mixin.py:190} INFO - [2025-03-26T17:33:45.788+0000] {dag.py:3239} INFO - Sync 1 DAGs
[2025-03-26T17:33:45.810+0000] {logging_mixin.py:190} INFO - [2025-03-26T17:33:45.809+0000] {dag.py:4180} INFO - Setting next_dagrun for example_sla_dag to 2025-03-26 17:30:00+00:00, run_after=2025-03-26 17:32:00+00:00
[2025-03-26T17:33:45.829+0000] {processor.py:208} INFO - Processing /home/ubuntu/customer_churn_youtube_venv/lib/python3.12/site-packages/airflow/example_dags/example_sla_dag.py took 0.076 seconds
[2025-03-26T17:34:36.282+0000] {processor.py:186} INFO - Started process (PID=7673) to work on /home/ubuntu/customer_churn_youtube_venv/lib/python3.12/site-packages/airflow/example_dags/example_sla_dag.py
[2025-03-26T17:34:36.284+0000] {processor.py:914} INFO - Processing file /home/ubuntu/customer_churn_youtube_venv/lib/python3.12/site-packages/airflow/example_dags/example_sla_dag.py for tasks to queue
[2025-03-26T17:34:36.286+0000] {logging_mixin.py:190} INFO - [2025-03-26T17:34:36.286+0000] {dagbag.py:588} INFO - Filling up the DagBag from /home/ubuntu/customer_churn_youtube_venv/lib/python3.12/site-packages/airflow/example_dags/example_sla_dag.py
[2025-03-26T17:34:36.296+0000] {processor.py:925} INFO - DAG(s) 'example_sla_dag' retrieved from /home/ubuntu/customer_churn_youtube_venv/lib/python3.12/site-packages/airflow/example_dags/example_sla_dag.py
[2025-03-26T17:34:36.311+0000] {logging_mixin.py:190} INFO - [2025-03-26T17:34:36.310+0000] {dag.py:3239} INFO - Sync 1 DAGs
[2025-03-26T17:34:36.332+0000] {logging_mixin.py:190} INFO - [2025-03-26T17:34:36.332+0000] {dag.py:4180} INFO - Setting next_dagrun for example_sla_dag to 2025-03-26 17:32:00+00:00, run_after=2025-03-26 17:34:00+00:00
[2025-03-26T17:34:36.355+0000] {processor.py:208} INFO - Processing /home/ubuntu/customer_churn_youtube_venv/lib/python3.12/site-packages/airflow/example_dags/example_sla_dag.py took 0.080 seconds
[2025-03-26T17:35:29.914+0000] {processor.py:186} INFO - Started process (PID=7734) to work on /home/ubuntu/customer_churn_youtube_venv/lib/python3.12/site-packages/airflow/example_dags/example_sla_dag.py
[2025-03-26T17:35:29.915+0000] {processor.py:914} INFO - Processing file /home/ubuntu/customer_churn_youtube_venv/lib/python3.12/site-packages/airflow/example_dags/example_sla_dag.py for tasks to queue
[2025-03-26T17:35:29.919+0000] {logging_mixin.py:190} INFO - [2025-03-26T17:35:29.918+0000] {dagbag.py:588} INFO - Filling up the DagBag from /home/ubuntu/customer_churn_youtube_venv/lib/python3.12/site-packages/airflow/example_dags/example_sla_dag.py
[2025-03-26T17:35:29.929+0000] {processor.py:925} INFO - DAG(s) 'example_sla_dag' retrieved from /home/ubuntu/customer_churn_youtube_venv/lib/python3.12/site-packages/airflow/example_dags/example_sla_dag.py
[2025-03-26T17:35:29.944+0000] {logging_mixin.py:190} INFO - [2025-03-26T17:35:29.943+0000] {dag.py:3239} INFO - Sync 1 DAGs
[2025-03-26T17:35:29.965+0000] {logging_mixin.py:190} INFO - [2025-03-26T17:35:29.964+0000] {dag.py:4180} INFO - Setting next_dagrun for example_sla_dag to 2025-03-26 17:32:00+00:00, run_after=2025-03-26 17:34:00+00:00
[2025-03-26T17:35:29.986+0000] {processor.py:208} INFO - Processing /home/ubuntu/customer_churn_youtube_venv/lib/python3.12/site-packages/airflow/example_dags/example_sla_dag.py took 0.078 seconds
[2025-03-26T17:36:23.626+0000] {processor.py:186} INFO - Started process (PID=7790) to work on /home/ubuntu/customer_churn_youtube_venv/lib/python3.12/site-packages/airflow/example_dags/example_sla_dag.py
[2025-03-26T17:36:23.628+0000] {processor.py:914} INFO - Processing file /home/ubuntu/customer_churn_youtube_venv/lib/python3.12/site-packages/airflow/example_dags/example_sla_dag.py for tasks to queue
[2025-03-26T17:36:23.631+0000] {logging_mixin.py:190} INFO - [2025-03-26T17:36:23.630+0000] {dagbag.py:588} INFO - Filling up the DagBag from /home/ubuntu/customer_churn_youtube_venv/lib/python3.12/site-packages/airflow/example_dags/example_sla_dag.py
[2025-03-26T17:36:23.641+0000] {processor.py:925} INFO - DAG(s) 'example_sla_dag' retrieved from /home/ubuntu/customer_churn_youtube_venv/lib/python3.12/site-packages/airflow/example_dags/example_sla_dag.py
[2025-03-26T17:36:23.656+0000] {logging_mixin.py:190} INFO - [2025-03-26T17:36:23.656+0000] {dag.py:3239} INFO - Sync 1 DAGs
[2025-03-26T17:36:23.677+0000] {logging_mixin.py:190} INFO - [2025-03-26T17:36:23.677+0000] {dag.py:4180} INFO - Setting next_dagrun for example_sla_dag to 2025-03-26 17:34:00+00:00, run_after=2025-03-26 17:36:00+00:00
[2025-03-26T17:36:23.698+0000] {processor.py:208} INFO - Processing /home/ubuntu/customer_churn_youtube_venv/lib/python3.12/site-packages/airflow/example_dags/example_sla_dag.py took 0.078 seconds
