[2025-03-26T17:14:03.549+0000] {processor.py:186} INFO - Started process (PID=6303) to work on /home/ubuntu/customer_churn_youtube_venv/lib/python3.12/site-packages/airflow/example_dags/example_datasets.py
[2025-03-26T17:14:03.550+0000] {processor.py:914} INFO - Processing file /home/ubuntu/customer_churn_youtube_venv/lib/python3.12/site-packages/airflow/example_dags/example_datasets.py for tasks to queue
[2025-03-26T17:14:03.551+0000] {logging_mixin.py:190} INFO - [2025-03-26T17:14:03.551+0000] {dagbag.py:588} INFO - Filling up the DagBag from /home/ubuntu/customer_churn_youtube_venv/lib/python3.12/site-packages/airflow/example_dags/example_datasets.py
[2025-03-26T17:14:03.659+0000] {processor.py:925} INFO - DAG(s) 'dataset_consumes_1_and_2', 'dataset_consumes_1_never_scheduled', 'dataset_consumes_1', 'dataset_produces_1', 'dataset_produces_2', 'consume_1_or_both_2_and_3_with_dataset_expressions', 'consume_1_and_2_with_dataset_expressions', 'dataset_consumes_unknown_never_scheduled', 'consume_1_or_2_with_dataset_expressions', 'conditional_dataset_and_time_based_timetable' retrieved from /home/ubuntu/customer_churn_youtube_venv/lib/python3.12/site-packages/airflow/example_dags/example_datasets.py
[2025-03-26T17:14:03.759+0000] {logging_mixin.py:190} INFO - [2025-03-26T17:14:03.759+0000] {override.py:1930} INFO - Created Permission View: can edit on DAG:dataset_consumes_1_and_2
[2025-03-26T17:14:03.773+0000] {logging_mixin.py:190} INFO - [2025-03-26T17:14:03.772+0000] {override.py:1930} INFO - Created Permission View: can read on DAG:dataset_consumes_1_and_2
[2025-03-26T17:14:03.783+0000] {logging_mixin.py:190} INFO - [2025-03-26T17:14:03.783+0000] {override.py:1930} INFO - Created Permission View: can delete on DAG:dataset_consumes_1_and_2
[2025-03-26T17:14:03.802+0000] {logging_mixin.py:190} INFO - [2025-03-26T17:14:03.800+0000] {override.py:1930} INFO - Created Permission View: menu access on DAG Run:dataset_consumes_1_and_2
[2025-03-26T17:14:03.811+0000] {logging_mixin.py:190} INFO - [2025-03-26T17:14:03.811+0000] {override.py:1930} INFO - Created Permission View: can create on DAG Run:dataset_consumes_1_and_2
[2025-03-26T17:14:03.821+0000] {logging_mixin.py:190} INFO - [2025-03-26T17:14:03.820+0000] {override.py:1930} INFO - Created Permission View: can delete on DAG Run:dataset_consumes_1_and_2
[2025-03-26T17:14:03.831+0000] {logging_mixin.py:190} INFO - [2025-03-26T17:14:03.831+0000] {override.py:1930} INFO - Created Permission View: can read on DAG Run:dataset_consumes_1_and_2
[2025-03-26T17:14:03.856+0000] {logging_mixin.py:190} INFO - [2025-03-26T17:14:03.856+0000] {override.py:1930} INFO - Created Permission View: can edit on DAG:dataset_consumes_1_never_scheduled
[2025-03-26T17:14:03.866+0000] {logging_mixin.py:190} INFO - [2025-03-26T17:14:03.865+0000] {override.py:1930} INFO - Created Permission View: can read on DAG:dataset_consumes_1_never_scheduled
[2025-03-26T17:14:03.877+0000] {logging_mixin.py:190} INFO - [2025-03-26T17:14:03.877+0000] {override.py:1930} INFO - Created Permission View: can delete on DAG:dataset_consumes_1_never_scheduled
[2025-03-26T17:14:03.895+0000] {logging_mixin.py:190} INFO - [2025-03-26T17:14:03.895+0000] {override.py:1930} INFO - Created Permission View: menu access on DAG Run:dataset_consumes_1_never_scheduled
[2025-03-26T17:14:03.907+0000] {logging_mixin.py:190} INFO - [2025-03-26T17:14:03.906+0000] {override.py:1930} INFO - Created Permission View: can create on DAG Run:dataset_consumes_1_never_scheduled
[2025-03-26T17:14:03.918+0000] {logging_mixin.py:190} INFO - [2025-03-26T17:14:03.918+0000] {override.py:1930} INFO - Created Permission View: can delete on DAG Run:dataset_consumes_1_never_scheduled
[2025-03-26T17:14:03.928+0000] {logging_mixin.py:190} INFO - [2025-03-26T17:14:03.928+0000] {override.py:1930} INFO - Created Permission View: can read on DAG Run:dataset_consumes_1_never_scheduled
[2025-03-26T17:14:03.953+0000] {logging_mixin.py:190} INFO - [2025-03-26T17:14:03.953+0000] {override.py:1930} INFO - Created Permission View: can edit on DAG:dataset_consumes_1
[2025-03-26T17:14:03.964+0000] {logging_mixin.py:190} INFO - [2025-03-26T17:14:03.964+0000] {override.py:1930} INFO - Created Permission View: can read on DAG:dataset_consumes_1
[2025-03-26T17:14:03.976+0000] {logging_mixin.py:190} INFO - [2025-03-26T17:14:03.976+0000] {override.py:1930} INFO - Created Permission View: can delete on DAG:dataset_consumes_1
[2025-03-26T17:14:03.994+0000] {logging_mixin.py:190} INFO - [2025-03-26T17:14:03.994+0000] {override.py:1930} INFO - Created Permission View: menu access on DAG Run:dataset_consumes_1
[2025-03-26T17:14:04.004+0000] {logging_mixin.py:190} INFO - [2025-03-26T17:14:04.004+0000] {override.py:1930} INFO - Created Permission View: can create on DAG Run:dataset_consumes_1
[2025-03-26T17:14:04.015+0000] {logging_mixin.py:190} INFO - [2025-03-26T17:14:04.014+0000] {override.py:1930} INFO - Created Permission View: can delete on DAG Run:dataset_consumes_1
[2025-03-26T17:14:04.025+0000] {logging_mixin.py:190} INFO - [2025-03-26T17:14:04.024+0000] {override.py:1930} INFO - Created Permission View: can read on DAG Run:dataset_consumes_1
[2025-03-26T17:14:04.048+0000] {logging_mixin.py:190} INFO - [2025-03-26T17:14:04.047+0000] {override.py:1930} INFO - Created Permission View: can edit on DAG:dataset_produces_1
[2025-03-26T17:14:04.058+0000] {logging_mixin.py:190} INFO - [2025-03-26T17:14:04.058+0000] {override.py:1930} INFO - Created Permission View: can read on DAG:dataset_produces_1
[2025-03-26T17:14:04.069+0000] {logging_mixin.py:190} INFO - [2025-03-26T17:14:04.069+0000] {override.py:1930} INFO - Created Permission View: can delete on DAG:dataset_produces_1
[2025-03-26T17:14:04.086+0000] {logging_mixin.py:190} INFO - [2025-03-26T17:14:04.086+0000] {override.py:1930} INFO - Created Permission View: menu access on DAG Run:dataset_produces_1
[2025-03-26T17:14:04.097+0000] {logging_mixin.py:190} INFO - [2025-03-26T17:14:04.097+0000] {override.py:1930} INFO - Created Permission View: can create on DAG Run:dataset_produces_1
[2025-03-26T17:14:04.108+0000] {logging_mixin.py:190} INFO - [2025-03-26T17:14:04.108+0000] {override.py:1930} INFO - Created Permission View: can delete on DAG Run:dataset_produces_1
[2025-03-26T17:14:04.119+0000] {logging_mixin.py:190} INFO - [2025-03-26T17:14:04.119+0000] {override.py:1930} INFO - Created Permission View: can read on DAG Run:dataset_produces_1
[2025-03-26T17:14:04.145+0000] {logging_mixin.py:190} INFO - [2025-03-26T17:14:04.145+0000] {override.py:1930} INFO - Created Permission View: can edit on DAG:dataset_produces_2
[2025-03-26T17:14:04.156+0000] {logging_mixin.py:190} INFO - [2025-03-26T17:14:04.155+0000] {override.py:1930} INFO - Created Permission View: can read on DAG:dataset_produces_2
[2025-03-26T17:14:04.168+0000] {logging_mixin.py:190} INFO - [2025-03-26T17:14:04.168+0000] {override.py:1930} INFO - Created Permission View: can delete on DAG:dataset_produces_2
[2025-03-26T17:14:04.187+0000] {logging_mixin.py:190} INFO - [2025-03-26T17:14:04.186+0000] {override.py:1930} INFO - Created Permission View: menu access on DAG Run:dataset_produces_2
[2025-03-26T17:14:04.197+0000] {logging_mixin.py:190} INFO - [2025-03-26T17:14:04.196+0000] {override.py:1930} INFO - Created Permission View: can create on DAG Run:dataset_produces_2
[2025-03-26T17:14:04.208+0000] {logging_mixin.py:190} INFO - [2025-03-26T17:14:04.208+0000] {override.py:1930} INFO - Created Permission View: can delete on DAG Run:dataset_produces_2
[2025-03-26T17:14:04.219+0000] {logging_mixin.py:190} INFO - [2025-03-26T17:14:04.218+0000] {override.py:1930} INFO - Created Permission View: can read on DAG Run:dataset_produces_2
[2025-03-26T17:14:04.241+0000] {logging_mixin.py:190} INFO - [2025-03-26T17:14:04.241+0000] {override.py:1930} INFO - Created Permission View: can edit on DAG:consume_1_or_both_2_and_3_with_dataset_expressions
[2025-03-26T17:14:04.252+0000] {logging_mixin.py:190} INFO - [2025-03-26T17:14:04.252+0000] {override.py:1930} INFO - Created Permission View: can read on DAG:consume_1_or_both_2_and_3_with_dataset_expressions
[2025-03-26T17:14:04.262+0000] {logging_mixin.py:190} INFO - [2025-03-26T17:14:04.262+0000] {override.py:1930} INFO - Created Permission View: can delete on DAG:consume_1_or_both_2_and_3_with_dataset_expressions
[2025-03-26T17:14:04.278+0000] {logging_mixin.py:190} INFO - [2025-03-26T17:14:04.278+0000] {override.py:1930} INFO - Created Permission View: menu access on DAG Run:consume_1_or_both_2_and_3_with_dataset_expressions
[2025-03-26T17:14:04.289+0000] {logging_mixin.py:190} INFO - [2025-03-26T17:14:04.289+0000] {override.py:1930} INFO - Created Permission View: can create on DAG Run:consume_1_or_both_2_and_3_with_dataset_expressions
[2025-03-26T17:14:04.300+0000] {logging_mixin.py:190} INFO - [2025-03-26T17:14:04.299+0000] {override.py:1930} INFO - Created Permission View: can delete on DAG Run:consume_1_or_both_2_and_3_with_dataset_expressions
[2025-03-26T17:14:04.309+0000] {logging_mixin.py:190} INFO - [2025-03-26T17:14:04.309+0000] {override.py:1930} INFO - Created Permission View: can read on DAG Run:consume_1_or_both_2_and_3_with_dataset_expressions
[2025-03-26T17:14:04.332+0000] {logging_mixin.py:190} INFO - [2025-03-26T17:14:04.332+0000] {override.py:1930} INFO - Created Permission View: can edit on DAG:consume_1_and_2_with_dataset_expressions
[2025-03-26T17:14:04.342+0000] {logging_mixin.py:190} INFO - [2025-03-26T17:14:04.342+0000] {override.py:1930} INFO - Created Permission View: can read on DAG:consume_1_and_2_with_dataset_expressions
[2025-03-26T17:14:04.354+0000] {logging_mixin.py:190} INFO - [2025-03-26T17:14:04.353+0000] {override.py:1930} INFO - Created Permission View: can delete on DAG:consume_1_and_2_with_dataset_expressions
[2025-03-26T17:14:04.371+0000] {logging_mixin.py:190} INFO - [2025-03-26T17:14:04.371+0000] {override.py:1930} INFO - Created Permission View: menu access on DAG Run:consume_1_and_2_with_dataset_expressions
[2025-03-26T17:14:04.382+0000] {logging_mixin.py:190} INFO - [2025-03-26T17:14:04.382+0000] {override.py:1930} INFO - Created Permission View: can create on DAG Run:consume_1_and_2_with_dataset_expressions
[2025-03-26T17:14:04.392+0000] {logging_mixin.py:190} INFO - [2025-03-26T17:14:04.392+0000] {override.py:1930} INFO - Created Permission View: can delete on DAG Run:consume_1_and_2_with_dataset_expressions
[2025-03-26T17:14:04.403+0000] {logging_mixin.py:190} INFO - [2025-03-26T17:14:04.403+0000] {override.py:1930} INFO - Created Permission View: can read on DAG Run:consume_1_and_2_with_dataset_expressions
[2025-03-26T17:14:04.426+0000] {logging_mixin.py:190} INFO - [2025-03-26T17:14:04.426+0000] {override.py:1930} INFO - Created Permission View: can edit on DAG:dataset_consumes_unknown_never_scheduled
[2025-03-26T17:14:04.437+0000] {logging_mixin.py:190} INFO - [2025-03-26T17:14:04.437+0000] {override.py:1930} INFO - Created Permission View: can read on DAG:dataset_consumes_unknown_never_scheduled
[2025-03-26T17:14:04.448+0000] {logging_mixin.py:190} INFO - [2025-03-26T17:14:04.447+0000] {override.py:1930} INFO - Created Permission View: can delete on DAG:dataset_consumes_unknown_never_scheduled
[2025-03-26T17:14:04.465+0000] {logging_mixin.py:190} INFO - [2025-03-26T17:14:04.465+0000] {override.py:1930} INFO - Created Permission View: menu access on DAG Run:dataset_consumes_unknown_never_scheduled
[2025-03-26T17:14:04.476+0000] {logging_mixin.py:190} INFO - [2025-03-26T17:14:04.475+0000] {override.py:1930} INFO - Created Permission View: can create on DAG Run:dataset_consumes_unknown_never_scheduled
[2025-03-26T17:14:04.487+0000] {logging_mixin.py:190} INFO - [2025-03-26T17:14:04.487+0000] {override.py:1930} INFO - Created Permission View: can delete on DAG Run:dataset_consumes_unknown_never_scheduled
[2025-03-26T17:14:04.498+0000] {logging_mixin.py:190} INFO - [2025-03-26T17:14:04.497+0000] {override.py:1930} INFO - Created Permission View: can read on DAG Run:dataset_consumes_unknown_never_scheduled
[2025-03-26T17:14:04.521+0000] {logging_mixin.py:190} INFO - [2025-03-26T17:14:04.521+0000] {override.py:1930} INFO - Created Permission View: can edit on DAG:consume_1_or_2_with_dataset_expressions
[2025-03-26T17:14:04.532+0000] {logging_mixin.py:190} INFO - [2025-03-26T17:14:04.531+0000] {override.py:1930} INFO - Created Permission View: can read on DAG:consume_1_or_2_with_dataset_expressions
[2025-03-26T17:14:04.543+0000] {logging_mixin.py:190} INFO - [2025-03-26T17:14:04.543+0000] {override.py:1930} INFO - Created Permission View: can delete on DAG:consume_1_or_2_with_dataset_expressions
[2025-03-26T17:14:04.560+0000] {logging_mixin.py:190} INFO - [2025-03-26T17:14:04.560+0000] {override.py:1930} INFO - Created Permission View: menu access on DAG Run:consume_1_or_2_with_dataset_expressions
[2025-03-26T17:14:04.572+0000] {logging_mixin.py:190} INFO - [2025-03-26T17:14:04.571+0000] {override.py:1930} INFO - Created Permission View: can create on DAG Run:consume_1_or_2_with_dataset_expressions
[2025-03-26T17:14:04.583+0000] {logging_mixin.py:190} INFO - [2025-03-26T17:14:04.582+0000] {override.py:1930} INFO - Created Permission View: can delete on DAG Run:consume_1_or_2_with_dataset_expressions
[2025-03-26T17:14:04.594+0000] {logging_mixin.py:190} INFO - [2025-03-26T17:14:04.594+0000] {override.py:1930} INFO - Created Permission View: can read on DAG Run:consume_1_or_2_with_dataset_expressions
[2025-03-26T17:14:04.618+0000] {logging_mixin.py:190} INFO - [2025-03-26T17:14:04.618+0000] {override.py:1930} INFO - Created Permission View: can edit on DAG:conditional_dataset_and_time_based_timetable
[2025-03-26T17:14:04.629+0000] {logging_mixin.py:190} INFO - [2025-03-26T17:14:04.628+0000] {override.py:1930} INFO - Created Permission View: can read on DAG:conditional_dataset_and_time_based_timetable
[2025-03-26T17:14:04.639+0000] {logging_mixin.py:190} INFO - [2025-03-26T17:14:04.639+0000] {override.py:1930} INFO - Created Permission View: can delete on DAG:conditional_dataset_and_time_based_timetable
[2025-03-26T17:14:04.659+0000] {logging_mixin.py:190} INFO - [2025-03-26T17:14:04.658+0000] {override.py:1930} INFO - Created Permission View: menu access on DAG Run:conditional_dataset_and_time_based_timetable
[2025-03-26T17:14:04.669+0000] {logging_mixin.py:190} INFO - [2025-03-26T17:14:04.669+0000] {override.py:1930} INFO - Created Permission View: can create on DAG Run:conditional_dataset_and_time_based_timetable
[2025-03-26T17:14:04.679+0000] {logging_mixin.py:190} INFO - [2025-03-26T17:14:04.679+0000] {override.py:1930} INFO - Created Permission View: can delete on DAG Run:conditional_dataset_and_time_based_timetable
[2025-03-26T17:14:04.690+0000] {logging_mixin.py:190} INFO - [2025-03-26T17:14:04.690+0000] {override.py:1930} INFO - Created Permission View: can read on DAG Run:conditional_dataset_and_time_based_timetable
[2025-03-26T17:14:04.690+0000] {logging_mixin.py:190} INFO - [2025-03-26T17:14:04.690+0000] {dag.py:3239} INFO - Sync 10 DAGs
[2025-03-26T17:14:04.701+0000] {logging_mixin.py:190} INFO - [2025-03-26T17:14:04.701+0000] {dag.py:3262} INFO - Creating ORM DAG for consume_1_and_2_with_dataset_expressions
[2025-03-26T17:14:04.702+0000] {logging_mixin.py:190} INFO - [2025-03-26T17:14:04.702+0000] {dag.py:3262} INFO - Creating ORM DAG for dataset_produces_2
[2025-03-26T17:14:04.702+0000] {logging_mixin.py:190} INFO - [2025-03-26T17:14:04.702+0000] {dag.py:3262} INFO - Creating ORM DAG for dataset_consumes_1
[2025-03-26T17:14:04.702+0000] {logging_mixin.py:190} INFO - [2025-03-26T17:14:04.702+0000] {dag.py:3262} INFO - Creating ORM DAG for dataset_consumes_1_and_2
[2025-03-26T17:14:04.703+0000] {logging_mixin.py:190} INFO - [2025-03-26T17:14:04.703+0000] {dag.py:3262} INFO - Creating ORM DAG for consume_1_or_both_2_and_3_with_dataset_expressions
[2025-03-26T17:14:04.703+0000] {logging_mixin.py:190} INFO - [2025-03-26T17:14:04.703+0000] {dag.py:3262} INFO - Creating ORM DAG for dataset_consumes_unknown_never_scheduled
[2025-03-26T17:14:04.703+0000] {logging_mixin.py:190} INFO - [2025-03-26T17:14:04.703+0000] {dag.py:3262} INFO - Creating ORM DAG for consume_1_or_2_with_dataset_expressions
[2025-03-26T17:14:04.703+0000] {logging_mixin.py:190} INFO - [2025-03-26T17:14:04.703+0000] {dag.py:3262} INFO - Creating ORM DAG for conditional_dataset_and_time_based_timetable
[2025-03-26T17:14:04.704+0000] {logging_mixin.py:190} INFO - [2025-03-26T17:14:04.704+0000] {dag.py:3262} INFO - Creating ORM DAG for dataset_consumes_1_never_scheduled
[2025-03-26T17:14:04.704+0000] {logging_mixin.py:190} INFO - [2025-03-26T17:14:04.704+0000] {dag.py:3262} INFO - Creating ORM DAG for dataset_produces_1
[2025-03-26T17:14:04.713+0000] {logging_mixin.py:190} INFO - [2025-03-26T17:14:04.713+0000] {dag.py:4180} INFO - Setting next_dagrun for conditional_dataset_and_time_based_timetable to 2025-03-26 01:00:00+00:00, run_after=2025-03-26 01:00:00+00:00
[2025-03-26T17:14:04.714+0000] {logging_mixin.py:190} INFO - [2025-03-26T17:14:04.713+0000] {dag.py:4180} INFO - Setting next_dagrun for consume_1_and_2_with_dataset_expressions to None, run_after=None
[2025-03-26T17:14:04.714+0000] {logging_mixin.py:190} INFO - [2025-03-26T17:14:04.714+0000] {dag.py:4180} INFO - Setting next_dagrun for consume_1_or_2_with_dataset_expressions to None, run_after=None
[2025-03-26T17:14:04.714+0000] {logging_mixin.py:190} INFO - [2025-03-26T17:14:04.714+0000] {dag.py:4180} INFO - Setting next_dagrun for consume_1_or_both_2_and_3_with_dataset_expressions to None, run_after=None
[2025-03-26T17:14:04.714+0000] {logging_mixin.py:190} INFO - [2025-03-26T17:14:04.714+0000] {dag.py:4180} INFO - Setting next_dagrun for dataset_consumes_1 to None, run_after=None
[2025-03-26T17:14:04.715+0000] {logging_mixin.py:190} INFO - [2025-03-26T17:14:04.714+0000] {dag.py:4180} INFO - Setting next_dagrun for dataset_consumes_1_and_2 to None, run_after=None
[2025-03-26T17:14:04.715+0000] {logging_mixin.py:190} INFO - [2025-03-26T17:14:04.715+0000] {dag.py:4180} INFO - Setting next_dagrun for dataset_consumes_1_never_scheduled to None, run_after=None
[2025-03-26T17:14:04.715+0000] {logging_mixin.py:190} INFO - [2025-03-26T17:14:04.715+0000] {dag.py:4180} INFO - Setting next_dagrun for dataset_consumes_unknown_never_scheduled to None, run_after=None
[2025-03-26T17:14:04.716+0000] {logging_mixin.py:190} INFO - [2025-03-26T17:14:04.716+0000] {dag.py:4180} INFO - Setting next_dagrun for dataset_produces_1 to 2025-03-25 00:00:00+00:00, run_after=2025-03-26 00:00:00+00:00
[2025-03-26T17:14:04.717+0000] {logging_mixin.py:190} INFO - [2025-03-26T17:14:04.717+0000] {dag.py:4180} INFO - Setting next_dagrun for dataset_produces_2 to None, run_after=None
[2025-03-26T17:14:04.752+0000] {processor.py:208} INFO - Processing /home/ubuntu/customer_churn_youtube_venv/lib/python3.12/site-packages/airflow/example_dags/example_datasets.py took 1.209 seconds
[2025-03-26T17:15:06.939+0000] {processor.py:186} INFO - Started process (PID=6370) to work on /home/ubuntu/customer_churn_youtube_venv/lib/python3.12/site-packages/airflow/example_dags/example_datasets.py
[2025-03-26T17:15:06.941+0000] {processor.py:914} INFO - Processing file /home/ubuntu/customer_churn_youtube_venv/lib/python3.12/site-packages/airflow/example_dags/example_datasets.py for tasks to queue
[2025-03-26T17:15:06.942+0000] {logging_mixin.py:190} INFO - [2025-03-26T17:15:06.942+0000] {dagbag.py:588} INFO - Filling up the DagBag from /home/ubuntu/customer_churn_youtube_venv/lib/python3.12/site-packages/airflow/example_dags/example_datasets.py
[2025-03-26T17:15:07.052+0000] {processor.py:925} INFO - DAG(s) 'dataset_consumes_1_and_2', 'dataset_produces_1', 'consume_1_or_both_2_and_3_with_dataset_expressions', 'consume_1_and_2_with_dataset_expressions', 'conditional_dataset_and_time_based_timetable', 'dataset_consumes_1_never_scheduled', 'dataset_produces_2', 'dataset_consumes_1', 'dataset_consumes_unknown_never_scheduled', 'consume_1_or_2_with_dataset_expressions' retrieved from /home/ubuntu/customer_churn_youtube_venv/lib/python3.12/site-packages/airflow/example_dags/example_datasets.py
[2025-03-26T17:15:07.084+0000] {logging_mixin.py:190} INFO - [2025-03-26T17:15:07.083+0000] {dag.py:3239} INFO - Sync 10 DAGs
[2025-03-26T17:15:07.106+0000] {logging_mixin.py:190} INFO - [2025-03-26T17:15:07.106+0000] {dag.py:4180} INFO - Setting next_dagrun for conditional_dataset_and_time_based_timetable to 2025-03-26 01:00:00+00:00, run_after=2025-03-26 01:00:00+00:00
[2025-03-26T17:15:07.110+0000] {logging_mixin.py:190} INFO - [2025-03-26T17:15:07.109+0000] {dag.py:4180} INFO - Setting next_dagrun for consume_1_and_2_with_dataset_expressions to None, run_after=None
[2025-03-26T17:15:07.111+0000] {logging_mixin.py:190} INFO - [2025-03-26T17:15:07.111+0000] {dag.py:4180} INFO - Setting next_dagrun for consume_1_or_2_with_dataset_expressions to None, run_after=None
[2025-03-26T17:15:07.111+0000] {logging_mixin.py:190} INFO - [2025-03-26T17:15:07.111+0000] {dag.py:4180} INFO - Setting next_dagrun for consume_1_or_both_2_and_3_with_dataset_expressions to None, run_after=None
[2025-03-26T17:15:07.112+0000] {logging_mixin.py:190} INFO - [2025-03-26T17:15:07.112+0000] {dag.py:4180} INFO - Setting next_dagrun for dataset_consumes_1 to None, run_after=None
[2025-03-26T17:15:07.113+0000] {logging_mixin.py:190} INFO - [2025-03-26T17:15:07.112+0000] {dag.py:4180} INFO - Setting next_dagrun for dataset_consumes_1_and_2 to None, run_after=None
[2025-03-26T17:15:07.114+0000] {logging_mixin.py:190} INFO - [2025-03-26T17:15:07.113+0000] {dag.py:4180} INFO - Setting next_dagrun for dataset_consumes_1_never_scheduled to None, run_after=None
[2025-03-26T17:15:07.114+0000] {logging_mixin.py:190} INFO - [2025-03-26T17:15:07.114+0000] {dag.py:4180} INFO - Setting next_dagrun for dataset_consumes_unknown_never_scheduled to None, run_after=None
[2025-03-26T17:15:07.116+0000] {logging_mixin.py:190} INFO - [2025-03-26T17:15:07.116+0000] {dag.py:4180} INFO - Setting next_dagrun for dataset_produces_1 to 2025-03-25 00:00:00+00:00, run_after=2025-03-26 00:00:00+00:00
[2025-03-26T17:15:07.117+0000] {logging_mixin.py:190} INFO - [2025-03-26T17:15:07.117+0000] {dag.py:4180} INFO - Setting next_dagrun for dataset_produces_2 to None, run_after=None
[2025-03-26T17:15:07.147+0000] {processor.py:208} INFO - Processing /home/ubuntu/customer_churn_youtube_venv/lib/python3.12/site-packages/airflow/example_dags/example_datasets.py took 0.213 seconds
[2025-03-26T17:16:03.162+0000] {processor.py:186} INFO - Started process (PID=6427) to work on /home/ubuntu/customer_churn_youtube_venv/lib/python3.12/site-packages/airflow/example_dags/example_datasets.py
[2025-03-26T17:16:03.163+0000] {processor.py:914} INFO - Processing file /home/ubuntu/customer_churn_youtube_venv/lib/python3.12/site-packages/airflow/example_dags/example_datasets.py for tasks to queue
[2025-03-26T17:16:03.165+0000] {logging_mixin.py:190} INFO - [2025-03-26T17:16:03.165+0000] {dagbag.py:588} INFO - Filling up the DagBag from /home/ubuntu/customer_churn_youtube_venv/lib/python3.12/site-packages/airflow/example_dags/example_datasets.py
[2025-03-26T17:16:03.274+0000] {processor.py:925} INFO - DAG(s) 'dataset_consumes_1_and_2', 'dataset_consumes_unknown_never_scheduled', 'dataset_consumes_1', 'dataset_produces_1', 'consume_1_or_both_2_and_3_with_dataset_expressions', 'consume_1_and_2_with_dataset_expressions', 'conditional_dataset_and_time_based_timetable', 'dataset_produces_2', 'consume_1_or_2_with_dataset_expressions', 'dataset_consumes_1_never_scheduled' retrieved from /home/ubuntu/customer_churn_youtube_venv/lib/python3.12/site-packages/airflow/example_dags/example_datasets.py
[2025-03-26T17:16:03.305+0000] {logging_mixin.py:190} INFO - [2025-03-26T17:16:03.305+0000] {dag.py:3239} INFO - Sync 10 DAGs
[2025-03-26T17:16:03.451+0000] {logging_mixin.py:190} INFO - [2025-03-26T17:16:03.451+0000] {dag.py:4180} INFO - Setting next_dagrun for conditional_dataset_and_time_based_timetable to 2025-03-26 01:00:00+00:00, run_after=2025-03-26 01:00:00+00:00
[2025-03-26T17:16:03.455+0000] {logging_mixin.py:190} INFO - [2025-03-26T17:16:03.455+0000] {dag.py:4180} INFO - Setting next_dagrun for consume_1_and_2_with_dataset_expressions to None, run_after=None
[2025-03-26T17:16:03.456+0000] {logging_mixin.py:190} INFO - [2025-03-26T17:16:03.456+0000] {dag.py:4180} INFO - Setting next_dagrun for consume_1_or_2_with_dataset_expressions to None, run_after=None
[2025-03-26T17:16:03.456+0000] {logging_mixin.py:190} INFO - [2025-03-26T17:16:03.456+0000] {dag.py:4180} INFO - Setting next_dagrun for consume_1_or_both_2_and_3_with_dataset_expressions to None, run_after=None
[2025-03-26T17:16:03.457+0000] {logging_mixin.py:190} INFO - [2025-03-26T17:16:03.457+0000] {dag.py:4180} INFO - Setting next_dagrun for dataset_consumes_1 to None, run_after=None
[2025-03-26T17:16:03.458+0000] {logging_mixin.py:190} INFO - [2025-03-26T17:16:03.457+0000] {dag.py:4180} INFO - Setting next_dagrun for dataset_consumes_1_and_2 to None, run_after=None
[2025-03-26T17:16:03.459+0000] {logging_mixin.py:190} INFO - [2025-03-26T17:16:03.458+0000] {dag.py:4180} INFO - Setting next_dagrun for dataset_consumes_1_never_scheduled to None, run_after=None
[2025-03-26T17:16:03.460+0000] {logging_mixin.py:190} INFO - [2025-03-26T17:16:03.459+0000] {dag.py:4180} INFO - Setting next_dagrun for dataset_consumes_unknown_never_scheduled to None, run_after=None
[2025-03-26T17:16:03.461+0000] {logging_mixin.py:190} INFO - [2025-03-26T17:16:03.461+0000] {dag.py:4180} INFO - Setting next_dagrun for dataset_produces_1 to 2025-03-25 00:00:00+00:00, run_after=2025-03-26 00:00:00+00:00
[2025-03-26T17:16:03.462+0000] {logging_mixin.py:190} INFO - [2025-03-26T17:16:03.462+0000] {dag.py:4180} INFO - Setting next_dagrun for dataset_produces_2 to None, run_after=None
[2025-03-26T17:16:03.488+0000] {processor.py:208} INFO - Processing /home/ubuntu/customer_churn_youtube_venv/lib/python3.12/site-packages/airflow/example_dags/example_datasets.py took 0.332 seconds
[2025-03-26T17:17:01.982+0000] {processor.py:186} INFO - Started process (PID=6489) to work on /home/ubuntu/customer_churn_youtube_venv/lib/python3.12/site-packages/airflow/example_dags/example_datasets.py
[2025-03-26T17:17:01.983+0000] {processor.py:914} INFO - Processing file /home/ubuntu/customer_churn_youtube_venv/lib/python3.12/site-packages/airflow/example_dags/example_datasets.py for tasks to queue
[2025-03-26T17:17:01.986+0000] {logging_mixin.py:190} INFO - [2025-03-26T17:17:01.985+0000] {dagbag.py:588} INFO - Filling up the DagBag from /home/ubuntu/customer_churn_youtube_venv/lib/python3.12/site-packages/airflow/example_dags/example_datasets.py
[2025-03-26T17:17:02.255+0000] {processor.py:925} INFO - DAG(s) 'consume_1_or_both_2_and_3_with_dataset_expressions', 'consume_1_and_2_with_dataset_expressions', 'dataset_consumes_unknown_never_scheduled', 'dataset_produces_1', 'dataset_produces_2', 'consume_1_or_2_with_dataset_expressions', 'dataset_consumes_1_and_2', 'conditional_dataset_and_time_based_timetable', 'dataset_consumes_1_never_scheduled', 'dataset_consumes_1' retrieved from /home/ubuntu/customer_churn_youtube_venv/lib/python3.12/site-packages/airflow/example_dags/example_datasets.py
[2025-03-26T17:17:02.285+0000] {logging_mixin.py:190} INFO - [2025-03-26T17:17:02.284+0000] {dag.py:3239} INFO - Sync 10 DAGs
[2025-03-26T17:17:02.306+0000] {logging_mixin.py:190} INFO - [2025-03-26T17:17:02.305+0000] {dag.py:4180} INFO - Setting next_dagrun for conditional_dataset_and_time_based_timetable to 2025-03-26 01:00:00+00:00, run_after=2025-03-26 01:00:00+00:00
[2025-03-26T17:17:02.309+0000] {logging_mixin.py:190} INFO - [2025-03-26T17:17:02.309+0000] {dag.py:4180} INFO - Setting next_dagrun for consume_1_and_2_with_dataset_expressions to None, run_after=None
[2025-03-26T17:17:02.310+0000] {logging_mixin.py:190} INFO - [2025-03-26T17:17:02.310+0000] {dag.py:4180} INFO - Setting next_dagrun for consume_1_or_2_with_dataset_expressions to None, run_after=None
[2025-03-26T17:17:02.311+0000] {logging_mixin.py:190} INFO - [2025-03-26T17:17:02.311+0000] {dag.py:4180} INFO - Setting next_dagrun for consume_1_or_both_2_and_3_with_dataset_expressions to None, run_after=None
[2025-03-26T17:17:02.312+0000] {logging_mixin.py:190} INFO - [2025-03-26T17:17:02.312+0000] {dag.py:4180} INFO - Setting next_dagrun for dataset_consumes_1 to None, run_after=None
[2025-03-26T17:17:02.312+0000] {logging_mixin.py:190} INFO - [2025-03-26T17:17:02.312+0000] {dag.py:4180} INFO - Setting next_dagrun for dataset_consumes_1_and_2 to None, run_after=None
[2025-03-26T17:17:02.313+0000] {logging_mixin.py:190} INFO - [2025-03-26T17:17:02.313+0000] {dag.py:4180} INFO - Setting next_dagrun for dataset_consumes_1_never_scheduled to None, run_after=None
[2025-03-26T17:17:02.314+0000] {logging_mixin.py:190} INFO - [2025-03-26T17:17:02.314+0000] {dag.py:4180} INFO - Setting next_dagrun for dataset_consumes_unknown_never_scheduled to None, run_after=None
[2025-03-26T17:17:02.316+0000] {logging_mixin.py:190} INFO - [2025-03-26T17:17:02.316+0000] {dag.py:4180} INFO - Setting next_dagrun for dataset_produces_1 to 2025-03-25 00:00:00+00:00, run_after=2025-03-26 00:00:00+00:00
[2025-03-26T17:17:02.317+0000] {logging_mixin.py:190} INFO - [2025-03-26T17:17:02.317+0000] {dag.py:4180} INFO - Setting next_dagrun for dataset_produces_2 to None, run_after=None
[2025-03-26T17:17:02.349+0000] {processor.py:208} INFO - Processing /home/ubuntu/customer_churn_youtube_venv/lib/python3.12/site-packages/airflow/example_dags/example_datasets.py took 0.373 seconds
[2025-03-26T17:18:18.040+0000] {processor.py:186} INFO - Started process (PID=6568) to work on /home/ubuntu/customer_churn_youtube_venv/lib/python3.12/site-packages/airflow/example_dags/example_datasets.py
[2025-03-26T17:18:18.042+0000] {processor.py:914} INFO - Processing file /home/ubuntu/customer_churn_youtube_venv/lib/python3.12/site-packages/airflow/example_dags/example_datasets.py for tasks to queue
[2025-03-26T17:18:18.044+0000] {logging_mixin.py:190} INFO - [2025-03-26T17:18:18.043+0000] {dagbag.py:588} INFO - Filling up the DagBag from /home/ubuntu/customer_churn_youtube_venv/lib/python3.12/site-packages/airflow/example_dags/example_datasets.py
[2025-03-26T17:18:18.269+0000] {processor.py:925} INFO - DAG(s) 'consume_1_and_2_with_dataset_expressions', 'dataset_produces_1', 'dataset_consumes_1_never_scheduled', 'dataset_consumes_1', 'dataset_consumes_unknown_never_scheduled', 'dataset_produces_2', 'consume_1_or_both_2_and_3_with_dataset_expressions', 'dataset_consumes_1_and_2', 'conditional_dataset_and_time_based_timetable', 'consume_1_or_2_with_dataset_expressions' retrieved from /home/ubuntu/customer_churn_youtube_venv/lib/python3.12/site-packages/airflow/example_dags/example_datasets.py
[2025-03-26T17:18:18.296+0000] {logging_mixin.py:190} INFO - [2025-03-26T17:18:18.296+0000] {dag.py:3239} INFO - Sync 10 DAGs
[2025-03-26T17:18:18.314+0000] {logging_mixin.py:190} INFO - [2025-03-26T17:18:18.314+0000] {dag.py:4180} INFO - Setting next_dagrun for conditional_dataset_and_time_based_timetable to 2025-03-26 01:00:00+00:00, run_after=2025-03-26 01:00:00+00:00
[2025-03-26T17:18:18.317+0000] {logging_mixin.py:190} INFO - [2025-03-26T17:18:18.316+0000] {dag.py:4180} INFO - Setting next_dagrun for consume_1_and_2_with_dataset_expressions to None, run_after=None
[2025-03-26T17:18:18.319+0000] {logging_mixin.py:190} INFO - [2025-03-26T17:18:18.319+0000] {dag.py:4180} INFO - Setting next_dagrun for consume_1_or_2_with_dataset_expressions to None, run_after=None
[2025-03-26T17:18:18.320+0000] {logging_mixin.py:190} INFO - [2025-03-26T17:18:18.320+0000] {dag.py:4180} INFO - Setting next_dagrun for consume_1_or_both_2_and_3_with_dataset_expressions to None, run_after=None
[2025-03-26T17:18:18.321+0000] {logging_mixin.py:190} INFO - [2025-03-26T17:18:18.321+0000] {dag.py:4180} INFO - Setting next_dagrun for dataset_consumes_1 to None, run_after=None
[2025-03-26T17:18:18.322+0000] {logging_mixin.py:190} INFO - [2025-03-26T17:18:18.321+0000] {dag.py:4180} INFO - Setting next_dagrun for dataset_consumes_1_and_2 to None, run_after=None
[2025-03-26T17:18:18.322+0000] {logging_mixin.py:190} INFO - [2025-03-26T17:18:18.322+0000] {dag.py:4180} INFO - Setting next_dagrun for dataset_consumes_1_never_scheduled to None, run_after=None
[2025-03-26T17:18:18.323+0000] {logging_mixin.py:190} INFO - [2025-03-26T17:18:18.323+0000] {dag.py:4180} INFO - Setting next_dagrun for dataset_consumes_unknown_never_scheduled to None, run_after=None
[2025-03-26T17:18:18.324+0000] {logging_mixin.py:190} INFO - [2025-03-26T17:18:18.324+0000] {dag.py:4180} INFO - Setting next_dagrun for dataset_produces_1 to 2025-03-25 00:00:00+00:00, run_after=2025-03-26 00:00:00+00:00
[2025-03-26T17:18:18.325+0000] {logging_mixin.py:190} INFO - [2025-03-26T17:18:18.325+0000] {dag.py:4180} INFO - Setting next_dagrun for dataset_produces_2 to None, run_after=None
[2025-03-26T17:18:18.352+0000] {processor.py:208} INFO - Processing /home/ubuntu/customer_churn_youtube_venv/lib/python3.12/site-packages/airflow/example_dags/example_datasets.py took 0.317 seconds
[2025-03-26T17:19:40.945+0000] {processor.py:186} INFO - Started process (PID=6648) to work on /home/ubuntu/customer_churn_youtube_venv/lib/python3.12/site-packages/airflow/example_dags/example_datasets.py
[2025-03-26T17:19:40.947+0000] {processor.py:914} INFO - Processing file /home/ubuntu/customer_churn_youtube_venv/lib/python3.12/site-packages/airflow/example_dags/example_datasets.py for tasks to queue
[2025-03-26T17:19:40.949+0000] {logging_mixin.py:190} INFO - [2025-03-26T17:19:40.949+0000] {dagbag.py:588} INFO - Filling up the DagBag from /home/ubuntu/customer_churn_youtube_venv/lib/python3.12/site-packages/airflow/example_dags/example_datasets.py
[2025-03-26T17:19:41.062+0000] {processor.py:925} INFO - DAG(s) 'dataset_consumes_1', 'dataset_consumes_1_never_scheduled', 'dataset_consumes_unknown_never_scheduled', 'consume_1_or_2_with_dataset_expressions', 'dataset_consumes_1_and_2', 'conditional_dataset_and_time_based_timetable', 'consume_1_and_2_with_dataset_expressions', 'dataset_produces_1', 'consume_1_or_both_2_and_3_with_dataset_expressions', 'dataset_produces_2' retrieved from /home/ubuntu/customer_churn_youtube_venv/lib/python3.12/site-packages/airflow/example_dags/example_datasets.py
[2025-03-26T17:19:41.093+0000] {logging_mixin.py:190} INFO - [2025-03-26T17:19:41.093+0000] {dag.py:3239} INFO - Sync 10 DAGs
[2025-03-26T17:19:41.116+0000] {logging_mixin.py:190} INFO - [2025-03-26T17:19:41.115+0000] {dag.py:4180} INFO - Setting next_dagrun for conditional_dataset_and_time_based_timetable to 2025-03-26 01:00:00+00:00, run_after=2025-03-26 01:00:00+00:00
[2025-03-26T17:19:41.118+0000] {logging_mixin.py:190} INFO - [2025-03-26T17:19:41.118+0000] {dag.py:4180} INFO - Setting next_dagrun for consume_1_and_2_with_dataset_expressions to None, run_after=None
[2025-03-26T17:19:41.119+0000] {logging_mixin.py:190} INFO - [2025-03-26T17:19:41.119+0000] {dag.py:4180} INFO - Setting next_dagrun for consume_1_or_2_with_dataset_expressions to None, run_after=None
[2025-03-26T17:19:41.120+0000] {logging_mixin.py:190} INFO - [2025-03-26T17:19:41.120+0000] {dag.py:4180} INFO - Setting next_dagrun for consume_1_or_both_2_and_3_with_dataset_expressions to None, run_after=None
[2025-03-26T17:19:41.121+0000] {logging_mixin.py:190} INFO - [2025-03-26T17:19:41.121+0000] {dag.py:4180} INFO - Setting next_dagrun for dataset_consumes_1 to None, run_after=None
[2025-03-26T17:19:41.122+0000] {logging_mixin.py:190} INFO - [2025-03-26T17:19:41.121+0000] {dag.py:4180} INFO - Setting next_dagrun for dataset_consumes_1_and_2 to None, run_after=None
[2025-03-26T17:19:41.122+0000] {logging_mixin.py:190} INFO - [2025-03-26T17:19:41.122+0000] {dag.py:4180} INFO - Setting next_dagrun for dataset_consumes_1_never_scheduled to None, run_after=None
[2025-03-26T17:19:41.123+0000] {logging_mixin.py:190} INFO - [2025-03-26T17:19:41.123+0000] {dag.py:4180} INFO - Setting next_dagrun for dataset_consumes_unknown_never_scheduled to None, run_after=None
[2025-03-26T17:19:41.124+0000] {logging_mixin.py:190} INFO - [2025-03-26T17:19:41.124+0000] {dag.py:4180} INFO - Setting next_dagrun for dataset_produces_1 to 2025-03-25 00:00:00+00:00, run_after=2025-03-26 00:00:00+00:00
[2025-03-26T17:19:41.125+0000] {logging_mixin.py:190} INFO - [2025-03-26T17:19:41.125+0000] {dag.py:4180} INFO - Setting next_dagrun for dataset_produces_2 to None, run_after=None
[2025-03-26T17:19:41.154+0000] {processor.py:208} INFO - Processing /home/ubuntu/customer_churn_youtube_venv/lib/python3.12/site-packages/airflow/example_dags/example_datasets.py took 0.214 seconds
[2025-03-26T17:20:38.897+0000] {processor.py:186} INFO - Started process (PID=6712) to work on /home/ubuntu/customer_churn_youtube_venv/lib/python3.12/site-packages/airflow/example_dags/example_datasets.py
[2025-03-26T17:20:38.898+0000] {processor.py:914} INFO - Processing file /home/ubuntu/customer_churn_youtube_venv/lib/python3.12/site-packages/airflow/example_dags/example_datasets.py for tasks to queue
[2025-03-26T17:20:38.901+0000] {logging_mixin.py:190} INFO - [2025-03-26T17:20:38.900+0000] {dagbag.py:588} INFO - Filling up the DagBag from /home/ubuntu/customer_churn_youtube_venv/lib/python3.12/site-packages/airflow/example_dags/example_datasets.py
[2025-03-26T17:20:39.010+0000] {processor.py:925} INFO - DAG(s) 'dataset_produces_1', 'consume_1_and_2_with_dataset_expressions', 'conditional_dataset_and_time_based_timetable', 'dataset_consumes_1_never_scheduled', 'dataset_consumes_1', 'dataset_produces_2', 'dataset_consumes_1_and_2', 'dataset_consumes_unknown_never_scheduled', 'consume_1_or_2_with_dataset_expressions', 'consume_1_or_both_2_and_3_with_dataset_expressions' retrieved from /home/ubuntu/customer_churn_youtube_venv/lib/python3.12/site-packages/airflow/example_dags/example_datasets.py
[2025-03-26T17:20:39.041+0000] {logging_mixin.py:190} INFO - [2025-03-26T17:20:39.040+0000] {dag.py:3239} INFO - Sync 10 DAGs
[2025-03-26T17:20:39.064+0000] {logging_mixin.py:190} INFO - [2025-03-26T17:20:39.063+0000] {dag.py:4180} INFO - Setting next_dagrun for conditional_dataset_and_time_based_timetable to 2025-03-26 01:00:00+00:00, run_after=2025-03-26 01:00:00+00:00
[2025-03-26T17:20:39.067+0000] {logging_mixin.py:190} INFO - [2025-03-26T17:20:39.066+0000] {dag.py:4180} INFO - Setting next_dagrun for consume_1_and_2_with_dataset_expressions to None, run_after=None
[2025-03-26T17:20:39.068+0000] {logging_mixin.py:190} INFO - [2025-03-26T17:20:39.068+0000] {dag.py:4180} INFO - Setting next_dagrun for consume_1_or_2_with_dataset_expressions to None, run_after=None
[2025-03-26T17:20:39.069+0000] {logging_mixin.py:190} INFO - [2025-03-26T17:20:39.069+0000] {dag.py:4180} INFO - Setting next_dagrun for consume_1_or_both_2_and_3_with_dataset_expressions to None, run_after=None
[2025-03-26T17:20:39.069+0000] {logging_mixin.py:190} INFO - [2025-03-26T17:20:39.069+0000] {dag.py:4180} INFO - Setting next_dagrun for dataset_consumes_1 to None, run_after=None
[2025-03-26T17:20:39.070+0000] {logging_mixin.py:190} INFO - [2025-03-26T17:20:39.070+0000] {dag.py:4180} INFO - Setting next_dagrun for dataset_consumes_1_and_2 to None, run_after=None
[2025-03-26T17:20:39.070+0000] {logging_mixin.py:190} INFO - [2025-03-26T17:20:39.070+0000] {dag.py:4180} INFO - Setting next_dagrun for dataset_consumes_1_never_scheduled to None, run_after=None
[2025-03-26T17:20:39.071+0000] {logging_mixin.py:190} INFO - [2025-03-26T17:20:39.071+0000] {dag.py:4180} INFO - Setting next_dagrun for dataset_consumes_unknown_never_scheduled to None, run_after=None
[2025-03-26T17:20:39.073+0000] {logging_mixin.py:190} INFO - [2025-03-26T17:20:39.073+0000] {dag.py:4180} INFO - Setting next_dagrun for dataset_produces_1 to 2025-03-25 00:00:00+00:00, run_after=2025-03-26 00:00:00+00:00
[2025-03-26T17:20:39.074+0000] {logging_mixin.py:190} INFO - [2025-03-26T17:20:39.074+0000] {dag.py:4180} INFO - Setting next_dagrun for dataset_produces_2 to None, run_after=None
[2025-03-26T17:20:39.104+0000] {processor.py:208} INFO - Processing /home/ubuntu/customer_churn_youtube_venv/lib/python3.12/site-packages/airflow/example_dags/example_datasets.py took 0.214 seconds
[2025-03-26T17:21:32.007+0000] {processor.py:186} INFO - Started process (PID=6767) to work on /home/ubuntu/customer_churn_youtube_venv/lib/python3.12/site-packages/airflow/example_dags/example_datasets.py
[2025-03-26T17:21:32.009+0000] {processor.py:914} INFO - Processing file /home/ubuntu/customer_churn_youtube_venv/lib/python3.12/site-packages/airflow/example_dags/example_datasets.py for tasks to queue
[2025-03-26T17:21:32.011+0000] {logging_mixin.py:190} INFO - [2025-03-26T17:21:32.011+0000] {dagbag.py:588} INFO - Filling up the DagBag from /home/ubuntu/customer_churn_youtube_venv/lib/python3.12/site-packages/airflow/example_dags/example_datasets.py
[2025-03-26T17:21:32.121+0000] {processor.py:925} INFO - DAG(s) 'consume_1_and_2_with_dataset_expressions', 'dataset_consumes_1', 'conditional_dataset_and_time_based_timetable', 'dataset_consumes_1_never_scheduled', 'dataset_consumes_1_and_2', 'dataset_consumes_unknown_never_scheduled', 'dataset_produces_1', 'consume_1_or_both_2_and_3_with_dataset_expressions', 'dataset_produces_2', 'consume_1_or_2_with_dataset_expressions' retrieved from /home/ubuntu/customer_churn_youtube_venv/lib/python3.12/site-packages/airflow/example_dags/example_datasets.py
[2025-03-26T17:21:32.152+0000] {logging_mixin.py:190} INFO - [2025-03-26T17:21:32.152+0000] {dag.py:3239} INFO - Sync 10 DAGs
[2025-03-26T17:21:32.174+0000] {logging_mixin.py:190} INFO - [2025-03-26T17:21:32.174+0000] {dag.py:4180} INFO - Setting next_dagrun for conditional_dataset_and_time_based_timetable to 2025-03-26 01:00:00+00:00, run_after=2025-03-26 01:00:00+00:00
[2025-03-26T17:21:32.177+0000] {logging_mixin.py:190} INFO - [2025-03-26T17:21:32.177+0000] {dag.py:4180} INFO - Setting next_dagrun for consume_1_and_2_with_dataset_expressions to None, run_after=None
[2025-03-26T17:21:32.178+0000] {logging_mixin.py:190} INFO - [2025-03-26T17:21:32.177+0000] {dag.py:4180} INFO - Setting next_dagrun for consume_1_or_2_with_dataset_expressions to None, run_after=None
[2025-03-26T17:21:32.178+0000] {logging_mixin.py:190} INFO - [2025-03-26T17:21:32.178+0000] {dag.py:4180} INFO - Setting next_dagrun for consume_1_or_both_2_and_3_with_dataset_expressions to None, run_after=None
[2025-03-26T17:21:32.179+0000] {logging_mixin.py:190} INFO - [2025-03-26T17:21:32.179+0000] {dag.py:4180} INFO - Setting next_dagrun for dataset_consumes_1 to None, run_after=None
[2025-03-26T17:21:32.180+0000] {logging_mixin.py:190} INFO - [2025-03-26T17:21:32.180+0000] {dag.py:4180} INFO - Setting next_dagrun for dataset_consumes_1_and_2 to None, run_after=None
[2025-03-26T17:21:32.181+0000] {logging_mixin.py:190} INFO - [2025-03-26T17:21:32.181+0000] {dag.py:4180} INFO - Setting next_dagrun for dataset_consumes_1_never_scheduled to None, run_after=None
[2025-03-26T17:21:32.182+0000] {logging_mixin.py:190} INFO - [2025-03-26T17:21:32.181+0000] {dag.py:4180} INFO - Setting next_dagrun for dataset_consumes_unknown_never_scheduled to None, run_after=None
[2025-03-26T17:21:32.183+0000] {logging_mixin.py:190} INFO - [2025-03-26T17:21:32.183+0000] {dag.py:4180} INFO - Setting next_dagrun for dataset_produces_1 to 2025-03-25 00:00:00+00:00, run_after=2025-03-26 00:00:00+00:00
[2025-03-26T17:21:32.185+0000] {logging_mixin.py:190} INFO - [2025-03-26T17:21:32.184+0000] {dag.py:4180} INFO - Setting next_dagrun for dataset_produces_2 to None, run_after=None
[2025-03-26T17:21:32.214+0000] {processor.py:208} INFO - Processing /home/ubuntu/customer_churn_youtube_venv/lib/python3.12/site-packages/airflow/example_dags/example_datasets.py took 0.212 seconds
[2025-03-26T17:22:26.113+0000] {processor.py:186} INFO - Started process (PID=6823) to work on /home/ubuntu/customer_churn_youtube_venv/lib/python3.12/site-packages/airflow/example_dags/example_datasets.py
[2025-03-26T17:22:26.114+0000] {processor.py:914} INFO - Processing file /home/ubuntu/customer_churn_youtube_venv/lib/python3.12/site-packages/airflow/example_dags/example_datasets.py for tasks to queue
[2025-03-26T17:22:26.117+0000] {logging_mixin.py:190} INFO - [2025-03-26T17:22:26.116+0000] {dagbag.py:588} INFO - Filling up the DagBag from /home/ubuntu/customer_churn_youtube_venv/lib/python3.12/site-packages/airflow/example_dags/example_datasets.py
[2025-03-26T17:22:26.225+0000] {processor.py:925} INFO - DAG(s) 'dataset_consumes_1_and_2', 'dataset_consumes_1', 'consume_1_or_both_2_and_3_with_dataset_expressions', 'consume_1_or_2_with_dataset_expressions', 'dataset_consumes_1_never_scheduled', 'dataset_consumes_unknown_never_scheduled', 'conditional_dataset_and_time_based_timetable', 'dataset_produces_2', 'dataset_produces_1', 'consume_1_and_2_with_dataset_expressions' retrieved from /home/ubuntu/customer_churn_youtube_venv/lib/python3.12/site-packages/airflow/example_dags/example_datasets.py
[2025-03-26T17:22:26.254+0000] {logging_mixin.py:190} INFO - [2025-03-26T17:22:26.254+0000] {dag.py:3239} INFO - Sync 10 DAGs
[2025-03-26T17:22:26.275+0000] {logging_mixin.py:190} INFO - [2025-03-26T17:22:26.275+0000] {dag.py:4180} INFO - Setting next_dagrun for conditional_dataset_and_time_based_timetable to 2025-03-26 01:00:00+00:00, run_after=2025-03-26 01:00:00+00:00
[2025-03-26T17:22:26.277+0000] {logging_mixin.py:190} INFO - [2025-03-26T17:22:26.277+0000] {dag.py:4180} INFO - Setting next_dagrun for consume_1_and_2_with_dataset_expressions to None, run_after=None
[2025-03-26T17:22:26.278+0000] {logging_mixin.py:190} INFO - [2025-03-26T17:22:26.278+0000] {dag.py:4180} INFO - Setting next_dagrun for consume_1_or_2_with_dataset_expressions to None, run_after=None
[2025-03-26T17:22:26.279+0000] {logging_mixin.py:190} INFO - [2025-03-26T17:22:26.279+0000] {dag.py:4180} INFO - Setting next_dagrun for consume_1_or_both_2_and_3_with_dataset_expressions to None, run_after=None
[2025-03-26T17:22:26.280+0000] {logging_mixin.py:190} INFO - [2025-03-26T17:22:26.280+0000] {dag.py:4180} INFO - Setting next_dagrun for dataset_consumes_1 to None, run_after=None
[2025-03-26T17:22:26.281+0000] {logging_mixin.py:190} INFO - [2025-03-26T17:22:26.280+0000] {dag.py:4180} INFO - Setting next_dagrun for dataset_consumes_1_and_2 to None, run_after=None
[2025-03-26T17:22:26.281+0000] {logging_mixin.py:190} INFO - [2025-03-26T17:22:26.281+0000] {dag.py:4180} INFO - Setting next_dagrun for dataset_consumes_1_never_scheduled to None, run_after=None
[2025-03-26T17:22:26.282+0000] {logging_mixin.py:190} INFO - [2025-03-26T17:22:26.282+0000] {dag.py:4180} INFO - Setting next_dagrun for dataset_consumes_unknown_never_scheduled to None, run_after=None
[2025-03-26T17:22:26.283+0000] {logging_mixin.py:190} INFO - [2025-03-26T17:22:26.283+0000] {dag.py:4180} INFO - Setting next_dagrun for dataset_produces_1 to 2025-03-25 00:00:00+00:00, run_after=2025-03-26 00:00:00+00:00
[2025-03-26T17:22:26.284+0000] {logging_mixin.py:190} INFO - [2025-03-26T17:22:26.284+0000] {dag.py:4180} INFO - Setting next_dagrun for dataset_produces_2 to None, run_after=None
[2025-03-26T17:22:26.313+0000] {processor.py:208} INFO - Processing /home/ubuntu/customer_churn_youtube_venv/lib/python3.12/site-packages/airflow/example_dags/example_datasets.py took 0.206 seconds
[2025-03-26T17:23:44.218+0000] {processor.py:186} INFO - Started process (PID=6902) to work on /home/ubuntu/customer_churn_youtube_venv/lib/python3.12/site-packages/airflow/example_dags/example_datasets.py
[2025-03-26T17:23:44.220+0000] {processor.py:914} INFO - Processing file /home/ubuntu/customer_churn_youtube_venv/lib/python3.12/site-packages/airflow/example_dags/example_datasets.py for tasks to queue
[2025-03-26T17:23:44.222+0000] {logging_mixin.py:190} INFO - [2025-03-26T17:23:44.221+0000] {dagbag.py:588} INFO - Filling up the DagBag from /home/ubuntu/customer_churn_youtube_venv/lib/python3.12/site-packages/airflow/example_dags/example_datasets.py
[2025-03-26T17:23:44.332+0000] {processor.py:925} INFO - DAG(s) 'dataset_consumes_1_never_scheduled', 'dataset_consumes_1', 'dataset_produces_1', 'dataset_produces_2', 'consume_1_and_2_with_dataset_expressions', 'consume_1_or_both_2_and_3_with_dataset_expressions', 'dataset_consumes_1_and_2', 'conditional_dataset_and_time_based_timetable', 'consume_1_or_2_with_dataset_expressions', 'dataset_consumes_unknown_never_scheduled' retrieved from /home/ubuntu/customer_churn_youtube_venv/lib/python3.12/site-packages/airflow/example_dags/example_datasets.py
[2025-03-26T17:23:44.362+0000] {logging_mixin.py:190} INFO - [2025-03-26T17:23:44.362+0000] {dag.py:3239} INFO - Sync 10 DAGs
[2025-03-26T17:23:44.383+0000] {logging_mixin.py:190} INFO - [2025-03-26T17:23:44.383+0000] {dag.py:4180} INFO - Setting next_dagrun for conditional_dataset_and_time_based_timetable to 2025-03-26 01:00:00+00:00, run_after=2025-03-26 01:00:00+00:00
[2025-03-26T17:23:44.386+0000] {logging_mixin.py:190} INFO - [2025-03-26T17:23:44.386+0000] {dag.py:4180} INFO - Setting next_dagrun for consume_1_and_2_with_dataset_expressions to None, run_after=None
[2025-03-26T17:23:44.388+0000] {logging_mixin.py:190} INFO - [2025-03-26T17:23:44.387+0000] {dag.py:4180} INFO - Setting next_dagrun for consume_1_or_2_with_dataset_expressions to None, run_after=None
[2025-03-26T17:23:44.388+0000] {logging_mixin.py:190} INFO - [2025-03-26T17:23:44.388+0000] {dag.py:4180} INFO - Setting next_dagrun for consume_1_or_both_2_and_3_with_dataset_expressions to None, run_after=None
[2025-03-26T17:23:44.389+0000] {logging_mixin.py:190} INFO - [2025-03-26T17:23:44.389+0000] {dag.py:4180} INFO - Setting next_dagrun for dataset_consumes_1 to None, run_after=None
[2025-03-26T17:23:44.389+0000] {logging_mixin.py:190} INFO - [2025-03-26T17:23:44.389+0000] {dag.py:4180} INFO - Setting next_dagrun for dataset_consumes_1_and_2 to None, run_after=None
[2025-03-26T17:23:44.390+0000] {logging_mixin.py:190} INFO - [2025-03-26T17:23:44.390+0000] {dag.py:4180} INFO - Setting next_dagrun for dataset_consumes_1_never_scheduled to None, run_after=None
[2025-03-26T17:23:44.391+0000] {logging_mixin.py:190} INFO - [2025-03-26T17:23:44.390+0000] {dag.py:4180} INFO - Setting next_dagrun for dataset_consumes_unknown_never_scheduled to None, run_after=None
[2025-03-26T17:23:44.393+0000] {logging_mixin.py:190} INFO - [2025-03-26T17:23:44.393+0000] {dag.py:4180} INFO - Setting next_dagrun for dataset_produces_1 to 2025-03-25 00:00:00+00:00, run_after=2025-03-26 00:00:00+00:00
[2025-03-26T17:23:44.394+0000] {logging_mixin.py:190} INFO - [2025-03-26T17:23:44.393+0000] {dag.py:4180} INFO - Setting next_dagrun for dataset_produces_2 to None, run_after=None
[2025-03-26T17:23:44.423+0000] {processor.py:208} INFO - Processing /home/ubuntu/customer_churn_youtube_venv/lib/python3.12/site-packages/airflow/example_dags/example_datasets.py took 0.210 seconds
[2025-03-26T17:25:00.955+0000] {processor.py:186} INFO - Started process (PID=6981) to work on /home/ubuntu/customer_churn_youtube_venv/lib/python3.12/site-packages/airflow/example_dags/example_datasets.py
[2025-03-26T17:25:00.957+0000] {processor.py:914} INFO - Processing file /home/ubuntu/customer_churn_youtube_venv/lib/python3.12/site-packages/airflow/example_dags/example_datasets.py for tasks to queue
[2025-03-26T17:25:00.958+0000] {logging_mixin.py:190} INFO - [2025-03-26T17:25:00.958+0000] {dagbag.py:588} INFO - Filling up the DagBag from /home/ubuntu/customer_churn_youtube_venv/lib/python3.12/site-packages/airflow/example_dags/example_datasets.py
[2025-03-26T17:25:01.069+0000] {processor.py:925} INFO - DAG(s) 'dataset_consumes_unknown_never_scheduled', 'consume_1_or_2_with_dataset_expressions', 'consume_1_and_2_with_dataset_expressions', 'dataset_consumes_1_never_scheduled', 'conditional_dataset_and_time_based_timetable', 'dataset_consumes_1_and_2', 'dataset_consumes_1', 'dataset_produces_2', 'dataset_produces_1', 'consume_1_or_both_2_and_3_with_dataset_expressions' retrieved from /home/ubuntu/customer_churn_youtube_venv/lib/python3.12/site-packages/airflow/example_dags/example_datasets.py
[2025-03-26T17:25:01.101+0000] {logging_mixin.py:190} INFO - [2025-03-26T17:25:01.101+0000] {dag.py:3239} INFO - Sync 10 DAGs
[2025-03-26T17:25:01.124+0000] {logging_mixin.py:190} INFO - [2025-03-26T17:25:01.123+0000] {dag.py:4180} INFO - Setting next_dagrun for conditional_dataset_and_time_based_timetable to 2025-03-26 01:00:00+00:00, run_after=2025-03-26 01:00:00+00:00
[2025-03-26T17:25:01.127+0000] {logging_mixin.py:190} INFO - [2025-03-26T17:25:01.126+0000] {dag.py:4180} INFO - Setting next_dagrun for consume_1_and_2_with_dataset_expressions to None, run_after=None
[2025-03-26T17:25:01.128+0000] {logging_mixin.py:190} INFO - [2025-03-26T17:25:01.128+0000] {dag.py:4180} INFO - Setting next_dagrun for consume_1_or_2_with_dataset_expressions to None, run_after=None
[2025-03-26T17:25:01.129+0000] {logging_mixin.py:190} INFO - [2025-03-26T17:25:01.129+0000] {dag.py:4180} INFO - Setting next_dagrun for consume_1_or_both_2_and_3_with_dataset_expressions to None, run_after=None
[2025-03-26T17:25:01.130+0000] {logging_mixin.py:190} INFO - [2025-03-26T17:25:01.130+0000] {dag.py:4180} INFO - Setting next_dagrun for dataset_consumes_1 to None, run_after=None
[2025-03-26T17:25:01.130+0000] {logging_mixin.py:190} INFO - [2025-03-26T17:25:01.130+0000] {dag.py:4180} INFO - Setting next_dagrun for dataset_consumes_1_and_2 to None, run_after=None
[2025-03-26T17:25:01.131+0000] {logging_mixin.py:190} INFO - [2025-03-26T17:25:01.131+0000] {dag.py:4180} INFO - Setting next_dagrun for dataset_consumes_1_never_scheduled to None, run_after=None
[2025-03-26T17:25:01.131+0000] {logging_mixin.py:190} INFO - [2025-03-26T17:25:01.131+0000] {dag.py:4180} INFO - Setting next_dagrun for dataset_consumes_unknown_never_scheduled to None, run_after=None
[2025-03-26T17:25:01.134+0000] {logging_mixin.py:190} INFO - [2025-03-26T17:25:01.134+0000] {dag.py:4180} INFO - Setting next_dagrun for dataset_produces_1 to 2025-03-25 00:00:00+00:00, run_after=2025-03-26 00:00:00+00:00
[2025-03-26T17:25:01.134+0000] {logging_mixin.py:190} INFO - [2025-03-26T17:25:01.134+0000] {dag.py:4180} INFO - Setting next_dagrun for dataset_produces_2 to None, run_after=None
[2025-03-26T17:25:01.168+0000] {processor.py:208} INFO - Processing /home/ubuntu/customer_churn_youtube_venv/lib/python3.12/site-packages/airflow/example_dags/example_datasets.py took 0.218 seconds
[2025-03-26T17:26:14.095+0000] {processor.py:186} INFO - Started process (PID=7063) to work on /home/ubuntu/customer_churn_youtube_venv/lib/python3.12/site-packages/airflow/example_dags/example_datasets.py
[2025-03-26T17:26:14.097+0000] {processor.py:914} INFO - Processing file /home/ubuntu/customer_churn_youtube_venv/lib/python3.12/site-packages/airflow/example_dags/example_datasets.py for tasks to queue
[2025-03-26T17:26:14.099+0000] {logging_mixin.py:190} INFO - [2025-03-26T17:26:14.099+0000] {dagbag.py:588} INFO - Filling up the DagBag from /home/ubuntu/customer_churn_youtube_venv/lib/python3.12/site-packages/airflow/example_dags/example_datasets.py
[2025-03-26T17:26:14.208+0000] {processor.py:925} INFO - DAG(s) 'dataset_consumes_1', 'dataset_consumes_1_never_scheduled', 'dataset_produces_1', 'consume_1_or_both_2_and_3_with_dataset_expressions', 'consume_1_and_2_with_dataset_expressions', 'dataset_consumes_unknown_never_scheduled', 'consume_1_or_2_with_dataset_expressions', 'dataset_consumes_1_and_2', 'conditional_dataset_and_time_based_timetable', 'dataset_produces_2' retrieved from /home/ubuntu/customer_churn_youtube_venv/lib/python3.12/site-packages/airflow/example_dags/example_datasets.py
[2025-03-26T17:26:14.238+0000] {logging_mixin.py:190} INFO - [2025-03-26T17:26:14.238+0000] {dag.py:3239} INFO - Sync 10 DAGs
[2025-03-26T17:26:14.260+0000] {logging_mixin.py:190} INFO - [2025-03-26T17:26:14.259+0000] {dag.py:4180} INFO - Setting next_dagrun for conditional_dataset_and_time_based_timetable to 2025-03-26 01:00:00+00:00, run_after=2025-03-26 01:00:00+00:00
[2025-03-26T17:26:14.262+0000] {logging_mixin.py:190} INFO - [2025-03-26T17:26:14.262+0000] {dag.py:4180} INFO - Setting next_dagrun for consume_1_and_2_with_dataset_expressions to None, run_after=None
[2025-03-26T17:26:14.263+0000] {logging_mixin.py:190} INFO - [2025-03-26T17:26:14.263+0000] {dag.py:4180} INFO - Setting next_dagrun for consume_1_or_2_with_dataset_expressions to None, run_after=None
[2025-03-26T17:26:14.264+0000] {logging_mixin.py:190} INFO - [2025-03-26T17:26:14.263+0000] {dag.py:4180} INFO - Setting next_dagrun for consume_1_or_both_2_and_3_with_dataset_expressions to None, run_after=None
[2025-03-26T17:26:14.264+0000] {logging_mixin.py:190} INFO - [2025-03-26T17:26:14.264+0000] {dag.py:4180} INFO - Setting next_dagrun for dataset_consumes_1 to None, run_after=None
[2025-03-26T17:26:14.265+0000] {logging_mixin.py:190} INFO - [2025-03-26T17:26:14.265+0000] {dag.py:4180} INFO - Setting next_dagrun for dataset_consumes_1_and_2 to None, run_after=None
[2025-03-26T17:26:14.266+0000] {logging_mixin.py:190} INFO - [2025-03-26T17:26:14.266+0000] {dag.py:4180} INFO - Setting next_dagrun for dataset_consumes_1_never_scheduled to None, run_after=None
[2025-03-26T17:26:14.267+0000] {logging_mixin.py:190} INFO - [2025-03-26T17:26:14.267+0000] {dag.py:4180} INFO - Setting next_dagrun for dataset_consumes_unknown_never_scheduled to None, run_after=None
[2025-03-26T17:26:14.269+0000] {logging_mixin.py:190} INFO - [2025-03-26T17:26:14.269+0000] {dag.py:4180} INFO - Setting next_dagrun for dataset_produces_1 to 2025-03-25 00:00:00+00:00, run_after=2025-03-26 00:00:00+00:00
[2025-03-26T17:26:14.269+0000] {logging_mixin.py:190} INFO - [2025-03-26T17:26:14.269+0000] {dag.py:4180} INFO - Setting next_dagrun for dataset_produces_2 to None, run_after=None
[2025-03-26T17:26:14.300+0000] {processor.py:208} INFO - Processing /home/ubuntu/customer_churn_youtube_venv/lib/python3.12/site-packages/airflow/example_dags/example_datasets.py took 0.210 seconds
[2025-03-26T17:27:31.465+0000] {processor.py:186} INFO - Started process (PID=7142) to work on /home/ubuntu/customer_churn_youtube_venv/lib/python3.12/site-packages/airflow/example_dags/example_datasets.py
[2025-03-26T17:27:31.467+0000] {processor.py:914} INFO - Processing file /home/ubuntu/customer_churn_youtube_venv/lib/python3.12/site-packages/airflow/example_dags/example_datasets.py for tasks to queue
[2025-03-26T17:27:31.469+0000] {logging_mixin.py:190} INFO - [2025-03-26T17:27:31.468+0000] {dagbag.py:588} INFO - Filling up the DagBag from /home/ubuntu/customer_churn_youtube_venv/lib/python3.12/site-packages/airflow/example_dags/example_datasets.py
[2025-03-26T17:27:31.578+0000] {processor.py:925} INFO - DAG(s) 'conditional_dataset_and_time_based_timetable', 'dataset_produces_2', 'dataset_consumes_1_never_scheduled', 'dataset_produces_1', 'consume_1_or_2_with_dataset_expressions', 'consume_1_and_2_with_dataset_expressions', 'consume_1_or_both_2_and_3_with_dataset_expressions', 'dataset_consumes_1', 'dataset_consumes_1_and_2', 'dataset_consumes_unknown_never_scheduled' retrieved from /home/ubuntu/customer_churn_youtube_venv/lib/python3.12/site-packages/airflow/example_dags/example_datasets.py
[2025-03-26T17:27:31.608+0000] {logging_mixin.py:190} INFO - [2025-03-26T17:27:31.608+0000] {dag.py:3239} INFO - Sync 10 DAGs
[2025-03-26T17:27:31.629+0000] {logging_mixin.py:190} INFO - [2025-03-26T17:27:31.629+0000] {dag.py:4180} INFO - Setting next_dagrun for conditional_dataset_and_time_based_timetable to 2025-03-26 01:00:00+00:00, run_after=2025-03-26 01:00:00+00:00
[2025-03-26T17:27:31.632+0000] {logging_mixin.py:190} INFO - [2025-03-26T17:27:31.632+0000] {dag.py:4180} INFO - Setting next_dagrun for consume_1_and_2_with_dataset_expressions to None, run_after=None
[2025-03-26T17:27:31.633+0000] {logging_mixin.py:190} INFO - [2025-03-26T17:27:31.632+0000] {dag.py:4180} INFO - Setting next_dagrun for consume_1_or_2_with_dataset_expressions to None, run_after=None
[2025-03-26T17:27:31.634+0000] {logging_mixin.py:190} INFO - [2025-03-26T17:27:31.634+0000] {dag.py:4180} INFO - Setting next_dagrun for consume_1_or_both_2_and_3_with_dataset_expressions to None, run_after=None
[2025-03-26T17:27:31.635+0000] {logging_mixin.py:190} INFO - [2025-03-26T17:27:31.635+0000] {dag.py:4180} INFO - Setting next_dagrun for dataset_consumes_1 to None, run_after=None
[2025-03-26T17:27:31.636+0000] {logging_mixin.py:190} INFO - [2025-03-26T17:27:31.636+0000] {dag.py:4180} INFO - Setting next_dagrun for dataset_consumes_1_and_2 to None, run_after=None
[2025-03-26T17:27:31.636+0000] {logging_mixin.py:190} INFO - [2025-03-26T17:27:31.636+0000] {dag.py:4180} INFO - Setting next_dagrun for dataset_consumes_1_never_scheduled to None, run_after=None
[2025-03-26T17:27:31.637+0000] {logging_mixin.py:190} INFO - [2025-03-26T17:27:31.637+0000] {dag.py:4180} INFO - Setting next_dagrun for dataset_consumes_unknown_never_scheduled to None, run_after=None
[2025-03-26T17:27:31.638+0000] {logging_mixin.py:190} INFO - [2025-03-26T17:27:31.638+0000] {dag.py:4180} INFO - Setting next_dagrun for dataset_produces_1 to 2025-03-25 00:00:00+00:00, run_after=2025-03-26 00:00:00+00:00
[2025-03-26T17:27:31.639+0000] {logging_mixin.py:190} INFO - [2025-03-26T17:27:31.639+0000] {dag.py:4180} INFO - Setting next_dagrun for dataset_produces_2 to None, run_after=None
[2025-03-26T17:27:31.668+0000] {processor.py:208} INFO - Processing /home/ubuntu/customer_churn_youtube_venv/lib/python3.12/site-packages/airflow/example_dags/example_datasets.py took 0.209 seconds
[2025-03-26T17:28:47.596+0000] {processor.py:186} INFO - Started process (PID=7267) to work on /home/ubuntu/customer_churn_youtube_venv/lib/python3.12/site-packages/airflow/example_dags/example_datasets.py
[2025-03-26T17:28:47.597+0000] {processor.py:914} INFO - Processing file /home/ubuntu/customer_churn_youtube_venv/lib/python3.12/site-packages/airflow/example_dags/example_datasets.py for tasks to queue
[2025-03-26T17:28:47.599+0000] {logging_mixin.py:190} INFO - [2025-03-26T17:28:47.599+0000] {dagbag.py:588} INFO - Filling up the DagBag from /home/ubuntu/customer_churn_youtube_venv/lib/python3.12/site-packages/airflow/example_dags/example_datasets.py
[2025-03-26T17:28:47.708+0000] {processor.py:925} INFO - DAG(s) 'dataset_consumes_1_and_2', 'dataset_produces_2', 'conditional_dataset_and_time_based_timetable', 'dataset_consumes_unknown_never_scheduled', 'consume_1_or_both_2_and_3_with_dataset_expressions', 'dataset_consumes_1_never_scheduled', 'consume_1_or_2_with_dataset_expressions', 'dataset_consumes_1', 'consume_1_and_2_with_dataset_expressions', 'dataset_produces_1' retrieved from /home/ubuntu/customer_churn_youtube_venv/lib/python3.12/site-packages/airflow/example_dags/example_datasets.py
[2025-03-26T17:28:47.740+0000] {logging_mixin.py:190} INFO - [2025-03-26T17:28:47.739+0000] {dag.py:3239} INFO - Sync 10 DAGs
[2025-03-26T17:28:47.760+0000] {logging_mixin.py:190} INFO - [2025-03-26T17:28:47.760+0000] {dag.py:4180} INFO - Setting next_dagrun for conditional_dataset_and_time_based_timetable to 2025-03-26 01:00:00+00:00, run_after=2025-03-26 01:00:00+00:00
[2025-03-26T17:28:47.764+0000] {logging_mixin.py:190} INFO - [2025-03-26T17:28:47.763+0000] {dag.py:4180} INFO - Setting next_dagrun for consume_1_and_2_with_dataset_expressions to None, run_after=None
[2025-03-26T17:28:47.764+0000] {logging_mixin.py:190} INFO - [2025-03-26T17:28:47.764+0000] {dag.py:4180} INFO - Setting next_dagrun for consume_1_or_2_with_dataset_expressions to None, run_after=None
[2025-03-26T17:28:47.765+0000] {logging_mixin.py:190} INFO - [2025-03-26T17:28:47.765+0000] {dag.py:4180} INFO - Setting next_dagrun for consume_1_or_both_2_and_3_with_dataset_expressions to None, run_after=None
[2025-03-26T17:28:47.766+0000] {logging_mixin.py:190} INFO - [2025-03-26T17:28:47.765+0000] {dag.py:4180} INFO - Setting next_dagrun for dataset_consumes_1 to None, run_after=None
[2025-03-26T17:28:47.766+0000] {logging_mixin.py:190} INFO - [2025-03-26T17:28:47.766+0000] {dag.py:4180} INFO - Setting next_dagrun for dataset_consumes_1_and_2 to None, run_after=None
[2025-03-26T17:28:47.768+0000] {logging_mixin.py:190} INFO - [2025-03-26T17:28:47.767+0000] {dag.py:4180} INFO - Setting next_dagrun for dataset_consumes_1_never_scheduled to None, run_after=None
[2025-03-26T17:28:47.768+0000] {logging_mixin.py:190} INFO - [2025-03-26T17:28:47.768+0000] {dag.py:4180} INFO - Setting next_dagrun for dataset_consumes_unknown_never_scheduled to None, run_after=None
[2025-03-26T17:28:47.770+0000] {logging_mixin.py:190} INFO - [2025-03-26T17:28:47.770+0000] {dag.py:4180} INFO - Setting next_dagrun for dataset_produces_1 to 2025-03-25 00:00:00+00:00, run_after=2025-03-26 00:00:00+00:00
[2025-03-26T17:28:47.770+0000] {logging_mixin.py:190} INFO - [2025-03-26T17:28:47.770+0000] {dag.py:4180} INFO - Setting next_dagrun for dataset_produces_2 to None, run_after=None
[2025-03-26T17:28:47.801+0000] {processor.py:208} INFO - Processing /home/ubuntu/customer_churn_youtube_venv/lib/python3.12/site-packages/airflow/example_dags/example_datasets.py took 0.211 seconds
[2025-03-26T17:30:03.024+0000] {processor.py:186} INFO - Started process (PID=7348) to work on /home/ubuntu/customer_churn_youtube_venv/lib/python3.12/site-packages/airflow/example_dags/example_datasets.py
[2025-03-26T17:30:03.026+0000] {processor.py:914} INFO - Processing file /home/ubuntu/customer_churn_youtube_venv/lib/python3.12/site-packages/airflow/example_dags/example_datasets.py for tasks to queue
[2025-03-26T17:30:03.028+0000] {logging_mixin.py:190} INFO - [2025-03-26T17:30:03.028+0000] {dagbag.py:588} INFO - Filling up the DagBag from /home/ubuntu/customer_churn_youtube_venv/lib/python3.12/site-packages/airflow/example_dags/example_datasets.py
[2025-03-26T17:30:03.173+0000] {processor.py:925} INFO - DAG(s) 'dataset_consumes_unknown_never_scheduled', 'consume_1_or_both_2_and_3_with_dataset_expressions', 'dataset_produces_2', 'consume_1_or_2_with_dataset_expressions', 'consume_1_and_2_with_dataset_expressions', 'conditional_dataset_and_time_based_timetable', 'dataset_consumes_1_never_scheduled', 'dataset_produces_1', 'dataset_consumes_1_and_2', 'dataset_consumes_1' retrieved from /home/ubuntu/customer_churn_youtube_venv/lib/python3.12/site-packages/airflow/example_dags/example_datasets.py
[2025-03-26T17:30:03.211+0000] {logging_mixin.py:190} INFO - [2025-03-26T17:30:03.211+0000] {dag.py:3239} INFO - Sync 10 DAGs
[2025-03-26T17:30:03.237+0000] {logging_mixin.py:190} INFO - [2025-03-26T17:30:03.237+0000] {dag.py:4180} INFO - Setting next_dagrun for conditional_dataset_and_time_based_timetable to 2025-03-26 01:00:00+00:00, run_after=2025-03-26 01:00:00+00:00
[2025-03-26T17:30:03.242+0000] {logging_mixin.py:190} INFO - [2025-03-26T17:30:03.241+0000] {dag.py:4180} INFO - Setting next_dagrun for consume_1_and_2_with_dataset_expressions to None, run_after=None
[2025-03-26T17:30:03.245+0000] {logging_mixin.py:190} INFO - [2025-03-26T17:30:03.245+0000] {dag.py:4180} INFO - Setting next_dagrun for consume_1_or_2_with_dataset_expressions to None, run_after=None
[2025-03-26T17:30:03.246+0000] {logging_mixin.py:190} INFO - [2025-03-26T17:30:03.245+0000] {dag.py:4180} INFO - Setting next_dagrun for consume_1_or_both_2_and_3_with_dataset_expressions to None, run_after=None
[2025-03-26T17:30:03.247+0000] {logging_mixin.py:190} INFO - [2025-03-26T17:30:03.247+0000] {dag.py:4180} INFO - Setting next_dagrun for dataset_consumes_1 to None, run_after=None
[2025-03-26T17:30:03.248+0000] {logging_mixin.py:190} INFO - [2025-03-26T17:30:03.248+0000] {dag.py:4180} INFO - Setting next_dagrun for dataset_consumes_1_and_2 to None, run_after=None
[2025-03-26T17:30:03.249+0000] {logging_mixin.py:190} INFO - [2025-03-26T17:30:03.249+0000] {dag.py:4180} INFO - Setting next_dagrun for dataset_consumes_1_never_scheduled to None, run_after=None
[2025-03-26T17:30:03.250+0000] {logging_mixin.py:190} INFO - [2025-03-26T17:30:03.250+0000] {dag.py:4180} INFO - Setting next_dagrun for dataset_consumes_unknown_never_scheduled to None, run_after=None
[2025-03-26T17:30:03.251+0000] {logging_mixin.py:190} INFO - [2025-03-26T17:30:03.251+0000] {dag.py:4180} INFO - Setting next_dagrun for dataset_produces_1 to 2025-03-25 00:00:00+00:00, run_after=2025-03-26 00:00:00+00:00
[2025-03-26T17:30:03.252+0000] {logging_mixin.py:190} INFO - [2025-03-26T17:30:03.252+0000] {dag.py:4180} INFO - Setting next_dagrun for dataset_produces_2 to None, run_after=None
[2025-03-26T17:30:03.286+0000] {processor.py:208} INFO - Processing /home/ubuntu/customer_churn_youtube_venv/lib/python3.12/site-packages/airflow/example_dags/example_datasets.py took 0.269 seconds
[2025-03-26T17:31:17.316+0000] {processor.py:186} INFO - Started process (PID=7428) to work on /home/ubuntu/customer_churn_youtube_venv/lib/python3.12/site-packages/airflow/example_dags/example_datasets.py
[2025-03-26T17:31:17.318+0000] {processor.py:914} INFO - Processing file /home/ubuntu/customer_churn_youtube_venv/lib/python3.12/site-packages/airflow/example_dags/example_datasets.py for tasks to queue
[2025-03-26T17:31:17.320+0000] {logging_mixin.py:190} INFO - [2025-03-26T17:31:17.319+0000] {dagbag.py:588} INFO - Filling up the DagBag from /home/ubuntu/customer_churn_youtube_venv/lib/python3.12/site-packages/airflow/example_dags/example_datasets.py
[2025-03-26T17:31:17.432+0000] {processor.py:925} INFO - DAG(s) 'conditional_dataset_and_time_based_timetable', 'dataset_produces_1', 'dataset_consumes_unknown_never_scheduled', 'consume_1_and_2_with_dataset_expressions', 'dataset_produces_2', 'dataset_consumes_1_never_scheduled', 'consume_1_or_2_with_dataset_expressions', 'dataset_consumes_1_and_2', 'dataset_consumes_1', 'consume_1_or_both_2_and_3_with_dataset_expressions' retrieved from /home/ubuntu/customer_churn_youtube_venv/lib/python3.12/site-packages/airflow/example_dags/example_datasets.py
[2025-03-26T17:31:17.463+0000] {logging_mixin.py:190} INFO - [2025-03-26T17:31:17.463+0000] {dag.py:3239} INFO - Sync 10 DAGs
[2025-03-26T17:31:17.485+0000] {logging_mixin.py:190} INFO - [2025-03-26T17:31:17.485+0000] {dag.py:4180} INFO - Setting next_dagrun for conditional_dataset_and_time_based_timetable to 2025-03-26 01:00:00+00:00, run_after=2025-03-26 01:00:00+00:00
[2025-03-26T17:31:17.488+0000] {logging_mixin.py:190} INFO - [2025-03-26T17:31:17.488+0000] {dag.py:4180} INFO - Setting next_dagrun for consume_1_and_2_with_dataset_expressions to None, run_after=None
[2025-03-26T17:31:17.490+0000] {logging_mixin.py:190} INFO - [2025-03-26T17:31:17.490+0000] {dag.py:4180} INFO - Setting next_dagrun for consume_1_or_2_with_dataset_expressions to None, run_after=None
[2025-03-26T17:31:17.491+0000] {logging_mixin.py:190} INFO - [2025-03-26T17:31:17.491+0000] {dag.py:4180} INFO - Setting next_dagrun for consume_1_or_both_2_and_3_with_dataset_expressions to None, run_after=None
[2025-03-26T17:31:17.491+0000] {logging_mixin.py:190} INFO - [2025-03-26T17:31:17.491+0000] {dag.py:4180} INFO - Setting next_dagrun for dataset_consumes_1 to None, run_after=None
[2025-03-26T17:31:17.492+0000] {logging_mixin.py:190} INFO - [2025-03-26T17:31:17.492+0000] {dag.py:4180} INFO - Setting next_dagrun for dataset_consumes_1_and_2 to None, run_after=None
[2025-03-26T17:31:17.493+0000] {logging_mixin.py:190} INFO - [2025-03-26T17:31:17.493+0000] {dag.py:4180} INFO - Setting next_dagrun for dataset_consumes_1_never_scheduled to None, run_after=None
[2025-03-26T17:31:17.494+0000] {logging_mixin.py:190} INFO - [2025-03-26T17:31:17.494+0000] {dag.py:4180} INFO - Setting next_dagrun for dataset_consumes_unknown_never_scheduled to None, run_after=None
[2025-03-26T17:31:17.495+0000] {logging_mixin.py:190} INFO - [2025-03-26T17:31:17.495+0000] {dag.py:4180} INFO - Setting next_dagrun for dataset_produces_1 to 2025-03-25 00:00:00+00:00, run_after=2025-03-26 00:00:00+00:00
[2025-03-26T17:31:17.496+0000] {logging_mixin.py:190} INFO - [2025-03-26T17:31:17.496+0000] {dag.py:4180} INFO - Setting next_dagrun for dataset_produces_2 to None, run_after=None
[2025-03-26T17:31:17.525+0000] {processor.py:208} INFO - Processing /home/ubuntu/customer_churn_youtube_venv/lib/python3.12/site-packages/airflow/example_dags/example_datasets.py took 0.214 seconds
[2025-03-26T17:32:33.662+0000] {processor.py:186} INFO - Started process (PID=7547) to work on /home/ubuntu/customer_churn_youtube_venv/lib/python3.12/site-packages/airflow/example_dags/example_datasets.py
[2025-03-26T17:32:33.664+0000] {processor.py:914} INFO - Processing file /home/ubuntu/customer_churn_youtube_venv/lib/python3.12/site-packages/airflow/example_dags/example_datasets.py for tasks to queue
[2025-03-26T17:32:33.667+0000] {logging_mixin.py:190} INFO - [2025-03-26T17:32:33.666+0000] {dagbag.py:588} INFO - Filling up the DagBag from /home/ubuntu/customer_churn_youtube_venv/lib/python3.12/site-packages/airflow/example_dags/example_datasets.py
[2025-03-26T17:32:33.777+0000] {processor.py:925} INFO - DAG(s) 'consume_1_or_2_with_dataset_expressions', 'dataset_consumes_1_never_scheduled', 'dataset_produces_1', 'dataset_consumes_1', 'dataset_consumes_unknown_never_scheduled', 'conditional_dataset_and_time_based_timetable', 'consume_1_or_both_2_and_3_with_dataset_expressions', 'dataset_consumes_1_and_2', 'dataset_produces_2', 'consume_1_and_2_with_dataset_expressions' retrieved from /home/ubuntu/customer_churn_youtube_venv/lib/python3.12/site-packages/airflow/example_dags/example_datasets.py
[2025-03-26T17:32:33.807+0000] {logging_mixin.py:190} INFO - [2025-03-26T17:32:33.806+0000] {dag.py:3239} INFO - Sync 10 DAGs
[2025-03-26T17:32:33.829+0000] {logging_mixin.py:190} INFO - [2025-03-26T17:32:33.829+0000] {dag.py:4180} INFO - Setting next_dagrun for conditional_dataset_and_time_based_timetable to 2025-03-26 01:00:00+00:00, run_after=2025-03-26 01:00:00+00:00
[2025-03-26T17:32:33.833+0000] {logging_mixin.py:190} INFO - [2025-03-26T17:32:33.832+0000] {dag.py:4180} INFO - Setting next_dagrun for consume_1_and_2_with_dataset_expressions to None, run_after=None
[2025-03-26T17:32:33.833+0000] {logging_mixin.py:190} INFO - [2025-03-26T17:32:33.833+0000] {dag.py:4180} INFO - Setting next_dagrun for consume_1_or_2_with_dataset_expressions to None, run_after=None
[2025-03-26T17:32:33.834+0000] {logging_mixin.py:190} INFO - [2025-03-26T17:32:33.834+0000] {dag.py:4180} INFO - Setting next_dagrun for consume_1_or_both_2_and_3_with_dataset_expressions to None, run_after=None
[2025-03-26T17:32:33.835+0000] {logging_mixin.py:190} INFO - [2025-03-26T17:32:33.835+0000] {dag.py:4180} INFO - Setting next_dagrun for dataset_consumes_1 to None, run_after=None
[2025-03-26T17:32:33.835+0000] {logging_mixin.py:190} INFO - [2025-03-26T17:32:33.835+0000] {dag.py:4180} INFO - Setting next_dagrun for dataset_consumes_1_and_2 to None, run_after=None
[2025-03-26T17:32:33.837+0000] {logging_mixin.py:190} INFO - [2025-03-26T17:32:33.837+0000] {dag.py:4180} INFO - Setting next_dagrun for dataset_consumes_1_never_scheduled to None, run_after=None
[2025-03-26T17:32:33.837+0000] {logging_mixin.py:190} INFO - [2025-03-26T17:32:33.837+0000] {dag.py:4180} INFO - Setting next_dagrun for dataset_consumes_unknown_never_scheduled to None, run_after=None
[2025-03-26T17:32:33.839+0000] {logging_mixin.py:190} INFO - [2025-03-26T17:32:33.839+0000] {dag.py:4180} INFO - Setting next_dagrun for dataset_produces_1 to 2025-03-25 00:00:00+00:00, run_after=2025-03-26 00:00:00+00:00
[2025-03-26T17:32:33.840+0000] {logging_mixin.py:190} INFO - [2025-03-26T17:32:33.840+0000] {dag.py:4180} INFO - Setting next_dagrun for dataset_produces_2 to None, run_after=None
[2025-03-26T17:32:33.867+0000] {processor.py:208} INFO - Processing /home/ubuntu/customer_churn_youtube_venv/lib/python3.12/site-packages/airflow/example_dags/example_datasets.py took 0.209 seconds
[2025-03-26T17:33:51.043+0000] {processor.py:186} INFO - Started process (PID=7626) to work on /home/ubuntu/customer_churn_youtube_venv/lib/python3.12/site-packages/airflow/example_dags/example_datasets.py
[2025-03-26T17:33:51.045+0000] {processor.py:914} INFO - Processing file /home/ubuntu/customer_churn_youtube_venv/lib/python3.12/site-packages/airflow/example_dags/example_datasets.py for tasks to queue
[2025-03-26T17:33:51.047+0000] {logging_mixin.py:190} INFO - [2025-03-26T17:33:51.046+0000] {dagbag.py:588} INFO - Filling up the DagBag from /home/ubuntu/customer_churn_youtube_venv/lib/python3.12/site-packages/airflow/example_dags/example_datasets.py
[2025-03-26T17:33:51.157+0000] {processor.py:925} INFO - DAG(s) 'conditional_dataset_and_time_based_timetable', 'dataset_consumes_1', 'consume_1_or_both_2_and_3_with_dataset_expressions', 'dataset_produces_1', 'consume_1_or_2_with_dataset_expressions', 'dataset_produces_2', 'dataset_consumes_1_and_2', 'dataset_consumes_1_never_scheduled', 'consume_1_and_2_with_dataset_expressions', 'dataset_consumes_unknown_never_scheduled' retrieved from /home/ubuntu/customer_churn_youtube_venv/lib/python3.12/site-packages/airflow/example_dags/example_datasets.py
[2025-03-26T17:33:51.187+0000] {logging_mixin.py:190} INFO - [2025-03-26T17:33:51.187+0000] {dag.py:3239} INFO - Sync 10 DAGs
[2025-03-26T17:33:51.207+0000] {logging_mixin.py:190} INFO - [2025-03-26T17:33:51.207+0000] {dag.py:4180} INFO - Setting next_dagrun for conditional_dataset_and_time_based_timetable to 2025-03-26 01:00:00+00:00, run_after=2025-03-26 01:00:00+00:00
[2025-03-26T17:33:51.210+0000] {logging_mixin.py:190} INFO - [2025-03-26T17:33:51.210+0000] {dag.py:4180} INFO - Setting next_dagrun for consume_1_and_2_with_dataset_expressions to None, run_after=None
[2025-03-26T17:33:51.212+0000] {logging_mixin.py:190} INFO - [2025-03-26T17:33:51.212+0000] {dag.py:4180} INFO - Setting next_dagrun for consume_1_or_2_with_dataset_expressions to None, run_after=None
[2025-03-26T17:33:51.213+0000] {logging_mixin.py:190} INFO - [2025-03-26T17:33:51.213+0000] {dag.py:4180} INFO - Setting next_dagrun for consume_1_or_both_2_and_3_with_dataset_expressions to None, run_after=None
[2025-03-26T17:33:51.214+0000] {logging_mixin.py:190} INFO - [2025-03-26T17:33:51.214+0000] {dag.py:4180} INFO - Setting next_dagrun for dataset_consumes_1 to None, run_after=None
[2025-03-26T17:33:51.215+0000] {logging_mixin.py:190} INFO - [2025-03-26T17:33:51.214+0000] {dag.py:4180} INFO - Setting next_dagrun for dataset_consumes_1_and_2 to None, run_after=None
[2025-03-26T17:33:51.216+0000] {logging_mixin.py:190} INFO - [2025-03-26T17:33:51.215+0000] {dag.py:4180} INFO - Setting next_dagrun for dataset_consumes_1_never_scheduled to None, run_after=None
[2025-03-26T17:33:51.217+0000] {logging_mixin.py:190} INFO - [2025-03-26T17:33:51.216+0000] {dag.py:4180} INFO - Setting next_dagrun for dataset_consumes_unknown_never_scheduled to None, run_after=None
[2025-03-26T17:33:51.218+0000] {logging_mixin.py:190} INFO - [2025-03-26T17:33:51.218+0000] {dag.py:4180} INFO - Setting next_dagrun for dataset_produces_1 to 2025-03-25 00:00:00+00:00, run_after=2025-03-26 00:00:00+00:00
[2025-03-26T17:33:51.219+0000] {logging_mixin.py:190} INFO - [2025-03-26T17:33:51.219+0000] {dag.py:4180} INFO - Setting next_dagrun for dataset_produces_2 to None, run_after=None
[2025-03-26T17:33:51.247+0000] {processor.py:208} INFO - Processing /home/ubuntu/customer_churn_youtube_venv/lib/python3.12/site-packages/airflow/example_dags/example_datasets.py took 0.210 seconds
[2025-03-26T17:35:09.843+0000] {processor.py:186} INFO - Started process (PID=7714) to work on /home/ubuntu/customer_churn_youtube_venv/lib/python3.12/site-packages/airflow/example_dags/example_datasets.py
[2025-03-26T17:35:09.844+0000] {processor.py:914} INFO - Processing file /home/ubuntu/customer_churn_youtube_venv/lib/python3.12/site-packages/airflow/example_dags/example_datasets.py for tasks to queue
[2025-03-26T17:35:09.846+0000] {logging_mixin.py:190} INFO - [2025-03-26T17:35:09.846+0000] {dagbag.py:588} INFO - Filling up the DagBag from /home/ubuntu/customer_churn_youtube_venv/lib/python3.12/site-packages/airflow/example_dags/example_datasets.py
[2025-03-26T17:35:09.955+0000] {processor.py:925} INFO - DAG(s) 'conditional_dataset_and_time_based_timetable', 'dataset_produces_2', 'consume_1_or_2_with_dataset_expressions', 'consume_1_and_2_with_dataset_expressions', 'dataset_consumes_1_and_2', 'consume_1_or_both_2_and_3_with_dataset_expressions', 'dataset_consumes_1_never_scheduled', 'dataset_consumes_unknown_never_scheduled', 'dataset_consumes_1', 'dataset_produces_1' retrieved from /home/ubuntu/customer_churn_youtube_venv/lib/python3.12/site-packages/airflow/example_dags/example_datasets.py
[2025-03-26T17:35:09.985+0000] {logging_mixin.py:190} INFO - [2025-03-26T17:35:09.985+0000] {dag.py:3239} INFO - Sync 10 DAGs
[2025-03-26T17:35:10.006+0000] {logging_mixin.py:190} INFO - [2025-03-26T17:35:10.005+0000] {dag.py:4180} INFO - Setting next_dagrun for conditional_dataset_and_time_based_timetable to 2025-03-26 01:00:00+00:00, run_after=2025-03-26 01:00:00+00:00
[2025-03-26T17:35:10.009+0000] {logging_mixin.py:190} INFO - [2025-03-26T17:35:10.008+0000] {dag.py:4180} INFO - Setting next_dagrun for consume_1_and_2_with_dataset_expressions to None, run_after=None
[2025-03-26T17:35:10.010+0000] {logging_mixin.py:190} INFO - [2025-03-26T17:35:10.010+0000] {dag.py:4180} INFO - Setting next_dagrun for consume_1_or_2_with_dataset_expressions to None, run_after=None
[2025-03-26T17:35:10.012+0000] {logging_mixin.py:190} INFO - [2025-03-26T17:35:10.012+0000] {dag.py:4180} INFO - Setting next_dagrun for consume_1_or_both_2_and_3_with_dataset_expressions to None, run_after=None
[2025-03-26T17:35:10.013+0000] {logging_mixin.py:190} INFO - [2025-03-26T17:35:10.012+0000] {dag.py:4180} INFO - Setting next_dagrun for dataset_consumes_1 to None, run_after=None
[2025-03-26T17:35:10.014+0000] {logging_mixin.py:190} INFO - [2025-03-26T17:35:10.013+0000] {dag.py:4180} INFO - Setting next_dagrun for dataset_consumes_1_and_2 to None, run_after=None
[2025-03-26T17:35:10.014+0000] {logging_mixin.py:190} INFO - [2025-03-26T17:35:10.014+0000] {dag.py:4180} INFO - Setting next_dagrun for dataset_consumes_1_never_scheduled to None, run_after=None
[2025-03-26T17:35:10.015+0000] {logging_mixin.py:190} INFO - [2025-03-26T17:35:10.015+0000] {dag.py:4180} INFO - Setting next_dagrun for dataset_consumes_unknown_never_scheduled to None, run_after=None
[2025-03-26T17:35:10.016+0000] {logging_mixin.py:190} INFO - [2025-03-26T17:35:10.016+0000] {dag.py:4180} INFO - Setting next_dagrun for dataset_produces_1 to 2025-03-25 00:00:00+00:00, run_after=2025-03-26 00:00:00+00:00
[2025-03-26T17:35:10.018+0000] {logging_mixin.py:190} INFO - [2025-03-26T17:35:10.018+0000] {dag.py:4180} INFO - Setting next_dagrun for dataset_produces_2 to None, run_after=None
[2025-03-26T17:35:10.045+0000] {processor.py:208} INFO - Processing /home/ubuntu/customer_churn_youtube_venv/lib/python3.12/site-packages/airflow/example_dags/example_datasets.py took 0.208 seconds
[2025-03-26T17:36:03.040+0000] {processor.py:186} INFO - Started process (PID=7768) to work on /home/ubuntu/customer_churn_youtube_venv/lib/python3.12/site-packages/airflow/example_dags/example_datasets.py
[2025-03-26T17:36:03.041+0000] {processor.py:914} INFO - Processing file /home/ubuntu/customer_churn_youtube_venv/lib/python3.12/site-packages/airflow/example_dags/example_datasets.py for tasks to queue
[2025-03-26T17:36:03.044+0000] {logging_mixin.py:190} INFO - [2025-03-26T17:36:03.043+0000] {dagbag.py:588} INFO - Filling up the DagBag from /home/ubuntu/customer_churn_youtube_venv/lib/python3.12/site-packages/airflow/example_dags/example_datasets.py
[2025-03-26T17:36:03.156+0000] {processor.py:925} INFO - DAG(s) 'conditional_dataset_and_time_based_timetable', 'dataset_consumes_unknown_never_scheduled', 'consume_1_or_2_with_dataset_expressions', 'consume_1_and_2_with_dataset_expressions', 'dataset_consumes_1_never_scheduled', 'dataset_produces_1', 'dataset_consumes_1_and_2', 'dataset_consumes_1', 'consume_1_or_both_2_and_3_with_dataset_expressions', 'dataset_produces_2' retrieved from /home/ubuntu/customer_churn_youtube_venv/lib/python3.12/site-packages/airflow/example_dags/example_datasets.py
[2025-03-26T17:36:03.188+0000] {logging_mixin.py:190} INFO - [2025-03-26T17:36:03.188+0000] {dag.py:3239} INFO - Sync 10 DAGs
[2025-03-26T17:36:03.209+0000] {logging_mixin.py:190} INFO - [2025-03-26T17:36:03.208+0000] {dag.py:4180} INFO - Setting next_dagrun for conditional_dataset_and_time_based_timetable to 2025-03-26 01:00:00+00:00, run_after=2025-03-26 01:00:00+00:00
[2025-03-26T17:36:03.212+0000] {logging_mixin.py:190} INFO - [2025-03-26T17:36:03.212+0000] {dag.py:4180} INFO - Setting next_dagrun for consume_1_and_2_with_dataset_expressions to None, run_after=None
[2025-03-26T17:36:03.213+0000] {logging_mixin.py:190} INFO - [2025-03-26T17:36:03.213+0000] {dag.py:4180} INFO - Setting next_dagrun for consume_1_or_2_with_dataset_expressions to None, run_after=None
[2025-03-26T17:36:03.214+0000] {logging_mixin.py:190} INFO - [2025-03-26T17:36:03.214+0000] {dag.py:4180} INFO - Setting next_dagrun for consume_1_or_both_2_and_3_with_dataset_expressions to None, run_after=None
[2025-03-26T17:36:03.214+0000] {logging_mixin.py:190} INFO - [2025-03-26T17:36:03.214+0000] {dag.py:4180} INFO - Setting next_dagrun for dataset_consumes_1 to None, run_after=None
[2025-03-26T17:36:03.215+0000] {logging_mixin.py:190} INFO - [2025-03-26T17:36:03.215+0000] {dag.py:4180} INFO - Setting next_dagrun for dataset_consumes_1_and_2 to None, run_after=None
[2025-03-26T17:36:03.216+0000] {logging_mixin.py:190} INFO - [2025-03-26T17:36:03.216+0000] {dag.py:4180} INFO - Setting next_dagrun for dataset_consumes_1_never_scheduled to None, run_after=None
[2025-03-26T17:36:03.217+0000] {logging_mixin.py:190} INFO - [2025-03-26T17:36:03.217+0000] {dag.py:4180} INFO - Setting next_dagrun for dataset_consumes_unknown_never_scheduled to None, run_after=None
[2025-03-26T17:36:03.219+0000] {logging_mixin.py:190} INFO - [2025-03-26T17:36:03.219+0000] {dag.py:4180} INFO - Setting next_dagrun for dataset_produces_1 to 2025-03-25 00:00:00+00:00, run_after=2025-03-26 00:00:00+00:00
[2025-03-26T17:36:03.219+0000] {logging_mixin.py:190} INFO - [2025-03-26T17:36:03.219+0000] {dag.py:4180} INFO - Setting next_dagrun for dataset_produces_2 to None, run_after=None
[2025-03-26T17:36:03.249+0000] {processor.py:208} INFO - Processing /home/ubuntu/customer_churn_youtube_venv/lib/python3.12/site-packages/airflow/example_dags/example_datasets.py took 0.214 seconds
