[2025-03-26T17:13:22.573+0000] {processor.py:186} INFO - Started process (PID=6270) to work on /home/ubuntu/customer_churn_youtube_venv/lib/python3.12/site-packages/airflow/example_dags/example_xcomargs.py
[2025-03-26T17:13:22.573+0000] {processor.py:914} INFO - Processing file /home/ubuntu/customer_churn_youtube_venv/lib/python3.12/site-packages/airflow/example_dags/example_xcomargs.py for tasks to queue
[2025-03-26T17:13:22.575+0000] {logging_mixin.py:190} INFO - [2025-03-26T17:13:22.574+0000] {dagbag.py:588} INFO - Filling up the DagBag from /home/ubuntu/customer_churn_youtube_venv/lib/python3.12/site-packages/airflow/example_dags/example_xcomargs.py
[2025-03-26T17:13:22.585+0000] {processor.py:925} INFO - DAG(s) 'example_xcom_args', 'example_xcom_args_with_operators' retrieved from /home/ubuntu/customer_churn_youtube_venv/lib/python3.12/site-packages/airflow/example_dags/example_xcomargs.py
[2025-03-26T17:13:22.689+0000] {logging_mixin.py:190} INFO - [2025-03-26T17:13:22.689+0000] {override.py:1930} INFO - Created Permission View: can edit on DAG:example_xcom_args
[2025-03-26T17:13:22.704+0000] {logging_mixin.py:190} INFO - [2025-03-26T17:13:22.704+0000] {override.py:1930} INFO - Created Permission View: can read on DAG:example_xcom_args
[2025-03-26T17:13:22.715+0000] {logging_mixin.py:190} INFO - [2025-03-26T17:13:22.715+0000] {override.py:1930} INFO - Created Permission View: can delete on DAG:example_xcom_args
[2025-03-26T17:13:22.732+0000] {logging_mixin.py:190} INFO - [2025-03-26T17:13:22.732+0000] {override.py:1930} INFO - Created Permission View: menu access on DAG Run:example_xcom_args
[2025-03-26T17:13:22.743+0000] {logging_mixin.py:190} INFO - [2025-03-26T17:13:22.742+0000] {override.py:1930} INFO - Created Permission View: can create on DAG Run:example_xcom_args
[2025-03-26T17:13:22.754+0000] {logging_mixin.py:190} INFO - [2025-03-26T17:13:22.754+0000] {override.py:1930} INFO - Created Permission View: can delete on DAG Run:example_xcom_args
[2025-03-26T17:13:22.765+0000] {logging_mixin.py:190} INFO - [2025-03-26T17:13:22.764+0000] {override.py:1930} INFO - Created Permission View: can read on DAG Run:example_xcom_args
[2025-03-26T17:13:22.789+0000] {logging_mixin.py:190} INFO - [2025-03-26T17:13:22.789+0000] {override.py:1930} INFO - Created Permission View: can edit on DAG:example_xcom_args_with_operators
[2025-03-26T17:13:22.799+0000] {logging_mixin.py:190} INFO - [2025-03-26T17:13:22.799+0000] {override.py:1930} INFO - Created Permission View: can read on DAG:example_xcom_args_with_operators
[2025-03-26T17:13:22.809+0000] {logging_mixin.py:190} INFO - [2025-03-26T17:13:22.809+0000] {override.py:1930} INFO - Created Permission View: can delete on DAG:example_xcom_args_with_operators
[2025-03-26T17:13:22.826+0000] {logging_mixin.py:190} INFO - [2025-03-26T17:13:22.825+0000] {override.py:1930} INFO - Created Permission View: menu access on DAG Run:example_xcom_args_with_operators
[2025-03-26T17:13:22.835+0000] {logging_mixin.py:190} INFO - [2025-03-26T17:13:22.835+0000] {override.py:1930} INFO - Created Permission View: can create on DAG Run:example_xcom_args_with_operators
[2025-03-26T17:13:22.845+0000] {logging_mixin.py:190} INFO - [2025-03-26T17:13:22.845+0000] {override.py:1930} INFO - Created Permission View: can delete on DAG Run:example_xcom_args_with_operators
[2025-03-26T17:13:22.854+0000] {logging_mixin.py:190} INFO - [2025-03-26T17:13:22.854+0000] {override.py:1930} INFO - Created Permission View: can read on DAG Run:example_xcom_args_with_operators
[2025-03-26T17:13:22.854+0000] {logging_mixin.py:190} INFO - [2025-03-26T17:13:22.854+0000] {dag.py:3239} INFO - Sync 2 DAGs
[2025-03-26T17:13:22.864+0000] {logging_mixin.py:190} INFO - [2025-03-26T17:13:22.864+0000] {dag.py:3262} INFO - Creating ORM DAG for example_xcom_args_with_operators
[2025-03-26T17:13:22.864+0000] {logging_mixin.py:190} INFO - [2025-03-26T17:13:22.864+0000] {dag.py:3262} INFO - Creating ORM DAG for example_xcom_args
[2025-03-26T17:13:22.865+0000] {logging_mixin.py:190} INFO - [2025-03-26T17:13:22.865+0000] {dag.py:4180} INFO - Setting next_dagrun for example_xcom_args to None, run_after=None
[2025-03-26T17:13:22.865+0000] {logging_mixin.py:190} INFO - [2025-03-26T17:13:22.865+0000] {dag.py:4180} INFO - Setting next_dagrun for example_xcom_args_with_operators to None, run_after=None
[2025-03-26T17:13:22.889+0000] {processor.py:208} INFO - Processing /home/ubuntu/customer_churn_youtube_venv/lib/python3.12/site-packages/airflow/example_dags/example_xcomargs.py took 0.322 seconds
[2025-03-26T17:14:31.523+0000] {processor.py:186} INFO - Started process (PID=6327) to work on /home/ubuntu/customer_churn_youtube_venv/lib/python3.12/site-packages/airflow/example_dags/example_xcomargs.py
[2025-03-26T17:14:31.524+0000] {processor.py:914} INFO - Processing file /home/ubuntu/customer_churn_youtube_venv/lib/python3.12/site-packages/airflow/example_dags/example_xcomargs.py for tasks to queue
[2025-03-26T17:14:31.527+0000] {logging_mixin.py:190} INFO - [2025-03-26T17:14:31.525+0000] {dagbag.py:588} INFO - Filling up the DagBag from /home/ubuntu/customer_churn_youtube_venv/lib/python3.12/site-packages/airflow/example_dags/example_xcomargs.py
[2025-03-26T17:14:31.536+0000] {processor.py:925} INFO - DAG(s) 'example_xcom_args', 'example_xcom_args_with_operators' retrieved from /home/ubuntu/customer_churn_youtube_venv/lib/python3.12/site-packages/airflow/example_dags/example_xcomargs.py
[2025-03-26T17:14:31.553+0000] {logging_mixin.py:190} INFO - [2025-03-26T17:14:31.553+0000] {dag.py:3239} INFO - Sync 2 DAGs
[2025-03-26T17:14:31.566+0000] {logging_mixin.py:190} INFO - [2025-03-26T17:14:31.566+0000] {dag.py:4180} INFO - Setting next_dagrun for example_xcom_args to None, run_after=None
[2025-03-26T17:14:31.569+0000] {logging_mixin.py:190} INFO - [2025-03-26T17:14:31.568+0000] {dag.py:4180} INFO - Setting next_dagrun for example_xcom_args_with_operators to None, run_after=None
[2025-03-26T17:14:31.588+0000] {processor.py:208} INFO - Processing /home/ubuntu/customer_churn_youtube_venv/lib/python3.12/site-packages/airflow/example_dags/example_xcomargs.py took 0.071 seconds
[2025-03-26T17:15:26.074+0000] {processor.py:186} INFO - Started process (PID=6390) to work on /home/ubuntu/customer_churn_youtube_venv/lib/python3.12/site-packages/airflow/example_dags/example_xcomargs.py
[2025-03-26T17:15:26.076+0000] {processor.py:914} INFO - Processing file /home/ubuntu/customer_churn_youtube_venv/lib/python3.12/site-packages/airflow/example_dags/example_xcomargs.py for tasks to queue
[2025-03-26T17:15:26.079+0000] {logging_mixin.py:190} INFO - [2025-03-26T17:15:26.078+0000] {dagbag.py:588} INFO - Filling up the DagBag from /home/ubuntu/customer_churn_youtube_venv/lib/python3.12/site-packages/airflow/example_dags/example_xcomargs.py
[2025-03-26T17:15:26.088+0000] {processor.py:925} INFO - DAG(s) 'example_xcom_args', 'example_xcom_args_with_operators' retrieved from /home/ubuntu/customer_churn_youtube_venv/lib/python3.12/site-packages/airflow/example_dags/example_xcomargs.py
[2025-03-26T17:15:26.105+0000] {logging_mixin.py:190} INFO - [2025-03-26T17:15:26.105+0000] {dag.py:3239} INFO - Sync 2 DAGs
[2025-03-26T17:15:26.116+0000] {logging_mixin.py:190} INFO - [2025-03-26T17:15:26.116+0000] {dag.py:4180} INFO - Setting next_dagrun for example_xcom_args to None, run_after=None
[2025-03-26T17:15:26.120+0000] {logging_mixin.py:190} INFO - [2025-03-26T17:15:26.119+0000] {dag.py:4180} INFO - Setting next_dagrun for example_xcom_args_with_operators to None, run_after=None
[2025-03-26T17:15:26.140+0000] {processor.py:208} INFO - Processing /home/ubuntu/customer_churn_youtube_venv/lib/python3.12/site-packages/airflow/example_dags/example_xcomargs.py took 0.071 seconds
[2025-03-26T17:16:18.605+0000] {processor.py:186} INFO - Started process (PID=6443) to work on /home/ubuntu/customer_churn_youtube_venv/lib/python3.12/site-packages/airflow/example_dags/example_xcomargs.py
[2025-03-26T17:16:18.607+0000] {processor.py:914} INFO - Processing file /home/ubuntu/customer_churn_youtube_venv/lib/python3.12/site-packages/airflow/example_dags/example_xcomargs.py for tasks to queue
[2025-03-26T17:16:18.610+0000] {logging_mixin.py:190} INFO - [2025-03-26T17:16:18.610+0000] {dagbag.py:588} INFO - Filling up the DagBag from /home/ubuntu/customer_churn_youtube_venv/lib/python3.12/site-packages/airflow/example_dags/example_xcomargs.py
[2025-03-26T17:16:18.620+0000] {processor.py:925} INFO - DAG(s) 'example_xcom_args_with_operators', 'example_xcom_args' retrieved from /home/ubuntu/customer_churn_youtube_venv/lib/python3.12/site-packages/airflow/example_dags/example_xcomargs.py
[2025-03-26T17:16:18.637+0000] {logging_mixin.py:190} INFO - [2025-03-26T17:16:18.637+0000] {dag.py:3239} INFO - Sync 2 DAGs
[2025-03-26T17:16:18.648+0000] {logging_mixin.py:190} INFO - [2025-03-26T17:16:18.648+0000] {dag.py:4180} INFO - Setting next_dagrun for example_xcom_args to None, run_after=None
[2025-03-26T17:16:18.650+0000] {logging_mixin.py:190} INFO - [2025-03-26T17:16:18.650+0000] {dag.py:4180} INFO - Setting next_dagrun for example_xcom_args_with_operators to None, run_after=None
[2025-03-26T17:16:18.670+0000] {processor.py:208} INFO - Processing /home/ubuntu/customer_churn_youtube_venv/lib/python3.12/site-packages/airflow/example_dags/example_xcomargs.py took 0.070 seconds
[2025-03-26T17:17:13.301+0000] {processor.py:186} INFO - Started process (PID=6501) to work on /home/ubuntu/customer_churn_youtube_venv/lib/python3.12/site-packages/airflow/example_dags/example_xcomargs.py
[2025-03-26T17:17:13.303+0000] {processor.py:914} INFO - Processing file /home/ubuntu/customer_churn_youtube_venv/lib/python3.12/site-packages/airflow/example_dags/example_xcomargs.py for tasks to queue
[2025-03-26T17:17:13.305+0000] {logging_mixin.py:190} INFO - [2025-03-26T17:17:13.304+0000] {dagbag.py:588} INFO - Filling up the DagBag from /home/ubuntu/customer_churn_youtube_venv/lib/python3.12/site-packages/airflow/example_dags/example_xcomargs.py
[2025-03-26T17:17:13.315+0000] {processor.py:925} INFO - DAG(s) 'example_xcom_args', 'example_xcom_args_with_operators' retrieved from /home/ubuntu/customer_churn_youtube_venv/lib/python3.12/site-packages/airflow/example_dags/example_xcomargs.py
[2025-03-26T17:17:13.332+0000] {logging_mixin.py:190} INFO - [2025-03-26T17:17:13.332+0000] {dag.py:3239} INFO - Sync 2 DAGs
[2025-03-26T17:17:13.344+0000] {logging_mixin.py:190} INFO - [2025-03-26T17:17:13.344+0000] {dag.py:4180} INFO - Setting next_dagrun for example_xcom_args to None, run_after=None
[2025-03-26T17:17:13.347+0000] {logging_mixin.py:190} INFO - [2025-03-26T17:17:13.347+0000] {dag.py:4180} INFO - Setting next_dagrun for example_xcom_args_with_operators to None, run_after=None
[2025-03-26T17:17:13.365+0000] {processor.py:208} INFO - Processing /home/ubuntu/customer_churn_youtube_venv/lib/python3.12/site-packages/airflow/example_dags/example_xcomargs.py took 0.070 seconds
[2025-03-26T17:18:05.208+0000] {processor.py:186} INFO - Started process (PID=6555) to work on /home/ubuntu/customer_churn_youtube_venv/lib/python3.12/site-packages/airflow/example_dags/example_xcomargs.py
[2025-03-26T17:18:05.209+0000] {processor.py:914} INFO - Processing file /home/ubuntu/customer_churn_youtube_venv/lib/python3.12/site-packages/airflow/example_dags/example_xcomargs.py for tasks to queue
[2025-03-26T17:18:05.211+0000] {logging_mixin.py:190} INFO - [2025-03-26T17:18:05.211+0000] {dagbag.py:588} INFO - Filling up the DagBag from /home/ubuntu/customer_churn_youtube_venv/lib/python3.12/site-packages/airflow/example_dags/example_xcomargs.py
[2025-03-26T17:18:05.222+0000] {processor.py:925} INFO - DAG(s) 'example_xcom_args_with_operators', 'example_xcom_args' retrieved from /home/ubuntu/customer_churn_youtube_venv/lib/python3.12/site-packages/airflow/example_dags/example_xcomargs.py
[2025-03-26T17:18:05.239+0000] {logging_mixin.py:190} INFO - [2025-03-26T17:18:05.239+0000] {dag.py:3239} INFO - Sync 2 DAGs
[2025-03-26T17:18:05.251+0000] {logging_mixin.py:190} INFO - [2025-03-26T17:18:05.251+0000] {dag.py:4180} INFO - Setting next_dagrun for example_xcom_args to None, run_after=None
[2025-03-26T17:18:05.255+0000] {logging_mixin.py:190} INFO - [2025-03-26T17:18:05.255+0000] {dag.py:4180} INFO - Setting next_dagrun for example_xcom_args_with_operators to None, run_after=None
[2025-03-26T17:18:05.275+0000] {processor.py:208} INFO - Processing /home/ubuntu/customer_churn_youtube_venv/lib/python3.12/site-packages/airflow/example_dags/example_xcomargs.py took 0.072 seconds
[2025-03-26T17:18:58.895+0000] {processor.py:186} INFO - Started process (PID=6611) to work on /home/ubuntu/customer_churn_youtube_venv/lib/python3.12/site-packages/airflow/example_dags/example_xcomargs.py
[2025-03-26T17:18:58.896+0000] {processor.py:914} INFO - Processing file /home/ubuntu/customer_churn_youtube_venv/lib/python3.12/site-packages/airflow/example_dags/example_xcomargs.py for tasks to queue
[2025-03-26T17:18:58.898+0000] {logging_mixin.py:190} INFO - [2025-03-26T17:18:58.898+0000] {dagbag.py:588} INFO - Filling up the DagBag from /home/ubuntu/customer_churn_youtube_venv/lib/python3.12/site-packages/airflow/example_dags/example_xcomargs.py
[2025-03-26T17:18:58.908+0000] {processor.py:925} INFO - DAG(s) 'example_xcom_args_with_operators', 'example_xcom_args' retrieved from /home/ubuntu/customer_churn_youtube_venv/lib/python3.12/site-packages/airflow/example_dags/example_xcomargs.py
[2025-03-26T17:18:58.926+0000] {logging_mixin.py:190} INFO - [2025-03-26T17:18:58.926+0000] {dag.py:3239} INFO - Sync 2 DAGs
[2025-03-26T17:18:58.937+0000] {logging_mixin.py:190} INFO - [2025-03-26T17:18:58.937+0000] {dag.py:4180} INFO - Setting next_dagrun for example_xcom_args to None, run_after=None
[2025-03-26T17:18:58.940+0000] {logging_mixin.py:190} INFO - [2025-03-26T17:18:58.940+0000] {dag.py:4180} INFO - Setting next_dagrun for example_xcom_args_with_operators to None, run_after=None
[2025-03-26T17:18:58.960+0000] {processor.py:208} INFO - Processing /home/ubuntu/customer_churn_youtube_venv/lib/python3.12/site-packages/airflow/example_dags/example_xcomargs.py took 0.071 seconds
[2025-03-26T17:19:59.036+0000] {processor.py:186} INFO - Started process (PID=6667) to work on /home/ubuntu/customer_churn_youtube_venv/lib/python3.12/site-packages/airflow/example_dags/example_xcomargs.py
[2025-03-26T17:19:59.037+0000] {processor.py:914} INFO - Processing file /home/ubuntu/customer_churn_youtube_venv/lib/python3.12/site-packages/airflow/example_dags/example_xcomargs.py for tasks to queue
[2025-03-26T17:19:59.039+0000] {logging_mixin.py:190} INFO - [2025-03-26T17:19:59.039+0000] {dagbag.py:588} INFO - Filling up the DagBag from /home/ubuntu/customer_churn_youtube_venv/lib/python3.12/site-packages/airflow/example_dags/example_xcomargs.py
[2025-03-26T17:19:59.049+0000] {processor.py:925} INFO - DAG(s) 'example_xcom_args', 'example_xcom_args_with_operators' retrieved from /home/ubuntu/customer_churn_youtube_venv/lib/python3.12/site-packages/airflow/example_dags/example_xcomargs.py
[2025-03-26T17:19:59.067+0000] {logging_mixin.py:190} INFO - [2025-03-26T17:19:59.066+0000] {dag.py:3239} INFO - Sync 2 DAGs
[2025-03-26T17:19:59.079+0000] {logging_mixin.py:190} INFO - [2025-03-26T17:19:59.078+0000] {dag.py:4180} INFO - Setting next_dagrun for example_xcom_args to None, run_after=None
[2025-03-26T17:19:59.091+0000] {logging_mixin.py:190} INFO - [2025-03-26T17:19:59.091+0000] {dag.py:4180} INFO - Setting next_dagrun for example_xcom_args_with_operators to None, run_after=None
[2025-03-26T17:19:59.112+0000] {processor.py:208} INFO - Processing /home/ubuntu/customer_churn_youtube_venv/lib/python3.12/site-packages/airflow/example_dags/example_xcomargs.py took 0.082 seconds
[2025-03-26T17:20:55.668+0000] {processor.py:186} INFO - Started process (PID=6730) to work on /home/ubuntu/customer_churn_youtube_venv/lib/python3.12/site-packages/airflow/example_dags/example_xcomargs.py
[2025-03-26T17:20:55.670+0000] {processor.py:914} INFO - Processing file /home/ubuntu/customer_churn_youtube_venv/lib/python3.12/site-packages/airflow/example_dags/example_xcomargs.py for tasks to queue
[2025-03-26T17:20:55.672+0000] {logging_mixin.py:190} INFO - [2025-03-26T17:20:55.672+0000] {dagbag.py:588} INFO - Filling up the DagBag from /home/ubuntu/customer_churn_youtube_venv/lib/python3.12/site-packages/airflow/example_dags/example_xcomargs.py
[2025-03-26T17:20:55.683+0000] {processor.py:925} INFO - DAG(s) 'example_xcom_args_with_operators', 'example_xcom_args' retrieved from /home/ubuntu/customer_churn_youtube_venv/lib/python3.12/site-packages/airflow/example_dags/example_xcomargs.py
[2025-03-26T17:20:55.699+0000] {logging_mixin.py:190} INFO - [2025-03-26T17:20:55.698+0000] {dag.py:3239} INFO - Sync 2 DAGs
[2025-03-26T17:20:55.710+0000] {logging_mixin.py:190} INFO - [2025-03-26T17:20:55.710+0000] {dag.py:4180} INFO - Setting next_dagrun for example_xcom_args to None, run_after=None
[2025-03-26T17:20:55.713+0000] {logging_mixin.py:190} INFO - [2025-03-26T17:20:55.713+0000] {dag.py:4180} INFO - Setting next_dagrun for example_xcom_args_with_operators to None, run_after=None
[2025-03-26T17:20:55.734+0000] {processor.py:208} INFO - Processing /home/ubuntu/customer_churn_youtube_venv/lib/python3.12/site-packages/airflow/example_dags/example_xcomargs.py took 0.072 seconds
[2025-03-26T17:21:49.871+0000] {processor.py:186} INFO - Started process (PID=6784) to work on /home/ubuntu/customer_churn_youtube_venv/lib/python3.12/site-packages/airflow/example_dags/example_xcomargs.py
[2025-03-26T17:21:49.873+0000] {processor.py:914} INFO - Processing file /home/ubuntu/customer_churn_youtube_venv/lib/python3.12/site-packages/airflow/example_dags/example_xcomargs.py for tasks to queue
[2025-03-26T17:21:49.876+0000] {logging_mixin.py:190} INFO - [2025-03-26T17:21:49.876+0000] {dagbag.py:588} INFO - Filling up the DagBag from /home/ubuntu/customer_churn_youtube_venv/lib/python3.12/site-packages/airflow/example_dags/example_xcomargs.py
[2025-03-26T17:21:49.887+0000] {processor.py:925} INFO - DAG(s) 'example_xcom_args', 'example_xcom_args_with_operators' retrieved from /home/ubuntu/customer_churn_youtube_venv/lib/python3.12/site-packages/airflow/example_dags/example_xcomargs.py
[2025-03-26T17:21:49.905+0000] {logging_mixin.py:190} INFO - [2025-03-26T17:21:49.904+0000] {dag.py:3239} INFO - Sync 2 DAGs
[2025-03-26T17:21:49.916+0000] {logging_mixin.py:190} INFO - [2025-03-26T17:21:49.916+0000] {dag.py:4180} INFO - Setting next_dagrun for example_xcom_args to None, run_after=None
[2025-03-26T17:21:49.920+0000] {logging_mixin.py:190} INFO - [2025-03-26T17:21:49.919+0000] {dag.py:4180} INFO - Setting next_dagrun for example_xcom_args_with_operators to None, run_after=None
[2025-03-26T17:21:49.940+0000] {processor.py:208} INFO - Processing /home/ubuntu/customer_churn_youtube_venv/lib/python3.12/site-packages/airflow/example_dags/example_xcomargs.py took 0.075 seconds
[2025-03-26T17:22:41.255+0000] {processor.py:186} INFO - Started process (PID=6838) to work on /home/ubuntu/customer_churn_youtube_venv/lib/python3.12/site-packages/airflow/example_dags/example_xcomargs.py
[2025-03-26T17:22:41.257+0000] {processor.py:914} INFO - Processing file /home/ubuntu/customer_churn_youtube_venv/lib/python3.12/site-packages/airflow/example_dags/example_xcomargs.py for tasks to queue
[2025-03-26T17:22:41.260+0000] {logging_mixin.py:190} INFO - [2025-03-26T17:22:41.260+0000] {dagbag.py:588} INFO - Filling up the DagBag from /home/ubuntu/customer_churn_youtube_venv/lib/python3.12/site-packages/airflow/example_dags/example_xcomargs.py
[2025-03-26T17:22:41.271+0000] {processor.py:925} INFO - DAG(s) 'example_xcom_args_with_operators', 'example_xcom_args' retrieved from /home/ubuntu/customer_churn_youtube_venv/lib/python3.12/site-packages/airflow/example_dags/example_xcomargs.py
[2025-03-26T17:22:41.288+0000] {logging_mixin.py:190} INFO - [2025-03-26T17:22:41.288+0000] {dag.py:3239} INFO - Sync 2 DAGs
[2025-03-26T17:22:41.300+0000] {logging_mixin.py:190} INFO - [2025-03-26T17:22:41.300+0000] {dag.py:4180} INFO - Setting next_dagrun for example_xcom_args to None, run_after=None
[2025-03-26T17:22:41.304+0000] {logging_mixin.py:190} INFO - [2025-03-26T17:22:41.304+0000] {dag.py:4180} INFO - Setting next_dagrun for example_xcom_args_with_operators to None, run_after=None
[2025-03-26T17:22:41.325+0000] {processor.py:208} INFO - Processing /home/ubuntu/customer_churn_youtube_venv/lib/python3.12/site-packages/airflow/example_dags/example_xcomargs.py took 0.075 seconds
[2025-03-26T17:23:32.938+0000] {processor.py:186} INFO - Started process (PID=6891) to work on /home/ubuntu/customer_churn_youtube_venv/lib/python3.12/site-packages/airflow/example_dags/example_xcomargs.py
[2025-03-26T17:23:32.940+0000] {processor.py:914} INFO - Processing file /home/ubuntu/customer_churn_youtube_venv/lib/python3.12/site-packages/airflow/example_dags/example_xcomargs.py for tasks to queue
[2025-03-26T17:23:32.943+0000] {logging_mixin.py:190} INFO - [2025-03-26T17:23:32.943+0000] {dagbag.py:588} INFO - Filling up the DagBag from /home/ubuntu/customer_churn_youtube_venv/lib/python3.12/site-packages/airflow/example_dags/example_xcomargs.py
[2025-03-26T17:23:32.954+0000] {processor.py:925} INFO - DAG(s) 'example_xcom_args_with_operators', 'example_xcom_args' retrieved from /home/ubuntu/customer_churn_youtube_venv/lib/python3.12/site-packages/airflow/example_dags/example_xcomargs.py
[2025-03-26T17:23:32.970+0000] {logging_mixin.py:190} INFO - [2025-03-26T17:23:32.970+0000] {dag.py:3239} INFO - Sync 2 DAGs
[2025-03-26T17:23:32.983+0000] {logging_mixin.py:190} INFO - [2025-03-26T17:23:32.983+0000] {dag.py:4180} INFO - Setting next_dagrun for example_xcom_args to None, run_after=None
[2025-03-26T17:23:32.986+0000] {logging_mixin.py:190} INFO - [2025-03-26T17:23:32.986+0000] {dag.py:4180} INFO - Setting next_dagrun for example_xcom_args_with_operators to None, run_after=None
[2025-03-26T17:23:33.006+0000] {processor.py:208} INFO - Processing /home/ubuntu/customer_churn_youtube_venv/lib/python3.12/site-packages/airflow/example_dags/example_xcomargs.py took 0.074 seconds
[2025-03-26T17:24:23.670+0000] {processor.py:186} INFO - Started process (PID=6944) to work on /home/ubuntu/customer_churn_youtube_venv/lib/python3.12/site-packages/airflow/example_dags/example_xcomargs.py
[2025-03-26T17:24:23.672+0000] {processor.py:914} INFO - Processing file /home/ubuntu/customer_churn_youtube_venv/lib/python3.12/site-packages/airflow/example_dags/example_xcomargs.py for tasks to queue
[2025-03-26T17:24:23.674+0000] {logging_mixin.py:190} INFO - [2025-03-26T17:24:23.674+0000] {dagbag.py:588} INFO - Filling up the DagBag from /home/ubuntu/customer_churn_youtube_venv/lib/python3.12/site-packages/airflow/example_dags/example_xcomargs.py
[2025-03-26T17:24:23.685+0000] {processor.py:925} INFO - DAG(s) 'example_xcom_args', 'example_xcom_args_with_operators' retrieved from /home/ubuntu/customer_churn_youtube_venv/lib/python3.12/site-packages/airflow/example_dags/example_xcomargs.py
[2025-03-26T17:24:23.703+0000] {logging_mixin.py:190} INFO - [2025-03-26T17:24:23.703+0000] {dag.py:3239} INFO - Sync 2 DAGs
[2025-03-26T17:24:23.715+0000] {logging_mixin.py:190} INFO - [2025-03-26T17:24:23.715+0000] {dag.py:4180} INFO - Setting next_dagrun for example_xcom_args to None, run_after=None
[2025-03-26T17:24:23.718+0000] {logging_mixin.py:190} INFO - [2025-03-26T17:24:23.718+0000] {dag.py:4180} INFO - Setting next_dagrun for example_xcom_args_with_operators to None, run_after=None
[2025-03-26T17:24:23.737+0000] {processor.py:208} INFO - Processing /home/ubuntu/customer_churn_youtube_venv/lib/python3.12/site-packages/airflow/example_dags/example_xcomargs.py took 0.072 seconds
[2025-03-26T17:25:14.115+0000] {processor.py:186} INFO - Started process (PID=7000) to work on /home/ubuntu/customer_churn_youtube_venv/lib/python3.12/site-packages/airflow/example_dags/example_xcomargs.py
[2025-03-26T17:25:14.116+0000] {processor.py:914} INFO - Processing file /home/ubuntu/customer_churn_youtube_venv/lib/python3.12/site-packages/airflow/example_dags/example_xcomargs.py for tasks to queue
[2025-03-26T17:25:14.119+0000] {logging_mixin.py:190} INFO - [2025-03-26T17:25:14.118+0000] {dagbag.py:588} INFO - Filling up the DagBag from /home/ubuntu/customer_churn_youtube_venv/lib/python3.12/site-packages/airflow/example_dags/example_xcomargs.py
[2025-03-26T17:25:14.130+0000] {processor.py:925} INFO - DAG(s) 'example_xcom_args_with_operators', 'example_xcom_args' retrieved from /home/ubuntu/customer_churn_youtube_venv/lib/python3.12/site-packages/airflow/example_dags/example_xcomargs.py
[2025-03-26T17:25:14.148+0000] {logging_mixin.py:190} INFO - [2025-03-26T17:25:14.148+0000] {dag.py:3239} INFO - Sync 2 DAGs
[2025-03-26T17:25:14.159+0000] {logging_mixin.py:190} INFO - [2025-03-26T17:25:14.159+0000] {dag.py:4180} INFO - Setting next_dagrun for example_xcom_args to None, run_after=None
[2025-03-26T17:25:14.163+0000] {logging_mixin.py:190} INFO - [2025-03-26T17:25:14.163+0000] {dag.py:4180} INFO - Setting next_dagrun for example_xcom_args_with_operators to None, run_after=None
[2025-03-26T17:25:14.183+0000] {processor.py:208} INFO - Processing /home/ubuntu/customer_churn_youtube_venv/lib/python3.12/site-packages/airflow/example_dags/example_xcomargs.py took 0.074 seconds
[2025-03-26T17:26:02.697+0000] {processor.py:186} INFO - Started process (PID=7051) to work on /home/ubuntu/customer_churn_youtube_venv/lib/python3.12/site-packages/airflow/example_dags/example_xcomargs.py
[2025-03-26T17:26:02.699+0000] {processor.py:914} INFO - Processing file /home/ubuntu/customer_churn_youtube_venv/lib/python3.12/site-packages/airflow/example_dags/example_xcomargs.py for tasks to queue
[2025-03-26T17:26:02.702+0000] {logging_mixin.py:190} INFO - [2025-03-26T17:26:02.702+0000] {dagbag.py:588} INFO - Filling up the DagBag from /home/ubuntu/customer_churn_youtube_venv/lib/python3.12/site-packages/airflow/example_dags/example_xcomargs.py
[2025-03-26T17:26:02.712+0000] {processor.py:925} INFO - DAG(s) 'example_xcom_args', 'example_xcom_args_with_operators' retrieved from /home/ubuntu/customer_churn_youtube_venv/lib/python3.12/site-packages/airflow/example_dags/example_xcomargs.py
[2025-03-26T17:26:02.731+0000] {logging_mixin.py:190} INFO - [2025-03-26T17:26:02.731+0000] {dag.py:3239} INFO - Sync 2 DAGs
[2025-03-26T17:26:02.744+0000] {logging_mixin.py:190} INFO - [2025-03-26T17:26:02.743+0000] {dag.py:4180} INFO - Setting next_dagrun for example_xcom_args to None, run_after=None
[2025-03-26T17:26:02.746+0000] {logging_mixin.py:190} INFO - [2025-03-26T17:26:02.746+0000] {dag.py:4180} INFO - Setting next_dagrun for example_xcom_args_with_operators to None, run_after=None
[2025-03-26T17:26:02.768+0000] {processor.py:208} INFO - Processing /home/ubuntu/customer_churn_youtube_venv/lib/python3.12/site-packages/airflow/example_dags/example_xcomargs.py took 0.076 seconds
[2025-03-26T17:26:54.284+0000] {processor.py:186} INFO - Started process (PID=7103) to work on /home/ubuntu/customer_churn_youtube_venv/lib/python3.12/site-packages/airflow/example_dags/example_xcomargs.py
[2025-03-26T17:26:54.286+0000] {processor.py:914} INFO - Processing file /home/ubuntu/customer_churn_youtube_venv/lib/python3.12/site-packages/airflow/example_dags/example_xcomargs.py for tasks to queue
[2025-03-26T17:26:54.289+0000] {logging_mixin.py:190} INFO - [2025-03-26T17:26:54.288+0000] {dagbag.py:588} INFO - Filling up the DagBag from /home/ubuntu/customer_churn_youtube_venv/lib/python3.12/site-packages/airflow/example_dags/example_xcomargs.py
[2025-03-26T17:26:54.298+0000] {processor.py:925} INFO - DAG(s) 'example_xcom_args_with_operators', 'example_xcom_args' retrieved from /home/ubuntu/customer_churn_youtube_venv/lib/python3.12/site-packages/airflow/example_dags/example_xcomargs.py
[2025-03-26T17:26:54.316+0000] {logging_mixin.py:190} INFO - [2025-03-26T17:26:54.315+0000] {dag.py:3239} INFO - Sync 2 DAGs
[2025-03-26T17:26:54.327+0000] {logging_mixin.py:190} INFO - [2025-03-26T17:26:54.327+0000] {dag.py:4180} INFO - Setting next_dagrun for example_xcom_args to None, run_after=None
[2025-03-26T17:26:54.330+0000] {logging_mixin.py:190} INFO - [2025-03-26T17:26:54.330+0000] {dag.py:4180} INFO - Setting next_dagrun for example_xcom_args_with_operators to None, run_after=None
[2025-03-26T17:26:54.352+0000] {processor.py:208} INFO - Processing /home/ubuntu/customer_churn_youtube_venv/lib/python3.12/site-packages/airflow/example_dags/example_xcomargs.py took 0.073 seconds
[2025-03-26T17:27:46.757+0000] {processor.py:186} INFO - Started process (PID=7203) to work on /home/ubuntu/customer_churn_youtube_venv/lib/python3.12/site-packages/airflow/example_dags/example_xcomargs.py
[2025-03-26T17:27:46.759+0000] {processor.py:914} INFO - Processing file /home/ubuntu/customer_churn_youtube_venv/lib/python3.12/site-packages/airflow/example_dags/example_xcomargs.py for tasks to queue
[2025-03-26T17:27:46.762+0000] {logging_mixin.py:190} INFO - [2025-03-26T17:27:46.762+0000] {dagbag.py:588} INFO - Filling up the DagBag from /home/ubuntu/customer_churn_youtube_venv/lib/python3.12/site-packages/airflow/example_dags/example_xcomargs.py
[2025-03-26T17:27:46.772+0000] {processor.py:925} INFO - DAG(s) 'example_xcom_args_with_operators', 'example_xcom_args' retrieved from /home/ubuntu/customer_churn_youtube_venv/lib/python3.12/site-packages/airflow/example_dags/example_xcomargs.py
[2025-03-26T17:27:46.790+0000] {logging_mixin.py:190} INFO - [2025-03-26T17:27:46.790+0000] {dag.py:3239} INFO - Sync 2 DAGs
[2025-03-26T17:27:46.802+0000] {logging_mixin.py:190} INFO - [2025-03-26T17:27:46.802+0000] {dag.py:4180} INFO - Setting next_dagrun for example_xcom_args to None, run_after=None
[2025-03-26T17:27:46.804+0000] {logging_mixin.py:190} INFO - [2025-03-26T17:27:46.804+0000] {dag.py:4180} INFO - Setting next_dagrun for example_xcom_args_with_operators to None, run_after=None
[2025-03-26T17:27:46.823+0000] {processor.py:208} INFO - Processing /home/ubuntu/customer_churn_youtube_venv/lib/python3.12/site-packages/airflow/example_dags/example_xcomargs.py took 0.071 seconds
[2025-03-26T17:28:37.455+0000] {processor.py:186} INFO - Started process (PID=7257) to work on /home/ubuntu/customer_churn_youtube_venv/lib/python3.12/site-packages/airflow/example_dags/example_xcomargs.py
[2025-03-26T17:28:37.457+0000] {processor.py:914} INFO - Processing file /home/ubuntu/customer_churn_youtube_venv/lib/python3.12/site-packages/airflow/example_dags/example_xcomargs.py for tasks to queue
[2025-03-26T17:28:37.460+0000] {logging_mixin.py:190} INFO - [2025-03-26T17:28:37.459+0000] {dagbag.py:588} INFO - Filling up the DagBag from /home/ubuntu/customer_churn_youtube_venv/lib/python3.12/site-packages/airflow/example_dags/example_xcomargs.py
[2025-03-26T17:28:37.470+0000] {processor.py:925} INFO - DAG(s) 'example_xcom_args_with_operators', 'example_xcom_args' retrieved from /home/ubuntu/customer_churn_youtube_venv/lib/python3.12/site-packages/airflow/example_dags/example_xcomargs.py
[2025-03-26T17:28:37.488+0000] {logging_mixin.py:190} INFO - [2025-03-26T17:28:37.488+0000] {dag.py:3239} INFO - Sync 2 DAGs
[2025-03-26T17:28:37.500+0000] {logging_mixin.py:190} INFO - [2025-03-26T17:28:37.500+0000] {dag.py:4180} INFO - Setting next_dagrun for example_xcom_args to None, run_after=None
[2025-03-26T17:28:37.503+0000] {logging_mixin.py:190} INFO - [2025-03-26T17:28:37.503+0000] {dag.py:4180} INFO - Setting next_dagrun for example_xcom_args_with_operators to None, run_after=None
[2025-03-26T17:28:37.523+0000] {processor.py:208} INFO - Processing /home/ubuntu/customer_churn_youtube_venv/lib/python3.12/site-packages/airflow/example_dags/example_xcomargs.py took 0.073 seconds
[2025-03-26T17:29:27.926+0000] {processor.py:186} INFO - Started process (PID=7309) to work on /home/ubuntu/customer_churn_youtube_venv/lib/python3.12/site-packages/airflow/example_dags/example_xcomargs.py
[2025-03-26T17:29:27.928+0000] {processor.py:914} INFO - Processing file /home/ubuntu/customer_churn_youtube_venv/lib/python3.12/site-packages/airflow/example_dags/example_xcomargs.py for tasks to queue
[2025-03-26T17:29:27.931+0000] {logging_mixin.py:190} INFO - [2025-03-26T17:29:27.931+0000] {dagbag.py:588} INFO - Filling up the DagBag from /home/ubuntu/customer_churn_youtube_venv/lib/python3.12/site-packages/airflow/example_dags/example_xcomargs.py
[2025-03-26T17:29:27.941+0000] {processor.py:925} INFO - DAG(s) 'example_xcom_args', 'example_xcom_args_with_operators' retrieved from /home/ubuntu/customer_churn_youtube_venv/lib/python3.12/site-packages/airflow/example_dags/example_xcomargs.py
[2025-03-26T17:29:27.959+0000] {logging_mixin.py:190} INFO - [2025-03-26T17:29:27.959+0000] {dag.py:3239} INFO - Sync 2 DAGs
[2025-03-26T17:29:27.972+0000] {logging_mixin.py:190} INFO - [2025-03-26T17:29:27.971+0000] {dag.py:4180} INFO - Setting next_dagrun for example_xcom_args to None, run_after=None
[2025-03-26T17:29:27.975+0000] {logging_mixin.py:190} INFO - [2025-03-26T17:29:27.975+0000] {dag.py:4180} INFO - Setting next_dagrun for example_xcom_args_with_operators to None, run_after=None
[2025-03-26T17:29:27.996+0000] {processor.py:208} INFO - Processing /home/ubuntu/customer_churn_youtube_venv/lib/python3.12/site-packages/airflow/example_dags/example_xcomargs.py took 0.075 seconds
[2025-03-26T17:30:16.267+0000] {processor.py:186} INFO - Started process (PID=7365) to work on /home/ubuntu/customer_churn_youtube_venv/lib/python3.12/site-packages/airflow/example_dags/example_xcomargs.py
[2025-03-26T17:30:16.271+0000] {processor.py:914} INFO - Processing file /home/ubuntu/customer_churn_youtube_venv/lib/python3.12/site-packages/airflow/example_dags/example_xcomargs.py for tasks to queue
[2025-03-26T17:30:16.273+0000] {logging_mixin.py:190} INFO - [2025-03-26T17:30:16.273+0000] {dagbag.py:588} INFO - Filling up the DagBag from /home/ubuntu/customer_churn_youtube_venv/lib/python3.12/site-packages/airflow/example_dags/example_xcomargs.py
[2025-03-26T17:30:16.284+0000] {processor.py:925} INFO - DAG(s) 'example_xcom_args', 'example_xcom_args_with_operators' retrieved from /home/ubuntu/customer_churn_youtube_venv/lib/python3.12/site-packages/airflow/example_dags/example_xcomargs.py
[2025-03-26T17:30:16.302+0000] {logging_mixin.py:190} INFO - [2025-03-26T17:30:16.302+0000] {dag.py:3239} INFO - Sync 2 DAGs
[2025-03-26T17:30:16.314+0000] {logging_mixin.py:190} INFO - [2025-03-26T17:30:16.314+0000] {dag.py:4180} INFO - Setting next_dagrun for example_xcom_args to None, run_after=None
[2025-03-26T17:30:16.316+0000] {logging_mixin.py:190} INFO - [2025-03-26T17:30:16.316+0000] {dag.py:4180} INFO - Setting next_dagrun for example_xcom_args_with_operators to None, run_after=None
[2025-03-26T17:30:16.335+0000] {processor.py:208} INFO - Processing /home/ubuntu/customer_churn_youtube_venv/lib/python3.12/site-packages/airflow/example_dags/example_xcomargs.py took 0.074 seconds
[2025-03-26T17:31:05.883+0000] {processor.py:186} INFO - Started process (PID=7416) to work on /home/ubuntu/customer_churn_youtube_venv/lib/python3.12/site-packages/airflow/example_dags/example_xcomargs.py
[2025-03-26T17:31:05.884+0000] {processor.py:914} INFO - Processing file /home/ubuntu/customer_churn_youtube_venv/lib/python3.12/site-packages/airflow/example_dags/example_xcomargs.py for tasks to queue
[2025-03-26T17:31:05.887+0000] {logging_mixin.py:190} INFO - [2025-03-26T17:31:05.887+0000] {dagbag.py:588} INFO - Filling up the DagBag from /home/ubuntu/customer_churn_youtube_venv/lib/python3.12/site-packages/airflow/example_dags/example_xcomargs.py
[2025-03-26T17:31:05.897+0000] {processor.py:925} INFO - DAG(s) 'example_xcom_args_with_operators', 'example_xcom_args' retrieved from /home/ubuntu/customer_churn_youtube_venv/lib/python3.12/site-packages/airflow/example_dags/example_xcomargs.py
[2025-03-26T17:31:05.915+0000] {logging_mixin.py:190} INFO - [2025-03-26T17:31:05.914+0000] {dag.py:3239} INFO - Sync 2 DAGs
[2025-03-26T17:31:05.928+0000] {logging_mixin.py:190} INFO - [2025-03-26T17:31:05.927+0000] {dag.py:4180} INFO - Setting next_dagrun for example_xcom_args to None, run_after=None
[2025-03-26T17:31:05.930+0000] {logging_mixin.py:190} INFO - [2025-03-26T17:31:05.930+0000] {dag.py:4180} INFO - Setting next_dagrun for example_xcom_args_with_operators to None, run_after=None
[2025-03-26T17:31:05.951+0000] {processor.py:208} INFO - Processing /home/ubuntu/customer_churn_youtube_venv/lib/python3.12/site-packages/airflow/example_dags/example_xcomargs.py took 0.074 seconds
[2025-03-26T17:31:57.506+0000] {processor.py:186} INFO - Started process (PID=7469) to work on /home/ubuntu/customer_churn_youtube_venv/lib/python3.12/site-packages/airflow/example_dags/example_xcomargs.py
[2025-03-26T17:31:57.507+0000] {processor.py:914} INFO - Processing file /home/ubuntu/customer_churn_youtube_venv/lib/python3.12/site-packages/airflow/example_dags/example_xcomargs.py for tasks to queue
[2025-03-26T17:31:57.510+0000] {logging_mixin.py:190} INFO - [2025-03-26T17:31:57.509+0000] {dagbag.py:588} INFO - Filling up the DagBag from /home/ubuntu/customer_churn_youtube_venv/lib/python3.12/site-packages/airflow/example_dags/example_xcomargs.py
[2025-03-26T17:31:57.520+0000] {processor.py:925} INFO - DAG(s) 'example_xcom_args_with_operators', 'example_xcom_args' retrieved from /home/ubuntu/customer_churn_youtube_venv/lib/python3.12/site-packages/airflow/example_dags/example_xcomargs.py
[2025-03-26T17:31:57.538+0000] {logging_mixin.py:190} INFO - [2025-03-26T17:31:57.538+0000] {dag.py:3239} INFO - Sync 2 DAGs
[2025-03-26T17:31:57.550+0000] {logging_mixin.py:190} INFO - [2025-03-26T17:31:57.550+0000] {dag.py:4180} INFO - Setting next_dagrun for example_xcom_args to None, run_after=None
[2025-03-26T17:31:57.553+0000] {logging_mixin.py:190} INFO - [2025-03-26T17:31:57.553+0000] {dag.py:4180} INFO - Setting next_dagrun for example_xcom_args_with_operators to None, run_after=None
[2025-03-26T17:31:57.572+0000] {processor.py:208} INFO - Processing /home/ubuntu/customer_churn_youtube_venv/lib/python3.12/site-packages/airflow/example_dags/example_xcomargs.py took 0.072 seconds
[2025-03-26T17:32:49.104+0000] {processor.py:186} INFO - Started process (PID=7562) to work on /home/ubuntu/customer_churn_youtube_venv/lib/python3.12/site-packages/airflow/example_dags/example_xcomargs.py
[2025-03-26T17:32:49.105+0000] {processor.py:914} INFO - Processing file /home/ubuntu/customer_churn_youtube_venv/lib/python3.12/site-packages/airflow/example_dags/example_xcomargs.py for tasks to queue
[2025-03-26T17:32:49.108+0000] {logging_mixin.py:190} INFO - [2025-03-26T17:32:49.108+0000] {dagbag.py:588} INFO - Filling up the DagBag from /home/ubuntu/customer_churn_youtube_venv/lib/python3.12/site-packages/airflow/example_dags/example_xcomargs.py
[2025-03-26T17:32:49.119+0000] {processor.py:925} INFO - DAG(s) 'example_xcom_args', 'example_xcom_args_with_operators' retrieved from /home/ubuntu/customer_churn_youtube_venv/lib/python3.12/site-packages/airflow/example_dags/example_xcomargs.py
[2025-03-26T17:32:49.137+0000] {logging_mixin.py:190} INFO - [2025-03-26T17:32:49.136+0000] {dag.py:3239} INFO - Sync 2 DAGs
[2025-03-26T17:32:49.148+0000] {logging_mixin.py:190} INFO - [2025-03-26T17:32:49.148+0000] {dag.py:4180} INFO - Setting next_dagrun for example_xcom_args to None, run_after=None
[2025-03-26T17:32:49.150+0000] {logging_mixin.py:190} INFO - [2025-03-26T17:32:49.150+0000] {dag.py:4180} INFO - Setting next_dagrun for example_xcom_args_with_operators to None, run_after=None
[2025-03-26T17:32:49.171+0000] {processor.py:208} INFO - Processing /home/ubuntu/customer_churn_youtube_venv/lib/python3.12/site-packages/airflow/example_dags/example_xcomargs.py took 0.072 seconds
[2025-03-26T17:33:40.744+0000] {processor.py:186} INFO - Started process (PID=7616) to work on /home/ubuntu/customer_churn_youtube_venv/lib/python3.12/site-packages/airflow/example_dags/example_xcomargs.py
[2025-03-26T17:33:40.745+0000] {processor.py:914} INFO - Processing file /home/ubuntu/customer_churn_youtube_venv/lib/python3.12/site-packages/airflow/example_dags/example_xcomargs.py for tasks to queue
[2025-03-26T17:33:40.748+0000] {logging_mixin.py:190} INFO - [2025-03-26T17:33:40.747+0000] {dagbag.py:588} INFO - Filling up the DagBag from /home/ubuntu/customer_churn_youtube_venv/lib/python3.12/site-packages/airflow/example_dags/example_xcomargs.py
[2025-03-26T17:33:40.758+0000] {processor.py:925} INFO - DAG(s) 'example_xcom_args', 'example_xcom_args_with_operators' retrieved from /home/ubuntu/customer_churn_youtube_venv/lib/python3.12/site-packages/airflow/example_dags/example_xcomargs.py
[2025-03-26T17:33:40.777+0000] {logging_mixin.py:190} INFO - [2025-03-26T17:33:40.776+0000] {dag.py:3239} INFO - Sync 2 DAGs
[2025-03-26T17:33:40.789+0000] {logging_mixin.py:190} INFO - [2025-03-26T17:33:40.789+0000] {dag.py:4180} INFO - Setting next_dagrun for example_xcom_args to None, run_after=None
[2025-03-26T17:33:40.792+0000] {logging_mixin.py:190} INFO - [2025-03-26T17:33:40.792+0000] {dag.py:4180} INFO - Setting next_dagrun for example_xcom_args_with_operators to None, run_after=None
[2025-03-26T17:33:40.813+0000] {processor.py:208} INFO - Processing /home/ubuntu/customer_churn_youtube_venv/lib/python3.12/site-packages/airflow/example_dags/example_xcomargs.py took 0.075 seconds
[2025-03-26T17:34:31.134+0000] {processor.py:186} INFO - Started process (PID=7668) to work on /home/ubuntu/customer_churn_youtube_venv/lib/python3.12/site-packages/airflow/example_dags/example_xcomargs.py
[2025-03-26T17:34:31.135+0000] {processor.py:914} INFO - Processing file /home/ubuntu/customer_churn_youtube_venv/lib/python3.12/site-packages/airflow/example_dags/example_xcomargs.py for tasks to queue
[2025-03-26T17:34:31.137+0000] {logging_mixin.py:190} INFO - [2025-03-26T17:34:31.137+0000] {dagbag.py:588} INFO - Filling up the DagBag from /home/ubuntu/customer_churn_youtube_venv/lib/python3.12/site-packages/airflow/example_dags/example_xcomargs.py
[2025-03-26T17:34:31.148+0000] {processor.py:925} INFO - DAG(s) 'example_xcom_args_with_operators', 'example_xcom_args' retrieved from /home/ubuntu/customer_churn_youtube_venv/lib/python3.12/site-packages/airflow/example_dags/example_xcomargs.py
[2025-03-26T17:34:31.165+0000] {logging_mixin.py:190} INFO - [2025-03-26T17:34:31.165+0000] {dag.py:3239} INFO - Sync 2 DAGs
[2025-03-26T17:34:31.177+0000] {logging_mixin.py:190} INFO - [2025-03-26T17:34:31.177+0000] {dag.py:4180} INFO - Setting next_dagrun for example_xcom_args to None, run_after=None
[2025-03-26T17:34:31.181+0000] {logging_mixin.py:190} INFO - [2025-03-26T17:34:31.181+0000] {dag.py:4180} INFO - Setting next_dagrun for example_xcom_args_with_operators to None, run_after=None
[2025-03-26T17:34:31.201+0000] {processor.py:208} INFO - Processing /home/ubuntu/customer_churn_youtube_venv/lib/python3.12/site-packages/airflow/example_dags/example_xcomargs.py took 0.072 seconds
[2025-03-26T17:35:24.219+0000] {processor.py:186} INFO - Started process (PID=7729) to work on /home/ubuntu/customer_churn_youtube_venv/lib/python3.12/site-packages/airflow/example_dags/example_xcomargs.py
[2025-03-26T17:35:24.221+0000] {processor.py:914} INFO - Processing file /home/ubuntu/customer_churn_youtube_venv/lib/python3.12/site-packages/airflow/example_dags/example_xcomargs.py for tasks to queue
[2025-03-26T17:35:24.225+0000] {logging_mixin.py:190} INFO - [2025-03-26T17:35:24.224+0000] {dagbag.py:588} INFO - Filling up the DagBag from /home/ubuntu/customer_churn_youtube_venv/lib/python3.12/site-packages/airflow/example_dags/example_xcomargs.py
[2025-03-26T17:35:24.235+0000] {processor.py:925} INFO - DAG(s) 'example_xcom_args_with_operators', 'example_xcom_args' retrieved from /home/ubuntu/customer_churn_youtube_venv/lib/python3.12/site-packages/airflow/example_dags/example_xcomargs.py
[2025-03-26T17:35:24.252+0000] {logging_mixin.py:190} INFO - [2025-03-26T17:35:24.251+0000] {dag.py:3239} INFO - Sync 2 DAGs
[2025-03-26T17:35:24.263+0000] {logging_mixin.py:190} INFO - [2025-03-26T17:35:24.263+0000] {dag.py:4180} INFO - Setting next_dagrun for example_xcom_args to None, run_after=None
[2025-03-26T17:35:24.266+0000] {logging_mixin.py:190} INFO - [2025-03-26T17:35:24.266+0000] {dag.py:4180} INFO - Setting next_dagrun for example_xcom_args_with_operators to None, run_after=None
[2025-03-26T17:35:24.287+0000] {processor.py:208} INFO - Processing /home/ubuntu/customer_churn_youtube_venv/lib/python3.12/site-packages/airflow/example_dags/example_xcomargs.py took 0.073 seconds
[2025-03-26T17:36:18.179+0000] {processor.py:186} INFO - Started process (PID=7785) to work on /home/ubuntu/customer_churn_youtube_venv/lib/python3.12/site-packages/airflow/example_dags/example_xcomargs.py
[2025-03-26T17:36:18.181+0000] {processor.py:914} INFO - Processing file /home/ubuntu/customer_churn_youtube_venv/lib/python3.12/site-packages/airflow/example_dags/example_xcomargs.py for tasks to queue
[2025-03-26T17:36:18.184+0000] {logging_mixin.py:190} INFO - [2025-03-26T17:36:18.184+0000] {dagbag.py:588} INFO - Filling up the DagBag from /home/ubuntu/customer_churn_youtube_venv/lib/python3.12/site-packages/airflow/example_dags/example_xcomargs.py
[2025-03-26T17:36:18.193+0000] {processor.py:925} INFO - DAG(s) 'example_xcom_args', 'example_xcom_args_with_operators' retrieved from /home/ubuntu/customer_churn_youtube_venv/lib/python3.12/site-packages/airflow/example_dags/example_xcomargs.py
[2025-03-26T17:36:18.212+0000] {logging_mixin.py:190} INFO - [2025-03-26T17:36:18.212+0000] {dag.py:3239} INFO - Sync 2 DAGs
[2025-03-26T17:36:18.224+0000] {logging_mixin.py:190} INFO - [2025-03-26T17:36:18.224+0000] {dag.py:4180} INFO - Setting next_dagrun for example_xcom_args to None, run_after=None
[2025-03-26T17:36:18.227+0000] {logging_mixin.py:190} INFO - [2025-03-26T17:36:18.227+0000] {dag.py:4180} INFO - Setting next_dagrun for example_xcom_args_with_operators to None, run_after=None
[2025-03-26T17:36:18.246+0000] {processor.py:208} INFO - Processing /home/ubuntu/customer_churn_youtube_venv/lib/python3.12/site-packages/airflow/example_dags/example_xcomargs.py took 0.072 seconds
