[2025-03-26T17:13:41.074+0000] {processor.py:186} INFO - Started process (PID=6285) to work on /home/ubuntu/customer_churn_youtube_venv/lib/python3.12/site-packages/airflow/example_dags/example_short_circuit_operator.py
[2025-03-26T17:13:41.076+0000] {processor.py:914} INFO - Processing file /home/ubuntu/customer_churn_youtube_venv/lib/python3.12/site-packages/airflow/example_dags/example_short_circuit_operator.py for tasks to queue
[2025-03-26T17:13:41.078+0000] {logging_mixin.py:190} INFO - [2025-03-26T17:13:41.078+0000] {dagbag.py:588} INFO - Filling up the DagBag from /home/ubuntu/customer_churn_youtube_venv/lib/python3.12/site-packages/airflow/example_dags/example_short_circuit_operator.py
[2025-03-26T17:13:41.087+0000] {processor.py:925} INFO - DAG(s) 'example_short_circuit_operator' retrieved from /home/ubuntu/customer_churn_youtube_venv/lib/python3.12/site-packages/airflow/example_dags/example_short_circuit_operator.py
[2025-03-26T17:13:41.191+0000] {logging_mixin.py:190} INFO - [2025-03-26T17:13:41.191+0000] {override.py:1930} INFO - Created Permission View: can edit on DAG:example_short_circuit_operator
[2025-03-26T17:13:41.205+0000] {logging_mixin.py:190} INFO - [2025-03-26T17:13:41.205+0000] {override.py:1930} INFO - Created Permission View: can read on DAG:example_short_circuit_operator
[2025-03-26T17:13:41.215+0000] {logging_mixin.py:190} INFO - [2025-03-26T17:13:41.215+0000] {override.py:1930} INFO - Created Permission View: can delete on DAG:example_short_circuit_operator
[2025-03-26T17:13:41.233+0000] {logging_mixin.py:190} INFO - [2025-03-26T17:13:41.233+0000] {override.py:1930} INFO - Created Permission View: menu access on DAG Run:example_short_circuit_operator
[2025-03-26T17:13:41.244+0000] {logging_mixin.py:190} INFO - [2025-03-26T17:13:41.244+0000] {override.py:1930} INFO - Created Permission View: can create on DAG Run:example_short_circuit_operator
[2025-03-26T17:13:41.256+0000] {logging_mixin.py:190} INFO - [2025-03-26T17:13:41.256+0000] {override.py:1930} INFO - Created Permission View: can delete on DAG Run:example_short_circuit_operator
[2025-03-26T17:13:41.266+0000] {logging_mixin.py:190} INFO - [2025-03-26T17:13:41.266+0000] {override.py:1930} INFO - Created Permission View: can read on DAG Run:example_short_circuit_operator
[2025-03-26T17:13:41.267+0000] {logging_mixin.py:190} INFO - [2025-03-26T17:13:41.267+0000] {dag.py:3239} INFO - Sync 1 DAGs
[2025-03-26T17:13:41.277+0000] {logging_mixin.py:190} INFO - [2025-03-26T17:13:41.277+0000] {dag.py:3262} INFO - Creating ORM DAG for example_short_circuit_operator
[2025-03-26T17:13:41.277+0000] {logging_mixin.py:190} INFO - [2025-03-26T17:13:41.277+0000] {dag.py:4180} INFO - Setting next_dagrun for example_short_circuit_operator to None, run_after=None
[2025-03-26T17:13:41.298+0000] {processor.py:208} INFO - Processing /home/ubuntu/customer_churn_youtube_venv/lib/python3.12/site-packages/airflow/example_dags/example_short_circuit_operator.py took 0.228 seconds
[2025-03-26T17:14:45.516+0000] {processor.py:186} INFO - Started process (PID=6342) to work on /home/ubuntu/customer_churn_youtube_venv/lib/python3.12/site-packages/airflow/example_dags/example_short_circuit_operator.py
[2025-03-26T17:14:45.517+0000] {processor.py:914} INFO - Processing file /home/ubuntu/customer_churn_youtube_venv/lib/python3.12/site-packages/airflow/example_dags/example_short_circuit_operator.py for tasks to queue
[2025-03-26T17:14:45.519+0000] {logging_mixin.py:190} INFO - [2025-03-26T17:14:45.519+0000] {dagbag.py:588} INFO - Filling up the DagBag from /home/ubuntu/customer_churn_youtube_venv/lib/python3.12/site-packages/airflow/example_dags/example_short_circuit_operator.py
[2025-03-26T17:14:45.529+0000] {processor.py:925} INFO - DAG(s) 'example_short_circuit_operator' retrieved from /home/ubuntu/customer_churn_youtube_venv/lib/python3.12/site-packages/airflow/example_dags/example_short_circuit_operator.py
[2025-03-26T17:14:45.546+0000] {logging_mixin.py:190} INFO - [2025-03-26T17:14:45.546+0000] {dag.py:3239} INFO - Sync 1 DAGs
[2025-03-26T17:14:45.558+0000] {logging_mixin.py:190} INFO - [2025-03-26T17:14:45.557+0000] {dag.py:4180} INFO - Setting next_dagrun for example_short_circuit_operator to None, run_after=None
[2025-03-26T17:14:45.579+0000] {processor.py:208} INFO - Processing /home/ubuntu/customer_churn_youtube_venv/lib/python3.12/site-packages/airflow/example_dags/example_short_circuit_operator.py took 0.069 seconds
[2025-03-26T17:15:41.318+0000] {processor.py:186} INFO - Started process (PID=6405) to work on /home/ubuntu/customer_churn_youtube_venv/lib/python3.12/site-packages/airflow/example_dags/example_short_circuit_operator.py
[2025-03-26T17:15:41.320+0000] {processor.py:914} INFO - Processing file /home/ubuntu/customer_churn_youtube_venv/lib/python3.12/site-packages/airflow/example_dags/example_short_circuit_operator.py for tasks to queue
[2025-03-26T17:15:41.322+0000] {logging_mixin.py:190} INFO - [2025-03-26T17:15:41.322+0000] {dagbag.py:588} INFO - Filling up the DagBag from /home/ubuntu/customer_churn_youtube_venv/lib/python3.12/site-packages/airflow/example_dags/example_short_circuit_operator.py
[2025-03-26T17:15:41.331+0000] {processor.py:925} INFO - DAG(s) 'example_short_circuit_operator' retrieved from /home/ubuntu/customer_churn_youtube_venv/lib/python3.12/site-packages/airflow/example_dags/example_short_circuit_operator.py
[2025-03-26T17:15:41.349+0000] {logging_mixin.py:190} INFO - [2025-03-26T17:15:41.349+0000] {dag.py:3239} INFO - Sync 1 DAGs
[2025-03-26T17:15:41.361+0000] {logging_mixin.py:190} INFO - [2025-03-26T17:15:41.360+0000] {dag.py:4180} INFO - Setting next_dagrun for example_short_circuit_operator to None, run_after=None
[2025-03-26T17:15:41.385+0000] {processor.py:208} INFO - Processing /home/ubuntu/customer_churn_youtube_venv/lib/python3.12/site-packages/airflow/example_dags/example_short_circuit_operator.py took 0.072 seconds
[2025-03-26T17:16:42.609+0000] {processor.py:186} INFO - Started process (PID=6466) to work on /home/ubuntu/customer_churn_youtube_venv/lib/python3.12/site-packages/airflow/example_dags/example_short_circuit_operator.py
[2025-03-26T17:16:42.611+0000] {processor.py:914} INFO - Processing file /home/ubuntu/customer_churn_youtube_venv/lib/python3.12/site-packages/airflow/example_dags/example_short_circuit_operator.py for tasks to queue
[2025-03-26T17:16:42.612+0000] {logging_mixin.py:190} INFO - [2025-03-26T17:16:42.612+0000] {dagbag.py:588} INFO - Filling up the DagBag from /home/ubuntu/customer_churn_youtube_venv/lib/python3.12/site-packages/airflow/example_dags/example_short_circuit_operator.py
[2025-03-26T17:16:42.621+0000] {processor.py:925} INFO - DAG(s) 'example_short_circuit_operator' retrieved from /home/ubuntu/customer_churn_youtube_venv/lib/python3.12/site-packages/airflow/example_dags/example_short_circuit_operator.py
[2025-03-26T17:16:42.638+0000] {logging_mixin.py:190} INFO - [2025-03-26T17:16:42.638+0000] {dag.py:3239} INFO - Sync 1 DAGs
[2025-03-26T17:16:42.650+0000] {logging_mixin.py:190} INFO - [2025-03-26T17:16:42.650+0000] {dag.py:4180} INFO - Setting next_dagrun for example_short_circuit_operator to None, run_after=None
[2025-03-26T17:16:42.670+0000] {processor.py:208} INFO - Processing /home/ubuntu/customer_churn_youtube_venv/lib/python3.12/site-packages/airflow/example_dags/example_short_circuit_operator.py took 0.067 seconds
[2025-03-26T17:17:37.911+0000] {processor.py:186} INFO - Started process (PID=6528) to work on /home/ubuntu/customer_churn_youtube_venv/lib/python3.12/site-packages/airflow/example_dags/example_short_circuit_operator.py
[2025-03-26T17:17:37.913+0000] {processor.py:914} INFO - Processing file /home/ubuntu/customer_churn_youtube_venv/lib/python3.12/site-packages/airflow/example_dags/example_short_circuit_operator.py for tasks to queue
[2025-03-26T17:17:37.915+0000] {logging_mixin.py:190} INFO - [2025-03-26T17:17:37.915+0000] {dagbag.py:588} INFO - Filling up the DagBag from /home/ubuntu/customer_churn_youtube_venv/lib/python3.12/site-packages/airflow/example_dags/example_short_circuit_operator.py
[2025-03-26T17:17:37.924+0000] {processor.py:925} INFO - DAG(s) 'example_short_circuit_operator' retrieved from /home/ubuntu/customer_churn_youtube_venv/lib/python3.12/site-packages/airflow/example_dags/example_short_circuit_operator.py
[2025-03-26T17:17:37.942+0000] {logging_mixin.py:190} INFO - [2025-03-26T17:17:37.941+0000] {dag.py:3239} INFO - Sync 1 DAGs
[2025-03-26T17:17:37.953+0000] {logging_mixin.py:190} INFO - [2025-03-26T17:17:37.952+0000] {dag.py:4180} INFO - Setting next_dagrun for example_short_circuit_operator to None, run_after=None
[2025-03-26T17:17:37.974+0000] {processor.py:208} INFO - Processing /home/ubuntu/customer_churn_youtube_venv/lib/python3.12/site-packages/airflow/example_dags/example_short_circuit_operator.py took 0.068 seconds
[2025-03-26T17:18:28.480+0000] {processor.py:186} INFO - Started process (PID=6580) to work on /home/ubuntu/customer_churn_youtube_venv/lib/python3.12/site-packages/airflow/example_dags/example_short_circuit_operator.py
[2025-03-26T17:18:28.481+0000] {processor.py:914} INFO - Processing file /home/ubuntu/customer_churn_youtube_venv/lib/python3.12/site-packages/airflow/example_dags/example_short_circuit_operator.py for tasks to queue
[2025-03-26T17:18:28.483+0000] {logging_mixin.py:190} INFO - [2025-03-26T17:18:28.483+0000] {dagbag.py:588} INFO - Filling up the DagBag from /home/ubuntu/customer_churn_youtube_venv/lib/python3.12/site-packages/airflow/example_dags/example_short_circuit_operator.py
[2025-03-26T17:18:28.491+0000] {processor.py:925} INFO - DAG(s) 'example_short_circuit_operator' retrieved from /home/ubuntu/customer_churn_youtube_venv/lib/python3.12/site-packages/airflow/example_dags/example_short_circuit_operator.py
[2025-03-26T17:18:28.510+0000] {logging_mixin.py:190} INFO - [2025-03-26T17:18:28.509+0000] {dag.py:3239} INFO - Sync 1 DAGs
[2025-03-26T17:18:28.521+0000] {logging_mixin.py:190} INFO - [2025-03-26T17:18:28.520+0000] {dag.py:4180} INFO - Setting next_dagrun for example_short_circuit_operator to None, run_after=None
[2025-03-26T17:18:28.542+0000] {processor.py:208} INFO - Processing /home/ubuntu/customer_churn_youtube_venv/lib/python3.12/site-packages/airflow/example_dags/example_short_circuit_operator.py took 0.067 seconds
[2025-03-26T17:19:23.081+0000] {processor.py:186} INFO - Started process (PID=6634) to work on /home/ubuntu/customer_churn_youtube_venv/lib/python3.12/site-packages/airflow/example_dags/example_short_circuit_operator.py
[2025-03-26T17:19:23.083+0000] {processor.py:914} INFO - Processing file /home/ubuntu/customer_churn_youtube_venv/lib/python3.12/site-packages/airflow/example_dags/example_short_circuit_operator.py for tasks to queue
[2025-03-26T17:19:23.085+0000] {logging_mixin.py:190} INFO - [2025-03-26T17:19:23.085+0000] {dagbag.py:588} INFO - Filling up the DagBag from /home/ubuntu/customer_churn_youtube_venv/lib/python3.12/site-packages/airflow/example_dags/example_short_circuit_operator.py
[2025-03-26T17:19:23.094+0000] {processor.py:925} INFO - DAG(s) 'example_short_circuit_operator' retrieved from /home/ubuntu/customer_churn_youtube_venv/lib/python3.12/site-packages/airflow/example_dags/example_short_circuit_operator.py
[2025-03-26T17:19:23.228+0000] {logging_mixin.py:190} INFO - [2025-03-26T17:19:23.228+0000] {dag.py:3239} INFO - Sync 1 DAGs
[2025-03-26T17:19:23.238+0000] {logging_mixin.py:190} INFO - [2025-03-26T17:19:23.238+0000] {dag.py:4180} INFO - Setting next_dagrun for example_short_circuit_operator to None, run_after=None
[2025-03-26T17:19:23.259+0000] {processor.py:208} INFO - Processing /home/ubuntu/customer_churn_youtube_venv/lib/python3.12/site-packages/airflow/example_dags/example_short_circuit_operator.py took 0.183 seconds
[2025-03-26T17:20:24.782+0000] {processor.py:186} INFO - Started process (PID=6698) to work on /home/ubuntu/customer_churn_youtube_venv/lib/python3.12/site-packages/airflow/example_dags/example_short_circuit_operator.py
[2025-03-26T17:20:24.784+0000] {processor.py:914} INFO - Processing file /home/ubuntu/customer_churn_youtube_venv/lib/python3.12/site-packages/airflow/example_dags/example_short_circuit_operator.py for tasks to queue
[2025-03-26T17:20:24.786+0000] {logging_mixin.py:190} INFO - [2025-03-26T17:20:24.785+0000] {dagbag.py:588} INFO - Filling up the DagBag from /home/ubuntu/customer_churn_youtube_venv/lib/python3.12/site-packages/airflow/example_dags/example_short_circuit_operator.py
[2025-03-26T17:20:24.795+0000] {processor.py:925} INFO - DAG(s) 'example_short_circuit_operator' retrieved from /home/ubuntu/customer_churn_youtube_venv/lib/python3.12/site-packages/airflow/example_dags/example_short_circuit_operator.py
[2025-03-26T17:20:24.813+0000] {logging_mixin.py:190} INFO - [2025-03-26T17:20:24.812+0000] {dag.py:3239} INFO - Sync 1 DAGs
[2025-03-26T17:20:24.825+0000] {logging_mixin.py:190} INFO - [2025-03-26T17:20:24.825+0000] {dag.py:4180} INFO - Setting next_dagrun for example_short_circuit_operator to None, run_after=None
[2025-03-26T17:20:24.848+0000] {processor.py:208} INFO - Processing /home/ubuntu/customer_churn_youtube_venv/lib/python3.12/site-packages/airflow/example_dags/example_short_circuit_operator.py took 0.072 seconds
[2025-03-26T17:21:17.508+0000] {processor.py:186} INFO - Started process (PID=6753) to work on /home/ubuntu/customer_churn_youtube_venv/lib/python3.12/site-packages/airflow/example_dags/example_short_circuit_operator.py
[2025-03-26T17:21:17.510+0000] {processor.py:914} INFO - Processing file /home/ubuntu/customer_churn_youtube_venv/lib/python3.12/site-packages/airflow/example_dags/example_short_circuit_operator.py for tasks to queue
[2025-03-26T17:21:17.512+0000] {logging_mixin.py:190} INFO - [2025-03-26T17:21:17.512+0000] {dagbag.py:588} INFO - Filling up the DagBag from /home/ubuntu/customer_churn_youtube_venv/lib/python3.12/site-packages/airflow/example_dags/example_short_circuit_operator.py
[2025-03-26T17:21:17.521+0000] {processor.py:925} INFO - DAG(s) 'example_short_circuit_operator' retrieved from /home/ubuntu/customer_churn_youtube_venv/lib/python3.12/site-packages/airflow/example_dags/example_short_circuit_operator.py
[2025-03-26T17:21:17.540+0000] {logging_mixin.py:190} INFO - [2025-03-26T17:21:17.539+0000] {dag.py:3239} INFO - Sync 1 DAGs
[2025-03-26T17:21:17.552+0000] {logging_mixin.py:190} INFO - [2025-03-26T17:21:17.551+0000] {dag.py:4180} INFO - Setting next_dagrun for example_short_circuit_operator to None, run_after=None
[2025-03-26T17:21:17.576+0000] {processor.py:208} INFO - Processing /home/ubuntu/customer_churn_youtube_venv/lib/python3.12/site-packages/airflow/example_dags/example_short_circuit_operator.py took 0.074 seconds
[2025-03-26T17:22:09.879+0000] {processor.py:186} INFO - Started process (PID=6807) to work on /home/ubuntu/customer_churn_youtube_venv/lib/python3.12/site-packages/airflow/example_dags/example_short_circuit_operator.py
[2025-03-26T17:22:09.881+0000] {processor.py:914} INFO - Processing file /home/ubuntu/customer_churn_youtube_venv/lib/python3.12/site-packages/airflow/example_dags/example_short_circuit_operator.py for tasks to queue
[2025-03-26T17:22:09.883+0000] {logging_mixin.py:190} INFO - [2025-03-26T17:22:09.883+0000] {dagbag.py:588} INFO - Filling up the DagBag from /home/ubuntu/customer_churn_youtube_venv/lib/python3.12/site-packages/airflow/example_dags/example_short_circuit_operator.py
[2025-03-26T17:22:09.893+0000] {processor.py:925} INFO - DAG(s) 'example_short_circuit_operator' retrieved from /home/ubuntu/customer_churn_youtube_venv/lib/python3.12/site-packages/airflow/example_dags/example_short_circuit_operator.py
[2025-03-26T17:22:09.913+0000] {logging_mixin.py:190} INFO - [2025-03-26T17:22:09.913+0000] {dag.py:3239} INFO - Sync 1 DAGs
[2025-03-26T17:22:09.926+0000] {logging_mixin.py:190} INFO - [2025-03-26T17:22:09.926+0000] {dag.py:4180} INFO - Setting next_dagrun for example_short_circuit_operator to None, run_after=None
[2025-03-26T17:22:09.948+0000] {processor.py:208} INFO - Processing /home/ubuntu/customer_churn_youtube_venv/lib/python3.12/site-packages/airflow/example_dags/example_short_circuit_operator.py took 0.074 seconds
[2025-03-26T17:23:02.518+0000] {processor.py:186} INFO - Started process (PID=6859) to work on /home/ubuntu/customer_churn_youtube_venv/lib/python3.12/site-packages/airflow/example_dags/example_short_circuit_operator.py
[2025-03-26T17:23:02.520+0000] {processor.py:914} INFO - Processing file /home/ubuntu/customer_churn_youtube_venv/lib/python3.12/site-packages/airflow/example_dags/example_short_circuit_operator.py for tasks to queue
[2025-03-26T17:23:02.523+0000] {logging_mixin.py:190} INFO - [2025-03-26T17:23:02.523+0000] {dagbag.py:588} INFO - Filling up the DagBag from /home/ubuntu/customer_churn_youtube_venv/lib/python3.12/site-packages/airflow/example_dags/example_short_circuit_operator.py
[2025-03-26T17:23:02.533+0000] {processor.py:925} INFO - DAG(s) 'example_short_circuit_operator' retrieved from /home/ubuntu/customer_churn_youtube_venv/lib/python3.12/site-packages/airflow/example_dags/example_short_circuit_operator.py
[2025-03-26T17:23:02.552+0000] {logging_mixin.py:190} INFO - [2025-03-26T17:23:02.552+0000] {dag.py:3239} INFO - Sync 1 DAGs
[2025-03-26T17:23:02.564+0000] {logging_mixin.py:190} INFO - [2025-03-26T17:23:02.564+0000] {dag.py:4180} INFO - Setting next_dagrun for example_short_circuit_operator to None, run_after=None
[2025-03-26T17:23:02.587+0000] {processor.py:208} INFO - Processing /home/ubuntu/customer_churn_youtube_venv/lib/python3.12/site-packages/airflow/example_dags/example_short_circuit_operator.py took 0.074 seconds
[2025-03-26T17:23:55.493+0000] {processor.py:186} INFO - Started process (PID=6913) to work on /home/ubuntu/customer_churn_youtube_venv/lib/python3.12/site-packages/airflow/example_dags/example_short_circuit_operator.py
[2025-03-26T17:23:55.494+0000] {processor.py:914} INFO - Processing file /home/ubuntu/customer_churn_youtube_venv/lib/python3.12/site-packages/airflow/example_dags/example_short_circuit_operator.py for tasks to queue
[2025-03-26T17:23:55.497+0000] {logging_mixin.py:190} INFO - [2025-03-26T17:23:55.496+0000] {dagbag.py:588} INFO - Filling up the DagBag from /home/ubuntu/customer_churn_youtube_venv/lib/python3.12/site-packages/airflow/example_dags/example_short_circuit_operator.py
[2025-03-26T17:23:55.506+0000] {processor.py:925} INFO - DAG(s) 'example_short_circuit_operator' retrieved from /home/ubuntu/customer_churn_youtube_venv/lib/python3.12/site-packages/airflow/example_dags/example_short_circuit_operator.py
[2025-03-26T17:23:55.524+0000] {logging_mixin.py:190} INFO - [2025-03-26T17:23:55.524+0000] {dag.py:3239} INFO - Sync 1 DAGs
[2025-03-26T17:23:55.536+0000] {logging_mixin.py:190} INFO - [2025-03-26T17:23:55.536+0000] {dag.py:4180} INFO - Setting next_dagrun for example_short_circuit_operator to None, run_after=None
[2025-03-26T17:23:55.557+0000] {processor.py:208} INFO - Processing /home/ubuntu/customer_churn_youtube_venv/lib/python3.12/site-packages/airflow/example_dags/example_short_circuit_operator.py took 0.070 seconds
[2025-03-26T17:24:46.223+0000] {processor.py:186} INFO - Started process (PID=6966) to work on /home/ubuntu/customer_churn_youtube_venv/lib/python3.12/site-packages/airflow/example_dags/example_short_circuit_operator.py
[2025-03-26T17:24:46.225+0000] {processor.py:914} INFO - Processing file /home/ubuntu/customer_churn_youtube_venv/lib/python3.12/site-packages/airflow/example_dags/example_short_circuit_operator.py for tasks to queue
[2025-03-26T17:24:46.227+0000] {logging_mixin.py:190} INFO - [2025-03-26T17:24:46.227+0000] {dagbag.py:588} INFO - Filling up the DagBag from /home/ubuntu/customer_churn_youtube_venv/lib/python3.12/site-packages/airflow/example_dags/example_short_circuit_operator.py
[2025-03-26T17:24:46.237+0000] {processor.py:925} INFO - DAG(s) 'example_short_circuit_operator' retrieved from /home/ubuntu/customer_churn_youtube_venv/lib/python3.12/site-packages/airflow/example_dags/example_short_circuit_operator.py
[2025-03-26T17:24:46.256+0000] {logging_mixin.py:190} INFO - [2025-03-26T17:24:46.255+0000] {dag.py:3239} INFO - Sync 1 DAGs
[2025-03-26T17:24:46.268+0000] {logging_mixin.py:190} INFO - [2025-03-26T17:24:46.268+0000] {dag.py:4180} INFO - Setting next_dagrun for example_short_circuit_operator to None, run_after=None
[2025-03-26T17:24:46.289+0000] {processor.py:208} INFO - Processing /home/ubuntu/customer_churn_youtube_venv/lib/python3.12/site-packages/airflow/example_dags/example_short_circuit_operator.py took 0.072 seconds
[2025-03-26T17:25:37.000+0000] {processor.py:186} INFO - Started process (PID=7024) to work on /home/ubuntu/customer_churn_youtube_venv/lib/python3.12/site-packages/airflow/example_dags/example_short_circuit_operator.py
[2025-03-26T17:25:37.003+0000] {processor.py:914} INFO - Processing file /home/ubuntu/customer_churn_youtube_venv/lib/python3.12/site-packages/airflow/example_dags/example_short_circuit_operator.py for tasks to queue
[2025-03-26T17:25:37.005+0000] {logging_mixin.py:190} INFO - [2025-03-26T17:25:37.004+0000] {dagbag.py:588} INFO - Filling up the DagBag from /home/ubuntu/customer_churn_youtube_venv/lib/python3.12/site-packages/airflow/example_dags/example_short_circuit_operator.py
[2025-03-26T17:25:37.015+0000] {processor.py:925} INFO - DAG(s) 'example_short_circuit_operator' retrieved from /home/ubuntu/customer_churn_youtube_venv/lib/python3.12/site-packages/airflow/example_dags/example_short_circuit_operator.py
[2025-03-26T17:25:37.033+0000] {logging_mixin.py:190} INFO - [2025-03-26T17:25:37.033+0000] {dag.py:3239} INFO - Sync 1 DAGs
[2025-03-26T17:25:37.046+0000] {logging_mixin.py:190} INFO - [2025-03-26T17:25:37.045+0000] {dag.py:4180} INFO - Setting next_dagrun for example_short_circuit_operator to None, run_after=None
[2025-03-26T17:25:37.069+0000] {processor.py:208} INFO - Processing /home/ubuntu/customer_churn_youtube_venv/lib/python3.12/site-packages/airflow/example_dags/example_short_circuit_operator.py took 0.075 seconds
[2025-03-26T17:26:26.152+0000] {processor.py:186} INFO - Started process (PID=7075) to work on /home/ubuntu/customer_churn_youtube_venv/lib/python3.12/site-packages/airflow/example_dags/example_short_circuit_operator.py
[2025-03-26T17:26:26.154+0000] {processor.py:914} INFO - Processing file /home/ubuntu/customer_churn_youtube_venv/lib/python3.12/site-packages/airflow/example_dags/example_short_circuit_operator.py for tasks to queue
[2025-03-26T17:26:26.156+0000] {logging_mixin.py:190} INFO - [2025-03-26T17:26:26.156+0000] {dagbag.py:588} INFO - Filling up the DagBag from /home/ubuntu/customer_churn_youtube_venv/lib/python3.12/site-packages/airflow/example_dags/example_short_circuit_operator.py
[2025-03-26T17:26:26.166+0000] {processor.py:925} INFO - DAG(s) 'example_short_circuit_operator' retrieved from /home/ubuntu/customer_churn_youtube_venv/lib/python3.12/site-packages/airflow/example_dags/example_short_circuit_operator.py
[2025-03-26T17:26:26.184+0000] {logging_mixin.py:190} INFO - [2025-03-26T17:26:26.184+0000] {dag.py:3239} INFO - Sync 1 DAGs
[2025-03-26T17:26:26.196+0000] {logging_mixin.py:190} INFO - [2025-03-26T17:26:26.196+0000] {dag.py:4180} INFO - Setting next_dagrun for example_short_circuit_operator to None, run_after=None
[2025-03-26T17:26:26.219+0000] {processor.py:208} INFO - Processing /home/ubuntu/customer_churn_youtube_venv/lib/python3.12/site-packages/airflow/example_dags/example_short_circuit_operator.py took 0.072 seconds
[2025-03-26T17:27:17.464+0000] {processor.py:186} INFO - Started process (PID=7128) to work on /home/ubuntu/customer_churn_youtube_venv/lib/python3.12/site-packages/airflow/example_dags/example_short_circuit_operator.py
[2025-03-26T17:27:17.466+0000] {processor.py:914} INFO - Processing file /home/ubuntu/customer_churn_youtube_venv/lib/python3.12/site-packages/airflow/example_dags/example_short_circuit_operator.py for tasks to queue
[2025-03-26T17:27:17.467+0000] {logging_mixin.py:190} INFO - [2025-03-26T17:27:17.467+0000] {dagbag.py:588} INFO - Filling up the DagBag from /home/ubuntu/customer_churn_youtube_venv/lib/python3.12/site-packages/airflow/example_dags/example_short_circuit_operator.py
[2025-03-26T17:27:17.477+0000] {processor.py:925} INFO - DAG(s) 'example_short_circuit_operator' retrieved from /home/ubuntu/customer_churn_youtube_venv/lib/python3.12/site-packages/airflow/example_dags/example_short_circuit_operator.py
[2025-03-26T17:27:17.496+0000] {logging_mixin.py:190} INFO - [2025-03-26T17:27:17.495+0000] {dag.py:3239} INFO - Sync 1 DAGs
[2025-03-26T17:27:17.507+0000] {logging_mixin.py:190} INFO - [2025-03-26T17:27:17.507+0000] {dag.py:4180} INFO - Setting next_dagrun for example_short_circuit_operator to None, run_after=None
[2025-03-26T17:27:17.529+0000] {processor.py:208} INFO - Processing /home/ubuntu/customer_churn_youtube_venv/lib/python3.12/site-packages/airflow/example_dags/example_short_circuit_operator.py took 0.071 seconds
[2025-03-26T17:28:07.035+0000] {processor.py:186} INFO - Started process (PID=7226) to work on /home/ubuntu/customer_churn_youtube_venv/lib/python3.12/site-packages/airflow/example_dags/example_short_circuit_operator.py
[2025-03-26T17:28:07.037+0000] {processor.py:914} INFO - Processing file /home/ubuntu/customer_churn_youtube_venv/lib/python3.12/site-packages/airflow/example_dags/example_short_circuit_operator.py for tasks to queue
[2025-03-26T17:28:07.039+0000] {logging_mixin.py:190} INFO - [2025-03-26T17:28:07.038+0000] {dagbag.py:588} INFO - Filling up the DagBag from /home/ubuntu/customer_churn_youtube_venv/lib/python3.12/site-packages/airflow/example_dags/example_short_circuit_operator.py
[2025-03-26T17:28:07.048+0000] {processor.py:925} INFO - DAG(s) 'example_short_circuit_operator' retrieved from /home/ubuntu/customer_churn_youtube_venv/lib/python3.12/site-packages/airflow/example_dags/example_short_circuit_operator.py
[2025-03-26T17:28:07.066+0000] {logging_mixin.py:190} INFO - [2025-03-26T17:28:07.066+0000] {dag.py:3239} INFO - Sync 1 DAGs
[2025-03-26T17:28:07.077+0000] {logging_mixin.py:190} INFO - [2025-03-26T17:28:07.077+0000] {dag.py:4180} INFO - Setting next_dagrun for example_short_circuit_operator to None, run_after=None
[2025-03-26T17:28:07.100+0000] {processor.py:208} INFO - Processing /home/ubuntu/customer_churn_youtube_venv/lib/python3.12/site-packages/airflow/example_dags/example_short_circuit_operator.py took 0.071 seconds
[2025-03-26T17:28:59.421+0000] {processor.py:186} INFO - Started process (PID=7279) to work on /home/ubuntu/customer_churn_youtube_venv/lib/python3.12/site-packages/airflow/example_dags/example_short_circuit_operator.py
[2025-03-26T17:28:59.424+0000] {processor.py:914} INFO - Processing file /home/ubuntu/customer_churn_youtube_venv/lib/python3.12/site-packages/airflow/example_dags/example_short_circuit_operator.py for tasks to queue
[2025-03-26T17:28:59.426+0000] {logging_mixin.py:190} INFO - [2025-03-26T17:28:59.425+0000] {dagbag.py:588} INFO - Filling up the DagBag from /home/ubuntu/customer_churn_youtube_venv/lib/python3.12/site-packages/airflow/example_dags/example_short_circuit_operator.py
[2025-03-26T17:28:59.435+0000] {processor.py:925} INFO - DAG(s) 'example_short_circuit_operator' retrieved from /home/ubuntu/customer_churn_youtube_venv/lib/python3.12/site-packages/airflow/example_dags/example_short_circuit_operator.py
[2025-03-26T17:28:59.454+0000] {logging_mixin.py:190} INFO - [2025-03-26T17:28:59.453+0000] {dag.py:3239} INFO - Sync 1 DAGs
[2025-03-26T17:28:59.465+0000] {logging_mixin.py:190} INFO - [2025-03-26T17:28:59.465+0000] {dag.py:4180} INFO - Setting next_dagrun for example_short_circuit_operator to None, run_after=None
[2025-03-26T17:28:59.487+0000] {processor.py:208} INFO - Processing /home/ubuntu/customer_churn_youtube_venv/lib/python3.12/site-packages/airflow/example_dags/example_short_circuit_operator.py took 0.071 seconds
[2025-03-26T17:29:48.518+0000] {processor.py:186} INFO - Started process (PID=7332) to work on /home/ubuntu/customer_churn_youtube_venv/lib/python3.12/site-packages/airflow/example_dags/example_short_circuit_operator.py
[2025-03-26T17:29:48.520+0000] {processor.py:914} INFO - Processing file /home/ubuntu/customer_churn_youtube_venv/lib/python3.12/site-packages/airflow/example_dags/example_short_circuit_operator.py for tasks to queue
[2025-03-26T17:29:48.522+0000] {logging_mixin.py:190} INFO - [2025-03-26T17:29:48.522+0000] {dagbag.py:588} INFO - Filling up the DagBag from /home/ubuntu/customer_churn_youtube_venv/lib/python3.12/site-packages/airflow/example_dags/example_short_circuit_operator.py
[2025-03-26T17:29:48.531+0000] {processor.py:925} INFO - DAG(s) 'example_short_circuit_operator' retrieved from /home/ubuntu/customer_churn_youtube_venv/lib/python3.12/site-packages/airflow/example_dags/example_short_circuit_operator.py
[2025-03-26T17:29:48.549+0000] {logging_mixin.py:190} INFO - [2025-03-26T17:29:48.549+0000] {dag.py:3239} INFO - Sync 1 DAGs
[2025-03-26T17:29:48.561+0000] {logging_mixin.py:190} INFO - [2025-03-26T17:29:48.560+0000] {dag.py:4180} INFO - Setting next_dagrun for example_short_circuit_operator to None, run_after=None
[2025-03-26T17:29:48.584+0000] {processor.py:208} INFO - Processing /home/ubuntu/customer_churn_youtube_venv/lib/python3.12/site-packages/airflow/example_dags/example_short_circuit_operator.py took 0.072 seconds
[2025-03-26T17:30:38.549+0000] {processor.py:186} INFO - Started process (PID=7388) to work on /home/ubuntu/customer_churn_youtube_venv/lib/python3.12/site-packages/airflow/example_dags/example_short_circuit_operator.py
[2025-03-26T17:30:38.551+0000] {processor.py:914} INFO - Processing file /home/ubuntu/customer_churn_youtube_venv/lib/python3.12/site-packages/airflow/example_dags/example_short_circuit_operator.py for tasks to queue
[2025-03-26T17:30:38.552+0000] {logging_mixin.py:190} INFO - [2025-03-26T17:30:38.552+0000] {dagbag.py:588} INFO - Filling up the DagBag from /home/ubuntu/customer_churn_youtube_venv/lib/python3.12/site-packages/airflow/example_dags/example_short_circuit_operator.py
[2025-03-26T17:30:38.562+0000] {processor.py:925} INFO - DAG(s) 'example_short_circuit_operator' retrieved from /home/ubuntu/customer_churn_youtube_venv/lib/python3.12/site-packages/airflow/example_dags/example_short_circuit_operator.py
[2025-03-26T17:30:38.579+0000] {logging_mixin.py:190} INFO - [2025-03-26T17:30:38.579+0000] {dag.py:3239} INFO - Sync 1 DAGs
[2025-03-26T17:30:38.590+0000] {logging_mixin.py:190} INFO - [2025-03-26T17:30:38.590+0000] {dag.py:4180} INFO - Setting next_dagrun for example_short_circuit_operator to None, run_after=None
[2025-03-26T17:30:38.612+0000] {processor.py:208} INFO - Processing /home/ubuntu/customer_churn_youtube_venv/lib/python3.12/site-packages/airflow/example_dags/example_short_circuit_operator.py took 0.068 seconds
[2025-03-26T17:31:29.582+0000] {processor.py:186} INFO - Started process (PID=7440) to work on /home/ubuntu/customer_churn_youtube_venv/lib/python3.12/site-packages/airflow/example_dags/example_short_circuit_operator.py
[2025-03-26T17:31:29.584+0000] {processor.py:914} INFO - Processing file /home/ubuntu/customer_churn_youtube_venv/lib/python3.12/site-packages/airflow/example_dags/example_short_circuit_operator.py for tasks to queue
[2025-03-26T17:31:29.586+0000] {logging_mixin.py:190} INFO - [2025-03-26T17:31:29.586+0000] {dagbag.py:588} INFO - Filling up the DagBag from /home/ubuntu/customer_churn_youtube_venv/lib/python3.12/site-packages/airflow/example_dags/example_short_circuit_operator.py
[2025-03-26T17:31:29.595+0000] {processor.py:925} INFO - DAG(s) 'example_short_circuit_operator' retrieved from /home/ubuntu/customer_churn_youtube_venv/lib/python3.12/site-packages/airflow/example_dags/example_short_circuit_operator.py
[2025-03-26T17:31:29.613+0000] {logging_mixin.py:190} INFO - [2025-03-26T17:31:29.613+0000] {dag.py:3239} INFO - Sync 1 DAGs
[2025-03-26T17:31:29.624+0000] {logging_mixin.py:190} INFO - [2025-03-26T17:31:29.624+0000] {dag.py:4180} INFO - Setting next_dagrun for example_short_circuit_operator to None, run_after=None
[2025-03-26T17:31:29.648+0000] {processor.py:208} INFO - Processing /home/ubuntu/customer_churn_youtube_venv/lib/python3.12/site-packages/airflow/example_dags/example_short_circuit_operator.py took 0.071 seconds
[2025-03-26T17:32:20.376+0000] {processor.py:186} INFO - Started process (PID=7517) to work on /home/ubuntu/customer_churn_youtube_venv/lib/python3.12/site-packages/airflow/example_dags/example_short_circuit_operator.py
[2025-03-26T17:32:20.378+0000] {processor.py:914} INFO - Processing file /home/ubuntu/customer_churn_youtube_venv/lib/python3.12/site-packages/airflow/example_dags/example_short_circuit_operator.py for tasks to queue
[2025-03-26T17:32:20.381+0000] {logging_mixin.py:190} INFO - [2025-03-26T17:32:20.380+0000] {dagbag.py:588} INFO - Filling up the DagBag from /home/ubuntu/customer_churn_youtube_venv/lib/python3.12/site-packages/airflow/example_dags/example_short_circuit_operator.py
[2025-03-26T17:32:20.389+0000] {processor.py:925} INFO - DAG(s) 'example_short_circuit_operator' retrieved from /home/ubuntu/customer_churn_youtube_venv/lib/python3.12/site-packages/airflow/example_dags/example_short_circuit_operator.py
[2025-03-26T17:32:20.407+0000] {logging_mixin.py:190} INFO - [2025-03-26T17:32:20.407+0000] {dag.py:3239} INFO - Sync 1 DAGs
[2025-03-26T17:32:20.420+0000] {logging_mixin.py:190} INFO - [2025-03-26T17:32:20.420+0000] {dag.py:4180} INFO - Setting next_dagrun for example_short_circuit_operator to None, run_after=None
[2025-03-26T17:32:20.444+0000] {processor.py:208} INFO - Processing /home/ubuntu/customer_churn_youtube_venv/lib/python3.12/site-packages/airflow/example_dags/example_short_circuit_operator.py took 0.073 seconds
[2025-03-26T17:33:12.213+0000] {processor.py:186} INFO - Started process (PID=7587) to work on /home/ubuntu/customer_churn_youtube_venv/lib/python3.12/site-packages/airflow/example_dags/example_short_circuit_operator.py
[2025-03-26T17:33:12.215+0000] {processor.py:914} INFO - Processing file /home/ubuntu/customer_churn_youtube_venv/lib/python3.12/site-packages/airflow/example_dags/example_short_circuit_operator.py for tasks to queue
[2025-03-26T17:33:12.217+0000] {logging_mixin.py:190} INFO - [2025-03-26T17:33:12.216+0000] {dagbag.py:588} INFO - Filling up the DagBag from /home/ubuntu/customer_churn_youtube_venv/lib/python3.12/site-packages/airflow/example_dags/example_short_circuit_operator.py
[2025-03-26T17:33:12.227+0000] {processor.py:925} INFO - DAG(s) 'example_short_circuit_operator' retrieved from /home/ubuntu/customer_churn_youtube_venv/lib/python3.12/site-packages/airflow/example_dags/example_short_circuit_operator.py
[2025-03-26T17:33:12.245+0000] {logging_mixin.py:190} INFO - [2025-03-26T17:33:12.244+0000] {dag.py:3239} INFO - Sync 1 DAGs
[2025-03-26T17:33:12.256+0000] {logging_mixin.py:190} INFO - [2025-03-26T17:33:12.256+0000] {dag.py:4180} INFO - Setting next_dagrun for example_short_circuit_operator to None, run_after=None
[2025-03-26T17:33:12.277+0000] {processor.py:208} INFO - Processing /home/ubuntu/customer_churn_youtube_venv/lib/python3.12/site-packages/airflow/example_dags/example_short_circuit_operator.py took 0.069 seconds
[2025-03-26T17:34:03.013+0000] {processor.py:186} INFO - Started process (PID=7638) to work on /home/ubuntu/customer_churn_youtube_venv/lib/python3.12/site-packages/airflow/example_dags/example_short_circuit_operator.py
[2025-03-26T17:34:03.014+0000] {processor.py:914} INFO - Processing file /home/ubuntu/customer_churn_youtube_venv/lib/python3.12/site-packages/airflow/example_dags/example_short_circuit_operator.py for tasks to queue
[2025-03-26T17:34:03.016+0000] {logging_mixin.py:190} INFO - [2025-03-26T17:34:03.016+0000] {dagbag.py:588} INFO - Filling up the DagBag from /home/ubuntu/customer_churn_youtube_venv/lib/python3.12/site-packages/airflow/example_dags/example_short_circuit_operator.py
[2025-03-26T17:34:03.026+0000] {processor.py:925} INFO - DAG(s) 'example_short_circuit_operator' retrieved from /home/ubuntu/customer_churn_youtube_venv/lib/python3.12/site-packages/airflow/example_dags/example_short_circuit_operator.py
[2025-03-26T17:34:03.045+0000] {logging_mixin.py:190} INFO - [2025-03-26T17:34:03.045+0000] {dag.py:3239} INFO - Sync 1 DAGs
[2025-03-26T17:34:03.057+0000] {logging_mixin.py:190} INFO - [2025-03-26T17:34:03.057+0000] {dag.py:4180} INFO - Setting next_dagrun for example_short_circuit_operator to None, run_after=None
[2025-03-26T17:34:03.080+0000] {processor.py:208} INFO - Processing /home/ubuntu/customer_churn_youtube_venv/lib/python3.12/site-packages/airflow/example_dags/example_short_circuit_operator.py took 0.073 seconds
[2025-03-26T17:34:54.839+0000] {processor.py:186} INFO - Started process (PID=7693) to work on /home/ubuntu/customer_churn_youtube_venv/lib/python3.12/site-packages/airflow/example_dags/example_short_circuit_operator.py
[2025-03-26T17:34:54.841+0000] {processor.py:914} INFO - Processing file /home/ubuntu/customer_churn_youtube_venv/lib/python3.12/site-packages/airflow/example_dags/example_short_circuit_operator.py for tasks to queue
[2025-03-26T17:34:54.843+0000] {logging_mixin.py:190} INFO - [2025-03-26T17:34:54.843+0000] {dagbag.py:588} INFO - Filling up the DagBag from /home/ubuntu/customer_churn_youtube_venv/lib/python3.12/site-packages/airflow/example_dags/example_short_circuit_operator.py
[2025-03-26T17:34:54.853+0000] {processor.py:925} INFO - DAG(s) 'example_short_circuit_operator' retrieved from /home/ubuntu/customer_churn_youtube_venv/lib/python3.12/site-packages/airflow/example_dags/example_short_circuit_operator.py
[2025-03-26T17:34:54.872+0000] {logging_mixin.py:190} INFO - [2025-03-26T17:34:54.871+0000] {dag.py:3239} INFO - Sync 1 DAGs
[2025-03-26T17:34:54.883+0000] {logging_mixin.py:190} INFO - [2025-03-26T17:34:54.883+0000] {dag.py:4180} INFO - Setting next_dagrun for example_short_circuit_operator to None, run_after=None
[2025-03-26T17:34:54.906+0000] {processor.py:208} INFO - Processing /home/ubuntu/customer_churn_youtube_venv/lib/python3.12/site-packages/airflow/example_dags/example_short_circuit_operator.py took 0.072 seconds
[2025-03-26T17:35:48.168+0000] {processor.py:186} INFO - Started process (PID=7753) to work on /home/ubuntu/customer_churn_youtube_venv/lib/python3.12/site-packages/airflow/example_dags/example_short_circuit_operator.py
[2025-03-26T17:35:48.169+0000] {processor.py:914} INFO - Processing file /home/ubuntu/customer_churn_youtube_venv/lib/python3.12/site-packages/airflow/example_dags/example_short_circuit_operator.py for tasks to queue
[2025-03-26T17:35:48.171+0000] {logging_mixin.py:190} INFO - [2025-03-26T17:35:48.171+0000] {dagbag.py:588} INFO - Filling up the DagBag from /home/ubuntu/customer_churn_youtube_venv/lib/python3.12/site-packages/airflow/example_dags/example_short_circuit_operator.py
[2025-03-26T17:35:48.180+0000] {processor.py:925} INFO - DAG(s) 'example_short_circuit_operator' retrieved from /home/ubuntu/customer_churn_youtube_venv/lib/python3.12/site-packages/airflow/example_dags/example_short_circuit_operator.py
[2025-03-26T17:35:48.198+0000] {logging_mixin.py:190} INFO - [2025-03-26T17:35:48.198+0000] {dag.py:3239} INFO - Sync 1 DAGs
[2025-03-26T17:35:48.210+0000] {logging_mixin.py:190} INFO - [2025-03-26T17:35:48.210+0000] {dag.py:4180} INFO - Setting next_dagrun for example_short_circuit_operator to None, run_after=None
[2025-03-26T17:35:48.230+0000] {processor.py:208} INFO - Processing /home/ubuntu/customer_churn_youtube_venv/lib/python3.12/site-packages/airflow/example_dags/example_short_circuit_operator.py took 0.068 seconds
[2025-03-26T17:36:40.809+0000] {processor.py:186} INFO - Started process (PID=7809) to work on /home/ubuntu/customer_churn_youtube_venv/lib/python3.12/site-packages/airflow/example_dags/example_short_circuit_operator.py
[2025-03-26T17:36:40.812+0000] {processor.py:914} INFO - Processing file /home/ubuntu/customer_churn_youtube_venv/lib/python3.12/site-packages/airflow/example_dags/example_short_circuit_operator.py for tasks to queue
[2025-03-26T17:36:40.813+0000] {logging_mixin.py:190} INFO - [2025-03-26T17:36:40.813+0000] {dagbag.py:588} INFO - Filling up the DagBag from /home/ubuntu/customer_churn_youtube_venv/lib/python3.12/site-packages/airflow/example_dags/example_short_circuit_operator.py
[2025-03-26T17:36:40.822+0000] {processor.py:925} INFO - DAG(s) 'example_short_circuit_operator' retrieved from /home/ubuntu/customer_churn_youtube_venv/lib/python3.12/site-packages/airflow/example_dags/example_short_circuit_operator.py
[2025-03-26T17:36:40.840+0000] {logging_mixin.py:190} INFO - [2025-03-26T17:36:40.840+0000] {dag.py:3239} INFO - Sync 1 DAGs
[2025-03-26T17:36:40.852+0000] {logging_mixin.py:190} INFO - [2025-03-26T17:36:40.852+0000] {dag.py:4180} INFO - Setting next_dagrun for example_short_circuit_operator to None, run_after=None
[2025-03-26T17:36:40.873+0000] {processor.py:208} INFO - Processing /home/ubuntu/customer_churn_youtube_venv/lib/python3.12/site-packages/airflow/example_dags/example_short_circuit_operator.py took 0.068 seconds
