[2025-03-26T17:14:00.641+0000] {processor.py:186} INFO - Started process (PID=6300) to work on /home/ubuntu/customer_churn_youtube_venv/lib/python3.12/site-packages/airflow/example_dags/example_dynamic_task_mapping.py
[2025-03-26T17:14:00.642+0000] {processor.py:914} INFO - Processing file /home/ubuntu/customer_churn_youtube_venv/lib/python3.12/site-packages/airflow/example_dags/example_dynamic_task_mapping.py for tasks to queue
[2025-03-26T17:14:00.644+0000] {logging_mixin.py:190} INFO - [2025-03-26T17:14:00.643+0000] {dagbag.py:588} INFO - Filling up the DagBag from /home/ubuntu/customer_churn_youtube_venv/lib/python3.12/site-packages/airflow/example_dags/example_dynamic_task_mapping.py
[2025-03-26T17:14:00.653+0000] {processor.py:925} INFO - DAG(s) 'example_dynamic_task_mapping' retrieved from /home/ubuntu/customer_churn_youtube_venv/lib/python3.12/site-packages/airflow/example_dags/example_dynamic_task_mapping.py
[2025-03-26T17:14:00.753+0000] {logging_mixin.py:190} INFO - [2025-03-26T17:14:00.753+0000] {override.py:1930} INFO - Created Permission View: can edit on DAG:example_dynamic_task_mapping
[2025-03-26T17:14:00.766+0000] {logging_mixin.py:190} INFO - [2025-03-26T17:14:00.766+0000] {override.py:1930} INFO - Created Permission View: can read on DAG:example_dynamic_task_mapping
[2025-03-26T17:14:00.778+0000] {logging_mixin.py:190} INFO - [2025-03-26T17:14:00.778+0000] {override.py:1930} INFO - Created Permission View: can delete on DAG:example_dynamic_task_mapping
[2025-03-26T17:14:00.796+0000] {logging_mixin.py:190} INFO - [2025-03-26T17:14:00.796+0000] {override.py:1930} INFO - Created Permission View: menu access on DAG Run:example_dynamic_task_mapping
[2025-03-26T17:14:00.806+0000] {logging_mixin.py:190} INFO - [2025-03-26T17:14:00.806+0000] {override.py:1930} INFO - Created Permission View: can create on DAG Run:example_dynamic_task_mapping
[2025-03-26T17:14:00.816+0000] {logging_mixin.py:190} INFO - [2025-03-26T17:14:00.816+0000] {override.py:1930} INFO - Created Permission View: can delete on DAG Run:example_dynamic_task_mapping
[2025-03-26T17:14:00.827+0000] {logging_mixin.py:190} INFO - [2025-03-26T17:14:00.826+0000] {override.py:1930} INFO - Created Permission View: can read on DAG Run:example_dynamic_task_mapping
[2025-03-26T17:14:00.827+0000] {logging_mixin.py:190} INFO - [2025-03-26T17:14:00.827+0000] {dag.py:3239} INFO - Sync 1 DAGs
[2025-03-26T17:14:00.837+0000] {logging_mixin.py:190} INFO - [2025-03-26T17:14:00.837+0000] {dag.py:3262} INFO - Creating ORM DAG for example_dynamic_task_mapping
[2025-03-26T17:14:00.837+0000] {logging_mixin.py:190} INFO - [2025-03-26T17:14:00.837+0000] {dag.py:4180} INFO - Setting next_dagrun for example_dynamic_task_mapping to None, run_after=None
[2025-03-26T17:14:00.859+0000] {processor.py:208} INFO - Processing /home/ubuntu/customer_churn_youtube_venv/lib/python3.12/site-packages/airflow/example_dags/example_dynamic_task_mapping.py took 0.223 seconds
[2025-03-26T17:15:04.788+0000] {processor.py:186} INFO - Started process (PID=6367) to work on /home/ubuntu/customer_churn_youtube_venv/lib/python3.12/site-packages/airflow/example_dags/example_dynamic_task_mapping.py
[2025-03-26T17:15:04.790+0000] {processor.py:914} INFO - Processing file /home/ubuntu/customer_churn_youtube_venv/lib/python3.12/site-packages/airflow/example_dags/example_dynamic_task_mapping.py for tasks to queue
[2025-03-26T17:15:04.792+0000] {logging_mixin.py:190} INFO - [2025-03-26T17:15:04.791+0000] {dagbag.py:588} INFO - Filling up the DagBag from /home/ubuntu/customer_churn_youtube_venv/lib/python3.12/site-packages/airflow/example_dags/example_dynamic_task_mapping.py
[2025-03-26T17:15:04.800+0000] {processor.py:925} INFO - DAG(s) 'example_dynamic_task_mapping' retrieved from /home/ubuntu/customer_churn_youtube_venv/lib/python3.12/site-packages/airflow/example_dags/example_dynamic_task_mapping.py
[2025-03-26T17:15:04.817+0000] {logging_mixin.py:190} INFO - [2025-03-26T17:15:04.816+0000] {dag.py:3239} INFO - Sync 1 DAGs
[2025-03-26T17:15:04.828+0000] {logging_mixin.py:190} INFO - [2025-03-26T17:15:04.828+0000] {dag.py:4180} INFO - Setting next_dagrun for example_dynamic_task_mapping to None, run_after=None
[2025-03-26T17:15:04.850+0000] {processor.py:208} INFO - Processing /home/ubuntu/customer_churn_youtube_venv/lib/python3.12/site-packages/airflow/example_dags/example_dynamic_task_mapping.py took 0.067 seconds
[2025-03-26T17:16:00.581+0000] {processor.py:186} INFO - Started process (PID=6424) to work on /home/ubuntu/customer_churn_youtube_venv/lib/python3.12/site-packages/airflow/example_dags/example_dynamic_task_mapping.py
[2025-03-26T17:16:00.582+0000] {processor.py:914} INFO - Processing file /home/ubuntu/customer_churn_youtube_venv/lib/python3.12/site-packages/airflow/example_dags/example_dynamic_task_mapping.py for tasks to queue
[2025-03-26T17:16:00.584+0000] {logging_mixin.py:190} INFO - [2025-03-26T17:16:00.583+0000] {dagbag.py:588} INFO - Filling up the DagBag from /home/ubuntu/customer_churn_youtube_venv/lib/python3.12/site-packages/airflow/example_dags/example_dynamic_task_mapping.py
[2025-03-26T17:16:00.592+0000] {processor.py:925} INFO - DAG(s) 'example_dynamic_task_mapping' retrieved from /home/ubuntu/customer_churn_youtube_venv/lib/python3.12/site-packages/airflow/example_dags/example_dynamic_task_mapping.py
[2025-03-26T17:16:00.607+0000] {logging_mixin.py:190} INFO - [2025-03-26T17:16:00.607+0000] {dag.py:3239} INFO - Sync 1 DAGs
[2025-03-26T17:16:00.619+0000] {logging_mixin.py:190} INFO - [2025-03-26T17:16:00.618+0000] {dag.py:4180} INFO - Setting next_dagrun for example_dynamic_task_mapping to None, run_after=None
[2025-03-26T17:16:00.639+0000] {processor.py:208} INFO - Processing /home/ubuntu/customer_churn_youtube_venv/lib/python3.12/site-packages/airflow/example_dags/example_dynamic_task_mapping.py took 0.064 seconds
[2025-03-26T17:16:58.553+0000] {processor.py:186} INFO - Started process (PID=6483) to work on /home/ubuntu/customer_churn_youtube_venv/lib/python3.12/site-packages/airflow/example_dags/example_dynamic_task_mapping.py
[2025-03-26T17:16:58.555+0000] {processor.py:914} INFO - Processing file /home/ubuntu/customer_churn_youtube_venv/lib/python3.12/site-packages/airflow/example_dags/example_dynamic_task_mapping.py for tasks to queue
[2025-03-26T17:16:58.557+0000] {logging_mixin.py:190} INFO - [2025-03-26T17:16:58.557+0000] {dagbag.py:588} INFO - Filling up the DagBag from /home/ubuntu/customer_churn_youtube_venv/lib/python3.12/site-packages/airflow/example_dags/example_dynamic_task_mapping.py
[2025-03-26T17:16:58.565+0000] {processor.py:925} INFO - DAG(s) 'example_dynamic_task_mapping' retrieved from /home/ubuntu/customer_churn_youtube_venv/lib/python3.12/site-packages/airflow/example_dags/example_dynamic_task_mapping.py
[2025-03-26T17:16:58.581+0000] {logging_mixin.py:190} INFO - [2025-03-26T17:16:58.580+0000] {dag.py:3239} INFO - Sync 1 DAGs
[2025-03-26T17:16:58.592+0000] {logging_mixin.py:190} INFO - [2025-03-26T17:16:58.592+0000] {dag.py:4180} INFO - Setting next_dagrun for example_dynamic_task_mapping to None, run_after=None
[2025-03-26T17:16:58.616+0000] {processor.py:208} INFO - Processing /home/ubuntu/customer_churn_youtube_venv/lib/python3.12/site-packages/airflow/example_dags/example_dynamic_task_mapping.py took 0.068 seconds
[2025-03-26T17:17:53.256+0000] {processor.py:186} INFO - Started process (PID=6543) to work on /home/ubuntu/customer_churn_youtube_venv/lib/python3.12/site-packages/airflow/example_dags/example_dynamic_task_mapping.py
[2025-03-26T17:17:53.259+0000] {processor.py:914} INFO - Processing file /home/ubuntu/customer_churn_youtube_venv/lib/python3.12/site-packages/airflow/example_dags/example_dynamic_task_mapping.py for tasks to queue
[2025-03-26T17:17:53.261+0000] {logging_mixin.py:190} INFO - [2025-03-26T17:17:53.261+0000] {dagbag.py:588} INFO - Filling up the DagBag from /home/ubuntu/customer_churn_youtube_venv/lib/python3.12/site-packages/airflow/example_dags/example_dynamic_task_mapping.py
[2025-03-26T17:17:53.269+0000] {processor.py:925} INFO - DAG(s) 'example_dynamic_task_mapping' retrieved from /home/ubuntu/customer_churn_youtube_venv/lib/python3.12/site-packages/airflow/example_dags/example_dynamic_task_mapping.py
[2025-03-26T17:17:53.284+0000] {logging_mixin.py:190} INFO - [2025-03-26T17:17:53.284+0000] {dag.py:3239} INFO - Sync 1 DAGs
[2025-03-26T17:17:53.295+0000] {logging_mixin.py:190} INFO - [2025-03-26T17:17:53.295+0000] {dag.py:4180} INFO - Setting next_dagrun for example_dynamic_task_mapping to None, run_after=None
[2025-03-26T17:17:53.314+0000] {processor.py:208} INFO - Processing /home/ubuntu/customer_churn_youtube_venv/lib/python3.12/site-packages/airflow/example_dags/example_dynamic_task_mapping.py took 0.064 seconds
[2025-03-26T17:19:11.713+0000] {processor.py:186} INFO - Started process (PID=6623) to work on /home/ubuntu/customer_churn_youtube_venv/lib/python3.12/site-packages/airflow/example_dags/example_dynamic_task_mapping.py
[2025-03-26T17:19:11.714+0000] {processor.py:914} INFO - Processing file /home/ubuntu/customer_churn_youtube_venv/lib/python3.12/site-packages/airflow/example_dags/example_dynamic_task_mapping.py for tasks to queue
[2025-03-26T17:19:11.716+0000] {logging_mixin.py:190} INFO - [2025-03-26T17:19:11.715+0000] {dagbag.py:588} INFO - Filling up the DagBag from /home/ubuntu/customer_churn_youtube_venv/lib/python3.12/site-packages/airflow/example_dags/example_dynamic_task_mapping.py
[2025-03-26T17:19:11.725+0000] {processor.py:925} INFO - DAG(s) 'example_dynamic_task_mapping' retrieved from /home/ubuntu/customer_churn_youtube_venv/lib/python3.12/site-packages/airflow/example_dags/example_dynamic_task_mapping.py
[2025-03-26T17:19:11.739+0000] {logging_mixin.py:190} INFO - [2025-03-26T17:19:11.739+0000] {dag.py:3239} INFO - Sync 1 DAGs
[2025-03-26T17:19:11.751+0000] {logging_mixin.py:190} INFO - [2025-03-26T17:19:11.750+0000] {dag.py:4180} INFO - Setting next_dagrun for example_dynamic_task_mapping to None, run_after=None
[2025-03-26T17:19:11.884+0000] {processor.py:208} INFO - Processing /home/ubuntu/customer_churn_youtube_venv/lib/python3.12/site-packages/airflow/example_dags/example_dynamic_task_mapping.py took 0.176 seconds
[2025-03-26T17:20:11.344+0000] {processor.py:186} INFO - Started process (PID=6685) to work on /home/ubuntu/customer_churn_youtube_venv/lib/python3.12/site-packages/airflow/example_dags/example_dynamic_task_mapping.py
[2025-03-26T17:20:11.346+0000] {processor.py:914} INFO - Processing file /home/ubuntu/customer_churn_youtube_venv/lib/python3.12/site-packages/airflow/example_dags/example_dynamic_task_mapping.py for tasks to queue
[2025-03-26T17:20:11.348+0000] {logging_mixin.py:190} INFO - [2025-03-26T17:20:11.348+0000] {dagbag.py:588} INFO - Filling up the DagBag from /home/ubuntu/customer_churn_youtube_venv/lib/python3.12/site-packages/airflow/example_dags/example_dynamic_task_mapping.py
[2025-03-26T17:20:11.356+0000] {processor.py:925} INFO - DAG(s) 'example_dynamic_task_mapping' retrieved from /home/ubuntu/customer_churn_youtube_venv/lib/python3.12/site-packages/airflow/example_dags/example_dynamic_task_mapping.py
[2025-03-26T17:20:11.370+0000] {logging_mixin.py:190} INFO - [2025-03-26T17:20:11.370+0000] {dag.py:3239} INFO - Sync 1 DAGs
[2025-03-26T17:20:11.382+0000] {logging_mixin.py:190} INFO - [2025-03-26T17:20:11.382+0000] {dag.py:4180} INFO - Setting next_dagrun for example_dynamic_task_mapping to None, run_after=None
[2025-03-26T17:20:11.403+0000] {processor.py:208} INFO - Processing /home/ubuntu/customer_churn_youtube_venv/lib/python3.12/site-packages/airflow/example_dags/example_dynamic_task_mapping.py took 0.064 seconds
[2025-03-26T17:21:07.212+0000] {processor.py:186} INFO - Started process (PID=6742) to work on /home/ubuntu/customer_churn_youtube_venv/lib/python3.12/site-packages/airflow/example_dags/example_dynamic_task_mapping.py
[2025-03-26T17:21:07.214+0000] {processor.py:914} INFO - Processing file /home/ubuntu/customer_churn_youtube_venv/lib/python3.12/site-packages/airflow/example_dags/example_dynamic_task_mapping.py for tasks to queue
[2025-03-26T17:21:07.216+0000] {logging_mixin.py:190} INFO - [2025-03-26T17:21:07.216+0000] {dagbag.py:588} INFO - Filling up the DagBag from /home/ubuntu/customer_churn_youtube_venv/lib/python3.12/site-packages/airflow/example_dags/example_dynamic_task_mapping.py
[2025-03-26T17:21:07.224+0000] {processor.py:925} INFO - DAG(s) 'example_dynamic_task_mapping' retrieved from /home/ubuntu/customer_churn_youtube_venv/lib/python3.12/site-packages/airflow/example_dags/example_dynamic_task_mapping.py
[2025-03-26T17:21:07.239+0000] {logging_mixin.py:190} INFO - [2025-03-26T17:21:07.239+0000] {dag.py:3239} INFO - Sync 1 DAGs
[2025-03-26T17:21:07.251+0000] {logging_mixin.py:190} INFO - [2025-03-26T17:21:07.251+0000] {dag.py:4180} INFO - Setting next_dagrun for example_dynamic_task_mapping to None, run_after=None
[2025-03-26T17:21:07.275+0000] {processor.py:208} INFO - Processing /home/ubuntu/customer_churn_youtube_venv/lib/python3.12/site-packages/airflow/example_dags/example_dynamic_task_mapping.py took 0.068 seconds
[2025-03-26T17:22:01.409+0000] {processor.py:186} INFO - Started process (PID=6796) to work on /home/ubuntu/customer_churn_youtube_venv/lib/python3.12/site-packages/airflow/example_dags/example_dynamic_task_mapping.py
[2025-03-26T17:22:01.412+0000] {processor.py:914} INFO - Processing file /home/ubuntu/customer_churn_youtube_venv/lib/python3.12/site-packages/airflow/example_dags/example_dynamic_task_mapping.py for tasks to queue
[2025-03-26T17:22:01.413+0000] {logging_mixin.py:190} INFO - [2025-03-26T17:22:01.413+0000] {dagbag.py:588} INFO - Filling up the DagBag from /home/ubuntu/customer_churn_youtube_venv/lib/python3.12/site-packages/airflow/example_dags/example_dynamic_task_mapping.py
[2025-03-26T17:22:01.424+0000] {processor.py:925} INFO - DAG(s) 'example_dynamic_task_mapping' retrieved from /home/ubuntu/customer_churn_youtube_venv/lib/python3.12/site-packages/airflow/example_dags/example_dynamic_task_mapping.py
[2025-03-26T17:22:01.440+0000] {logging_mixin.py:190} INFO - [2025-03-26T17:22:01.440+0000] {dag.py:3239} INFO - Sync 1 DAGs
[2025-03-26T17:22:01.454+0000] {logging_mixin.py:190} INFO - [2025-03-26T17:22:01.453+0000] {dag.py:4180} INFO - Setting next_dagrun for example_dynamic_task_mapping to None, run_after=None
[2025-03-26T17:22:01.478+0000] {processor.py:208} INFO - Processing /home/ubuntu/customer_churn_youtube_venv/lib/python3.12/site-packages/airflow/example_dags/example_dynamic_task_mapping.py took 0.075 seconds
[2025-03-26T17:23:16.631+0000] {processor.py:186} INFO - Started process (PID=6874) to work on /home/ubuntu/customer_churn_youtube_venv/lib/python3.12/site-packages/airflow/example_dags/example_dynamic_task_mapping.py
[2025-03-26T17:23:16.633+0000] {processor.py:914} INFO - Processing file /home/ubuntu/customer_churn_youtube_venv/lib/python3.12/site-packages/airflow/example_dags/example_dynamic_task_mapping.py for tasks to queue
[2025-03-26T17:23:16.635+0000] {logging_mixin.py:190} INFO - [2025-03-26T17:23:16.635+0000] {dagbag.py:588} INFO - Filling up the DagBag from /home/ubuntu/customer_churn_youtube_venv/lib/python3.12/site-packages/airflow/example_dags/example_dynamic_task_mapping.py
[2025-03-26T17:23:16.644+0000] {processor.py:925} INFO - DAG(s) 'example_dynamic_task_mapping' retrieved from /home/ubuntu/customer_churn_youtube_venv/lib/python3.12/site-packages/airflow/example_dags/example_dynamic_task_mapping.py
[2025-03-26T17:23:16.660+0000] {logging_mixin.py:190} INFO - [2025-03-26T17:23:16.660+0000] {dag.py:3239} INFO - Sync 1 DAGs
[2025-03-26T17:23:16.671+0000] {logging_mixin.py:190} INFO - [2025-03-26T17:23:16.671+0000] {dag.py:4180} INFO - Setting next_dagrun for example_dynamic_task_mapping to None, run_after=None
[2025-03-26T17:23:16.692+0000] {processor.py:208} INFO - Processing /home/ubuntu/customer_churn_youtube_venv/lib/python3.12/site-packages/airflow/example_dags/example_dynamic_task_mapping.py took 0.067 seconds
[2025-03-26T17:24:09.459+0000] {processor.py:186} INFO - Started process (PID=6928) to work on /home/ubuntu/customer_churn_youtube_venv/lib/python3.12/site-packages/airflow/example_dags/example_dynamic_task_mapping.py
[2025-03-26T17:24:09.460+0000] {processor.py:914} INFO - Processing file /home/ubuntu/customer_churn_youtube_venv/lib/python3.12/site-packages/airflow/example_dags/example_dynamic_task_mapping.py for tasks to queue
[2025-03-26T17:24:09.463+0000] {logging_mixin.py:190} INFO - [2025-03-26T17:24:09.462+0000] {dagbag.py:588} INFO - Filling up the DagBag from /home/ubuntu/customer_churn_youtube_venv/lib/python3.12/site-packages/airflow/example_dags/example_dynamic_task_mapping.py
[2025-03-26T17:24:09.471+0000] {processor.py:925} INFO - DAG(s) 'example_dynamic_task_mapping' retrieved from /home/ubuntu/customer_churn_youtube_venv/lib/python3.12/site-packages/airflow/example_dags/example_dynamic_task_mapping.py
[2025-03-26T17:24:09.486+0000] {logging_mixin.py:190} INFO - [2025-03-26T17:24:09.486+0000] {dag.py:3239} INFO - Sync 1 DAGs
[2025-03-26T17:24:09.499+0000] {logging_mixin.py:190} INFO - [2025-03-26T17:24:09.499+0000] {dag.py:4180} INFO - Setting next_dagrun for example_dynamic_task_mapping to None, run_after=None
[2025-03-26T17:24:09.520+0000] {processor.py:208} INFO - Processing /home/ubuntu/customer_churn_youtube_venv/lib/python3.12/site-packages/airflow/example_dags/example_dynamic_task_mapping.py took 0.068 seconds
[2025-03-26T17:25:23.923+0000] {processor.py:186} INFO - Started process (PID=7010) to work on /home/ubuntu/customer_churn_youtube_venv/lib/python3.12/site-packages/airflow/example_dags/example_dynamic_task_mapping.py
[2025-03-26T17:25:23.925+0000] {processor.py:914} INFO - Processing file /home/ubuntu/customer_churn_youtube_venv/lib/python3.12/site-packages/airflow/example_dags/example_dynamic_task_mapping.py for tasks to queue
[2025-03-26T17:25:23.927+0000] {logging_mixin.py:190} INFO - [2025-03-26T17:25:23.927+0000] {dagbag.py:588} INFO - Filling up the DagBag from /home/ubuntu/customer_churn_youtube_venv/lib/python3.12/site-packages/airflow/example_dags/example_dynamic_task_mapping.py
[2025-03-26T17:25:23.936+0000] {processor.py:925} INFO - DAG(s) 'example_dynamic_task_mapping' retrieved from /home/ubuntu/customer_churn_youtube_venv/lib/python3.12/site-packages/airflow/example_dags/example_dynamic_task_mapping.py
[2025-03-26T17:25:23.951+0000] {logging_mixin.py:190} INFO - [2025-03-26T17:25:23.951+0000] {dag.py:3239} INFO - Sync 1 DAGs
[2025-03-26T17:25:23.964+0000] {logging_mixin.py:190} INFO - [2025-03-26T17:25:23.964+0000] {dag.py:4180} INFO - Setting next_dagrun for example_dynamic_task_mapping to None, run_after=None
[2025-03-26T17:25:23.985+0000] {processor.py:208} INFO - Processing /home/ubuntu/customer_churn_youtube_venv/lib/python3.12/site-packages/airflow/example_dags/example_dynamic_task_mapping.py took 0.068 seconds
[2025-03-26T17:26:37.701+0000] {processor.py:186} INFO - Started process (PID=7086) to work on /home/ubuntu/customer_churn_youtube_venv/lib/python3.12/site-packages/airflow/example_dags/example_dynamic_task_mapping.py
[2025-03-26T17:26:37.702+0000] {processor.py:914} INFO - Processing file /home/ubuntu/customer_churn_youtube_venv/lib/python3.12/site-packages/airflow/example_dags/example_dynamic_task_mapping.py for tasks to queue
[2025-03-26T17:26:37.704+0000] {logging_mixin.py:190} INFO - [2025-03-26T17:26:37.703+0000] {dagbag.py:588} INFO - Filling up the DagBag from /home/ubuntu/customer_churn_youtube_venv/lib/python3.12/site-packages/airflow/example_dags/example_dynamic_task_mapping.py
[2025-03-26T17:26:37.713+0000] {processor.py:925} INFO - DAG(s) 'example_dynamic_task_mapping' retrieved from /home/ubuntu/customer_churn_youtube_venv/lib/python3.12/site-packages/airflow/example_dags/example_dynamic_task_mapping.py
[2025-03-26T17:26:37.728+0000] {logging_mixin.py:190} INFO - [2025-03-26T17:26:37.728+0000] {dag.py:3239} INFO - Sync 1 DAGs
[2025-03-26T17:26:37.740+0000] {logging_mixin.py:190} INFO - [2025-03-26T17:26:37.740+0000] {dag.py:4180} INFO - Setting next_dagrun for example_dynamic_task_mapping to None, run_after=None
[2025-03-26T17:26:37.762+0000] {processor.py:208} INFO - Processing /home/ubuntu/customer_churn_youtube_venv/lib/python3.12/site-packages/airflow/example_dags/example_dynamic_task_mapping.py took 0.066 seconds
[2025-03-26T17:27:28.043+0000] {processor.py:186} INFO - Started process (PID=7139) to work on /home/ubuntu/customer_churn_youtube_venv/lib/python3.12/site-packages/airflow/example_dags/example_dynamic_task_mapping.py
[2025-03-26T17:27:28.046+0000] {processor.py:914} INFO - Processing file /home/ubuntu/customer_churn_youtube_venv/lib/python3.12/site-packages/airflow/example_dags/example_dynamic_task_mapping.py for tasks to queue
[2025-03-26T17:27:28.048+0000] {logging_mixin.py:190} INFO - [2025-03-26T17:27:28.048+0000] {dagbag.py:588} INFO - Filling up the DagBag from /home/ubuntu/customer_churn_youtube_venv/lib/python3.12/site-packages/airflow/example_dags/example_dynamic_task_mapping.py
[2025-03-26T17:27:28.057+0000] {processor.py:925} INFO - DAG(s) 'example_dynamic_task_mapping' retrieved from /home/ubuntu/customer_churn_youtube_venv/lib/python3.12/site-packages/airflow/example_dags/example_dynamic_task_mapping.py
[2025-03-26T17:27:28.071+0000] {logging_mixin.py:190} INFO - [2025-03-26T17:27:28.071+0000] {dag.py:3239} INFO - Sync 1 DAGs
[2025-03-26T17:27:28.083+0000] {logging_mixin.py:190} INFO - [2025-03-26T17:27:28.083+0000] {dag.py:4180} INFO - Setting next_dagrun for example_dynamic_task_mapping to None, run_after=None
[2025-03-26T17:27:28.107+0000] {processor.py:208} INFO - Processing /home/ubuntu/customer_churn_youtube_venv/lib/python3.12/site-packages/airflow/example_dags/example_dynamic_task_mapping.py took 0.069 seconds
[2025-03-26T17:28:20.884+0000] {processor.py:186} INFO - Started process (PID=7240) to work on /home/ubuntu/customer_churn_youtube_venv/lib/python3.12/site-packages/airflow/example_dags/example_dynamic_task_mapping.py
[2025-03-26T17:28:20.886+0000] {processor.py:914} INFO - Processing file /home/ubuntu/customer_churn_youtube_venv/lib/python3.12/site-packages/airflow/example_dags/example_dynamic_task_mapping.py for tasks to queue
[2025-03-26T17:28:20.887+0000] {logging_mixin.py:190} INFO - [2025-03-26T17:28:20.887+0000] {dagbag.py:588} INFO - Filling up the DagBag from /home/ubuntu/customer_churn_youtube_venv/lib/python3.12/site-packages/airflow/example_dags/example_dynamic_task_mapping.py
[2025-03-26T17:28:20.896+0000] {processor.py:925} INFO - DAG(s) 'example_dynamic_task_mapping' retrieved from /home/ubuntu/customer_churn_youtube_venv/lib/python3.12/site-packages/airflow/example_dags/example_dynamic_task_mapping.py
[2025-03-26T17:28:20.911+0000] {logging_mixin.py:190} INFO - [2025-03-26T17:28:20.911+0000] {dag.py:3239} INFO - Sync 1 DAGs
[2025-03-26T17:28:20.923+0000] {logging_mixin.py:190} INFO - [2025-03-26T17:28:20.923+0000] {dag.py:4180} INFO - Setting next_dagrun for example_dynamic_task_mapping to None, run_after=None
[2025-03-26T17:28:20.946+0000] {processor.py:208} INFO - Processing /home/ubuntu/customer_churn_youtube_venv/lib/python3.12/site-packages/airflow/example_dags/example_dynamic_task_mapping.py took 0.067 seconds
[2025-03-26T17:29:36.485+0000] {processor.py:186} INFO - Started process (PID=7318) to work on /home/ubuntu/customer_churn_youtube_venv/lib/python3.12/site-packages/airflow/example_dags/example_dynamic_task_mapping.py
[2025-03-26T17:29:36.487+0000] {processor.py:914} INFO - Processing file /home/ubuntu/customer_churn_youtube_venv/lib/python3.12/site-packages/airflow/example_dags/example_dynamic_task_mapping.py for tasks to queue
[2025-03-26T17:29:36.490+0000] {logging_mixin.py:190} INFO - [2025-03-26T17:29:36.489+0000] {dagbag.py:588} INFO - Filling up the DagBag from /home/ubuntu/customer_churn_youtube_venv/lib/python3.12/site-packages/airflow/example_dags/example_dynamic_task_mapping.py
[2025-03-26T17:29:36.498+0000] {processor.py:925} INFO - DAG(s) 'example_dynamic_task_mapping' retrieved from /home/ubuntu/customer_churn_youtube_venv/lib/python3.12/site-packages/airflow/example_dags/example_dynamic_task_mapping.py
[2025-03-26T17:29:36.513+0000] {logging_mixin.py:190} INFO - [2025-03-26T17:29:36.513+0000] {dag.py:3239} INFO - Sync 1 DAGs
[2025-03-26T17:29:36.526+0000] {logging_mixin.py:190} INFO - [2025-03-26T17:29:36.525+0000] {dag.py:4180} INFO - Setting next_dagrun for example_dynamic_task_mapping to None, run_after=None
[2025-03-26T17:29:36.548+0000] {processor.py:208} INFO - Processing /home/ubuntu/customer_churn_youtube_venv/lib/python3.12/site-packages/airflow/example_dags/example_dynamic_task_mapping.py took 0.068 seconds
[2025-03-26T17:30:26.077+0000] {processor.py:186} INFO - Started process (PID=7375) to work on /home/ubuntu/customer_churn_youtube_venv/lib/python3.12/site-packages/airflow/example_dags/example_dynamic_task_mapping.py
[2025-03-26T17:30:26.079+0000] {processor.py:914} INFO - Processing file /home/ubuntu/customer_churn_youtube_venv/lib/python3.12/site-packages/airflow/example_dags/example_dynamic_task_mapping.py for tasks to queue
[2025-03-26T17:30:26.081+0000] {logging_mixin.py:190} INFO - [2025-03-26T17:30:26.080+0000] {dagbag.py:588} INFO - Filling up the DagBag from /home/ubuntu/customer_churn_youtube_venv/lib/python3.12/site-packages/airflow/example_dags/example_dynamic_task_mapping.py
[2025-03-26T17:30:26.089+0000] {processor.py:925} INFO - DAG(s) 'example_dynamic_task_mapping' retrieved from /home/ubuntu/customer_churn_youtube_venv/lib/python3.12/site-packages/airflow/example_dags/example_dynamic_task_mapping.py
[2025-03-26T17:30:26.104+0000] {logging_mixin.py:190} INFO - [2025-03-26T17:30:26.104+0000] {dag.py:3239} INFO - Sync 1 DAGs
[2025-03-26T17:30:26.116+0000] {logging_mixin.py:190} INFO - [2025-03-26T17:30:26.116+0000] {dag.py:4180} INFO - Setting next_dagrun for example_dynamic_task_mapping to None, run_after=None
[2025-03-26T17:30:26.138+0000] {processor.py:208} INFO - Processing /home/ubuntu/customer_churn_youtube_venv/lib/python3.12/site-packages/airflow/example_dags/example_dynamic_task_mapping.py took 0.067 seconds
[2025-03-26T17:31:42.118+0000] {processor.py:186} INFO - Started process (PID=7453) to work on /home/ubuntu/customer_churn_youtube_venv/lib/python3.12/site-packages/airflow/example_dags/example_dynamic_task_mapping.py
[2025-03-26T17:31:42.120+0000] {processor.py:914} INFO - Processing file /home/ubuntu/customer_churn_youtube_venv/lib/python3.12/site-packages/airflow/example_dags/example_dynamic_task_mapping.py for tasks to queue
[2025-03-26T17:31:42.122+0000] {logging_mixin.py:190} INFO - [2025-03-26T17:31:42.121+0000] {dagbag.py:588} INFO - Filling up the DagBag from /home/ubuntu/customer_churn_youtube_venv/lib/python3.12/site-packages/airflow/example_dags/example_dynamic_task_mapping.py
[2025-03-26T17:31:42.130+0000] {processor.py:925} INFO - DAG(s) 'example_dynamic_task_mapping' retrieved from /home/ubuntu/customer_churn_youtube_venv/lib/python3.12/site-packages/airflow/example_dags/example_dynamic_task_mapping.py
[2025-03-26T17:31:42.145+0000] {logging_mixin.py:190} INFO - [2025-03-26T17:31:42.145+0000] {dag.py:3239} INFO - Sync 1 DAGs
[2025-03-26T17:31:42.157+0000] {logging_mixin.py:190} INFO - [2025-03-26T17:31:42.157+0000] {dag.py:4180} INFO - Setting next_dagrun for example_dynamic_task_mapping to None, run_after=None
[2025-03-26T17:31:42.177+0000] {processor.py:208} INFO - Processing /home/ubuntu/customer_churn_youtube_venv/lib/python3.12/site-packages/airflow/example_dags/example_dynamic_task_mapping.py took 0.064 seconds
[2025-03-26T17:33:00.237+0000] {processor.py:186} INFO - Started process (PID=7573) to work on /home/ubuntu/customer_churn_youtube_venv/lib/python3.12/site-packages/airflow/example_dags/example_dynamic_task_mapping.py
[2025-03-26T17:33:00.238+0000] {processor.py:914} INFO - Processing file /home/ubuntu/customer_churn_youtube_venv/lib/python3.12/site-packages/airflow/example_dags/example_dynamic_task_mapping.py for tasks to queue
[2025-03-26T17:33:00.241+0000] {logging_mixin.py:190} INFO - [2025-03-26T17:33:00.240+0000] {dagbag.py:588} INFO - Filling up the DagBag from /home/ubuntu/customer_churn_youtube_venv/lib/python3.12/site-packages/airflow/example_dags/example_dynamic_task_mapping.py
[2025-03-26T17:33:00.250+0000] {processor.py:925} INFO - DAG(s) 'example_dynamic_task_mapping' retrieved from /home/ubuntu/customer_churn_youtube_venv/lib/python3.12/site-packages/airflow/example_dags/example_dynamic_task_mapping.py
[2025-03-26T17:33:00.265+0000] {logging_mixin.py:190} INFO - [2025-03-26T17:33:00.265+0000] {dag.py:3239} INFO - Sync 1 DAGs
[2025-03-26T17:33:00.277+0000] {logging_mixin.py:190} INFO - [2025-03-26T17:33:00.277+0000] {dag.py:4180} INFO - Setting next_dagrun for example_dynamic_task_mapping to None, run_after=None
[2025-03-26T17:33:00.300+0000] {processor.py:208} INFO - Processing /home/ubuntu/customer_churn_youtube_venv/lib/python3.12/site-packages/airflow/example_dags/example_dynamic_task_mapping.py took 0.069 seconds
[2025-03-26T17:34:15.686+0000] {processor.py:186} INFO - Started process (PID=7651) to work on /home/ubuntu/customer_churn_youtube_venv/lib/python3.12/site-packages/airflow/example_dags/example_dynamic_task_mapping.py
[2025-03-26T17:34:15.688+0000] {processor.py:914} INFO - Processing file /home/ubuntu/customer_churn_youtube_venv/lib/python3.12/site-packages/airflow/example_dags/example_dynamic_task_mapping.py for tasks to queue
[2025-03-26T17:34:15.690+0000] {logging_mixin.py:190} INFO - [2025-03-26T17:34:15.690+0000] {dagbag.py:588} INFO - Filling up the DagBag from /home/ubuntu/customer_churn_youtube_venv/lib/python3.12/site-packages/airflow/example_dags/example_dynamic_task_mapping.py
[2025-03-26T17:34:15.698+0000] {processor.py:925} INFO - DAG(s) 'example_dynamic_task_mapping' retrieved from /home/ubuntu/customer_churn_youtube_venv/lib/python3.12/site-packages/airflow/example_dags/example_dynamic_task_mapping.py
[2025-03-26T17:34:15.714+0000] {logging_mixin.py:190} INFO - [2025-03-26T17:34:15.713+0000] {dag.py:3239} INFO - Sync 1 DAGs
[2025-03-26T17:34:15.726+0000] {logging_mixin.py:190} INFO - [2025-03-26T17:34:15.726+0000] {dag.py:4180} INFO - Setting next_dagrun for example_dynamic_task_mapping to None, run_after=None
[2025-03-26T17:34:15.746+0000] {processor.py:208} INFO - Processing /home/ubuntu/customer_churn_youtube_venv/lib/python3.12/site-packages/airflow/example_dags/example_dynamic_task_mapping.py took 0.065 seconds
[2025-03-26T17:35:07.562+0000] {processor.py:186} INFO - Started process (PID=7712) to work on /home/ubuntu/customer_churn_youtube_venv/lib/python3.12/site-packages/airflow/example_dags/example_dynamic_task_mapping.py
[2025-03-26T17:35:07.564+0000] {processor.py:914} INFO - Processing file /home/ubuntu/customer_churn_youtube_venv/lib/python3.12/site-packages/airflow/example_dags/example_dynamic_task_mapping.py for tasks to queue
[2025-03-26T17:35:07.566+0000] {logging_mixin.py:190} INFO - [2025-03-26T17:35:07.565+0000] {dagbag.py:588} INFO - Filling up the DagBag from /home/ubuntu/customer_churn_youtube_venv/lib/python3.12/site-packages/airflow/example_dags/example_dynamic_task_mapping.py
[2025-03-26T17:35:07.575+0000] {processor.py:925} INFO - DAG(s) 'example_dynamic_task_mapping' retrieved from /home/ubuntu/customer_churn_youtube_venv/lib/python3.12/site-packages/airflow/example_dags/example_dynamic_task_mapping.py
[2025-03-26T17:35:07.589+0000] {logging_mixin.py:190} INFO - [2025-03-26T17:35:07.589+0000] {dag.py:3239} INFO - Sync 1 DAGs
[2025-03-26T17:35:07.602+0000] {logging_mixin.py:190} INFO - [2025-03-26T17:35:07.601+0000] {dag.py:4180} INFO - Setting next_dagrun for example_dynamic_task_mapping to None, run_after=None
[2025-03-26T17:35:07.623+0000] {processor.py:208} INFO - Processing /home/ubuntu/customer_churn_youtube_venv/lib/python3.12/site-packages/airflow/example_dags/example_dynamic_task_mapping.py took 0.066 seconds
[2025-03-26T17:36:00.754+0000] {processor.py:186} INFO - Started process (PID=7766) to work on /home/ubuntu/customer_churn_youtube_venv/lib/python3.12/site-packages/airflow/example_dags/example_dynamic_task_mapping.py
[2025-03-26T17:36:00.756+0000] {processor.py:914} INFO - Processing file /home/ubuntu/customer_churn_youtube_venv/lib/python3.12/site-packages/airflow/example_dags/example_dynamic_task_mapping.py for tasks to queue
[2025-03-26T17:36:00.758+0000] {logging_mixin.py:190} INFO - [2025-03-26T17:36:00.757+0000] {dagbag.py:588} INFO - Filling up the DagBag from /home/ubuntu/customer_churn_youtube_venv/lib/python3.12/site-packages/airflow/example_dags/example_dynamic_task_mapping.py
[2025-03-26T17:36:00.767+0000] {processor.py:925} INFO - DAG(s) 'example_dynamic_task_mapping' retrieved from /home/ubuntu/customer_churn_youtube_venv/lib/python3.12/site-packages/airflow/example_dags/example_dynamic_task_mapping.py
[2025-03-26T17:36:00.782+0000] {logging_mixin.py:190} INFO - [2025-03-26T17:36:00.782+0000] {dag.py:3239} INFO - Sync 1 DAGs
[2025-03-26T17:36:00.794+0000] {logging_mixin.py:190} INFO - [2025-03-26T17:36:00.794+0000] {dag.py:4180} INFO - Setting next_dagrun for example_dynamic_task_mapping to None, run_after=None
[2025-03-26T17:36:00.818+0000] {processor.py:208} INFO - Processing /home/ubuntu/customer_churn_youtube_venv/lib/python3.12/site-packages/airflow/example_dags/example_dynamic_task_mapping.py took 0.070 seconds
[2025-03-26T17:36:54.325+0000] {processor.py:186} INFO - Started process (PID=7822) to work on /home/ubuntu/customer_churn_youtube_venv/lib/python3.12/site-packages/airflow/example_dags/example_dynamic_task_mapping.py
[2025-03-26T17:36:54.326+0000] {processor.py:914} INFO - Processing file /home/ubuntu/customer_churn_youtube_venv/lib/python3.12/site-packages/airflow/example_dags/example_dynamic_task_mapping.py for tasks to queue
[2025-03-26T17:36:54.328+0000] {logging_mixin.py:190} INFO - [2025-03-26T17:36:54.328+0000] {dagbag.py:588} INFO - Filling up the DagBag from /home/ubuntu/customer_churn_youtube_venv/lib/python3.12/site-packages/airflow/example_dags/example_dynamic_task_mapping.py
[2025-03-26T17:36:54.337+0000] {processor.py:925} INFO - DAG(s) 'example_dynamic_task_mapping' retrieved from /home/ubuntu/customer_churn_youtube_venv/lib/python3.12/site-packages/airflow/example_dags/example_dynamic_task_mapping.py
[2025-03-26T17:36:54.352+0000] {logging_mixin.py:190} INFO - [2025-03-26T17:36:54.352+0000] {dag.py:3239} INFO - Sync 1 DAGs
[2025-03-26T17:36:54.364+0000] {logging_mixin.py:190} INFO - [2025-03-26T17:36:54.364+0000] {dag.py:4180} INFO - Setting next_dagrun for example_dynamic_task_mapping to None, run_after=None
[2025-03-26T17:36:54.384+0000] {processor.py:208} INFO - Processing /home/ubuntu/customer_churn_youtube_venv/lib/python3.12/site-packages/airflow/example_dags/example_dynamic_task_mapping.py took 0.064 seconds
