[2025-03-26T17:13:53.452+0000] {processor.py:186} INFO - Started process (PID=6294) to work on /home/ubuntu/customer_churn_youtube_venv/lib/python3.12/site-packages/airflow/example_dags/example_dag_decorator.py
[2025-03-26T17:13:53.452+0000] {processor.py:914} INFO - Processing file /home/ubuntu/customer_churn_youtube_venv/lib/python3.12/site-packages/airflow/example_dags/example_dag_decorator.py for tasks to queue
[2025-03-26T17:13:53.454+0000] {logging_mixin.py:190} INFO - [2025-03-26T17:13:53.454+0000] {dagbag.py:588} INFO - Filling up the DagBag from /home/ubuntu/customer_churn_youtube_venv/lib/python3.12/site-packages/airflow/example_dags/example_dag_decorator.py
[2025-03-26T17:13:53.492+0000] {processor.py:925} INFO - DAG(s) 'example_dag_decorator' retrieved from /home/ubuntu/customer_churn_youtube_venv/lib/python3.12/site-packages/airflow/example_dags/example_dag_decorator.py
[2025-03-26T17:13:53.594+0000] {logging_mixin.py:190} INFO - [2025-03-26T17:13:53.594+0000] {override.py:1930} INFO - Created Permission View: can edit on DAG:example_dag_decorator
[2025-03-26T17:13:53.607+0000] {logging_mixin.py:190} INFO - [2025-03-26T17:13:53.607+0000] {override.py:1930} INFO - Created Permission View: can read on DAG:example_dag_decorator
[2025-03-26T17:13:53.617+0000] {logging_mixin.py:190} INFO - [2025-03-26T17:13:53.617+0000] {override.py:1930} INFO - Created Permission View: can delete on DAG:example_dag_decorator
[2025-03-26T17:13:53.637+0000] {logging_mixin.py:190} INFO - [2025-03-26T17:13:53.637+0000] {override.py:1930} INFO - Created Permission View: menu access on DAG Run:example_dag_decorator
[2025-03-26T17:13:53.647+0000] {logging_mixin.py:190} INFO - [2025-03-26T17:13:53.647+0000] {override.py:1930} INFO - Created Permission View: can create on DAG Run:example_dag_decorator
[2025-03-26T17:13:53.657+0000] {logging_mixin.py:190} INFO - [2025-03-26T17:13:53.657+0000] {override.py:1930} INFO - Created Permission View: can delete on DAG Run:example_dag_decorator
[2025-03-26T17:13:53.668+0000] {logging_mixin.py:190} INFO - [2025-03-26T17:13:53.668+0000] {override.py:1930} INFO - Created Permission View: can read on DAG Run:example_dag_decorator
[2025-03-26T17:13:53.668+0000] {logging_mixin.py:190} INFO - [2025-03-26T17:13:53.668+0000] {dag.py:3239} INFO - Sync 1 DAGs
[2025-03-26T17:13:53.679+0000] {logging_mixin.py:190} INFO - [2025-03-26T17:13:53.679+0000] {dag.py:3262} INFO - Creating ORM DAG for example_dag_decorator
[2025-03-26T17:13:53.679+0000] {logging_mixin.py:190} INFO - [2025-03-26T17:13:53.679+0000] {dag.py:4180} INFO - Setting next_dagrun for example_dag_decorator to None, run_after=None
[2025-03-26T17:13:53.702+0000] {processor.py:208} INFO - Processing /home/ubuntu/customer_churn_youtube_venv/lib/python3.12/site-packages/airflow/example_dags/example_dag_decorator.py took 0.256 seconds
[2025-03-26T17:14:58.034+0000] {processor.py:186} INFO - Started process (PID=6355) to work on /home/ubuntu/customer_churn_youtube_venv/lib/python3.12/site-packages/airflow/example_dags/example_dag_decorator.py
[2025-03-26T17:14:58.037+0000] {processor.py:914} INFO - Processing file /home/ubuntu/customer_churn_youtube_venv/lib/python3.12/site-packages/airflow/example_dags/example_dag_decorator.py for tasks to queue
[2025-03-26T17:14:58.039+0000] {logging_mixin.py:190} INFO - [2025-03-26T17:14:58.038+0000] {dagbag.py:588} INFO - Filling up the DagBag from /home/ubuntu/customer_churn_youtube_venv/lib/python3.12/site-packages/airflow/example_dags/example_dag_decorator.py
[2025-03-26T17:14:58.077+0000] {processor.py:925} INFO - DAG(s) 'example_dag_decorator' retrieved from /home/ubuntu/customer_churn_youtube_venv/lib/python3.12/site-packages/airflow/example_dags/example_dag_decorator.py
[2025-03-26T17:14:58.170+0000] {logging_mixin.py:190} INFO - [2025-03-26T17:14:58.170+0000] {dag.py:3239} INFO - Sync 1 DAGs
[2025-03-26T17:14:58.181+0000] {logging_mixin.py:190} INFO - [2025-03-26T17:14:58.181+0000] {dag.py:4180} INFO - Setting next_dagrun for example_dag_decorator to None, run_after=None
[2025-03-26T17:14:58.203+0000] {processor.py:208} INFO - Processing /home/ubuntu/customer_churn_youtube_venv/lib/python3.12/site-packages/airflow/example_dags/example_dag_decorator.py took 0.174 seconds
[2025-03-26T17:15:54.098+0000] {processor.py:186} INFO - Started process (PID=6418) to work on /home/ubuntu/customer_churn_youtube_venv/lib/python3.12/site-packages/airflow/example_dags/example_dag_decorator.py
[2025-03-26T17:15:54.100+0000] {processor.py:914} INFO - Processing file /home/ubuntu/customer_churn_youtube_venv/lib/python3.12/site-packages/airflow/example_dags/example_dag_decorator.py for tasks to queue
[2025-03-26T17:15:54.102+0000] {logging_mixin.py:190} INFO - [2025-03-26T17:15:54.102+0000] {dagbag.py:588} INFO - Filling up the DagBag from /home/ubuntu/customer_churn_youtube_venv/lib/python3.12/site-packages/airflow/example_dags/example_dag_decorator.py
[2025-03-26T17:15:54.138+0000] {processor.py:925} INFO - DAG(s) 'example_dag_decorator' retrieved from /home/ubuntu/customer_churn_youtube_venv/lib/python3.12/site-packages/airflow/example_dags/example_dag_decorator.py
[2025-03-26T17:15:54.231+0000] {logging_mixin.py:190} INFO - [2025-03-26T17:15:54.231+0000] {dag.py:3239} INFO - Sync 1 DAGs
[2025-03-26T17:15:54.240+0000] {logging_mixin.py:190} INFO - [2025-03-26T17:15:54.240+0000] {dag.py:4180} INFO - Setting next_dagrun for example_dag_decorator to None, run_after=None
[2025-03-26T17:15:54.262+0000] {processor.py:208} INFO - Processing /home/ubuntu/customer_churn_youtube_venv/lib/python3.12/site-packages/airflow/example_dags/example_dag_decorator.py took 0.169 seconds
[2025-03-26T17:16:52.496+0000] {processor.py:186} INFO - Started process (PID=6475) to work on /home/ubuntu/customer_churn_youtube_venv/lib/python3.12/site-packages/airflow/example_dags/example_dag_decorator.py
[2025-03-26T17:16:52.497+0000] {processor.py:914} INFO - Processing file /home/ubuntu/customer_churn_youtube_venv/lib/python3.12/site-packages/airflow/example_dags/example_dag_decorator.py for tasks to queue
[2025-03-26T17:16:52.499+0000] {logging_mixin.py:190} INFO - [2025-03-26T17:16:52.499+0000] {dagbag.py:588} INFO - Filling up the DagBag from /home/ubuntu/customer_churn_youtube_venv/lib/python3.12/site-packages/airflow/example_dags/example_dag_decorator.py
[2025-03-26T17:16:52.536+0000] {processor.py:925} INFO - DAG(s) 'example_dag_decorator' retrieved from /home/ubuntu/customer_churn_youtube_venv/lib/python3.12/site-packages/airflow/example_dags/example_dag_decorator.py
[2025-03-26T17:16:52.626+0000] {logging_mixin.py:190} INFO - [2025-03-26T17:16:52.626+0000] {dag.py:3239} INFO - Sync 1 DAGs
[2025-03-26T17:16:52.635+0000] {logging_mixin.py:190} INFO - [2025-03-26T17:16:52.635+0000] {dag.py:4180} INFO - Setting next_dagrun for example_dag_decorator to None, run_after=None
[2025-03-26T17:16:52.657+0000] {processor.py:208} INFO - Processing /home/ubuntu/customer_churn_youtube_venv/lib/python3.12/site-packages/airflow/example_dags/example_dag_decorator.py took 0.166 seconds
[2025-03-26T17:17:47.471+0000] {processor.py:186} INFO - Started process (PID=6537) to work on /home/ubuntu/customer_churn_youtube_venv/lib/python3.12/site-packages/airflow/example_dags/example_dag_decorator.py
[2025-03-26T17:17:47.472+0000] {processor.py:914} INFO - Processing file /home/ubuntu/customer_churn_youtube_venv/lib/python3.12/site-packages/airflow/example_dags/example_dag_decorator.py for tasks to queue
[2025-03-26T17:17:47.474+0000] {logging_mixin.py:190} INFO - [2025-03-26T17:17:47.474+0000] {dagbag.py:588} INFO - Filling up the DagBag from /home/ubuntu/customer_churn_youtube_venv/lib/python3.12/site-packages/airflow/example_dags/example_dag_decorator.py
[2025-03-26T17:17:47.511+0000] {processor.py:925} INFO - DAG(s) 'example_dag_decorator' retrieved from /home/ubuntu/customer_churn_youtube_venv/lib/python3.12/site-packages/airflow/example_dags/example_dag_decorator.py
[2025-03-26T17:17:47.722+0000] {logging_mixin.py:190} INFO - [2025-03-26T17:17:47.722+0000] {dag.py:3239} INFO - Sync 1 DAGs
[2025-03-26T17:17:47.731+0000] {logging_mixin.py:190} INFO - [2025-03-26T17:17:47.730+0000] {dag.py:4180} INFO - Setting next_dagrun for example_dag_decorator to None, run_after=None
[2025-03-26T17:17:47.751+0000] {processor.py:208} INFO - Processing /home/ubuntu/customer_churn_youtube_venv/lib/python3.12/site-packages/airflow/example_dags/example_dag_decorator.py took 0.286 seconds
[2025-03-26T17:18:37.537+0000] {processor.py:186} INFO - Started process (PID=6589) to work on /home/ubuntu/customer_churn_youtube_venv/lib/python3.12/site-packages/airflow/example_dags/example_dag_decorator.py
[2025-03-26T17:18:37.538+0000] {processor.py:914} INFO - Processing file /home/ubuntu/customer_churn_youtube_venv/lib/python3.12/site-packages/airflow/example_dags/example_dag_decorator.py for tasks to queue
[2025-03-26T17:18:37.540+0000] {logging_mixin.py:190} INFO - [2025-03-26T17:18:37.540+0000] {dagbag.py:588} INFO - Filling up the DagBag from /home/ubuntu/customer_churn_youtube_venv/lib/python3.12/site-packages/airflow/example_dags/example_dag_decorator.py
[2025-03-26T17:18:37.577+0000] {processor.py:925} INFO - DAG(s) 'example_dag_decorator' retrieved from /home/ubuntu/customer_churn_youtube_venv/lib/python3.12/site-packages/airflow/example_dags/example_dag_decorator.py
[2025-03-26T17:18:37.778+0000] {logging_mixin.py:190} INFO - [2025-03-26T17:18:37.778+0000] {dag.py:3239} INFO - Sync 1 DAGs
[2025-03-26T17:18:37.785+0000] {logging_mixin.py:190} INFO - [2025-03-26T17:18:37.785+0000] {dag.py:4180} INFO - Setting next_dagrun for example_dag_decorator to None, run_after=None
[2025-03-26T17:18:37.805+0000] {processor.py:208} INFO - Processing /home/ubuntu/customer_churn_youtube_venv/lib/python3.12/site-packages/airflow/example_dags/example_dag_decorator.py took 0.274 seconds
[2025-03-26T17:19:34.566+0000] {processor.py:186} INFO - Started process (PID=6643) to work on /home/ubuntu/customer_churn_youtube_venv/lib/python3.12/site-packages/airflow/example_dags/example_dag_decorator.py
[2025-03-26T17:19:34.568+0000] {processor.py:914} INFO - Processing file /home/ubuntu/customer_churn_youtube_venv/lib/python3.12/site-packages/airflow/example_dags/example_dag_decorator.py for tasks to queue
[2025-03-26T17:19:34.570+0000] {logging_mixin.py:190} INFO - [2025-03-26T17:19:34.570+0000] {dagbag.py:588} INFO - Filling up the DagBag from /home/ubuntu/customer_churn_youtube_venv/lib/python3.12/site-packages/airflow/example_dags/example_dag_decorator.py
[2025-03-26T17:19:34.728+0000] {processor.py:925} INFO - DAG(s) 'example_dag_decorator' retrieved from /home/ubuntu/customer_churn_youtube_venv/lib/python3.12/site-packages/airflow/example_dags/example_dag_decorator.py
[2025-03-26T17:19:34.814+0000] {logging_mixin.py:190} INFO - [2025-03-26T17:19:34.814+0000] {dag.py:3239} INFO - Sync 1 DAGs
[2025-03-26T17:19:34.824+0000] {logging_mixin.py:190} INFO - [2025-03-26T17:19:34.823+0000] {dag.py:4180} INFO - Setting next_dagrun for example_dag_decorator to None, run_after=None
[2025-03-26T17:19:34.844+0000] {processor.py:208} INFO - Processing /home/ubuntu/customer_churn_youtube_venv/lib/python3.12/site-packages/airflow/example_dags/example_dag_decorator.py took 0.282 seconds
[2025-03-26T17:20:33.998+0000] {processor.py:186} INFO - Started process (PID=6707) to work on /home/ubuntu/customer_churn_youtube_venv/lib/python3.12/site-packages/airflow/example_dags/example_dag_decorator.py
[2025-03-26T17:20:33.999+0000] {processor.py:914} INFO - Processing file /home/ubuntu/customer_churn_youtube_venv/lib/python3.12/site-packages/airflow/example_dags/example_dag_decorator.py for tasks to queue
[2025-03-26T17:20:34.002+0000] {logging_mixin.py:190} INFO - [2025-03-26T17:20:34.002+0000] {dagbag.py:588} INFO - Filling up the DagBag from /home/ubuntu/customer_churn_youtube_venv/lib/python3.12/site-packages/airflow/example_dags/example_dag_decorator.py
[2025-03-26T17:20:34.042+0000] {processor.py:925} INFO - DAG(s) 'example_dag_decorator' retrieved from /home/ubuntu/customer_churn_youtube_venv/lib/python3.12/site-packages/airflow/example_dags/example_dag_decorator.py
[2025-03-26T17:20:34.136+0000] {logging_mixin.py:190} INFO - [2025-03-26T17:20:34.134+0000] {dag.py:3239} INFO - Sync 1 DAGs
[2025-03-26T17:20:34.146+0000] {logging_mixin.py:190} INFO - [2025-03-26T17:20:34.146+0000] {dag.py:4180} INFO - Setting next_dagrun for example_dag_decorator to None, run_after=None
[2025-03-26T17:20:34.168+0000] {processor.py:208} INFO - Processing /home/ubuntu/customer_churn_youtube_venv/lib/python3.12/site-packages/airflow/example_dags/example_dag_decorator.py took 0.176 seconds
[2025-03-26T17:21:26.756+0000] {processor.py:186} INFO - Started process (PID=6762) to work on /home/ubuntu/customer_churn_youtube_venv/lib/python3.12/site-packages/airflow/example_dags/example_dag_decorator.py
[2025-03-26T17:21:26.758+0000] {processor.py:914} INFO - Processing file /home/ubuntu/customer_churn_youtube_venv/lib/python3.12/site-packages/airflow/example_dags/example_dag_decorator.py for tasks to queue
[2025-03-26T17:21:26.761+0000] {logging_mixin.py:190} INFO - [2025-03-26T17:21:26.760+0000] {dagbag.py:588} INFO - Filling up the DagBag from /home/ubuntu/customer_churn_youtube_venv/lib/python3.12/site-packages/airflow/example_dags/example_dag_decorator.py
[2025-03-26T17:21:26.800+0000] {processor.py:925} INFO - DAG(s) 'example_dag_decorator' retrieved from /home/ubuntu/customer_churn_youtube_venv/lib/python3.12/site-packages/airflow/example_dags/example_dag_decorator.py
[2025-03-26T17:21:26.893+0000] {logging_mixin.py:190} INFO - [2025-03-26T17:21:26.893+0000] {dag.py:3239} INFO - Sync 1 DAGs
[2025-03-26T17:21:26.902+0000] {logging_mixin.py:190} INFO - [2025-03-26T17:21:26.902+0000] {dag.py:4180} INFO - Setting next_dagrun for example_dag_decorator to None, run_after=None
[2025-03-26T17:21:26.925+0000] {processor.py:208} INFO - Processing /home/ubuntu/customer_churn_youtube_venv/lib/python3.12/site-packages/airflow/example_dags/example_dag_decorator.py took 0.174 seconds
[2025-03-26T17:22:18.578+0000] {processor.py:186} INFO - Started process (PID=6816) to work on /home/ubuntu/customer_churn_youtube_venv/lib/python3.12/site-packages/airflow/example_dags/example_dag_decorator.py
[2025-03-26T17:22:18.580+0000] {processor.py:914} INFO - Processing file /home/ubuntu/customer_churn_youtube_venv/lib/python3.12/site-packages/airflow/example_dags/example_dag_decorator.py for tasks to queue
[2025-03-26T17:22:18.581+0000] {logging_mixin.py:190} INFO - [2025-03-26T17:22:18.581+0000] {dagbag.py:588} INFO - Filling up the DagBag from /home/ubuntu/customer_churn_youtube_venv/lib/python3.12/site-packages/airflow/example_dags/example_dag_decorator.py
[2025-03-26T17:22:18.621+0000] {processor.py:925} INFO - DAG(s) 'example_dag_decorator' retrieved from /home/ubuntu/customer_churn_youtube_venv/lib/python3.12/site-packages/airflow/example_dags/example_dag_decorator.py
[2025-03-26T17:22:18.714+0000] {logging_mixin.py:190} INFO - [2025-03-26T17:22:18.713+0000] {dag.py:3239} INFO - Sync 1 DAGs
[2025-03-26T17:22:18.723+0000] {logging_mixin.py:190} INFO - [2025-03-26T17:22:18.723+0000] {dag.py:4180} INFO - Setting next_dagrun for example_dag_decorator to None, run_after=None
[2025-03-26T17:22:18.746+0000] {processor.py:208} INFO - Processing /home/ubuntu/customer_churn_youtube_venv/lib/python3.12/site-packages/airflow/example_dags/example_dag_decorator.py took 0.173 seconds
[2025-03-26T17:23:10.393+0000] {processor.py:186} INFO - Started process (PID=6868) to work on /home/ubuntu/customer_churn_youtube_venv/lib/python3.12/site-packages/airflow/example_dags/example_dag_decorator.py
[2025-03-26T17:23:10.394+0000] {processor.py:914} INFO - Processing file /home/ubuntu/customer_churn_youtube_venv/lib/python3.12/site-packages/airflow/example_dags/example_dag_decorator.py for tasks to queue
[2025-03-26T17:23:10.396+0000] {logging_mixin.py:190} INFO - [2025-03-26T17:23:10.396+0000] {dagbag.py:588} INFO - Filling up the DagBag from /home/ubuntu/customer_churn_youtube_venv/lib/python3.12/site-packages/airflow/example_dags/example_dag_decorator.py
[2025-03-26T17:23:10.434+0000] {processor.py:925} INFO - DAG(s) 'example_dag_decorator' retrieved from /home/ubuntu/customer_churn_youtube_venv/lib/python3.12/site-packages/airflow/example_dags/example_dag_decorator.py
[2025-03-26T17:23:10.529+0000] {logging_mixin.py:190} INFO - [2025-03-26T17:23:10.528+0000] {dag.py:3239} INFO - Sync 1 DAGs
[2025-03-26T17:23:10.538+0000] {logging_mixin.py:190} INFO - [2025-03-26T17:23:10.538+0000] {dag.py:4180} INFO - Setting next_dagrun for example_dag_decorator to None, run_after=None
[2025-03-26T17:23:10.559+0000] {processor.py:208} INFO - Processing /home/ubuntu/customer_churn_youtube_venv/lib/python3.12/site-packages/airflow/example_dags/example_dag_decorator.py took 0.172 seconds
[2025-03-26T17:24:03.354+0000] {processor.py:186} INFO - Started process (PID=6922) to work on /home/ubuntu/customer_churn_youtube_venv/lib/python3.12/site-packages/airflow/example_dags/example_dag_decorator.py
[2025-03-26T17:24:03.356+0000] {processor.py:914} INFO - Processing file /home/ubuntu/customer_churn_youtube_venv/lib/python3.12/site-packages/airflow/example_dags/example_dag_decorator.py for tasks to queue
[2025-03-26T17:24:03.357+0000] {logging_mixin.py:190} INFO - [2025-03-26T17:24:03.357+0000] {dagbag.py:588} INFO - Filling up the DagBag from /home/ubuntu/customer_churn_youtube_venv/lib/python3.12/site-packages/airflow/example_dags/example_dag_decorator.py
[2025-03-26T17:24:03.395+0000] {processor.py:925} INFO - DAG(s) 'example_dag_decorator' retrieved from /home/ubuntu/customer_churn_youtube_venv/lib/python3.12/site-packages/airflow/example_dags/example_dag_decorator.py
[2025-03-26T17:24:03.489+0000] {logging_mixin.py:190} INFO - [2025-03-26T17:24:03.489+0000] {dag.py:3239} INFO - Sync 1 DAGs
[2025-03-26T17:24:03.500+0000] {logging_mixin.py:190} INFO - [2025-03-26T17:24:03.500+0000] {dag.py:4180} INFO - Setting next_dagrun for example_dag_decorator to None, run_after=None
[2025-03-26T17:24:03.521+0000] {processor.py:208} INFO - Processing /home/ubuntu/customer_churn_youtube_venv/lib/python3.12/site-packages/airflow/example_dags/example_dag_decorator.py took 0.172 seconds
[2025-03-26T17:24:55.327+0000] {processor.py:186} INFO - Started process (PID=6975) to work on /home/ubuntu/customer_churn_youtube_venv/lib/python3.12/site-packages/airflow/example_dags/example_dag_decorator.py
[2025-03-26T17:24:55.329+0000] {processor.py:914} INFO - Processing file /home/ubuntu/customer_churn_youtube_venv/lib/python3.12/site-packages/airflow/example_dags/example_dag_decorator.py for tasks to queue
[2025-03-26T17:24:55.331+0000] {logging_mixin.py:190} INFO - [2025-03-26T17:24:55.330+0000] {dagbag.py:588} INFO - Filling up the DagBag from /home/ubuntu/customer_churn_youtube_venv/lib/python3.12/site-packages/airflow/example_dags/example_dag_decorator.py
[2025-03-26T17:24:55.369+0000] {processor.py:925} INFO - DAG(s) 'example_dag_decorator' retrieved from /home/ubuntu/customer_churn_youtube_venv/lib/python3.12/site-packages/airflow/example_dags/example_dag_decorator.py
[2025-03-26T17:24:55.386+0000] {logging_mixin.py:190} INFO - [2025-03-26T17:24:55.386+0000] {dag.py:3239} INFO - Sync 1 DAGs
[2025-03-26T17:24:55.398+0000] {logging_mixin.py:190} INFO - [2025-03-26T17:24:55.397+0000] {dag.py:4180} INFO - Setting next_dagrun for example_dag_decorator to None, run_after=None
[2025-03-26T17:24:55.419+0000] {processor.py:208} INFO - Processing /home/ubuntu/customer_churn_youtube_venv/lib/python3.12/site-packages/airflow/example_dags/example_dag_decorator.py took 0.098 seconds
[2025-03-26T17:25:46.112+0000] {processor.py:186} INFO - Started process (PID=7033) to work on /home/ubuntu/customer_churn_youtube_venv/lib/python3.12/site-packages/airflow/example_dags/example_dag_decorator.py
[2025-03-26T17:25:46.115+0000] {processor.py:914} INFO - Processing file /home/ubuntu/customer_churn_youtube_venv/lib/python3.12/site-packages/airflow/example_dags/example_dag_decorator.py for tasks to queue
[2025-03-26T17:25:46.116+0000] {logging_mixin.py:190} INFO - [2025-03-26T17:25:46.116+0000] {dagbag.py:588} INFO - Filling up the DagBag from /home/ubuntu/customer_churn_youtube_venv/lib/python3.12/site-packages/airflow/example_dags/example_dag_decorator.py
[2025-03-26T17:25:46.154+0000] {processor.py:925} INFO - DAG(s) 'example_dag_decorator' retrieved from /home/ubuntu/customer_churn_youtube_venv/lib/python3.12/site-packages/airflow/example_dags/example_dag_decorator.py
[2025-03-26T17:25:46.248+0000] {logging_mixin.py:190} INFO - [2025-03-26T17:25:46.247+0000] {dag.py:3239} INFO - Sync 1 DAGs
[2025-03-26T17:25:46.257+0000] {logging_mixin.py:190} INFO - [2025-03-26T17:25:46.257+0000] {dag.py:4180} INFO - Setting next_dagrun for example_dag_decorator to None, run_after=None
[2025-03-26T17:25:46.277+0000] {processor.py:208} INFO - Processing /home/ubuntu/customer_churn_youtube_venv/lib/python3.12/site-packages/airflow/example_dags/example_dag_decorator.py took 0.170 seconds
[2025-03-26T17:26:35.669+0000] {processor.py:186} INFO - Started process (PID=7084) to work on /home/ubuntu/customer_churn_youtube_venv/lib/python3.12/site-packages/airflow/example_dags/example_dag_decorator.py
[2025-03-26T17:26:35.670+0000] {processor.py:914} INFO - Processing file /home/ubuntu/customer_churn_youtube_venv/lib/python3.12/site-packages/airflow/example_dags/example_dag_decorator.py for tasks to queue
[2025-03-26T17:26:35.673+0000] {logging_mixin.py:190} INFO - [2025-03-26T17:26:35.672+0000] {dagbag.py:588} INFO - Filling up the DagBag from /home/ubuntu/customer_churn_youtube_venv/lib/python3.12/site-packages/airflow/example_dags/example_dag_decorator.py
[2025-03-26T17:26:35.711+0000] {processor.py:925} INFO - DAG(s) 'example_dag_decorator' retrieved from /home/ubuntu/customer_churn_youtube_venv/lib/python3.12/site-packages/airflow/example_dags/example_dag_decorator.py
[2025-03-26T17:26:35.805+0000] {logging_mixin.py:190} INFO - [2025-03-26T17:26:35.804+0000] {dag.py:3239} INFO - Sync 1 DAGs
[2025-03-26T17:26:35.814+0000] {logging_mixin.py:190} INFO - [2025-03-26T17:26:35.814+0000] {dag.py:4180} INFO - Setting next_dagrun for example_dag_decorator to None, run_after=None
[2025-03-26T17:26:35.836+0000] {processor.py:208} INFO - Processing /home/ubuntu/customer_churn_youtube_venv/lib/python3.12/site-packages/airflow/example_dags/example_dag_decorator.py took 0.173 seconds
[2025-03-26T17:27:26.418+0000] {processor.py:186} INFO - Started process (PID=7137) to work on /home/ubuntu/customer_churn_youtube_venv/lib/python3.12/site-packages/airflow/example_dags/example_dag_decorator.py
[2025-03-26T17:27:26.420+0000] {processor.py:914} INFO - Processing file /home/ubuntu/customer_churn_youtube_venv/lib/python3.12/site-packages/airflow/example_dags/example_dag_decorator.py for tasks to queue
[2025-03-26T17:27:26.422+0000] {logging_mixin.py:190} INFO - [2025-03-26T17:27:26.422+0000] {dagbag.py:588} INFO - Filling up the DagBag from /home/ubuntu/customer_churn_youtube_venv/lib/python3.12/site-packages/airflow/example_dags/example_dag_decorator.py
[2025-03-26T17:27:26.460+0000] {processor.py:925} INFO - DAG(s) 'example_dag_decorator' retrieved from /home/ubuntu/customer_churn_youtube_venv/lib/python3.12/site-packages/airflow/example_dags/example_dag_decorator.py
[2025-03-26T17:27:26.550+0000] {logging_mixin.py:190} INFO - [2025-03-26T17:27:26.550+0000] {dag.py:3239} INFO - Sync 1 DAGs
[2025-03-26T17:27:26.559+0000] {logging_mixin.py:190} INFO - [2025-03-26T17:27:26.559+0000] {dag.py:4180} INFO - Setting next_dagrun for example_dag_decorator to None, run_after=None
[2025-03-26T17:27:26.581+0000] {processor.py:208} INFO - Processing /home/ubuntu/customer_churn_youtube_venv/lib/python3.12/site-packages/airflow/example_dags/example_dag_decorator.py took 0.169 seconds
[2025-03-26T17:28:16.868+0000] {processor.py:186} INFO - Started process (PID=7235) to work on /home/ubuntu/customer_churn_youtube_venv/lib/python3.12/site-packages/airflow/example_dags/example_dag_decorator.py
[2025-03-26T17:28:16.871+0000] {processor.py:914} INFO - Processing file /home/ubuntu/customer_churn_youtube_venv/lib/python3.12/site-packages/airflow/example_dags/example_dag_decorator.py for tasks to queue
[2025-03-26T17:28:16.872+0000] {logging_mixin.py:190} INFO - [2025-03-26T17:28:16.872+0000] {dagbag.py:588} INFO - Filling up the DagBag from /home/ubuntu/customer_churn_youtube_venv/lib/python3.12/site-packages/airflow/example_dags/example_dag_decorator.py
[2025-03-26T17:28:16.911+0000] {processor.py:925} INFO - DAG(s) 'example_dag_decorator' retrieved from /home/ubuntu/customer_churn_youtube_venv/lib/python3.12/site-packages/airflow/example_dags/example_dag_decorator.py
[2025-03-26T17:28:17.008+0000] {logging_mixin.py:190} INFO - [2025-03-26T17:28:17.008+0000] {dag.py:3239} INFO - Sync 1 DAGs
[2025-03-26T17:28:17.018+0000] {logging_mixin.py:190} INFO - [2025-03-26T17:28:17.018+0000] {dag.py:4180} INFO - Setting next_dagrun for example_dag_decorator to None, run_after=None
[2025-03-26T17:28:17.040+0000] {processor.py:208} INFO - Processing /home/ubuntu/customer_churn_youtube_venv/lib/python3.12/site-packages/airflow/example_dags/example_dag_decorator.py took 0.176 seconds
[2025-03-26T17:29:06.696+0000] {processor.py:186} INFO - Started process (PID=7288) to work on /home/ubuntu/customer_churn_youtube_venv/lib/python3.12/site-packages/airflow/example_dags/example_dag_decorator.py
[2025-03-26T17:29:06.698+0000] {processor.py:914} INFO - Processing file /home/ubuntu/customer_churn_youtube_venv/lib/python3.12/site-packages/airflow/example_dags/example_dag_decorator.py for tasks to queue
[2025-03-26T17:29:06.700+0000] {logging_mixin.py:190} INFO - [2025-03-26T17:29:06.700+0000] {dagbag.py:588} INFO - Filling up the DagBag from /home/ubuntu/customer_churn_youtube_venv/lib/python3.12/site-packages/airflow/example_dags/example_dag_decorator.py
[2025-03-26T17:29:06.737+0000] {processor.py:925} INFO - DAG(s) 'example_dag_decorator' retrieved from /home/ubuntu/customer_churn_youtube_venv/lib/python3.12/site-packages/airflow/example_dags/example_dag_decorator.py
[2025-03-26T17:29:06.829+0000] {logging_mixin.py:190} INFO - [2025-03-26T17:29:06.828+0000] {dag.py:3239} INFO - Sync 1 DAGs
[2025-03-26T17:29:06.839+0000] {logging_mixin.py:190} INFO - [2025-03-26T17:29:06.839+0000] {dag.py:4180} INFO - Setting next_dagrun for example_dag_decorator to None, run_after=None
[2025-03-26T17:29:06.860+0000] {processor.py:208} INFO - Processing /home/ubuntu/customer_churn_youtube_venv/lib/python3.12/site-packages/airflow/example_dags/example_dag_decorator.py took 0.170 seconds
[2025-03-26T17:29:57.767+0000] {processor.py:186} INFO - Started process (PID=7341) to work on /home/ubuntu/customer_churn_youtube_venv/lib/python3.12/site-packages/airflow/example_dags/example_dag_decorator.py
[2025-03-26T17:29:57.769+0000] {processor.py:914} INFO - Processing file /home/ubuntu/customer_churn_youtube_venv/lib/python3.12/site-packages/airflow/example_dags/example_dag_decorator.py for tasks to queue
[2025-03-26T17:29:57.771+0000] {logging_mixin.py:190} INFO - [2025-03-26T17:29:57.771+0000] {dagbag.py:588} INFO - Filling up the DagBag from /home/ubuntu/customer_churn_youtube_venv/lib/python3.12/site-packages/airflow/example_dags/example_dag_decorator.py
[2025-03-26T17:29:57.809+0000] {processor.py:925} INFO - DAG(s) 'example_dag_decorator' retrieved from /home/ubuntu/customer_churn_youtube_venv/lib/python3.12/site-packages/airflow/example_dags/example_dag_decorator.py
[2025-03-26T17:29:57.902+0000] {logging_mixin.py:190} INFO - [2025-03-26T17:29:57.902+0000] {dag.py:3239} INFO - Sync 1 DAGs
[2025-03-26T17:29:57.912+0000] {logging_mixin.py:190} INFO - [2025-03-26T17:29:57.911+0000] {dag.py:4180} INFO - Setting next_dagrun for example_dag_decorator to None, run_after=None
[2025-03-26T17:29:57.933+0000] {processor.py:208} INFO - Processing /home/ubuntu/customer_churn_youtube_venv/lib/python3.12/site-packages/airflow/example_dags/example_dag_decorator.py took 0.171 seconds
[2025-03-26T17:30:47.752+0000] {processor.py:186} INFO - Started process (PID=7397) to work on /home/ubuntu/customer_churn_youtube_venv/lib/python3.12/site-packages/airflow/example_dags/example_dag_decorator.py
[2025-03-26T17:30:47.753+0000] {processor.py:914} INFO - Processing file /home/ubuntu/customer_churn_youtube_venv/lib/python3.12/site-packages/airflow/example_dags/example_dag_decorator.py for tasks to queue
[2025-03-26T17:30:47.755+0000] {logging_mixin.py:190} INFO - [2025-03-26T17:30:47.755+0000] {dagbag.py:588} INFO - Filling up the DagBag from /home/ubuntu/customer_churn_youtube_venv/lib/python3.12/site-packages/airflow/example_dags/example_dag_decorator.py
[2025-03-26T17:30:47.793+0000] {processor.py:925} INFO - DAG(s) 'example_dag_decorator' retrieved from /home/ubuntu/customer_churn_youtube_venv/lib/python3.12/site-packages/airflow/example_dags/example_dag_decorator.py
[2025-03-26T17:30:47.890+0000] {logging_mixin.py:190} INFO - [2025-03-26T17:30:47.890+0000] {dag.py:3239} INFO - Sync 1 DAGs
[2025-03-26T17:30:47.898+0000] {logging_mixin.py:190} INFO - [2025-03-26T17:30:47.898+0000] {dag.py:4180} INFO - Setting next_dagrun for example_dag_decorator to None, run_after=None
[2025-03-26T17:30:47.920+0000] {processor.py:208} INFO - Processing /home/ubuntu/customer_churn_youtube_venv/lib/python3.12/site-packages/airflow/example_dags/example_dag_decorator.py took 0.174 seconds
[2025-03-26T17:31:38.107+0000] {processor.py:186} INFO - Started process (PID=7449) to work on /home/ubuntu/customer_churn_youtube_venv/lib/python3.12/site-packages/airflow/example_dags/example_dag_decorator.py
[2025-03-26T17:31:38.109+0000] {processor.py:914} INFO - Processing file /home/ubuntu/customer_churn_youtube_venv/lib/python3.12/site-packages/airflow/example_dags/example_dag_decorator.py for tasks to queue
[2025-03-26T17:31:38.111+0000] {logging_mixin.py:190} INFO - [2025-03-26T17:31:38.110+0000] {dagbag.py:588} INFO - Filling up the DagBag from /home/ubuntu/customer_churn_youtube_venv/lib/python3.12/site-packages/airflow/example_dags/example_dag_decorator.py
[2025-03-26T17:31:38.149+0000] {processor.py:925} INFO - DAG(s) 'example_dag_decorator' retrieved from /home/ubuntu/customer_churn_youtube_venv/lib/python3.12/site-packages/airflow/example_dags/example_dag_decorator.py
[2025-03-26T17:31:38.240+0000] {logging_mixin.py:190} INFO - [2025-03-26T17:31:38.240+0000] {dag.py:3239} INFO - Sync 1 DAGs
[2025-03-26T17:31:38.251+0000] {logging_mixin.py:190} INFO - [2025-03-26T17:31:38.251+0000] {dag.py:4180} INFO - Setting next_dagrun for example_dag_decorator to None, run_after=None
[2025-03-26T17:31:38.273+0000] {processor.py:208} INFO - Processing /home/ubuntu/customer_churn_youtube_venv/lib/python3.12/site-packages/airflow/example_dags/example_dag_decorator.py took 0.171 seconds
[2025-03-26T17:32:29.751+0000] {processor.py:186} INFO - Started process (PID=7542) to work on /home/ubuntu/customer_churn_youtube_venv/lib/python3.12/site-packages/airflow/example_dags/example_dag_decorator.py
[2025-03-26T17:32:29.753+0000] {processor.py:914} INFO - Processing file /home/ubuntu/customer_churn_youtube_venv/lib/python3.12/site-packages/airflow/example_dags/example_dag_decorator.py for tasks to queue
[2025-03-26T17:32:29.754+0000] {logging_mixin.py:190} INFO - [2025-03-26T17:32:29.754+0000] {dagbag.py:588} INFO - Filling up the DagBag from /home/ubuntu/customer_churn_youtube_venv/lib/python3.12/site-packages/airflow/example_dags/example_dag_decorator.py
[2025-03-26T17:32:29.792+0000] {processor.py:925} INFO - DAG(s) 'example_dag_decorator' retrieved from /home/ubuntu/customer_churn_youtube_venv/lib/python3.12/site-packages/airflow/example_dags/example_dag_decorator.py
[2025-03-26T17:32:29.886+0000] {logging_mixin.py:190} INFO - [2025-03-26T17:32:29.886+0000] {dag.py:3239} INFO - Sync 1 DAGs
[2025-03-26T17:32:29.895+0000] {logging_mixin.py:190} INFO - [2025-03-26T17:32:29.895+0000] {dag.py:4180} INFO - Setting next_dagrun for example_dag_decorator to None, run_after=None
[2025-03-26T17:32:29.915+0000] {processor.py:208} INFO - Processing /home/ubuntu/customer_churn_youtube_venv/lib/python3.12/site-packages/airflow/example_dags/example_dag_decorator.py took 0.170 seconds
[2025-03-26T17:33:21.212+0000] {processor.py:186} INFO - Started process (PID=7596) to work on /home/ubuntu/customer_churn_youtube_venv/lib/python3.12/site-packages/airflow/example_dags/example_dag_decorator.py
[2025-03-26T17:33:21.214+0000] {processor.py:914} INFO - Processing file /home/ubuntu/customer_churn_youtube_venv/lib/python3.12/site-packages/airflow/example_dags/example_dag_decorator.py for tasks to queue
[2025-03-26T17:33:21.215+0000] {logging_mixin.py:190} INFO - [2025-03-26T17:33:21.215+0000] {dagbag.py:588} INFO - Filling up the DagBag from /home/ubuntu/customer_churn_youtube_venv/lib/python3.12/site-packages/airflow/example_dags/example_dag_decorator.py
[2025-03-26T17:33:21.255+0000] {processor.py:925} INFO - DAG(s) 'example_dag_decorator' retrieved from /home/ubuntu/customer_churn_youtube_venv/lib/python3.12/site-packages/airflow/example_dags/example_dag_decorator.py
[2025-03-26T17:33:21.273+0000] {logging_mixin.py:190} INFO - [2025-03-26T17:33:21.273+0000] {dag.py:3239} INFO - Sync 1 DAGs
[2025-03-26T17:33:21.284+0000] {logging_mixin.py:190} INFO - [2025-03-26T17:33:21.284+0000] {dag.py:4180} INFO - Setting next_dagrun for example_dag_decorator to None, run_after=None
[2025-03-26T17:33:21.305+0000] {processor.py:208} INFO - Processing /home/ubuntu/customer_churn_youtube_venv/lib/python3.12/site-packages/airflow/example_dags/example_dag_decorator.py took 0.099 seconds
[2025-03-26T17:34:12.012+0000] {processor.py:186} INFO - Started process (PID=7647) to work on /home/ubuntu/customer_churn_youtube_venv/lib/python3.12/site-packages/airflow/example_dags/example_dag_decorator.py
[2025-03-26T17:34:12.013+0000] {processor.py:914} INFO - Processing file /home/ubuntu/customer_churn_youtube_venv/lib/python3.12/site-packages/airflow/example_dags/example_dag_decorator.py for tasks to queue
[2025-03-26T17:34:12.015+0000] {logging_mixin.py:190} INFO - [2025-03-26T17:34:12.015+0000] {dagbag.py:588} INFO - Filling up the DagBag from /home/ubuntu/customer_churn_youtube_venv/lib/python3.12/site-packages/airflow/example_dags/example_dag_decorator.py
[2025-03-26T17:34:12.053+0000] {processor.py:925} INFO - DAG(s) 'example_dag_decorator' retrieved from /home/ubuntu/customer_churn_youtube_venv/lib/python3.12/site-packages/airflow/example_dags/example_dag_decorator.py
[2025-03-26T17:34:12.070+0000] {logging_mixin.py:190} INFO - [2025-03-26T17:34:12.070+0000] {dag.py:3239} INFO - Sync 1 DAGs
[2025-03-26T17:34:12.083+0000] {logging_mixin.py:190} INFO - [2025-03-26T17:34:12.082+0000] {dag.py:4180} INFO - Setting next_dagrun for example_dag_decorator to None, run_after=None
[2025-03-26T17:34:12.106+0000] {processor.py:208} INFO - Processing /home/ubuntu/customer_churn_youtube_venv/lib/python3.12/site-packages/airflow/example_dags/example_dag_decorator.py took 0.100 seconds
[2025-03-26T17:35:03.942+0000] {processor.py:186} INFO - Started process (PID=7708) to work on /home/ubuntu/customer_churn_youtube_venv/lib/python3.12/site-packages/airflow/example_dags/example_dag_decorator.py
[2025-03-26T17:35:03.943+0000] {processor.py:914} INFO - Processing file /home/ubuntu/customer_churn_youtube_venv/lib/python3.12/site-packages/airflow/example_dags/example_dag_decorator.py for tasks to queue
[2025-03-26T17:35:03.945+0000] {logging_mixin.py:190} INFO - [2025-03-26T17:35:03.945+0000] {dagbag.py:588} INFO - Filling up the DagBag from /home/ubuntu/customer_churn_youtube_venv/lib/python3.12/site-packages/airflow/example_dags/example_dag_decorator.py
[2025-03-26T17:35:03.986+0000] {processor.py:925} INFO - DAG(s) 'example_dag_decorator' retrieved from /home/ubuntu/customer_churn_youtube_venv/lib/python3.12/site-packages/airflow/example_dags/example_dag_decorator.py
[2025-03-26T17:35:04.080+0000] {logging_mixin.py:190} INFO - [2025-03-26T17:35:04.080+0000] {dag.py:3239} INFO - Sync 1 DAGs
[2025-03-26T17:35:04.089+0000] {logging_mixin.py:190} INFO - [2025-03-26T17:35:04.089+0000] {dag.py:4180} INFO - Setting next_dagrun for example_dag_decorator to None, run_after=None
[2025-03-26T17:35:04.110+0000] {processor.py:208} INFO - Processing /home/ubuntu/customer_churn_youtube_venv/lib/python3.12/site-packages/airflow/example_dags/example_dag_decorator.py took 0.174 seconds
[2025-03-26T17:35:57.016+0000] {processor.py:186} INFO - Started process (PID=7762) to work on /home/ubuntu/customer_churn_youtube_venv/lib/python3.12/site-packages/airflow/example_dags/example_dag_decorator.py
[2025-03-26T17:35:57.018+0000] {processor.py:914} INFO - Processing file /home/ubuntu/customer_churn_youtube_venv/lib/python3.12/site-packages/airflow/example_dags/example_dag_decorator.py for tasks to queue
[2025-03-26T17:35:57.020+0000] {logging_mixin.py:190} INFO - [2025-03-26T17:35:57.019+0000] {dagbag.py:588} INFO - Filling up the DagBag from /home/ubuntu/customer_churn_youtube_venv/lib/python3.12/site-packages/airflow/example_dags/example_dag_decorator.py
[2025-03-26T17:35:57.059+0000] {processor.py:925} INFO - DAG(s) 'example_dag_decorator' retrieved from /home/ubuntu/customer_churn_youtube_venv/lib/python3.12/site-packages/airflow/example_dags/example_dag_decorator.py
[2025-03-26T17:35:57.153+0000] {logging_mixin.py:190} INFO - [2025-03-26T17:35:57.153+0000] {dag.py:3239} INFO - Sync 1 DAGs
[2025-03-26T17:35:57.163+0000] {logging_mixin.py:190} INFO - [2025-03-26T17:35:57.163+0000] {dag.py:4180} INFO - Setting next_dagrun for example_dag_decorator to None, run_after=None
[2025-03-26T17:35:57.184+0000] {processor.py:208} INFO - Processing /home/ubuntu/customer_churn_youtube_venv/lib/python3.12/site-packages/airflow/example_dags/example_dag_decorator.py took 0.174 seconds
[2025-03-26T17:36:50.058+0000] {processor.py:186} INFO - Started process (PID=7818) to work on /home/ubuntu/customer_churn_youtube_venv/lib/python3.12/site-packages/airflow/example_dags/example_dag_decorator.py
[2025-03-26T17:36:50.059+0000] {processor.py:914} INFO - Processing file /home/ubuntu/customer_churn_youtube_venv/lib/python3.12/site-packages/airflow/example_dags/example_dag_decorator.py for tasks to queue
[2025-03-26T17:36:50.062+0000] {logging_mixin.py:190} INFO - [2025-03-26T17:36:50.061+0000] {dagbag.py:588} INFO - Filling up the DagBag from /home/ubuntu/customer_churn_youtube_venv/lib/python3.12/site-packages/airflow/example_dags/example_dag_decorator.py
[2025-03-26T17:36:50.100+0000] {processor.py:925} INFO - DAG(s) 'example_dag_decorator' retrieved from /home/ubuntu/customer_churn_youtube_venv/lib/python3.12/site-packages/airflow/example_dags/example_dag_decorator.py
[2025-03-26T17:36:50.120+0000] {logging_mixin.py:190} INFO - [2025-03-26T17:36:50.120+0000] {dag.py:3239} INFO - Sync 1 DAGs
[2025-03-26T17:36:50.133+0000] {logging_mixin.py:190} INFO - [2025-03-26T17:36:50.133+0000] {dag.py:4180} INFO - Setting next_dagrun for example_dag_decorator to None, run_after=None
[2025-03-26T17:36:50.155+0000] {processor.py:208} INFO - Processing /home/ubuntu/customer_churn_youtube_venv/lib/python3.12/site-packages/airflow/example_dags/example_dag_decorator.py took 0.104 seconds
