[2025-03-26T17:13:35.727+0000] {processor.py:186} INFO - Started process (PID=6281) to work on /home/ubuntu/customer_churn_youtube_venv/lib/python3.12/site-packages/airflow/example_dags/example_short_circuit_decorator.py
[2025-03-26T17:13:35.728+0000] {processor.py:914} INFO - Processing file /home/ubuntu/customer_churn_youtube_venv/lib/python3.12/site-packages/airflow/example_dags/example_short_circuit_decorator.py for tasks to queue
[2025-03-26T17:13:35.729+0000] {logging_mixin.py:190} INFO - [2025-03-26T17:13:35.729+0000] {dagbag.py:588} INFO - Filling up the DagBag from /home/ubuntu/customer_churn_youtube_venv/lib/python3.12/site-packages/airflow/example_dags/example_short_circuit_decorator.py
[2025-03-26T17:13:35.739+0000] {processor.py:925} INFO - DAG(s) 'example_short_circuit_decorator' retrieved from /home/ubuntu/customer_churn_youtube_venv/lib/python3.12/site-packages/airflow/example_dags/example_short_circuit_decorator.py
[2025-03-26T17:13:35.848+0000] {logging_mixin.py:190} INFO - [2025-03-26T17:13:35.848+0000] {override.py:1930} INFO - Created Permission View: can edit on DAG:example_short_circuit_decorator
[2025-03-26T17:13:35.862+0000] {logging_mixin.py:190} INFO - [2025-03-26T17:13:35.862+0000] {override.py:1930} INFO - Created Permission View: can read on DAG:example_short_circuit_decorator
[2025-03-26T17:13:35.872+0000] {logging_mixin.py:190} INFO - [2025-03-26T17:13:35.872+0000] {override.py:1930} INFO - Created Permission View: can delete on DAG:example_short_circuit_decorator
[2025-03-26T17:13:35.889+0000] {logging_mixin.py:190} INFO - [2025-03-26T17:13:35.888+0000] {override.py:1930} INFO - Created Permission View: menu access on DAG Run:example_short_circuit_decorator
[2025-03-26T17:13:35.899+0000] {logging_mixin.py:190} INFO - [2025-03-26T17:13:35.898+0000] {override.py:1930} INFO - Created Permission View: can create on DAG Run:example_short_circuit_decorator
[2025-03-26T17:13:35.910+0000] {logging_mixin.py:190} INFO - [2025-03-26T17:13:35.909+0000] {override.py:1930} INFO - Created Permission View: can delete on DAG Run:example_short_circuit_decorator
[2025-03-26T17:13:35.920+0000] {logging_mixin.py:190} INFO - [2025-03-26T17:13:35.920+0000] {override.py:1930} INFO - Created Permission View: can read on DAG Run:example_short_circuit_decorator
[2025-03-26T17:13:35.921+0000] {logging_mixin.py:190} INFO - [2025-03-26T17:13:35.921+0000] {dag.py:3239} INFO - Sync 1 DAGs
[2025-03-26T17:13:35.931+0000] {logging_mixin.py:190} INFO - [2025-03-26T17:13:35.931+0000] {dag.py:3262} INFO - Creating ORM DAG for example_short_circuit_decorator
[2025-03-26T17:13:35.931+0000] {logging_mixin.py:190} INFO - [2025-03-26T17:13:35.931+0000] {dag.py:4180} INFO - Setting next_dagrun for example_short_circuit_decorator to None, run_after=None
[2025-03-26T17:13:35.953+0000] {processor.py:208} INFO - Processing /home/ubuntu/customer_churn_youtube_venv/lib/python3.12/site-packages/airflow/example_dags/example_short_circuit_decorator.py took 0.231 seconds
[2025-03-26T17:14:41.821+0000] {processor.py:186} INFO - Started process (PID=6338) to work on /home/ubuntu/customer_churn_youtube_venv/lib/python3.12/site-packages/airflow/example_dags/example_short_circuit_decorator.py
[2025-03-26T17:14:41.823+0000] {processor.py:914} INFO - Processing file /home/ubuntu/customer_churn_youtube_venv/lib/python3.12/site-packages/airflow/example_dags/example_short_circuit_decorator.py for tasks to queue
[2025-03-26T17:14:41.825+0000] {logging_mixin.py:190} INFO - [2025-03-26T17:14:41.825+0000] {dagbag.py:588} INFO - Filling up the DagBag from /home/ubuntu/customer_churn_youtube_venv/lib/python3.12/site-packages/airflow/example_dags/example_short_circuit_decorator.py
[2025-03-26T17:14:41.834+0000] {processor.py:925} INFO - DAG(s) 'example_short_circuit_decorator' retrieved from /home/ubuntu/customer_churn_youtube_venv/lib/python3.12/site-packages/airflow/example_dags/example_short_circuit_decorator.py
[2025-03-26T17:14:41.853+0000] {logging_mixin.py:190} INFO - [2025-03-26T17:14:41.852+0000] {dag.py:3239} INFO - Sync 1 DAGs
[2025-03-26T17:14:41.864+0000] {logging_mixin.py:190} INFO - [2025-03-26T17:14:41.864+0000] {dag.py:4180} INFO - Setting next_dagrun for example_short_circuit_decorator to None, run_after=None
[2025-03-26T17:14:41.885+0000] {processor.py:208} INFO - Processing /home/ubuntu/customer_churn_youtube_venv/lib/python3.12/site-packages/airflow/example_dags/example_short_circuit_decorator.py took 0.070 seconds
[2025-03-26T17:15:37.319+0000] {processor.py:186} INFO - Started process (PID=6401) to work on /home/ubuntu/customer_churn_youtube_venv/lib/python3.12/site-packages/airflow/example_dags/example_short_circuit_decorator.py
[2025-03-26T17:15:37.320+0000] {processor.py:914} INFO - Processing file /home/ubuntu/customer_churn_youtube_venv/lib/python3.12/site-packages/airflow/example_dags/example_short_circuit_decorator.py for tasks to queue
[2025-03-26T17:15:37.322+0000] {logging_mixin.py:190} INFO - [2025-03-26T17:15:37.322+0000] {dagbag.py:588} INFO - Filling up the DagBag from /home/ubuntu/customer_churn_youtube_venv/lib/python3.12/site-packages/airflow/example_dags/example_short_circuit_decorator.py
[2025-03-26T17:15:37.333+0000] {processor.py:925} INFO - DAG(s) 'example_short_circuit_decorator' retrieved from /home/ubuntu/customer_churn_youtube_venv/lib/python3.12/site-packages/airflow/example_dags/example_short_circuit_decorator.py
[2025-03-26T17:15:37.351+0000] {logging_mixin.py:190} INFO - [2025-03-26T17:15:37.350+0000] {dag.py:3239} INFO - Sync 1 DAGs
[2025-03-26T17:15:37.362+0000] {logging_mixin.py:190} INFO - [2025-03-26T17:15:37.362+0000] {dag.py:4180} INFO - Setting next_dagrun for example_short_circuit_decorator to None, run_after=None
[2025-03-26T17:15:37.384+0000] {processor.py:208} INFO - Processing /home/ubuntu/customer_churn_youtube_venv/lib/python3.12/site-packages/airflow/example_dags/example_short_circuit_decorator.py took 0.070 seconds
[2025-03-26T17:16:38.053+0000] {processor.py:186} INFO - Started process (PID=6462) to work on /home/ubuntu/customer_churn_youtube_venv/lib/python3.12/site-packages/airflow/example_dags/example_short_circuit_decorator.py
[2025-03-26T17:16:38.055+0000] {processor.py:914} INFO - Processing file /home/ubuntu/customer_churn_youtube_venv/lib/python3.12/site-packages/airflow/example_dags/example_short_circuit_decorator.py for tasks to queue
[2025-03-26T17:16:38.057+0000] {logging_mixin.py:190} INFO - [2025-03-26T17:16:38.056+0000] {dagbag.py:588} INFO - Filling up the DagBag from /home/ubuntu/customer_churn_youtube_venv/lib/python3.12/site-packages/airflow/example_dags/example_short_circuit_decorator.py
[2025-03-26T17:16:38.067+0000] {processor.py:925} INFO - DAG(s) 'example_short_circuit_decorator' retrieved from /home/ubuntu/customer_churn_youtube_venv/lib/python3.12/site-packages/airflow/example_dags/example_short_circuit_decorator.py
[2025-03-26T17:16:38.083+0000] {logging_mixin.py:190} INFO - [2025-03-26T17:16:38.083+0000] {dag.py:3239} INFO - Sync 1 DAGs
[2025-03-26T17:16:38.094+0000] {logging_mixin.py:190} INFO - [2025-03-26T17:16:38.094+0000] {dag.py:4180} INFO - Setting next_dagrun for example_short_circuit_decorator to None, run_after=None
[2025-03-26T17:16:38.116+0000] {processor.py:208} INFO - Processing /home/ubuntu/customer_churn_youtube_venv/lib/python3.12/site-packages/airflow/example_dags/example_short_circuit_decorator.py took 0.068 seconds
[2025-03-26T17:17:33.894+0000] {processor.py:186} INFO - Started process (PID=6524) to work on /home/ubuntu/customer_churn_youtube_venv/lib/python3.12/site-packages/airflow/example_dags/example_short_circuit_decorator.py
[2025-03-26T17:17:33.895+0000] {processor.py:914} INFO - Processing file /home/ubuntu/customer_churn_youtube_venv/lib/python3.12/site-packages/airflow/example_dags/example_short_circuit_decorator.py for tasks to queue
[2025-03-26T17:17:33.897+0000] {logging_mixin.py:190} INFO - [2025-03-26T17:17:33.897+0000] {dagbag.py:588} INFO - Filling up the DagBag from /home/ubuntu/customer_churn_youtube_venv/lib/python3.12/site-packages/airflow/example_dags/example_short_circuit_decorator.py
[2025-03-26T17:17:33.907+0000] {processor.py:925} INFO - DAG(s) 'example_short_circuit_decorator' retrieved from /home/ubuntu/customer_churn_youtube_venv/lib/python3.12/site-packages/airflow/example_dags/example_short_circuit_decorator.py
[2025-03-26T17:17:33.925+0000] {logging_mixin.py:190} INFO - [2025-03-26T17:17:33.924+0000] {dag.py:3239} INFO - Sync 1 DAGs
[2025-03-26T17:17:33.936+0000] {logging_mixin.py:190} INFO - [2025-03-26T17:17:33.936+0000] {dag.py:4180} INFO - Setting next_dagrun for example_short_circuit_decorator to None, run_after=None
[2025-03-26T17:17:33.959+0000] {processor.py:208} INFO - Processing /home/ubuntu/customer_churn_youtube_venv/lib/python3.12/site-packages/airflow/example_dags/example_short_circuit_decorator.py took 0.070 seconds
[2025-03-26T17:18:25.811+0000] {processor.py:186} INFO - Started process (PID=6576) to work on /home/ubuntu/customer_churn_youtube_venv/lib/python3.12/site-packages/airflow/example_dags/example_short_circuit_decorator.py
[2025-03-26T17:18:25.813+0000] {processor.py:914} INFO - Processing file /home/ubuntu/customer_churn_youtube_venv/lib/python3.12/site-packages/airflow/example_dags/example_short_circuit_decorator.py for tasks to queue
[2025-03-26T17:18:25.814+0000] {logging_mixin.py:190} INFO - [2025-03-26T17:18:25.814+0000] {dagbag.py:588} INFO - Filling up the DagBag from /home/ubuntu/customer_churn_youtube_venv/lib/python3.12/site-packages/airflow/example_dags/example_short_circuit_decorator.py
[2025-03-26T17:18:25.824+0000] {processor.py:925} INFO - DAG(s) 'example_short_circuit_decorator' retrieved from /home/ubuntu/customer_churn_youtube_venv/lib/python3.12/site-packages/airflow/example_dags/example_short_circuit_decorator.py
[2025-03-26T17:18:25.842+0000] {logging_mixin.py:190} INFO - [2025-03-26T17:18:25.841+0000] {dag.py:3239} INFO - Sync 1 DAGs
[2025-03-26T17:18:25.853+0000] {logging_mixin.py:190} INFO - [2025-03-26T17:18:25.852+0000] {dag.py:4180} INFO - Setting next_dagrun for example_short_circuit_decorator to None, run_after=None
[2025-03-26T17:18:25.875+0000] {processor.py:208} INFO - Processing /home/ubuntu/customer_churn_youtube_venv/lib/python3.12/site-packages/airflow/example_dags/example_short_circuit_decorator.py took 0.070 seconds
[2025-03-26T17:19:19.081+0000] {processor.py:186} INFO - Started process (PID=6630) to work on /home/ubuntu/customer_churn_youtube_venv/lib/python3.12/site-packages/airflow/example_dags/example_short_circuit_decorator.py
[2025-03-26T17:19:19.083+0000] {processor.py:914} INFO - Processing file /home/ubuntu/customer_churn_youtube_venv/lib/python3.12/site-packages/airflow/example_dags/example_short_circuit_decorator.py for tasks to queue
[2025-03-26T17:19:19.085+0000] {logging_mixin.py:190} INFO - [2025-03-26T17:19:19.085+0000] {dagbag.py:588} INFO - Filling up the DagBag from /home/ubuntu/customer_churn_youtube_venv/lib/python3.12/site-packages/airflow/example_dags/example_short_circuit_decorator.py
[2025-03-26T17:19:19.096+0000] {processor.py:925} INFO - DAG(s) 'example_short_circuit_decorator' retrieved from /home/ubuntu/customer_churn_youtube_venv/lib/python3.12/site-packages/airflow/example_dags/example_short_circuit_decorator.py
[2025-03-26T17:19:19.113+0000] {logging_mixin.py:190} INFO - [2025-03-26T17:19:19.113+0000] {dag.py:3239} INFO - Sync 1 DAGs
[2025-03-26T17:19:19.238+0000] {logging_mixin.py:190} INFO - [2025-03-26T17:19:19.238+0000] {dag.py:4180} INFO - Setting next_dagrun for example_short_circuit_decorator to None, run_after=None
[2025-03-26T17:19:19.259+0000] {processor.py:208} INFO - Processing /home/ubuntu/customer_churn_youtube_venv/lib/python3.12/site-packages/airflow/example_dags/example_short_circuit_decorator.py took 0.184 seconds
[2025-03-26T17:20:20.345+0000] {processor.py:186} INFO - Started process (PID=6694) to work on /home/ubuntu/customer_churn_youtube_venv/lib/python3.12/site-packages/airflow/example_dags/example_short_circuit_decorator.py
[2025-03-26T17:20:20.347+0000] {processor.py:914} INFO - Processing file /home/ubuntu/customer_churn_youtube_venv/lib/python3.12/site-packages/airflow/example_dags/example_short_circuit_decorator.py for tasks to queue
[2025-03-26T17:20:20.349+0000] {logging_mixin.py:190} INFO - [2025-03-26T17:20:20.349+0000] {dagbag.py:588} INFO - Filling up the DagBag from /home/ubuntu/customer_churn_youtube_venv/lib/python3.12/site-packages/airflow/example_dags/example_short_circuit_decorator.py
[2025-03-26T17:20:20.359+0000] {processor.py:925} INFO - DAG(s) 'example_short_circuit_decorator' retrieved from /home/ubuntu/customer_churn_youtube_venv/lib/python3.12/site-packages/airflow/example_dags/example_short_circuit_decorator.py
[2025-03-26T17:20:20.378+0000] {logging_mixin.py:190} INFO - [2025-03-26T17:20:20.378+0000] {dag.py:3239} INFO - Sync 1 DAGs
[2025-03-26T17:20:20.390+0000] {logging_mixin.py:190} INFO - [2025-03-26T17:20:20.390+0000] {dag.py:4180} INFO - Setting next_dagrun for example_short_circuit_decorator to None, run_after=None
[2025-03-26T17:20:20.413+0000] {processor.py:208} INFO - Processing /home/ubuntu/customer_churn_youtube_venv/lib/python3.12/site-packages/airflow/example_dags/example_short_circuit_decorator.py took 0.074 seconds
[2025-03-26T17:21:13.497+0000] {processor.py:186} INFO - Started process (PID=6749) to work on /home/ubuntu/customer_churn_youtube_venv/lib/python3.12/site-packages/airflow/example_dags/example_short_circuit_decorator.py
[2025-03-26T17:21:13.499+0000] {processor.py:914} INFO - Processing file /home/ubuntu/customer_churn_youtube_venv/lib/python3.12/site-packages/airflow/example_dags/example_short_circuit_decorator.py for tasks to queue
[2025-03-26T17:21:13.500+0000] {logging_mixin.py:190} INFO - [2025-03-26T17:21:13.500+0000] {dagbag.py:588} INFO - Filling up the DagBag from /home/ubuntu/customer_churn_youtube_venv/lib/python3.12/site-packages/airflow/example_dags/example_short_circuit_decorator.py
[2025-03-26T17:21:13.511+0000] {processor.py:925} INFO - DAG(s) 'example_short_circuit_decorator' retrieved from /home/ubuntu/customer_churn_youtube_venv/lib/python3.12/site-packages/airflow/example_dags/example_short_circuit_decorator.py
[2025-03-26T17:21:13.529+0000] {logging_mixin.py:190} INFO - [2025-03-26T17:21:13.528+0000] {dag.py:3239} INFO - Sync 1 DAGs
[2025-03-26T17:21:13.541+0000] {logging_mixin.py:190} INFO - [2025-03-26T17:21:13.541+0000] {dag.py:4180} INFO - Setting next_dagrun for example_short_circuit_decorator to None, run_after=None
[2025-03-26T17:21:13.565+0000] {processor.py:208} INFO - Processing /home/ubuntu/customer_churn_youtube_venv/lib/python3.12/site-packages/airflow/example_dags/example_short_circuit_decorator.py took 0.074 seconds
[2025-03-26T17:22:06.761+0000] {processor.py:186} INFO - Started process (PID=6803) to work on /home/ubuntu/customer_churn_youtube_venv/lib/python3.12/site-packages/airflow/example_dags/example_short_circuit_decorator.py
[2025-03-26T17:22:06.762+0000] {processor.py:914} INFO - Processing file /home/ubuntu/customer_churn_youtube_venv/lib/python3.12/site-packages/airflow/example_dags/example_short_circuit_decorator.py for tasks to queue
[2025-03-26T17:22:06.764+0000] {logging_mixin.py:190} INFO - [2025-03-26T17:22:06.764+0000] {dagbag.py:588} INFO - Filling up the DagBag from /home/ubuntu/customer_churn_youtube_venv/lib/python3.12/site-packages/airflow/example_dags/example_short_circuit_decorator.py
[2025-03-26T17:22:06.775+0000] {processor.py:925} INFO - DAG(s) 'example_short_circuit_decorator' retrieved from /home/ubuntu/customer_churn_youtube_venv/lib/python3.12/site-packages/airflow/example_dags/example_short_circuit_decorator.py
[2025-03-26T17:22:06.793+0000] {logging_mixin.py:190} INFO - [2025-03-26T17:22:06.793+0000] {dag.py:3239} INFO - Sync 1 DAGs
[2025-03-26T17:22:06.805+0000] {logging_mixin.py:190} INFO - [2025-03-26T17:22:06.804+0000] {dag.py:4180} INFO - Setting next_dagrun for example_short_circuit_decorator to None, run_after=None
[2025-03-26T17:22:06.827+0000] {processor.py:208} INFO - Processing /home/ubuntu/customer_churn_youtube_venv/lib/python3.12/site-packages/airflow/example_dags/example_short_circuit_decorator.py took 0.072 seconds
[2025-03-26T17:22:58.669+0000] {processor.py:186} INFO - Started process (PID=6855) to work on /home/ubuntu/customer_churn_youtube_venv/lib/python3.12/site-packages/airflow/example_dags/example_short_circuit_decorator.py
[2025-03-26T17:22:58.670+0000] {processor.py:914} INFO - Processing file /home/ubuntu/customer_churn_youtube_venv/lib/python3.12/site-packages/airflow/example_dags/example_short_circuit_decorator.py for tasks to queue
[2025-03-26T17:22:58.672+0000] {logging_mixin.py:190} INFO - [2025-03-26T17:22:58.672+0000] {dagbag.py:588} INFO - Filling up the DagBag from /home/ubuntu/customer_churn_youtube_venv/lib/python3.12/site-packages/airflow/example_dags/example_short_circuit_decorator.py
[2025-03-26T17:22:58.683+0000] {processor.py:925} INFO - DAG(s) 'example_short_circuit_decorator' retrieved from /home/ubuntu/customer_churn_youtube_venv/lib/python3.12/site-packages/airflow/example_dags/example_short_circuit_decorator.py
[2025-03-26T17:22:58.701+0000] {logging_mixin.py:190} INFO - [2025-03-26T17:22:58.701+0000] {dag.py:3239} INFO - Sync 1 DAGs
[2025-03-26T17:22:58.713+0000] {logging_mixin.py:190} INFO - [2025-03-26T17:22:58.713+0000] {dag.py:4180} INFO - Setting next_dagrun for example_short_circuit_decorator to None, run_after=None
[2025-03-26T17:22:58.736+0000] {processor.py:208} INFO - Processing /home/ubuntu/customer_churn_youtube_venv/lib/python3.12/site-packages/airflow/example_dags/example_short_circuit_decorator.py took 0.073 seconds
[2025-03-26T17:23:51.521+0000] {processor.py:186} INFO - Started process (PID=6909) to work on /home/ubuntu/customer_churn_youtube_venv/lib/python3.12/site-packages/airflow/example_dags/example_short_circuit_decorator.py
[2025-03-26T17:23:51.523+0000] {processor.py:914} INFO - Processing file /home/ubuntu/customer_churn_youtube_venv/lib/python3.12/site-packages/airflow/example_dags/example_short_circuit_decorator.py for tasks to queue
[2025-03-26T17:23:51.525+0000] {logging_mixin.py:190} INFO - [2025-03-26T17:23:51.525+0000] {dagbag.py:588} INFO - Filling up the DagBag from /home/ubuntu/customer_churn_youtube_venv/lib/python3.12/site-packages/airflow/example_dags/example_short_circuit_decorator.py
[2025-03-26T17:23:51.535+0000] {processor.py:925} INFO - DAG(s) 'example_short_circuit_decorator' retrieved from /home/ubuntu/customer_churn_youtube_venv/lib/python3.12/site-packages/airflow/example_dags/example_short_circuit_decorator.py
[2025-03-26T17:23:51.553+0000] {logging_mixin.py:190} INFO - [2025-03-26T17:23:51.553+0000] {dag.py:3239} INFO - Sync 1 DAGs
[2025-03-26T17:23:51.566+0000] {logging_mixin.py:190} INFO - [2025-03-26T17:23:51.566+0000] {dag.py:4180} INFO - Setting next_dagrun for example_short_circuit_decorator to None, run_after=None
[2025-03-26T17:23:51.587+0000] {processor.py:208} INFO - Processing /home/ubuntu/customer_churn_youtube_venv/lib/python3.12/site-packages/airflow/example_dags/example_short_circuit_decorator.py took 0.072 seconds
[2025-03-26T17:24:42.227+0000] {processor.py:186} INFO - Started process (PID=6962) to work on /home/ubuntu/customer_churn_youtube_venv/lib/python3.12/site-packages/airflow/example_dags/example_short_circuit_decorator.py
[2025-03-26T17:24:42.229+0000] {processor.py:914} INFO - Processing file /home/ubuntu/customer_churn_youtube_venv/lib/python3.12/site-packages/airflow/example_dags/example_short_circuit_decorator.py for tasks to queue
[2025-03-26T17:24:42.232+0000] {logging_mixin.py:190} INFO - [2025-03-26T17:24:42.231+0000] {dagbag.py:588} INFO - Filling up the DagBag from /home/ubuntu/customer_churn_youtube_venv/lib/python3.12/site-packages/airflow/example_dags/example_short_circuit_decorator.py
[2025-03-26T17:24:42.242+0000] {processor.py:925} INFO - DAG(s) 'example_short_circuit_decorator' retrieved from /home/ubuntu/customer_churn_youtube_venv/lib/python3.12/site-packages/airflow/example_dags/example_short_circuit_decorator.py
[2025-03-26T17:24:42.261+0000] {logging_mixin.py:190} INFO - [2025-03-26T17:24:42.261+0000] {dag.py:3239} INFO - Sync 1 DAGs
[2025-03-26T17:24:42.273+0000] {logging_mixin.py:190} INFO - [2025-03-26T17:24:42.272+0000] {dag.py:4180} INFO - Setting next_dagrun for example_short_circuit_decorator to None, run_after=None
[2025-03-26T17:24:42.296+0000] {processor.py:208} INFO - Processing /home/ubuntu/customer_churn_youtube_venv/lib/python3.12/site-packages/airflow/example_dags/example_short_circuit_decorator.py took 0.074 seconds
[2025-03-26T17:25:32.984+0000] {processor.py:186} INFO - Started process (PID=7020) to work on /home/ubuntu/customer_churn_youtube_venv/lib/python3.12/site-packages/airflow/example_dags/example_short_circuit_decorator.py
[2025-03-26T17:25:32.986+0000] {processor.py:914} INFO - Processing file /home/ubuntu/customer_churn_youtube_venv/lib/python3.12/site-packages/airflow/example_dags/example_short_circuit_decorator.py for tasks to queue
[2025-03-26T17:25:32.988+0000] {logging_mixin.py:190} INFO - [2025-03-26T17:25:32.988+0000] {dagbag.py:588} INFO - Filling up the DagBag from /home/ubuntu/customer_churn_youtube_venv/lib/python3.12/site-packages/airflow/example_dags/example_short_circuit_decorator.py
[2025-03-26T17:25:32.998+0000] {processor.py:925} INFO - DAG(s) 'example_short_circuit_decorator' retrieved from /home/ubuntu/customer_churn_youtube_venv/lib/python3.12/site-packages/airflow/example_dags/example_short_circuit_decorator.py
[2025-03-26T17:25:33.017+0000] {logging_mixin.py:190} INFO - [2025-03-26T17:25:33.016+0000] {dag.py:3239} INFO - Sync 1 DAGs
[2025-03-26T17:25:33.028+0000] {logging_mixin.py:190} INFO - [2025-03-26T17:25:33.028+0000] {dag.py:4180} INFO - Setting next_dagrun for example_short_circuit_decorator to None, run_after=None
[2025-03-26T17:25:33.050+0000] {processor.py:208} INFO - Processing /home/ubuntu/customer_churn_youtube_venv/lib/python3.12/site-packages/airflow/example_dags/example_short_circuit_decorator.py took 0.071 seconds
[2025-03-26T17:26:22.152+0000] {processor.py:186} INFO - Started process (PID=7071) to work on /home/ubuntu/customer_churn_youtube_venv/lib/python3.12/site-packages/airflow/example_dags/example_short_circuit_decorator.py
[2025-03-26T17:26:22.153+0000] {processor.py:914} INFO - Processing file /home/ubuntu/customer_churn_youtube_venv/lib/python3.12/site-packages/airflow/example_dags/example_short_circuit_decorator.py for tasks to queue
[2025-03-26T17:26:22.155+0000] {logging_mixin.py:190} INFO - [2025-03-26T17:26:22.155+0000] {dagbag.py:588} INFO - Filling up the DagBag from /home/ubuntu/customer_churn_youtube_venv/lib/python3.12/site-packages/airflow/example_dags/example_short_circuit_decorator.py
[2025-03-26T17:26:22.165+0000] {processor.py:925} INFO - DAG(s) 'example_short_circuit_decorator' retrieved from /home/ubuntu/customer_churn_youtube_venv/lib/python3.12/site-packages/airflow/example_dags/example_short_circuit_decorator.py
[2025-03-26T17:26:22.183+0000] {logging_mixin.py:190} INFO - [2025-03-26T17:26:22.182+0000] {dag.py:3239} INFO - Sync 1 DAGs
[2025-03-26T17:26:22.195+0000] {logging_mixin.py:190} INFO - [2025-03-26T17:26:22.194+0000] {dag.py:4180} INFO - Setting next_dagrun for example_short_circuit_decorator to None, run_after=None
[2025-03-26T17:26:22.216+0000] {processor.py:208} INFO - Processing /home/ubuntu/customer_churn_youtube_venv/lib/python3.12/site-packages/airflow/example_dags/example_short_circuit_decorator.py took 0.070 seconds
[2025-03-26T17:27:13.749+0000] {processor.py:186} INFO - Started process (PID=7124) to work on /home/ubuntu/customer_churn_youtube_venv/lib/python3.12/site-packages/airflow/example_dags/example_short_circuit_decorator.py
[2025-03-26T17:27:13.751+0000] {processor.py:914} INFO - Processing file /home/ubuntu/customer_churn_youtube_venv/lib/python3.12/site-packages/airflow/example_dags/example_short_circuit_decorator.py for tasks to queue
[2025-03-26T17:27:13.753+0000] {logging_mixin.py:190} INFO - [2025-03-26T17:27:13.753+0000] {dagbag.py:588} INFO - Filling up the DagBag from /home/ubuntu/customer_churn_youtube_venv/lib/python3.12/site-packages/airflow/example_dags/example_short_circuit_decorator.py
[2025-03-26T17:27:13.764+0000] {processor.py:925} INFO - DAG(s) 'example_short_circuit_decorator' retrieved from /home/ubuntu/customer_churn_youtube_venv/lib/python3.12/site-packages/airflow/example_dags/example_short_circuit_decorator.py
[2025-03-26T17:27:13.782+0000] {logging_mixin.py:190} INFO - [2025-03-26T17:27:13.781+0000] {dag.py:3239} INFO - Sync 1 DAGs
[2025-03-26T17:27:13.793+0000] {logging_mixin.py:190} INFO - [2025-03-26T17:27:13.793+0000] {dag.py:4180} INFO - Setting next_dagrun for example_short_circuit_decorator to None, run_after=None
[2025-03-26T17:27:13.816+0000] {processor.py:208} INFO - Processing /home/ubuntu/customer_churn_youtube_venv/lib/python3.12/site-packages/airflow/example_dags/example_short_circuit_decorator.py took 0.073 seconds
[2025-03-26T17:28:04.081+0000] {processor.py:186} INFO - Started process (PID=7221) to work on /home/ubuntu/customer_churn_youtube_venv/lib/python3.12/site-packages/airflow/example_dags/example_short_circuit_decorator.py
[2025-03-26T17:28:04.083+0000] {processor.py:914} INFO - Processing file /home/ubuntu/customer_churn_youtube_venv/lib/python3.12/site-packages/airflow/example_dags/example_short_circuit_decorator.py for tasks to queue
[2025-03-26T17:28:04.084+0000] {logging_mixin.py:190} INFO - [2025-03-26T17:28:04.084+0000] {dagbag.py:588} INFO - Filling up the DagBag from /home/ubuntu/customer_churn_youtube_venv/lib/python3.12/site-packages/airflow/example_dags/example_short_circuit_decorator.py
[2025-03-26T17:28:04.095+0000] {processor.py:925} INFO - DAG(s) 'example_short_circuit_decorator' retrieved from /home/ubuntu/customer_churn_youtube_venv/lib/python3.12/site-packages/airflow/example_dags/example_short_circuit_decorator.py
[2025-03-26T17:28:04.113+0000] {logging_mixin.py:190} INFO - [2025-03-26T17:28:04.113+0000] {dag.py:3239} INFO - Sync 1 DAGs
[2025-03-26T17:28:04.126+0000] {logging_mixin.py:190} INFO - [2025-03-26T17:28:04.126+0000] {dag.py:4180} INFO - Setting next_dagrun for example_short_circuit_decorator to None, run_after=None
[2025-03-26T17:28:04.150+0000] {processor.py:208} INFO - Processing /home/ubuntu/customer_churn_youtube_venv/lib/python3.12/site-packages/airflow/example_dags/example_short_circuit_decorator.py took 0.075 seconds
[2025-03-26T17:28:55.719+0000] {processor.py:186} INFO - Started process (PID=7275) to work on /home/ubuntu/customer_churn_youtube_venv/lib/python3.12/site-packages/airflow/example_dags/example_short_circuit_decorator.py
[2025-03-26T17:28:55.720+0000] {processor.py:914} INFO - Processing file /home/ubuntu/customer_churn_youtube_venv/lib/python3.12/site-packages/airflow/example_dags/example_short_circuit_decorator.py for tasks to queue
[2025-03-26T17:28:55.722+0000] {logging_mixin.py:190} INFO - [2025-03-26T17:28:55.722+0000] {dagbag.py:588} INFO - Filling up the DagBag from /home/ubuntu/customer_churn_youtube_venv/lib/python3.12/site-packages/airflow/example_dags/example_short_circuit_decorator.py
[2025-03-26T17:28:55.733+0000] {processor.py:925} INFO - DAG(s) 'example_short_circuit_decorator' retrieved from /home/ubuntu/customer_churn_youtube_venv/lib/python3.12/site-packages/airflow/example_dags/example_short_circuit_decorator.py
[2025-03-26T17:28:55.750+0000] {logging_mixin.py:190} INFO - [2025-03-26T17:28:55.750+0000] {dag.py:3239} INFO - Sync 1 DAGs
[2025-03-26T17:28:55.762+0000] {logging_mixin.py:190} INFO - [2025-03-26T17:28:55.762+0000] {dag.py:4180} INFO - Setting next_dagrun for example_short_circuit_decorator to None, run_after=None
[2025-03-26T17:28:55.782+0000] {processor.py:208} INFO - Processing /home/ubuntu/customer_churn_youtube_venv/lib/python3.12/site-packages/airflow/example_dags/example_short_circuit_decorator.py took 0.069 seconds
[2025-03-26T17:29:44.849+0000] {processor.py:186} INFO - Started process (PID=7328) to work on /home/ubuntu/customer_churn_youtube_venv/lib/python3.12/site-packages/airflow/example_dags/example_short_circuit_decorator.py
[2025-03-26T17:29:44.851+0000] {processor.py:914} INFO - Processing file /home/ubuntu/customer_churn_youtube_venv/lib/python3.12/site-packages/airflow/example_dags/example_short_circuit_decorator.py for tasks to queue
[2025-03-26T17:29:44.853+0000] {logging_mixin.py:190} INFO - [2025-03-26T17:29:44.852+0000] {dagbag.py:588} INFO - Filling up the DagBag from /home/ubuntu/customer_churn_youtube_venv/lib/python3.12/site-packages/airflow/example_dags/example_short_circuit_decorator.py
[2025-03-26T17:29:44.863+0000] {processor.py:925} INFO - DAG(s) 'example_short_circuit_decorator' retrieved from /home/ubuntu/customer_churn_youtube_venv/lib/python3.12/site-packages/airflow/example_dags/example_short_circuit_decorator.py
[2025-03-26T17:29:44.881+0000] {logging_mixin.py:190} INFO - [2025-03-26T17:29:44.881+0000] {dag.py:3239} INFO - Sync 1 DAGs
[2025-03-26T17:29:44.892+0000] {logging_mixin.py:190} INFO - [2025-03-26T17:29:44.892+0000] {dag.py:4180} INFO - Setting next_dagrun for example_short_circuit_decorator to None, run_after=None
[2025-03-26T17:29:44.915+0000] {processor.py:208} INFO - Processing /home/ubuntu/customer_churn_youtube_venv/lib/python3.12/site-packages/airflow/example_dags/example_short_circuit_decorator.py took 0.072 seconds
[2025-03-26T17:30:33.987+0000] {processor.py:186} INFO - Started process (PID=7384) to work on /home/ubuntu/customer_churn_youtube_venv/lib/python3.12/site-packages/airflow/example_dags/example_short_circuit_decorator.py
[2025-03-26T17:30:33.988+0000] {processor.py:914} INFO - Processing file /home/ubuntu/customer_churn_youtube_venv/lib/python3.12/site-packages/airflow/example_dags/example_short_circuit_decorator.py for tasks to queue
[2025-03-26T17:30:33.989+0000] {logging_mixin.py:190} INFO - [2025-03-26T17:30:33.989+0000] {dagbag.py:588} INFO - Filling up the DagBag from /home/ubuntu/customer_churn_youtube_venv/lib/python3.12/site-packages/airflow/example_dags/example_short_circuit_decorator.py
[2025-03-26T17:30:34.000+0000] {processor.py:925} INFO - DAG(s) 'example_short_circuit_decorator' retrieved from /home/ubuntu/customer_churn_youtube_venv/lib/python3.12/site-packages/airflow/example_dags/example_short_circuit_decorator.py
[2025-03-26T17:30:34.018+0000] {logging_mixin.py:190} INFO - [2025-03-26T17:30:34.018+0000] {dag.py:3239} INFO - Sync 1 DAGs
[2025-03-26T17:30:34.030+0000] {logging_mixin.py:190} INFO - [2025-03-26T17:30:34.030+0000] {dag.py:4180} INFO - Setting next_dagrun for example_short_circuit_decorator to None, run_after=None
[2025-03-26T17:30:34.052+0000] {processor.py:208} INFO - Processing /home/ubuntu/customer_churn_youtube_venv/lib/python3.12/site-packages/airflow/example_dags/example_short_circuit_decorator.py took 0.071 seconds
[2025-03-26T17:31:25.324+0000] {processor.py:186} INFO - Started process (PID=7436) to work on /home/ubuntu/customer_churn_youtube_venv/lib/python3.12/site-packages/airflow/example_dags/example_short_circuit_decorator.py
[2025-03-26T17:31:25.326+0000] {processor.py:914} INFO - Processing file /home/ubuntu/customer_churn_youtube_venv/lib/python3.12/site-packages/airflow/example_dags/example_short_circuit_decorator.py for tasks to queue
[2025-03-26T17:31:25.328+0000] {logging_mixin.py:190} INFO - [2025-03-26T17:31:25.328+0000] {dagbag.py:588} INFO - Filling up the DagBag from /home/ubuntu/customer_churn_youtube_venv/lib/python3.12/site-packages/airflow/example_dags/example_short_circuit_decorator.py
[2025-03-26T17:31:25.339+0000] {processor.py:925} INFO - DAG(s) 'example_short_circuit_decorator' retrieved from /home/ubuntu/customer_churn_youtube_venv/lib/python3.12/site-packages/airflow/example_dags/example_short_circuit_decorator.py
[2025-03-26T17:31:25.356+0000] {logging_mixin.py:190} INFO - [2025-03-26T17:31:25.356+0000] {dag.py:3239} INFO - Sync 1 DAGs
[2025-03-26T17:31:25.368+0000] {logging_mixin.py:190} INFO - [2025-03-26T17:31:25.368+0000] {dag.py:4180} INFO - Setting next_dagrun for example_short_circuit_decorator to None, run_after=None
[2025-03-26T17:31:25.389+0000] {processor.py:208} INFO - Processing /home/ubuntu/customer_churn_youtube_venv/lib/python3.12/site-packages/airflow/example_dags/example_short_circuit_decorator.py took 0.069 seconds
[2025-03-26T17:32:16.065+0000] {processor.py:186} INFO - Started process (PID=7513) to work on /home/ubuntu/customer_churn_youtube_venv/lib/python3.12/site-packages/airflow/example_dags/example_short_circuit_decorator.py
[2025-03-26T17:32:16.067+0000] {processor.py:914} INFO - Processing file /home/ubuntu/customer_churn_youtube_venv/lib/python3.12/site-packages/airflow/example_dags/example_short_circuit_decorator.py for tasks to queue
[2025-03-26T17:32:16.069+0000] {logging_mixin.py:190} INFO - [2025-03-26T17:32:16.068+0000] {dagbag.py:588} INFO - Filling up the DagBag from /home/ubuntu/customer_churn_youtube_venv/lib/python3.12/site-packages/airflow/example_dags/example_short_circuit_decorator.py
[2025-03-26T17:32:16.079+0000] {processor.py:925} INFO - DAG(s) 'example_short_circuit_decorator' retrieved from /home/ubuntu/customer_churn_youtube_venv/lib/python3.12/site-packages/airflow/example_dags/example_short_circuit_decorator.py
[2025-03-26T17:32:16.096+0000] {logging_mixin.py:190} INFO - [2025-03-26T17:32:16.096+0000] {dag.py:3239} INFO - Sync 1 DAGs
[2025-03-26T17:32:16.109+0000] {logging_mixin.py:190} INFO - [2025-03-26T17:32:16.109+0000] {dag.py:4180} INFO - Setting next_dagrun for example_short_circuit_decorator to None, run_after=None
[2025-03-26T17:32:16.132+0000] {processor.py:208} INFO - Processing /home/ubuntu/customer_churn_youtube_venv/lib/python3.12/site-packages/airflow/example_dags/example_short_circuit_decorator.py took 0.072 seconds
[2025-03-26T17:33:08.514+0000] {processor.py:186} INFO - Started process (PID=7583) to work on /home/ubuntu/customer_churn_youtube_venv/lib/python3.12/site-packages/airflow/example_dags/example_short_circuit_decorator.py
[2025-03-26T17:33:08.517+0000] {processor.py:914} INFO - Processing file /home/ubuntu/customer_churn_youtube_venv/lib/python3.12/site-packages/airflow/example_dags/example_short_circuit_decorator.py for tasks to queue
[2025-03-26T17:33:08.518+0000] {logging_mixin.py:190} INFO - [2025-03-26T17:33:08.518+0000] {dagbag.py:588} INFO - Filling up the DagBag from /home/ubuntu/customer_churn_youtube_venv/lib/python3.12/site-packages/airflow/example_dags/example_short_circuit_decorator.py
[2025-03-26T17:33:08.529+0000] {processor.py:925} INFO - DAG(s) 'example_short_circuit_decorator' retrieved from /home/ubuntu/customer_churn_youtube_venv/lib/python3.12/site-packages/airflow/example_dags/example_short_circuit_decorator.py
[2025-03-26T17:33:08.547+0000] {logging_mixin.py:190} INFO - [2025-03-26T17:33:08.546+0000] {dag.py:3239} INFO - Sync 1 DAGs
[2025-03-26T17:33:08.558+0000] {logging_mixin.py:190} INFO - [2025-03-26T17:33:08.558+0000] {dag.py:4180} INFO - Setting next_dagrun for example_short_circuit_decorator to None, run_after=None
[2025-03-26T17:33:08.580+0000] {processor.py:208} INFO - Processing /home/ubuntu/customer_churn_youtube_venv/lib/python3.12/site-packages/airflow/example_dags/example_short_circuit_decorator.py took 0.070 seconds
[2025-03-26T17:33:59.605+0000] {processor.py:186} INFO - Started process (PID=7634) to work on /home/ubuntu/customer_churn_youtube_venv/lib/python3.12/site-packages/airflow/example_dags/example_short_circuit_decorator.py
[2025-03-26T17:33:59.607+0000] {processor.py:914} INFO - Processing file /home/ubuntu/customer_churn_youtube_venv/lib/python3.12/site-packages/airflow/example_dags/example_short_circuit_decorator.py for tasks to queue
[2025-03-26T17:33:59.609+0000] {logging_mixin.py:190} INFO - [2025-03-26T17:33:59.609+0000] {dagbag.py:588} INFO - Filling up the DagBag from /home/ubuntu/customer_churn_youtube_venv/lib/python3.12/site-packages/airflow/example_dags/example_short_circuit_decorator.py
[2025-03-26T17:33:59.620+0000] {processor.py:925} INFO - DAG(s) 'example_short_circuit_decorator' retrieved from /home/ubuntu/customer_churn_youtube_venv/lib/python3.12/site-packages/airflow/example_dags/example_short_circuit_decorator.py
[2025-03-26T17:33:59.637+0000] {logging_mixin.py:190} INFO - [2025-03-26T17:33:59.637+0000] {dag.py:3239} INFO - Sync 1 DAGs
[2025-03-26T17:33:59.650+0000] {logging_mixin.py:190} INFO - [2025-03-26T17:33:59.650+0000] {dag.py:4180} INFO - Setting next_dagrun for example_short_circuit_decorator to None, run_after=None
[2025-03-26T17:33:59.672+0000] {processor.py:208} INFO - Processing /home/ubuntu/customer_churn_youtube_venv/lib/python3.12/site-packages/airflow/example_dags/example_short_circuit_decorator.py took 0.073 seconds
[2025-03-26T17:34:51.245+0000] {processor.py:186} INFO - Started process (PID=7689) to work on /home/ubuntu/customer_churn_youtube_venv/lib/python3.12/site-packages/airflow/example_dags/example_short_circuit_decorator.py
[2025-03-26T17:34:51.247+0000] {processor.py:914} INFO - Processing file /home/ubuntu/customer_churn_youtube_venv/lib/python3.12/site-packages/airflow/example_dags/example_short_circuit_decorator.py for tasks to queue
[2025-03-26T17:34:51.249+0000] {logging_mixin.py:190} INFO - [2025-03-26T17:34:51.249+0000] {dagbag.py:588} INFO - Filling up the DagBag from /home/ubuntu/customer_churn_youtube_venv/lib/python3.12/site-packages/airflow/example_dags/example_short_circuit_decorator.py
[2025-03-26T17:34:51.259+0000] {processor.py:925} INFO - DAG(s) 'example_short_circuit_decorator' retrieved from /home/ubuntu/customer_churn_youtube_venv/lib/python3.12/site-packages/airflow/example_dags/example_short_circuit_decorator.py
[2025-03-26T17:34:51.277+0000] {logging_mixin.py:190} INFO - [2025-03-26T17:34:51.276+0000] {dag.py:3239} INFO - Sync 1 DAGs
[2025-03-26T17:34:51.288+0000] {logging_mixin.py:190} INFO - [2025-03-26T17:34:51.288+0000] {dag.py:4180} INFO - Setting next_dagrun for example_short_circuit_decorator to None, run_after=None
[2025-03-26T17:34:51.311+0000] {processor.py:208} INFO - Processing /home/ubuntu/customer_churn_youtube_venv/lib/python3.12/site-packages/airflow/example_dags/example_short_circuit_decorator.py took 0.071 seconds
[2025-03-26T17:35:44.500+0000] {processor.py:186} INFO - Started process (PID=7749) to work on /home/ubuntu/customer_churn_youtube_venv/lib/python3.12/site-packages/airflow/example_dags/example_short_circuit_decorator.py
[2025-03-26T17:35:44.502+0000] {processor.py:914} INFO - Processing file /home/ubuntu/customer_churn_youtube_venv/lib/python3.12/site-packages/airflow/example_dags/example_short_circuit_decorator.py for tasks to queue
[2025-03-26T17:35:44.504+0000] {logging_mixin.py:190} INFO - [2025-03-26T17:35:44.504+0000] {dagbag.py:588} INFO - Filling up the DagBag from /home/ubuntu/customer_churn_youtube_venv/lib/python3.12/site-packages/airflow/example_dags/example_short_circuit_decorator.py
[2025-03-26T17:35:44.514+0000] {processor.py:925} INFO - DAG(s) 'example_short_circuit_decorator' retrieved from /home/ubuntu/customer_churn_youtube_venv/lib/python3.12/site-packages/airflow/example_dags/example_short_circuit_decorator.py
[2025-03-26T17:35:44.533+0000] {logging_mixin.py:190} INFO - [2025-03-26T17:35:44.532+0000] {dag.py:3239} INFO - Sync 1 DAGs
[2025-03-26T17:35:44.545+0000] {logging_mixin.py:190} INFO - [2025-03-26T17:35:44.545+0000] {dag.py:4180} INFO - Setting next_dagrun for example_short_circuit_decorator to None, run_after=None
[2025-03-26T17:35:44.568+0000] {processor.py:208} INFO - Processing /home/ubuntu/customer_churn_youtube_venv/lib/python3.12/site-packages/airflow/example_dags/example_short_circuit_decorator.py took 0.073 seconds
[2025-03-26T17:36:36.801+0000] {processor.py:186} INFO - Started process (PID=7805) to work on /home/ubuntu/customer_churn_youtube_venv/lib/python3.12/site-packages/airflow/example_dags/example_short_circuit_decorator.py
[2025-03-26T17:36:36.803+0000] {processor.py:914} INFO - Processing file /home/ubuntu/customer_churn_youtube_venv/lib/python3.12/site-packages/airflow/example_dags/example_short_circuit_decorator.py for tasks to queue
[2025-03-26T17:36:36.805+0000] {logging_mixin.py:190} INFO - [2025-03-26T17:36:36.805+0000] {dagbag.py:588} INFO - Filling up the DagBag from /home/ubuntu/customer_churn_youtube_venv/lib/python3.12/site-packages/airflow/example_dags/example_short_circuit_decorator.py
[2025-03-26T17:36:36.815+0000] {processor.py:925} INFO - DAG(s) 'example_short_circuit_decorator' retrieved from /home/ubuntu/customer_churn_youtube_venv/lib/python3.12/site-packages/airflow/example_dags/example_short_circuit_decorator.py
[2025-03-26T17:36:36.833+0000] {logging_mixin.py:190} INFO - [2025-03-26T17:36:36.832+0000] {dag.py:3239} INFO - Sync 1 DAGs
[2025-03-26T17:36:36.845+0000] {logging_mixin.py:190} INFO - [2025-03-26T17:36:36.845+0000] {dag.py:4180} INFO - Setting next_dagrun for example_short_circuit_decorator to None, run_after=None
[2025-03-26T17:36:36.867+0000] {processor.py:208} INFO - Processing /home/ubuntu/customer_churn_youtube_venv/lib/python3.12/site-packages/airflow/example_dags/example_short_circuit_decorator.py took 0.071 seconds
