[2025-03-26T17:13:15.953+0000] {processor.py:186} INFO - Started process (PID=6265) to work on /home/ubuntu/customer_churn_youtube_venv/lib/python3.12/site-packages/airflow/example_dags/example_xcom.py
[2025-03-26T17:13:15.954+0000] {processor.py:914} INFO - Processing file /home/ubuntu/customer_churn_youtube_venv/lib/python3.12/site-packages/airflow/example_dags/example_xcom.py for tasks to queue
[2025-03-26T17:13:15.956+0000] {logging_mixin.py:190} INFO - [2025-03-26T17:13:15.956+0000] {dagbag.py:588} INFO - Filling up the DagBag from /home/ubuntu/customer_churn_youtube_venv/lib/python3.12/site-packages/airflow/example_dags/example_xcom.py
[2025-03-26T17:13:15.967+0000] {processor.py:925} INFO - DAG(s) 'example_xcom' retrieved from /home/ubuntu/customer_churn_youtube_venv/lib/python3.12/site-packages/airflow/example_dags/example_xcom.py
[2025-03-26T17:13:16.077+0000] {logging_mixin.py:190} INFO - [2025-03-26T17:13:16.077+0000] {override.py:1930} INFO - Created Permission View: can edit on DAG:example_xcom
[2025-03-26T17:13:16.091+0000] {logging_mixin.py:190} INFO - [2025-03-26T17:13:16.091+0000] {override.py:1930} INFO - Created Permission View: can read on DAG:example_xcom
[2025-03-26T17:13:16.101+0000] {logging_mixin.py:190} INFO - [2025-03-26T17:13:16.101+0000] {override.py:1930} INFO - Created Permission View: can delete on DAG:example_xcom
[2025-03-26T17:13:16.117+0000] {logging_mixin.py:190} INFO - [2025-03-26T17:13:16.117+0000] {override.py:1930} INFO - Created Permission View: menu access on DAG Run:example_xcom
[2025-03-26T17:13:16.129+0000] {logging_mixin.py:190} INFO - [2025-03-26T17:13:16.129+0000] {override.py:1930} INFO - Created Permission View: can create on DAG Run:example_xcom
[2025-03-26T17:13:16.140+0000] {logging_mixin.py:190} INFO - [2025-03-26T17:13:16.140+0000] {override.py:1930} INFO - Created Permission View: can delete on DAG Run:example_xcom
[2025-03-26T17:13:16.151+0000] {logging_mixin.py:190} INFO - [2025-03-26T17:13:16.151+0000] {override.py:1930} INFO - Created Permission View: can read on DAG Run:example_xcom
[2025-03-26T17:13:16.152+0000] {logging_mixin.py:190} INFO - [2025-03-26T17:13:16.151+0000] {dag.py:3239} INFO - Sync 1 DAGs
[2025-03-26T17:13:16.162+0000] {logging_mixin.py:190} INFO - [2025-03-26T17:13:16.162+0000] {dag.py:3262} INFO - Creating ORM DAG for example_xcom
[2025-03-26T17:13:16.169+0000] {logging_mixin.py:190} INFO - [2025-03-26T17:13:16.169+0000] {dag.py:4180} INFO - Setting next_dagrun for example_xcom to 2021-01-01 00:00:00+00:00, run_after=2021-01-01 00:00:00+00:00
[2025-03-26T17:13:16.192+0000] {processor.py:208} INFO - Processing /home/ubuntu/customer_churn_youtube_venv/lib/python3.12/site-packages/airflow/example_dags/example_xcom.py took 0.244 seconds
[2025-03-26T17:14:26.378+0000] {processor.py:186} INFO - Started process (PID=6322) to work on /home/ubuntu/customer_churn_youtube_venv/lib/python3.12/site-packages/airflow/example_dags/example_xcom.py
[2025-03-26T17:14:26.380+0000] {processor.py:914} INFO - Processing file /home/ubuntu/customer_churn_youtube_venv/lib/python3.12/site-packages/airflow/example_dags/example_xcom.py for tasks to queue
[2025-03-26T17:14:26.382+0000] {logging_mixin.py:190} INFO - [2025-03-26T17:14:26.381+0000] {dagbag.py:588} INFO - Filling up the DagBag from /home/ubuntu/customer_churn_youtube_venv/lib/python3.12/site-packages/airflow/example_dags/example_xcom.py
[2025-03-26T17:14:26.391+0000] {processor.py:925} INFO - DAG(s) 'example_xcom' retrieved from /home/ubuntu/customer_churn_youtube_venv/lib/python3.12/site-packages/airflow/example_dags/example_xcom.py
[2025-03-26T17:14:26.406+0000] {logging_mixin.py:190} INFO - [2025-03-26T17:14:26.406+0000] {dag.py:3239} INFO - Sync 1 DAGs
[2025-03-26T17:14:26.425+0000] {logging_mixin.py:190} INFO - [2025-03-26T17:14:26.424+0000] {dag.py:4180} INFO - Setting next_dagrun for example_xcom to 2021-01-01 00:00:00+00:00, run_after=2021-01-01 00:00:00+00:00
[2025-03-26T17:14:26.446+0000] {processor.py:208} INFO - Processing /home/ubuntu/customer_churn_youtube_venv/lib/python3.12/site-packages/airflow/example_dags/example_xcom.py took 0.072 seconds
[2025-03-26T17:15:21.868+0000] {processor.py:186} INFO - Started process (PID=6385) to work on /home/ubuntu/customer_churn_youtube_venv/lib/python3.12/site-packages/airflow/example_dags/example_xcom.py
[2025-03-26T17:15:21.869+0000] {processor.py:914} INFO - Processing file /home/ubuntu/customer_churn_youtube_venv/lib/python3.12/site-packages/airflow/example_dags/example_xcom.py for tasks to queue
[2025-03-26T17:15:21.872+0000] {logging_mixin.py:190} INFO - [2025-03-26T17:15:21.871+0000] {dagbag.py:588} INFO - Filling up the DagBag from /home/ubuntu/customer_churn_youtube_venv/lib/python3.12/site-packages/airflow/example_dags/example_xcom.py
[2025-03-26T17:15:21.881+0000] {processor.py:925} INFO - DAG(s) 'example_xcom' retrieved from /home/ubuntu/customer_churn_youtube_venv/lib/python3.12/site-packages/airflow/example_dags/example_xcom.py
[2025-03-26T17:15:21.896+0000] {logging_mixin.py:190} INFO - [2025-03-26T17:15:21.896+0000] {dag.py:3239} INFO - Sync 1 DAGs
[2025-03-26T17:15:21.914+0000] {logging_mixin.py:190} INFO - [2025-03-26T17:15:21.913+0000] {dag.py:4180} INFO - Setting next_dagrun for example_xcom to 2021-01-01 00:00:00+00:00, run_after=2021-01-01 00:00:00+00:00
[2025-03-26T17:15:21.936+0000] {processor.py:208} INFO - Processing /home/ubuntu/customer_churn_youtube_venv/lib/python3.12/site-packages/airflow/example_dags/example_xcom.py took 0.073 seconds
[2025-03-26T17:16:13.457+0000] {processor.py:186} INFO - Started process (PID=6438) to work on /home/ubuntu/customer_churn_youtube_venv/lib/python3.12/site-packages/airflow/example_dags/example_xcom.py
[2025-03-26T17:16:13.460+0000] {processor.py:914} INFO - Processing file /home/ubuntu/customer_churn_youtube_venv/lib/python3.12/site-packages/airflow/example_dags/example_xcom.py for tasks to queue
[2025-03-26T17:16:13.462+0000] {logging_mixin.py:190} INFO - [2025-03-26T17:16:13.462+0000] {dagbag.py:588} INFO - Filling up the DagBag from /home/ubuntu/customer_churn_youtube_venv/lib/python3.12/site-packages/airflow/example_dags/example_xcom.py
[2025-03-26T17:16:13.472+0000] {processor.py:925} INFO - DAG(s) 'example_xcom' retrieved from /home/ubuntu/customer_churn_youtube_venv/lib/python3.12/site-packages/airflow/example_dags/example_xcom.py
[2025-03-26T17:16:13.488+0000] {logging_mixin.py:190} INFO - [2025-03-26T17:16:13.488+0000] {dag.py:3239} INFO - Sync 1 DAGs
[2025-03-26T17:16:13.506+0000] {logging_mixin.py:190} INFO - [2025-03-26T17:16:13.505+0000] {dag.py:4180} INFO - Setting next_dagrun for example_xcom to 2021-01-01 00:00:00+00:00, run_after=2021-01-01 00:00:00+00:00
[2025-03-26T17:16:13.527+0000] {processor.py:208} INFO - Processing /home/ubuntu/customer_churn_youtube_venv/lib/python3.12/site-packages/airflow/example_dags/example_xcom.py took 0.074 seconds
[2025-03-26T17:17:07.602+0000] {processor.py:186} INFO - Started process (PID=6496) to work on /home/ubuntu/customer_churn_youtube_venv/lib/python3.12/site-packages/airflow/example_dags/example_xcom.py
[2025-03-26T17:17:07.604+0000] {processor.py:914} INFO - Processing file /home/ubuntu/customer_churn_youtube_venv/lib/python3.12/site-packages/airflow/example_dags/example_xcom.py for tasks to queue
[2025-03-26T17:17:07.606+0000] {logging_mixin.py:190} INFO - [2025-03-26T17:17:07.605+0000] {dagbag.py:588} INFO - Filling up the DagBag from /home/ubuntu/customer_churn_youtube_venv/lib/python3.12/site-packages/airflow/example_dags/example_xcom.py
[2025-03-26T17:17:07.615+0000] {processor.py:925} INFO - DAG(s) 'example_xcom' retrieved from /home/ubuntu/customer_churn_youtube_venv/lib/python3.12/site-packages/airflow/example_dags/example_xcom.py
[2025-03-26T17:17:07.631+0000] {logging_mixin.py:190} INFO - [2025-03-26T17:17:07.631+0000] {dag.py:3239} INFO - Sync 1 DAGs
[2025-03-26T17:17:07.650+0000] {logging_mixin.py:190} INFO - [2025-03-26T17:17:07.650+0000] {dag.py:4180} INFO - Setting next_dagrun for example_xcom to 2021-01-01 00:00:00+00:00, run_after=2021-01-01 00:00:00+00:00
[2025-03-26T17:17:07.671+0000] {processor.py:208} INFO - Processing /home/ubuntu/customer_churn_youtube_venv/lib/python3.12/site-packages/airflow/example_dags/example_xcom.py took 0.074 seconds
[2025-03-26T17:18:00.430+0000] {processor.py:186} INFO - Started process (PID=6550) to work on /home/ubuntu/customer_churn_youtube_venv/lib/python3.12/site-packages/airflow/example_dags/example_xcom.py
[2025-03-26T17:18:00.432+0000] {processor.py:914} INFO - Processing file /home/ubuntu/customer_churn_youtube_venv/lib/python3.12/site-packages/airflow/example_dags/example_xcom.py for tasks to queue
[2025-03-26T17:18:00.434+0000] {logging_mixin.py:190} INFO - [2025-03-26T17:18:00.433+0000] {dagbag.py:588} INFO - Filling up the DagBag from /home/ubuntu/customer_churn_youtube_venv/lib/python3.12/site-packages/airflow/example_dags/example_xcom.py
[2025-03-26T17:18:00.443+0000] {processor.py:925} INFO - DAG(s) 'example_xcom' retrieved from /home/ubuntu/customer_churn_youtube_venv/lib/python3.12/site-packages/airflow/example_dags/example_xcom.py
[2025-03-26T17:18:00.459+0000] {logging_mixin.py:190} INFO - [2025-03-26T17:18:00.458+0000] {dag.py:3239} INFO - Sync 1 DAGs
[2025-03-26T17:18:00.476+0000] {logging_mixin.py:190} INFO - [2025-03-26T17:18:00.476+0000] {dag.py:4180} INFO - Setting next_dagrun for example_xcom to 2021-01-01 00:00:00+00:00, run_after=2021-01-01 00:00:00+00:00
[2025-03-26T17:18:00.501+0000] {processor.py:208} INFO - Processing /home/ubuntu/customer_churn_youtube_venv/lib/python3.12/site-packages/airflow/example_dags/example_xcom.py took 0.076 seconds
[2025-03-26T17:18:54.017+0000] {processor.py:186} INFO - Started process (PID=6605) to work on /home/ubuntu/customer_churn_youtube_venv/lib/python3.12/site-packages/airflow/example_dags/example_xcom.py
[2025-03-26T17:18:54.018+0000] {processor.py:914} INFO - Processing file /home/ubuntu/customer_churn_youtube_venv/lib/python3.12/site-packages/airflow/example_dags/example_xcom.py for tasks to queue
[2025-03-26T17:18:54.020+0000] {logging_mixin.py:190} INFO - [2025-03-26T17:18:54.020+0000] {dagbag.py:588} INFO - Filling up the DagBag from /home/ubuntu/customer_churn_youtube_venv/lib/python3.12/site-packages/airflow/example_dags/example_xcom.py
[2025-03-26T17:18:54.030+0000] {processor.py:925} INFO - DAG(s) 'example_xcom' retrieved from /home/ubuntu/customer_churn_youtube_venv/lib/python3.12/site-packages/airflow/example_dags/example_xcom.py
[2025-03-26T17:18:54.047+0000] {logging_mixin.py:190} INFO - [2025-03-26T17:18:54.046+0000] {dag.py:3239} INFO - Sync 1 DAGs
[2025-03-26T17:18:54.065+0000] {logging_mixin.py:190} INFO - [2025-03-26T17:18:54.064+0000] {dag.py:4180} INFO - Setting next_dagrun for example_xcom to 2021-01-01 00:00:00+00:00, run_after=2021-01-01 00:00:00+00:00
[2025-03-26T17:18:54.208+0000] {processor.py:208} INFO - Processing /home/ubuntu/customer_churn_youtube_venv/lib/python3.12/site-packages/airflow/example_dags/example_xcom.py took 0.196 seconds
[2025-03-26T17:19:53.887+0000] {processor.py:186} INFO - Started process (PID=6662) to work on /home/ubuntu/customer_churn_youtube_venv/lib/python3.12/site-packages/airflow/example_dags/example_xcom.py
[2025-03-26T17:19:53.889+0000] {processor.py:914} INFO - Processing file /home/ubuntu/customer_churn_youtube_venv/lib/python3.12/site-packages/airflow/example_dags/example_xcom.py for tasks to queue
[2025-03-26T17:19:53.891+0000] {logging_mixin.py:190} INFO - [2025-03-26T17:19:53.891+0000] {dagbag.py:588} INFO - Filling up the DagBag from /home/ubuntu/customer_churn_youtube_venv/lib/python3.12/site-packages/airflow/example_dags/example_xcom.py
[2025-03-26T17:19:53.901+0000] {processor.py:925} INFO - DAG(s) 'example_xcom' retrieved from /home/ubuntu/customer_churn_youtube_venv/lib/python3.12/site-packages/airflow/example_dags/example_xcom.py
[2025-03-26T17:19:53.916+0000] {logging_mixin.py:190} INFO - [2025-03-26T17:19:53.915+0000] {dag.py:3239} INFO - Sync 1 DAGs
[2025-03-26T17:19:53.934+0000] {logging_mixin.py:190} INFO - [2025-03-26T17:19:53.933+0000] {dag.py:4180} INFO - Setting next_dagrun for example_xcom to 2021-01-01 00:00:00+00:00, run_after=2021-01-01 00:00:00+00:00
[2025-03-26T17:19:53.957+0000] {processor.py:208} INFO - Processing /home/ubuntu/customer_churn_youtube_venv/lib/python3.12/site-packages/airflow/example_dags/example_xcom.py took 0.075 seconds
[2025-03-26T17:20:50.763+0000] {processor.py:186} INFO - Started process (PID=6725) to work on /home/ubuntu/customer_churn_youtube_venv/lib/python3.12/site-packages/airflow/example_dags/example_xcom.py
[2025-03-26T17:20:50.765+0000] {processor.py:914} INFO - Processing file /home/ubuntu/customer_churn_youtube_venv/lib/python3.12/site-packages/airflow/example_dags/example_xcom.py for tasks to queue
[2025-03-26T17:20:50.768+0000] {logging_mixin.py:190} INFO - [2025-03-26T17:20:50.767+0000] {dagbag.py:588} INFO - Filling up the DagBag from /home/ubuntu/customer_churn_youtube_venv/lib/python3.12/site-packages/airflow/example_dags/example_xcom.py
[2025-03-26T17:20:50.778+0000] {processor.py:925} INFO - DAG(s) 'example_xcom' retrieved from /home/ubuntu/customer_churn_youtube_venv/lib/python3.12/site-packages/airflow/example_dags/example_xcom.py
[2025-03-26T17:20:50.793+0000] {logging_mixin.py:190} INFO - [2025-03-26T17:20:50.792+0000] {dag.py:3239} INFO - Sync 1 DAGs
[2025-03-26T17:20:50.812+0000] {logging_mixin.py:190} INFO - [2025-03-26T17:20:50.812+0000] {dag.py:4180} INFO - Setting next_dagrun for example_xcom to 2021-01-01 00:00:00+00:00, run_after=2021-01-01 00:00:00+00:00
[2025-03-26T17:20:50.833+0000] {processor.py:208} INFO - Processing /home/ubuntu/customer_churn_youtube_venv/lib/python3.12/site-packages/airflow/example_dags/example_xcom.py took 0.075 seconds
[2025-03-26T17:21:44.721+0000] {processor.py:186} INFO - Started process (PID=6779) to work on /home/ubuntu/customer_churn_youtube_venv/lib/python3.12/site-packages/airflow/example_dags/example_xcom.py
[2025-03-26T17:21:44.724+0000] {processor.py:914} INFO - Processing file /home/ubuntu/customer_churn_youtube_venv/lib/python3.12/site-packages/airflow/example_dags/example_xcom.py for tasks to queue
[2025-03-26T17:21:44.726+0000] {logging_mixin.py:190} INFO - [2025-03-26T17:21:44.726+0000] {dagbag.py:588} INFO - Filling up the DagBag from /home/ubuntu/customer_churn_youtube_venv/lib/python3.12/site-packages/airflow/example_dags/example_xcom.py
[2025-03-26T17:21:44.736+0000] {processor.py:925} INFO - DAG(s) 'example_xcom' retrieved from /home/ubuntu/customer_churn_youtube_venv/lib/python3.12/site-packages/airflow/example_dags/example_xcom.py
[2025-03-26T17:21:44.753+0000] {logging_mixin.py:190} INFO - [2025-03-26T17:21:44.753+0000] {dag.py:3239} INFO - Sync 1 DAGs
[2025-03-26T17:21:44.771+0000] {logging_mixin.py:190} INFO - [2025-03-26T17:21:44.771+0000] {dag.py:4180} INFO - Setting next_dagrun for example_xcom to 2021-01-01 00:00:00+00:00, run_after=2021-01-01 00:00:00+00:00
[2025-03-26T17:21:44.792+0000] {processor.py:208} INFO - Processing /home/ubuntu/customer_churn_youtube_venv/lib/python3.12/site-packages/airflow/example_dags/example_xcom.py took 0.076 seconds
[2025-03-26T17:22:36.411+0000] {processor.py:186} INFO - Started process (PID=6833) to work on /home/ubuntu/customer_churn_youtube_venv/lib/python3.12/site-packages/airflow/example_dags/example_xcom.py
[2025-03-26T17:22:36.413+0000] {processor.py:914} INFO - Processing file /home/ubuntu/customer_churn_youtube_venv/lib/python3.12/site-packages/airflow/example_dags/example_xcom.py for tasks to queue
[2025-03-26T17:22:36.415+0000] {logging_mixin.py:190} INFO - [2025-03-26T17:22:36.415+0000] {dagbag.py:588} INFO - Filling up the DagBag from /home/ubuntu/customer_churn_youtube_venv/lib/python3.12/site-packages/airflow/example_dags/example_xcom.py
[2025-03-26T17:22:36.425+0000] {processor.py:925} INFO - DAG(s) 'example_xcom' retrieved from /home/ubuntu/customer_churn_youtube_venv/lib/python3.12/site-packages/airflow/example_dags/example_xcom.py
[2025-03-26T17:22:36.441+0000] {logging_mixin.py:190} INFO - [2025-03-26T17:22:36.441+0000] {dag.py:3239} INFO - Sync 1 DAGs
[2025-03-26T17:22:36.459+0000] {logging_mixin.py:190} INFO - [2025-03-26T17:22:36.459+0000] {dag.py:4180} INFO - Setting next_dagrun for example_xcom to 2021-01-01 00:00:00+00:00, run_after=2021-01-01 00:00:00+00:00
[2025-03-26T17:22:36.482+0000] {processor.py:208} INFO - Processing /home/ubuntu/customer_churn_youtube_venv/lib/python3.12/site-packages/airflow/example_dags/example_xcom.py took 0.076 seconds
[2025-03-26T17:23:28.065+0000] {processor.py:186} INFO - Started process (PID=6886) to work on /home/ubuntu/customer_churn_youtube_venv/lib/python3.12/site-packages/airflow/example_dags/example_xcom.py
[2025-03-26T17:23:28.066+0000] {processor.py:914} INFO - Processing file /home/ubuntu/customer_churn_youtube_venv/lib/python3.12/site-packages/airflow/example_dags/example_xcom.py for tasks to queue
[2025-03-26T17:23:28.069+0000] {logging_mixin.py:190} INFO - [2025-03-26T17:23:28.069+0000] {dagbag.py:588} INFO - Filling up the DagBag from /home/ubuntu/customer_churn_youtube_venv/lib/python3.12/site-packages/airflow/example_dags/example_xcom.py
[2025-03-26T17:23:28.079+0000] {processor.py:925} INFO - DAG(s) 'example_xcom' retrieved from /home/ubuntu/customer_churn_youtube_venv/lib/python3.12/site-packages/airflow/example_dags/example_xcom.py
[2025-03-26T17:23:28.096+0000] {logging_mixin.py:190} INFO - [2025-03-26T17:23:28.095+0000] {dag.py:3239} INFO - Sync 1 DAGs
[2025-03-26T17:23:28.114+0000] {logging_mixin.py:190} INFO - [2025-03-26T17:23:28.114+0000] {dag.py:4180} INFO - Setting next_dagrun for example_xcom to 2021-01-01 00:00:00+00:00, run_after=2021-01-01 00:00:00+00:00
[2025-03-26T17:23:28.138+0000] {processor.py:208} INFO - Processing /home/ubuntu/customer_churn_youtube_venv/lib/python3.12/site-packages/airflow/example_dags/example_xcom.py took 0.079 seconds
[2025-03-26T17:24:18.521+0000] {processor.py:186} INFO - Started process (PID=6939) to work on /home/ubuntu/customer_churn_youtube_venv/lib/python3.12/site-packages/airflow/example_dags/example_xcom.py
[2025-03-26T17:24:18.523+0000] {processor.py:914} INFO - Processing file /home/ubuntu/customer_churn_youtube_venv/lib/python3.12/site-packages/airflow/example_dags/example_xcom.py for tasks to queue
[2025-03-26T17:24:18.525+0000] {logging_mixin.py:190} INFO - [2025-03-26T17:24:18.525+0000] {dagbag.py:588} INFO - Filling up the DagBag from /home/ubuntu/customer_churn_youtube_venv/lib/python3.12/site-packages/airflow/example_dags/example_xcom.py
[2025-03-26T17:24:18.535+0000] {processor.py:925} INFO - DAG(s) 'example_xcom' retrieved from /home/ubuntu/customer_churn_youtube_venv/lib/python3.12/site-packages/airflow/example_dags/example_xcom.py
[2025-03-26T17:24:18.551+0000] {logging_mixin.py:190} INFO - [2025-03-26T17:24:18.551+0000] {dag.py:3239} INFO - Sync 1 DAGs
[2025-03-26T17:24:18.570+0000] {logging_mixin.py:190} INFO - [2025-03-26T17:24:18.569+0000] {dag.py:4180} INFO - Setting next_dagrun for example_xcom to 2021-01-01 00:00:00+00:00, run_after=2021-01-01 00:00:00+00:00
[2025-03-26T17:24:18.591+0000] {processor.py:208} INFO - Processing /home/ubuntu/customer_churn_youtube_venv/lib/python3.12/site-packages/airflow/example_dags/example_xcom.py took 0.075 seconds
[2025-03-26T17:25:08.966+0000] {processor.py:186} INFO - Started process (PID=6995) to work on /home/ubuntu/customer_churn_youtube_venv/lib/python3.12/site-packages/airflow/example_dags/example_xcom.py
[2025-03-26T17:25:08.967+0000] {processor.py:914} INFO - Processing file /home/ubuntu/customer_churn_youtube_venv/lib/python3.12/site-packages/airflow/example_dags/example_xcom.py for tasks to queue
[2025-03-26T17:25:08.969+0000] {logging_mixin.py:190} INFO - [2025-03-26T17:25:08.969+0000] {dagbag.py:588} INFO - Filling up the DagBag from /home/ubuntu/customer_churn_youtube_venv/lib/python3.12/site-packages/airflow/example_dags/example_xcom.py
[2025-03-26T17:25:08.979+0000] {processor.py:925} INFO - DAG(s) 'example_xcom' retrieved from /home/ubuntu/customer_churn_youtube_venv/lib/python3.12/site-packages/airflow/example_dags/example_xcom.py
[2025-03-26T17:25:08.996+0000] {logging_mixin.py:190} INFO - [2025-03-26T17:25:08.996+0000] {dag.py:3239} INFO - Sync 1 DAGs
[2025-03-26T17:25:09.015+0000] {logging_mixin.py:190} INFO - [2025-03-26T17:25:09.015+0000] {dag.py:4180} INFO - Setting next_dagrun for example_xcom to 2021-01-01 00:00:00+00:00, run_after=2021-01-01 00:00:00+00:00
[2025-03-26T17:25:09.037+0000] {processor.py:208} INFO - Processing /home/ubuntu/customer_churn_youtube_venv/lib/python3.12/site-packages/airflow/example_dags/example_xcom.py took 0.077 seconds
[2025-03-26T17:25:57.813+0000] {processor.py:186} INFO - Started process (PID=7046) to work on /home/ubuntu/customer_churn_youtube_venv/lib/python3.12/site-packages/airflow/example_dags/example_xcom.py
[2025-03-26T17:25:57.815+0000] {processor.py:914} INFO - Processing file /home/ubuntu/customer_churn_youtube_venv/lib/python3.12/site-packages/airflow/example_dags/example_xcom.py for tasks to queue
[2025-03-26T17:25:57.817+0000] {logging_mixin.py:190} INFO - [2025-03-26T17:25:57.816+0000] {dagbag.py:588} INFO - Filling up the DagBag from /home/ubuntu/customer_churn_youtube_venv/lib/python3.12/site-packages/airflow/example_dags/example_xcom.py
[2025-03-26T17:25:57.827+0000] {processor.py:925} INFO - DAG(s) 'example_xcom' retrieved from /home/ubuntu/customer_churn_youtube_venv/lib/python3.12/site-packages/airflow/example_dags/example_xcom.py
[2025-03-26T17:25:57.845+0000] {logging_mixin.py:190} INFO - [2025-03-26T17:25:57.844+0000] {dag.py:3239} INFO - Sync 1 DAGs
[2025-03-26T17:25:57.863+0000] {logging_mixin.py:190} INFO - [2025-03-26T17:25:57.863+0000] {dag.py:4180} INFO - Setting next_dagrun for example_xcom to 2021-01-01 00:00:00+00:00, run_after=2021-01-01 00:00:00+00:00
[2025-03-26T17:25:57.888+0000] {processor.py:208} INFO - Processing /home/ubuntu/customer_churn_youtube_venv/lib/python3.12/site-packages/airflow/example_dags/example_xcom.py took 0.080 seconds
[2025-03-26T17:26:49.135+0000] {processor.py:186} INFO - Started process (PID=7098) to work on /home/ubuntu/customer_churn_youtube_venv/lib/python3.12/site-packages/airflow/example_dags/example_xcom.py
[2025-03-26T17:26:49.137+0000] {processor.py:914} INFO - Processing file /home/ubuntu/customer_churn_youtube_venv/lib/python3.12/site-packages/airflow/example_dags/example_xcom.py for tasks to queue
[2025-03-26T17:26:49.139+0000] {logging_mixin.py:190} INFO - [2025-03-26T17:26:49.138+0000] {dagbag.py:588} INFO - Filling up the DagBag from /home/ubuntu/customer_churn_youtube_venv/lib/python3.12/site-packages/airflow/example_dags/example_xcom.py
[2025-03-26T17:26:49.149+0000] {processor.py:925} INFO - DAG(s) 'example_xcom' retrieved from /home/ubuntu/customer_churn_youtube_venv/lib/python3.12/site-packages/airflow/example_dags/example_xcom.py
[2025-03-26T17:26:49.165+0000] {logging_mixin.py:190} INFO - [2025-03-26T17:26:49.164+0000] {dag.py:3239} INFO - Sync 1 DAGs
[2025-03-26T17:26:49.183+0000] {logging_mixin.py:190} INFO - [2025-03-26T17:26:49.182+0000] {dag.py:4180} INFO - Setting next_dagrun for example_xcom to 2021-01-01 00:00:00+00:00, run_after=2021-01-01 00:00:00+00:00
[2025-03-26T17:26:49.204+0000] {processor.py:208} INFO - Processing /home/ubuntu/customer_churn_youtube_venv/lib/python3.12/site-packages/airflow/example_dags/example_xcom.py took 0.074 seconds
[2025-03-26T17:27:41.762+0000] {processor.py:186} INFO - Started process (PID=7198) to work on /home/ubuntu/customer_churn_youtube_venv/lib/python3.12/site-packages/airflow/example_dags/example_xcom.py
[2025-03-26T17:27:41.763+0000] {processor.py:914} INFO - Processing file /home/ubuntu/customer_churn_youtube_venv/lib/python3.12/site-packages/airflow/example_dags/example_xcom.py for tasks to queue
[2025-03-26T17:27:41.765+0000] {logging_mixin.py:190} INFO - [2025-03-26T17:27:41.765+0000] {dagbag.py:588} INFO - Filling up the DagBag from /home/ubuntu/customer_churn_youtube_venv/lib/python3.12/site-packages/airflow/example_dags/example_xcom.py
[2025-03-26T17:27:41.775+0000] {processor.py:925} INFO - DAG(s) 'example_xcom' retrieved from /home/ubuntu/customer_churn_youtube_venv/lib/python3.12/site-packages/airflow/example_dags/example_xcom.py
[2025-03-26T17:27:41.791+0000] {logging_mixin.py:190} INFO - [2025-03-26T17:27:41.791+0000] {dag.py:3239} INFO - Sync 1 DAGs
[2025-03-26T17:27:41.810+0000] {logging_mixin.py:190} INFO - [2025-03-26T17:27:41.809+0000] {dag.py:4180} INFO - Setting next_dagrun for example_xcom to 2021-01-01 00:00:00+00:00, run_after=2021-01-01 00:00:00+00:00
[2025-03-26T17:27:41.830+0000] {processor.py:208} INFO - Processing /home/ubuntu/customer_churn_youtube_venv/lib/python3.12/site-packages/airflow/example_dags/example_xcom.py took 0.074 seconds
[2025-03-26T17:28:32.322+0000] {processor.py:186} INFO - Started process (PID=7252) to work on /home/ubuntu/customer_churn_youtube_venv/lib/python3.12/site-packages/airflow/example_dags/example_xcom.py
[2025-03-26T17:28:32.323+0000] {processor.py:914} INFO - Processing file /home/ubuntu/customer_churn_youtube_venv/lib/python3.12/site-packages/airflow/example_dags/example_xcom.py for tasks to queue
[2025-03-26T17:28:32.325+0000] {logging_mixin.py:190} INFO - [2025-03-26T17:28:32.325+0000] {dagbag.py:588} INFO - Filling up the DagBag from /home/ubuntu/customer_churn_youtube_venv/lib/python3.12/site-packages/airflow/example_dags/example_xcom.py
[2025-03-26T17:28:32.335+0000] {processor.py:925} INFO - DAG(s) 'example_xcom' retrieved from /home/ubuntu/customer_churn_youtube_venv/lib/python3.12/site-packages/airflow/example_dags/example_xcom.py
[2025-03-26T17:28:32.350+0000] {logging_mixin.py:190} INFO - [2025-03-26T17:28:32.350+0000] {dag.py:3239} INFO - Sync 1 DAGs
[2025-03-26T17:28:32.369+0000] {logging_mixin.py:190} INFO - [2025-03-26T17:28:32.369+0000] {dag.py:4180} INFO - Setting next_dagrun for example_xcom to 2021-01-01 00:00:00+00:00, run_after=2021-01-01 00:00:00+00:00
[2025-03-26T17:28:32.391+0000] {processor.py:208} INFO - Processing /home/ubuntu/customer_churn_youtube_venv/lib/python3.12/site-packages/airflow/example_dags/example_xcom.py took 0.075 seconds
[2025-03-26T17:29:22.779+0000] {processor.py:186} INFO - Started process (PID=7304) to work on /home/ubuntu/customer_churn_youtube_venv/lib/python3.12/site-packages/airflow/example_dags/example_xcom.py
[2025-03-26T17:29:22.781+0000] {processor.py:914} INFO - Processing file /home/ubuntu/customer_churn_youtube_venv/lib/python3.12/site-packages/airflow/example_dags/example_xcom.py for tasks to queue
[2025-03-26T17:29:22.783+0000] {logging_mixin.py:190} INFO - [2025-03-26T17:29:22.783+0000] {dagbag.py:588} INFO - Filling up the DagBag from /home/ubuntu/customer_churn_youtube_venv/lib/python3.12/site-packages/airflow/example_dags/example_xcom.py
[2025-03-26T17:29:22.792+0000] {processor.py:925} INFO - DAG(s) 'example_xcom' retrieved from /home/ubuntu/customer_churn_youtube_venv/lib/python3.12/site-packages/airflow/example_dags/example_xcom.py
[2025-03-26T17:29:22.809+0000] {logging_mixin.py:190} INFO - [2025-03-26T17:29:22.809+0000] {dag.py:3239} INFO - Sync 1 DAGs
[2025-03-26T17:29:22.827+0000] {logging_mixin.py:190} INFO - [2025-03-26T17:29:22.826+0000] {dag.py:4180} INFO - Setting next_dagrun for example_xcom to 2021-01-01 00:00:00+00:00, run_after=2021-01-01 00:00:00+00:00
[2025-03-26T17:29:22.847+0000] {processor.py:208} INFO - Processing /home/ubuntu/customer_churn_youtube_venv/lib/python3.12/site-packages/airflow/example_dags/example_xcom.py took 0.074 seconds
[2025-03-26T17:30:12.212+0000] {processor.py:186} INFO - Started process (PID=7360) to work on /home/ubuntu/customer_churn_youtube_venv/lib/python3.12/site-packages/airflow/example_dags/example_xcom.py
[2025-03-26T17:30:12.214+0000] {processor.py:914} INFO - Processing file /home/ubuntu/customer_churn_youtube_venv/lib/python3.12/site-packages/airflow/example_dags/example_xcom.py for tasks to queue
[2025-03-26T17:30:12.216+0000] {logging_mixin.py:190} INFO - [2025-03-26T17:30:12.216+0000] {dagbag.py:588} INFO - Filling up the DagBag from /home/ubuntu/customer_churn_youtube_venv/lib/python3.12/site-packages/airflow/example_dags/example_xcom.py
[2025-03-26T17:30:12.226+0000] {processor.py:925} INFO - DAG(s) 'example_xcom' retrieved from /home/ubuntu/customer_churn_youtube_venv/lib/python3.12/site-packages/airflow/example_dags/example_xcom.py
[2025-03-26T17:30:12.243+0000] {logging_mixin.py:190} INFO - [2025-03-26T17:30:12.243+0000] {dag.py:3239} INFO - Sync 1 DAGs
[2025-03-26T17:30:12.261+0000] {logging_mixin.py:190} INFO - [2025-03-26T17:30:12.261+0000] {dag.py:4180} INFO - Setting next_dagrun for example_xcom to 2021-01-01 00:00:00+00:00, run_after=2021-01-01 00:00:00+00:00
[2025-03-26T17:30:12.284+0000] {processor.py:208} INFO - Processing /home/ubuntu/customer_churn_youtube_venv/lib/python3.12/site-packages/airflow/example_dags/example_xcom.py took 0.078 seconds
[2025-03-26T17:31:00.733+0000] {processor.py:186} INFO - Started process (PID=7411) to work on /home/ubuntu/customer_churn_youtube_venv/lib/python3.12/site-packages/airflow/example_dags/example_xcom.py
[2025-03-26T17:31:00.735+0000] {processor.py:914} INFO - Processing file /home/ubuntu/customer_churn_youtube_venv/lib/python3.12/site-packages/airflow/example_dags/example_xcom.py for tasks to queue
[2025-03-26T17:31:00.738+0000] {logging_mixin.py:190} INFO - [2025-03-26T17:31:00.737+0000] {dagbag.py:588} INFO - Filling up the DagBag from /home/ubuntu/customer_churn_youtube_venv/lib/python3.12/site-packages/airflow/example_dags/example_xcom.py
[2025-03-26T17:31:00.747+0000] {processor.py:925} INFO - DAG(s) 'example_xcom' retrieved from /home/ubuntu/customer_churn_youtube_venv/lib/python3.12/site-packages/airflow/example_dags/example_xcom.py
[2025-03-26T17:31:00.763+0000] {logging_mixin.py:190} INFO - [2025-03-26T17:31:00.763+0000] {dag.py:3239} INFO - Sync 1 DAGs
[2025-03-26T17:31:00.782+0000] {logging_mixin.py:190} INFO - [2025-03-26T17:31:00.781+0000] {dag.py:4180} INFO - Setting next_dagrun for example_xcom to 2021-01-01 00:00:00+00:00, run_after=2021-01-01 00:00:00+00:00
[2025-03-26T17:31:00.803+0000] {processor.py:208} INFO - Processing /home/ubuntu/customer_churn_youtube_venv/lib/python3.12/site-packages/airflow/example_dags/example_xcom.py took 0.075 seconds
[2025-03-26T17:31:52.357+0000] {processor.py:186} INFO - Started process (PID=7464) to work on /home/ubuntu/customer_churn_youtube_venv/lib/python3.12/site-packages/airflow/example_dags/example_xcom.py
[2025-03-26T17:31:52.359+0000] {processor.py:914} INFO - Processing file /home/ubuntu/customer_churn_youtube_venv/lib/python3.12/site-packages/airflow/example_dags/example_xcom.py for tasks to queue
[2025-03-26T17:31:52.362+0000] {logging_mixin.py:190} INFO - [2025-03-26T17:31:52.361+0000] {dagbag.py:588} INFO - Filling up the DagBag from /home/ubuntu/customer_churn_youtube_venv/lib/python3.12/site-packages/airflow/example_dags/example_xcom.py
[2025-03-26T17:31:52.372+0000] {processor.py:925} INFO - DAG(s) 'example_xcom' retrieved from /home/ubuntu/customer_churn_youtube_venv/lib/python3.12/site-packages/airflow/example_dags/example_xcom.py
[2025-03-26T17:31:52.389+0000] {logging_mixin.py:190} INFO - [2025-03-26T17:31:52.389+0000] {dag.py:3239} INFO - Sync 1 DAGs
[2025-03-26T17:31:52.407+0000] {logging_mixin.py:190} INFO - [2025-03-26T17:31:52.406+0000] {dag.py:4180} INFO - Setting next_dagrun for example_xcom to 2021-01-01 00:00:00+00:00, run_after=2021-01-01 00:00:00+00:00
[2025-03-26T17:31:52.429+0000] {processor.py:208} INFO - Processing /home/ubuntu/customer_churn_youtube_venv/lib/python3.12/site-packages/airflow/example_dags/example_xcom.py took 0.078 seconds
[2025-03-26T17:32:43.957+0000] {processor.py:186} INFO - Started process (PID=7557) to work on /home/ubuntu/customer_churn_youtube_venv/lib/python3.12/site-packages/airflow/example_dags/example_xcom.py
[2025-03-26T17:32:43.959+0000] {processor.py:914} INFO - Processing file /home/ubuntu/customer_churn_youtube_venv/lib/python3.12/site-packages/airflow/example_dags/example_xcom.py for tasks to queue
[2025-03-26T17:32:43.962+0000] {logging_mixin.py:190} INFO - [2025-03-26T17:32:43.962+0000] {dagbag.py:588} INFO - Filling up the DagBag from /home/ubuntu/customer_churn_youtube_venv/lib/python3.12/site-packages/airflow/example_dags/example_xcom.py
[2025-03-26T17:32:43.972+0000] {processor.py:925} INFO - DAG(s) 'example_xcom' retrieved from /home/ubuntu/customer_churn_youtube_venv/lib/python3.12/site-packages/airflow/example_dags/example_xcom.py
[2025-03-26T17:32:43.988+0000] {logging_mixin.py:190} INFO - [2025-03-26T17:32:43.988+0000] {dag.py:3239} INFO - Sync 1 DAGs
[2025-03-26T17:32:44.006+0000] {logging_mixin.py:190} INFO - [2025-03-26T17:32:44.005+0000] {dag.py:4180} INFO - Setting next_dagrun for example_xcom to 2021-01-01 00:00:00+00:00, run_after=2021-01-01 00:00:00+00:00
[2025-03-26T17:32:44.028+0000] {processor.py:208} INFO - Processing /home/ubuntu/customer_churn_youtube_venv/lib/python3.12/site-packages/airflow/example_dags/example_xcom.py took 0.077 seconds
[2025-03-26T17:33:35.597+0000] {processor.py:186} INFO - Started process (PID=7611) to work on /home/ubuntu/customer_churn_youtube_venv/lib/python3.12/site-packages/airflow/example_dags/example_xcom.py
[2025-03-26T17:33:35.599+0000] {processor.py:914} INFO - Processing file /home/ubuntu/customer_churn_youtube_venv/lib/python3.12/site-packages/airflow/example_dags/example_xcom.py for tasks to queue
[2025-03-26T17:33:35.601+0000] {logging_mixin.py:190} INFO - [2025-03-26T17:33:35.601+0000] {dagbag.py:588} INFO - Filling up the DagBag from /home/ubuntu/customer_churn_youtube_venv/lib/python3.12/site-packages/airflow/example_dags/example_xcom.py
[2025-03-26T17:33:35.611+0000] {processor.py:925} INFO - DAG(s) 'example_xcom' retrieved from /home/ubuntu/customer_churn_youtube_venv/lib/python3.12/site-packages/airflow/example_dags/example_xcom.py
[2025-03-26T17:33:35.628+0000] {logging_mixin.py:190} INFO - [2025-03-26T17:33:35.627+0000] {dag.py:3239} INFO - Sync 1 DAGs
[2025-03-26T17:33:35.647+0000] {logging_mixin.py:190} INFO - [2025-03-26T17:33:35.647+0000] {dag.py:4180} INFO - Setting next_dagrun for example_xcom to 2021-01-01 00:00:00+00:00, run_after=2021-01-01 00:00:00+00:00
[2025-03-26T17:33:35.669+0000] {processor.py:208} INFO - Processing /home/ubuntu/customer_churn_youtube_venv/lib/python3.12/site-packages/airflow/example_dags/example_xcom.py took 0.077 seconds
[2025-03-26T17:34:25.985+0000] {processor.py:186} INFO - Started process (PID=7663) to work on /home/ubuntu/customer_churn_youtube_venv/lib/python3.12/site-packages/airflow/example_dags/example_xcom.py
[2025-03-26T17:34:25.987+0000] {processor.py:914} INFO - Processing file /home/ubuntu/customer_churn_youtube_venv/lib/python3.12/site-packages/airflow/example_dags/example_xcom.py for tasks to queue
[2025-03-26T17:34:25.989+0000] {logging_mixin.py:190} INFO - [2025-03-26T17:34:25.988+0000] {dagbag.py:588} INFO - Filling up the DagBag from /home/ubuntu/customer_churn_youtube_venv/lib/python3.12/site-packages/airflow/example_dags/example_xcom.py
[2025-03-26T17:34:25.999+0000] {processor.py:925} INFO - DAG(s) 'example_xcom' retrieved from /home/ubuntu/customer_churn_youtube_venv/lib/python3.12/site-packages/airflow/example_dags/example_xcom.py
[2025-03-26T17:34:26.015+0000] {logging_mixin.py:190} INFO - [2025-03-26T17:34:26.015+0000] {dag.py:3239} INFO - Sync 1 DAGs
[2025-03-26T17:34:26.033+0000] {logging_mixin.py:190} INFO - [2025-03-26T17:34:26.033+0000] {dag.py:4180} INFO - Setting next_dagrun for example_xcom to 2021-01-01 00:00:00+00:00, run_after=2021-01-01 00:00:00+00:00
[2025-03-26T17:34:26.054+0000] {processor.py:208} INFO - Processing /home/ubuntu/customer_churn_youtube_venv/lib/python3.12/site-packages/airflow/example_dags/example_xcom.py took 0.074 seconds
[2025-03-26T17:35:19.751+0000] {processor.py:186} INFO - Started process (PID=7724) to work on /home/ubuntu/customer_churn_youtube_venv/lib/python3.12/site-packages/airflow/example_dags/example_xcom.py
[2025-03-26T17:35:19.753+0000] {processor.py:914} INFO - Processing file /home/ubuntu/customer_churn_youtube_venv/lib/python3.12/site-packages/airflow/example_dags/example_xcom.py for tasks to queue
[2025-03-26T17:35:19.755+0000] {logging_mixin.py:190} INFO - [2025-03-26T17:35:19.755+0000] {dagbag.py:588} INFO - Filling up the DagBag from /home/ubuntu/customer_churn_youtube_venv/lib/python3.12/site-packages/airflow/example_dags/example_xcom.py
[2025-03-26T17:35:19.765+0000] {processor.py:925} INFO - DAG(s) 'example_xcom' retrieved from /home/ubuntu/customer_churn_youtube_venv/lib/python3.12/site-packages/airflow/example_dags/example_xcom.py
[2025-03-26T17:35:19.781+0000] {logging_mixin.py:190} INFO - [2025-03-26T17:35:19.781+0000] {dag.py:3239} INFO - Sync 1 DAGs
[2025-03-26T17:35:19.800+0000] {logging_mixin.py:190} INFO - [2025-03-26T17:35:19.800+0000] {dag.py:4180} INFO - Setting next_dagrun for example_xcom to 2021-01-01 00:00:00+00:00, run_after=2021-01-01 00:00:00+00:00
[2025-03-26T17:35:19.820+0000] {processor.py:208} INFO - Processing /home/ubuntu/customer_churn_youtube_venv/lib/python3.12/site-packages/airflow/example_dags/example_xcom.py took 0.075 seconds
[2025-03-26T17:36:13.770+0000] {processor.py:186} INFO - Started process (PID=7780) to work on /home/ubuntu/customer_churn_youtube_venv/lib/python3.12/site-packages/airflow/example_dags/example_xcom.py
[2025-03-26T17:36:13.773+0000] {processor.py:914} INFO - Processing file /home/ubuntu/customer_churn_youtube_venv/lib/python3.12/site-packages/airflow/example_dags/example_xcom.py for tasks to queue
[2025-03-26T17:36:13.774+0000] {logging_mixin.py:190} INFO - [2025-03-26T17:36:13.774+0000] {dagbag.py:588} INFO - Filling up the DagBag from /home/ubuntu/customer_churn_youtube_venv/lib/python3.12/site-packages/airflow/example_dags/example_xcom.py
[2025-03-26T17:36:13.785+0000] {processor.py:925} INFO - DAG(s) 'example_xcom' retrieved from /home/ubuntu/customer_churn_youtube_venv/lib/python3.12/site-packages/airflow/example_dags/example_xcom.py
[2025-03-26T17:36:13.801+0000] {logging_mixin.py:190} INFO - [2025-03-26T17:36:13.801+0000] {dag.py:3239} INFO - Sync 1 DAGs
[2025-03-26T17:36:13.819+0000] {logging_mixin.py:190} INFO - [2025-03-26T17:36:13.819+0000] {dag.py:4180} INFO - Setting next_dagrun for example_xcom to 2021-01-01 00:00:00+00:00, run_after=2021-01-01 00:00:00+00:00
[2025-03-26T17:36:13.842+0000] {processor.py:208} INFO - Processing /home/ubuntu/customer_churn_youtube_venv/lib/python3.12/site-packages/airflow/example_dags/example_xcom.py took 0.077 seconds
