[2025-03-26T17:13:30.377+0000] {processor.py:186} INFO - Started process (PID=6276) to work on /home/ubuntu/customer_churn_youtube_venv/lib/python3.12/site-packages/airflow/example_dags/example_skip_dag.py
[2025-03-26T17:13:30.378+0000] {processor.py:914} INFO - Processing file /home/ubuntu/customer_churn_youtube_venv/lib/python3.12/site-packages/airflow/example_dags/example_skip_dag.py for tasks to queue
[2025-03-26T17:13:30.381+0000] {logging_mixin.py:190} INFO - [2025-03-26T17:13:30.380+0000] {dagbag.py:588} INFO - Filling up the DagBag from /home/ubuntu/customer_churn_youtube_venv/lib/python3.12/site-packages/airflow/example_dags/example_skip_dag.py
[2025-03-26T17:13:30.388+0000] {processor.py:925} INFO - DAG(s) 'example_skip_dag' retrieved from /home/ubuntu/customer_churn_youtube_venv/lib/python3.12/site-packages/airflow/example_dags/example_skip_dag.py
[2025-03-26T17:13:30.495+0000] {logging_mixin.py:190} INFO - [2025-03-26T17:13:30.494+0000] {override.py:1930} INFO - Created Permission View: can edit on DAG:example_skip_dag
[2025-03-26T17:13:30.509+0000] {logging_mixin.py:190} INFO - [2025-03-26T17:13:30.508+0000] {override.py:1930} INFO - Created Permission View: can read on DAG:example_skip_dag
[2025-03-26T17:13:30.518+0000] {logging_mixin.py:190} INFO - [2025-03-26T17:13:30.518+0000] {override.py:1930} INFO - Created Permission View: can delete on DAG:example_skip_dag
[2025-03-26T17:13:30.535+0000] {logging_mixin.py:190} INFO - [2025-03-26T17:13:30.534+0000] {override.py:1930} INFO - Created Permission View: menu access on DAG Run:example_skip_dag
[2025-03-26T17:13:30.545+0000] {logging_mixin.py:190} INFO - [2025-03-26T17:13:30.545+0000] {override.py:1930} INFO - Created Permission View: can create on DAG Run:example_skip_dag
[2025-03-26T17:13:30.556+0000] {logging_mixin.py:190} INFO - [2025-03-26T17:13:30.556+0000] {override.py:1930} INFO - Created Permission View: can delete on DAG Run:example_skip_dag
[2025-03-26T17:13:30.567+0000] {logging_mixin.py:190} INFO - [2025-03-26T17:13:30.567+0000] {override.py:1930} INFO - Created Permission View: can read on DAG Run:example_skip_dag
[2025-03-26T17:13:30.567+0000] {logging_mixin.py:190} INFO - [2025-03-26T17:13:30.567+0000] {dag.py:3239} INFO - Sync 1 DAGs
[2025-03-26T17:13:30.578+0000] {logging_mixin.py:190} INFO - [2025-03-26T17:13:30.577+0000] {dag.py:3262} INFO - Creating ORM DAG for example_skip_dag
[2025-03-26T17:13:30.585+0000] {logging_mixin.py:190} INFO - [2025-03-26T17:13:30.585+0000] {dag.py:4180} INFO - Setting next_dagrun for example_skip_dag to 2025-03-25 00:00:00+00:00, run_after=2025-03-26 00:00:00+00:00
[2025-03-26T17:13:30.607+0000] {processor.py:208} INFO - Processing /home/ubuntu/customer_churn_youtube_venv/lib/python3.12/site-packages/airflow/example_dags/example_skip_dag.py took 0.236 seconds
[2025-03-26T17:14:36.517+0000] {processor.py:186} INFO - Started process (PID=6333) to work on /home/ubuntu/customer_churn_youtube_venv/lib/python3.12/site-packages/airflow/example_dags/example_skip_dag.py
[2025-03-26T17:14:36.519+0000] {processor.py:914} INFO - Processing file /home/ubuntu/customer_churn_youtube_venv/lib/python3.12/site-packages/airflow/example_dags/example_skip_dag.py for tasks to queue
[2025-03-26T17:14:36.520+0000] {logging_mixin.py:190} INFO - [2025-03-26T17:14:36.520+0000] {dagbag.py:588} INFO - Filling up the DagBag from /home/ubuntu/customer_churn_youtube_venv/lib/python3.12/site-packages/airflow/example_dags/example_skip_dag.py
[2025-03-26T17:14:36.530+0000] {processor.py:925} INFO - DAG(s) 'example_skip_dag' retrieved from /home/ubuntu/customer_churn_youtube_venv/lib/python3.12/site-packages/airflow/example_dags/example_skip_dag.py
[2025-03-26T17:14:36.546+0000] {logging_mixin.py:190} INFO - [2025-03-26T17:14:36.546+0000] {dag.py:3239} INFO - Sync 1 DAGs
[2025-03-26T17:14:36.565+0000] {logging_mixin.py:190} INFO - [2025-03-26T17:14:36.565+0000] {dag.py:4180} INFO - Setting next_dagrun for example_skip_dag to 2025-03-25 00:00:00+00:00, run_after=2025-03-26 00:00:00+00:00
[2025-03-26T17:14:36.586+0000] {processor.py:208} INFO - Processing /home/ubuntu/customer_churn_youtube_venv/lib/python3.12/site-packages/airflow/example_dags/example_skip_dag.py took 0.075 seconds
[2025-03-26T17:15:32.168+0000] {processor.py:186} INFO - Started process (PID=6396) to work on /home/ubuntu/customer_churn_youtube_venv/lib/python3.12/site-packages/airflow/example_dags/example_skip_dag.py
[2025-03-26T17:15:32.170+0000] {processor.py:914} INFO - Processing file /home/ubuntu/customer_churn_youtube_venv/lib/python3.12/site-packages/airflow/example_dags/example_skip_dag.py for tasks to queue
[2025-03-26T17:15:32.171+0000] {logging_mixin.py:190} INFO - [2025-03-26T17:15:32.171+0000] {dagbag.py:588} INFO - Filling up the DagBag from /home/ubuntu/customer_churn_youtube_venv/lib/python3.12/site-packages/airflow/example_dags/example_skip_dag.py
[2025-03-26T17:15:32.180+0000] {processor.py:925} INFO - DAG(s) 'example_skip_dag' retrieved from /home/ubuntu/customer_churn_youtube_venv/lib/python3.12/site-packages/airflow/example_dags/example_skip_dag.py
[2025-03-26T17:15:32.196+0000] {logging_mixin.py:190} INFO - [2025-03-26T17:15:32.196+0000] {dag.py:3239} INFO - Sync 1 DAGs
[2025-03-26T17:15:32.214+0000] {logging_mixin.py:190} INFO - [2025-03-26T17:15:32.214+0000] {dag.py:4180} INFO - Setting next_dagrun for example_skip_dag to 2025-03-25 00:00:00+00:00, run_after=2025-03-26 00:00:00+00:00
[2025-03-26T17:15:32.235+0000] {processor.py:208} INFO - Processing /home/ubuntu/customer_churn_youtube_venv/lib/python3.12/site-packages/airflow/example_dags/example_skip_dag.py took 0.072 seconds
[2025-03-26T17:16:24.890+0000] {processor.py:186} INFO - Started process (PID=6449) to work on /home/ubuntu/customer_churn_youtube_venv/lib/python3.12/site-packages/airflow/example_dags/example_skip_dag.py
[2025-03-26T17:16:24.891+0000] {processor.py:914} INFO - Processing file /home/ubuntu/customer_churn_youtube_venv/lib/python3.12/site-packages/airflow/example_dags/example_skip_dag.py for tasks to queue
[2025-03-26T17:16:24.893+0000] {logging_mixin.py:190} INFO - [2025-03-26T17:16:24.893+0000] {dagbag.py:588} INFO - Filling up the DagBag from /home/ubuntu/customer_churn_youtube_venv/lib/python3.12/site-packages/airflow/example_dags/example_skip_dag.py
[2025-03-26T17:16:24.901+0000] {processor.py:925} INFO - DAG(s) 'example_skip_dag' retrieved from /home/ubuntu/customer_churn_youtube_venv/lib/python3.12/site-packages/airflow/example_dags/example_skip_dag.py
[2025-03-26T17:16:24.918+0000] {logging_mixin.py:190} INFO - [2025-03-26T17:16:24.918+0000] {dag.py:3239} INFO - Sync 1 DAGs
[2025-03-26T17:16:24.938+0000] {logging_mixin.py:190} INFO - [2025-03-26T17:16:24.938+0000] {dag.py:4180} INFO - Setting next_dagrun for example_skip_dag to 2025-03-25 00:00:00+00:00, run_after=2025-03-26 00:00:00+00:00
[2025-03-26T17:16:24.960+0000] {processor.py:208} INFO - Processing /home/ubuntu/customer_churn_youtube_venv/lib/python3.12/site-packages/airflow/example_dags/example_skip_dag.py took 0.076 seconds
[2025-03-26T17:17:18.879+0000] {processor.py:186} INFO - Started process (PID=6507) to work on /home/ubuntu/customer_churn_youtube_venv/lib/python3.12/site-packages/airflow/example_dags/example_skip_dag.py
[2025-03-26T17:17:18.881+0000] {processor.py:914} INFO - Processing file /home/ubuntu/customer_churn_youtube_venv/lib/python3.12/site-packages/airflow/example_dags/example_skip_dag.py for tasks to queue
[2025-03-26T17:17:18.882+0000] {logging_mixin.py:190} INFO - [2025-03-26T17:17:18.882+0000] {dagbag.py:588} INFO - Filling up the DagBag from /home/ubuntu/customer_churn_youtube_venv/lib/python3.12/site-packages/airflow/example_dags/example_skip_dag.py
[2025-03-26T17:17:18.891+0000] {processor.py:925} INFO - DAG(s) 'example_skip_dag' retrieved from /home/ubuntu/customer_churn_youtube_venv/lib/python3.12/site-packages/airflow/example_dags/example_skip_dag.py
[2025-03-26T17:17:18.907+0000] {logging_mixin.py:190} INFO - [2025-03-26T17:17:18.906+0000] {dag.py:3239} INFO - Sync 1 DAGs
[2025-03-26T17:17:18.926+0000] {logging_mixin.py:190} INFO - [2025-03-26T17:17:18.926+0000] {dag.py:4180} INFO - Setting next_dagrun for example_skip_dag to 2025-03-25 00:00:00+00:00, run_after=2025-03-26 00:00:00+00:00
[2025-03-26T17:17:18.948+0000] {processor.py:208} INFO - Processing /home/ubuntu/customer_churn_youtube_venv/lib/python3.12/site-packages/airflow/example_dags/example_skip_dag.py took 0.074 seconds
[2025-03-26T17:18:10.603+0000] {processor.py:186} INFO - Started process (PID=6561) to work on /home/ubuntu/customer_churn_youtube_venv/lib/python3.12/site-packages/airflow/example_dags/example_skip_dag.py
[2025-03-26T17:18:10.605+0000] {processor.py:914} INFO - Processing file /home/ubuntu/customer_churn_youtube_venv/lib/python3.12/site-packages/airflow/example_dags/example_skip_dag.py for tasks to queue
[2025-03-26T17:18:10.606+0000] {logging_mixin.py:190} INFO - [2025-03-26T17:18:10.606+0000] {dagbag.py:588} INFO - Filling up the DagBag from /home/ubuntu/customer_churn_youtube_venv/lib/python3.12/site-packages/airflow/example_dags/example_skip_dag.py
[2025-03-26T17:18:10.615+0000] {processor.py:925} INFO - DAG(s) 'example_skip_dag' retrieved from /home/ubuntu/customer_churn_youtube_venv/lib/python3.12/site-packages/airflow/example_dags/example_skip_dag.py
[2025-03-26T17:18:10.631+0000] {logging_mixin.py:190} INFO - [2025-03-26T17:18:10.631+0000] {dag.py:3239} INFO - Sync 1 DAGs
[2025-03-26T17:18:10.650+0000] {logging_mixin.py:190} INFO - [2025-03-26T17:18:10.650+0000] {dag.py:4180} INFO - Setting next_dagrun for example_skip_dag to 2025-03-25 00:00:00+00:00, run_after=2025-03-26 00:00:00+00:00
[2025-03-26T17:18:10.672+0000] {processor.py:208} INFO - Processing /home/ubuntu/customer_churn_youtube_venv/lib/python3.12/site-packages/airflow/example_dags/example_skip_dag.py took 0.075 seconds
[2025-03-26T17:19:05.197+0000] {processor.py:186} INFO - Started process (PID=6617) to work on /home/ubuntu/customer_churn_youtube_venv/lib/python3.12/site-packages/airflow/example_dags/example_skip_dag.py
[2025-03-26T17:19:05.198+0000] {processor.py:914} INFO - Processing file /home/ubuntu/customer_churn_youtube_venv/lib/python3.12/site-packages/airflow/example_dags/example_skip_dag.py for tasks to queue
[2025-03-26T17:19:05.200+0000] {logging_mixin.py:190} INFO - [2025-03-26T17:19:05.200+0000] {dagbag.py:588} INFO - Filling up the DagBag from /home/ubuntu/customer_churn_youtube_venv/lib/python3.12/site-packages/airflow/example_dags/example_skip_dag.py
[2025-03-26T17:19:05.209+0000] {processor.py:925} INFO - DAG(s) 'example_skip_dag' retrieved from /home/ubuntu/customer_churn_youtube_venv/lib/python3.12/site-packages/airflow/example_dags/example_skip_dag.py
[2025-03-26T17:19:05.225+0000] {logging_mixin.py:190} INFO - [2025-03-26T17:19:05.225+0000] {dag.py:3239} INFO - Sync 1 DAGs
[2025-03-26T17:19:05.244+0000] {logging_mixin.py:190} INFO - [2025-03-26T17:19:05.244+0000] {dag.py:4180} INFO - Setting next_dagrun for example_skip_dag to 2025-03-25 00:00:00+00:00, run_after=2025-03-26 00:00:00+00:00
[2025-03-26T17:19:05.382+0000] {processor.py:208} INFO - Processing /home/ubuntu/customer_churn_youtube_venv/lib/python3.12/site-packages/airflow/example_dags/example_skip_dag.py took 0.191 seconds
[2025-03-26T17:20:05.339+0000] {processor.py:186} INFO - Started process (PID=6678) to work on /home/ubuntu/customer_churn_youtube_venv/lib/python3.12/site-packages/airflow/example_dags/example_skip_dag.py
[2025-03-26T17:20:05.341+0000] {processor.py:914} INFO - Processing file /home/ubuntu/customer_churn_youtube_venv/lib/python3.12/site-packages/airflow/example_dags/example_skip_dag.py for tasks to queue
[2025-03-26T17:20:05.344+0000] {logging_mixin.py:190} INFO - [2025-03-26T17:20:05.344+0000] {dagbag.py:588} INFO - Filling up the DagBag from /home/ubuntu/customer_churn_youtube_venv/lib/python3.12/site-packages/airflow/example_dags/example_skip_dag.py
[2025-03-26T17:20:05.353+0000] {processor.py:925} INFO - DAG(s) 'example_skip_dag' retrieved from /home/ubuntu/customer_churn_youtube_venv/lib/python3.12/site-packages/airflow/example_dags/example_skip_dag.py
[2025-03-26T17:20:05.370+0000] {logging_mixin.py:190} INFO - [2025-03-26T17:20:05.370+0000] {dag.py:3239} INFO - Sync 1 DAGs
[2025-03-26T17:20:05.389+0000] {logging_mixin.py:190} INFO - [2025-03-26T17:20:05.389+0000] {dag.py:4180} INFO - Setting next_dagrun for example_skip_dag to 2025-03-25 00:00:00+00:00, run_after=2025-03-26 00:00:00+00:00
[2025-03-26T17:20:05.413+0000] {processor.py:208} INFO - Processing /home/ubuntu/customer_churn_youtube_venv/lib/python3.12/site-packages/airflow/example_dags/example_skip_dag.py took 0.080 seconds
[2025-03-26T17:21:01.968+0000] {processor.py:186} INFO - Started process (PID=6736) to work on /home/ubuntu/customer_churn_youtube_venv/lib/python3.12/site-packages/airflow/example_dags/example_skip_dag.py
[2025-03-26T17:21:01.970+0000] {processor.py:914} INFO - Processing file /home/ubuntu/customer_churn_youtube_venv/lib/python3.12/site-packages/airflow/example_dags/example_skip_dag.py for tasks to queue
[2025-03-26T17:21:01.972+0000] {logging_mixin.py:190} INFO - [2025-03-26T17:21:01.972+0000] {dagbag.py:588} INFO - Filling up the DagBag from /home/ubuntu/customer_churn_youtube_venv/lib/python3.12/site-packages/airflow/example_dags/example_skip_dag.py
[2025-03-26T17:21:01.982+0000] {processor.py:925} INFO - DAG(s) 'example_skip_dag' retrieved from /home/ubuntu/customer_churn_youtube_venv/lib/python3.12/site-packages/airflow/example_dags/example_skip_dag.py
[2025-03-26T17:21:02.000+0000] {logging_mixin.py:190} INFO - [2025-03-26T17:21:01.999+0000] {dag.py:3239} INFO - Sync 1 DAGs
[2025-03-26T17:21:02.023+0000] {logging_mixin.py:190} INFO - [2025-03-26T17:21:02.022+0000] {dag.py:4180} INFO - Setting next_dagrun for example_skip_dag to 2025-03-25 00:00:00+00:00, run_after=2025-03-26 00:00:00+00:00
[2025-03-26T17:21:02.050+0000] {processor.py:208} INFO - Processing /home/ubuntu/customer_churn_youtube_venv/lib/python3.12/site-packages/airflow/example_dags/example_skip_dag.py took 0.088 seconds
[2025-03-26T17:21:54.739+0000] {processor.py:186} INFO - Started process (PID=6790) to work on /home/ubuntu/customer_churn_youtube_venv/lib/python3.12/site-packages/airflow/example_dags/example_skip_dag.py
[2025-03-26T17:21:54.741+0000] {processor.py:914} INFO - Processing file /home/ubuntu/customer_churn_youtube_venv/lib/python3.12/site-packages/airflow/example_dags/example_skip_dag.py for tasks to queue
[2025-03-26T17:21:54.743+0000] {logging_mixin.py:190} INFO - [2025-03-26T17:21:54.743+0000] {dagbag.py:588} INFO - Filling up the DagBag from /home/ubuntu/customer_churn_youtube_venv/lib/python3.12/site-packages/airflow/example_dags/example_skip_dag.py
[2025-03-26T17:21:54.751+0000] {processor.py:925} INFO - DAG(s) 'example_skip_dag' retrieved from /home/ubuntu/customer_churn_youtube_venv/lib/python3.12/site-packages/airflow/example_dags/example_skip_dag.py
[2025-03-26T17:21:54.768+0000] {logging_mixin.py:190} INFO - [2025-03-26T17:21:54.768+0000] {dag.py:3239} INFO - Sync 1 DAGs
[2025-03-26T17:21:54.788+0000] {logging_mixin.py:190} INFO - [2025-03-26T17:21:54.788+0000] {dag.py:4180} INFO - Setting next_dagrun for example_skip_dag to 2025-03-25 00:00:00+00:00, run_after=2025-03-26 00:00:00+00:00
[2025-03-26T17:21:54.809+0000] {processor.py:208} INFO - Processing /home/ubuntu/customer_churn_youtube_venv/lib/python3.12/site-packages/airflow/example_dags/example_skip_dag.py took 0.076 seconds
[2025-03-26T17:22:47.843+0000] {processor.py:186} INFO - Started process (PID=6844) to work on /home/ubuntu/customer_churn_youtube_venv/lib/python3.12/site-packages/airflow/example_dags/example_skip_dag.py
[2025-03-26T17:22:47.845+0000] {processor.py:914} INFO - Processing file /home/ubuntu/customer_churn_youtube_venv/lib/python3.12/site-packages/airflow/example_dags/example_skip_dag.py for tasks to queue
[2025-03-26T17:22:47.847+0000] {logging_mixin.py:190} INFO - [2025-03-26T17:22:47.847+0000] {dagbag.py:588} INFO - Filling up the DagBag from /home/ubuntu/customer_churn_youtube_venv/lib/python3.12/site-packages/airflow/example_dags/example_skip_dag.py
[2025-03-26T17:22:47.855+0000] {processor.py:925} INFO - DAG(s) 'example_skip_dag' retrieved from /home/ubuntu/customer_churn_youtube_venv/lib/python3.12/site-packages/airflow/example_dags/example_skip_dag.py
[2025-03-26T17:22:47.872+0000] {logging_mixin.py:190} INFO - [2025-03-26T17:22:47.872+0000] {dag.py:3239} INFO - Sync 1 DAGs
[2025-03-26T17:22:47.892+0000] {logging_mixin.py:190} INFO - [2025-03-26T17:22:47.892+0000] {dag.py:4180} INFO - Setting next_dagrun for example_skip_dag to 2025-03-25 00:00:00+00:00, run_after=2025-03-26 00:00:00+00:00
[2025-03-26T17:22:47.913+0000] {processor.py:208} INFO - Processing /home/ubuntu/customer_churn_youtube_venv/lib/python3.12/site-packages/airflow/example_dags/example_skip_dag.py took 0.076 seconds
[2025-03-26T17:23:39.499+0000] {processor.py:186} INFO - Started process (PID=6897) to work on /home/ubuntu/customer_churn_youtube_venv/lib/python3.12/site-packages/airflow/example_dags/example_skip_dag.py
[2025-03-26T17:23:39.501+0000] {processor.py:914} INFO - Processing file /home/ubuntu/customer_churn_youtube_venv/lib/python3.12/site-packages/airflow/example_dags/example_skip_dag.py for tasks to queue
[2025-03-26T17:23:39.504+0000] {logging_mixin.py:190} INFO - [2025-03-26T17:23:39.503+0000] {dagbag.py:588} INFO - Filling up the DagBag from /home/ubuntu/customer_churn_youtube_venv/lib/python3.12/site-packages/airflow/example_dags/example_skip_dag.py
[2025-03-26T17:23:39.511+0000] {processor.py:925} INFO - DAG(s) 'example_skip_dag' retrieved from /home/ubuntu/customer_churn_youtube_venv/lib/python3.12/site-packages/airflow/example_dags/example_skip_dag.py
[2025-03-26T17:23:39.528+0000] {logging_mixin.py:190} INFO - [2025-03-26T17:23:39.528+0000] {dag.py:3239} INFO - Sync 1 DAGs
[2025-03-26T17:23:39.547+0000] {logging_mixin.py:190} INFO - [2025-03-26T17:23:39.546+0000] {dag.py:4180} INFO - Setting next_dagrun for example_skip_dag to 2025-03-25 00:00:00+00:00, run_after=2025-03-26 00:00:00+00:00
[2025-03-26T17:23:39.569+0000] {processor.py:208} INFO - Processing /home/ubuntu/customer_churn_youtube_venv/lib/python3.12/site-packages/airflow/example_dags/example_skip_dag.py took 0.077 seconds
[2025-03-26T17:24:29.958+0000] {processor.py:186} INFO - Started process (PID=6950) to work on /home/ubuntu/customer_churn_youtube_venv/lib/python3.12/site-packages/airflow/example_dags/example_skip_dag.py
[2025-03-26T17:24:29.959+0000] {processor.py:914} INFO - Processing file /home/ubuntu/customer_churn_youtube_venv/lib/python3.12/site-packages/airflow/example_dags/example_skip_dag.py for tasks to queue
[2025-03-26T17:24:29.962+0000] {logging_mixin.py:190} INFO - [2025-03-26T17:24:29.962+0000] {dagbag.py:588} INFO - Filling up the DagBag from /home/ubuntu/customer_churn_youtube_venv/lib/python3.12/site-packages/airflow/example_dags/example_skip_dag.py
[2025-03-26T17:24:29.971+0000] {processor.py:925} INFO - DAG(s) 'example_skip_dag' retrieved from /home/ubuntu/customer_churn_youtube_venv/lib/python3.12/site-packages/airflow/example_dags/example_skip_dag.py
[2025-03-26T17:24:29.988+0000] {logging_mixin.py:190} INFO - [2025-03-26T17:24:29.988+0000] {dag.py:3239} INFO - Sync 1 DAGs
[2025-03-26T17:24:30.007+0000] {logging_mixin.py:190} INFO - [2025-03-26T17:24:30.007+0000] {dag.py:4180} INFO - Setting next_dagrun for example_skip_dag to 2025-03-25 00:00:00+00:00, run_after=2025-03-26 00:00:00+00:00
[2025-03-26T17:24:30.027+0000] {processor.py:208} INFO - Processing /home/ubuntu/customer_churn_youtube_venv/lib/python3.12/site-packages/airflow/example_dags/example_skip_dag.py took 0.075 seconds
[2025-03-26T17:25:19.263+0000] {processor.py:186} INFO - Started process (PID=7006) to work on /home/ubuntu/customer_churn_youtube_venv/lib/python3.12/site-packages/airflow/example_dags/example_skip_dag.py
[2025-03-26T17:25:19.264+0000] {processor.py:914} INFO - Processing file /home/ubuntu/customer_churn_youtube_venv/lib/python3.12/site-packages/airflow/example_dags/example_skip_dag.py for tasks to queue
[2025-03-26T17:25:19.267+0000] {logging_mixin.py:190} INFO - [2025-03-26T17:25:19.266+0000] {dagbag.py:588} INFO - Filling up the DagBag from /home/ubuntu/customer_churn_youtube_venv/lib/python3.12/site-packages/airflow/example_dags/example_skip_dag.py
[2025-03-26T17:25:19.274+0000] {processor.py:925} INFO - DAG(s) 'example_skip_dag' retrieved from /home/ubuntu/customer_churn_youtube_venv/lib/python3.12/site-packages/airflow/example_dags/example_skip_dag.py
[2025-03-26T17:25:19.291+0000] {logging_mixin.py:190} INFO - [2025-03-26T17:25:19.291+0000] {dag.py:3239} INFO - Sync 1 DAGs
[2025-03-26T17:25:19.310+0000] {logging_mixin.py:190} INFO - [2025-03-26T17:25:19.310+0000] {dag.py:4180} INFO - Setting next_dagrun for example_skip_dag to 2025-03-25 00:00:00+00:00, run_after=2025-03-26 00:00:00+00:00
[2025-03-26T17:25:19.333+0000] {processor.py:208} INFO - Processing /home/ubuntu/customer_churn_youtube_venv/lib/python3.12/site-packages/airflow/example_dags/example_skip_dag.py took 0.076 seconds
[2025-03-26T17:26:07.419+0000] {processor.py:186} INFO - Started process (PID=7057) to work on /home/ubuntu/customer_churn_youtube_venv/lib/python3.12/site-packages/airflow/example_dags/example_skip_dag.py
[2025-03-26T17:26:07.421+0000] {processor.py:914} INFO - Processing file /home/ubuntu/customer_churn_youtube_venv/lib/python3.12/site-packages/airflow/example_dags/example_skip_dag.py for tasks to queue
[2025-03-26T17:26:07.423+0000] {logging_mixin.py:190} INFO - [2025-03-26T17:26:07.422+0000] {dagbag.py:588} INFO - Filling up the DagBag from /home/ubuntu/customer_churn_youtube_venv/lib/python3.12/site-packages/airflow/example_dags/example_skip_dag.py
[2025-03-26T17:26:07.430+0000] {processor.py:925} INFO - DAG(s) 'example_skip_dag' retrieved from /home/ubuntu/customer_churn_youtube_venv/lib/python3.12/site-packages/airflow/example_dags/example_skip_dag.py
[2025-03-26T17:26:07.447+0000] {logging_mixin.py:190} INFO - [2025-03-26T17:26:07.447+0000] {dag.py:3239} INFO - Sync 1 DAGs
[2025-03-26T17:26:07.467+0000] {logging_mixin.py:190} INFO - [2025-03-26T17:26:07.467+0000] {dag.py:4180} INFO - Setting next_dagrun for example_skip_dag to 2025-03-25 00:00:00+00:00, run_after=2025-03-26 00:00:00+00:00
[2025-03-26T17:26:07.490+0000] {processor.py:208} INFO - Processing /home/ubuntu/customer_churn_youtube_venv/lib/python3.12/site-packages/airflow/example_dags/example_skip_dag.py took 0.077 seconds
[2025-03-26T17:27:00.574+0000] {processor.py:186} INFO - Started process (PID=7109) to work on /home/ubuntu/customer_churn_youtube_venv/lib/python3.12/site-packages/airflow/example_dags/example_skip_dag.py
[2025-03-26T17:27:00.576+0000] {processor.py:914} INFO - Processing file /home/ubuntu/customer_churn_youtube_venv/lib/python3.12/site-packages/airflow/example_dags/example_skip_dag.py for tasks to queue
[2025-03-26T17:27:00.577+0000] {logging_mixin.py:190} INFO - [2025-03-26T17:27:00.577+0000] {dagbag.py:588} INFO - Filling up the DagBag from /home/ubuntu/customer_churn_youtube_venv/lib/python3.12/site-packages/airflow/example_dags/example_skip_dag.py
[2025-03-26T17:27:00.585+0000] {processor.py:925} INFO - DAG(s) 'example_skip_dag' retrieved from /home/ubuntu/customer_churn_youtube_venv/lib/python3.12/site-packages/airflow/example_dags/example_skip_dag.py
[2025-03-26T17:27:00.601+0000] {logging_mixin.py:190} INFO - [2025-03-26T17:27:00.601+0000] {dag.py:3239} INFO - Sync 1 DAGs
[2025-03-26T17:27:00.621+0000] {logging_mixin.py:190} INFO - [2025-03-26T17:27:00.621+0000] {dag.py:4180} INFO - Setting next_dagrun for example_skip_dag to 2025-03-25 00:00:00+00:00, run_after=2025-03-26 00:00:00+00:00
[2025-03-26T17:27:00.643+0000] {processor.py:208} INFO - Processing /home/ubuntu/customer_churn_youtube_venv/lib/python3.12/site-packages/airflow/example_dags/example_skip_dag.py took 0.075 seconds
[2025-03-26T17:27:53.193+0000] {processor.py:186} INFO - Started process (PID=7209) to work on /home/ubuntu/customer_churn_youtube_venv/lib/python3.12/site-packages/airflow/example_dags/example_skip_dag.py
[2025-03-26T17:27:53.195+0000] {processor.py:914} INFO - Processing file /home/ubuntu/customer_churn_youtube_venv/lib/python3.12/site-packages/airflow/example_dags/example_skip_dag.py for tasks to queue
[2025-03-26T17:27:53.197+0000] {logging_mixin.py:190} INFO - [2025-03-26T17:27:53.197+0000] {dagbag.py:588} INFO - Filling up the DagBag from /home/ubuntu/customer_churn_youtube_venv/lib/python3.12/site-packages/airflow/example_dags/example_skip_dag.py
[2025-03-26T17:27:53.205+0000] {processor.py:925} INFO - DAG(s) 'example_skip_dag' retrieved from /home/ubuntu/customer_churn_youtube_venv/lib/python3.12/site-packages/airflow/example_dags/example_skip_dag.py
[2025-03-26T17:27:53.222+0000] {logging_mixin.py:190} INFO - [2025-03-26T17:27:53.222+0000] {dag.py:3239} INFO - Sync 1 DAGs
[2025-03-26T17:27:53.240+0000] {logging_mixin.py:190} INFO - [2025-03-26T17:27:53.240+0000] {dag.py:4180} INFO - Setting next_dagrun for example_skip_dag to 2025-03-25 00:00:00+00:00, run_after=2025-03-26 00:00:00+00:00
[2025-03-26T17:27:53.263+0000] {processor.py:208} INFO - Processing /home/ubuntu/customer_churn_youtube_venv/lib/python3.12/site-packages/airflow/example_dags/example_skip_dag.py took 0.077 seconds
[2025-03-26T17:28:43.141+0000] {processor.py:186} INFO - Started process (PID=7263) to work on /home/ubuntu/customer_churn_youtube_venv/lib/python3.12/site-packages/airflow/example_dags/example_skip_dag.py
[2025-03-26T17:28:43.142+0000] {processor.py:914} INFO - Processing file /home/ubuntu/customer_churn_youtube_venv/lib/python3.12/site-packages/airflow/example_dags/example_skip_dag.py for tasks to queue
[2025-03-26T17:28:43.144+0000] {logging_mixin.py:190} INFO - [2025-03-26T17:28:43.143+0000] {dagbag.py:588} INFO - Filling up the DagBag from /home/ubuntu/customer_churn_youtube_venv/lib/python3.12/site-packages/airflow/example_dags/example_skip_dag.py
[2025-03-26T17:28:43.152+0000] {processor.py:925} INFO - DAG(s) 'example_skip_dag' retrieved from /home/ubuntu/customer_churn_youtube_venv/lib/python3.12/site-packages/airflow/example_dags/example_skip_dag.py
[2025-03-26T17:28:43.170+0000] {logging_mixin.py:190} INFO - [2025-03-26T17:28:43.169+0000] {dag.py:3239} INFO - Sync 1 DAGs
[2025-03-26T17:28:43.188+0000] {logging_mixin.py:190} INFO - [2025-03-26T17:28:43.188+0000] {dag.py:4180} INFO - Setting next_dagrun for example_skip_dag to 2025-03-25 00:00:00+00:00, run_after=2025-03-26 00:00:00+00:00
[2025-03-26T17:28:43.209+0000] {processor.py:208} INFO - Processing /home/ubuntu/customer_churn_youtube_venv/lib/python3.12/site-packages/airflow/example_dags/example_skip_dag.py took 0.074 seconds
[2025-03-26T17:29:33.076+0000] {processor.py:186} INFO - Started process (PID=7315) to work on /home/ubuntu/customer_churn_youtube_venv/lib/python3.12/site-packages/airflow/example_dags/example_skip_dag.py
[2025-03-26T17:29:33.077+0000] {processor.py:914} INFO - Processing file /home/ubuntu/customer_churn_youtube_venv/lib/python3.12/site-packages/airflow/example_dags/example_skip_dag.py for tasks to queue
[2025-03-26T17:29:33.080+0000] {logging_mixin.py:190} INFO - [2025-03-26T17:29:33.079+0000] {dagbag.py:588} INFO - Filling up the DagBag from /home/ubuntu/customer_churn_youtube_venv/lib/python3.12/site-packages/airflow/example_dags/example_skip_dag.py
[2025-03-26T17:29:33.089+0000] {processor.py:925} INFO - DAG(s) 'example_skip_dag' retrieved from /home/ubuntu/customer_churn_youtube_venv/lib/python3.12/site-packages/airflow/example_dags/example_skip_dag.py
[2025-03-26T17:29:33.105+0000] {logging_mixin.py:190} INFO - [2025-03-26T17:29:33.105+0000] {dag.py:3239} INFO - Sync 1 DAGs
[2025-03-26T17:29:33.122+0000] {logging_mixin.py:190} INFO - [2025-03-26T17:29:33.122+0000] {dag.py:4180} INFO - Setting next_dagrun for example_skip_dag to 2025-03-25 00:00:00+00:00, run_after=2025-03-26 00:00:00+00:00
[2025-03-26T17:29:33.143+0000] {processor.py:208} INFO - Processing /home/ubuntu/customer_churn_youtube_venv/lib/python3.12/site-packages/airflow/example_dags/example_skip_dag.py took 0.074 seconds
[2025-03-26T17:30:22.353+0000] {processor.py:186} INFO - Started process (PID=7371) to work on /home/ubuntu/customer_churn_youtube_venv/lib/python3.12/site-packages/airflow/example_dags/example_skip_dag.py
[2025-03-26T17:30:22.354+0000] {processor.py:914} INFO - Processing file /home/ubuntu/customer_churn_youtube_venv/lib/python3.12/site-packages/airflow/example_dags/example_skip_dag.py for tasks to queue
[2025-03-26T17:30:22.356+0000] {logging_mixin.py:190} INFO - [2025-03-26T17:30:22.355+0000] {dagbag.py:588} INFO - Filling up the DagBag from /home/ubuntu/customer_churn_youtube_venv/lib/python3.12/site-packages/airflow/example_dags/example_skip_dag.py
[2025-03-26T17:30:22.364+0000] {processor.py:925} INFO - DAG(s) 'example_skip_dag' retrieved from /home/ubuntu/customer_churn_youtube_venv/lib/python3.12/site-packages/airflow/example_dags/example_skip_dag.py
[2025-03-26T17:30:22.381+0000] {logging_mixin.py:190} INFO - [2025-03-26T17:30:22.381+0000] {dag.py:3239} INFO - Sync 1 DAGs
[2025-03-26T17:30:22.399+0000] {logging_mixin.py:190} INFO - [2025-03-26T17:30:22.399+0000] {dag.py:4180} INFO - Setting next_dagrun for example_skip_dag to 2025-03-25 00:00:00+00:00, run_after=2025-03-26 00:00:00+00:00
[2025-03-26T17:30:22.421+0000] {processor.py:208} INFO - Processing /home/ubuntu/customer_churn_youtube_venv/lib/python3.12/site-packages/airflow/example_dags/example_skip_dag.py took 0.074 seconds
[2025-03-26T17:31:11.030+0000] {processor.py:186} INFO - Started process (PID=7422) to work on /home/ubuntu/customer_churn_youtube_venv/lib/python3.12/site-packages/airflow/example_dags/example_skip_dag.py
[2025-03-26T17:31:11.031+0000] {processor.py:914} INFO - Processing file /home/ubuntu/customer_churn_youtube_venv/lib/python3.12/site-packages/airflow/example_dags/example_skip_dag.py for tasks to queue
[2025-03-26T17:31:11.034+0000] {logging_mixin.py:190} INFO - [2025-03-26T17:31:11.033+0000] {dagbag.py:588} INFO - Filling up the DagBag from /home/ubuntu/customer_churn_youtube_venv/lib/python3.12/site-packages/airflow/example_dags/example_skip_dag.py
[2025-03-26T17:31:11.041+0000] {processor.py:925} INFO - DAG(s) 'example_skip_dag' retrieved from /home/ubuntu/customer_churn_youtube_venv/lib/python3.12/site-packages/airflow/example_dags/example_skip_dag.py
[2025-03-26T17:31:11.058+0000] {logging_mixin.py:190} INFO - [2025-03-26T17:31:11.058+0000] {dag.py:3239} INFO - Sync 1 DAGs
[2025-03-26T17:31:11.077+0000] {logging_mixin.py:190} INFO - [2025-03-26T17:31:11.077+0000] {dag.py:4180} INFO - Setting next_dagrun for example_skip_dag to 2025-03-25 00:00:00+00:00, run_after=2025-03-26 00:00:00+00:00
[2025-03-26T17:31:11.098+0000] {processor.py:208} INFO - Processing /home/ubuntu/customer_churn_youtube_venv/lib/python3.12/site-packages/airflow/example_dags/example_skip_dag.py took 0.075 seconds
[2025-03-26T17:32:02.658+0000] {processor.py:186} INFO - Started process (PID=7487) to work on /home/ubuntu/customer_churn_youtube_venv/lib/python3.12/site-packages/airflow/example_dags/example_skip_dag.py
[2025-03-26T17:32:02.660+0000] {processor.py:914} INFO - Processing file /home/ubuntu/customer_churn_youtube_venv/lib/python3.12/site-packages/airflow/example_dags/example_skip_dag.py for tasks to queue
[2025-03-26T17:32:02.662+0000] {logging_mixin.py:190} INFO - [2025-03-26T17:32:02.662+0000] {dagbag.py:588} INFO - Filling up the DagBag from /home/ubuntu/customer_churn_youtube_venv/lib/python3.12/site-packages/airflow/example_dags/example_skip_dag.py
[2025-03-26T17:32:02.670+0000] {processor.py:925} INFO - DAG(s) 'example_skip_dag' retrieved from /home/ubuntu/customer_churn_youtube_venv/lib/python3.12/site-packages/airflow/example_dags/example_skip_dag.py
[2025-03-26T17:32:02.688+0000] {logging_mixin.py:190} INFO - [2025-03-26T17:32:02.688+0000] {dag.py:3239} INFO - Sync 1 DAGs
[2025-03-26T17:32:02.707+0000] {logging_mixin.py:190} INFO - [2025-03-26T17:32:02.707+0000] {dag.py:4180} INFO - Setting next_dagrun for example_skip_dag to 2025-03-25 00:00:00+00:00, run_after=2025-03-26 00:00:00+00:00
[2025-03-26T17:32:02.730+0000] {processor.py:208} INFO - Processing /home/ubuntu/customer_churn_youtube_venv/lib/python3.12/site-packages/airflow/example_dags/example_skip_dag.py took 0.079 seconds
[2025-03-26T17:32:55.353+0000] {processor.py:186} INFO - Started process (PID=7568) to work on /home/ubuntu/customer_churn_youtube_venv/lib/python3.12/site-packages/airflow/example_dags/example_skip_dag.py
[2025-03-26T17:32:55.355+0000] {processor.py:914} INFO - Processing file /home/ubuntu/customer_churn_youtube_venv/lib/python3.12/site-packages/airflow/example_dags/example_skip_dag.py for tasks to queue
[2025-03-26T17:32:55.357+0000] {logging_mixin.py:190} INFO - [2025-03-26T17:32:55.357+0000] {dagbag.py:588} INFO - Filling up the DagBag from /home/ubuntu/customer_churn_youtube_venv/lib/python3.12/site-packages/airflow/example_dags/example_skip_dag.py
[2025-03-26T17:32:55.365+0000] {processor.py:925} INFO - DAG(s) 'example_skip_dag' retrieved from /home/ubuntu/customer_churn_youtube_venv/lib/python3.12/site-packages/airflow/example_dags/example_skip_dag.py
[2025-03-26T17:32:55.382+0000] {logging_mixin.py:190} INFO - [2025-03-26T17:32:55.382+0000] {dag.py:3239} INFO - Sync 1 DAGs
[2025-03-26T17:32:55.400+0000] {logging_mixin.py:190} INFO - [2025-03-26T17:32:55.400+0000] {dag.py:4180} INFO - Setting next_dagrun for example_skip_dag to 2025-03-25 00:00:00+00:00, run_after=2025-03-26 00:00:00+00:00
[2025-03-26T17:32:55.421+0000] {processor.py:208} INFO - Processing /home/ubuntu/customer_churn_youtube_venv/lib/python3.12/site-packages/airflow/example_dags/example_skip_dag.py took 0.074 seconds
[2025-03-26T17:33:46.901+0000] {processor.py:186} INFO - Started process (PID=7622) to work on /home/ubuntu/customer_churn_youtube_venv/lib/python3.12/site-packages/airflow/example_dags/example_skip_dag.py
[2025-03-26T17:33:46.902+0000] {processor.py:914} INFO - Processing file /home/ubuntu/customer_churn_youtube_venv/lib/python3.12/site-packages/airflow/example_dags/example_skip_dag.py for tasks to queue
[2025-03-26T17:33:46.905+0000] {logging_mixin.py:190} INFO - [2025-03-26T17:33:46.904+0000] {dagbag.py:588} INFO - Filling up the DagBag from /home/ubuntu/customer_churn_youtube_venv/lib/python3.12/site-packages/airflow/example_dags/example_skip_dag.py
[2025-03-26T17:33:46.913+0000] {processor.py:925} INFO - DAG(s) 'example_skip_dag' retrieved from /home/ubuntu/customer_churn_youtube_venv/lib/python3.12/site-packages/airflow/example_dags/example_skip_dag.py
[2025-03-26T17:33:46.930+0000] {logging_mixin.py:190} INFO - [2025-03-26T17:33:46.930+0000] {dag.py:3239} INFO - Sync 1 DAGs
[2025-03-26T17:33:46.949+0000] {logging_mixin.py:190} INFO - [2025-03-26T17:33:46.948+0000] {dag.py:4180} INFO - Setting next_dagrun for example_skip_dag to 2025-03-25 00:00:00+00:00, run_after=2025-03-26 00:00:00+00:00
[2025-03-26T17:33:46.971+0000] {processor.py:208} INFO - Processing /home/ubuntu/customer_churn_youtube_venv/lib/python3.12/site-packages/airflow/example_dags/example_skip_dag.py took 0.076 seconds
[2025-03-26T17:34:37.431+0000] {processor.py:186} INFO - Started process (PID=7674) to work on /home/ubuntu/customer_churn_youtube_venv/lib/python3.12/site-packages/airflow/example_dags/example_skip_dag.py
[2025-03-26T17:34:37.433+0000] {processor.py:914} INFO - Processing file /home/ubuntu/customer_churn_youtube_venv/lib/python3.12/site-packages/airflow/example_dags/example_skip_dag.py for tasks to queue
[2025-03-26T17:34:37.435+0000] {logging_mixin.py:190} INFO - [2025-03-26T17:34:37.434+0000] {dagbag.py:588} INFO - Filling up the DagBag from /home/ubuntu/customer_churn_youtube_venv/lib/python3.12/site-packages/airflow/example_dags/example_skip_dag.py
[2025-03-26T17:34:37.443+0000] {processor.py:925} INFO - DAG(s) 'example_skip_dag' retrieved from /home/ubuntu/customer_churn_youtube_venv/lib/python3.12/site-packages/airflow/example_dags/example_skip_dag.py
[2025-03-26T17:34:37.460+0000] {logging_mixin.py:190} INFO - [2025-03-26T17:34:37.460+0000] {dag.py:3239} INFO - Sync 1 DAGs
[2025-03-26T17:34:37.478+0000] {logging_mixin.py:190} INFO - [2025-03-26T17:34:37.478+0000] {dag.py:4180} INFO - Setting next_dagrun for example_skip_dag to 2025-03-25 00:00:00+00:00, run_after=2025-03-26 00:00:00+00:00
[2025-03-26T17:34:37.502+0000] {processor.py:208} INFO - Processing /home/ubuntu/customer_churn_youtube_venv/lib/python3.12/site-packages/airflow/example_dags/example_skip_dag.py took 0.076 seconds
[2025-03-26T17:35:31.053+0000] {processor.py:186} INFO - Started process (PID=7735) to work on /home/ubuntu/customer_churn_youtube_venv/lib/python3.12/site-packages/airflow/example_dags/example_skip_dag.py
[2025-03-26T17:35:31.054+0000] {processor.py:914} INFO - Processing file /home/ubuntu/customer_churn_youtube_venv/lib/python3.12/site-packages/airflow/example_dags/example_skip_dag.py for tasks to queue
[2025-03-26T17:35:31.056+0000] {logging_mixin.py:190} INFO - [2025-03-26T17:35:31.056+0000] {dagbag.py:588} INFO - Filling up the DagBag from /home/ubuntu/customer_churn_youtube_venv/lib/python3.12/site-packages/airflow/example_dags/example_skip_dag.py
[2025-03-26T17:35:31.065+0000] {processor.py:925} INFO - DAG(s) 'example_skip_dag' retrieved from /home/ubuntu/customer_churn_youtube_venv/lib/python3.12/site-packages/airflow/example_dags/example_skip_dag.py
[2025-03-26T17:35:31.082+0000] {logging_mixin.py:190} INFO - [2025-03-26T17:35:31.081+0000] {dag.py:3239} INFO - Sync 1 DAGs
[2025-03-26T17:35:31.100+0000] {logging_mixin.py:190} INFO - [2025-03-26T17:35:31.099+0000] {dag.py:4180} INFO - Setting next_dagrun for example_skip_dag to 2025-03-25 00:00:00+00:00, run_after=2025-03-26 00:00:00+00:00
[2025-03-26T17:35:31.120+0000] {processor.py:208} INFO - Processing /home/ubuntu/customer_churn_youtube_venv/lib/python3.12/site-packages/airflow/example_dags/example_skip_dag.py took 0.073 seconds
[2025-03-26T17:36:23.910+0000] {processor.py:186} INFO - Started process (PID=7791) to work on /home/ubuntu/customer_churn_youtube_venv/lib/python3.12/site-packages/airflow/example_dags/example_skip_dag.py
[2025-03-26T17:36:23.912+0000] {processor.py:914} INFO - Processing file /home/ubuntu/customer_churn_youtube_venv/lib/python3.12/site-packages/airflow/example_dags/example_skip_dag.py for tasks to queue
[2025-03-26T17:36:23.914+0000] {logging_mixin.py:190} INFO - [2025-03-26T17:36:23.913+0000] {dagbag.py:588} INFO - Filling up the DagBag from /home/ubuntu/customer_churn_youtube_venv/lib/python3.12/site-packages/airflow/example_dags/example_skip_dag.py
[2025-03-26T17:36:23.921+0000] {processor.py:925} INFO - DAG(s) 'example_skip_dag' retrieved from /home/ubuntu/customer_churn_youtube_venv/lib/python3.12/site-packages/airflow/example_dags/example_skip_dag.py
[2025-03-26T17:36:23.938+0000] {logging_mixin.py:190} INFO - [2025-03-26T17:36:23.938+0000] {dag.py:3239} INFO - Sync 1 DAGs
[2025-03-26T17:36:23.956+0000] {logging_mixin.py:190} INFO - [2025-03-26T17:36:23.955+0000] {dag.py:4180} INFO - Setting next_dagrun for example_skip_dag to 2025-03-25 00:00:00+00:00, run_after=2025-03-26 00:00:00+00:00
[2025-03-26T17:36:23.978+0000] {processor.py:208} INFO - Processing /home/ubuntu/customer_churn_youtube_venv/lib/python3.12/site-packages/airflow/example_dags/example_skip_dag.py took 0.075 seconds
