[2025-03-26T17:14:09.602+0000] {processor.py:186} INFO - Started process (PID=6307) to work on /home/ubuntu/customer_churn_youtube_venv/lib/python3.12/site-packages/airflow/example_dags/example_branch_datetime_operator.py
[2025-03-26T17:14:09.603+0000] {processor.py:914} INFO - Processing file /home/ubuntu/customer_churn_youtube_venv/lib/python3.12/site-packages/airflow/example_dags/example_branch_datetime_operator.py for tasks to queue
[2025-03-26T17:14:09.605+0000] {logging_mixin.py:190} INFO - [2025-03-26T17:14:09.604+0000] {dagbag.py:588} INFO - Filling up the DagBag from /home/ubuntu/customer_churn_youtube_venv/lib/python3.12/site-packages/airflow/example_dags/example_branch_datetime_operator.py
[2025-03-26T17:14:09.617+0000] {processor.py:925} INFO - DAG(s) 'example_branch_datetime_operator_2', 'example_branch_datetime_operator_3', 'example_branch_datetime_operator' retrieved from /home/ubuntu/customer_churn_youtube_venv/lib/python3.12/site-packages/airflow/example_dags/example_branch_datetime_operator.py
[2025-03-26T17:14:09.719+0000] {logging_mixin.py:190} INFO - [2025-03-26T17:14:09.719+0000] {override.py:1930} INFO - Created Permission View: can edit on DAG:example_branch_datetime_operator_2
[2025-03-26T17:14:09.733+0000] {logging_mixin.py:190} INFO - [2025-03-26T17:14:09.732+0000] {override.py:1930} INFO - Created Permission View: can read on DAG:example_branch_datetime_operator_2
[2025-03-26T17:14:09.743+0000] {logging_mixin.py:190} INFO - [2025-03-26T17:14:09.742+0000] {override.py:1930} INFO - Created Permission View: can delete on DAG:example_branch_datetime_operator_2
[2025-03-26T17:14:09.759+0000] {logging_mixin.py:190} INFO - [2025-03-26T17:14:09.759+0000] {override.py:1930} INFO - Created Permission View: menu access on DAG Run:example_branch_datetime_operator_2
[2025-03-26T17:14:09.769+0000] {logging_mixin.py:190} INFO - [2025-03-26T17:14:09.769+0000] {override.py:1930} INFO - Created Permission View: can create on DAG Run:example_branch_datetime_operator_2
[2025-03-26T17:14:09.779+0000] {logging_mixin.py:190} INFO - [2025-03-26T17:14:09.778+0000] {override.py:1930} INFO - Created Permission View: can delete on DAG Run:example_branch_datetime_operator_2
[2025-03-26T17:14:09.788+0000] {logging_mixin.py:190} INFO - [2025-03-26T17:14:09.788+0000] {override.py:1930} INFO - Created Permission View: can read on DAG Run:example_branch_datetime_operator_2
[2025-03-26T17:14:09.811+0000] {logging_mixin.py:190} INFO - [2025-03-26T17:14:09.811+0000] {override.py:1930} INFO - Created Permission View: can edit on DAG:example_branch_datetime_operator_3
[2025-03-26T17:14:09.822+0000] {logging_mixin.py:190} INFO - [2025-03-26T17:14:09.821+0000] {override.py:1930} INFO - Created Permission View: can read on DAG:example_branch_datetime_operator_3
[2025-03-26T17:14:09.832+0000] {logging_mixin.py:190} INFO - [2025-03-26T17:14:09.831+0000] {override.py:1930} INFO - Created Permission View: can delete on DAG:example_branch_datetime_operator_3
[2025-03-26T17:14:09.847+0000] {logging_mixin.py:190} INFO - [2025-03-26T17:14:09.847+0000] {override.py:1930} INFO - Created Permission View: menu access on DAG Run:example_branch_datetime_operator_3
[2025-03-26T17:14:09.857+0000] {logging_mixin.py:190} INFO - [2025-03-26T17:14:09.857+0000] {override.py:1930} INFO - Created Permission View: can create on DAG Run:example_branch_datetime_operator_3
[2025-03-26T17:14:09.867+0000] {logging_mixin.py:190} INFO - [2025-03-26T17:14:09.867+0000] {override.py:1930} INFO - Created Permission View: can delete on DAG Run:example_branch_datetime_operator_3
[2025-03-26T17:14:09.878+0000] {logging_mixin.py:190} INFO - [2025-03-26T17:14:09.877+0000] {override.py:1930} INFO - Created Permission View: can read on DAG Run:example_branch_datetime_operator_3
[2025-03-26T17:14:09.903+0000] {logging_mixin.py:190} INFO - [2025-03-26T17:14:09.902+0000] {override.py:1930} INFO - Created Permission View: can edit on DAG:example_branch_datetime_operator
[2025-03-26T17:14:09.912+0000] {logging_mixin.py:190} INFO - [2025-03-26T17:14:09.912+0000] {override.py:1930} INFO - Created Permission View: can read on DAG:example_branch_datetime_operator
[2025-03-26T17:14:09.923+0000] {logging_mixin.py:190} INFO - [2025-03-26T17:14:09.923+0000] {override.py:1930} INFO - Created Permission View: can delete on DAG:example_branch_datetime_operator
[2025-03-26T17:14:09.943+0000] {logging_mixin.py:190} INFO - [2025-03-26T17:14:09.943+0000] {override.py:1930} INFO - Created Permission View: menu access on DAG Run:example_branch_datetime_operator
[2025-03-26T17:14:09.953+0000] {logging_mixin.py:190} INFO - [2025-03-26T17:14:09.953+0000] {override.py:1930} INFO - Created Permission View: can create on DAG Run:example_branch_datetime_operator
[2025-03-26T17:14:09.964+0000] {logging_mixin.py:190} INFO - [2025-03-26T17:14:09.964+0000] {override.py:1930} INFO - Created Permission View: can delete on DAG Run:example_branch_datetime_operator
[2025-03-26T17:14:09.973+0000] {logging_mixin.py:190} INFO - [2025-03-26T17:14:09.973+0000] {override.py:1930} INFO - Created Permission View: can read on DAG Run:example_branch_datetime_operator
[2025-03-26T17:14:09.973+0000] {logging_mixin.py:190} INFO - [2025-03-26T17:14:09.973+0000] {dag.py:3239} INFO - Sync 3 DAGs
[2025-03-26T17:14:09.984+0000] {logging_mixin.py:190} INFO - [2025-03-26T17:14:09.984+0000] {dag.py:3262} INFO - Creating ORM DAG for example_branch_datetime_operator
[2025-03-26T17:14:09.984+0000] {logging_mixin.py:190} INFO - [2025-03-26T17:14:09.984+0000] {dag.py:3262} INFO - Creating ORM DAG for example_branch_datetime_operator_2
[2025-03-26T17:14:09.985+0000] {logging_mixin.py:190} INFO - [2025-03-26T17:14:09.985+0000] {dag.py:3262} INFO - Creating ORM DAG for example_branch_datetime_operator_3
[2025-03-26T17:14:09.995+0000] {logging_mixin.py:190} INFO - [2025-03-26T17:14:09.995+0000] {dag.py:4180} INFO - Setting next_dagrun for example_branch_datetime_operator to 2025-03-25 00:00:00+00:00, run_after=2025-03-26 00:00:00+00:00
[2025-03-26T17:14:09.996+0000] {logging_mixin.py:190} INFO - [2025-03-26T17:14:09.996+0000] {dag.py:4180} INFO - Setting next_dagrun for example_branch_datetime_operator_2 to 2025-03-25 00:00:00+00:00, run_after=2025-03-26 00:00:00+00:00
[2025-03-26T17:14:09.998+0000] {logging_mixin.py:190} INFO - [2025-03-26T17:14:09.997+0000] {dag.py:4180} INFO - Setting next_dagrun for example_branch_datetime_operator_3 to 2025-03-25 00:00:00+00:00, run_after=2025-03-26 00:00:00+00:00
[2025-03-26T17:14:10.020+0000] {processor.py:208} INFO - Processing /home/ubuntu/customer_churn_youtube_venv/lib/python3.12/site-packages/airflow/example_dags/example_branch_datetime_operator.py took 0.423 seconds
[2025-03-26T17:15:11.576+0000] {processor.py:186} INFO - Started process (PID=6374) to work on /home/ubuntu/customer_churn_youtube_venv/lib/python3.12/site-packages/airflow/example_dags/example_branch_datetime_operator.py
[2025-03-26T17:15:11.578+0000] {processor.py:914} INFO - Processing file /home/ubuntu/customer_churn_youtube_venv/lib/python3.12/site-packages/airflow/example_dags/example_branch_datetime_operator.py for tasks to queue
[2025-03-26T17:15:11.580+0000] {logging_mixin.py:190} INFO - [2025-03-26T17:15:11.580+0000] {dagbag.py:588} INFO - Filling up the DagBag from /home/ubuntu/customer_churn_youtube_venv/lib/python3.12/site-packages/airflow/example_dags/example_branch_datetime_operator.py
[2025-03-26T17:15:11.592+0000] {processor.py:925} INFO - DAG(s) 'example_branch_datetime_operator', 'example_branch_datetime_operator_2', 'example_branch_datetime_operator_3' retrieved from /home/ubuntu/customer_churn_youtube_venv/lib/python3.12/site-packages/airflow/example_dags/example_branch_datetime_operator.py
[2025-03-26T17:15:11.612+0000] {logging_mixin.py:190} INFO - [2025-03-26T17:15:11.611+0000] {dag.py:3239} INFO - Sync 3 DAGs
[2025-03-26T17:15:11.632+0000] {logging_mixin.py:190} INFO - [2025-03-26T17:15:11.632+0000] {dag.py:4180} INFO - Setting next_dagrun for example_branch_datetime_operator to 2025-03-25 00:00:00+00:00, run_after=2025-03-26 00:00:00+00:00
[2025-03-26T17:15:11.636+0000] {logging_mixin.py:190} INFO - [2025-03-26T17:15:11.635+0000] {dag.py:4180} INFO - Setting next_dagrun for example_branch_datetime_operator_2 to 2025-03-25 00:00:00+00:00, run_after=2025-03-26 00:00:00+00:00
[2025-03-26T17:15:11.638+0000] {logging_mixin.py:190} INFO - [2025-03-26T17:15:11.638+0000] {dag.py:4180} INFO - Setting next_dagrun for example_branch_datetime_operator_3 to 2025-03-25 00:00:00+00:00, run_after=2025-03-26 00:00:00+00:00
[2025-03-26T17:15:11.659+0000] {processor.py:208} INFO - Processing /home/ubuntu/customer_churn_youtube_venv/lib/python3.12/site-packages/airflow/example_dags/example_branch_datetime_operator.py took 0.088 seconds
[2025-03-26T17:16:06.594+0000] {processor.py:186} INFO - Started process (PID=6431) to work on /home/ubuntu/customer_churn_youtube_venv/lib/python3.12/site-packages/airflow/example_dags/example_branch_datetime_operator.py
[2025-03-26T17:16:06.595+0000] {processor.py:914} INFO - Processing file /home/ubuntu/customer_churn_youtube_venv/lib/python3.12/site-packages/airflow/example_dags/example_branch_datetime_operator.py for tasks to queue
[2025-03-26T17:16:06.597+0000] {logging_mixin.py:190} INFO - [2025-03-26T17:16:06.597+0000] {dagbag.py:588} INFO - Filling up the DagBag from /home/ubuntu/customer_churn_youtube_venv/lib/python3.12/site-packages/airflow/example_dags/example_branch_datetime_operator.py
[2025-03-26T17:16:06.610+0000] {processor.py:925} INFO - DAG(s) 'example_branch_datetime_operator_2', 'example_branch_datetime_operator_3', 'example_branch_datetime_operator' retrieved from /home/ubuntu/customer_churn_youtube_venv/lib/python3.12/site-packages/airflow/example_dags/example_branch_datetime_operator.py
[2025-03-26T17:16:06.630+0000] {logging_mixin.py:190} INFO - [2025-03-26T17:16:06.630+0000] {dag.py:3239} INFO - Sync 3 DAGs
[2025-03-26T17:16:06.649+0000] {logging_mixin.py:190} INFO - [2025-03-26T17:16:06.649+0000] {dag.py:4180} INFO - Setting next_dagrun for example_branch_datetime_operator to 2025-03-25 00:00:00+00:00, run_after=2025-03-26 00:00:00+00:00
[2025-03-26T17:16:06.653+0000] {logging_mixin.py:190} INFO - [2025-03-26T17:16:06.653+0000] {dag.py:4180} INFO - Setting next_dagrun for example_branch_datetime_operator_2 to 2025-03-25 00:00:00+00:00, run_after=2025-03-26 00:00:00+00:00
[2025-03-26T17:16:06.655+0000] {logging_mixin.py:190} INFO - [2025-03-26T17:16:06.655+0000] {dag.py:4180} INFO - Setting next_dagrun for example_branch_datetime_operator_3 to 2025-03-25 00:00:00+00:00, run_after=2025-03-26 00:00:00+00:00
[2025-03-26T17:16:06.674+0000] {processor.py:208} INFO - Processing /home/ubuntu/customer_churn_youtube_venv/lib/python3.12/site-packages/airflow/example_dags/example_branch_datetime_operator.py took 0.085 seconds
[2025-03-26T17:17:25.336+0000] {processor.py:186} INFO - Started process (PID=6515) to work on /home/ubuntu/customer_churn_youtube_venv/lib/python3.12/site-packages/airflow/example_dags/example_branch_datetime_operator.py
[2025-03-26T17:17:25.337+0000] {processor.py:914} INFO - Processing file /home/ubuntu/customer_churn_youtube_venv/lib/python3.12/site-packages/airflow/example_dags/example_branch_datetime_operator.py for tasks to queue
[2025-03-26T17:17:25.339+0000] {logging_mixin.py:190} INFO - [2025-03-26T17:17:25.339+0000] {dagbag.py:588} INFO - Filling up the DagBag from /home/ubuntu/customer_churn_youtube_venv/lib/python3.12/site-packages/airflow/example_dags/example_branch_datetime_operator.py
[2025-03-26T17:17:25.351+0000] {processor.py:925} INFO - DAG(s) 'example_branch_datetime_operator_3', 'example_branch_datetime_operator_2', 'example_branch_datetime_operator' retrieved from /home/ubuntu/customer_churn_youtube_venv/lib/python3.12/site-packages/airflow/example_dags/example_branch_datetime_operator.py
[2025-03-26T17:17:25.372+0000] {logging_mixin.py:190} INFO - [2025-03-26T17:17:25.372+0000] {dag.py:3239} INFO - Sync 3 DAGs
[2025-03-26T17:17:25.391+0000] {logging_mixin.py:190} INFO - [2025-03-26T17:17:25.391+0000] {dag.py:4180} INFO - Setting next_dagrun for example_branch_datetime_operator to 2025-03-25 00:00:00+00:00, run_after=2025-03-26 00:00:00+00:00
[2025-03-26T17:17:25.395+0000] {logging_mixin.py:190} INFO - [2025-03-26T17:17:25.395+0000] {dag.py:4180} INFO - Setting next_dagrun for example_branch_datetime_operator_2 to 2025-03-25 00:00:00+00:00, run_after=2025-03-26 00:00:00+00:00
[2025-03-26T17:17:25.397+0000] {logging_mixin.py:190} INFO - [2025-03-26T17:17:25.397+0000] {dag.py:4180} INFO - Setting next_dagrun for example_branch_datetime_operator_3 to 2025-03-25 00:00:00+00:00, run_after=2025-03-26 00:00:00+00:00
[2025-03-26T17:17:25.418+0000] {processor.py:208} INFO - Processing /home/ubuntu/customer_churn_youtube_venv/lib/python3.12/site-packages/airflow/example_dags/example_branch_datetime_operator.py took 0.087 seconds
[2025-03-26T17:18:42.844+0000] {processor.py:186} INFO - Started process (PID=6594) to work on /home/ubuntu/customer_churn_youtube_venv/lib/python3.12/site-packages/airflow/example_dags/example_branch_datetime_operator.py
[2025-03-26T17:18:42.845+0000] {processor.py:914} INFO - Processing file /home/ubuntu/customer_churn_youtube_venv/lib/python3.12/site-packages/airflow/example_dags/example_branch_datetime_operator.py for tasks to queue
[2025-03-26T17:18:42.847+0000] {logging_mixin.py:190} INFO - [2025-03-26T17:18:42.847+0000] {dagbag.py:588} INFO - Filling up the DagBag from /home/ubuntu/customer_churn_youtube_venv/lib/python3.12/site-packages/airflow/example_dags/example_branch_datetime_operator.py
[2025-03-26T17:18:42.859+0000] {processor.py:925} INFO - DAG(s) 'example_branch_datetime_operator_3', 'example_branch_datetime_operator', 'example_branch_datetime_operator_2' retrieved from /home/ubuntu/customer_churn_youtube_venv/lib/python3.12/site-packages/airflow/example_dags/example_branch_datetime_operator.py
[2025-03-26T17:18:42.879+0000] {logging_mixin.py:190} INFO - [2025-03-26T17:18:42.879+0000] {dag.py:3239} INFO - Sync 3 DAGs
[2025-03-26T17:18:42.900+0000] {logging_mixin.py:190} INFO - [2025-03-26T17:18:42.899+0000] {dag.py:4180} INFO - Setting next_dagrun for example_branch_datetime_operator to 2025-03-25 00:00:00+00:00, run_after=2025-03-26 00:00:00+00:00
[2025-03-26T17:18:42.904+0000] {logging_mixin.py:190} INFO - [2025-03-26T17:18:42.904+0000] {dag.py:4180} INFO - Setting next_dagrun for example_branch_datetime_operator_2 to 2025-03-25 00:00:00+00:00, run_after=2025-03-26 00:00:00+00:00
[2025-03-26T17:18:42.905+0000] {logging_mixin.py:190} INFO - [2025-03-26T17:18:42.905+0000] {dag.py:4180} INFO - Setting next_dagrun for example_branch_datetime_operator_3 to 2025-03-25 00:00:00+00:00, run_after=2025-03-26 00:00:00+00:00
[2025-03-26T17:18:42.926+0000] {processor.py:208} INFO - Processing /home/ubuntu/customer_churn_youtube_venv/lib/python3.12/site-packages/airflow/example_dags/example_branch_datetime_operator.py took 0.088 seconds
[2025-03-26T17:19:44.737+0000] {processor.py:186} INFO - Started process (PID=6652) to work on /home/ubuntu/customer_churn_youtube_venv/lib/python3.12/site-packages/airflow/example_dags/example_branch_datetime_operator.py
[2025-03-26T17:19:44.739+0000] {processor.py:914} INFO - Processing file /home/ubuntu/customer_churn_youtube_venv/lib/python3.12/site-packages/airflow/example_dags/example_branch_datetime_operator.py for tasks to queue
[2025-03-26T17:19:44.741+0000] {logging_mixin.py:190} INFO - [2025-03-26T17:19:44.741+0000] {dagbag.py:588} INFO - Filling up the DagBag from /home/ubuntu/customer_churn_youtube_venv/lib/python3.12/site-packages/airflow/example_dags/example_branch_datetime_operator.py
[2025-03-26T17:19:44.753+0000] {processor.py:925} INFO - DAG(s) 'example_branch_datetime_operator_2', 'example_branch_datetime_operator', 'example_branch_datetime_operator_3' retrieved from /home/ubuntu/customer_churn_youtube_venv/lib/python3.12/site-packages/airflow/example_dags/example_branch_datetime_operator.py
[2025-03-26T17:19:44.775+0000] {logging_mixin.py:190} INFO - [2025-03-26T17:19:44.775+0000] {dag.py:3239} INFO - Sync 3 DAGs
[2025-03-26T17:19:44.797+0000] {logging_mixin.py:190} INFO - [2025-03-26T17:19:44.797+0000] {dag.py:4180} INFO - Setting next_dagrun for example_branch_datetime_operator to 2025-03-25 00:00:00+00:00, run_after=2025-03-26 00:00:00+00:00
[2025-03-26T17:19:44.801+0000] {logging_mixin.py:190} INFO - [2025-03-26T17:19:44.801+0000] {dag.py:4180} INFO - Setting next_dagrun for example_branch_datetime_operator_2 to 2025-03-25 00:00:00+00:00, run_after=2025-03-26 00:00:00+00:00
[2025-03-26T17:19:44.803+0000] {logging_mixin.py:190} INFO - [2025-03-26T17:19:44.803+0000] {dag.py:4180} INFO - Setting next_dagrun for example_branch_datetime_operator_3 to 2025-03-25 00:00:00+00:00, run_after=2025-03-26 00:00:00+00:00
[2025-03-26T17:19:44.822+0000] {processor.py:208} INFO - Processing /home/ubuntu/customer_churn_youtube_venv/lib/python3.12/site-packages/airflow/example_dags/example_branch_datetime_operator.py took 0.091 seconds
[2025-03-26T17:20:42.901+0000] {processor.py:186} INFO - Started process (PID=6716) to work on /home/ubuntu/customer_churn_youtube_venv/lib/python3.12/site-packages/airflow/example_dags/example_branch_datetime_operator.py
[2025-03-26T17:20:42.903+0000] {processor.py:914} INFO - Processing file /home/ubuntu/customer_churn_youtube_venv/lib/python3.12/site-packages/airflow/example_dags/example_branch_datetime_operator.py for tasks to queue
[2025-03-26T17:20:42.905+0000] {logging_mixin.py:190} INFO - [2025-03-26T17:20:42.904+0000] {dagbag.py:588} INFO - Filling up the DagBag from /home/ubuntu/customer_churn_youtube_venv/lib/python3.12/site-packages/airflow/example_dags/example_branch_datetime_operator.py
[2025-03-26T17:20:42.917+0000] {processor.py:925} INFO - DAG(s) 'example_branch_datetime_operator_2', 'example_branch_datetime_operator_3', 'example_branch_datetime_operator' retrieved from /home/ubuntu/customer_churn_youtube_venv/lib/python3.12/site-packages/airflow/example_dags/example_branch_datetime_operator.py
[2025-03-26T17:20:42.938+0000] {logging_mixin.py:190} INFO - [2025-03-26T17:20:42.938+0000] {dag.py:3239} INFO - Sync 3 DAGs
[2025-03-26T17:20:42.959+0000] {logging_mixin.py:190} INFO - [2025-03-26T17:20:42.958+0000] {dag.py:4180} INFO - Setting next_dagrun for example_branch_datetime_operator to 2025-03-25 00:00:00+00:00, run_after=2025-03-26 00:00:00+00:00
[2025-03-26T17:20:42.963+0000] {logging_mixin.py:190} INFO - [2025-03-26T17:20:42.962+0000] {dag.py:4180} INFO - Setting next_dagrun for example_branch_datetime_operator_2 to 2025-03-25 00:00:00+00:00, run_after=2025-03-26 00:00:00+00:00
[2025-03-26T17:20:42.965+0000] {logging_mixin.py:190} INFO - [2025-03-26T17:20:42.965+0000] {dag.py:4180} INFO - Setting next_dagrun for example_branch_datetime_operator_3 to 2025-03-25 00:00:00+00:00, run_after=2025-03-26 00:00:00+00:00
[2025-03-26T17:20:42.984+0000] {processor.py:208} INFO - Processing /home/ubuntu/customer_churn_youtube_venv/lib/python3.12/site-packages/airflow/example_dags/example_branch_datetime_operator.py took 0.088 seconds
[2025-03-26T17:22:02.720+0000] {processor.py:186} INFO - Started process (PID=6798) to work on /home/ubuntu/customer_churn_youtube_venv/lib/python3.12/site-packages/airflow/example_dags/example_branch_datetime_operator.py
[2025-03-26T17:22:02.723+0000] {processor.py:914} INFO - Processing file /home/ubuntu/customer_churn_youtube_venv/lib/python3.12/site-packages/airflow/example_dags/example_branch_datetime_operator.py for tasks to queue
[2025-03-26T17:22:02.724+0000] {logging_mixin.py:190} INFO - [2025-03-26T17:22:02.724+0000] {dagbag.py:588} INFO - Filling up the DagBag from /home/ubuntu/customer_churn_youtube_venv/lib/python3.12/site-packages/airflow/example_dags/example_branch_datetime_operator.py
[2025-03-26T17:22:02.738+0000] {processor.py:925} INFO - DAG(s) 'example_branch_datetime_operator_3', 'example_branch_datetime_operator', 'example_branch_datetime_operator_2' retrieved from /home/ubuntu/customer_churn_youtube_venv/lib/python3.12/site-packages/airflow/example_dags/example_branch_datetime_operator.py
[2025-03-26T17:22:02.759+0000] {logging_mixin.py:190} INFO - [2025-03-26T17:22:02.758+0000] {dag.py:3239} INFO - Sync 3 DAGs
[2025-03-26T17:22:02.780+0000] {logging_mixin.py:190} INFO - [2025-03-26T17:22:02.780+0000] {dag.py:4180} INFO - Setting next_dagrun for example_branch_datetime_operator to 2025-03-25 00:00:00+00:00, run_after=2025-03-26 00:00:00+00:00
[2025-03-26T17:22:02.784+0000] {logging_mixin.py:190} INFO - [2025-03-26T17:22:02.784+0000] {dag.py:4180} INFO - Setting next_dagrun for example_branch_datetime_operator_2 to 2025-03-25 00:00:00+00:00, run_after=2025-03-26 00:00:00+00:00
[2025-03-26T17:22:02.787+0000] {logging_mixin.py:190} INFO - [2025-03-26T17:22:02.787+0000] {dag.py:4180} INFO - Setting next_dagrun for example_branch_datetime_operator_3 to 2025-03-25 00:00:00+00:00, run_after=2025-03-26 00:00:00+00:00
[2025-03-26T17:22:02.807+0000] {processor.py:208} INFO - Processing /home/ubuntu/customer_churn_youtube_venv/lib/python3.12/site-packages/airflow/example_dags/example_branch_datetime_operator.py took 0.093 seconds
[2025-03-26T17:23:20.045+0000] {processor.py:186} INFO - Started process (PID=6877) to work on /home/ubuntu/customer_churn_youtube_venv/lib/python3.12/site-packages/airflow/example_dags/example_branch_datetime_operator.py
[2025-03-26T17:23:20.047+0000] {processor.py:914} INFO - Processing file /home/ubuntu/customer_churn_youtube_venv/lib/python3.12/site-packages/airflow/example_dags/example_branch_datetime_operator.py for tasks to queue
[2025-03-26T17:23:20.048+0000] {logging_mixin.py:190} INFO - [2025-03-26T17:23:20.048+0000] {dagbag.py:588} INFO - Filling up the DagBag from /home/ubuntu/customer_churn_youtube_venv/lib/python3.12/site-packages/airflow/example_dags/example_branch_datetime_operator.py
[2025-03-26T17:23:20.061+0000] {processor.py:925} INFO - DAG(s) 'example_branch_datetime_operator', 'example_branch_datetime_operator_2', 'example_branch_datetime_operator_3' retrieved from /home/ubuntu/customer_churn_youtube_venv/lib/python3.12/site-packages/airflow/example_dags/example_branch_datetime_operator.py
[2025-03-26T17:23:20.081+0000] {logging_mixin.py:190} INFO - [2025-03-26T17:23:20.081+0000] {dag.py:3239} INFO - Sync 3 DAGs
[2025-03-26T17:23:20.101+0000] {logging_mixin.py:190} INFO - [2025-03-26T17:23:20.101+0000] {dag.py:4180} INFO - Setting next_dagrun for example_branch_datetime_operator to 2025-03-25 00:00:00+00:00, run_after=2025-03-26 00:00:00+00:00
[2025-03-26T17:23:20.105+0000] {logging_mixin.py:190} INFO - [2025-03-26T17:23:20.105+0000] {dag.py:4180} INFO - Setting next_dagrun for example_branch_datetime_operator_2 to 2025-03-25 00:00:00+00:00, run_after=2025-03-26 00:00:00+00:00
[2025-03-26T17:23:20.107+0000] {logging_mixin.py:190} INFO - [2025-03-26T17:23:20.107+0000] {dag.py:4180} INFO - Setting next_dagrun for example_branch_datetime_operator_3 to 2025-03-25 00:00:00+00:00, run_after=2025-03-26 00:00:00+00:00
[2025-03-26T17:23:20.129+0000] {processor.py:208} INFO - Processing /home/ubuntu/customer_churn_youtube_venv/lib/python3.12/site-packages/airflow/example_dags/example_branch_datetime_operator.py took 0.091 seconds
[2025-03-26T17:24:34.946+0000] {processor.py:186} INFO - Started process (PID=6955) to work on /home/ubuntu/customer_churn_youtube_venv/lib/python3.12/site-packages/airflow/example_dags/example_branch_datetime_operator.py
[2025-03-26T17:24:34.948+0000] {processor.py:914} INFO - Processing file /home/ubuntu/customer_churn_youtube_venv/lib/python3.12/site-packages/airflow/example_dags/example_branch_datetime_operator.py for tasks to queue
[2025-03-26T17:24:34.950+0000] {logging_mixin.py:190} INFO - [2025-03-26T17:24:34.950+0000] {dagbag.py:588} INFO - Filling up the DagBag from /home/ubuntu/customer_churn_youtube_venv/lib/python3.12/site-packages/airflow/example_dags/example_branch_datetime_operator.py
[2025-03-26T17:24:34.963+0000] {processor.py:925} INFO - DAG(s) 'example_branch_datetime_operator_3', 'example_branch_datetime_operator_2', 'example_branch_datetime_operator' retrieved from /home/ubuntu/customer_churn_youtube_venv/lib/python3.12/site-packages/airflow/example_dags/example_branch_datetime_operator.py
[2025-03-26T17:24:34.982+0000] {logging_mixin.py:190} INFO - [2025-03-26T17:24:34.982+0000] {dag.py:3239} INFO - Sync 3 DAGs
[2025-03-26T17:24:35.003+0000] {logging_mixin.py:190} INFO - [2025-03-26T17:24:35.003+0000] {dag.py:4180} INFO - Setting next_dagrun for example_branch_datetime_operator to 2025-03-25 00:00:00+00:00, run_after=2025-03-26 00:00:00+00:00
[2025-03-26T17:24:35.008+0000] {logging_mixin.py:190} INFO - [2025-03-26T17:24:35.007+0000] {dag.py:4180} INFO - Setting next_dagrun for example_branch_datetime_operator_2 to 2025-03-25 00:00:00+00:00, run_after=2025-03-26 00:00:00+00:00
[2025-03-26T17:24:35.009+0000] {logging_mixin.py:190} INFO - [2025-03-26T17:24:35.009+0000] {dag.py:4180} INFO - Setting next_dagrun for example_branch_datetime_operator_3 to 2025-03-25 00:00:00+00:00, run_after=2025-03-26 00:00:00+00:00
[2025-03-26T17:24:35.028+0000] {processor.py:208} INFO - Processing /home/ubuntu/customer_churn_youtube_venv/lib/python3.12/site-packages/airflow/example_dags/example_branch_datetime_operator.py took 0.088 seconds
[2025-03-26T17:25:50.112+0000] {processor.py:186} INFO - Started process (PID=7037) to work on /home/ubuntu/customer_churn_youtube_venv/lib/python3.12/site-packages/airflow/example_dags/example_branch_datetime_operator.py
[2025-03-26T17:25:50.114+0000] {processor.py:914} INFO - Processing file /home/ubuntu/customer_churn_youtube_venv/lib/python3.12/site-packages/airflow/example_dags/example_branch_datetime_operator.py for tasks to queue
[2025-03-26T17:25:50.115+0000] {logging_mixin.py:190} INFO - [2025-03-26T17:25:50.115+0000] {dagbag.py:588} INFO - Filling up the DagBag from /home/ubuntu/customer_churn_youtube_venv/lib/python3.12/site-packages/airflow/example_dags/example_branch_datetime_operator.py
[2025-03-26T17:25:50.129+0000] {processor.py:925} INFO - DAG(s) 'example_branch_datetime_operator_2', 'example_branch_datetime_operator', 'example_branch_datetime_operator_3' retrieved from /home/ubuntu/customer_churn_youtube_venv/lib/python3.12/site-packages/airflow/example_dags/example_branch_datetime_operator.py
[2025-03-26T17:25:50.148+0000] {logging_mixin.py:190} INFO - [2025-03-26T17:25:50.148+0000] {dag.py:3239} INFO - Sync 3 DAGs
[2025-03-26T17:25:50.168+0000] {logging_mixin.py:190} INFO - [2025-03-26T17:25:50.168+0000] {dag.py:4180} INFO - Setting next_dagrun for example_branch_datetime_operator to 2025-03-25 00:00:00+00:00, run_after=2025-03-26 00:00:00+00:00
[2025-03-26T17:25:50.172+0000] {logging_mixin.py:190} INFO - [2025-03-26T17:25:50.172+0000] {dag.py:4180} INFO - Setting next_dagrun for example_branch_datetime_operator_2 to 2025-03-25 00:00:00+00:00, run_after=2025-03-26 00:00:00+00:00
[2025-03-26T17:25:50.174+0000] {logging_mixin.py:190} INFO - [2025-03-26T17:25:50.174+0000] {dag.py:4180} INFO - Setting next_dagrun for example_branch_datetime_operator_3 to 2025-03-25 00:00:00+00:00, run_after=2025-03-26 00:00:00+00:00
[2025-03-26T17:25:50.193+0000] {processor.py:208} INFO - Processing /home/ubuntu/customer_churn_youtube_venv/lib/python3.12/site-packages/airflow/example_dags/example_branch_datetime_operator.py took 0.086 seconds
[2025-03-26T17:27:07.449+0000] {processor.py:186} INFO - Started process (PID=7117) to work on /home/ubuntu/customer_churn_youtube_venv/lib/python3.12/site-packages/airflow/example_dags/example_branch_datetime_operator.py
[2025-03-26T17:27:07.451+0000] {processor.py:914} INFO - Processing file /home/ubuntu/customer_churn_youtube_venv/lib/python3.12/site-packages/airflow/example_dags/example_branch_datetime_operator.py for tasks to queue
[2025-03-26T17:27:07.453+0000] {logging_mixin.py:190} INFO - [2025-03-26T17:27:07.452+0000] {dagbag.py:588} INFO - Filling up the DagBag from /home/ubuntu/customer_churn_youtube_venv/lib/python3.12/site-packages/airflow/example_dags/example_branch_datetime_operator.py
[2025-03-26T17:27:07.466+0000] {processor.py:925} INFO - DAG(s) 'example_branch_datetime_operator', 'example_branch_datetime_operator_3', 'example_branch_datetime_operator_2' retrieved from /home/ubuntu/customer_churn_youtube_venv/lib/python3.12/site-packages/airflow/example_dags/example_branch_datetime_operator.py
[2025-03-26T17:27:07.486+0000] {logging_mixin.py:190} INFO - [2025-03-26T17:27:07.485+0000] {dag.py:3239} INFO - Sync 3 DAGs
[2025-03-26T17:27:07.506+0000] {logging_mixin.py:190} INFO - [2025-03-26T17:27:07.505+0000] {dag.py:4180} INFO - Setting next_dagrun for example_branch_datetime_operator to 2025-03-25 00:00:00+00:00, run_after=2025-03-26 00:00:00+00:00
[2025-03-26T17:27:07.509+0000] {logging_mixin.py:190} INFO - [2025-03-26T17:27:07.509+0000] {dag.py:4180} INFO - Setting next_dagrun for example_branch_datetime_operator_2 to 2025-03-25 00:00:00+00:00, run_after=2025-03-26 00:00:00+00:00
[2025-03-26T17:27:07.512+0000] {logging_mixin.py:190} INFO - [2025-03-26T17:27:07.512+0000] {dag.py:4180} INFO - Setting next_dagrun for example_branch_datetime_operator_3 to 2025-03-25 00:00:00+00:00, run_after=2025-03-26 00:00:00+00:00
[2025-03-26T17:27:07.530+0000] {processor.py:208} INFO - Processing /home/ubuntu/customer_churn_youtube_venv/lib/python3.12/site-packages/airflow/example_dags/example_branch_datetime_operator.py took 0.087 seconds
[2025-03-26T17:28:24.298+0000] {processor.py:186} INFO - Started process (PID=7243) to work on /home/ubuntu/customer_churn_youtube_venv/lib/python3.12/site-packages/airflow/example_dags/example_branch_datetime_operator.py
[2025-03-26T17:28:24.300+0000] {processor.py:914} INFO - Processing file /home/ubuntu/customer_churn_youtube_venv/lib/python3.12/site-packages/airflow/example_dags/example_branch_datetime_operator.py for tasks to queue
[2025-03-26T17:28:24.303+0000] {logging_mixin.py:190} INFO - [2025-03-26T17:28:24.302+0000] {dagbag.py:588} INFO - Filling up the DagBag from /home/ubuntu/customer_churn_youtube_venv/lib/python3.12/site-packages/airflow/example_dags/example_branch_datetime_operator.py
[2025-03-26T17:28:24.315+0000] {processor.py:925} INFO - DAG(s) 'example_branch_datetime_operator_3', 'example_branch_datetime_operator', 'example_branch_datetime_operator_2' retrieved from /home/ubuntu/customer_churn_youtube_venv/lib/python3.12/site-packages/airflow/example_dags/example_branch_datetime_operator.py
[2025-03-26T17:28:24.336+0000] {logging_mixin.py:190} INFO - [2025-03-26T17:28:24.336+0000] {dag.py:3239} INFO - Sync 3 DAGs
[2025-03-26T17:28:24.355+0000] {logging_mixin.py:190} INFO - [2025-03-26T17:28:24.355+0000] {dag.py:4180} INFO - Setting next_dagrun for example_branch_datetime_operator to 2025-03-25 00:00:00+00:00, run_after=2025-03-26 00:00:00+00:00
[2025-03-26T17:28:24.359+0000] {logging_mixin.py:190} INFO - [2025-03-26T17:28:24.359+0000] {dag.py:4180} INFO - Setting next_dagrun for example_branch_datetime_operator_2 to 2025-03-25 00:00:00+00:00, run_after=2025-03-26 00:00:00+00:00
[2025-03-26T17:28:24.361+0000] {logging_mixin.py:190} INFO - [2025-03-26T17:28:24.361+0000] {dag.py:4180} INFO - Setting next_dagrun for example_branch_datetime_operator_3 to 2025-03-25 00:00:00+00:00, run_after=2025-03-26 00:00:00+00:00
[2025-03-26T17:28:24.383+0000] {processor.py:208} INFO - Processing /home/ubuntu/customer_churn_youtube_venv/lib/python3.12/site-packages/airflow/example_dags/example_branch_datetime_operator.py took 0.090 seconds
[2025-03-26T17:29:38.494+0000] {processor.py:186} INFO - Started process (PID=7321) to work on /home/ubuntu/customer_churn_youtube_venv/lib/python3.12/site-packages/airflow/example_dags/example_branch_datetime_operator.py
[2025-03-26T17:29:38.496+0000] {processor.py:914} INFO - Processing file /home/ubuntu/customer_churn_youtube_venv/lib/python3.12/site-packages/airflow/example_dags/example_branch_datetime_operator.py for tasks to queue
[2025-03-26T17:29:38.499+0000] {logging_mixin.py:190} INFO - [2025-03-26T17:29:38.499+0000] {dagbag.py:588} INFO - Filling up the DagBag from /home/ubuntu/customer_churn_youtube_venv/lib/python3.12/site-packages/airflow/example_dags/example_branch_datetime_operator.py
[2025-03-26T17:29:38.511+0000] {processor.py:925} INFO - DAG(s) 'example_branch_datetime_operator_2', 'example_branch_datetime_operator', 'example_branch_datetime_operator_3' retrieved from /home/ubuntu/customer_churn_youtube_venv/lib/python3.12/site-packages/airflow/example_dags/example_branch_datetime_operator.py
[2025-03-26T17:29:38.531+0000] {logging_mixin.py:190} INFO - [2025-03-26T17:29:38.531+0000] {dag.py:3239} INFO - Sync 3 DAGs
[2025-03-26T17:29:38.551+0000] {logging_mixin.py:190} INFO - [2025-03-26T17:29:38.551+0000] {dag.py:4180} INFO - Setting next_dagrun for example_branch_datetime_operator to 2025-03-25 00:00:00+00:00, run_after=2025-03-26 00:00:00+00:00
[2025-03-26T17:29:38.555+0000] {logging_mixin.py:190} INFO - [2025-03-26T17:29:38.555+0000] {dag.py:4180} INFO - Setting next_dagrun for example_branch_datetime_operator_2 to 2025-03-25 00:00:00+00:00, run_after=2025-03-26 00:00:00+00:00
[2025-03-26T17:29:38.557+0000] {logging_mixin.py:190} INFO - [2025-03-26T17:29:38.557+0000] {dag.py:4180} INFO - Setting next_dagrun for example_branch_datetime_operator_3 to 2025-03-25 00:00:00+00:00, run_after=2025-03-26 00:00:00+00:00
[2025-03-26T17:29:38.578+0000] {processor.py:208} INFO - Processing /home/ubuntu/customer_churn_youtube_venv/lib/python3.12/site-packages/airflow/example_dags/example_branch_datetime_operator.py took 0.089 seconds
[2025-03-26T17:30:52.711+0000] {processor.py:186} INFO - Started process (PID=7402) to work on /home/ubuntu/customer_churn_youtube_venv/lib/python3.12/site-packages/airflow/example_dags/example_branch_datetime_operator.py
[2025-03-26T17:30:52.713+0000] {processor.py:914} INFO - Processing file /home/ubuntu/customer_churn_youtube_venv/lib/python3.12/site-packages/airflow/example_dags/example_branch_datetime_operator.py for tasks to queue
[2025-03-26T17:30:52.715+0000] {logging_mixin.py:190} INFO - [2025-03-26T17:30:52.715+0000] {dagbag.py:588} INFO - Filling up the DagBag from /home/ubuntu/customer_churn_youtube_venv/lib/python3.12/site-packages/airflow/example_dags/example_branch_datetime_operator.py
[2025-03-26T17:30:52.728+0000] {processor.py:925} INFO - DAG(s) 'example_branch_datetime_operator_2', 'example_branch_datetime_operator_3', 'example_branch_datetime_operator' retrieved from /home/ubuntu/customer_churn_youtube_venv/lib/python3.12/site-packages/airflow/example_dags/example_branch_datetime_operator.py
[2025-03-26T17:30:52.748+0000] {logging_mixin.py:190} INFO - [2025-03-26T17:30:52.748+0000] {dag.py:3239} INFO - Sync 3 DAGs
[2025-03-26T17:30:52.768+0000] {logging_mixin.py:190} INFO - [2025-03-26T17:30:52.768+0000] {dag.py:4180} INFO - Setting next_dagrun for example_branch_datetime_operator to 2025-03-25 00:00:00+00:00, run_after=2025-03-26 00:00:00+00:00
[2025-03-26T17:30:52.773+0000] {logging_mixin.py:190} INFO - [2025-03-26T17:30:52.773+0000] {dag.py:4180} INFO - Setting next_dagrun for example_branch_datetime_operator_2 to 2025-03-25 00:00:00+00:00, run_after=2025-03-26 00:00:00+00:00
[2025-03-26T17:30:52.775+0000] {logging_mixin.py:190} INFO - [2025-03-26T17:30:52.775+0000] {dag.py:4180} INFO - Setting next_dagrun for example_branch_datetime_operator_3 to 2025-03-25 00:00:00+00:00, run_after=2025-03-26 00:00:00+00:00
[2025-03-26T17:30:52.797+0000] {processor.py:208} INFO - Processing /home/ubuntu/customer_churn_youtube_venv/lib/python3.12/site-packages/airflow/example_dags/example_branch_datetime_operator.py took 0.091 seconds
[2025-03-26T17:32:09.441+0000] {processor.py:186} INFO - Started process (PID=7494) to work on /home/ubuntu/customer_churn_youtube_venv/lib/python3.12/site-packages/airflow/example_dags/example_branch_datetime_operator.py
[2025-03-26T17:32:09.443+0000] {processor.py:914} INFO - Processing file /home/ubuntu/customer_churn_youtube_venv/lib/python3.12/site-packages/airflow/example_dags/example_branch_datetime_operator.py for tasks to queue
[2025-03-26T17:32:09.445+0000] {logging_mixin.py:190} INFO - [2025-03-26T17:32:09.444+0000] {dagbag.py:588} INFO - Filling up the DagBag from /home/ubuntu/customer_churn_youtube_venv/lib/python3.12/site-packages/airflow/example_dags/example_branch_datetime_operator.py
[2025-03-26T17:32:09.457+0000] {processor.py:925} INFO - DAG(s) 'example_branch_datetime_operator', 'example_branch_datetime_operator_3', 'example_branch_datetime_operator_2' retrieved from /home/ubuntu/customer_churn_youtube_venv/lib/python3.12/site-packages/airflow/example_dags/example_branch_datetime_operator.py
[2025-03-26T17:32:09.476+0000] {logging_mixin.py:190} INFO - [2025-03-26T17:32:09.476+0000] {dag.py:3239} INFO - Sync 3 DAGs
[2025-03-26T17:32:09.496+0000] {logging_mixin.py:190} INFO - [2025-03-26T17:32:09.496+0000] {dag.py:4180} INFO - Setting next_dagrun for example_branch_datetime_operator to 2025-03-25 00:00:00+00:00, run_after=2025-03-26 00:00:00+00:00
[2025-03-26T17:32:09.501+0000] {logging_mixin.py:190} INFO - [2025-03-26T17:32:09.501+0000] {dag.py:4180} INFO - Setting next_dagrun for example_branch_datetime_operator_2 to 2025-03-25 00:00:00+00:00, run_after=2025-03-26 00:00:00+00:00
[2025-03-26T17:32:09.502+0000] {logging_mixin.py:190} INFO - [2025-03-26T17:32:09.502+0000] {dag.py:4180} INFO - Setting next_dagrun for example_branch_datetime_operator_3 to 2025-03-25 00:00:00+00:00, run_after=2025-03-26 00:00:00+00:00
[2025-03-26T17:32:09.524+0000] {processor.py:208} INFO - Processing /home/ubuntu/customer_churn_youtube_venv/lib/python3.12/site-packages/airflow/example_dags/example_branch_datetime_operator.py took 0.089 seconds
[2025-03-26T17:33:27.572+0000] {processor.py:186} INFO - Started process (PID=7602) to work on /home/ubuntu/customer_churn_youtube_venv/lib/python3.12/site-packages/airflow/example_dags/example_branch_datetime_operator.py
[2025-03-26T17:33:27.574+0000] {processor.py:914} INFO - Processing file /home/ubuntu/customer_churn_youtube_venv/lib/python3.12/site-packages/airflow/example_dags/example_branch_datetime_operator.py for tasks to queue
[2025-03-26T17:33:27.576+0000] {logging_mixin.py:190} INFO - [2025-03-26T17:33:27.575+0000] {dagbag.py:588} INFO - Filling up the DagBag from /home/ubuntu/customer_churn_youtube_venv/lib/python3.12/site-packages/airflow/example_dags/example_branch_datetime_operator.py
[2025-03-26T17:33:27.588+0000] {processor.py:925} INFO - DAG(s) 'example_branch_datetime_operator', 'example_branch_datetime_operator_3', 'example_branch_datetime_operator_2' retrieved from /home/ubuntu/customer_churn_youtube_venv/lib/python3.12/site-packages/airflow/example_dags/example_branch_datetime_operator.py
[2025-03-26T17:33:27.609+0000] {logging_mixin.py:190} INFO - [2025-03-26T17:33:27.609+0000] {dag.py:3239} INFO - Sync 3 DAGs
[2025-03-26T17:33:27.629+0000] {logging_mixin.py:190} INFO - [2025-03-26T17:33:27.629+0000] {dag.py:4180} INFO - Setting next_dagrun for example_branch_datetime_operator to 2025-03-25 00:00:00+00:00, run_after=2025-03-26 00:00:00+00:00
[2025-03-26T17:33:27.634+0000] {logging_mixin.py:190} INFO - [2025-03-26T17:33:27.634+0000] {dag.py:4180} INFO - Setting next_dagrun for example_branch_datetime_operator_2 to 2025-03-25 00:00:00+00:00, run_after=2025-03-26 00:00:00+00:00
[2025-03-26T17:33:27.637+0000] {logging_mixin.py:190} INFO - [2025-03-26T17:33:27.637+0000] {dag.py:4180} INFO - Setting next_dagrun for example_branch_datetime_operator_3 to 2025-03-25 00:00:00+00:00, run_after=2025-03-26 00:00:00+00:00
[2025-03-26T17:33:27.657+0000] {processor.py:208} INFO - Processing /home/ubuntu/customer_churn_youtube_venv/lib/python3.12/site-packages/airflow/example_dags/example_branch_datetime_operator.py took 0.091 seconds
[2025-03-26T17:34:44.696+0000] {processor.py:186} INFO - Started process (PID=7681) to work on /home/ubuntu/customer_churn_youtube_venv/lib/python3.12/site-packages/airflow/example_dags/example_branch_datetime_operator.py
[2025-03-26T17:34:44.698+0000] {processor.py:914} INFO - Processing file /home/ubuntu/customer_churn_youtube_venv/lib/python3.12/site-packages/airflow/example_dags/example_branch_datetime_operator.py for tasks to queue
[2025-03-26T17:34:44.699+0000] {logging_mixin.py:190} INFO - [2025-03-26T17:34:44.699+0000] {dagbag.py:588} INFO - Filling up the DagBag from /home/ubuntu/customer_churn_youtube_venv/lib/python3.12/site-packages/airflow/example_dags/example_branch_datetime_operator.py
[2025-03-26T17:34:44.712+0000] {processor.py:925} INFO - DAG(s) 'example_branch_datetime_operator', 'example_branch_datetime_operator_3', 'example_branch_datetime_operator_2' retrieved from /home/ubuntu/customer_churn_youtube_venv/lib/python3.12/site-packages/airflow/example_dags/example_branch_datetime_operator.py
[2025-03-26T17:34:44.732+0000] {logging_mixin.py:190} INFO - [2025-03-26T17:34:44.732+0000] {dag.py:3239} INFO - Sync 3 DAGs
[2025-03-26T17:34:44.752+0000] {logging_mixin.py:190} INFO - [2025-03-26T17:34:44.752+0000] {dag.py:4180} INFO - Setting next_dagrun for example_branch_datetime_operator to 2025-03-25 00:00:00+00:00, run_after=2025-03-26 00:00:00+00:00
[2025-03-26T17:34:44.757+0000] {logging_mixin.py:190} INFO - [2025-03-26T17:34:44.756+0000] {dag.py:4180} INFO - Setting next_dagrun for example_branch_datetime_operator_2 to 2025-03-25 00:00:00+00:00, run_after=2025-03-26 00:00:00+00:00
[2025-03-26T17:34:44.758+0000] {logging_mixin.py:190} INFO - [2025-03-26T17:34:44.758+0000] {dag.py:4180} INFO - Setting next_dagrun for example_branch_datetime_operator_3 to 2025-03-25 00:00:00+00:00, run_after=2025-03-26 00:00:00+00:00
[2025-03-26T17:34:44.779+0000] {processor.py:208} INFO - Processing /home/ubuntu/customer_churn_youtube_venv/lib/python3.12/site-packages/airflow/example_dags/example_branch_datetime_operator.py took 0.088 seconds
[2025-03-26T17:36:04.773+0000] {processor.py:186} INFO - Started process (PID=7770) to work on /home/ubuntu/customer_churn_youtube_venv/lib/python3.12/site-packages/airflow/example_dags/example_branch_datetime_operator.py
[2025-03-26T17:36:04.775+0000] {processor.py:914} INFO - Processing file /home/ubuntu/customer_churn_youtube_venv/lib/python3.12/site-packages/airflow/example_dags/example_branch_datetime_operator.py for tasks to queue
[2025-03-26T17:36:04.776+0000] {logging_mixin.py:190} INFO - [2025-03-26T17:36:04.776+0000] {dagbag.py:588} INFO - Filling up the DagBag from /home/ubuntu/customer_churn_youtube_venv/lib/python3.12/site-packages/airflow/example_dags/example_branch_datetime_operator.py
[2025-03-26T17:36:04.789+0000] {processor.py:925} INFO - DAG(s) 'example_branch_datetime_operator_2', 'example_branch_datetime_operator', 'example_branch_datetime_operator_3' retrieved from /home/ubuntu/customer_churn_youtube_venv/lib/python3.12/site-packages/airflow/example_dags/example_branch_datetime_operator.py
[2025-03-26T17:36:04.812+0000] {logging_mixin.py:190} INFO - [2025-03-26T17:36:04.812+0000] {dag.py:3239} INFO - Sync 3 DAGs
[2025-03-26T17:36:04.834+0000] {logging_mixin.py:190} INFO - [2025-03-26T17:36:04.834+0000] {dag.py:4180} INFO - Setting next_dagrun for example_branch_datetime_operator to 2025-03-25 00:00:00+00:00, run_after=2025-03-26 00:00:00+00:00
[2025-03-26T17:36:04.839+0000] {logging_mixin.py:190} INFO - [2025-03-26T17:36:04.839+0000] {dag.py:4180} INFO - Setting next_dagrun for example_branch_datetime_operator_2 to 2025-03-25 00:00:00+00:00, run_after=2025-03-26 00:00:00+00:00
[2025-03-26T17:36:04.840+0000] {logging_mixin.py:190} INFO - [2025-03-26T17:36:04.840+0000] {dag.py:4180} INFO - Setting next_dagrun for example_branch_datetime_operator_3 to 2025-03-25 00:00:00+00:00, run_after=2025-03-26 00:00:00+00:00
[2025-03-26T17:36:04.861+0000] {processor.py:208} INFO - Processing /home/ubuntu/customer_churn_youtube_venv/lib/python3.12/site-packages/airflow/example_dags/example_branch_datetime_operator.py took 0.094 seconds
