[2025-03-26T17:13:57.453+0000] {processor.py:186} INFO - Started process (PID=6298) to work on /home/ubuntu/customer_churn_youtube_venv/lib/python3.12/site-packages/airflow/example_dags/example_external_task_marker_dag.py
[2025-03-26T17:13:57.454+0000] {processor.py:914} INFO - Processing file /home/ubuntu/customer_churn_youtube_venv/lib/python3.12/site-packages/airflow/example_dags/example_external_task_marker_dag.py for tasks to queue
[2025-03-26T17:13:57.457+0000] {logging_mixin.py:190} INFO - [2025-03-26T17:13:57.457+0000] {dagbag.py:588} INFO - Filling up the DagBag from /home/ubuntu/customer_churn_youtube_venv/lib/python3.12/site-packages/airflow/example_dags/example_external_task_marker_dag.py
[2025-03-26T17:13:57.465+0000] {processor.py:925} INFO - DAG(s) 'example_external_task_marker_parent', 'example_external_task_marker_child' retrieved from /home/ubuntu/customer_churn_youtube_venv/lib/python3.12/site-packages/airflow/example_dags/example_external_task_marker_dag.py
[2025-03-26T17:13:57.565+0000] {logging_mixin.py:190} INFO - [2025-03-26T17:13:57.565+0000] {override.py:1930} INFO - Created Permission View: can edit on DAG:example_external_task_marker_parent
[2025-03-26T17:13:57.579+0000] {logging_mixin.py:190} INFO - [2025-03-26T17:13:57.579+0000] {override.py:1930} INFO - Created Permission View: can read on DAG:example_external_task_marker_parent
[2025-03-26T17:13:57.590+0000] {logging_mixin.py:190} INFO - [2025-03-26T17:13:57.590+0000] {override.py:1930} INFO - Created Permission View: can delete on DAG:example_external_task_marker_parent
[2025-03-26T17:13:57.608+0000] {logging_mixin.py:190} INFO - [2025-03-26T17:13:57.608+0000] {override.py:1930} INFO - Created Permission View: menu access on DAG Run:example_external_task_marker_parent
[2025-03-26T17:13:57.618+0000] {logging_mixin.py:190} INFO - [2025-03-26T17:13:57.618+0000] {override.py:1930} INFO - Created Permission View: can create on DAG Run:example_external_task_marker_parent
[2025-03-26T17:13:57.628+0000] {logging_mixin.py:190} INFO - [2025-03-26T17:13:57.628+0000] {override.py:1930} INFO - Created Permission View: can delete on DAG Run:example_external_task_marker_parent
[2025-03-26T17:13:57.638+0000] {logging_mixin.py:190} INFO - [2025-03-26T17:13:57.638+0000] {override.py:1930} INFO - Created Permission View: can read on DAG Run:example_external_task_marker_parent
[2025-03-26T17:13:57.665+0000] {logging_mixin.py:190} INFO - [2025-03-26T17:13:57.664+0000] {override.py:1930} INFO - Created Permission View: can edit on DAG:example_external_task_marker_child
[2025-03-26T17:13:57.676+0000] {logging_mixin.py:190} INFO - [2025-03-26T17:13:57.675+0000] {override.py:1930} INFO - Created Permission View: can read on DAG:example_external_task_marker_child
[2025-03-26T17:13:57.686+0000] {logging_mixin.py:190} INFO - [2025-03-26T17:13:57.686+0000] {override.py:1930} INFO - Created Permission View: can delete on DAG:example_external_task_marker_child
[2025-03-26T17:13:57.703+0000] {logging_mixin.py:190} INFO - [2025-03-26T17:13:57.703+0000] {override.py:1930} INFO - Created Permission View: menu access on DAG Run:example_external_task_marker_child
[2025-03-26T17:13:57.714+0000] {logging_mixin.py:190} INFO - [2025-03-26T17:13:57.714+0000] {override.py:1930} INFO - Created Permission View: can create on DAG Run:example_external_task_marker_child
[2025-03-26T17:13:57.725+0000] {logging_mixin.py:190} INFO - [2025-03-26T17:13:57.725+0000] {override.py:1930} INFO - Created Permission View: can delete on DAG Run:example_external_task_marker_child
[2025-03-26T17:13:57.734+0000] {logging_mixin.py:190} INFO - [2025-03-26T17:13:57.734+0000] {override.py:1930} INFO - Created Permission View: can read on DAG Run:example_external_task_marker_child
[2025-03-26T17:13:57.735+0000] {logging_mixin.py:190} INFO - [2025-03-26T17:13:57.734+0000] {dag.py:3239} INFO - Sync 2 DAGs
[2025-03-26T17:13:57.745+0000] {logging_mixin.py:190} INFO - [2025-03-26T17:13:57.745+0000] {dag.py:3262} INFO - Creating ORM DAG for example_external_task_marker_parent
[2025-03-26T17:13:57.745+0000] {logging_mixin.py:190} INFO - [2025-03-26T17:13:57.745+0000] {dag.py:3262} INFO - Creating ORM DAG for example_external_task_marker_child
[2025-03-26T17:13:57.746+0000] {logging_mixin.py:190} INFO - [2025-03-26T17:13:57.746+0000] {dag.py:4180} INFO - Setting next_dagrun for example_external_task_marker_child to None, run_after=None
[2025-03-26T17:13:57.746+0000] {logging_mixin.py:190} INFO - [2025-03-26T17:13:57.746+0000] {dag.py:4180} INFO - Setting next_dagrun for example_external_task_marker_parent to None, run_after=None
[2025-03-26T17:13:57.769+0000] {processor.py:208} INFO - Processing /home/ubuntu/customer_churn_youtube_venv/lib/python3.12/site-packages/airflow/example_dags/example_external_task_marker_dag.py took 0.321 seconds
[2025-03-26T17:15:02.417+0000] {processor.py:186} INFO - Started process (PID=6365) to work on /home/ubuntu/customer_churn_youtube_venv/lib/python3.12/site-packages/airflow/example_dags/example_external_task_marker_dag.py
[2025-03-26T17:15:02.419+0000] {processor.py:914} INFO - Processing file /home/ubuntu/customer_churn_youtube_venv/lib/python3.12/site-packages/airflow/example_dags/example_external_task_marker_dag.py for tasks to queue
[2025-03-26T17:15:02.421+0000] {logging_mixin.py:190} INFO - [2025-03-26T17:15:02.420+0000] {dagbag.py:588} INFO - Filling up the DagBag from /home/ubuntu/customer_churn_youtube_venv/lib/python3.12/site-packages/airflow/example_dags/example_external_task_marker_dag.py
[2025-03-26T17:15:02.431+0000] {processor.py:925} INFO - DAG(s) 'example_external_task_marker_child', 'example_external_task_marker_parent' retrieved from /home/ubuntu/customer_churn_youtube_venv/lib/python3.12/site-packages/airflow/example_dags/example_external_task_marker_dag.py
[2025-03-26T17:15:02.451+0000] {logging_mixin.py:190} INFO - [2025-03-26T17:15:02.451+0000] {dag.py:3239} INFO - Sync 2 DAGs
[2025-03-26T17:15:02.467+0000] {logging_mixin.py:190} INFO - [2025-03-26T17:15:02.466+0000] {dag.py:4180} INFO - Setting next_dagrun for example_external_task_marker_child to None, run_after=None
[2025-03-26T17:15:02.471+0000] {logging_mixin.py:190} INFO - [2025-03-26T17:15:02.471+0000] {dag.py:4180} INFO - Setting next_dagrun for example_external_task_marker_parent to None, run_after=None
[2025-03-26T17:15:02.493+0000] {processor.py:208} INFO - Processing /home/ubuntu/customer_churn_youtube_venv/lib/python3.12/site-packages/airflow/example_dags/example_external_task_marker_dag.py took 0.082 seconds
[2025-03-26T17:15:58.009+0000] {processor.py:186} INFO - Started process (PID=6422) to work on /home/ubuntu/customer_churn_youtube_venv/lib/python3.12/site-packages/airflow/example_dags/example_external_task_marker_dag.py
[2025-03-26T17:15:58.011+0000] {processor.py:914} INFO - Processing file /home/ubuntu/customer_churn_youtube_venv/lib/python3.12/site-packages/airflow/example_dags/example_external_task_marker_dag.py for tasks to queue
[2025-03-26T17:15:58.013+0000] {logging_mixin.py:190} INFO - [2025-03-26T17:15:58.013+0000] {dagbag.py:588} INFO - Filling up the DagBag from /home/ubuntu/customer_churn_youtube_venv/lib/python3.12/site-packages/airflow/example_dags/example_external_task_marker_dag.py
[2025-03-26T17:15:58.021+0000] {processor.py:925} INFO - DAG(s) 'example_external_task_marker_child', 'example_external_task_marker_parent' retrieved from /home/ubuntu/customer_churn_youtube_venv/lib/python3.12/site-packages/airflow/example_dags/example_external_task_marker_dag.py
[2025-03-26T17:15:58.039+0000] {logging_mixin.py:190} INFO - [2025-03-26T17:15:58.038+0000] {dag.py:3239} INFO - Sync 2 DAGs
[2025-03-26T17:15:58.050+0000] {logging_mixin.py:190} INFO - [2025-03-26T17:15:58.050+0000] {dag.py:4180} INFO - Setting next_dagrun for example_external_task_marker_child to None, run_after=None
[2025-03-26T17:15:58.054+0000] {logging_mixin.py:190} INFO - [2025-03-26T17:15:58.053+0000] {dag.py:4180} INFO - Setting next_dagrun for example_external_task_marker_parent to None, run_after=None
[2025-03-26T17:15:58.073+0000] {processor.py:208} INFO - Processing /home/ubuntu/customer_churn_youtube_venv/lib/python3.12/site-packages/airflow/example_dags/example_external_task_marker_dag.py took 0.070 seconds
[2025-03-26T17:16:56.824+0000] {processor.py:186} INFO - Started process (PID=6479) to work on /home/ubuntu/customer_churn_youtube_venv/lib/python3.12/site-packages/airflow/example_dags/example_external_task_marker_dag.py
[2025-03-26T17:16:56.826+0000] {processor.py:914} INFO - Processing file /home/ubuntu/customer_churn_youtube_venv/lib/python3.12/site-packages/airflow/example_dags/example_external_task_marker_dag.py for tasks to queue
[2025-03-26T17:16:56.828+0000] {logging_mixin.py:190} INFO - [2025-03-26T17:16:56.827+0000] {dagbag.py:588} INFO - Filling up the DagBag from /home/ubuntu/customer_churn_youtube_venv/lib/python3.12/site-packages/airflow/example_dags/example_external_task_marker_dag.py
[2025-03-26T17:16:56.836+0000] {processor.py:925} INFO - DAG(s) 'example_external_task_marker_child', 'example_external_task_marker_parent' retrieved from /home/ubuntu/customer_churn_youtube_venv/lib/python3.12/site-packages/airflow/example_dags/example_external_task_marker_dag.py
[2025-03-26T17:16:56.854+0000] {logging_mixin.py:190} INFO - [2025-03-26T17:16:56.853+0000] {dag.py:3239} INFO - Sync 2 DAGs
[2025-03-26T17:16:56.866+0000] {logging_mixin.py:190} INFO - [2025-03-26T17:16:56.866+0000] {dag.py:4180} INFO - Setting next_dagrun for example_external_task_marker_child to None, run_after=None
[2025-03-26T17:16:56.868+0000] {logging_mixin.py:190} INFO - [2025-03-26T17:16:56.868+0000] {dag.py:4180} INFO - Setting next_dagrun for example_external_task_marker_parent to None, run_after=None
[2025-03-26T17:16:56.889+0000] {processor.py:208} INFO - Processing /home/ubuntu/customer_churn_youtube_venv/lib/python3.12/site-packages/airflow/example_dags/example_external_task_marker_dag.py took 0.070 seconds
[2025-03-26T17:17:51.285+0000] {processor.py:186} INFO - Started process (PID=6541) to work on /home/ubuntu/customer_churn_youtube_venv/lib/python3.12/site-packages/airflow/example_dags/example_external_task_marker_dag.py
[2025-03-26T17:17:51.286+0000] {processor.py:914} INFO - Processing file /home/ubuntu/customer_churn_youtube_venv/lib/python3.12/site-packages/airflow/example_dags/example_external_task_marker_dag.py for tasks to queue
[2025-03-26T17:17:51.289+0000] {logging_mixin.py:190} INFO - [2025-03-26T17:17:51.288+0000] {dagbag.py:588} INFO - Filling up the DagBag from /home/ubuntu/customer_churn_youtube_venv/lib/python3.12/site-packages/airflow/example_dags/example_external_task_marker_dag.py
[2025-03-26T17:17:51.296+0000] {processor.py:925} INFO - DAG(s) 'example_external_task_marker_child', 'example_external_task_marker_parent' retrieved from /home/ubuntu/customer_churn_youtube_venv/lib/python3.12/site-packages/airflow/example_dags/example_external_task_marker_dag.py
[2025-03-26T17:17:51.313+0000] {logging_mixin.py:190} INFO - [2025-03-26T17:17:51.313+0000] {dag.py:3239} INFO - Sync 2 DAGs
[2025-03-26T17:17:51.325+0000] {logging_mixin.py:190} INFO - [2025-03-26T17:17:51.325+0000] {dag.py:4180} INFO - Setting next_dagrun for example_external_task_marker_child to None, run_after=None
[2025-03-26T17:17:51.328+0000] {logging_mixin.py:190} INFO - [2025-03-26T17:17:51.328+0000] {dag.py:4180} INFO - Setting next_dagrun for example_external_task_marker_parent to None, run_after=None
[2025-03-26T17:17:51.347+0000] {processor.py:208} INFO - Processing /home/ubuntu/customer_churn_youtube_venv/lib/python3.12/site-packages/airflow/example_dags/example_external_task_marker_dag.py took 0.068 seconds
[2025-03-26T17:18:41.693+0000] {processor.py:186} INFO - Started process (PID=6593) to work on /home/ubuntu/customer_churn_youtube_venv/lib/python3.12/site-packages/airflow/example_dags/example_external_task_marker_dag.py
[2025-03-26T17:18:41.694+0000] {processor.py:914} INFO - Processing file /home/ubuntu/customer_churn_youtube_venv/lib/python3.12/site-packages/airflow/example_dags/example_external_task_marker_dag.py for tasks to queue
[2025-03-26T17:18:41.696+0000] {logging_mixin.py:190} INFO - [2025-03-26T17:18:41.696+0000] {dagbag.py:588} INFO - Filling up the DagBag from /home/ubuntu/customer_churn_youtube_venv/lib/python3.12/site-packages/airflow/example_dags/example_external_task_marker_dag.py
[2025-03-26T17:18:41.705+0000] {processor.py:925} INFO - DAG(s) 'example_external_task_marker_parent', 'example_external_task_marker_child' retrieved from /home/ubuntu/customer_churn_youtube_venv/lib/python3.12/site-packages/airflow/example_dags/example_external_task_marker_dag.py
[2025-03-26T17:18:41.723+0000] {logging_mixin.py:190} INFO - [2025-03-26T17:18:41.722+0000] {dag.py:3239} INFO - Sync 2 DAGs
[2025-03-26T17:18:41.734+0000] {logging_mixin.py:190} INFO - [2025-03-26T17:18:41.734+0000] {dag.py:4180} INFO - Setting next_dagrun for example_external_task_marker_child to None, run_after=None
[2025-03-26T17:18:41.736+0000] {logging_mixin.py:190} INFO - [2025-03-26T17:18:41.736+0000] {dag.py:4180} INFO - Setting next_dagrun for example_external_task_marker_parent to None, run_after=None
[2025-03-26T17:18:41.756+0000] {processor.py:208} INFO - Processing /home/ubuntu/customer_churn_youtube_venv/lib/python3.12/site-packages/airflow/example_dags/example_external_task_marker_dag.py took 0.069 seconds
[2025-03-26T17:19:39.585+0000] {processor.py:186} INFO - Started process (PID=6647) to work on /home/ubuntu/customer_churn_youtube_venv/lib/python3.12/site-packages/airflow/example_dags/example_external_task_marker_dag.py
[2025-03-26T17:19:39.588+0000] {processor.py:914} INFO - Processing file /home/ubuntu/customer_churn_youtube_venv/lib/python3.12/site-packages/airflow/example_dags/example_external_task_marker_dag.py for tasks to queue
[2025-03-26T17:19:39.590+0000] {logging_mixin.py:190} INFO - [2025-03-26T17:19:39.589+0000] {dagbag.py:588} INFO - Filling up the DagBag from /home/ubuntu/customer_churn_youtube_venv/lib/python3.12/site-packages/airflow/example_dags/example_external_task_marker_dag.py
[2025-03-26T17:19:39.715+0000] {processor.py:925} INFO - DAG(s) 'example_external_task_marker_child', 'example_external_task_marker_parent' retrieved from /home/ubuntu/customer_churn_youtube_venv/lib/python3.12/site-packages/airflow/example_dags/example_external_task_marker_dag.py
[2025-03-26T17:19:39.728+0000] {logging_mixin.py:190} INFO - [2025-03-26T17:19:39.727+0000] {dag.py:3239} INFO - Sync 2 DAGs
[2025-03-26T17:19:39.738+0000] {logging_mixin.py:190} INFO - [2025-03-26T17:19:39.737+0000] {dag.py:4180} INFO - Setting next_dagrun for example_external_task_marker_child to None, run_after=None
[2025-03-26T17:19:39.741+0000] {logging_mixin.py:190} INFO - [2025-03-26T17:19:39.740+0000] {dag.py:4180} INFO - Setting next_dagrun for example_external_task_marker_parent to None, run_after=None
[2025-03-26T17:19:39.760+0000] {processor.py:208} INFO - Processing /home/ubuntu/customer_churn_youtube_venv/lib/python3.12/site-packages/airflow/example_dags/example_external_task_marker_dag.py took 0.180 seconds
[2025-03-26T17:20:38.501+0000] {processor.py:186} INFO - Started process (PID=6711) to work on /home/ubuntu/customer_churn_youtube_venv/lib/python3.12/site-packages/airflow/example_dags/example_external_task_marker_dag.py
[2025-03-26T17:20:38.502+0000] {processor.py:914} INFO - Processing file /home/ubuntu/customer_churn_youtube_venv/lib/python3.12/site-packages/airflow/example_dags/example_external_task_marker_dag.py for tasks to queue
[2025-03-26T17:20:38.505+0000] {logging_mixin.py:190} INFO - [2025-03-26T17:20:38.504+0000] {dagbag.py:588} INFO - Filling up the DagBag from /home/ubuntu/customer_churn_youtube_venv/lib/python3.12/site-packages/airflow/example_dags/example_external_task_marker_dag.py
[2025-03-26T17:20:38.513+0000] {processor.py:925} INFO - DAG(s) 'example_external_task_marker_child', 'example_external_task_marker_parent' retrieved from /home/ubuntu/customer_churn_youtube_venv/lib/python3.12/site-packages/airflow/example_dags/example_external_task_marker_dag.py
[2025-03-26T17:20:38.531+0000] {logging_mixin.py:190} INFO - [2025-03-26T17:20:38.531+0000] {dag.py:3239} INFO - Sync 2 DAGs
[2025-03-26T17:20:38.543+0000] {logging_mixin.py:190} INFO - [2025-03-26T17:20:38.543+0000] {dag.py:4180} INFO - Setting next_dagrun for example_external_task_marker_child to None, run_after=None
[2025-03-26T17:20:38.546+0000] {logging_mixin.py:190} INFO - [2025-03-26T17:20:38.546+0000] {dag.py:4180} INFO - Setting next_dagrun for example_external_task_marker_parent to None, run_after=None
[2025-03-26T17:20:38.564+0000] {processor.py:208} INFO - Processing /home/ubuntu/customer_churn_youtube_venv/lib/python3.12/site-packages/airflow/example_dags/example_external_task_marker_dag.py took 0.069 seconds
[2025-03-26T17:21:31.157+0000] {processor.py:186} INFO - Started process (PID=6766) to work on /home/ubuntu/customer_churn_youtube_venv/lib/python3.12/site-packages/airflow/example_dags/example_external_task_marker_dag.py
[2025-03-26T17:21:31.159+0000] {processor.py:914} INFO - Processing file /home/ubuntu/customer_churn_youtube_venv/lib/python3.12/site-packages/airflow/example_dags/example_external_task_marker_dag.py for tasks to queue
[2025-03-26T17:21:31.162+0000] {logging_mixin.py:190} INFO - [2025-03-26T17:21:31.161+0000] {dagbag.py:588} INFO - Filling up the DagBag from /home/ubuntu/customer_churn_youtube_venv/lib/python3.12/site-packages/airflow/example_dags/example_external_task_marker_dag.py
[2025-03-26T17:21:31.170+0000] {processor.py:925} INFO - DAG(s) 'example_external_task_marker_child', 'example_external_task_marker_parent' retrieved from /home/ubuntu/customer_churn_youtube_venv/lib/python3.12/site-packages/airflow/example_dags/example_external_task_marker_dag.py
[2025-03-26T17:21:31.188+0000] {logging_mixin.py:190} INFO - [2025-03-26T17:21:31.187+0000] {dag.py:3239} INFO - Sync 2 DAGs
[2025-03-26T17:21:31.200+0000] {logging_mixin.py:190} INFO - [2025-03-26T17:21:31.200+0000] {dag.py:4180} INFO - Setting next_dagrun for example_external_task_marker_child to None, run_after=None
[2025-03-26T17:21:31.203+0000] {logging_mixin.py:190} INFO - [2025-03-26T17:21:31.203+0000] {dag.py:4180} INFO - Setting next_dagrun for example_external_task_marker_parent to None, run_after=None
[2025-03-26T17:21:31.223+0000] {processor.py:208} INFO - Processing /home/ubuntu/customer_churn_youtube_venv/lib/python3.12/site-packages/airflow/example_dags/example_external_task_marker_dag.py took 0.071 seconds
[2025-03-26T17:22:23.099+0000] {processor.py:186} INFO - Started process (PID=6820) to work on /home/ubuntu/customer_churn_youtube_venv/lib/python3.12/site-packages/airflow/example_dags/example_external_task_marker_dag.py
[2025-03-26T17:22:23.100+0000] {processor.py:914} INFO - Processing file /home/ubuntu/customer_churn_youtube_venv/lib/python3.12/site-packages/airflow/example_dags/example_external_task_marker_dag.py for tasks to queue
[2025-03-26T17:22:23.102+0000] {logging_mixin.py:190} INFO - [2025-03-26T17:22:23.102+0000] {dagbag.py:588} INFO - Filling up the DagBag from /home/ubuntu/customer_churn_youtube_venv/lib/python3.12/site-packages/airflow/example_dags/example_external_task_marker_dag.py
[2025-03-26T17:22:23.110+0000] {processor.py:925} INFO - DAG(s) 'example_external_task_marker_child', 'example_external_task_marker_parent' retrieved from /home/ubuntu/customer_churn_youtube_venv/lib/python3.12/site-packages/airflow/example_dags/example_external_task_marker_dag.py
[2025-03-26T17:22:23.128+0000] {logging_mixin.py:190} INFO - [2025-03-26T17:22:23.128+0000] {dag.py:3239} INFO - Sync 2 DAGs
[2025-03-26T17:22:23.139+0000] {logging_mixin.py:190} INFO - [2025-03-26T17:22:23.139+0000] {dag.py:4180} INFO - Setting next_dagrun for example_external_task_marker_child to None, run_after=None
[2025-03-26T17:22:23.143+0000] {logging_mixin.py:190} INFO - [2025-03-26T17:22:23.143+0000] {dag.py:4180} INFO - Setting next_dagrun for example_external_task_marker_parent to None, run_after=None
[2025-03-26T17:22:23.163+0000] {processor.py:208} INFO - Processing /home/ubuntu/customer_churn_youtube_venv/lib/python3.12/site-packages/airflow/example_dags/example_external_task_marker_dag.py took 0.069 seconds
[2025-03-26T17:23:14.937+0000] {processor.py:186} INFO - Started process (PID=6872) to work on /home/ubuntu/customer_churn_youtube_venv/lib/python3.12/site-packages/airflow/example_dags/example_external_task_marker_dag.py
[2025-03-26T17:23:14.938+0000] {processor.py:914} INFO - Processing file /home/ubuntu/customer_churn_youtube_venv/lib/python3.12/site-packages/airflow/example_dags/example_external_task_marker_dag.py for tasks to queue
[2025-03-26T17:23:14.940+0000] {logging_mixin.py:190} INFO - [2025-03-26T17:23:14.939+0000] {dagbag.py:588} INFO - Filling up the DagBag from /home/ubuntu/customer_churn_youtube_venv/lib/python3.12/site-packages/airflow/example_dags/example_external_task_marker_dag.py
[2025-03-26T17:23:14.949+0000] {processor.py:925} INFO - DAG(s) 'example_external_task_marker_child', 'example_external_task_marker_parent' retrieved from /home/ubuntu/customer_churn_youtube_venv/lib/python3.12/site-packages/airflow/example_dags/example_external_task_marker_dag.py
[2025-03-26T17:23:14.967+0000] {logging_mixin.py:190} INFO - [2025-03-26T17:23:14.966+0000] {dag.py:3239} INFO - Sync 2 DAGs
[2025-03-26T17:23:14.978+0000] {logging_mixin.py:190} INFO - [2025-03-26T17:23:14.978+0000] {dag.py:4180} INFO - Setting next_dagrun for example_external_task_marker_child to None, run_after=None
[2025-03-26T17:23:14.982+0000] {logging_mixin.py:190} INFO - [2025-03-26T17:23:14.981+0000] {dag.py:4180} INFO - Setting next_dagrun for example_external_task_marker_parent to None, run_after=None
[2025-03-26T17:23:15.002+0000] {processor.py:208} INFO - Processing /home/ubuntu/customer_churn_youtube_venv/lib/python3.12/site-packages/airflow/example_dags/example_external_task_marker_dag.py took 0.071 seconds
[2025-03-26T17:24:07.072+0000] {processor.py:186} INFO - Started process (PID=6926) to work on /home/ubuntu/customer_churn_youtube_venv/lib/python3.12/site-packages/airflow/example_dags/example_external_task_marker_dag.py
[2025-03-26T17:24:07.073+0000] {processor.py:914} INFO - Processing file /home/ubuntu/customer_churn_youtube_venv/lib/python3.12/site-packages/airflow/example_dags/example_external_task_marker_dag.py for tasks to queue
[2025-03-26T17:24:07.075+0000] {logging_mixin.py:190} INFO - [2025-03-26T17:24:07.074+0000] {dagbag.py:588} INFO - Filling up the DagBag from /home/ubuntu/customer_churn_youtube_venv/lib/python3.12/site-packages/airflow/example_dags/example_external_task_marker_dag.py
[2025-03-26T17:24:07.085+0000] {processor.py:925} INFO - DAG(s) 'example_external_task_marker_parent', 'example_external_task_marker_child' retrieved from /home/ubuntu/customer_churn_youtube_venv/lib/python3.12/site-packages/airflow/example_dags/example_external_task_marker_dag.py
[2025-03-26T17:24:07.102+0000] {logging_mixin.py:190} INFO - [2025-03-26T17:24:07.102+0000] {dag.py:3239} INFO - Sync 2 DAGs
[2025-03-26T17:24:07.114+0000] {logging_mixin.py:190} INFO - [2025-03-26T17:24:07.114+0000] {dag.py:4180} INFO - Setting next_dagrun for example_external_task_marker_child to None, run_after=None
[2025-03-26T17:24:07.117+0000] {logging_mixin.py:190} INFO - [2025-03-26T17:24:07.117+0000] {dag.py:4180} INFO - Setting next_dagrun for example_external_task_marker_parent to None, run_after=None
[2025-03-26T17:24:07.136+0000] {processor.py:208} INFO - Processing /home/ubuntu/customer_churn_youtube_venv/lib/python3.12/site-packages/airflow/example_dags/example_external_task_marker_dag.py took 0.070 seconds
[2025-03-26T17:24:58.667+0000] {processor.py:186} INFO - Started process (PID=6979) to work on /home/ubuntu/customer_churn_youtube_venv/lib/python3.12/site-packages/airflow/example_dags/example_external_task_marker_dag.py
[2025-03-26T17:24:58.668+0000] {processor.py:914} INFO - Processing file /home/ubuntu/customer_churn_youtube_venv/lib/python3.12/site-packages/airflow/example_dags/example_external_task_marker_dag.py for tasks to queue
[2025-03-26T17:24:58.670+0000] {logging_mixin.py:190} INFO - [2025-03-26T17:24:58.670+0000] {dagbag.py:588} INFO - Filling up the DagBag from /home/ubuntu/customer_churn_youtube_venv/lib/python3.12/site-packages/airflow/example_dags/example_external_task_marker_dag.py
[2025-03-26T17:24:58.679+0000] {processor.py:925} INFO - DAG(s) 'example_external_task_marker_child', 'example_external_task_marker_parent' retrieved from /home/ubuntu/customer_churn_youtube_venv/lib/python3.12/site-packages/airflow/example_dags/example_external_task_marker_dag.py
[2025-03-26T17:24:58.698+0000] {logging_mixin.py:190} INFO - [2025-03-26T17:24:58.698+0000] {dag.py:3239} INFO - Sync 2 DAGs
[2025-03-26T17:24:58.710+0000] {logging_mixin.py:190} INFO - [2025-03-26T17:24:58.709+0000] {dag.py:4180} INFO - Setting next_dagrun for example_external_task_marker_child to None, run_after=None
[2025-03-26T17:24:58.712+0000] {logging_mixin.py:190} INFO - [2025-03-26T17:24:58.712+0000] {dag.py:4180} INFO - Setting next_dagrun for example_external_task_marker_parent to None, run_after=None
[2025-03-26T17:24:58.733+0000] {processor.py:208} INFO - Processing /home/ubuntu/customer_churn_youtube_venv/lib/python3.12/site-packages/airflow/example_dags/example_external_task_marker_dag.py took 0.072 seconds
[2025-03-26T17:26:11.813+0000] {processor.py:186} INFO - Started process (PID=7061) to work on /home/ubuntu/customer_churn_youtube_venv/lib/python3.12/site-packages/airflow/example_dags/example_external_task_marker_dag.py
[2025-03-26T17:26:11.814+0000] {processor.py:914} INFO - Processing file /home/ubuntu/customer_churn_youtube_venv/lib/python3.12/site-packages/airflow/example_dags/example_external_task_marker_dag.py for tasks to queue
[2025-03-26T17:26:11.817+0000] {logging_mixin.py:190} INFO - [2025-03-26T17:26:11.816+0000] {dagbag.py:588} INFO - Filling up the DagBag from /home/ubuntu/customer_churn_youtube_venv/lib/python3.12/site-packages/airflow/example_dags/example_external_task_marker_dag.py
[2025-03-26T17:26:11.826+0000] {processor.py:925} INFO - DAG(s) 'example_external_task_marker_child', 'example_external_task_marker_parent' retrieved from /home/ubuntu/customer_churn_youtube_venv/lib/python3.12/site-packages/airflow/example_dags/example_external_task_marker_dag.py
[2025-03-26T17:26:11.844+0000] {logging_mixin.py:190} INFO - [2025-03-26T17:26:11.844+0000] {dag.py:3239} INFO - Sync 2 DAGs
[2025-03-26T17:26:11.856+0000] {logging_mixin.py:190} INFO - [2025-03-26T17:26:11.855+0000] {dag.py:4180} INFO - Setting next_dagrun for example_external_task_marker_child to None, run_after=None
[2025-03-26T17:26:11.859+0000] {logging_mixin.py:190} INFO - [2025-03-26T17:26:11.859+0000] {dag.py:4180} INFO - Setting next_dagrun for example_external_task_marker_parent to None, run_after=None
[2025-03-26T17:26:11.881+0000] {processor.py:208} INFO - Processing /home/ubuntu/customer_churn_youtube_venv/lib/python3.12/site-packages/airflow/example_dags/example_external_task_marker_dag.py took 0.074 seconds
[2025-03-26T17:27:06.186+0000] {processor.py:186} INFO - Started process (PID=7115) to work on /home/ubuntu/customer_churn_youtube_venv/lib/python3.12/site-packages/airflow/example_dags/example_external_task_marker_dag.py
[2025-03-26T17:27:06.187+0000] {processor.py:914} INFO - Processing file /home/ubuntu/customer_churn_youtube_venv/lib/python3.12/site-packages/airflow/example_dags/example_external_task_marker_dag.py for tasks to queue
[2025-03-26T17:27:06.190+0000] {logging_mixin.py:190} INFO - [2025-03-26T17:27:06.189+0000] {dagbag.py:588} INFO - Filling up the DagBag from /home/ubuntu/customer_churn_youtube_venv/lib/python3.12/site-packages/airflow/example_dags/example_external_task_marker_dag.py
[2025-03-26T17:27:06.198+0000] {processor.py:925} INFO - DAG(s) 'example_external_task_marker_child', 'example_external_task_marker_parent' retrieved from /home/ubuntu/customer_churn_youtube_venv/lib/python3.12/site-packages/airflow/example_dags/example_external_task_marker_dag.py
[2025-03-26T17:27:06.216+0000] {logging_mixin.py:190} INFO - [2025-03-26T17:27:06.216+0000] {dag.py:3239} INFO - Sync 2 DAGs
[2025-03-26T17:27:06.227+0000] {logging_mixin.py:190} INFO - [2025-03-26T17:27:06.227+0000] {dag.py:4180} INFO - Setting next_dagrun for example_external_task_marker_child to None, run_after=None
[2025-03-26T17:27:06.231+0000] {logging_mixin.py:190} INFO - [2025-03-26T17:27:06.230+0000] {dag.py:4180} INFO - Setting next_dagrun for example_external_task_marker_parent to None, run_after=None
[2025-03-26T17:27:06.250+0000] {processor.py:208} INFO - Processing /home/ubuntu/customer_churn_youtube_venv/lib/python3.12/site-packages/airflow/example_dags/example_external_task_marker_dag.py took 0.069 seconds
[2025-03-26T17:28:19.452+0000] {processor.py:186} INFO - Started process (PID=7238) to work on /home/ubuntu/customer_churn_youtube_venv/lib/python3.12/site-packages/airflow/example_dags/example_external_task_marker_dag.py
[2025-03-26T17:28:19.453+0000] {processor.py:914} INFO - Processing file /home/ubuntu/customer_churn_youtube_venv/lib/python3.12/site-packages/airflow/example_dags/example_external_task_marker_dag.py for tasks to queue
[2025-03-26T17:28:19.455+0000] {logging_mixin.py:190} INFO - [2025-03-26T17:28:19.455+0000] {dagbag.py:588} INFO - Filling up the DagBag from /home/ubuntu/customer_churn_youtube_venv/lib/python3.12/site-packages/airflow/example_dags/example_external_task_marker_dag.py
[2025-03-26T17:28:19.464+0000] {processor.py:925} INFO - DAG(s) 'example_external_task_marker_child', 'example_external_task_marker_parent' retrieved from /home/ubuntu/customer_churn_youtube_venv/lib/python3.12/site-packages/airflow/example_dags/example_external_task_marker_dag.py
[2025-03-26T17:28:19.482+0000] {logging_mixin.py:190} INFO - [2025-03-26T17:28:19.482+0000] {dag.py:3239} INFO - Sync 2 DAGs
[2025-03-26T17:28:19.495+0000] {logging_mixin.py:190} INFO - [2025-03-26T17:28:19.495+0000] {dag.py:4180} INFO - Setting next_dagrun for example_external_task_marker_child to None, run_after=None
[2025-03-26T17:28:19.498+0000] {logging_mixin.py:190} INFO - [2025-03-26T17:28:19.498+0000] {dag.py:4180} INFO - Setting next_dagrun for example_external_task_marker_parent to None, run_after=None
[2025-03-26T17:28:19.521+0000] {processor.py:208} INFO - Processing /home/ubuntu/customer_churn_youtube_venv/lib/python3.12/site-packages/airflow/example_dags/example_external_task_marker_dag.py took 0.074 seconds
[2025-03-26T17:29:10.352+0000] {processor.py:186} INFO - Started process (PID=7292) to work on /home/ubuntu/customer_churn_youtube_venv/lib/python3.12/site-packages/airflow/example_dags/example_external_task_marker_dag.py
[2025-03-26T17:29:10.354+0000] {processor.py:914} INFO - Processing file /home/ubuntu/customer_churn_youtube_venv/lib/python3.12/site-packages/airflow/example_dags/example_external_task_marker_dag.py for tasks to queue
[2025-03-26T17:29:10.356+0000] {logging_mixin.py:190} INFO - [2025-03-26T17:29:10.355+0000] {dagbag.py:588} INFO - Filling up the DagBag from /home/ubuntu/customer_churn_youtube_venv/lib/python3.12/site-packages/airflow/example_dags/example_external_task_marker_dag.py
[2025-03-26T17:29:10.365+0000] {processor.py:925} INFO - DAG(s) 'example_external_task_marker_child', 'example_external_task_marker_parent' retrieved from /home/ubuntu/customer_churn_youtube_venv/lib/python3.12/site-packages/airflow/example_dags/example_external_task_marker_dag.py
[2025-03-26T17:29:10.382+0000] {logging_mixin.py:190} INFO - [2025-03-26T17:29:10.382+0000] {dag.py:3239} INFO - Sync 2 DAGs
[2025-03-26T17:29:10.394+0000] {logging_mixin.py:190} INFO - [2025-03-26T17:29:10.393+0000] {dag.py:4180} INFO - Setting next_dagrun for example_external_task_marker_child to None, run_after=None
[2025-03-26T17:29:10.397+0000] {logging_mixin.py:190} INFO - [2025-03-26T17:29:10.397+0000] {dag.py:4180} INFO - Setting next_dagrun for example_external_task_marker_parent to None, run_after=None
[2025-03-26T17:29:10.419+0000] {processor.py:208} INFO - Processing /home/ubuntu/customer_churn_youtube_venv/lib/python3.12/site-packages/airflow/example_dags/example_external_task_marker_dag.py took 0.072 seconds
[2025-03-26T17:30:01.125+0000] {processor.py:186} INFO - Started process (PID=7345) to work on /home/ubuntu/customer_churn_youtube_venv/lib/python3.12/site-packages/airflow/example_dags/example_external_task_marker_dag.py
[2025-03-26T17:30:01.127+0000] {processor.py:914} INFO - Processing file /home/ubuntu/customer_churn_youtube_venv/lib/python3.12/site-packages/airflow/example_dags/example_external_task_marker_dag.py for tasks to queue
[2025-03-26T17:30:01.130+0000] {logging_mixin.py:190} INFO - [2025-03-26T17:30:01.129+0000] {dagbag.py:588} INFO - Filling up the DagBag from /home/ubuntu/customer_churn_youtube_venv/lib/python3.12/site-packages/airflow/example_dags/example_external_task_marker_dag.py
[2025-03-26T17:30:01.140+0000] {processor.py:925} INFO - DAG(s) 'example_external_task_marker_child', 'example_external_task_marker_parent' retrieved from /home/ubuntu/customer_churn_youtube_venv/lib/python3.12/site-packages/airflow/example_dags/example_external_task_marker_dag.py
[2025-03-26T17:30:01.159+0000] {logging_mixin.py:190} INFO - [2025-03-26T17:30:01.159+0000] {dag.py:3239} INFO - Sync 2 DAGs
[2025-03-26T17:30:01.174+0000] {logging_mixin.py:190} INFO - [2025-03-26T17:30:01.174+0000] {dag.py:4180} INFO - Setting next_dagrun for example_external_task_marker_child to None, run_after=None
[2025-03-26T17:30:01.177+0000] {logging_mixin.py:190} INFO - [2025-03-26T17:30:01.177+0000] {dag.py:4180} INFO - Setting next_dagrun for example_external_task_marker_parent to None, run_after=None
[2025-03-26T17:30:01.199+0000] {processor.py:208} INFO - Processing /home/ubuntu/customer_churn_youtube_venv/lib/python3.12/site-packages/airflow/example_dags/example_external_task_marker_dag.py took 0.078 seconds
[2025-03-26T17:31:15.029+0000] {processor.py:186} INFO - Started process (PID=7426) to work on /home/ubuntu/customer_churn_youtube_venv/lib/python3.12/site-packages/airflow/example_dags/example_external_task_marker_dag.py
[2025-03-26T17:31:15.031+0000] {processor.py:914} INFO - Processing file /home/ubuntu/customer_churn_youtube_venv/lib/python3.12/site-packages/airflow/example_dags/example_external_task_marker_dag.py for tasks to queue
[2025-03-26T17:31:15.033+0000] {logging_mixin.py:190} INFO - [2025-03-26T17:31:15.033+0000] {dagbag.py:588} INFO - Filling up the DagBag from /home/ubuntu/customer_churn_youtube_venv/lib/python3.12/site-packages/airflow/example_dags/example_external_task_marker_dag.py
[2025-03-26T17:31:15.041+0000] {processor.py:925} INFO - DAG(s) 'example_external_task_marker_child', 'example_external_task_marker_parent' retrieved from /home/ubuntu/customer_churn_youtube_venv/lib/python3.12/site-packages/airflow/example_dags/example_external_task_marker_dag.py
[2025-03-26T17:31:15.059+0000] {logging_mixin.py:190} INFO - [2025-03-26T17:31:15.058+0000] {dag.py:3239} INFO - Sync 2 DAGs
[2025-03-26T17:31:15.071+0000] {logging_mixin.py:190} INFO - [2025-03-26T17:31:15.071+0000] {dag.py:4180} INFO - Setting next_dagrun for example_external_task_marker_child to None, run_after=None
[2025-03-26T17:31:15.074+0000] {logging_mixin.py:190} INFO - [2025-03-26T17:31:15.074+0000] {dag.py:4180} INFO - Setting next_dagrun for example_external_task_marker_parent to None, run_after=None
[2025-03-26T17:31:15.093+0000] {processor.py:208} INFO - Processing /home/ubuntu/customer_churn_youtube_venv/lib/python3.12/site-packages/airflow/example_dags/example_external_task_marker_dag.py took 0.070 seconds
[2025-03-26T17:32:06.658+0000] {processor.py:186} INFO - Started process (PID=7491) to work on /home/ubuntu/customer_churn_youtube_venv/lib/python3.12/site-packages/airflow/example_dags/example_external_task_marker_dag.py
[2025-03-26T17:32:06.660+0000] {processor.py:914} INFO - Processing file /home/ubuntu/customer_churn_youtube_venv/lib/python3.12/site-packages/airflow/example_dags/example_external_task_marker_dag.py for tasks to queue
[2025-03-26T17:32:06.662+0000] {logging_mixin.py:190} INFO - [2025-03-26T17:32:06.662+0000] {dagbag.py:588} INFO - Filling up the DagBag from /home/ubuntu/customer_churn_youtube_venv/lib/python3.12/site-packages/airflow/example_dags/example_external_task_marker_dag.py
[2025-03-26T17:32:06.671+0000] {processor.py:925} INFO - DAG(s) 'example_external_task_marker_child', 'example_external_task_marker_parent' retrieved from /home/ubuntu/customer_churn_youtube_venv/lib/python3.12/site-packages/airflow/example_dags/example_external_task_marker_dag.py
[2025-03-26T17:32:06.688+0000] {logging_mixin.py:190} INFO - [2025-03-26T17:32:06.688+0000] {dag.py:3239} INFO - Sync 2 DAGs
[2025-03-26T17:32:06.700+0000] {logging_mixin.py:190} INFO - [2025-03-26T17:32:06.700+0000] {dag.py:4180} INFO - Setting next_dagrun for example_external_task_marker_child to None, run_after=None
[2025-03-26T17:32:06.702+0000] {logging_mixin.py:190} INFO - [2025-03-26T17:32:06.702+0000] {dag.py:4180} INFO - Setting next_dagrun for example_external_task_marker_parent to None, run_after=None
[2025-03-26T17:32:06.723+0000] {processor.py:208} INFO - Processing /home/ubuntu/customer_churn_youtube_venv/lib/python3.12/site-packages/airflow/example_dags/example_external_task_marker_dag.py took 0.071 seconds
[2025-03-26T17:32:59.363+0000] {processor.py:186} INFO - Started process (PID=7572) to work on /home/ubuntu/customer_churn_youtube_venv/lib/python3.12/site-packages/airflow/example_dags/example_external_task_marker_dag.py
[2025-03-26T17:32:59.365+0000] {processor.py:914} INFO - Processing file /home/ubuntu/customer_churn_youtube_venv/lib/python3.12/site-packages/airflow/example_dags/example_external_task_marker_dag.py for tasks to queue
[2025-03-26T17:32:59.366+0000] {logging_mixin.py:190} INFO - [2025-03-26T17:32:59.366+0000] {dagbag.py:588} INFO - Filling up the DagBag from /home/ubuntu/customer_churn_youtube_venv/lib/python3.12/site-packages/airflow/example_dags/example_external_task_marker_dag.py
[2025-03-26T17:32:59.375+0000] {processor.py:925} INFO - DAG(s) 'example_external_task_marker_parent', 'example_external_task_marker_child' retrieved from /home/ubuntu/customer_churn_youtube_venv/lib/python3.12/site-packages/airflow/example_dags/example_external_task_marker_dag.py
[2025-03-26T17:32:59.393+0000] {logging_mixin.py:190} INFO - [2025-03-26T17:32:59.392+0000] {dag.py:3239} INFO - Sync 2 DAGs
[2025-03-26T17:32:59.404+0000] {logging_mixin.py:190} INFO - [2025-03-26T17:32:59.404+0000] {dag.py:4180} INFO - Setting next_dagrun for example_external_task_marker_child to None, run_after=None
[2025-03-26T17:32:59.407+0000] {logging_mixin.py:190} INFO - [2025-03-26T17:32:59.407+0000] {dag.py:4180} INFO - Setting next_dagrun for example_external_task_marker_parent to None, run_after=None
[2025-03-26T17:32:59.426+0000] {processor.py:208} INFO - Processing /home/ubuntu/customer_churn_youtube_venv/lib/python3.12/site-packages/airflow/example_dags/example_external_task_marker_dag.py took 0.069 seconds
[2025-03-26T17:34:15.525+0000] {processor.py:186} INFO - Started process (PID=7650) to work on /home/ubuntu/customer_churn_youtube_venv/lib/python3.12/site-packages/airflow/example_dags/example_external_task_marker_dag.py
[2025-03-26T17:34:15.526+0000] {processor.py:914} INFO - Processing file /home/ubuntu/customer_churn_youtube_venv/lib/python3.12/site-packages/airflow/example_dags/example_external_task_marker_dag.py for tasks to queue
[2025-03-26T17:34:15.528+0000] {logging_mixin.py:190} INFO - [2025-03-26T17:34:15.527+0000] {dagbag.py:588} INFO - Filling up the DagBag from /home/ubuntu/customer_churn_youtube_venv/lib/python3.12/site-packages/airflow/example_dags/example_external_task_marker_dag.py
[2025-03-26T17:34:15.537+0000] {processor.py:925} INFO - DAG(s) 'example_external_task_marker_parent', 'example_external_task_marker_child' retrieved from /home/ubuntu/customer_churn_youtube_venv/lib/python3.12/site-packages/airflow/example_dags/example_external_task_marker_dag.py
[2025-03-26T17:34:15.555+0000] {logging_mixin.py:190} INFO - [2025-03-26T17:34:15.555+0000] {dag.py:3239} INFO - Sync 2 DAGs
[2025-03-26T17:34:15.568+0000] {logging_mixin.py:190} INFO - [2025-03-26T17:34:15.568+0000] {dag.py:4180} INFO - Setting next_dagrun for example_external_task_marker_child to None, run_after=None
[2025-03-26T17:34:15.570+0000] {logging_mixin.py:190} INFO - [2025-03-26T17:34:15.570+0000] {dag.py:4180} INFO - Setting next_dagrun for example_external_task_marker_parent to None, run_after=None
[2025-03-26T17:34:15.590+0000] {processor.py:208} INFO - Processing /home/ubuntu/customer_churn_youtube_venv/lib/python3.12/site-packages/airflow/example_dags/example_external_task_marker_dag.py took 0.072 seconds
[2025-03-26T17:35:07.301+0000] {processor.py:186} INFO - Started process (PID=7711) to work on /home/ubuntu/customer_churn_youtube_venv/lib/python3.12/site-packages/airflow/example_dags/example_external_task_marker_dag.py
[2025-03-26T17:35:07.303+0000] {processor.py:914} INFO - Processing file /home/ubuntu/customer_churn_youtube_venv/lib/python3.12/site-packages/airflow/example_dags/example_external_task_marker_dag.py for tasks to queue
[2025-03-26T17:35:07.305+0000] {logging_mixin.py:190} INFO - [2025-03-26T17:35:07.304+0000] {dagbag.py:588} INFO - Filling up the DagBag from /home/ubuntu/customer_churn_youtube_venv/lib/python3.12/site-packages/airflow/example_dags/example_external_task_marker_dag.py
[2025-03-26T17:35:07.314+0000] {processor.py:925} INFO - DAG(s) 'example_external_task_marker_child', 'example_external_task_marker_parent' retrieved from /home/ubuntu/customer_churn_youtube_venv/lib/python3.12/site-packages/airflow/example_dags/example_external_task_marker_dag.py
[2025-03-26T17:35:07.332+0000] {logging_mixin.py:190} INFO - [2025-03-26T17:35:07.332+0000] {dag.py:3239} INFO - Sync 2 DAGs
[2025-03-26T17:35:07.344+0000] {logging_mixin.py:190} INFO - [2025-03-26T17:35:07.344+0000] {dag.py:4180} INFO - Setting next_dagrun for example_external_task_marker_child to None, run_after=None
[2025-03-26T17:35:07.347+0000] {logging_mixin.py:190} INFO - [2025-03-26T17:35:07.347+0000] {dag.py:4180} INFO - Setting next_dagrun for example_external_task_marker_parent to None, run_after=None
[2025-03-26T17:35:07.368+0000] {processor.py:208} INFO - Processing /home/ubuntu/customer_churn_youtube_venv/lib/python3.12/site-packages/airflow/example_dags/example_external_task_marker_dag.py took 0.073 seconds
[2025-03-26T17:35:59.616+0000] {processor.py:186} INFO - Started process (PID=7765) to work on /home/ubuntu/customer_churn_youtube_venv/lib/python3.12/site-packages/airflow/example_dags/example_external_task_marker_dag.py
[2025-03-26T17:35:59.618+0000] {processor.py:914} INFO - Processing file /home/ubuntu/customer_churn_youtube_venv/lib/python3.12/site-packages/airflow/example_dags/example_external_task_marker_dag.py for tasks to queue
[2025-03-26T17:35:59.620+0000] {logging_mixin.py:190} INFO - [2025-03-26T17:35:59.620+0000] {dagbag.py:588} INFO - Filling up the DagBag from /home/ubuntu/customer_churn_youtube_venv/lib/python3.12/site-packages/airflow/example_dags/example_external_task_marker_dag.py
[2025-03-26T17:35:59.628+0000] {processor.py:925} INFO - DAG(s) 'example_external_task_marker_child', 'example_external_task_marker_parent' retrieved from /home/ubuntu/customer_churn_youtube_venv/lib/python3.12/site-packages/airflow/example_dags/example_external_task_marker_dag.py
[2025-03-26T17:35:59.646+0000] {logging_mixin.py:190} INFO - [2025-03-26T17:35:59.646+0000] {dag.py:3239} INFO - Sync 2 DAGs
[2025-03-26T17:35:59.659+0000] {logging_mixin.py:190} INFO - [2025-03-26T17:35:59.658+0000] {dag.py:4180} INFO - Setting next_dagrun for example_external_task_marker_child to None, run_after=None
[2025-03-26T17:35:59.662+0000] {logging_mixin.py:190} INFO - [2025-03-26T17:35:59.661+0000] {dag.py:4180} INFO - Setting next_dagrun for example_external_task_marker_parent to None, run_after=None
[2025-03-26T17:35:59.682+0000] {processor.py:208} INFO - Processing /home/ubuntu/customer_churn_youtube_venv/lib/python3.12/site-packages/airflow/example_dags/example_external_task_marker_dag.py took 0.072 seconds
[2025-03-26T17:36:53.582+0000] {processor.py:186} INFO - Started process (PID=7821) to work on /home/ubuntu/customer_churn_youtube_venv/lib/python3.12/site-packages/airflow/example_dags/example_external_task_marker_dag.py
[2025-03-26T17:36:53.583+0000] {processor.py:914} INFO - Processing file /home/ubuntu/customer_churn_youtube_venv/lib/python3.12/site-packages/airflow/example_dags/example_external_task_marker_dag.py for tasks to queue
[2025-03-26T17:36:53.586+0000] {logging_mixin.py:190} INFO - [2025-03-26T17:36:53.585+0000] {dagbag.py:588} INFO - Filling up the DagBag from /home/ubuntu/customer_churn_youtube_venv/lib/python3.12/site-packages/airflow/example_dags/example_external_task_marker_dag.py
[2025-03-26T17:36:53.594+0000] {processor.py:925} INFO - DAG(s) 'example_external_task_marker_child', 'example_external_task_marker_parent' retrieved from /home/ubuntu/customer_churn_youtube_venv/lib/python3.12/site-packages/airflow/example_dags/example_external_task_marker_dag.py
[2025-03-26T17:36:53.612+0000] {logging_mixin.py:190} INFO - [2025-03-26T17:36:53.612+0000] {dag.py:3239} INFO - Sync 2 DAGs
[2025-03-26T17:36:53.623+0000] {logging_mixin.py:190} INFO - [2025-03-26T17:36:53.623+0000] {dag.py:4180} INFO - Setting next_dagrun for example_external_task_marker_child to None, run_after=None
[2025-03-26T17:36:53.627+0000] {logging_mixin.py:190} INFO - [2025-03-26T17:36:53.627+0000] {dag.py:4180} INFO - Setting next_dagrun for example_external_task_marker_parent to None, run_after=None
[2025-03-26T17:36:53.649+0000] {processor.py:208} INFO - Processing /home/ubuntu/customer_churn_youtube_venv/lib/python3.12/site-packages/airflow/example_dags/example_external_task_marker_dag.py took 0.073 seconds
