[2025-03-26T17:13:35.231+0000] {processor.py:186} INFO - Started process (PID=6280) to work on /home/ubuntu/customer_churn_youtube_venv/lib/python3.12/site-packages/airflow/example_dags/example_params_ui_tutorial.py
[2025-03-26T17:13:35.232+0000] {processor.py:914} INFO - Processing file /home/ubuntu/customer_churn_youtube_venv/lib/python3.12/site-packages/airflow/example_dags/example_params_ui_tutorial.py for tasks to queue
[2025-03-26T17:13:35.233+0000] {logging_mixin.py:190} INFO - [2025-03-26T17:13:35.233+0000] {dagbag.py:588} INFO - Filling up the DagBag from /home/ubuntu/customer_churn_youtube_venv/lib/python3.12/site-packages/airflow/example_dags/example_params_ui_tutorial.py
[2025-03-26T17:13:35.243+0000] {processor.py:925} INFO - DAG(s) 'example_params_ui_tutorial' retrieved from /home/ubuntu/customer_churn_youtube_venv/lib/python3.12/site-packages/airflow/example_dags/example_params_ui_tutorial.py
[2025-03-26T17:13:35.368+0000] {logging_mixin.py:190} INFO - [2025-03-26T17:13:35.367+0000] {override.py:1930} INFO - Created Permission View: can edit on DAG:example_params_ui_tutorial
[2025-03-26T17:13:35.380+0000] {logging_mixin.py:190} INFO - [2025-03-26T17:13:35.380+0000] {override.py:1930} INFO - Created Permission View: can read on DAG:example_params_ui_tutorial
[2025-03-26T17:13:35.389+0000] {logging_mixin.py:190} INFO - [2025-03-26T17:13:35.389+0000] {override.py:1930} INFO - Created Permission View: can delete on DAG:example_params_ui_tutorial
[2025-03-26T17:13:35.407+0000] {logging_mixin.py:190} INFO - [2025-03-26T17:13:35.406+0000] {override.py:1930} INFO - Created Permission View: menu access on DAG Run:example_params_ui_tutorial
[2025-03-26T17:13:35.417+0000] {logging_mixin.py:190} INFO - [2025-03-26T17:13:35.417+0000] {override.py:1930} INFO - Created Permission View: can create on DAG Run:example_params_ui_tutorial
[2025-03-26T17:13:35.427+0000] {logging_mixin.py:190} INFO - [2025-03-26T17:13:35.427+0000] {override.py:1930} INFO - Created Permission View: can delete on DAG Run:example_params_ui_tutorial
[2025-03-26T17:13:35.436+0000] {logging_mixin.py:190} INFO - [2025-03-26T17:13:35.436+0000] {override.py:1930} INFO - Created Permission View: can read on DAG Run:example_params_ui_tutorial
[2025-03-26T17:13:35.437+0000] {logging_mixin.py:190} INFO - [2025-03-26T17:13:35.437+0000] {dag.py:3239} INFO - Sync 1 DAGs
[2025-03-26T17:13:35.447+0000] {logging_mixin.py:190} INFO - [2025-03-26T17:13:35.446+0000] {dag.py:3262} INFO - Creating ORM DAG for example_params_ui_tutorial
[2025-03-26T17:13:35.447+0000] {logging_mixin.py:190} INFO - [2025-03-26T17:13:35.447+0000] {dag.py:4180} INFO - Setting next_dagrun for example_params_ui_tutorial to None, run_after=None
[2025-03-26T17:13:35.467+0000] {processor.py:208} INFO - Processing /home/ubuntu/customer_churn_youtube_venv/lib/python3.12/site-packages/airflow/example_dags/example_params_ui_tutorial.py took 0.241 seconds
[2025-03-26T17:14:40.684+0000] {processor.py:186} INFO - Started process (PID=6337) to work on /home/ubuntu/customer_churn_youtube_venv/lib/python3.12/site-packages/airflow/example_dags/example_params_ui_tutorial.py
[2025-03-26T17:14:40.685+0000] {processor.py:914} INFO - Processing file /home/ubuntu/customer_churn_youtube_venv/lib/python3.12/site-packages/airflow/example_dags/example_params_ui_tutorial.py for tasks to queue
[2025-03-26T17:14:40.688+0000] {logging_mixin.py:190} INFO - [2025-03-26T17:14:40.687+0000] {dagbag.py:588} INFO - Filling up the DagBag from /home/ubuntu/customer_churn_youtube_venv/lib/python3.12/site-packages/airflow/example_dags/example_params_ui_tutorial.py
[2025-03-26T17:14:40.696+0000] {processor.py:925} INFO - DAG(s) 'example_params_ui_tutorial' retrieved from /home/ubuntu/customer_churn_youtube_venv/lib/python3.12/site-packages/airflow/example_dags/example_params_ui_tutorial.py
[2025-03-26T17:14:40.735+0000] {logging_mixin.py:190} INFO - [2025-03-26T17:14:40.735+0000] {dag.py:3239} INFO - Sync 1 DAGs
[2025-03-26T17:14:40.748+0000] {logging_mixin.py:190} INFO - [2025-03-26T17:14:40.747+0000] {dag.py:4180} INFO - Setting next_dagrun for example_params_ui_tutorial to None, run_after=None
[2025-03-26T17:14:40.771+0000] {processor.py:208} INFO - Processing /home/ubuntu/customer_churn_youtube_venv/lib/python3.12/site-packages/airflow/example_dags/example_params_ui_tutorial.py took 0.092 seconds
[2025-03-26T17:15:36.168+0000] {processor.py:186} INFO - Started process (PID=6400) to work on /home/ubuntu/customer_churn_youtube_venv/lib/python3.12/site-packages/airflow/example_dags/example_params_ui_tutorial.py
[2025-03-26T17:15:36.170+0000] {processor.py:914} INFO - Processing file /home/ubuntu/customer_churn_youtube_venv/lib/python3.12/site-packages/airflow/example_dags/example_params_ui_tutorial.py for tasks to queue
[2025-03-26T17:15:36.172+0000] {logging_mixin.py:190} INFO - [2025-03-26T17:15:36.172+0000] {dagbag.py:588} INFO - Filling up the DagBag from /home/ubuntu/customer_churn_youtube_venv/lib/python3.12/site-packages/airflow/example_dags/example_params_ui_tutorial.py
[2025-03-26T17:15:36.181+0000] {processor.py:925} INFO - DAG(s) 'example_params_ui_tutorial' retrieved from /home/ubuntu/customer_churn_youtube_venv/lib/python3.12/site-packages/airflow/example_dags/example_params_ui_tutorial.py
[2025-03-26T17:15:36.220+0000] {logging_mixin.py:190} INFO - [2025-03-26T17:15:36.220+0000] {dag.py:3239} INFO - Sync 1 DAGs
[2025-03-26T17:15:36.232+0000] {logging_mixin.py:190} INFO - [2025-03-26T17:15:36.232+0000] {dag.py:4180} INFO - Setting next_dagrun for example_params_ui_tutorial to None, run_after=None
[2025-03-26T17:15:36.253+0000] {processor.py:208} INFO - Processing /home/ubuntu/customer_churn_youtube_venv/lib/python3.12/site-packages/airflow/example_dags/example_params_ui_tutorial.py took 0.090 seconds
[2025-03-26T17:16:28.903+0000] {processor.py:186} INFO - Started process (PID=6453) to work on /home/ubuntu/customer_churn_youtube_venv/lib/python3.12/site-packages/airflow/example_dags/example_params_ui_tutorial.py
[2025-03-26T17:16:28.905+0000] {processor.py:914} INFO - Processing file /home/ubuntu/customer_churn_youtube_venv/lib/python3.12/site-packages/airflow/example_dags/example_params_ui_tutorial.py for tasks to queue
[2025-03-26T17:16:28.907+0000] {logging_mixin.py:190} INFO - [2025-03-26T17:16:28.906+0000] {dagbag.py:588} INFO - Filling up the DagBag from /home/ubuntu/customer_churn_youtube_venv/lib/python3.12/site-packages/airflow/example_dags/example_params_ui_tutorial.py
[2025-03-26T17:16:28.916+0000] {processor.py:925} INFO - DAG(s) 'example_params_ui_tutorial' retrieved from /home/ubuntu/customer_churn_youtube_venv/lib/python3.12/site-packages/airflow/example_dags/example_params_ui_tutorial.py
[2025-03-26T17:16:28.953+0000] {logging_mixin.py:190} INFO - [2025-03-26T17:16:28.953+0000] {dag.py:3239} INFO - Sync 1 DAGs
[2025-03-26T17:16:28.965+0000] {logging_mixin.py:190} INFO - [2025-03-26T17:16:28.965+0000] {dag.py:4180} INFO - Setting next_dagrun for example_params_ui_tutorial to None, run_after=None
[2025-03-26T17:16:28.987+0000] {processor.py:208} INFO - Processing /home/ubuntu/customer_churn_youtube_venv/lib/python3.12/site-packages/airflow/example_dags/example_params_ui_tutorial.py took 0.089 seconds
[2025-03-26T17:17:21.635+0000] {processor.py:186} INFO - Started process (PID=6511) to work on /home/ubuntu/customer_churn_youtube_venv/lib/python3.12/site-packages/airflow/example_dags/example_params_ui_tutorial.py
[2025-03-26T17:17:21.636+0000] {processor.py:914} INFO - Processing file /home/ubuntu/customer_churn_youtube_venv/lib/python3.12/site-packages/airflow/example_dags/example_params_ui_tutorial.py for tasks to queue
[2025-03-26T17:17:21.639+0000] {logging_mixin.py:190} INFO - [2025-03-26T17:17:21.638+0000] {dagbag.py:588} INFO - Filling up the DagBag from /home/ubuntu/customer_churn_youtube_venv/lib/python3.12/site-packages/airflow/example_dags/example_params_ui_tutorial.py
[2025-03-26T17:17:21.650+0000] {processor.py:925} INFO - DAG(s) 'example_params_ui_tutorial' retrieved from /home/ubuntu/customer_churn_youtube_venv/lib/python3.12/site-packages/airflow/example_dags/example_params_ui_tutorial.py
[2025-03-26T17:17:21.686+0000] {logging_mixin.py:190} INFO - [2025-03-26T17:17:21.686+0000] {dag.py:3239} INFO - Sync 1 DAGs
[2025-03-26T17:17:21.697+0000] {logging_mixin.py:190} INFO - [2025-03-26T17:17:21.697+0000] {dag.py:4180} INFO - Setting next_dagrun for example_params_ui_tutorial to None, run_after=None
[2025-03-26T17:17:21.724+0000] {processor.py:208} INFO - Processing /home/ubuntu/customer_churn_youtube_venv/lib/python3.12/site-packages/airflow/example_dags/example_params_ui_tutorial.py took 0.094 seconds
[2025-03-26T17:18:15.162+0000] {processor.py:186} INFO - Started process (PID=6565) to work on /home/ubuntu/customer_churn_youtube_venv/lib/python3.12/site-packages/airflow/example_dags/example_params_ui_tutorial.py
[2025-03-26T17:18:15.163+0000] {processor.py:914} INFO - Processing file /home/ubuntu/customer_churn_youtube_venv/lib/python3.12/site-packages/airflow/example_dags/example_params_ui_tutorial.py for tasks to queue
[2025-03-26T17:18:15.165+0000] {logging_mixin.py:190} INFO - [2025-03-26T17:18:15.165+0000] {dagbag.py:588} INFO - Filling up the DagBag from /home/ubuntu/customer_churn_youtube_venv/lib/python3.12/site-packages/airflow/example_dags/example_params_ui_tutorial.py
[2025-03-26T17:18:15.174+0000] {processor.py:925} INFO - DAG(s) 'example_params_ui_tutorial' retrieved from /home/ubuntu/customer_churn_youtube_venv/lib/python3.12/site-packages/airflow/example_dags/example_params_ui_tutorial.py
[2025-03-26T17:18:15.213+0000] {logging_mixin.py:190} INFO - [2025-03-26T17:18:15.213+0000] {dag.py:3239} INFO - Sync 1 DAGs
[2025-03-26T17:18:15.226+0000] {logging_mixin.py:190} INFO - [2025-03-26T17:18:15.225+0000] {dag.py:4180} INFO - Setting next_dagrun for example_params_ui_tutorial to None, run_after=None
[2025-03-26T17:18:15.246+0000] {processor.py:208} INFO - Processing /home/ubuntu/customer_churn_youtube_venv/lib/python3.12/site-packages/airflow/example_dags/example_params_ui_tutorial.py took 0.090 seconds
[2025-03-26T17:19:09.036+0000] {processor.py:186} INFO - Started process (PID=6621) to work on /home/ubuntu/customer_churn_youtube_venv/lib/python3.12/site-packages/airflow/example_dags/example_params_ui_tutorial.py
[2025-03-26T17:19:09.038+0000] {processor.py:914} INFO - Processing file /home/ubuntu/customer_churn_youtube_venv/lib/python3.12/site-packages/airflow/example_dags/example_params_ui_tutorial.py for tasks to queue
[2025-03-26T17:19:09.039+0000] {logging_mixin.py:190} INFO - [2025-03-26T17:19:09.039+0000] {dagbag.py:588} INFO - Filling up the DagBag from /home/ubuntu/customer_churn_youtube_venv/lib/python3.12/site-packages/airflow/example_dags/example_params_ui_tutorial.py
[2025-03-26T17:19:09.048+0000] {processor.py:925} INFO - DAG(s) 'example_params_ui_tutorial' retrieved from /home/ubuntu/customer_churn_youtube_venv/lib/python3.12/site-packages/airflow/example_dags/example_params_ui_tutorial.py
[2025-03-26T17:19:09.085+0000] {logging_mixin.py:190} INFO - [2025-03-26T17:19:09.084+0000] {dag.py:3239} INFO - Sync 1 DAGs
[2025-03-26T17:19:09.213+0000] {logging_mixin.py:190} INFO - [2025-03-26T17:19:09.213+0000] {dag.py:4180} INFO - Setting next_dagrun for example_params_ui_tutorial to None, run_after=None
[2025-03-26T17:19:09.234+0000] {processor.py:208} INFO - Processing /home/ubuntu/customer_churn_youtube_venv/lib/python3.12/site-packages/airflow/example_dags/example_params_ui_tutorial.py took 0.203 seconds
[2025-03-26T17:20:09.340+0000] {processor.py:186} INFO - Started process (PID=6683) to work on /home/ubuntu/customer_churn_youtube_venv/lib/python3.12/site-packages/airflow/example_dags/example_params_ui_tutorial.py
[2025-03-26T17:20:09.342+0000] {processor.py:914} INFO - Processing file /home/ubuntu/customer_churn_youtube_venv/lib/python3.12/site-packages/airflow/example_dags/example_params_ui_tutorial.py for tasks to queue
[2025-03-26T17:20:09.343+0000] {logging_mixin.py:190} INFO - [2025-03-26T17:20:09.343+0000] {dagbag.py:588} INFO - Filling up the DagBag from /home/ubuntu/customer_churn_youtube_venv/lib/python3.12/site-packages/airflow/example_dags/example_params_ui_tutorial.py
[2025-03-26T17:20:09.353+0000] {processor.py:925} INFO - DAG(s) 'example_params_ui_tutorial' retrieved from /home/ubuntu/customer_churn_youtube_venv/lib/python3.12/site-packages/airflow/example_dags/example_params_ui_tutorial.py
[2025-03-26T17:20:09.391+0000] {logging_mixin.py:190} INFO - [2025-03-26T17:20:09.391+0000] {dag.py:3239} INFO - Sync 1 DAGs
[2025-03-26T17:20:09.404+0000] {logging_mixin.py:190} INFO - [2025-03-26T17:20:09.404+0000] {dag.py:4180} INFO - Setting next_dagrun for example_params_ui_tutorial to None, run_after=None
[2025-03-26T17:20:09.427+0000] {processor.py:208} INFO - Processing /home/ubuntu/customer_churn_youtube_venv/lib/python3.12/site-packages/airflow/example_dags/example_params_ui_tutorial.py took 0.093 seconds
[2025-03-26T17:21:05.478+0000] {processor.py:186} INFO - Started process (PID=6740) to work on /home/ubuntu/customer_churn_youtube_venv/lib/python3.12/site-packages/airflow/example_dags/example_params_ui_tutorial.py
[2025-03-26T17:21:05.480+0000] {processor.py:914} INFO - Processing file /home/ubuntu/customer_churn_youtube_venv/lib/python3.12/site-packages/airflow/example_dags/example_params_ui_tutorial.py for tasks to queue
[2025-03-26T17:21:05.483+0000] {logging_mixin.py:190} INFO - [2025-03-26T17:21:05.482+0000] {dagbag.py:588} INFO - Filling up the DagBag from /home/ubuntu/customer_churn_youtube_venv/lib/python3.12/site-packages/airflow/example_dags/example_params_ui_tutorial.py
[2025-03-26T17:21:05.493+0000] {processor.py:925} INFO - DAG(s) 'example_params_ui_tutorial' retrieved from /home/ubuntu/customer_churn_youtube_venv/lib/python3.12/site-packages/airflow/example_dags/example_params_ui_tutorial.py
[2025-03-26T17:21:05.532+0000] {logging_mixin.py:190} INFO - [2025-03-26T17:21:05.532+0000] {dag.py:3239} INFO - Sync 1 DAGs
[2025-03-26T17:21:05.545+0000] {logging_mixin.py:190} INFO - [2025-03-26T17:21:05.544+0000] {dag.py:4180} INFO - Setting next_dagrun for example_params_ui_tutorial to None, run_after=None
[2025-03-26T17:21:05.567+0000] {processor.py:208} INFO - Processing /home/ubuntu/customer_churn_youtube_venv/lib/python3.12/site-packages/airflow/example_dags/example_params_ui_tutorial.py took 0.095 seconds
[2025-03-26T17:21:59.031+0000] {processor.py:186} INFO - Started process (PID=6794) to work on /home/ubuntu/customer_churn_youtube_venv/lib/python3.12/site-packages/airflow/example_dags/example_params_ui_tutorial.py
[2025-03-26T17:21:59.034+0000] {processor.py:914} INFO - Processing file /home/ubuntu/customer_churn_youtube_venv/lib/python3.12/site-packages/airflow/example_dags/example_params_ui_tutorial.py for tasks to queue
[2025-03-26T17:21:59.036+0000] {logging_mixin.py:190} INFO - [2025-03-26T17:21:59.035+0000] {dagbag.py:588} INFO - Filling up the DagBag from /home/ubuntu/customer_churn_youtube_venv/lib/python3.12/site-packages/airflow/example_dags/example_params_ui_tutorial.py
[2025-03-26T17:21:59.046+0000] {processor.py:925} INFO - DAG(s) 'example_params_ui_tutorial' retrieved from /home/ubuntu/customer_churn_youtube_venv/lib/python3.12/site-packages/airflow/example_dags/example_params_ui_tutorial.py
[2025-03-26T17:21:59.084+0000] {logging_mixin.py:190} INFO - [2025-03-26T17:21:59.084+0000] {dag.py:3239} INFO - Sync 1 DAGs
[2025-03-26T17:21:59.095+0000] {logging_mixin.py:190} INFO - [2025-03-26T17:21:59.095+0000] {dag.py:4180} INFO - Setting next_dagrun for example_params_ui_tutorial to None, run_after=None
[2025-03-26T17:21:59.117+0000] {processor.py:208} INFO - Processing /home/ubuntu/customer_churn_youtube_venv/lib/python3.12/site-packages/airflow/example_dags/example_params_ui_tutorial.py took 0.090 seconds
[2025-03-26T17:22:57.530+0000] {processor.py:186} INFO - Started process (PID=6854) to work on /home/ubuntu/customer_churn_youtube_venv/lib/python3.12/site-packages/airflow/example_dags/example_params_ui_tutorial.py
[2025-03-26T17:22:57.532+0000] {processor.py:914} INFO - Processing file /home/ubuntu/customer_churn_youtube_venv/lib/python3.12/site-packages/airflow/example_dags/example_params_ui_tutorial.py for tasks to queue
[2025-03-26T17:22:57.534+0000] {logging_mixin.py:190} INFO - [2025-03-26T17:22:57.534+0000] {dagbag.py:588} INFO - Filling up the DagBag from /home/ubuntu/customer_churn_youtube_venv/lib/python3.12/site-packages/airflow/example_dags/example_params_ui_tutorial.py
[2025-03-26T17:22:57.543+0000] {processor.py:925} INFO - DAG(s) 'example_params_ui_tutorial' retrieved from /home/ubuntu/customer_churn_youtube_venv/lib/python3.12/site-packages/airflow/example_dags/example_params_ui_tutorial.py
[2025-03-26T17:22:57.582+0000] {logging_mixin.py:190} INFO - [2025-03-26T17:22:57.582+0000] {dag.py:3239} INFO - Sync 1 DAGs
[2025-03-26T17:22:57.594+0000] {logging_mixin.py:190} INFO - [2025-03-26T17:22:57.594+0000] {dag.py:4180} INFO - Setting next_dagrun for example_params_ui_tutorial to None, run_after=None
[2025-03-26T17:22:57.614+0000] {processor.py:208} INFO - Processing /home/ubuntu/customer_churn_youtube_venv/lib/python3.12/site-packages/airflow/example_dags/example_params_ui_tutorial.py took 0.090 seconds
[2025-03-26T17:23:50.933+0000] {processor.py:186} INFO - Started process (PID=6908) to work on /home/ubuntu/customer_churn_youtube_venv/lib/python3.12/site-packages/airflow/example_dags/example_params_ui_tutorial.py
[2025-03-26T17:23:50.934+0000] {processor.py:914} INFO - Processing file /home/ubuntu/customer_churn_youtube_venv/lib/python3.12/site-packages/airflow/example_dags/example_params_ui_tutorial.py for tasks to queue
[2025-03-26T17:23:50.936+0000] {logging_mixin.py:190} INFO - [2025-03-26T17:23:50.936+0000] {dagbag.py:588} INFO - Filling up the DagBag from /home/ubuntu/customer_churn_youtube_venv/lib/python3.12/site-packages/airflow/example_dags/example_params_ui_tutorial.py
[2025-03-26T17:23:50.945+0000] {processor.py:925} INFO - DAG(s) 'example_params_ui_tutorial' retrieved from /home/ubuntu/customer_churn_youtube_venv/lib/python3.12/site-packages/airflow/example_dags/example_params_ui_tutorial.py
[2025-03-26T17:23:50.983+0000] {logging_mixin.py:190} INFO - [2025-03-26T17:23:50.983+0000] {dag.py:3239} INFO - Sync 1 DAGs
[2025-03-26T17:23:50.995+0000] {logging_mixin.py:190} INFO - [2025-03-26T17:23:50.995+0000] {dag.py:4180} INFO - Setting next_dagrun for example_params_ui_tutorial to None, run_after=None
[2025-03-26T17:23:51.017+0000] {processor.py:208} INFO - Processing /home/ubuntu/customer_churn_youtube_venv/lib/python3.12/site-packages/airflow/example_dags/example_params_ui_tutorial.py took 0.090 seconds
[2025-03-26T17:24:41.085+0000] {processor.py:186} INFO - Started process (PID=6961) to work on /home/ubuntu/customer_churn_youtube_venv/lib/python3.12/site-packages/airflow/example_dags/example_params_ui_tutorial.py
[2025-03-26T17:24:41.087+0000] {processor.py:914} INFO - Processing file /home/ubuntu/customer_churn_youtube_venv/lib/python3.12/site-packages/airflow/example_dags/example_params_ui_tutorial.py for tasks to queue
[2025-03-26T17:24:41.088+0000] {logging_mixin.py:190} INFO - [2025-03-26T17:24:41.088+0000] {dagbag.py:588} INFO - Filling up the DagBag from /home/ubuntu/customer_churn_youtube_venv/lib/python3.12/site-packages/airflow/example_dags/example_params_ui_tutorial.py
[2025-03-26T17:24:41.098+0000] {processor.py:925} INFO - DAG(s) 'example_params_ui_tutorial' retrieved from /home/ubuntu/customer_churn_youtube_venv/lib/python3.12/site-packages/airflow/example_dags/example_params_ui_tutorial.py
[2025-03-26T17:24:41.137+0000] {logging_mixin.py:190} INFO - [2025-03-26T17:24:41.137+0000] {dag.py:3239} INFO - Sync 1 DAGs
[2025-03-26T17:24:41.149+0000] {logging_mixin.py:190} INFO - [2025-03-26T17:24:41.149+0000] {dag.py:4180} INFO - Setting next_dagrun for example_params_ui_tutorial to None, run_after=None
[2025-03-26T17:24:41.170+0000] {processor.py:208} INFO - Processing /home/ubuntu/customer_churn_youtube_venv/lib/python3.12/site-packages/airflow/example_dags/example_params_ui_tutorial.py took 0.092 seconds
[2025-03-26T17:25:31.848+0000] {processor.py:186} INFO - Started process (PID=7019) to work on /home/ubuntu/customer_churn_youtube_venv/lib/python3.12/site-packages/airflow/example_dags/example_params_ui_tutorial.py
[2025-03-26T17:25:31.849+0000] {processor.py:914} INFO - Processing file /home/ubuntu/customer_churn_youtube_venv/lib/python3.12/site-packages/airflow/example_dags/example_params_ui_tutorial.py for tasks to queue
[2025-03-26T17:25:31.851+0000] {logging_mixin.py:190} INFO - [2025-03-26T17:25:31.851+0000] {dagbag.py:588} INFO - Filling up the DagBag from /home/ubuntu/customer_churn_youtube_venv/lib/python3.12/site-packages/airflow/example_dags/example_params_ui_tutorial.py
[2025-03-26T17:25:31.860+0000] {processor.py:925} INFO - DAG(s) 'example_params_ui_tutorial' retrieved from /home/ubuntu/customer_churn_youtube_venv/lib/python3.12/site-packages/airflow/example_dags/example_params_ui_tutorial.py
[2025-03-26T17:25:31.899+0000] {logging_mixin.py:190} INFO - [2025-03-26T17:25:31.898+0000] {dag.py:3239} INFO - Sync 1 DAGs
[2025-03-26T17:25:31.911+0000] {logging_mixin.py:190} INFO - [2025-03-26T17:25:31.910+0000] {dag.py:4180} INFO - Setting next_dagrun for example_params_ui_tutorial to None, run_after=None
[2025-03-26T17:25:31.934+0000] {processor.py:208} INFO - Processing /home/ubuntu/customer_churn_youtube_venv/lib/python3.12/site-packages/airflow/example_dags/example_params_ui_tutorial.py took 0.092 seconds
[2025-03-26T17:26:21.004+0000] {processor.py:186} INFO - Started process (PID=7070) to work on /home/ubuntu/customer_churn_youtube_venv/lib/python3.12/site-packages/airflow/example_dags/example_params_ui_tutorial.py
[2025-03-26T17:26:21.006+0000] {processor.py:914} INFO - Processing file /home/ubuntu/customer_churn_youtube_venv/lib/python3.12/site-packages/airflow/example_dags/example_params_ui_tutorial.py for tasks to queue
[2025-03-26T17:26:21.009+0000] {logging_mixin.py:190} INFO - [2025-03-26T17:26:21.008+0000] {dagbag.py:588} INFO - Filling up the DagBag from /home/ubuntu/customer_churn_youtube_venv/lib/python3.12/site-packages/airflow/example_dags/example_params_ui_tutorial.py
[2025-03-26T17:26:21.018+0000] {processor.py:925} INFO - DAG(s) 'example_params_ui_tutorial' retrieved from /home/ubuntu/customer_churn_youtube_venv/lib/python3.12/site-packages/airflow/example_dags/example_params_ui_tutorial.py
[2025-03-26T17:26:21.057+0000] {logging_mixin.py:190} INFO - [2025-03-26T17:26:21.056+0000] {dag.py:3239} INFO - Sync 1 DAGs
[2025-03-26T17:26:21.070+0000] {logging_mixin.py:190} INFO - [2025-03-26T17:26:21.069+0000] {dag.py:4180} INFO - Setting next_dagrun for example_params_ui_tutorial to None, run_after=None
[2025-03-26T17:26:21.090+0000] {processor.py:208} INFO - Processing /home/ubuntu/customer_churn_youtube_venv/lib/python3.12/site-packages/airflow/example_dags/example_params_ui_tutorial.py took 0.092 seconds
[2025-03-26T17:27:12.598+0000] {processor.py:186} INFO - Started process (PID=7123) to work on /home/ubuntu/customer_churn_youtube_venv/lib/python3.12/site-packages/airflow/example_dags/example_params_ui_tutorial.py
[2025-03-26T17:27:12.600+0000] {processor.py:914} INFO - Processing file /home/ubuntu/customer_churn_youtube_venv/lib/python3.12/site-packages/airflow/example_dags/example_params_ui_tutorial.py for tasks to queue
[2025-03-26T17:27:12.602+0000] {logging_mixin.py:190} INFO - [2025-03-26T17:27:12.602+0000] {dagbag.py:588} INFO - Filling up the DagBag from /home/ubuntu/customer_churn_youtube_venv/lib/python3.12/site-packages/airflow/example_dags/example_params_ui_tutorial.py
[2025-03-26T17:27:12.611+0000] {processor.py:925} INFO - DAG(s) 'example_params_ui_tutorial' retrieved from /home/ubuntu/customer_churn_youtube_venv/lib/python3.12/site-packages/airflow/example_dags/example_params_ui_tutorial.py
[2025-03-26T17:27:12.650+0000] {logging_mixin.py:190} INFO - [2025-03-26T17:27:12.650+0000] {dag.py:3239} INFO - Sync 1 DAGs
[2025-03-26T17:27:12.662+0000] {logging_mixin.py:190} INFO - [2025-03-26T17:27:12.662+0000] {dag.py:4180} INFO - Setting next_dagrun for example_params_ui_tutorial to None, run_after=None
[2025-03-26T17:27:12.685+0000] {processor.py:208} INFO - Processing /home/ubuntu/customer_churn_youtube_venv/lib/python3.12/site-packages/airflow/example_dags/example_params_ui_tutorial.py took 0.092 seconds
[2025-03-26T17:28:03.802+0000] {processor.py:186} INFO - Started process (PID=7220) to work on /home/ubuntu/customer_churn_youtube_venv/lib/python3.12/site-packages/airflow/example_dags/example_params_ui_tutorial.py
[2025-03-26T17:28:03.804+0000] {processor.py:914} INFO - Processing file /home/ubuntu/customer_churn_youtube_venv/lib/python3.12/site-packages/airflow/example_dags/example_params_ui_tutorial.py for tasks to queue
[2025-03-26T17:28:03.805+0000] {logging_mixin.py:190} INFO - [2025-03-26T17:28:03.805+0000] {dagbag.py:588} INFO - Filling up the DagBag from /home/ubuntu/customer_churn_youtube_venv/lib/python3.12/site-packages/airflow/example_dags/example_params_ui_tutorial.py
[2025-03-26T17:28:03.815+0000] {processor.py:925} INFO - DAG(s) 'example_params_ui_tutorial' retrieved from /home/ubuntu/customer_churn_youtube_venv/lib/python3.12/site-packages/airflow/example_dags/example_params_ui_tutorial.py
[2025-03-26T17:28:03.855+0000] {logging_mixin.py:190} INFO - [2025-03-26T17:28:03.854+0000] {dag.py:3239} INFO - Sync 1 DAGs
[2025-03-26T17:28:03.867+0000] {logging_mixin.py:190} INFO - [2025-03-26T17:28:03.867+0000] {dag.py:4180} INFO - Setting next_dagrun for example_params_ui_tutorial to None, run_after=None
[2025-03-26T17:28:03.891+0000] {processor.py:208} INFO - Processing /home/ubuntu/customer_churn_youtube_venv/lib/python3.12/site-packages/airflow/example_dags/example_params_ui_tutorial.py took 0.095 seconds
[2025-03-26T17:28:55.129+0000] {processor.py:186} INFO - Started process (PID=7274) to work on /home/ubuntu/customer_churn_youtube_venv/lib/python3.12/site-packages/airflow/example_dags/example_params_ui_tutorial.py
[2025-03-26T17:28:55.132+0000] {processor.py:914} INFO - Processing file /home/ubuntu/customer_churn_youtube_venv/lib/python3.12/site-packages/airflow/example_dags/example_params_ui_tutorial.py for tasks to queue
[2025-03-26T17:28:55.133+0000] {logging_mixin.py:190} INFO - [2025-03-26T17:28:55.133+0000] {dagbag.py:588} INFO - Filling up the DagBag from /home/ubuntu/customer_churn_youtube_venv/lib/python3.12/site-packages/airflow/example_dags/example_params_ui_tutorial.py
[2025-03-26T17:28:55.143+0000] {processor.py:925} INFO - DAG(s) 'example_params_ui_tutorial' retrieved from /home/ubuntu/customer_churn_youtube_venv/lib/python3.12/site-packages/airflow/example_dags/example_params_ui_tutorial.py
[2025-03-26T17:28:55.181+0000] {logging_mixin.py:190} INFO - [2025-03-26T17:28:55.181+0000] {dag.py:3239} INFO - Sync 1 DAGs
[2025-03-26T17:28:55.193+0000] {logging_mixin.py:190} INFO - [2025-03-26T17:28:55.193+0000] {dag.py:4180} INFO - Setting next_dagrun for example_params_ui_tutorial to None, run_after=None
[2025-03-26T17:28:55.216+0000] {processor.py:208} INFO - Processing /home/ubuntu/customer_churn_youtube_venv/lib/python3.12/site-packages/airflow/example_dags/example_params_ui_tutorial.py took 0.093 seconds
[2025-03-26T17:29:43.705+0000] {processor.py:186} INFO - Started process (PID=7327) to work on /home/ubuntu/customer_churn_youtube_venv/lib/python3.12/site-packages/airflow/example_dags/example_params_ui_tutorial.py
[2025-03-26T17:29:43.707+0000] {processor.py:914} INFO - Processing file /home/ubuntu/customer_churn_youtube_venv/lib/python3.12/site-packages/airflow/example_dags/example_params_ui_tutorial.py for tasks to queue
[2025-03-26T17:29:43.709+0000] {logging_mixin.py:190} INFO - [2025-03-26T17:29:43.709+0000] {dagbag.py:588} INFO - Filling up the DagBag from /home/ubuntu/customer_churn_youtube_venv/lib/python3.12/site-packages/airflow/example_dags/example_params_ui_tutorial.py
[2025-03-26T17:29:43.718+0000] {processor.py:925} INFO - DAG(s) 'example_params_ui_tutorial' retrieved from /home/ubuntu/customer_churn_youtube_venv/lib/python3.12/site-packages/airflow/example_dags/example_params_ui_tutorial.py
[2025-03-26T17:29:43.756+0000] {logging_mixin.py:190} INFO - [2025-03-26T17:29:43.755+0000] {dag.py:3239} INFO - Sync 1 DAGs
[2025-03-26T17:29:43.769+0000] {logging_mixin.py:190} INFO - [2025-03-26T17:29:43.768+0000] {dag.py:4180} INFO - Setting next_dagrun for example_params_ui_tutorial to None, run_after=None
[2025-03-26T17:29:43.792+0000] {processor.py:208} INFO - Processing /home/ubuntu/customer_churn_youtube_venv/lib/python3.12/site-packages/airflow/example_dags/example_params_ui_tutorial.py took 0.092 seconds
[2025-03-26T17:30:33.634+0000] {processor.py:186} INFO - Started process (PID=7383) to work on /home/ubuntu/customer_churn_youtube_venv/lib/python3.12/site-packages/airflow/example_dags/example_params_ui_tutorial.py
[2025-03-26T17:30:33.636+0000] {processor.py:914} INFO - Processing file /home/ubuntu/customer_churn_youtube_venv/lib/python3.12/site-packages/airflow/example_dags/example_params_ui_tutorial.py for tasks to queue
[2025-03-26T17:30:33.638+0000] {logging_mixin.py:190} INFO - [2025-03-26T17:30:33.637+0000] {dagbag.py:588} INFO - Filling up the DagBag from /home/ubuntu/customer_churn_youtube_venv/lib/python3.12/site-packages/airflow/example_dags/example_params_ui_tutorial.py
[2025-03-26T17:30:33.648+0000] {processor.py:925} INFO - DAG(s) 'example_params_ui_tutorial' retrieved from /home/ubuntu/customer_churn_youtube_venv/lib/python3.12/site-packages/airflow/example_dags/example_params_ui_tutorial.py
[2025-03-26T17:30:33.688+0000] {logging_mixin.py:190} INFO - [2025-03-26T17:30:33.688+0000] {dag.py:3239} INFO - Sync 1 DAGs
[2025-03-26T17:30:33.700+0000] {logging_mixin.py:190} INFO - [2025-03-26T17:30:33.699+0000] {dag.py:4180} INFO - Setting next_dagrun for example_params_ui_tutorial to None, run_after=None
[2025-03-26T17:30:33.721+0000] {processor.py:208} INFO - Processing /home/ubuntu/customer_churn_youtube_venv/lib/python3.12/site-packages/airflow/example_dags/example_params_ui_tutorial.py took 0.093 seconds
[2025-03-26T17:31:24.736+0000] {processor.py:186} INFO - Started process (PID=7435) to work on /home/ubuntu/customer_churn_youtube_venv/lib/python3.12/site-packages/airflow/example_dags/example_params_ui_tutorial.py
[2025-03-26T17:31:24.738+0000] {processor.py:914} INFO - Processing file /home/ubuntu/customer_churn_youtube_venv/lib/python3.12/site-packages/airflow/example_dags/example_params_ui_tutorial.py for tasks to queue
[2025-03-26T17:31:24.739+0000] {logging_mixin.py:190} INFO - [2025-03-26T17:31:24.739+0000] {dagbag.py:588} INFO - Filling up the DagBag from /home/ubuntu/customer_churn_youtube_venv/lib/python3.12/site-packages/airflow/example_dags/example_params_ui_tutorial.py
[2025-03-26T17:31:24.749+0000] {processor.py:925} INFO - DAG(s) 'example_params_ui_tutorial' retrieved from /home/ubuntu/customer_churn_youtube_venv/lib/python3.12/site-packages/airflow/example_dags/example_params_ui_tutorial.py
[2025-03-26T17:31:24.787+0000] {logging_mixin.py:190} INFO - [2025-03-26T17:31:24.786+0000] {dag.py:3239} INFO - Sync 1 DAGs
[2025-03-26T17:31:24.798+0000] {logging_mixin.py:190} INFO - [2025-03-26T17:31:24.798+0000] {dag.py:4180} INFO - Setting next_dagrun for example_params_ui_tutorial to None, run_after=None
[2025-03-26T17:31:24.818+0000] {processor.py:208} INFO - Processing /home/ubuntu/customer_churn_youtube_venv/lib/python3.12/site-packages/airflow/example_dags/example_params_ui_tutorial.py took 0.088 seconds
[2025-03-26T17:32:14.920+0000] {processor.py:186} INFO - Started process (PID=7512) to work on /home/ubuntu/customer_churn_youtube_venv/lib/python3.12/site-packages/airflow/example_dags/example_params_ui_tutorial.py
[2025-03-26T17:32:14.922+0000] {processor.py:914} INFO - Processing file /home/ubuntu/customer_churn_youtube_venv/lib/python3.12/site-packages/airflow/example_dags/example_params_ui_tutorial.py for tasks to queue
[2025-03-26T17:32:14.924+0000] {logging_mixin.py:190} INFO - [2025-03-26T17:32:14.924+0000] {dagbag.py:588} INFO - Filling up the DagBag from /home/ubuntu/customer_churn_youtube_venv/lib/python3.12/site-packages/airflow/example_dags/example_params_ui_tutorial.py
[2025-03-26T17:32:14.934+0000] {processor.py:925} INFO - DAG(s) 'example_params_ui_tutorial' retrieved from /home/ubuntu/customer_churn_youtube_venv/lib/python3.12/site-packages/airflow/example_dags/example_params_ui_tutorial.py
[2025-03-26T17:32:14.972+0000] {logging_mixin.py:190} INFO - [2025-03-26T17:32:14.972+0000] {dag.py:3239} INFO - Sync 1 DAGs
[2025-03-26T17:32:14.984+0000] {logging_mixin.py:190} INFO - [2025-03-26T17:32:14.983+0000] {dag.py:4180} INFO - Setting next_dagrun for example_params_ui_tutorial to None, run_after=None
[2025-03-26T17:32:15.009+0000] {processor.py:208} INFO - Processing /home/ubuntu/customer_churn_youtube_venv/lib/python3.12/site-packages/airflow/example_dags/example_params_ui_tutorial.py took 0.095 seconds
[2025-03-26T17:33:08.328+0000] {processor.py:186} INFO - Started process (PID=7582) to work on /home/ubuntu/customer_churn_youtube_venv/lib/python3.12/site-packages/airflow/example_dags/example_params_ui_tutorial.py
[2025-03-26T17:33:08.330+0000] {processor.py:914} INFO - Processing file /home/ubuntu/customer_churn_youtube_venv/lib/python3.12/site-packages/airflow/example_dags/example_params_ui_tutorial.py for tasks to queue
[2025-03-26T17:33:08.332+0000] {logging_mixin.py:190} INFO - [2025-03-26T17:33:08.332+0000] {dagbag.py:588} INFO - Filling up the DagBag from /home/ubuntu/customer_churn_youtube_venv/lib/python3.12/site-packages/airflow/example_dags/example_params_ui_tutorial.py
[2025-03-26T17:33:08.342+0000] {processor.py:925} INFO - DAG(s) 'example_params_ui_tutorial' retrieved from /home/ubuntu/customer_churn_youtube_venv/lib/python3.12/site-packages/airflow/example_dags/example_params_ui_tutorial.py
[2025-03-26T17:33:08.380+0000] {logging_mixin.py:190} INFO - [2025-03-26T17:33:08.380+0000] {dag.py:3239} INFO - Sync 1 DAGs
[2025-03-26T17:33:08.392+0000] {logging_mixin.py:190} INFO - [2025-03-26T17:33:08.392+0000] {dag.py:4180} INFO - Setting next_dagrun for example_params_ui_tutorial to None, run_after=None
[2025-03-26T17:33:08.414+0000] {processor.py:208} INFO - Processing /home/ubuntu/customer_churn_youtube_venv/lib/python3.12/site-packages/airflow/example_dags/example_params_ui_tutorial.py took 0.092 seconds
[2025-03-26T17:33:58.465+0000] {processor.py:186} INFO - Started process (PID=7633) to work on /home/ubuntu/customer_churn_youtube_venv/lib/python3.12/site-packages/airflow/example_dags/example_params_ui_tutorial.py
[2025-03-26T17:33:58.468+0000] {processor.py:914} INFO - Processing file /home/ubuntu/customer_churn_youtube_venv/lib/python3.12/site-packages/airflow/example_dags/example_params_ui_tutorial.py for tasks to queue
[2025-03-26T17:33:58.470+0000] {logging_mixin.py:190} INFO - [2025-03-26T17:33:58.469+0000] {dagbag.py:588} INFO - Filling up the DagBag from /home/ubuntu/customer_churn_youtube_venv/lib/python3.12/site-packages/airflow/example_dags/example_params_ui_tutorial.py
[2025-03-26T17:33:58.480+0000] {processor.py:925} INFO - DAG(s) 'example_params_ui_tutorial' retrieved from /home/ubuntu/customer_churn_youtube_venv/lib/python3.12/site-packages/airflow/example_dags/example_params_ui_tutorial.py
[2025-03-26T17:33:58.519+0000] {logging_mixin.py:190} INFO - [2025-03-26T17:33:58.519+0000] {dag.py:3239} INFO - Sync 1 DAGs
[2025-03-26T17:33:58.531+0000] {logging_mixin.py:190} INFO - [2025-03-26T17:33:58.531+0000] {dag.py:4180} INFO - Setting next_dagrun for example_params_ui_tutorial to None, run_after=None
[2025-03-26T17:33:58.553+0000] {processor.py:208} INFO - Processing /home/ubuntu/customer_churn_youtube_venv/lib/python3.12/site-packages/airflow/example_dags/example_params_ui_tutorial.py took 0.094 seconds
[2025-03-26T17:34:50.104+0000] {processor.py:186} INFO - Started process (PID=7688) to work on /home/ubuntu/customer_churn_youtube_venv/lib/python3.12/site-packages/airflow/example_dags/example_params_ui_tutorial.py
[2025-03-26T17:34:50.106+0000] {processor.py:914} INFO - Processing file /home/ubuntu/customer_churn_youtube_venv/lib/python3.12/site-packages/airflow/example_dags/example_params_ui_tutorial.py for tasks to queue
[2025-03-26T17:34:50.108+0000] {logging_mixin.py:190} INFO - [2025-03-26T17:34:50.108+0000] {dagbag.py:588} INFO - Filling up the DagBag from /home/ubuntu/customer_churn_youtube_venv/lib/python3.12/site-packages/airflow/example_dags/example_params_ui_tutorial.py
[2025-03-26T17:34:50.118+0000] {processor.py:925} INFO - DAG(s) 'example_params_ui_tutorial' retrieved from /home/ubuntu/customer_churn_youtube_venv/lib/python3.12/site-packages/airflow/example_dags/example_params_ui_tutorial.py
[2025-03-26T17:34:50.157+0000] {logging_mixin.py:190} INFO - [2025-03-26T17:34:50.156+0000] {dag.py:3239} INFO - Sync 1 DAGs
[2025-03-26T17:34:50.170+0000] {logging_mixin.py:190} INFO - [2025-03-26T17:34:50.170+0000] {dag.py:4180} INFO - Setting next_dagrun for example_params_ui_tutorial to None, run_after=None
[2025-03-26T17:34:50.193+0000] {processor.py:208} INFO - Processing /home/ubuntu/customer_churn_youtube_venv/lib/python3.12/site-packages/airflow/example_dags/example_params_ui_tutorial.py took 0.094 seconds
[2025-03-26T17:35:43.359+0000] {processor.py:186} INFO - Started process (PID=7748) to work on /home/ubuntu/customer_churn_youtube_venv/lib/python3.12/site-packages/airflow/example_dags/example_params_ui_tutorial.py
[2025-03-26T17:35:43.362+0000] {processor.py:914} INFO - Processing file /home/ubuntu/customer_churn_youtube_venv/lib/python3.12/site-packages/airflow/example_dags/example_params_ui_tutorial.py for tasks to queue
[2025-03-26T17:35:43.363+0000] {logging_mixin.py:190} INFO - [2025-03-26T17:35:43.363+0000] {dagbag.py:588} INFO - Filling up the DagBag from /home/ubuntu/customer_churn_youtube_venv/lib/python3.12/site-packages/airflow/example_dags/example_params_ui_tutorial.py
[2025-03-26T17:35:43.374+0000] {processor.py:925} INFO - DAG(s) 'example_params_ui_tutorial' retrieved from /home/ubuntu/customer_churn_youtube_venv/lib/python3.12/site-packages/airflow/example_dags/example_params_ui_tutorial.py
[2025-03-26T17:35:43.413+0000] {logging_mixin.py:190} INFO - [2025-03-26T17:35:43.413+0000] {dag.py:3239} INFO - Sync 1 DAGs
[2025-03-26T17:35:43.426+0000] {logging_mixin.py:190} INFO - [2025-03-26T17:35:43.425+0000] {dag.py:4180} INFO - Setting next_dagrun for example_params_ui_tutorial to None, run_after=None
[2025-03-26T17:35:43.447+0000] {processor.py:208} INFO - Processing /home/ubuntu/customer_churn_youtube_venv/lib/python3.12/site-packages/airflow/example_dags/example_params_ui_tutorial.py took 0.093 seconds
[2025-03-26T17:36:35.663+0000] {processor.py:186} INFO - Started process (PID=7804) to work on /home/ubuntu/customer_churn_youtube_venv/lib/python3.12/site-packages/airflow/example_dags/example_params_ui_tutorial.py
[2025-03-26T17:36:35.665+0000] {processor.py:914} INFO - Processing file /home/ubuntu/customer_churn_youtube_venv/lib/python3.12/site-packages/airflow/example_dags/example_params_ui_tutorial.py for tasks to queue
[2025-03-26T17:36:35.667+0000] {logging_mixin.py:190} INFO - [2025-03-26T17:36:35.667+0000] {dagbag.py:588} INFO - Filling up the DagBag from /home/ubuntu/customer_churn_youtube_venv/lib/python3.12/site-packages/airflow/example_dags/example_params_ui_tutorial.py
[2025-03-26T17:36:35.677+0000] {processor.py:925} INFO - DAG(s) 'example_params_ui_tutorial' retrieved from /home/ubuntu/customer_churn_youtube_venv/lib/python3.12/site-packages/airflow/example_dags/example_params_ui_tutorial.py
[2025-03-26T17:36:35.715+0000] {logging_mixin.py:190} INFO - [2025-03-26T17:36:35.714+0000] {dag.py:3239} INFO - Sync 1 DAGs
[2025-03-26T17:36:35.728+0000] {logging_mixin.py:190} INFO - [2025-03-26T17:36:35.728+0000] {dag.py:4180} INFO - Setting next_dagrun for example_params_ui_tutorial to None, run_after=None
[2025-03-26T17:36:35.750+0000] {processor.py:208} INFO - Processing /home/ubuntu/customer_churn_youtube_venv/lib/python3.12/site-packages/airflow/example_dags/example_params_ui_tutorial.py took 0.093 seconds
