[2025-03-26T17:13:33.886+0000] {processor.py:186} INFO - Started process (PID=6279) to work on /home/ubuntu/customer_churn_youtube_venv/lib/python3.12/site-packages/airflow/example_dags/example_python_decorator.py
[2025-03-26T17:13:33.887+0000] {processor.py:914} INFO - Processing file /home/ubuntu/customer_churn_youtube_venv/lib/python3.12/site-packages/airflow/example_dags/example_python_decorator.py for tasks to queue
[2025-03-26T17:13:33.890+0000] {logging_mixin.py:190} INFO - [2025-03-26T17:13:33.889+0000] {dagbag.py:588} INFO - Filling up the DagBag from /home/ubuntu/customer_churn_youtube_venv/lib/python3.12/site-packages/airflow/example_dags/example_python_decorator.py
[2025-03-26T17:13:33.898+0000] {logging_mixin.py:190} INFO - [2025-03-26T17:13:33.898+0000] {example_python_decorator.py:80} WARNING - The virtalenv_python example task requires virtualenv, please install it.
[2025-03-26T17:13:33.900+0000] {processor.py:925} INFO - DAG(s) 'example_python_decorator' retrieved from /home/ubuntu/customer_churn_youtube_venv/lib/python3.12/site-packages/airflow/example_dags/example_python_decorator.py
[2025-03-26T17:13:34.006+0000] {logging_mixin.py:190} INFO - [2025-03-26T17:13:34.006+0000] {override.py:1930} INFO - Created Permission View: can edit on DAG:example_python_decorator
[2025-03-26T17:13:34.022+0000] {logging_mixin.py:190} INFO - [2025-03-26T17:13:34.021+0000] {override.py:1930} INFO - Created Permission View: can read on DAG:example_python_decorator
[2025-03-26T17:13:34.032+0000] {logging_mixin.py:190} INFO - [2025-03-26T17:13:34.032+0000] {override.py:1930} INFO - Created Permission View: can delete on DAG:example_python_decorator
[2025-03-26T17:13:34.050+0000] {logging_mixin.py:190} INFO - [2025-03-26T17:13:34.050+0000] {override.py:1930} INFO - Created Permission View: menu access on DAG Run:example_python_decorator
[2025-03-26T17:13:34.059+0000] {logging_mixin.py:190} INFO - [2025-03-26T17:13:34.059+0000] {override.py:1930} INFO - Created Permission View: can create on DAG Run:example_python_decorator
[2025-03-26T17:13:34.070+0000] {logging_mixin.py:190} INFO - [2025-03-26T17:13:34.070+0000] {override.py:1930} INFO - Created Permission View: can delete on DAG Run:example_python_decorator
[2025-03-26T17:13:34.080+0000] {logging_mixin.py:190} INFO - [2025-03-26T17:13:34.080+0000] {override.py:1930} INFO - Created Permission View: can read on DAG Run:example_python_decorator
[2025-03-26T17:13:34.080+0000] {logging_mixin.py:190} INFO - [2025-03-26T17:13:34.080+0000] {dag.py:3239} INFO - Sync 1 DAGs
[2025-03-26T17:13:34.091+0000] {logging_mixin.py:190} INFO - [2025-03-26T17:13:34.091+0000] {dag.py:3262} INFO - Creating ORM DAG for example_python_decorator
[2025-03-26T17:13:34.091+0000] {logging_mixin.py:190} INFO - [2025-03-26T17:13:34.091+0000] {dag.py:4180} INFO - Setting next_dagrun for example_python_decorator to None, run_after=None
[2025-03-26T17:13:34.112+0000] {processor.py:208} INFO - Processing /home/ubuntu/customer_churn_youtube_venv/lib/python3.12/site-packages/airflow/example_dags/example_python_decorator.py took 0.230 seconds
[2025-03-26T17:14:39.535+0000] {processor.py:186} INFO - Started process (PID=6336) to work on /home/ubuntu/customer_churn_youtube_venv/lib/python3.12/site-packages/airflow/example_dags/example_python_decorator.py
[2025-03-26T17:14:39.537+0000] {processor.py:914} INFO - Processing file /home/ubuntu/customer_churn_youtube_venv/lib/python3.12/site-packages/airflow/example_dags/example_python_decorator.py for tasks to queue
[2025-03-26T17:14:39.538+0000] {logging_mixin.py:190} INFO - [2025-03-26T17:14:39.538+0000] {dagbag.py:588} INFO - Filling up the DagBag from /home/ubuntu/customer_churn_youtube_venv/lib/python3.12/site-packages/airflow/example_dags/example_python_decorator.py
[2025-03-26T17:14:39.546+0000] {logging_mixin.py:190} INFO - [2025-03-26T17:14:39.546+0000] {example_python_decorator.py:80} WARNING - The virtalenv_python example task requires virtualenv, please install it.
[2025-03-26T17:14:39.550+0000] {processor.py:925} INFO - DAG(s) 'example_python_decorator' retrieved from /home/ubuntu/customer_churn_youtube_venv/lib/python3.12/site-packages/airflow/example_dags/example_python_decorator.py
[2025-03-26T17:14:39.566+0000] {logging_mixin.py:190} INFO - [2025-03-26T17:14:39.566+0000] {dag.py:3239} INFO - Sync 1 DAGs
[2025-03-26T17:14:39.579+0000] {logging_mixin.py:190} INFO - [2025-03-26T17:14:39.578+0000] {dag.py:4180} INFO - Setting next_dagrun for example_python_decorator to None, run_after=None
[2025-03-26T17:14:39.601+0000] {processor.py:208} INFO - Processing /home/ubuntu/customer_churn_youtube_venv/lib/python3.12/site-packages/airflow/example_dags/example_python_decorator.py took 0.071 seconds
[2025-03-26T17:15:35.569+0000] {processor.py:186} INFO - Started process (PID=6399) to work on /home/ubuntu/customer_churn_youtube_venv/lib/python3.12/site-packages/airflow/example_dags/example_python_decorator.py
[2025-03-26T17:15:35.571+0000] {processor.py:914} INFO - Processing file /home/ubuntu/customer_churn_youtube_venv/lib/python3.12/site-packages/airflow/example_dags/example_python_decorator.py for tasks to queue
[2025-03-26T17:15:35.573+0000] {logging_mixin.py:190} INFO - [2025-03-26T17:15:35.573+0000] {dagbag.py:588} INFO - Filling up the DagBag from /home/ubuntu/customer_churn_youtube_venv/lib/python3.12/site-packages/airflow/example_dags/example_python_decorator.py
[2025-03-26T17:15:35.582+0000] {logging_mixin.py:190} INFO - [2025-03-26T17:15:35.582+0000] {example_python_decorator.py:80} WARNING - The virtalenv_python example task requires virtualenv, please install it.
[2025-03-26T17:15:35.584+0000] {processor.py:925} INFO - DAG(s) 'example_python_decorator' retrieved from /home/ubuntu/customer_churn_youtube_venv/lib/python3.12/site-packages/airflow/example_dags/example_python_decorator.py
[2025-03-26T17:15:35.601+0000] {logging_mixin.py:190} INFO - [2025-03-26T17:15:35.601+0000] {dag.py:3239} INFO - Sync 1 DAGs
[2025-03-26T17:15:35.613+0000] {logging_mixin.py:190} INFO - [2025-03-26T17:15:35.612+0000] {dag.py:4180} INFO - Setting next_dagrun for example_python_decorator to None, run_after=None
[2025-03-26T17:15:35.635+0000] {processor.py:208} INFO - Processing /home/ubuntu/customer_churn_youtube_venv/lib/python3.12/site-packages/airflow/example_dags/example_python_decorator.py took 0.072 seconds
[2025-03-26T17:16:27.753+0000] {processor.py:186} INFO - Started process (PID=6452) to work on /home/ubuntu/customer_churn_youtube_venv/lib/python3.12/site-packages/airflow/example_dags/example_python_decorator.py
[2025-03-26T17:16:27.755+0000] {processor.py:914} INFO - Processing file /home/ubuntu/customer_churn_youtube_venv/lib/python3.12/site-packages/airflow/example_dags/example_python_decorator.py for tasks to queue
[2025-03-26T17:16:27.758+0000] {logging_mixin.py:190} INFO - [2025-03-26T17:16:27.757+0000] {dagbag.py:588} INFO - Filling up the DagBag from /home/ubuntu/customer_churn_youtube_venv/lib/python3.12/site-packages/airflow/example_dags/example_python_decorator.py
[2025-03-26T17:16:27.766+0000] {logging_mixin.py:190} INFO - [2025-03-26T17:16:27.766+0000] {example_python_decorator.py:80} WARNING - The virtalenv_python example task requires virtualenv, please install it.
[2025-03-26T17:16:27.768+0000] {processor.py:925} INFO - DAG(s) 'example_python_decorator' retrieved from /home/ubuntu/customer_churn_youtube_venv/lib/python3.12/site-packages/airflow/example_dags/example_python_decorator.py
[2025-03-26T17:16:27.784+0000] {logging_mixin.py:190} INFO - [2025-03-26T17:16:27.784+0000] {dag.py:3239} INFO - Sync 1 DAGs
[2025-03-26T17:16:27.795+0000] {logging_mixin.py:190} INFO - [2025-03-26T17:16:27.795+0000] {dag.py:4180} INFO - Setting next_dagrun for example_python_decorator to None, run_after=None
[2025-03-26T17:16:27.818+0000] {processor.py:208} INFO - Processing /home/ubuntu/customer_churn_youtube_venv/lib/python3.12/site-packages/airflow/example_dags/example_python_decorator.py took 0.070 seconds
[2025-03-26T17:17:21.326+0000] {processor.py:186} INFO - Started process (PID=6510) to work on /home/ubuntu/customer_churn_youtube_venv/lib/python3.12/site-packages/airflow/example_dags/example_python_decorator.py
[2025-03-26T17:17:21.327+0000] {processor.py:914} INFO - Processing file /home/ubuntu/customer_churn_youtube_venv/lib/python3.12/site-packages/airflow/example_dags/example_python_decorator.py for tasks to queue
[2025-03-26T17:17:21.329+0000] {logging_mixin.py:190} INFO - [2025-03-26T17:17:21.329+0000] {dagbag.py:588} INFO - Filling up the DagBag from /home/ubuntu/customer_churn_youtube_venv/lib/python3.12/site-packages/airflow/example_dags/example_python_decorator.py
[2025-03-26T17:17:21.338+0000] {logging_mixin.py:190} INFO - [2025-03-26T17:17:21.337+0000] {example_python_decorator.py:80} WARNING - The virtalenv_python example task requires virtualenv, please install it.
[2025-03-26T17:17:21.340+0000] {processor.py:925} INFO - DAG(s) 'example_python_decorator' retrieved from /home/ubuntu/customer_churn_youtube_venv/lib/python3.12/site-packages/airflow/example_dags/example_python_decorator.py
[2025-03-26T17:17:21.357+0000] {logging_mixin.py:190} INFO - [2025-03-26T17:17:21.357+0000] {dag.py:3239} INFO - Sync 1 DAGs
[2025-03-26T17:17:21.368+0000] {logging_mixin.py:190} INFO - [2025-03-26T17:17:21.368+0000] {dag.py:4180} INFO - Setting next_dagrun for example_python_decorator to None, run_after=None
[2025-03-26T17:17:21.389+0000] {processor.py:208} INFO - Processing /home/ubuntu/customer_churn_youtube_venv/lib/python3.12/site-packages/airflow/example_dags/example_python_decorator.py took 0.069 seconds
[2025-03-26T17:18:14.025+0000] {processor.py:186} INFO - Started process (PID=6564) to work on /home/ubuntu/customer_churn_youtube_venv/lib/python3.12/site-packages/airflow/example_dags/example_python_decorator.py
[2025-03-26T17:18:14.027+0000] {processor.py:914} INFO - Processing file /home/ubuntu/customer_churn_youtube_venv/lib/python3.12/site-packages/airflow/example_dags/example_python_decorator.py for tasks to queue
[2025-03-26T17:18:14.028+0000] {logging_mixin.py:190} INFO - [2025-03-26T17:18:14.028+0000] {dagbag.py:588} INFO - Filling up the DagBag from /home/ubuntu/customer_churn_youtube_venv/lib/python3.12/site-packages/airflow/example_dags/example_python_decorator.py
[2025-03-26T17:18:14.037+0000] {logging_mixin.py:190} INFO - [2025-03-26T17:18:14.037+0000] {example_python_decorator.py:80} WARNING - The virtalenv_python example task requires virtualenv, please install it.
[2025-03-26T17:18:14.039+0000] {processor.py:925} INFO - DAG(s) 'example_python_decorator' retrieved from /home/ubuntu/customer_churn_youtube_venv/lib/python3.12/site-packages/airflow/example_dags/example_python_decorator.py
[2025-03-26T17:18:14.055+0000] {logging_mixin.py:190} INFO - [2025-03-26T17:18:14.055+0000] {dag.py:3239} INFO - Sync 1 DAGs
[2025-03-26T17:18:14.066+0000] {logging_mixin.py:190} INFO - [2025-03-26T17:18:14.066+0000] {dag.py:4180} INFO - Setting next_dagrun for example_python_decorator to None, run_after=None
[2025-03-26T17:18:14.089+0000] {processor.py:208} INFO - Processing /home/ubuntu/customer_churn_youtube_venv/lib/python3.12/site-packages/airflow/example_dags/example_python_decorator.py took 0.069 seconds
[2025-03-26T17:19:08.015+0000] {processor.py:186} INFO - Started process (PID=6620) to work on /home/ubuntu/customer_churn_youtube_venv/lib/python3.12/site-packages/airflow/example_dags/example_python_decorator.py
[2025-03-26T17:19:08.017+0000] {processor.py:914} INFO - Processing file /home/ubuntu/customer_churn_youtube_venv/lib/python3.12/site-packages/airflow/example_dags/example_python_decorator.py for tasks to queue
[2025-03-26T17:19:08.019+0000] {logging_mixin.py:190} INFO - [2025-03-26T17:19:08.018+0000] {dagbag.py:588} INFO - Filling up the DagBag from /home/ubuntu/customer_churn_youtube_venv/lib/python3.12/site-packages/airflow/example_dags/example_python_decorator.py
[2025-03-26T17:19:08.027+0000] {logging_mixin.py:190} INFO - [2025-03-26T17:19:08.027+0000] {example_python_decorator.py:80} WARNING - The virtalenv_python example task requires virtualenv, please install it.
[2025-03-26T17:19:08.029+0000] {processor.py:925} INFO - DAG(s) 'example_python_decorator' retrieved from /home/ubuntu/customer_churn_youtube_venv/lib/python3.12/site-packages/airflow/example_dags/example_python_decorator.py
[2025-03-26T17:19:08.045+0000] {logging_mixin.py:190} INFO - [2025-03-26T17:19:08.045+0000] {dag.py:3239} INFO - Sync 1 DAGs
[2025-03-26T17:19:08.056+0000] {logging_mixin.py:190} INFO - [2025-03-26T17:19:08.056+0000] {dag.py:4180} INFO - Setting next_dagrun for example_python_decorator to None, run_after=None
[2025-03-26T17:19:08.199+0000] {processor.py:208} INFO - Processing /home/ubuntu/customer_churn_youtube_venv/lib/python3.12/site-packages/airflow/example_dags/example_python_decorator.py took 0.189 seconds
[2025-03-26T17:20:08.724+0000] {processor.py:186} INFO - Started process (PID=6682) to work on /home/ubuntu/customer_churn_youtube_venv/lib/python3.12/site-packages/airflow/example_dags/example_python_decorator.py
[2025-03-26T17:20:08.726+0000] {processor.py:914} INFO - Processing file /home/ubuntu/customer_churn_youtube_venv/lib/python3.12/site-packages/airflow/example_dags/example_python_decorator.py for tasks to queue
[2025-03-26T17:20:08.728+0000] {logging_mixin.py:190} INFO - [2025-03-26T17:20:08.728+0000] {dagbag.py:588} INFO - Filling up the DagBag from /home/ubuntu/customer_churn_youtube_venv/lib/python3.12/site-packages/airflow/example_dags/example_python_decorator.py
[2025-03-26T17:20:08.737+0000] {logging_mixin.py:190} INFO - [2025-03-26T17:20:08.737+0000] {example_python_decorator.py:80} WARNING - The virtalenv_python example task requires virtualenv, please install it.
[2025-03-26T17:20:08.739+0000] {processor.py:925} INFO - DAG(s) 'example_python_decorator' retrieved from /home/ubuntu/customer_churn_youtube_venv/lib/python3.12/site-packages/airflow/example_dags/example_python_decorator.py
[2025-03-26T17:20:08.756+0000] {logging_mixin.py:190} INFO - [2025-03-26T17:20:08.756+0000] {dag.py:3239} INFO - Sync 1 DAGs
[2025-03-26T17:20:08.769+0000] {logging_mixin.py:190} INFO - [2025-03-26T17:20:08.768+0000] {dag.py:4180} INFO - Setting next_dagrun for example_python_decorator to None, run_after=None
[2025-03-26T17:20:08.792+0000] {processor.py:208} INFO - Processing /home/ubuntu/customer_churn_youtube_venv/lib/python3.12/site-packages/airflow/example_dags/example_python_decorator.py took 0.074 seconds
[2025-03-26T17:21:05.338+0000] {processor.py:186} INFO - Started process (PID=6739) to work on /home/ubuntu/customer_churn_youtube_venv/lib/python3.12/site-packages/airflow/example_dags/example_python_decorator.py
[2025-03-26T17:21:05.340+0000] {processor.py:914} INFO - Processing file /home/ubuntu/customer_churn_youtube_venv/lib/python3.12/site-packages/airflow/example_dags/example_python_decorator.py for tasks to queue
[2025-03-26T17:21:05.342+0000] {logging_mixin.py:190} INFO - [2025-03-26T17:21:05.342+0000] {dagbag.py:588} INFO - Filling up the DagBag from /home/ubuntu/customer_churn_youtube_venv/lib/python3.12/site-packages/airflow/example_dags/example_python_decorator.py
[2025-03-26T17:21:05.351+0000] {logging_mixin.py:190} INFO - [2025-03-26T17:21:05.350+0000] {example_python_decorator.py:80} WARNING - The virtalenv_python example task requires virtualenv, please install it.
[2025-03-26T17:21:05.353+0000] {processor.py:925} INFO - DAG(s) 'example_python_decorator' retrieved from /home/ubuntu/customer_churn_youtube_venv/lib/python3.12/site-packages/airflow/example_dags/example_python_decorator.py
[2025-03-26T17:21:05.370+0000] {logging_mixin.py:190} INFO - [2025-03-26T17:21:05.369+0000] {dag.py:3239} INFO - Sync 1 DAGs
[2025-03-26T17:21:05.382+0000] {logging_mixin.py:190} INFO - [2025-03-26T17:21:05.381+0000] {dag.py:4180} INFO - Setting next_dagrun for example_python_decorator to None, run_after=None
[2025-03-26T17:21:05.404+0000] {processor.py:208} INFO - Processing /home/ubuntu/customer_churn_youtube_venv/lib/python3.12/site-packages/airflow/example_dags/example_python_decorator.py took 0.071 seconds
[2025-03-26T17:21:57.884+0000] {processor.py:186} INFO - Started process (PID=6793) to work on /home/ubuntu/customer_churn_youtube_venv/lib/python3.12/site-packages/airflow/example_dags/example_python_decorator.py
[2025-03-26T17:21:57.886+0000] {processor.py:914} INFO - Processing file /home/ubuntu/customer_churn_youtube_venv/lib/python3.12/site-packages/airflow/example_dags/example_python_decorator.py for tasks to queue
[2025-03-26T17:21:57.887+0000] {logging_mixin.py:190} INFO - [2025-03-26T17:21:57.887+0000] {dagbag.py:588} INFO - Filling up the DagBag from /home/ubuntu/customer_churn_youtube_venv/lib/python3.12/site-packages/airflow/example_dags/example_python_decorator.py
[2025-03-26T17:21:57.896+0000] {logging_mixin.py:190} INFO - [2025-03-26T17:21:57.896+0000] {example_python_decorator.py:80} WARNING - The virtalenv_python example task requires virtualenv, please install it.
[2025-03-26T17:21:57.899+0000] {processor.py:925} INFO - DAG(s) 'example_python_decorator' retrieved from /home/ubuntu/customer_churn_youtube_venv/lib/python3.12/site-packages/airflow/example_dags/example_python_decorator.py
[2025-03-26T17:21:57.915+0000] {logging_mixin.py:190} INFO - [2025-03-26T17:21:57.914+0000] {dag.py:3239} INFO - Sync 1 DAGs
[2025-03-26T17:21:57.926+0000] {logging_mixin.py:190} INFO - [2025-03-26T17:21:57.926+0000] {dag.py:4180} INFO - Setting next_dagrun for example_python_decorator to None, run_after=None
[2025-03-26T17:21:57.948+0000] {processor.py:208} INFO - Processing /home/ubuntu/customer_churn_youtube_venv/lib/python3.12/site-packages/airflow/example_dags/example_python_decorator.py took 0.071 seconds
[2025-03-26T17:22:50.719+0000] {processor.py:186} INFO - Started process (PID=6847) to work on /home/ubuntu/customer_churn_youtube_venv/lib/python3.12/site-packages/airflow/example_dags/example_python_decorator.py
[2025-03-26T17:22:50.721+0000] {processor.py:914} INFO - Processing file /home/ubuntu/customer_churn_youtube_venv/lib/python3.12/site-packages/airflow/example_dags/example_python_decorator.py for tasks to queue
[2025-03-26T17:22:50.724+0000] {logging_mixin.py:190} INFO - [2025-03-26T17:22:50.723+0000] {dagbag.py:588} INFO - Filling up the DagBag from /home/ubuntu/customer_churn_youtube_venv/lib/python3.12/site-packages/airflow/example_dags/example_python_decorator.py
[2025-03-26T17:22:50.732+0000] {logging_mixin.py:190} INFO - [2025-03-26T17:22:50.731+0000] {example_python_decorator.py:80} WARNING - The virtalenv_python example task requires virtualenv, please install it.
[2025-03-26T17:22:50.734+0000] {processor.py:925} INFO - DAG(s) 'example_python_decorator' retrieved from /home/ubuntu/customer_churn_youtube_venv/lib/python3.12/site-packages/airflow/example_dags/example_python_decorator.py
[2025-03-26T17:22:50.751+0000] {logging_mixin.py:190} INFO - [2025-03-26T17:22:50.751+0000] {dag.py:3239} INFO - Sync 1 DAGs
[2025-03-26T17:22:50.763+0000] {logging_mixin.py:190} INFO - [2025-03-26T17:22:50.763+0000] {dag.py:4180} INFO - Setting next_dagrun for example_python_decorator to None, run_after=None
[2025-03-26T17:22:50.786+0000] {processor.py:208} INFO - Processing /home/ubuntu/customer_churn_youtube_venv/lib/python3.12/site-packages/airflow/example_dags/example_python_decorator.py took 0.072 seconds
[2025-03-26T17:23:42.375+0000] {processor.py:186} INFO - Started process (PID=6900) to work on /home/ubuntu/customer_churn_youtube_venv/lib/python3.12/site-packages/airflow/example_dags/example_python_decorator.py
[2025-03-26T17:23:42.376+0000] {processor.py:914} INFO - Processing file /home/ubuntu/customer_churn_youtube_venv/lib/python3.12/site-packages/airflow/example_dags/example_python_decorator.py for tasks to queue
[2025-03-26T17:23:42.378+0000] {logging_mixin.py:190} INFO - [2025-03-26T17:23:42.377+0000] {dagbag.py:588} INFO - Filling up the DagBag from /home/ubuntu/customer_churn_youtube_venv/lib/python3.12/site-packages/airflow/example_dags/example_python_decorator.py
[2025-03-26T17:23:42.387+0000] {logging_mixin.py:190} INFO - [2025-03-26T17:23:42.387+0000] {example_python_decorator.py:80} WARNING - The virtalenv_python example task requires virtualenv, please install it.
[2025-03-26T17:23:42.390+0000] {processor.py:925} INFO - DAG(s) 'example_python_decorator' retrieved from /home/ubuntu/customer_churn_youtube_venv/lib/python3.12/site-packages/airflow/example_dags/example_python_decorator.py
[2025-03-26T17:23:42.406+0000] {logging_mixin.py:190} INFO - [2025-03-26T17:23:42.406+0000] {dag.py:3239} INFO - Sync 1 DAGs
[2025-03-26T17:23:42.418+0000] {logging_mixin.py:190} INFO - [2025-03-26T17:23:42.418+0000] {dag.py:4180} INFO - Setting next_dagrun for example_python_decorator to None, run_after=None
[2025-03-26T17:23:42.443+0000] {processor.py:208} INFO - Processing /home/ubuntu/customer_churn_youtube_venv/lib/python3.12/site-packages/airflow/example_dags/example_python_decorator.py took 0.074 seconds
[2025-03-26T17:24:40.257+0000] {processor.py:186} INFO - Started process (PID=6960) to work on /home/ubuntu/customer_churn_youtube_venv/lib/python3.12/site-packages/airflow/example_dags/example_python_decorator.py
[2025-03-26T17:24:40.258+0000] {processor.py:914} INFO - Processing file /home/ubuntu/customer_churn_youtube_venv/lib/python3.12/site-packages/airflow/example_dags/example_python_decorator.py for tasks to queue
[2025-03-26T17:24:40.261+0000] {logging_mixin.py:190} INFO - [2025-03-26T17:24:40.260+0000] {dagbag.py:588} INFO - Filling up the DagBag from /home/ubuntu/customer_churn_youtube_venv/lib/python3.12/site-packages/airflow/example_dags/example_python_decorator.py
[2025-03-26T17:24:40.269+0000] {logging_mixin.py:190} INFO - [2025-03-26T17:24:40.269+0000] {example_python_decorator.py:80} WARNING - The virtalenv_python example task requires virtualenv, please install it.
[2025-03-26T17:24:40.271+0000] {processor.py:925} INFO - DAG(s) 'example_python_decorator' retrieved from /home/ubuntu/customer_churn_youtube_venv/lib/python3.12/site-packages/airflow/example_dags/example_python_decorator.py
[2025-03-26T17:24:40.288+0000] {logging_mixin.py:190} INFO - [2025-03-26T17:24:40.288+0000] {dag.py:3239} INFO - Sync 1 DAGs
[2025-03-26T17:24:40.300+0000] {logging_mixin.py:190} INFO - [2025-03-26T17:24:40.300+0000] {dag.py:4180} INFO - Setting next_dagrun for example_python_decorator to None, run_after=None
[2025-03-26T17:24:40.324+0000] {processor.py:208} INFO - Processing /home/ubuntu/customer_churn_youtube_venv/lib/python3.12/site-packages/airflow/example_dags/example_python_decorator.py took 0.071 seconds
[2025-03-26T17:25:30.710+0000] {processor.py:186} INFO - Started process (PID=7018) to work on /home/ubuntu/customer_churn_youtube_venv/lib/python3.12/site-packages/airflow/example_dags/example_python_decorator.py
[2025-03-26T17:25:30.712+0000] {processor.py:914} INFO - Processing file /home/ubuntu/customer_churn_youtube_venv/lib/python3.12/site-packages/airflow/example_dags/example_python_decorator.py for tasks to queue
[2025-03-26T17:25:30.715+0000] {logging_mixin.py:190} INFO - [2025-03-26T17:25:30.714+0000] {dagbag.py:588} INFO - Filling up the DagBag from /home/ubuntu/customer_churn_youtube_venv/lib/python3.12/site-packages/airflow/example_dags/example_python_decorator.py
[2025-03-26T17:25:30.723+0000] {logging_mixin.py:190} INFO - [2025-03-26T17:25:30.723+0000] {example_python_decorator.py:80} WARNING - The virtalenv_python example task requires virtualenv, please install it.
[2025-03-26T17:25:30.726+0000] {processor.py:925} INFO - DAG(s) 'example_python_decorator' retrieved from /home/ubuntu/customer_churn_youtube_venv/lib/python3.12/site-packages/airflow/example_dags/example_python_decorator.py
[2025-03-26T17:25:30.742+0000] {logging_mixin.py:190} INFO - [2025-03-26T17:25:30.742+0000] {dag.py:3239} INFO - Sync 1 DAGs
[2025-03-26T17:25:30.753+0000] {logging_mixin.py:190} INFO - [2025-03-26T17:25:30.752+0000] {dag.py:4180} INFO - Setting next_dagrun for example_python_decorator to None, run_after=None
[2025-03-26T17:25:30.774+0000] {processor.py:208} INFO - Processing /home/ubuntu/customer_churn_youtube_venv/lib/python3.12/site-packages/airflow/example_dags/example_python_decorator.py took 0.070 seconds
[2025-03-26T17:26:20.420+0000] {processor.py:186} INFO - Started process (PID=7069) to work on /home/ubuntu/customer_churn_youtube_venv/lib/python3.12/site-packages/airflow/example_dags/example_python_decorator.py
[2025-03-26T17:26:20.422+0000] {processor.py:914} INFO - Processing file /home/ubuntu/customer_churn_youtube_venv/lib/python3.12/site-packages/airflow/example_dags/example_python_decorator.py for tasks to queue
[2025-03-26T17:26:20.424+0000] {logging_mixin.py:190} INFO - [2025-03-26T17:26:20.423+0000] {dagbag.py:588} INFO - Filling up the DagBag from /home/ubuntu/customer_churn_youtube_venv/lib/python3.12/site-packages/airflow/example_dags/example_python_decorator.py
[2025-03-26T17:26:20.432+0000] {logging_mixin.py:190} INFO - [2025-03-26T17:26:20.432+0000] {example_python_decorator.py:80} WARNING - The virtalenv_python example task requires virtualenv, please install it.
[2025-03-26T17:26:20.434+0000] {processor.py:925} INFO - DAG(s) 'example_python_decorator' retrieved from /home/ubuntu/customer_churn_youtube_venv/lib/python3.12/site-packages/airflow/example_dags/example_python_decorator.py
[2025-03-26T17:26:20.452+0000] {logging_mixin.py:190} INFO - [2025-03-26T17:26:20.452+0000] {dag.py:3239} INFO - Sync 1 DAGs
[2025-03-26T17:26:20.464+0000] {logging_mixin.py:190} INFO - [2025-03-26T17:26:20.464+0000] {dag.py:4180} INFO - Setting next_dagrun for example_python_decorator to None, run_after=None
[2025-03-26T17:26:20.485+0000] {processor.py:208} INFO - Processing /home/ubuntu/customer_churn_youtube_venv/lib/python3.12/site-packages/airflow/example_dags/example_python_decorator.py took 0.070 seconds
[2025-03-26T17:27:12.298+0000] {processor.py:186} INFO - Started process (PID=7122) to work on /home/ubuntu/customer_churn_youtube_venv/lib/python3.12/site-packages/airflow/example_dags/example_python_decorator.py
[2025-03-26T17:27:12.299+0000] {processor.py:914} INFO - Processing file /home/ubuntu/customer_churn_youtube_venv/lib/python3.12/site-packages/airflow/example_dags/example_python_decorator.py for tasks to queue
[2025-03-26T17:27:12.301+0000] {logging_mixin.py:190} INFO - [2025-03-26T17:27:12.301+0000] {dagbag.py:588} INFO - Filling up the DagBag from /home/ubuntu/customer_churn_youtube_venv/lib/python3.12/site-packages/airflow/example_dags/example_python_decorator.py
[2025-03-26T17:27:12.310+0000] {logging_mixin.py:190} INFO - [2025-03-26T17:27:12.310+0000] {example_python_decorator.py:80} WARNING - The virtalenv_python example task requires virtualenv, please install it.
[2025-03-26T17:27:12.312+0000] {processor.py:925} INFO - DAG(s) 'example_python_decorator' retrieved from /home/ubuntu/customer_churn_youtube_venv/lib/python3.12/site-packages/airflow/example_dags/example_python_decorator.py
[2025-03-26T17:27:12.328+0000] {logging_mixin.py:190} INFO - [2025-03-26T17:27:12.327+0000] {dag.py:3239} INFO - Sync 1 DAGs
[2025-03-26T17:27:12.339+0000] {logging_mixin.py:190} INFO - [2025-03-26T17:27:12.339+0000] {dag.py:4180} INFO - Setting next_dagrun for example_python_decorator to None, run_after=None
[2025-03-26T17:27:12.361+0000] {processor.py:208} INFO - Processing /home/ubuntu/customer_churn_youtube_venv/lib/python3.12/site-packages/airflow/example_dags/example_python_decorator.py took 0.069 seconds
[2025-03-26T17:28:03.498+0000] {processor.py:186} INFO - Started process (PID=7219) to work on /home/ubuntu/customer_churn_youtube_venv/lib/python3.12/site-packages/airflow/example_dags/example_python_decorator.py
[2025-03-26T17:28:03.501+0000] {processor.py:914} INFO - Processing file /home/ubuntu/customer_churn_youtube_venv/lib/python3.12/site-packages/airflow/example_dags/example_python_decorator.py for tasks to queue
[2025-03-26T17:28:03.503+0000] {logging_mixin.py:190} INFO - [2025-03-26T17:28:03.502+0000] {dagbag.py:588} INFO - Filling up the DagBag from /home/ubuntu/customer_churn_youtube_venv/lib/python3.12/site-packages/airflow/example_dags/example_python_decorator.py
[2025-03-26T17:28:03.512+0000] {logging_mixin.py:190} INFO - [2025-03-26T17:28:03.512+0000] {example_python_decorator.py:80} WARNING - The virtalenv_python example task requires virtualenv, please install it.
[2025-03-26T17:28:03.514+0000] {processor.py:925} INFO - DAG(s) 'example_python_decorator' retrieved from /home/ubuntu/customer_churn_youtube_venv/lib/python3.12/site-packages/airflow/example_dags/example_python_decorator.py
[2025-03-26T17:28:03.531+0000] {logging_mixin.py:190} INFO - [2025-03-26T17:28:03.531+0000] {dag.py:3239} INFO - Sync 1 DAGs
[2025-03-26T17:28:03.543+0000] {logging_mixin.py:190} INFO - [2025-03-26T17:28:03.543+0000] {dag.py:4180} INFO - Setting next_dagrun for example_python_decorator to None, run_after=None
[2025-03-26T17:28:03.566+0000] {processor.py:208} INFO - Processing /home/ubuntu/customer_churn_youtube_venv/lib/python3.12/site-packages/airflow/example_dags/example_python_decorator.py took 0.074 seconds
[2025-03-26T17:28:53.991+0000] {processor.py:186} INFO - Started process (PID=7273) to work on /home/ubuntu/customer_churn_youtube_venv/lib/python3.12/site-packages/airflow/example_dags/example_python_decorator.py
[2025-03-26T17:28:53.993+0000] {processor.py:914} INFO - Processing file /home/ubuntu/customer_churn_youtube_venv/lib/python3.12/site-packages/airflow/example_dags/example_python_decorator.py for tasks to queue
[2025-03-26T17:28:53.995+0000] {logging_mixin.py:190} INFO - [2025-03-26T17:28:53.994+0000] {dagbag.py:588} INFO - Filling up the DagBag from /home/ubuntu/customer_churn_youtube_venv/lib/python3.12/site-packages/airflow/example_dags/example_python_decorator.py
[2025-03-26T17:28:54.004+0000] {logging_mixin.py:190} INFO - [2025-03-26T17:28:54.004+0000] {example_python_decorator.py:80} WARNING - The virtalenv_python example task requires virtualenv, please install it.
[2025-03-26T17:28:54.006+0000] {processor.py:925} INFO - DAG(s) 'example_python_decorator' retrieved from /home/ubuntu/customer_churn_youtube_venv/lib/python3.12/site-packages/airflow/example_dags/example_python_decorator.py
[2025-03-26T17:28:54.023+0000] {logging_mixin.py:190} INFO - [2025-03-26T17:28:54.023+0000] {dag.py:3239} INFO - Sync 1 DAGs
[2025-03-26T17:28:54.035+0000] {logging_mixin.py:190} INFO - [2025-03-26T17:28:54.034+0000] {dag.py:4180} INFO - Setting next_dagrun for example_python_decorator to None, run_after=None
[2025-03-26T17:28:54.056+0000] {processor.py:208} INFO - Processing /home/ubuntu/customer_churn_youtube_venv/lib/python3.12/site-packages/airflow/example_dags/example_python_decorator.py took 0.071 seconds
[2025-03-26T17:29:43.371+0000] {processor.py:186} INFO - Started process (PID=7326) to work on /home/ubuntu/customer_churn_youtube_venv/lib/python3.12/site-packages/airflow/example_dags/example_python_decorator.py
[2025-03-26T17:29:43.373+0000] {processor.py:914} INFO - Processing file /home/ubuntu/customer_churn_youtube_venv/lib/python3.12/site-packages/airflow/example_dags/example_python_decorator.py for tasks to queue
[2025-03-26T17:29:43.375+0000] {logging_mixin.py:190} INFO - [2025-03-26T17:29:43.375+0000] {dagbag.py:588} INFO - Filling up the DagBag from /home/ubuntu/customer_churn_youtube_venv/lib/python3.12/site-packages/airflow/example_dags/example_python_decorator.py
[2025-03-26T17:29:43.384+0000] {logging_mixin.py:190} INFO - [2025-03-26T17:29:43.384+0000] {example_python_decorator.py:80} WARNING - The virtalenv_python example task requires virtualenv, please install it.
[2025-03-26T17:29:43.386+0000] {processor.py:925} INFO - DAG(s) 'example_python_decorator' retrieved from /home/ubuntu/customer_churn_youtube_venv/lib/python3.12/site-packages/airflow/example_dags/example_python_decorator.py
[2025-03-26T17:29:43.404+0000] {logging_mixin.py:190} INFO - [2025-03-26T17:29:43.404+0000] {dag.py:3239} INFO - Sync 1 DAGs
[2025-03-26T17:29:43.415+0000] {logging_mixin.py:190} INFO - [2025-03-26T17:29:43.415+0000] {dag.py:4180} INFO - Setting next_dagrun for example_python_decorator to None, run_after=None
[2025-03-26T17:29:43.438+0000] {processor.py:208} INFO - Processing /home/ubuntu/customer_churn_youtube_venv/lib/python3.12/site-packages/airflow/example_dags/example_python_decorator.py took 0.073 seconds
[2025-03-26T17:30:32.494+0000] {processor.py:186} INFO - Started process (PID=7382) to work on /home/ubuntu/customer_churn_youtube_venv/lib/python3.12/site-packages/airflow/example_dags/example_python_decorator.py
[2025-03-26T17:30:32.496+0000] {processor.py:914} INFO - Processing file /home/ubuntu/customer_churn_youtube_venv/lib/python3.12/site-packages/airflow/example_dags/example_python_decorator.py for tasks to queue
[2025-03-26T17:30:32.498+0000] {logging_mixin.py:190} INFO - [2025-03-26T17:30:32.497+0000] {dagbag.py:588} INFO - Filling up the DagBag from /home/ubuntu/customer_churn_youtube_venv/lib/python3.12/site-packages/airflow/example_dags/example_python_decorator.py
[2025-03-26T17:30:32.506+0000] {logging_mixin.py:190} INFO - [2025-03-26T17:30:32.506+0000] {example_python_decorator.py:80} WARNING - The virtalenv_python example task requires virtualenv, please install it.
[2025-03-26T17:30:32.509+0000] {processor.py:925} INFO - DAG(s) 'example_python_decorator' retrieved from /home/ubuntu/customer_churn_youtube_venv/lib/python3.12/site-packages/airflow/example_dags/example_python_decorator.py
[2025-03-26T17:30:32.525+0000] {logging_mixin.py:190} INFO - [2025-03-26T17:30:32.525+0000] {dag.py:3239} INFO - Sync 1 DAGs
[2025-03-26T17:30:32.537+0000] {logging_mixin.py:190} INFO - [2025-03-26T17:30:32.537+0000] {dag.py:4180} INFO - Setting next_dagrun for example_python_decorator to None, run_after=None
[2025-03-26T17:30:32.561+0000] {processor.py:208} INFO - Processing /home/ubuntu/customer_churn_youtube_venv/lib/python3.12/site-packages/airflow/example_dags/example_python_decorator.py took 0.072 seconds
[2025-03-26T17:31:23.598+0000] {processor.py:186} INFO - Started process (PID=7434) to work on /home/ubuntu/customer_churn_youtube_venv/lib/python3.12/site-packages/airflow/example_dags/example_python_decorator.py
[2025-03-26T17:31:23.601+0000] {processor.py:914} INFO - Processing file /home/ubuntu/customer_churn_youtube_venv/lib/python3.12/site-packages/airflow/example_dags/example_python_decorator.py for tasks to queue
[2025-03-26T17:31:23.603+0000] {logging_mixin.py:190} INFO - [2025-03-26T17:31:23.603+0000] {dagbag.py:588} INFO - Filling up the DagBag from /home/ubuntu/customer_churn_youtube_venv/lib/python3.12/site-packages/airflow/example_dags/example_python_decorator.py
[2025-03-26T17:31:23.612+0000] {logging_mixin.py:190} INFO - [2025-03-26T17:31:23.612+0000] {example_python_decorator.py:80} WARNING - The virtalenv_python example task requires virtualenv, please install it.
[2025-03-26T17:31:23.614+0000] {processor.py:925} INFO - DAG(s) 'example_python_decorator' retrieved from /home/ubuntu/customer_churn_youtube_venv/lib/python3.12/site-packages/airflow/example_dags/example_python_decorator.py
[2025-03-26T17:31:23.631+0000] {logging_mixin.py:190} INFO - [2025-03-26T17:31:23.631+0000] {dag.py:3239} INFO - Sync 1 DAGs
[2025-03-26T17:31:23.643+0000] {logging_mixin.py:190} INFO - [2025-03-26T17:31:23.643+0000] {dag.py:4180} INFO - Setting next_dagrun for example_python_decorator to None, run_after=None
[2025-03-26T17:31:23.665+0000] {processor.py:208} INFO - Processing /home/ubuntu/customer_churn_youtube_venv/lib/python3.12/site-packages/airflow/example_dags/example_python_decorator.py took 0.072 seconds
[2025-03-26T17:32:14.089+0000] {processor.py:186} INFO - Started process (PID=7511) to work on /home/ubuntu/customer_churn_youtube_venv/lib/python3.12/site-packages/airflow/example_dags/example_python_decorator.py
[2025-03-26T17:32:14.091+0000] {processor.py:914} INFO - Processing file /home/ubuntu/customer_churn_youtube_venv/lib/python3.12/site-packages/airflow/example_dags/example_python_decorator.py for tasks to queue
[2025-03-26T17:32:14.092+0000] {logging_mixin.py:190} INFO - [2025-03-26T17:32:14.092+0000] {dagbag.py:588} INFO - Filling up the DagBag from /home/ubuntu/customer_churn_youtube_venv/lib/python3.12/site-packages/airflow/example_dags/example_python_decorator.py
[2025-03-26T17:32:14.101+0000] {logging_mixin.py:190} INFO - [2025-03-26T17:32:14.101+0000] {example_python_decorator.py:80} WARNING - The virtalenv_python example task requires virtualenv, please install it.
[2025-03-26T17:32:14.104+0000] {processor.py:925} INFO - DAG(s) 'example_python_decorator' retrieved from /home/ubuntu/customer_churn_youtube_venv/lib/python3.12/site-packages/airflow/example_dags/example_python_decorator.py
[2025-03-26T17:32:14.119+0000] {logging_mixin.py:190} INFO - [2025-03-26T17:32:14.119+0000] {dag.py:3239} INFO - Sync 1 DAGs
[2025-03-26T17:32:14.131+0000] {logging_mixin.py:190} INFO - [2025-03-26T17:32:14.130+0000] {dag.py:4180} INFO - Setting next_dagrun for example_python_decorator to None, run_after=None
[2025-03-26T17:32:14.153+0000] {processor.py:208} INFO - Processing /home/ubuntu/customer_churn_youtube_venv/lib/python3.12/site-packages/airflow/example_dags/example_python_decorator.py took 0.070 seconds
[2025-03-26T17:33:07.185+0000] {processor.py:186} INFO - Started process (PID=7581) to work on /home/ubuntu/customer_churn_youtube_venv/lib/python3.12/site-packages/airflow/example_dags/example_python_decorator.py
[2025-03-26T17:33:07.187+0000] {processor.py:914} INFO - Processing file /home/ubuntu/customer_churn_youtube_venv/lib/python3.12/site-packages/airflow/example_dags/example_python_decorator.py for tasks to queue
[2025-03-26T17:33:07.189+0000] {logging_mixin.py:190} INFO - [2025-03-26T17:33:07.189+0000] {dagbag.py:588} INFO - Filling up the DagBag from /home/ubuntu/customer_churn_youtube_venv/lib/python3.12/site-packages/airflow/example_dags/example_python_decorator.py
[2025-03-26T17:33:07.198+0000] {logging_mixin.py:190} INFO - [2025-03-26T17:33:07.198+0000] {example_python_decorator.py:80} WARNING - The virtalenv_python example task requires virtualenv, please install it.
[2025-03-26T17:33:07.201+0000] {processor.py:925} INFO - DAG(s) 'example_python_decorator' retrieved from /home/ubuntu/customer_churn_youtube_venv/lib/python3.12/site-packages/airflow/example_dags/example_python_decorator.py
[2025-03-26T17:33:07.217+0000] {logging_mixin.py:190} INFO - [2025-03-26T17:33:07.217+0000] {dag.py:3239} INFO - Sync 1 DAGs
[2025-03-26T17:33:07.229+0000] {logging_mixin.py:190} INFO - [2025-03-26T17:33:07.229+0000] {dag.py:4180} INFO - Setting next_dagrun for example_python_decorator to None, run_after=None
[2025-03-26T17:33:07.253+0000] {processor.py:208} INFO - Processing /home/ubuntu/customer_churn_youtube_venv/lib/python3.12/site-packages/airflow/example_dags/example_python_decorator.py took 0.073 seconds
[2025-03-26T17:33:57.327+0000] {processor.py:186} INFO - Started process (PID=7632) to work on /home/ubuntu/customer_churn_youtube_venv/lib/python3.12/site-packages/airflow/example_dags/example_python_decorator.py
[2025-03-26T17:33:57.329+0000] {processor.py:914} INFO - Processing file /home/ubuntu/customer_churn_youtube_venv/lib/python3.12/site-packages/airflow/example_dags/example_python_decorator.py for tasks to queue
[2025-03-26T17:33:57.331+0000] {logging_mixin.py:190} INFO - [2025-03-26T17:33:57.330+0000] {dagbag.py:588} INFO - Filling up the DagBag from /home/ubuntu/customer_churn_youtube_venv/lib/python3.12/site-packages/airflow/example_dags/example_python_decorator.py
[2025-03-26T17:33:57.339+0000] {logging_mixin.py:190} INFO - [2025-03-26T17:33:57.339+0000] {example_python_decorator.py:80} WARNING - The virtalenv_python example task requires virtualenv, please install it.
[2025-03-26T17:33:57.342+0000] {processor.py:925} INFO - DAG(s) 'example_python_decorator' retrieved from /home/ubuntu/customer_churn_youtube_venv/lib/python3.12/site-packages/airflow/example_dags/example_python_decorator.py
[2025-03-26T17:33:57.358+0000] {logging_mixin.py:190} INFO - [2025-03-26T17:33:57.358+0000] {dag.py:3239} INFO - Sync 1 DAGs
[2025-03-26T17:33:57.369+0000] {logging_mixin.py:190} INFO - [2025-03-26T17:33:57.368+0000] {dag.py:4180} INFO - Setting next_dagrun for example_python_decorator to None, run_after=None
[2025-03-26T17:33:57.390+0000] {processor.py:208} INFO - Processing /home/ubuntu/customer_churn_youtube_venv/lib/python3.12/site-packages/airflow/example_dags/example_python_decorator.py took 0.069 seconds
[2025-03-26T17:34:48.966+0000] {processor.py:186} INFO - Started process (PID=7687) to work on /home/ubuntu/customer_churn_youtube_venv/lib/python3.12/site-packages/airflow/example_dags/example_python_decorator.py
[2025-03-26T17:34:48.967+0000] {processor.py:914} INFO - Processing file /home/ubuntu/customer_churn_youtube_venv/lib/python3.12/site-packages/airflow/example_dags/example_python_decorator.py for tasks to queue
[2025-03-26T17:34:48.969+0000] {logging_mixin.py:190} INFO - [2025-03-26T17:34:48.969+0000] {dagbag.py:588} INFO - Filling up the DagBag from /home/ubuntu/customer_churn_youtube_venv/lib/python3.12/site-packages/airflow/example_dags/example_python_decorator.py
[2025-03-26T17:34:48.978+0000] {logging_mixin.py:190} INFO - [2025-03-26T17:34:48.978+0000] {example_python_decorator.py:80} WARNING - The virtalenv_python example task requires virtualenv, please install it.
[2025-03-26T17:34:48.981+0000] {processor.py:925} INFO - DAG(s) 'example_python_decorator' retrieved from /home/ubuntu/customer_churn_youtube_venv/lib/python3.12/site-packages/airflow/example_dags/example_python_decorator.py
[2025-03-26T17:34:48.997+0000] {logging_mixin.py:190} INFO - [2025-03-26T17:34:48.997+0000] {dag.py:3239} INFO - Sync 1 DAGs
[2025-03-26T17:34:49.010+0000] {logging_mixin.py:190} INFO - [2025-03-26T17:34:49.010+0000] {dag.py:4180} INFO - Setting next_dagrun for example_python_decorator to None, run_after=None
[2025-03-26T17:34:49.033+0000] {processor.py:208} INFO - Processing /home/ubuntu/customer_churn_youtube_venv/lib/python3.12/site-packages/airflow/example_dags/example_python_decorator.py took 0.072 seconds
[2025-03-26T17:35:43.018+0000] {processor.py:186} INFO - Started process (PID=7747) to work on /home/ubuntu/customer_churn_youtube_venv/lib/python3.12/site-packages/airflow/example_dags/example_python_decorator.py
[2025-03-26T17:35:43.020+0000] {processor.py:914} INFO - Processing file /home/ubuntu/customer_churn_youtube_venv/lib/python3.12/site-packages/airflow/example_dags/example_python_decorator.py for tasks to queue
[2025-03-26T17:35:43.022+0000] {logging_mixin.py:190} INFO - [2025-03-26T17:35:43.021+0000] {dagbag.py:588} INFO - Filling up the DagBag from /home/ubuntu/customer_churn_youtube_venv/lib/python3.12/site-packages/airflow/example_dags/example_python_decorator.py
[2025-03-26T17:35:43.031+0000] {logging_mixin.py:190} INFO - [2025-03-26T17:35:43.031+0000] {example_python_decorator.py:80} WARNING - The virtalenv_python example task requires virtualenv, please install it.
[2025-03-26T17:35:43.033+0000] {processor.py:925} INFO - DAG(s) 'example_python_decorator' retrieved from /home/ubuntu/customer_churn_youtube_venv/lib/python3.12/site-packages/airflow/example_dags/example_python_decorator.py
[2025-03-26T17:35:43.049+0000] {logging_mixin.py:190} INFO - [2025-03-26T17:35:43.049+0000] {dag.py:3239} INFO - Sync 1 DAGs
[2025-03-26T17:35:43.061+0000] {logging_mixin.py:190} INFO - [2025-03-26T17:35:43.061+0000] {dag.py:4180} INFO - Setting next_dagrun for example_python_decorator to None, run_after=None
[2025-03-26T17:35:43.085+0000] {processor.py:208} INFO - Processing /home/ubuntu/customer_churn_youtube_venv/lib/python3.12/site-packages/airflow/example_dags/example_python_decorator.py took 0.072 seconds
[2025-03-26T17:36:34.514+0000] {processor.py:186} INFO - Started process (PID=7803) to work on /home/ubuntu/customer_churn_youtube_venv/lib/python3.12/site-packages/airflow/example_dags/example_python_decorator.py
[2025-03-26T17:36:34.515+0000] {processor.py:914} INFO - Processing file /home/ubuntu/customer_churn_youtube_venv/lib/python3.12/site-packages/airflow/example_dags/example_python_decorator.py for tasks to queue
[2025-03-26T17:36:34.517+0000] {logging_mixin.py:190} INFO - [2025-03-26T17:36:34.517+0000] {dagbag.py:588} INFO - Filling up the DagBag from /home/ubuntu/customer_churn_youtube_venv/lib/python3.12/site-packages/airflow/example_dags/example_python_decorator.py
[2025-03-26T17:36:34.527+0000] {logging_mixin.py:190} INFO - [2025-03-26T17:36:34.526+0000] {example_python_decorator.py:80} WARNING - The virtalenv_python example task requires virtualenv, please install it.
[2025-03-26T17:36:34.529+0000] {processor.py:925} INFO - DAG(s) 'example_python_decorator' retrieved from /home/ubuntu/customer_churn_youtube_venv/lib/python3.12/site-packages/airflow/example_dags/example_python_decorator.py
[2025-03-26T17:36:34.546+0000] {logging_mixin.py:190} INFO - [2025-03-26T17:36:34.545+0000] {dag.py:3239} INFO - Sync 1 DAGs
[2025-03-26T17:36:34.557+0000] {logging_mixin.py:190} INFO - [2025-03-26T17:36:34.557+0000] {dag.py:4180} INFO - Setting next_dagrun for example_python_decorator to None, run_after=None
[2025-03-26T17:36:34.579+0000] {processor.py:208} INFO - Processing /home/ubuntu/customer_churn_youtube_venv/lib/python3.12/site-packages/airflow/example_dags/example_python_decorator.py took 0.071 seconds
