[2025-03-26T17:13:19.887+0000] {processor.py:186} INFO - Started process (PID=6268) to work on /home/ubuntu/customer_churn_youtube_venv/lib/python3.12/site-packages/airflow/example_dags/tutorial.py
[2025-03-26T17:13:19.887+0000] {processor.py:914} INFO - Processing file /home/ubuntu/customer_churn_youtube_venv/lib/python3.12/site-packages/airflow/example_dags/tutorial.py for tasks to queue
[2025-03-26T17:13:19.890+0000] {logging_mixin.py:190} INFO - [2025-03-26T17:13:19.888+0000] {dagbag.py:588} INFO - Filling up the DagBag from /home/ubuntu/customer_churn_youtube_venv/lib/python3.12/site-packages/airflow/example_dags/tutorial.py
[2025-03-26T17:13:19.898+0000] {processor.py:925} INFO - DAG(s) 'tutorial' retrieved from /home/ubuntu/customer_churn_youtube_venv/lib/python3.12/site-packages/airflow/example_dags/tutorial.py
[2025-03-26T17:13:20.003+0000] {logging_mixin.py:190} INFO - [2025-03-26T17:13:20.002+0000] {override.py:1930} INFO - Created Permission View: can edit on DAG:tutorial
[2025-03-26T17:13:20.017+0000] {logging_mixin.py:190} INFO - [2025-03-26T17:13:20.017+0000] {override.py:1930} INFO - Created Permission View: can read on DAG:tutorial
[2025-03-26T17:13:20.028+0000] {logging_mixin.py:190} INFO - [2025-03-26T17:13:20.028+0000] {override.py:1930} INFO - Created Permission View: can delete on DAG:tutorial
[2025-03-26T17:13:20.046+0000] {logging_mixin.py:190} INFO - [2025-03-26T17:13:20.046+0000] {override.py:1930} INFO - Created Permission View: menu access on DAG Run:tutorial
[2025-03-26T17:13:20.056+0000] {logging_mixin.py:190} INFO - [2025-03-26T17:13:20.055+0000] {override.py:1930} INFO - Created Permission View: can create on DAG Run:tutorial
[2025-03-26T17:13:20.068+0000] {logging_mixin.py:190} INFO - [2025-03-26T17:13:20.067+0000] {override.py:1930} INFO - Created Permission View: can delete on DAG Run:tutorial
[2025-03-26T17:13:20.077+0000] {logging_mixin.py:190} INFO - [2025-03-26T17:13:20.077+0000] {override.py:1930} INFO - Created Permission View: can read on DAG Run:tutorial
[2025-03-26T17:13:20.077+0000] {logging_mixin.py:190} INFO - [2025-03-26T17:13:20.077+0000] {dag.py:3239} INFO - Sync 1 DAGs
[2025-03-26T17:13:20.088+0000] {logging_mixin.py:190} INFO - [2025-03-26T17:13:20.088+0000] {dag.py:3262} INFO - Creating ORM DAG for tutorial
[2025-03-26T17:13:20.096+0000] {logging_mixin.py:190} INFO - [2025-03-26T17:13:20.095+0000] {dag.py:4180} INFO - Setting next_dagrun for tutorial to 2025-03-25 00:00:00+00:00, run_after=2025-03-26 00:00:00+00:00
[2025-03-26T17:13:20.116+0000] {processor.py:208} INFO - Processing /home/ubuntu/customer_churn_youtube_venv/lib/python3.12/site-packages/airflow/example_dags/tutorial.py took 0.234 seconds
[2025-03-26T17:14:29.238+0000] {processor.py:186} INFO - Started process (PID=6325) to work on /home/ubuntu/customer_churn_youtube_venv/lib/python3.12/site-packages/airflow/example_dags/tutorial.py
[2025-03-26T17:14:29.240+0000] {processor.py:914} INFO - Processing file /home/ubuntu/customer_churn_youtube_venv/lib/python3.12/site-packages/airflow/example_dags/tutorial.py for tasks to queue
[2025-03-26T17:14:29.243+0000] {logging_mixin.py:190} INFO - [2025-03-26T17:14:29.243+0000] {dagbag.py:588} INFO - Filling up the DagBag from /home/ubuntu/customer_churn_youtube_venv/lib/python3.12/site-packages/airflow/example_dags/tutorial.py
[2025-03-26T17:14:29.251+0000] {processor.py:925} INFO - DAG(s) 'tutorial' retrieved from /home/ubuntu/customer_churn_youtube_venv/lib/python3.12/site-packages/airflow/example_dags/tutorial.py
[2025-03-26T17:14:29.266+0000] {logging_mixin.py:190} INFO - [2025-03-26T17:14:29.266+0000] {dag.py:3239} INFO - Sync 1 DAGs
[2025-03-26T17:14:29.286+0000] {logging_mixin.py:190} INFO - [2025-03-26T17:14:29.285+0000] {dag.py:4180} INFO - Setting next_dagrun for tutorial to 2025-03-25 00:00:00+00:00, run_after=2025-03-26 00:00:00+00:00
[2025-03-26T17:14:29.307+0000] {processor.py:208} INFO - Processing /home/ubuntu/customer_churn_youtube_venv/lib/python3.12/site-packages/airflow/example_dags/tutorial.py took 0.074 seconds
[2025-03-26T17:15:25.275+0000] {processor.py:186} INFO - Started process (PID=6388) to work on /home/ubuntu/customer_churn_youtube_venv/lib/python3.12/site-packages/airflow/example_dags/tutorial.py
[2025-03-26T17:15:25.277+0000] {processor.py:914} INFO - Processing file /home/ubuntu/customer_churn_youtube_venv/lib/python3.12/site-packages/airflow/example_dags/tutorial.py for tasks to queue
[2025-03-26T17:15:25.280+0000] {logging_mixin.py:190} INFO - [2025-03-26T17:15:25.279+0000] {dagbag.py:588} INFO - Filling up the DagBag from /home/ubuntu/customer_churn_youtube_venv/lib/python3.12/site-packages/airflow/example_dags/tutorial.py
[2025-03-26T17:15:25.287+0000] {processor.py:925} INFO - DAG(s) 'tutorial' retrieved from /home/ubuntu/customer_churn_youtube_venv/lib/python3.12/site-packages/airflow/example_dags/tutorial.py
[2025-03-26T17:15:25.301+0000] {logging_mixin.py:190} INFO - [2025-03-26T17:15:25.301+0000] {dag.py:3239} INFO - Sync 1 DAGs
[2025-03-26T17:15:25.320+0000] {logging_mixin.py:190} INFO - [2025-03-26T17:15:25.320+0000] {dag.py:4180} INFO - Setting next_dagrun for tutorial to 2025-03-25 00:00:00+00:00, run_after=2025-03-26 00:00:00+00:00
[2025-03-26T17:15:25.344+0000] {processor.py:208} INFO - Processing /home/ubuntu/customer_churn_youtube_venv/lib/python3.12/site-packages/airflow/example_dags/tutorial.py took 0.074 seconds
[2025-03-26T17:16:16.731+0000] {processor.py:186} INFO - Started process (PID=6441) to work on /home/ubuntu/customer_churn_youtube_venv/lib/python3.12/site-packages/airflow/example_dags/tutorial.py
[2025-03-26T17:16:16.733+0000] {processor.py:914} INFO - Processing file /home/ubuntu/customer_churn_youtube_venv/lib/python3.12/site-packages/airflow/example_dags/tutorial.py for tasks to queue
[2025-03-26T17:16:16.735+0000] {logging_mixin.py:190} INFO - [2025-03-26T17:16:16.735+0000] {dagbag.py:588} INFO - Filling up the DagBag from /home/ubuntu/customer_churn_youtube_venv/lib/python3.12/site-packages/airflow/example_dags/tutorial.py
[2025-03-26T17:16:16.743+0000] {processor.py:925} INFO - DAG(s) 'tutorial' retrieved from /home/ubuntu/customer_churn_youtube_venv/lib/python3.12/site-packages/airflow/example_dags/tutorial.py
[2025-03-26T17:16:16.758+0000] {logging_mixin.py:190} INFO - [2025-03-26T17:16:16.757+0000] {dag.py:3239} INFO - Sync 1 DAGs
[2025-03-26T17:16:16.776+0000] {logging_mixin.py:190} INFO - [2025-03-26T17:16:16.776+0000] {dag.py:4180} INFO - Setting next_dagrun for tutorial to 2025-03-25 00:00:00+00:00, run_after=2025-03-26 00:00:00+00:00
[2025-03-26T17:16:16.798+0000] {processor.py:208} INFO - Processing /home/ubuntu/customer_churn_youtube_venv/lib/python3.12/site-packages/airflow/example_dags/tutorial.py took 0.072 seconds
[2025-03-26T17:17:11.028+0000] {processor.py:186} INFO - Started process (PID=6499) to work on /home/ubuntu/customer_churn_youtube_venv/lib/python3.12/site-packages/airflow/example_dags/tutorial.py
[2025-03-26T17:17:11.029+0000] {processor.py:914} INFO - Processing file /home/ubuntu/customer_churn_youtube_venv/lib/python3.12/site-packages/airflow/example_dags/tutorial.py for tasks to queue
[2025-03-26T17:17:11.031+0000] {logging_mixin.py:190} INFO - [2025-03-26T17:17:11.031+0000] {dagbag.py:588} INFO - Filling up the DagBag from /home/ubuntu/customer_churn_youtube_venv/lib/python3.12/site-packages/airflow/example_dags/tutorial.py
[2025-03-26T17:17:11.040+0000] {processor.py:925} INFO - DAG(s) 'tutorial' retrieved from /home/ubuntu/customer_churn_youtube_venv/lib/python3.12/site-packages/airflow/example_dags/tutorial.py
[2025-03-26T17:17:11.054+0000] {logging_mixin.py:190} INFO - [2025-03-26T17:17:11.054+0000] {dag.py:3239} INFO - Sync 1 DAGs
[2025-03-26T17:17:11.072+0000] {logging_mixin.py:190} INFO - [2025-03-26T17:17:11.072+0000] {dag.py:4180} INFO - Setting next_dagrun for tutorial to 2025-03-25 00:00:00+00:00, run_after=2025-03-26 00:00:00+00:00
[2025-03-26T17:17:11.094+0000] {processor.py:208} INFO - Processing /home/ubuntu/customer_churn_youtube_venv/lib/python3.12/site-packages/airflow/example_dags/tutorial.py took 0.073 seconds
[2025-03-26T17:18:03.547+0000] {processor.py:186} INFO - Started process (PID=6553) to work on /home/ubuntu/customer_churn_youtube_venv/lib/python3.12/site-packages/airflow/example_dags/tutorial.py
[2025-03-26T17:18:03.549+0000] {processor.py:914} INFO - Processing file /home/ubuntu/customer_churn_youtube_venv/lib/python3.12/site-packages/airflow/example_dags/tutorial.py for tasks to queue
[2025-03-26T17:18:03.550+0000] {logging_mixin.py:190} INFO - [2025-03-26T17:18:03.550+0000] {dagbag.py:588} INFO - Filling up the DagBag from /home/ubuntu/customer_churn_youtube_venv/lib/python3.12/site-packages/airflow/example_dags/tutorial.py
[2025-03-26T17:18:03.559+0000] {processor.py:925} INFO - DAG(s) 'tutorial' retrieved from /home/ubuntu/customer_churn_youtube_venv/lib/python3.12/site-packages/airflow/example_dags/tutorial.py
[2025-03-26T17:18:03.574+0000] {logging_mixin.py:190} INFO - [2025-03-26T17:18:03.573+0000] {dag.py:3239} INFO - Sync 1 DAGs
[2025-03-26T17:18:03.592+0000] {logging_mixin.py:190} INFO - [2025-03-26T17:18:03.592+0000] {dag.py:4180} INFO - Setting next_dagrun for tutorial to 2025-03-25 00:00:00+00:00, run_after=2025-03-26 00:00:00+00:00
[2025-03-26T17:18:03.614+0000] {processor.py:208} INFO - Processing /home/ubuntu/customer_churn_youtube_venv/lib/python3.12/site-packages/airflow/example_dags/tutorial.py took 0.073 seconds
[2025-03-26T17:18:57.137+0000] {processor.py:186} INFO - Started process (PID=6609) to work on /home/ubuntu/customer_churn_youtube_venv/lib/python3.12/site-packages/airflow/example_dags/tutorial.py
[2025-03-26T17:18:57.139+0000] {processor.py:914} INFO - Processing file /home/ubuntu/customer_churn_youtube_venv/lib/python3.12/site-packages/airflow/example_dags/tutorial.py for tasks to queue
[2025-03-26T17:18:57.141+0000] {logging_mixin.py:190} INFO - [2025-03-26T17:18:57.140+0000] {dagbag.py:588} INFO - Filling up the DagBag from /home/ubuntu/customer_churn_youtube_venv/lib/python3.12/site-packages/airflow/example_dags/tutorial.py
[2025-03-26T17:18:57.149+0000] {processor.py:925} INFO - DAG(s) 'tutorial' retrieved from /home/ubuntu/customer_churn_youtube_venv/lib/python3.12/site-packages/airflow/example_dags/tutorial.py
[2025-03-26T17:18:57.164+0000] {logging_mixin.py:190} INFO - [2025-03-26T17:18:57.164+0000] {dag.py:3239} INFO - Sync 1 DAGs
[2025-03-26T17:18:57.182+0000] {logging_mixin.py:190} INFO - [2025-03-26T17:18:57.182+0000] {dag.py:4180} INFO - Setting next_dagrun for tutorial to 2025-03-25 00:00:00+00:00, run_after=2025-03-26 00:00:00+00:00
[2025-03-26T17:18:57.319+0000] {processor.py:208} INFO - Processing /home/ubuntu/customer_churn_youtube_venv/lib/python3.12/site-packages/airflow/example_dags/tutorial.py took 0.187 seconds
[2025-03-26T17:19:57.307+0000] {processor.py:186} INFO - Started process (PID=6665) to work on /home/ubuntu/customer_churn_youtube_venv/lib/python3.12/site-packages/airflow/example_dags/tutorial.py
[2025-03-26T17:19:57.309+0000] {processor.py:914} INFO - Processing file /home/ubuntu/customer_churn_youtube_venv/lib/python3.12/site-packages/airflow/example_dags/tutorial.py for tasks to queue
[2025-03-26T17:19:57.311+0000] {logging_mixin.py:190} INFO - [2025-03-26T17:19:57.311+0000] {dagbag.py:588} INFO - Filling up the DagBag from /home/ubuntu/customer_churn_youtube_venv/lib/python3.12/site-packages/airflow/example_dags/tutorial.py
[2025-03-26T17:19:57.319+0000] {processor.py:925} INFO - DAG(s) 'tutorial' retrieved from /home/ubuntu/customer_churn_youtube_venv/lib/python3.12/site-packages/airflow/example_dags/tutorial.py
[2025-03-26T17:19:57.335+0000] {logging_mixin.py:190} INFO - [2025-03-26T17:19:57.335+0000] {dag.py:3239} INFO - Sync 1 DAGs
[2025-03-26T17:19:57.354+0000] {logging_mixin.py:190} INFO - [2025-03-26T17:19:57.354+0000] {dag.py:4180} INFO - Setting next_dagrun for tutorial to 2025-03-25 00:00:00+00:00, run_after=2025-03-26 00:00:00+00:00
[2025-03-26T17:19:57.376+0000] {processor.py:208} INFO - Processing /home/ubuntu/customer_churn_youtube_venv/lib/python3.12/site-packages/airflow/example_dags/tutorial.py took 0.075 seconds
[2025-03-26T17:20:54.176+0000] {processor.py:186} INFO - Started process (PID=6728) to work on /home/ubuntu/customer_churn_youtube_venv/lib/python3.12/site-packages/airflow/example_dags/tutorial.py
[2025-03-26T17:20:54.178+0000] {processor.py:914} INFO - Processing file /home/ubuntu/customer_churn_youtube_venv/lib/python3.12/site-packages/airflow/example_dags/tutorial.py for tasks to queue
[2025-03-26T17:20:54.180+0000] {logging_mixin.py:190} INFO - [2025-03-26T17:20:54.180+0000] {dagbag.py:588} INFO - Filling up the DagBag from /home/ubuntu/customer_churn_youtube_venv/lib/python3.12/site-packages/airflow/example_dags/tutorial.py
[2025-03-26T17:20:54.189+0000] {processor.py:925} INFO - DAG(s) 'tutorial' retrieved from /home/ubuntu/customer_churn_youtube_venv/lib/python3.12/site-packages/airflow/example_dags/tutorial.py
[2025-03-26T17:20:54.204+0000] {logging_mixin.py:190} INFO - [2025-03-26T17:20:54.204+0000] {dag.py:3239} INFO - Sync 1 DAGs
[2025-03-26T17:20:54.223+0000] {logging_mixin.py:190} INFO - [2025-03-26T17:20:54.223+0000] {dag.py:4180} INFO - Setting next_dagrun for tutorial to 2025-03-25 00:00:00+00:00, run_after=2025-03-26 00:00:00+00:00
[2025-03-26T17:20:54.245+0000] {processor.py:208} INFO - Processing /home/ubuntu/customer_churn_youtube_venv/lib/python3.12/site-packages/airflow/example_dags/tutorial.py took 0.075 seconds
[2025-03-26T17:21:47.585+0000] {processor.py:186} INFO - Started process (PID=6782) to work on /home/ubuntu/customer_churn_youtube_venv/lib/python3.12/site-packages/airflow/example_dags/tutorial.py
[2025-03-26T17:21:47.587+0000] {processor.py:914} INFO - Processing file /home/ubuntu/customer_churn_youtube_venv/lib/python3.12/site-packages/airflow/example_dags/tutorial.py for tasks to queue
[2025-03-26T17:21:47.590+0000] {logging_mixin.py:190} INFO - [2025-03-26T17:21:47.589+0000] {dagbag.py:588} INFO - Filling up the DagBag from /home/ubuntu/customer_churn_youtube_venv/lib/python3.12/site-packages/airflow/example_dags/tutorial.py
[2025-03-26T17:21:47.597+0000] {processor.py:925} INFO - DAG(s) 'tutorial' retrieved from /home/ubuntu/customer_churn_youtube_venv/lib/python3.12/site-packages/airflow/example_dags/tutorial.py
[2025-03-26T17:21:47.613+0000] {logging_mixin.py:190} INFO - [2025-03-26T17:21:47.612+0000] {dag.py:3239} INFO - Sync 1 DAGs
[2025-03-26T17:21:47.631+0000] {logging_mixin.py:190} INFO - [2025-03-26T17:21:47.631+0000] {dag.py:4180} INFO - Setting next_dagrun for tutorial to 2025-03-25 00:00:00+00:00, run_after=2025-03-26 00:00:00+00:00
[2025-03-26T17:21:47.652+0000] {processor.py:208} INFO - Processing /home/ubuntu/customer_churn_youtube_venv/lib/python3.12/site-packages/airflow/example_dags/tutorial.py took 0.072 seconds
[2025-03-26T17:22:39.272+0000] {processor.py:186} INFO - Started process (PID=6836) to work on /home/ubuntu/customer_churn_youtube_venv/lib/python3.12/site-packages/airflow/example_dags/tutorial.py
[2025-03-26T17:22:39.273+0000] {processor.py:914} INFO - Processing file /home/ubuntu/customer_churn_youtube_venv/lib/python3.12/site-packages/airflow/example_dags/tutorial.py for tasks to queue
[2025-03-26T17:22:39.276+0000] {logging_mixin.py:190} INFO - [2025-03-26T17:22:39.276+0000] {dagbag.py:588} INFO - Filling up the DagBag from /home/ubuntu/customer_churn_youtube_venv/lib/python3.12/site-packages/airflow/example_dags/tutorial.py
[2025-03-26T17:22:39.284+0000] {processor.py:925} INFO - DAG(s) 'tutorial' retrieved from /home/ubuntu/customer_churn_youtube_venv/lib/python3.12/site-packages/airflow/example_dags/tutorial.py
[2025-03-26T17:22:39.300+0000] {logging_mixin.py:190} INFO - [2025-03-26T17:22:39.300+0000] {dag.py:3239} INFO - Sync 1 DAGs
[2025-03-26T17:22:39.320+0000] {logging_mixin.py:190} INFO - [2025-03-26T17:22:39.320+0000] {dag.py:4180} INFO - Setting next_dagrun for tutorial to 2025-03-25 00:00:00+00:00, run_after=2025-03-26 00:00:00+00:00
[2025-03-26T17:22:39.342+0000] {processor.py:208} INFO - Processing /home/ubuntu/customer_churn_youtube_venv/lib/python3.12/site-packages/airflow/example_dags/tutorial.py took 0.076 seconds
[2025-03-26T17:23:30.927+0000] {processor.py:186} INFO - Started process (PID=6889) to work on /home/ubuntu/customer_churn_youtube_venv/lib/python3.12/site-packages/airflow/example_dags/tutorial.py
[2025-03-26T17:23:30.929+0000] {processor.py:914} INFO - Processing file /home/ubuntu/customer_churn_youtube_venv/lib/python3.12/site-packages/airflow/example_dags/tutorial.py for tasks to queue
[2025-03-26T17:23:30.931+0000] {logging_mixin.py:190} INFO - [2025-03-26T17:23:30.930+0000] {dagbag.py:588} INFO - Filling up the DagBag from /home/ubuntu/customer_churn_youtube_venv/lib/python3.12/site-packages/airflow/example_dags/tutorial.py
[2025-03-26T17:23:30.940+0000] {processor.py:925} INFO - DAG(s) 'tutorial' retrieved from /home/ubuntu/customer_churn_youtube_venv/lib/python3.12/site-packages/airflow/example_dags/tutorial.py
[2025-03-26T17:23:30.955+0000] {logging_mixin.py:190} INFO - [2025-03-26T17:23:30.955+0000] {dag.py:3239} INFO - Sync 1 DAGs
[2025-03-26T17:23:30.975+0000] {logging_mixin.py:190} INFO - [2025-03-26T17:23:30.974+0000] {dag.py:4180} INFO - Setting next_dagrun for tutorial to 2025-03-25 00:00:00+00:00, run_after=2025-03-26 00:00:00+00:00
[2025-03-26T17:23:30.996+0000] {processor.py:208} INFO - Processing /home/ubuntu/customer_churn_youtube_venv/lib/python3.12/site-packages/airflow/example_dags/tutorial.py took 0.074 seconds
[2025-03-26T17:24:21.932+0000] {processor.py:186} INFO - Started process (PID=6942) to work on /home/ubuntu/customer_churn_youtube_venv/lib/python3.12/site-packages/airflow/example_dags/tutorial.py
[2025-03-26T17:24:21.933+0000] {processor.py:914} INFO - Processing file /home/ubuntu/customer_churn_youtube_venv/lib/python3.12/site-packages/airflow/example_dags/tutorial.py for tasks to queue
[2025-03-26T17:24:21.935+0000] {logging_mixin.py:190} INFO - [2025-03-26T17:24:21.934+0000] {dagbag.py:588} INFO - Filling up the DagBag from /home/ubuntu/customer_churn_youtube_venv/lib/python3.12/site-packages/airflow/example_dags/tutorial.py
[2025-03-26T17:24:21.944+0000] {processor.py:925} INFO - DAG(s) 'tutorial' retrieved from /home/ubuntu/customer_churn_youtube_venv/lib/python3.12/site-packages/airflow/example_dags/tutorial.py
[2025-03-26T17:24:21.959+0000] {logging_mixin.py:190} INFO - [2025-03-26T17:24:21.959+0000] {dag.py:3239} INFO - Sync 1 DAGs
[2025-03-26T17:24:21.987+0000] {logging_mixin.py:190} INFO - [2025-03-26T17:24:21.986+0000] {dag.py:4180} INFO - Setting next_dagrun for tutorial to 2025-03-25 00:00:00+00:00, run_after=2025-03-26 00:00:00+00:00
[2025-03-26T17:24:22.007+0000] {processor.py:208} INFO - Processing /home/ubuntu/customer_churn_youtube_venv/lib/python3.12/site-packages/airflow/example_dags/tutorial.py took 0.081 seconds
[2025-03-26T17:25:12.396+0000] {processor.py:186} INFO - Started process (PID=6998) to work on /home/ubuntu/customer_churn_youtube_venv/lib/python3.12/site-packages/airflow/example_dags/tutorial.py
[2025-03-26T17:25:12.398+0000] {processor.py:914} INFO - Processing file /home/ubuntu/customer_churn_youtube_venv/lib/python3.12/site-packages/airflow/example_dags/tutorial.py for tasks to queue
[2025-03-26T17:25:12.400+0000] {logging_mixin.py:190} INFO - [2025-03-26T17:25:12.399+0000] {dagbag.py:588} INFO - Filling up the DagBag from /home/ubuntu/customer_churn_youtube_venv/lib/python3.12/site-packages/airflow/example_dags/tutorial.py
[2025-03-26T17:25:12.409+0000] {processor.py:925} INFO - DAG(s) 'tutorial' retrieved from /home/ubuntu/customer_churn_youtube_venv/lib/python3.12/site-packages/airflow/example_dags/tutorial.py
[2025-03-26T17:25:12.423+0000] {logging_mixin.py:190} INFO - [2025-03-26T17:25:12.423+0000] {dag.py:3239} INFO - Sync 1 DAGs
[2025-03-26T17:25:12.444+0000] {logging_mixin.py:190} INFO - [2025-03-26T17:25:12.444+0000] {dag.py:4180} INFO - Setting next_dagrun for tutorial to 2025-03-25 00:00:00+00:00, run_after=2025-03-26 00:00:00+00:00
[2025-03-26T17:25:12.465+0000] {processor.py:208} INFO - Processing /home/ubuntu/customer_churn_youtube_venv/lib/python3.12/site-packages/airflow/example_dags/tutorial.py took 0.075 seconds
[2025-03-26T17:26:00.407+0000] {processor.py:186} INFO - Started process (PID=7049) to work on /home/ubuntu/customer_churn_youtube_venv/lib/python3.12/site-packages/airflow/example_dags/tutorial.py
[2025-03-26T17:26:00.409+0000] {processor.py:914} INFO - Processing file /home/ubuntu/customer_churn_youtube_venv/lib/python3.12/site-packages/airflow/example_dags/tutorial.py for tasks to queue
[2025-03-26T17:26:00.411+0000] {logging_mixin.py:190} INFO - [2025-03-26T17:26:00.410+0000] {dagbag.py:588} INFO - Filling up the DagBag from /home/ubuntu/customer_churn_youtube_venv/lib/python3.12/site-packages/airflow/example_dags/tutorial.py
[2025-03-26T17:26:00.419+0000] {processor.py:925} INFO - DAG(s) 'tutorial' retrieved from /home/ubuntu/customer_churn_youtube_venv/lib/python3.12/site-packages/airflow/example_dags/tutorial.py
[2025-03-26T17:26:00.435+0000] {logging_mixin.py:190} INFO - [2025-03-26T17:26:00.434+0000] {dag.py:3239} INFO - Sync 1 DAGs
[2025-03-26T17:26:00.454+0000] {logging_mixin.py:190} INFO - [2025-03-26T17:26:00.453+0000] {dag.py:4180} INFO - Setting next_dagrun for tutorial to 2025-03-25 00:00:00+00:00, run_after=2025-03-26 00:00:00+00:00
[2025-03-26T17:26:00.476+0000] {processor.py:208} INFO - Processing /home/ubuntu/customer_churn_youtube_venv/lib/python3.12/site-packages/airflow/example_dags/tutorial.py took 0.074 seconds
[2025-03-26T17:26:51.998+0000] {processor.py:186} INFO - Started process (PID=7101) to work on /home/ubuntu/customer_churn_youtube_venv/lib/python3.12/site-packages/airflow/example_dags/tutorial.py
[2025-03-26T17:26:51.999+0000] {processor.py:914} INFO - Processing file /home/ubuntu/customer_churn_youtube_venv/lib/python3.12/site-packages/airflow/example_dags/tutorial.py for tasks to queue
[2025-03-26T17:26:52.001+0000] {logging_mixin.py:190} INFO - [2025-03-26T17:26:52.001+0000] {dagbag.py:588} INFO - Filling up the DagBag from /home/ubuntu/customer_churn_youtube_venv/lib/python3.12/site-packages/airflow/example_dags/tutorial.py
[2025-03-26T17:26:52.011+0000] {processor.py:925} INFO - DAG(s) 'tutorial' retrieved from /home/ubuntu/customer_churn_youtube_venv/lib/python3.12/site-packages/airflow/example_dags/tutorial.py
[2025-03-26T17:26:52.026+0000] {logging_mixin.py:190} INFO - [2025-03-26T17:26:52.026+0000] {dag.py:3239} INFO - Sync 1 DAGs
[2025-03-26T17:26:52.045+0000] {logging_mixin.py:190} INFO - [2025-03-26T17:26:52.045+0000] {dag.py:4180} INFO - Setting next_dagrun for tutorial to 2025-03-25 00:00:00+00:00, run_after=2025-03-26 00:00:00+00:00
[2025-03-26T17:26:52.066+0000] {processor.py:208} INFO - Processing /home/ubuntu/customer_churn_youtube_venv/lib/python3.12/site-packages/airflow/example_dags/tutorial.py took 0.074 seconds
[2025-03-26T17:27:44.634+0000] {processor.py:186} INFO - Started process (PID=7201) to work on /home/ubuntu/customer_churn_youtube_venv/lib/python3.12/site-packages/airflow/example_dags/tutorial.py
[2025-03-26T17:27:44.635+0000] {processor.py:914} INFO - Processing file /home/ubuntu/customer_churn_youtube_venv/lib/python3.12/site-packages/airflow/example_dags/tutorial.py for tasks to queue
[2025-03-26T17:27:44.637+0000] {logging_mixin.py:190} INFO - [2025-03-26T17:27:44.637+0000] {dagbag.py:588} INFO - Filling up the DagBag from /home/ubuntu/customer_churn_youtube_venv/lib/python3.12/site-packages/airflow/example_dags/tutorial.py
[2025-03-26T17:27:44.645+0000] {processor.py:925} INFO - DAG(s) 'tutorial' retrieved from /home/ubuntu/customer_churn_youtube_venv/lib/python3.12/site-packages/airflow/example_dags/tutorial.py
[2025-03-26T17:27:44.660+0000] {logging_mixin.py:190} INFO - [2025-03-26T17:27:44.660+0000] {dag.py:3239} INFO - Sync 1 DAGs
[2025-03-26T17:27:44.679+0000] {logging_mixin.py:190} INFO - [2025-03-26T17:27:44.678+0000] {dag.py:4180} INFO - Setting next_dagrun for tutorial to 2025-03-25 00:00:00+00:00, run_after=2025-03-26 00:00:00+00:00
[2025-03-26T17:27:44.699+0000] {processor.py:208} INFO - Processing /home/ubuntu/customer_churn_youtube_venv/lib/python3.12/site-packages/airflow/example_dags/tutorial.py took 0.071 seconds
[2025-03-26T17:28:35.185+0000] {processor.py:186} INFO - Started process (PID=7255) to work on /home/ubuntu/customer_churn_youtube_venv/lib/python3.12/site-packages/airflow/example_dags/tutorial.py
[2025-03-26T17:28:35.188+0000] {processor.py:914} INFO - Processing file /home/ubuntu/customer_churn_youtube_venv/lib/python3.12/site-packages/airflow/example_dags/tutorial.py for tasks to queue
[2025-03-26T17:28:35.190+0000] {logging_mixin.py:190} INFO - [2025-03-26T17:28:35.189+0000] {dagbag.py:588} INFO - Filling up the DagBag from /home/ubuntu/customer_churn_youtube_venv/lib/python3.12/site-packages/airflow/example_dags/tutorial.py
[2025-03-26T17:28:35.198+0000] {processor.py:925} INFO - DAG(s) 'tutorial' retrieved from /home/ubuntu/customer_churn_youtube_venv/lib/python3.12/site-packages/airflow/example_dags/tutorial.py
[2025-03-26T17:28:35.213+0000] {logging_mixin.py:190} INFO - [2025-03-26T17:28:35.213+0000] {dag.py:3239} INFO - Sync 1 DAGs
[2025-03-26T17:28:35.232+0000] {logging_mixin.py:190} INFO - [2025-03-26T17:28:35.232+0000] {dag.py:4180} INFO - Setting next_dagrun for tutorial to 2025-03-25 00:00:00+00:00, run_after=2025-03-26 00:00:00+00:00
[2025-03-26T17:28:35.256+0000] {processor.py:208} INFO - Processing /home/ubuntu/customer_churn_youtube_venv/lib/python3.12/site-packages/airflow/example_dags/tutorial.py took 0.076 seconds
[2025-03-26T17:29:26.189+0000] {processor.py:186} INFO - Started process (PID=7307) to work on /home/ubuntu/customer_churn_youtube_venv/lib/python3.12/site-packages/airflow/example_dags/tutorial.py
[2025-03-26T17:29:26.192+0000] {processor.py:914} INFO - Processing file /home/ubuntu/customer_churn_youtube_venv/lib/python3.12/site-packages/airflow/example_dags/tutorial.py for tasks to queue
[2025-03-26T17:29:26.194+0000] {logging_mixin.py:190} INFO - [2025-03-26T17:29:26.193+0000] {dagbag.py:588} INFO - Filling up the DagBag from /home/ubuntu/customer_churn_youtube_venv/lib/python3.12/site-packages/airflow/example_dags/tutorial.py
[2025-03-26T17:29:26.203+0000] {processor.py:925} INFO - DAG(s) 'tutorial' retrieved from /home/ubuntu/customer_churn_youtube_venv/lib/python3.12/site-packages/airflow/example_dags/tutorial.py
[2025-03-26T17:29:26.219+0000] {logging_mixin.py:190} INFO - [2025-03-26T17:29:26.219+0000] {dag.py:3239} INFO - Sync 1 DAGs
[2025-03-26T17:29:26.237+0000] {logging_mixin.py:190} INFO - [2025-03-26T17:29:26.237+0000] {dag.py:4180} INFO - Setting next_dagrun for tutorial to 2025-03-25 00:00:00+00:00, run_after=2025-03-26 00:00:00+00:00
[2025-03-26T17:29:26.259+0000] {processor.py:208} INFO - Processing /home/ubuntu/customer_churn_youtube_venv/lib/python3.12/site-packages/airflow/example_dags/tutorial.py took 0.075 seconds
[2025-03-26T17:30:13.988+0000] {processor.py:186} INFO - Started process (PID=7363) to work on /home/ubuntu/customer_churn_youtube_venv/lib/python3.12/site-packages/airflow/example_dags/tutorial.py
[2025-03-26T17:30:13.989+0000] {processor.py:914} INFO - Processing file /home/ubuntu/customer_churn_youtube_venv/lib/python3.12/site-packages/airflow/example_dags/tutorial.py for tasks to queue
[2025-03-26T17:30:13.991+0000] {logging_mixin.py:190} INFO - [2025-03-26T17:30:13.991+0000] {dagbag.py:588} INFO - Filling up the DagBag from /home/ubuntu/customer_churn_youtube_venv/lib/python3.12/site-packages/airflow/example_dags/tutorial.py
[2025-03-26T17:30:14.000+0000] {processor.py:925} INFO - DAG(s) 'tutorial' retrieved from /home/ubuntu/customer_churn_youtube_venv/lib/python3.12/site-packages/airflow/example_dags/tutorial.py
[2025-03-26T17:30:14.017+0000] {logging_mixin.py:190} INFO - [2025-03-26T17:30:14.016+0000] {dag.py:3239} INFO - Sync 1 DAGs
[2025-03-26T17:30:14.035+0000] {logging_mixin.py:190} INFO - [2025-03-26T17:30:14.035+0000] {dag.py:4180} INFO - Setting next_dagrun for tutorial to 2025-03-25 00:00:00+00:00, run_after=2025-03-26 00:00:00+00:00
[2025-03-26T17:30:14.057+0000] {processor.py:208} INFO - Processing /home/ubuntu/customer_churn_youtube_venv/lib/python3.12/site-packages/airflow/example_dags/tutorial.py took 0.076 seconds
[2025-03-26T17:31:04.149+0000] {processor.py:186} INFO - Started process (PID=7414) to work on /home/ubuntu/customer_churn_youtube_venv/lib/python3.12/site-packages/airflow/example_dags/tutorial.py
[2025-03-26T17:31:04.152+0000] {processor.py:914} INFO - Processing file /home/ubuntu/customer_churn_youtube_venv/lib/python3.12/site-packages/airflow/example_dags/tutorial.py for tasks to queue
[2025-03-26T17:31:04.153+0000] {logging_mixin.py:190} INFO - [2025-03-26T17:31:04.153+0000] {dagbag.py:588} INFO - Filling up the DagBag from /home/ubuntu/customer_churn_youtube_venv/lib/python3.12/site-packages/airflow/example_dags/tutorial.py
[2025-03-26T17:31:04.162+0000] {processor.py:925} INFO - DAG(s) 'tutorial' retrieved from /home/ubuntu/customer_churn_youtube_venv/lib/python3.12/site-packages/airflow/example_dags/tutorial.py
[2025-03-26T17:31:04.177+0000] {logging_mixin.py:190} INFO - [2025-03-26T17:31:04.177+0000] {dag.py:3239} INFO - Sync 1 DAGs
[2025-03-26T17:31:04.197+0000] {logging_mixin.py:190} INFO - [2025-03-26T17:31:04.197+0000] {dag.py:4180} INFO - Setting next_dagrun for tutorial to 2025-03-25 00:00:00+00:00, run_after=2025-03-26 00:00:00+00:00
[2025-03-26T17:31:04.219+0000] {processor.py:208} INFO - Processing /home/ubuntu/customer_churn_youtube_venv/lib/python3.12/site-packages/airflow/example_dags/tutorial.py took 0.075 seconds
[2025-03-26T17:31:55.768+0000] {processor.py:186} INFO - Started process (PID=7467) to work on /home/ubuntu/customer_churn_youtube_venv/lib/python3.12/site-packages/airflow/example_dags/tutorial.py
[2025-03-26T17:31:55.770+0000] {processor.py:914} INFO - Processing file /home/ubuntu/customer_churn_youtube_venv/lib/python3.12/site-packages/airflow/example_dags/tutorial.py for tasks to queue
[2025-03-26T17:31:55.771+0000] {logging_mixin.py:190} INFO - [2025-03-26T17:31:55.771+0000] {dagbag.py:588} INFO - Filling up the DagBag from /home/ubuntu/customer_churn_youtube_venv/lib/python3.12/site-packages/airflow/example_dags/tutorial.py
[2025-03-26T17:31:55.780+0000] {processor.py:925} INFO - DAG(s) 'tutorial' retrieved from /home/ubuntu/customer_churn_youtube_venv/lib/python3.12/site-packages/airflow/example_dags/tutorial.py
[2025-03-26T17:31:55.795+0000] {logging_mixin.py:190} INFO - [2025-03-26T17:31:55.795+0000] {dag.py:3239} INFO - Sync 1 DAGs
[2025-03-26T17:31:55.815+0000] {logging_mixin.py:190} INFO - [2025-03-26T17:31:55.814+0000] {dag.py:4180} INFO - Setting next_dagrun for tutorial to 2025-03-25 00:00:00+00:00, run_after=2025-03-26 00:00:00+00:00
[2025-03-26T17:31:55.836+0000] {processor.py:208} INFO - Processing /home/ubuntu/customer_churn_youtube_venv/lib/python3.12/site-packages/airflow/example_dags/tutorial.py took 0.074 seconds
[2025-03-26T17:32:47.374+0000] {processor.py:186} INFO - Started process (PID=7560) to work on /home/ubuntu/customer_churn_youtube_venv/lib/python3.12/site-packages/airflow/example_dags/tutorial.py
[2025-03-26T17:32:47.375+0000] {processor.py:914} INFO - Processing file /home/ubuntu/customer_churn_youtube_venv/lib/python3.12/site-packages/airflow/example_dags/tutorial.py for tasks to queue
[2025-03-26T17:32:47.377+0000] {logging_mixin.py:190} INFO - [2025-03-26T17:32:47.377+0000] {dagbag.py:588} INFO - Filling up the DagBag from /home/ubuntu/customer_churn_youtube_venv/lib/python3.12/site-packages/airflow/example_dags/tutorial.py
[2025-03-26T17:32:47.386+0000] {processor.py:925} INFO - DAG(s) 'tutorial' retrieved from /home/ubuntu/customer_churn_youtube_venv/lib/python3.12/site-packages/airflow/example_dags/tutorial.py
[2025-03-26T17:32:47.401+0000] {logging_mixin.py:190} INFO - [2025-03-26T17:32:47.401+0000] {dag.py:3239} INFO - Sync 1 DAGs
[2025-03-26T17:32:47.419+0000] {logging_mixin.py:190} INFO - [2025-03-26T17:32:47.419+0000] {dag.py:4180} INFO - Setting next_dagrun for tutorial to 2025-03-25 00:00:00+00:00, run_after=2025-03-26 00:00:00+00:00
[2025-03-26T17:32:47.440+0000] {processor.py:208} INFO - Processing /home/ubuntu/customer_churn_youtube_venv/lib/python3.12/site-packages/airflow/example_dags/tutorial.py took 0.072 seconds
[2025-03-26T17:33:39.007+0000] {processor.py:186} INFO - Started process (PID=7614) to work on /home/ubuntu/customer_churn_youtube_venv/lib/python3.12/site-packages/airflow/example_dags/tutorial.py
[2025-03-26T17:33:39.008+0000] {processor.py:914} INFO - Processing file /home/ubuntu/customer_churn_youtube_venv/lib/python3.12/site-packages/airflow/example_dags/tutorial.py for tasks to queue
[2025-03-26T17:33:39.010+0000] {logging_mixin.py:190} INFO - [2025-03-26T17:33:39.010+0000] {dagbag.py:588} INFO - Filling up the DagBag from /home/ubuntu/customer_churn_youtube_venv/lib/python3.12/site-packages/airflow/example_dags/tutorial.py
[2025-03-26T17:33:39.020+0000] {processor.py:925} INFO - DAG(s) 'tutorial' retrieved from /home/ubuntu/customer_churn_youtube_venv/lib/python3.12/site-packages/airflow/example_dags/tutorial.py
[2025-03-26T17:33:39.035+0000] {logging_mixin.py:190} INFO - [2025-03-26T17:33:39.035+0000] {dag.py:3239} INFO - Sync 1 DAGs
[2025-03-26T17:33:39.054+0000] {logging_mixin.py:190} INFO - [2025-03-26T17:33:39.054+0000] {dag.py:4180} INFO - Setting next_dagrun for tutorial to 2025-03-25 00:00:00+00:00, run_after=2025-03-26 00:00:00+00:00
[2025-03-26T17:33:39.076+0000] {processor.py:208} INFO - Processing /home/ubuntu/customer_churn_youtube_venv/lib/python3.12/site-packages/airflow/example_dags/tutorial.py took 0.076 seconds
[2025-03-26T17:34:29.409+0000] {processor.py:186} INFO - Started process (PID=7666) to work on /home/ubuntu/customer_churn_youtube_venv/lib/python3.12/site-packages/airflow/example_dags/tutorial.py
[2025-03-26T17:34:29.410+0000] {processor.py:914} INFO - Processing file /home/ubuntu/customer_churn_youtube_venv/lib/python3.12/site-packages/airflow/example_dags/tutorial.py for tasks to queue
[2025-03-26T17:34:29.412+0000] {logging_mixin.py:190} INFO - [2025-03-26T17:34:29.411+0000] {dagbag.py:588} INFO - Filling up the DagBag from /home/ubuntu/customer_churn_youtube_venv/lib/python3.12/site-packages/airflow/example_dags/tutorial.py
[2025-03-26T17:34:29.421+0000] {processor.py:925} INFO - DAG(s) 'tutorial' retrieved from /home/ubuntu/customer_churn_youtube_venv/lib/python3.12/site-packages/airflow/example_dags/tutorial.py
[2025-03-26T17:34:29.436+0000] {logging_mixin.py:190} INFO - [2025-03-26T17:34:29.436+0000] {dag.py:3239} INFO - Sync 1 DAGs
[2025-03-26T17:34:29.455+0000] {logging_mixin.py:190} INFO - [2025-03-26T17:34:29.455+0000] {dag.py:4180} INFO - Setting next_dagrun for tutorial to 2025-03-25 00:00:00+00:00, run_after=2025-03-26 00:00:00+00:00
[2025-03-26T17:34:29.476+0000] {processor.py:208} INFO - Processing /home/ubuntu/customer_churn_youtube_venv/lib/python3.12/site-packages/airflow/example_dags/tutorial.py took 0.073 seconds
[2025-03-26T17:35:22.611+0000] {processor.py:186} INFO - Started process (PID=7727) to work on /home/ubuntu/customer_churn_youtube_venv/lib/python3.12/site-packages/airflow/example_dags/tutorial.py
[2025-03-26T17:35:22.613+0000] {processor.py:914} INFO - Processing file /home/ubuntu/customer_churn_youtube_venv/lib/python3.12/site-packages/airflow/example_dags/tutorial.py for tasks to queue
[2025-03-26T17:35:22.615+0000] {logging_mixin.py:190} INFO - [2025-03-26T17:35:22.614+0000] {dagbag.py:588} INFO - Filling up the DagBag from /home/ubuntu/customer_churn_youtube_venv/lib/python3.12/site-packages/airflow/example_dags/tutorial.py
[2025-03-26T17:35:22.623+0000] {processor.py:925} INFO - DAG(s) 'tutorial' retrieved from /home/ubuntu/customer_churn_youtube_venv/lib/python3.12/site-packages/airflow/example_dags/tutorial.py
[2025-03-26T17:35:22.639+0000] {logging_mixin.py:190} INFO - [2025-03-26T17:35:22.639+0000] {dag.py:3239} INFO - Sync 1 DAGs
[2025-03-26T17:35:22.657+0000] {logging_mixin.py:190} INFO - [2025-03-26T17:35:22.657+0000] {dag.py:4180} INFO - Setting next_dagrun for tutorial to 2025-03-25 00:00:00+00:00, run_after=2025-03-26 00:00:00+00:00
[2025-03-26T17:35:22.682+0000] {processor.py:208} INFO - Processing /home/ubuntu/customer_churn_youtube_venv/lib/python3.12/site-packages/airflow/example_dags/tutorial.py took 0.077 seconds
[2025-03-26T17:36:16.203+0000] {processor.py:186} INFO - Started process (PID=7783) to work on /home/ubuntu/customer_churn_youtube_venv/lib/python3.12/site-packages/airflow/example_dags/tutorial.py
[2025-03-26T17:36:16.204+0000] {processor.py:914} INFO - Processing file /home/ubuntu/customer_churn_youtube_venv/lib/python3.12/site-packages/airflow/example_dags/tutorial.py for tasks to queue
[2025-03-26T17:36:16.206+0000] {logging_mixin.py:190} INFO - [2025-03-26T17:36:16.206+0000] {dagbag.py:588} INFO - Filling up the DagBag from /home/ubuntu/customer_churn_youtube_venv/lib/python3.12/site-packages/airflow/example_dags/tutorial.py
[2025-03-26T17:36:16.214+0000] {processor.py:925} INFO - DAG(s) 'tutorial' retrieved from /home/ubuntu/customer_churn_youtube_venv/lib/python3.12/site-packages/airflow/example_dags/tutorial.py
[2025-03-26T17:36:16.230+0000] {logging_mixin.py:190} INFO - [2025-03-26T17:36:16.230+0000] {dag.py:3239} INFO - Sync 1 DAGs
[2025-03-26T17:36:16.249+0000] {logging_mixin.py:190} INFO - [2025-03-26T17:36:16.248+0000] {dag.py:4180} INFO - Setting next_dagrun for tutorial to 2025-03-25 00:00:00+00:00, run_after=2025-03-26 00:00:00+00:00
[2025-03-26T17:36:16.270+0000] {processor.py:208} INFO - Processing /home/ubuntu/customer_churn_youtube_venv/lib/python3.12/site-packages/airflow/example_dags/tutorial.py took 0.074 seconds
