[2025-03-26T17:13:08.396+0000] {processor.py:186} INFO - Started process (PID=6255) to work on /home/ubuntu/customer_churn_youtube_venv/lib/python3.12/site-packages/airflow/example_dags/tutorial_taskflow_templates.py
[2025-03-26T17:13:08.396+0000] {processor.py:914} INFO - Processing file /home/ubuntu/customer_churn_youtube_venv/lib/python3.12/site-packages/airflow/example_dags/tutorial_taskflow_templates.py for tasks to queue
[2025-03-26T17:13:08.399+0000] {logging_mixin.py:190} INFO - [2025-03-26T17:13:08.398+0000] {dagbag.py:588} INFO - Filling up the DagBag from /home/ubuntu/customer_churn_youtube_venv/lib/python3.12/site-packages/airflow/example_dags/tutorial_taskflow_templates.py
[2025-03-26T17:13:08.412+0000] {processor.py:925} INFO - DAG(s) 'tutorial_taskflow_templates' retrieved from /home/ubuntu/customer_churn_youtube_venv/lib/python3.12/site-packages/airflow/example_dags/tutorial_taskflow_templates.py
[2025-03-26T17:13:08.719+0000] {logging_mixin.py:190} INFO - [2025-03-26T17:13:08.718+0000] {override.py:1930} INFO - Created Permission View: can edit on DAG:tutorial_taskflow_templates
[2025-03-26T17:13:08.734+0000] {logging_mixin.py:190} INFO - [2025-03-26T17:13:08.734+0000] {override.py:1930} INFO - Created Permission View: can read on DAG:tutorial_taskflow_templates
[2025-03-26T17:13:08.744+0000] {logging_mixin.py:190} INFO - [2025-03-26T17:13:08.744+0000] {override.py:1930} INFO - Created Permission View: can delete on DAG:tutorial_taskflow_templates
[2025-03-26T17:13:08.760+0000] {logging_mixin.py:190} INFO - [2025-03-26T17:13:08.760+0000] {override.py:1930} INFO - Created Permission View: menu access on DAG Run:tutorial_taskflow_templates
[2025-03-26T17:13:08.779+0000] {logging_mixin.py:190} INFO - [2025-03-26T17:13:08.779+0000] {override.py:1930} INFO - Created Permission View: can create on DAG Run:tutorial_taskflow_templates
[2025-03-26T17:13:08.791+0000] {logging_mixin.py:190} INFO - [2025-03-26T17:13:08.790+0000] {override.py:1930} INFO - Created Permission View: can delete on DAG Run:tutorial_taskflow_templates
[2025-03-26T17:13:08.810+0000] {logging_mixin.py:190} INFO - [2025-03-26T17:13:08.810+0000] {override.py:1930} INFO - Created Permission View: can read on DAG Run:tutorial_taskflow_templates
[2025-03-26T17:13:08.811+0000] {logging_mixin.py:190} INFO - [2025-03-26T17:13:08.811+0000] {dag.py:3239} INFO - Sync 1 DAGs
[2025-03-26T17:13:08.824+0000] {logging_mixin.py:190} INFO - [2025-03-26T17:13:08.824+0000] {dag.py:3262} INFO - Creating ORM DAG for tutorial_taskflow_templates
[2025-03-26T17:13:08.834+0000] {logging_mixin.py:190} INFO - [2025-03-26T17:13:08.834+0000] {dag.py:4180} INFO - Setting next_dagrun for tutorial_taskflow_templates to 2025-03-25 00:00:00+00:00, run_after=2025-03-26 00:00:00+00:00
[2025-03-26T17:13:09.044+0000] {processor.py:208} INFO - Processing /home/ubuntu/customer_churn_youtube_venv/lib/python3.12/site-packages/airflow/example_dags/tutorial_taskflow_templates.py took 0.653 seconds
[2025-03-26T17:14:19.901+0000] {processor.py:186} INFO - Started process (PID=6316) to work on /home/ubuntu/customer_churn_youtube_venv/lib/python3.12/site-packages/airflow/example_dags/tutorial_taskflow_templates.py
[2025-03-26T17:14:19.903+0000] {processor.py:914} INFO - Processing file /home/ubuntu/customer_churn_youtube_venv/lib/python3.12/site-packages/airflow/example_dags/tutorial_taskflow_templates.py for tasks to queue
[2025-03-26T17:14:19.905+0000] {logging_mixin.py:190} INFO - [2025-03-26T17:14:19.904+0000] {dagbag.py:588} INFO - Filling up the DagBag from /home/ubuntu/customer_churn_youtube_venv/lib/python3.12/site-packages/airflow/example_dags/tutorial_taskflow_templates.py
[2025-03-26T17:14:19.918+0000] {processor.py:925} INFO - DAG(s) 'tutorial_taskflow_templates' retrieved from /home/ubuntu/customer_churn_youtube_venv/lib/python3.12/site-packages/airflow/example_dags/tutorial_taskflow_templates.py
[2025-03-26T17:14:19.933+0000] {logging_mixin.py:190} INFO - [2025-03-26T17:14:19.933+0000] {dag.py:3239} INFO - Sync 1 DAGs
[2025-03-26T17:14:19.952+0000] {logging_mixin.py:190} INFO - [2025-03-26T17:14:19.952+0000] {dag.py:4180} INFO - Setting next_dagrun for tutorial_taskflow_templates to 2025-03-25 00:00:00+00:00, run_after=2025-03-26 00:00:00+00:00
[2025-03-26T17:14:19.974+0000] {processor.py:208} INFO - Processing /home/ubuntu/customer_churn_youtube_venv/lib/python3.12/site-packages/airflow/example_dags/tutorial_taskflow_templates.py took 0.077 seconds
[2025-03-26T17:15:15.936+0000] {processor.py:186} INFO - Started process (PID=6379) to work on /home/ubuntu/customer_churn_youtube_venv/lib/python3.12/site-packages/airflow/example_dags/tutorial_taskflow_templates.py
[2025-03-26T17:15:15.938+0000] {processor.py:914} INFO - Processing file /home/ubuntu/customer_churn_youtube_venv/lib/python3.12/site-packages/airflow/example_dags/tutorial_taskflow_templates.py for tasks to queue
[2025-03-26T17:15:15.940+0000] {logging_mixin.py:190} INFO - [2025-03-26T17:15:15.939+0000] {dagbag.py:588} INFO - Filling up the DagBag from /home/ubuntu/customer_churn_youtube_venv/lib/python3.12/site-packages/airflow/example_dags/tutorial_taskflow_templates.py
[2025-03-26T17:15:15.953+0000] {processor.py:925} INFO - DAG(s) 'tutorial_taskflow_templates' retrieved from /home/ubuntu/customer_churn_youtube_venv/lib/python3.12/site-packages/airflow/example_dags/tutorial_taskflow_templates.py
[2025-03-26T17:15:15.967+0000] {logging_mixin.py:190} INFO - [2025-03-26T17:15:15.967+0000] {dag.py:3239} INFO - Sync 1 DAGs
[2025-03-26T17:15:15.987+0000] {logging_mixin.py:190} INFO - [2025-03-26T17:15:15.986+0000] {dag.py:4180} INFO - Setting next_dagrun for tutorial_taskflow_templates to 2025-03-25 00:00:00+00:00, run_after=2025-03-26 00:00:00+00:00
[2025-03-26T17:15:16.010+0000] {processor.py:208} INFO - Processing /home/ubuntu/customer_churn_youtube_venv/lib/python3.12/site-packages/airflow/example_dags/tutorial_taskflow_templates.py took 0.080 seconds
[2025-03-26T17:16:07.162+0000] {processor.py:186} INFO - Started process (PID=6432) to work on /home/ubuntu/customer_churn_youtube_venv/lib/python3.12/site-packages/airflow/example_dags/tutorial_taskflow_templates.py
[2025-03-26T17:16:07.164+0000] {processor.py:914} INFO - Processing file /home/ubuntu/customer_churn_youtube_venv/lib/python3.12/site-packages/airflow/example_dags/tutorial_taskflow_templates.py for tasks to queue
[2025-03-26T17:16:07.166+0000] {logging_mixin.py:190} INFO - [2025-03-26T17:16:07.166+0000] {dagbag.py:588} INFO - Filling up the DagBag from /home/ubuntu/customer_churn_youtube_venv/lib/python3.12/site-packages/airflow/example_dags/tutorial_taskflow_templates.py
[2025-03-26T17:16:07.179+0000] {processor.py:925} INFO - DAG(s) 'tutorial_taskflow_templates' retrieved from /home/ubuntu/customer_churn_youtube_venv/lib/python3.12/site-packages/airflow/example_dags/tutorial_taskflow_templates.py
[2025-03-26T17:16:07.195+0000] {logging_mixin.py:190} INFO - [2025-03-26T17:16:07.194+0000] {dag.py:3239} INFO - Sync 1 DAGs
[2025-03-26T17:16:07.213+0000] {logging_mixin.py:190} INFO - [2025-03-26T17:16:07.213+0000] {dag.py:4180} INFO - Setting next_dagrun for tutorial_taskflow_templates to 2025-03-25 00:00:00+00:00, run_after=2025-03-26 00:00:00+00:00
[2025-03-26T17:16:07.235+0000] {processor.py:208} INFO - Processing /home/ubuntu/customer_churn_youtube_venv/lib/python3.12/site-packages/airflow/example_dags/tutorial_taskflow_templates.py took 0.078 seconds
[2025-03-26T17:17:03.419+0000] {processor.py:186} INFO - Started process (PID=6490) to work on /home/ubuntu/customer_churn_youtube_venv/lib/python3.12/site-packages/airflow/example_dags/tutorial_taskflow_templates.py
[2025-03-26T17:17:03.421+0000] {processor.py:914} INFO - Processing file /home/ubuntu/customer_churn_youtube_venv/lib/python3.12/site-packages/airflow/example_dags/tutorial_taskflow_templates.py for tasks to queue
[2025-03-26T17:17:03.424+0000] {logging_mixin.py:190} INFO - [2025-03-26T17:17:03.423+0000] {dagbag.py:588} INFO - Filling up the DagBag from /home/ubuntu/customer_churn_youtube_venv/lib/python3.12/site-packages/airflow/example_dags/tutorial_taskflow_templates.py
[2025-03-26T17:17:03.437+0000] {processor.py:925} INFO - DAG(s) 'tutorial_taskflow_templates' retrieved from /home/ubuntu/customer_churn_youtube_venv/lib/python3.12/site-packages/airflow/example_dags/tutorial_taskflow_templates.py
[2025-03-26T17:17:03.453+0000] {logging_mixin.py:190} INFO - [2025-03-26T17:17:03.453+0000] {dag.py:3239} INFO - Sync 1 DAGs
[2025-03-26T17:17:03.473+0000] {logging_mixin.py:190} INFO - [2025-03-26T17:17:03.473+0000] {dag.py:4180} INFO - Setting next_dagrun for tutorial_taskflow_templates to 2025-03-25 00:00:00+00:00, run_after=2025-03-26 00:00:00+00:00
[2025-03-26T17:17:03.498+0000] {processor.py:208} INFO - Processing /home/ubuntu/customer_churn_youtube_venv/lib/python3.12/site-packages/airflow/example_dags/tutorial_taskflow_templates.py took 0.082 seconds
[2025-03-26T17:17:54.394+0000] {processor.py:186} INFO - Started process (PID=6544) to work on /home/ubuntu/customer_churn_youtube_venv/lib/python3.12/site-packages/airflow/example_dags/tutorial_taskflow_templates.py
[2025-03-26T17:17:54.396+0000] {processor.py:914} INFO - Processing file /home/ubuntu/customer_churn_youtube_venv/lib/python3.12/site-packages/airflow/example_dags/tutorial_taskflow_templates.py for tasks to queue
[2025-03-26T17:17:54.398+0000] {logging_mixin.py:190} INFO - [2025-03-26T17:17:54.397+0000] {dagbag.py:588} INFO - Filling up the DagBag from /home/ubuntu/customer_churn_youtube_venv/lib/python3.12/site-packages/airflow/example_dags/tutorial_taskflow_templates.py
[2025-03-26T17:17:54.410+0000] {processor.py:925} INFO - DAG(s) 'tutorial_taskflow_templates' retrieved from /home/ubuntu/customer_churn_youtube_venv/lib/python3.12/site-packages/airflow/example_dags/tutorial_taskflow_templates.py
[2025-03-26T17:17:54.426+0000] {logging_mixin.py:190} INFO - [2025-03-26T17:17:54.425+0000] {dag.py:3239} INFO - Sync 1 DAGs
[2025-03-26T17:17:54.444+0000] {logging_mixin.py:190} INFO - [2025-03-26T17:17:54.444+0000] {dag.py:4180} INFO - Setting next_dagrun for tutorial_taskflow_templates to 2025-03-25 00:00:00+00:00, run_after=2025-03-26 00:00:00+00:00
[2025-03-26T17:17:54.467+0000] {processor.py:208} INFO - Processing /home/ubuntu/customer_churn_youtube_venv/lib/python3.12/site-packages/airflow/example_dags/tutorial_taskflow_templates.py took 0.078 seconds
[2025-03-26T17:18:47.990+0000] {processor.py:186} INFO - Started process (PID=6599) to work on /home/ubuntu/customer_churn_youtube_venv/lib/python3.12/site-packages/airflow/example_dags/tutorial_taskflow_templates.py
[2025-03-26T17:18:47.992+0000] {processor.py:914} INFO - Processing file /home/ubuntu/customer_churn_youtube_venv/lib/python3.12/site-packages/airflow/example_dags/tutorial_taskflow_templates.py for tasks to queue
[2025-03-26T17:18:47.994+0000] {logging_mixin.py:190} INFO - [2025-03-26T17:18:47.994+0000] {dagbag.py:588} INFO - Filling up the DagBag from /home/ubuntu/customer_churn_youtube_venv/lib/python3.12/site-packages/airflow/example_dags/tutorial_taskflow_templates.py
[2025-03-26T17:18:48.007+0000] {processor.py:925} INFO - DAG(s) 'tutorial_taskflow_templates' retrieved from /home/ubuntu/customer_churn_youtube_venv/lib/python3.12/site-packages/airflow/example_dags/tutorial_taskflow_templates.py
[2025-03-26T17:18:48.023+0000] {logging_mixin.py:190} INFO - [2025-03-26T17:18:48.023+0000] {dag.py:3239} INFO - Sync 1 DAGs
[2025-03-26T17:18:48.043+0000] {logging_mixin.py:190} INFO - [2025-03-26T17:18:48.043+0000] {dag.py:4180} INFO - Setting next_dagrun for tutorial_taskflow_templates to 2025-03-25 00:00:00+00:00, run_after=2025-03-26 00:00:00+00:00
[2025-03-26T17:18:48.065+0000] {processor.py:208} INFO - Processing /home/ubuntu/customer_churn_youtube_venv/lib/python3.12/site-packages/airflow/example_dags/tutorial_taskflow_templates.py took 0.080 seconds
[2025-03-26T17:19:48.736+0000] {processor.py:186} INFO - Started process (PID=6656) to work on /home/ubuntu/customer_churn_youtube_venv/lib/python3.12/site-packages/airflow/example_dags/tutorial_taskflow_templates.py
[2025-03-26T17:19:48.737+0000] {processor.py:914} INFO - Processing file /home/ubuntu/customer_churn_youtube_venv/lib/python3.12/site-packages/airflow/example_dags/tutorial_taskflow_templates.py for tasks to queue
[2025-03-26T17:19:48.740+0000] {logging_mixin.py:190} INFO - [2025-03-26T17:19:48.740+0000] {dagbag.py:588} INFO - Filling up the DagBag from /home/ubuntu/customer_churn_youtube_venv/lib/python3.12/site-packages/airflow/example_dags/tutorial_taskflow_templates.py
[2025-03-26T17:19:48.753+0000] {processor.py:925} INFO - DAG(s) 'tutorial_taskflow_templates' retrieved from /home/ubuntu/customer_churn_youtube_venv/lib/python3.12/site-packages/airflow/example_dags/tutorial_taskflow_templates.py
[2025-03-26T17:19:48.770+0000] {logging_mixin.py:190} INFO - [2025-03-26T17:19:48.770+0000] {dag.py:3239} INFO - Sync 1 DAGs
[2025-03-26T17:19:48.791+0000] {logging_mixin.py:190} INFO - [2025-03-26T17:19:48.791+0000] {dag.py:4180} INFO - Setting next_dagrun for tutorial_taskflow_templates to 2025-03-25 00:00:00+00:00, run_after=2025-03-26 00:00:00+00:00
[2025-03-26T17:19:48.813+0000] {processor.py:208} INFO - Processing /home/ubuntu/customer_churn_youtube_venv/lib/python3.12/site-packages/airflow/example_dags/tutorial_taskflow_templates.py took 0.083 seconds
[2025-03-26T17:20:45.372+0000] {processor.py:186} INFO - Started process (PID=6719) to work on /home/ubuntu/customer_churn_youtube_venv/lib/python3.12/site-packages/airflow/example_dags/tutorial_taskflow_templates.py
[2025-03-26T17:20:45.374+0000] {processor.py:914} INFO - Processing file /home/ubuntu/customer_churn_youtube_venv/lib/python3.12/site-packages/airflow/example_dags/tutorial_taskflow_templates.py for tasks to queue
[2025-03-26T17:20:45.376+0000] {logging_mixin.py:190} INFO - [2025-03-26T17:20:45.376+0000] {dagbag.py:588} INFO - Filling up the DagBag from /home/ubuntu/customer_churn_youtube_venv/lib/python3.12/site-packages/airflow/example_dags/tutorial_taskflow_templates.py
[2025-03-26T17:20:45.390+0000] {processor.py:925} INFO - DAG(s) 'tutorial_taskflow_templates' retrieved from /home/ubuntu/customer_churn_youtube_venv/lib/python3.12/site-packages/airflow/example_dags/tutorial_taskflow_templates.py
[2025-03-26T17:20:45.407+0000] {logging_mixin.py:190} INFO - [2025-03-26T17:20:45.407+0000] {dag.py:3239} INFO - Sync 1 DAGs
[2025-03-26T17:20:45.426+0000] {logging_mixin.py:190} INFO - [2025-03-26T17:20:45.426+0000] {dag.py:4180} INFO - Setting next_dagrun for tutorial_taskflow_templates to 2025-03-25 00:00:00+00:00, run_after=2025-03-26 00:00:00+00:00
[2025-03-26T17:20:45.447+0000] {processor.py:208} INFO - Processing /home/ubuntu/customer_churn_youtube_venv/lib/python3.12/site-packages/airflow/example_dags/tutorial_taskflow_templates.py took 0.080 seconds
[2025-03-26T17:21:38.503+0000] {processor.py:186} INFO - Started process (PID=6773) to work on /home/ubuntu/customer_churn_youtube_venv/lib/python3.12/site-packages/airflow/example_dags/tutorial_taskflow_templates.py
[2025-03-26T17:21:38.506+0000] {processor.py:914} INFO - Processing file /home/ubuntu/customer_churn_youtube_venv/lib/python3.12/site-packages/airflow/example_dags/tutorial_taskflow_templates.py for tasks to queue
[2025-03-26T17:21:38.507+0000] {logging_mixin.py:190} INFO - [2025-03-26T17:21:38.507+0000] {dagbag.py:588} INFO - Filling up the DagBag from /home/ubuntu/customer_churn_youtube_venv/lib/python3.12/site-packages/airflow/example_dags/tutorial_taskflow_templates.py
[2025-03-26T17:21:38.520+0000] {processor.py:925} INFO - DAG(s) 'tutorial_taskflow_templates' retrieved from /home/ubuntu/customer_churn_youtube_venv/lib/python3.12/site-packages/airflow/example_dags/tutorial_taskflow_templates.py
[2025-03-26T17:21:38.536+0000] {logging_mixin.py:190} INFO - [2025-03-26T17:21:38.536+0000] {dag.py:3239} INFO - Sync 1 DAGs
[2025-03-26T17:21:38.555+0000] {logging_mixin.py:190} INFO - [2025-03-26T17:21:38.555+0000] {dag.py:4180} INFO - Setting next_dagrun for tutorial_taskflow_templates to 2025-03-25 00:00:00+00:00, run_after=2025-03-26 00:00:00+00:00
[2025-03-26T17:21:38.577+0000] {processor.py:208} INFO - Processing /home/ubuntu/customer_churn_youtube_venv/lib/python3.12/site-packages/airflow/example_dags/tutorial_taskflow_templates.py took 0.079 seconds
[2025-03-26T17:22:30.126+0000] {processor.py:186} INFO - Started process (PID=6827) to work on /home/ubuntu/customer_churn_youtube_venv/lib/python3.12/site-packages/airflow/example_dags/tutorial_taskflow_templates.py
[2025-03-26T17:22:30.127+0000] {processor.py:914} INFO - Processing file /home/ubuntu/customer_churn_youtube_venv/lib/python3.12/site-packages/airflow/example_dags/tutorial_taskflow_templates.py for tasks to queue
[2025-03-26T17:22:30.128+0000] {logging_mixin.py:190} INFO - [2025-03-26T17:22:30.128+0000] {dagbag.py:588} INFO - Filling up the DagBag from /home/ubuntu/customer_churn_youtube_venv/lib/python3.12/site-packages/airflow/example_dags/tutorial_taskflow_templates.py
[2025-03-26T17:22:30.143+0000] {processor.py:925} INFO - DAG(s) 'tutorial_taskflow_templates' retrieved from /home/ubuntu/customer_churn_youtube_venv/lib/python3.12/site-packages/airflow/example_dags/tutorial_taskflow_templates.py
[2025-03-26T17:22:30.157+0000] {logging_mixin.py:190} INFO - [2025-03-26T17:22:30.157+0000] {dag.py:3239} INFO - Sync 1 DAGs
[2025-03-26T17:22:30.178+0000] {logging_mixin.py:190} INFO - [2025-03-26T17:22:30.178+0000] {dag.py:4180} INFO - Setting next_dagrun for tutorial_taskflow_templates to 2025-03-25 00:00:00+00:00, run_after=2025-03-26 00:00:00+00:00
[2025-03-26T17:22:30.199+0000] {processor.py:208} INFO - Processing /home/ubuntu/customer_churn_youtube_venv/lib/python3.12/site-packages/airflow/example_dags/tutorial_taskflow_templates.py took 0.078 seconds
[2025-03-26T17:23:22.800+0000] {processor.py:186} INFO - Started process (PID=6880) to work on /home/ubuntu/customer_churn_youtube_venv/lib/python3.12/site-packages/airflow/example_dags/tutorial_taskflow_templates.py
[2025-03-26T17:23:22.802+0000] {processor.py:914} INFO - Processing file /home/ubuntu/customer_churn_youtube_venv/lib/python3.12/site-packages/airflow/example_dags/tutorial_taskflow_templates.py for tasks to queue
[2025-03-26T17:23:22.804+0000] {logging_mixin.py:190} INFO - [2025-03-26T17:23:22.803+0000] {dagbag.py:588} INFO - Filling up the DagBag from /home/ubuntu/customer_churn_youtube_venv/lib/python3.12/site-packages/airflow/example_dags/tutorial_taskflow_templates.py
[2025-03-26T17:23:22.817+0000] {processor.py:925} INFO - DAG(s) 'tutorial_taskflow_templates' retrieved from /home/ubuntu/customer_churn_youtube_venv/lib/python3.12/site-packages/airflow/example_dags/tutorial_taskflow_templates.py
[2025-03-26T17:23:22.832+0000] {logging_mixin.py:190} INFO - [2025-03-26T17:23:22.832+0000] {dag.py:3239} INFO - Sync 1 DAGs
[2025-03-26T17:23:22.852+0000] {logging_mixin.py:190} INFO - [2025-03-26T17:23:22.852+0000] {dag.py:4180} INFO - Setting next_dagrun for tutorial_taskflow_templates to 2025-03-25 00:00:00+00:00, run_after=2025-03-26 00:00:00+00:00
[2025-03-26T17:23:22.877+0000] {processor.py:208} INFO - Processing /home/ubuntu/customer_churn_youtube_venv/lib/python3.12/site-packages/airflow/example_dags/tutorial_taskflow_templates.py took 0.082 seconds
[2025-03-26T17:24:13.373+0000] {processor.py:186} INFO - Started process (PID=6933) to work on /home/ubuntu/customer_churn_youtube_venv/lib/python3.12/site-packages/airflow/example_dags/tutorial_taskflow_templates.py
[2025-03-26T17:24:13.375+0000] {processor.py:914} INFO - Processing file /home/ubuntu/customer_churn_youtube_venv/lib/python3.12/site-packages/airflow/example_dags/tutorial_taskflow_templates.py for tasks to queue
[2025-03-26T17:24:13.376+0000] {logging_mixin.py:190} INFO - [2025-03-26T17:24:13.376+0000] {dagbag.py:588} INFO - Filling up the DagBag from /home/ubuntu/customer_churn_youtube_venv/lib/python3.12/site-packages/airflow/example_dags/tutorial_taskflow_templates.py
[2025-03-26T17:24:13.391+0000] {processor.py:925} INFO - DAG(s) 'tutorial_taskflow_templates' retrieved from /home/ubuntu/customer_churn_youtube_venv/lib/python3.12/site-packages/airflow/example_dags/tutorial_taskflow_templates.py
[2025-03-26T17:24:13.405+0000] {logging_mixin.py:190} INFO - [2025-03-26T17:24:13.405+0000] {dag.py:3239} INFO - Sync 1 DAGs
[2025-03-26T17:24:13.426+0000] {logging_mixin.py:190} INFO - [2025-03-26T17:24:13.426+0000] {dag.py:4180} INFO - Setting next_dagrun for tutorial_taskflow_templates to 2025-03-25 00:00:00+00:00, run_after=2025-03-26 00:00:00+00:00
[2025-03-26T17:24:13.447+0000] {processor.py:208} INFO - Processing /home/ubuntu/customer_churn_youtube_venv/lib/python3.12/site-packages/airflow/example_dags/tutorial_taskflow_templates.py took 0.079 seconds
[2025-03-26T17:25:04.325+0000] {processor.py:186} INFO - Started process (PID=6989) to work on /home/ubuntu/customer_churn_youtube_venv/lib/python3.12/site-packages/airflow/example_dags/tutorial_taskflow_templates.py
[2025-03-26T17:25:04.327+0000] {processor.py:914} INFO - Processing file /home/ubuntu/customer_churn_youtube_venv/lib/python3.12/site-packages/airflow/example_dags/tutorial_taskflow_templates.py for tasks to queue
[2025-03-26T17:25:04.329+0000] {logging_mixin.py:190} INFO - [2025-03-26T17:25:04.328+0000] {dagbag.py:588} INFO - Filling up the DagBag from /home/ubuntu/customer_churn_youtube_venv/lib/python3.12/site-packages/airflow/example_dags/tutorial_taskflow_templates.py
[2025-03-26T17:25:04.343+0000] {processor.py:925} INFO - DAG(s) 'tutorial_taskflow_templates' retrieved from /home/ubuntu/customer_churn_youtube_venv/lib/python3.12/site-packages/airflow/example_dags/tutorial_taskflow_templates.py
[2025-03-26T17:25:04.359+0000] {logging_mixin.py:190} INFO - [2025-03-26T17:25:04.359+0000] {dag.py:3239} INFO - Sync 1 DAGs
[2025-03-26T17:25:04.380+0000] {logging_mixin.py:190} INFO - [2025-03-26T17:25:04.379+0000] {dag.py:4180} INFO - Setting next_dagrun for tutorial_taskflow_templates to 2025-03-25 00:00:00+00:00, run_after=2025-03-26 00:00:00+00:00
[2025-03-26T17:25:04.401+0000] {processor.py:208} INFO - Processing /home/ubuntu/customer_churn_youtube_venv/lib/python3.12/site-packages/airflow/example_dags/tutorial_taskflow_templates.py took 0.082 seconds
[2025-03-26T17:25:53.536+0000] {processor.py:186} INFO - Started process (PID=7040) to work on /home/ubuntu/customer_churn_youtube_venv/lib/python3.12/site-packages/airflow/example_dags/tutorial_taskflow_templates.py
[2025-03-26T17:25:53.538+0000] {processor.py:914} INFO - Processing file /home/ubuntu/customer_churn_youtube_venv/lib/python3.12/site-packages/airflow/example_dags/tutorial_taskflow_templates.py for tasks to queue
[2025-03-26T17:25:53.541+0000] {logging_mixin.py:190} INFO - [2025-03-26T17:25:53.541+0000] {dagbag.py:588} INFO - Filling up the DagBag from /home/ubuntu/customer_churn_youtube_venv/lib/python3.12/site-packages/airflow/example_dags/tutorial_taskflow_templates.py
[2025-03-26T17:25:53.554+0000] {processor.py:925} INFO - DAG(s) 'tutorial_taskflow_templates' retrieved from /home/ubuntu/customer_churn_youtube_venv/lib/python3.12/site-packages/airflow/example_dags/tutorial_taskflow_templates.py
[2025-03-26T17:25:53.569+0000] {logging_mixin.py:190} INFO - [2025-03-26T17:25:53.569+0000] {dag.py:3239} INFO - Sync 1 DAGs
[2025-03-26T17:25:53.589+0000] {logging_mixin.py:190} INFO - [2025-03-26T17:25:53.589+0000] {dag.py:4180} INFO - Setting next_dagrun for tutorial_taskflow_templates to 2025-03-25 00:00:00+00:00, run_after=2025-03-26 00:00:00+00:00
[2025-03-26T17:25:53.612+0000] {processor.py:208} INFO - Processing /home/ubuntu/customer_churn_youtube_venv/lib/python3.12/site-packages/airflow/example_dags/tutorial_taskflow_templates.py took 0.081 seconds
[2025-03-26T17:26:43.239+0000] {processor.py:186} INFO - Started process (PID=7092) to work on /home/ubuntu/customer_churn_youtube_venv/lib/python3.12/site-packages/airflow/example_dags/tutorial_taskflow_templates.py
[2025-03-26T17:26:43.241+0000] {processor.py:914} INFO - Processing file /home/ubuntu/customer_churn_youtube_venv/lib/python3.12/site-packages/airflow/example_dags/tutorial_taskflow_templates.py for tasks to queue
[2025-03-26T17:26:43.243+0000] {logging_mixin.py:190} INFO - [2025-03-26T17:26:43.242+0000] {dagbag.py:588} INFO - Filling up the DagBag from /home/ubuntu/customer_churn_youtube_venv/lib/python3.12/site-packages/airflow/example_dags/tutorial_taskflow_templates.py
[2025-03-26T17:26:43.256+0000] {processor.py:925} INFO - DAG(s) 'tutorial_taskflow_templates' retrieved from /home/ubuntu/customer_churn_youtube_venv/lib/python3.12/site-packages/airflow/example_dags/tutorial_taskflow_templates.py
[2025-03-26T17:26:43.271+0000] {logging_mixin.py:190} INFO - [2025-03-26T17:26:43.271+0000] {dag.py:3239} INFO - Sync 1 DAGs
[2025-03-26T17:26:43.290+0000] {logging_mixin.py:190} INFO - [2025-03-26T17:26:43.290+0000] {dag.py:4180} INFO - Setting next_dagrun for tutorial_taskflow_templates to 2025-03-25 00:00:00+00:00, run_after=2025-03-26 00:00:00+00:00
[2025-03-26T17:26:43.312+0000] {processor.py:208} INFO - Processing /home/ubuntu/customer_churn_youtube_venv/lib/python3.12/site-packages/airflow/example_dags/tutorial_taskflow_templates.py took 0.079 seconds
[2025-03-26T17:27:35.483+0000] {processor.py:186} INFO - Started process (PID=7192) to work on /home/ubuntu/customer_churn_youtube_venv/lib/python3.12/site-packages/airflow/example_dags/tutorial_taskflow_templates.py
[2025-03-26T17:27:35.484+0000] {processor.py:914} INFO - Processing file /home/ubuntu/customer_churn_youtube_venv/lib/python3.12/site-packages/airflow/example_dags/tutorial_taskflow_templates.py for tasks to queue
[2025-03-26T17:27:35.486+0000] {logging_mixin.py:190} INFO - [2025-03-26T17:27:35.485+0000] {dagbag.py:588} INFO - Filling up the DagBag from /home/ubuntu/customer_churn_youtube_venv/lib/python3.12/site-packages/airflow/example_dags/tutorial_taskflow_templates.py
[2025-03-26T17:27:35.499+0000] {processor.py:925} INFO - DAG(s) 'tutorial_taskflow_templates' retrieved from /home/ubuntu/customer_churn_youtube_venv/lib/python3.12/site-packages/airflow/example_dags/tutorial_taskflow_templates.py
[2025-03-26T17:27:35.515+0000] {logging_mixin.py:190} INFO - [2025-03-26T17:27:35.514+0000] {dag.py:3239} INFO - Sync 1 DAGs
[2025-03-26T17:27:35.534+0000] {logging_mixin.py:190} INFO - [2025-03-26T17:27:35.534+0000] {dag.py:4180} INFO - Setting next_dagrun for tutorial_taskflow_templates to 2025-03-25 00:00:00+00:00, run_after=2025-03-26 00:00:00+00:00
[2025-03-26T17:27:35.553+0000] {processor.py:208} INFO - Processing /home/ubuntu/customer_churn_youtube_venv/lib/python3.12/site-packages/airflow/example_dags/tutorial_taskflow_templates.py took 0.077 seconds
[2025-03-26T17:28:27.174+0000] {processor.py:186} INFO - Started process (PID=7246) to work on /home/ubuntu/customer_churn_youtube_venv/lib/python3.12/site-packages/airflow/example_dags/tutorial_taskflow_templates.py
[2025-03-26T17:28:27.176+0000] {processor.py:914} INFO - Processing file /home/ubuntu/customer_churn_youtube_venv/lib/python3.12/site-packages/airflow/example_dags/tutorial_taskflow_templates.py for tasks to queue
[2025-03-26T17:28:27.178+0000] {logging_mixin.py:190} INFO - [2025-03-26T17:28:27.177+0000] {dagbag.py:588} INFO - Filling up the DagBag from /home/ubuntu/customer_churn_youtube_venv/lib/python3.12/site-packages/airflow/example_dags/tutorial_taskflow_templates.py
[2025-03-26T17:28:27.191+0000] {processor.py:925} INFO - DAG(s) 'tutorial_taskflow_templates' retrieved from /home/ubuntu/customer_churn_youtube_venv/lib/python3.12/site-packages/airflow/example_dags/tutorial_taskflow_templates.py
[2025-03-26T17:28:27.207+0000] {logging_mixin.py:190} INFO - [2025-03-26T17:28:27.207+0000] {dag.py:3239} INFO - Sync 1 DAGs
[2025-03-26T17:28:27.226+0000] {logging_mixin.py:190} INFO - [2025-03-26T17:28:27.225+0000] {dag.py:4180} INFO - Setting next_dagrun for tutorial_taskflow_templates to 2025-03-25 00:00:00+00:00, run_after=2025-03-26 00:00:00+00:00
[2025-03-26T17:28:27.249+0000] {processor.py:208} INFO - Processing /home/ubuntu/customer_churn_youtube_venv/lib/python3.12/site-packages/airflow/example_dags/tutorial_taskflow_templates.py took 0.081 seconds
[2025-03-26T17:29:16.613+0000] {processor.py:186} INFO - Started process (PID=7298) to work on /home/ubuntu/customer_churn_youtube_venv/lib/python3.12/site-packages/airflow/example_dags/tutorial_taskflow_templates.py
[2025-03-26T17:29:16.614+0000] {processor.py:914} INFO - Processing file /home/ubuntu/customer_churn_youtube_venv/lib/python3.12/site-packages/airflow/example_dags/tutorial_taskflow_templates.py for tasks to queue
[2025-03-26T17:29:16.616+0000] {logging_mixin.py:190} INFO - [2025-03-26T17:29:16.616+0000] {dagbag.py:588} INFO - Filling up the DagBag from /home/ubuntu/customer_churn_youtube_venv/lib/python3.12/site-packages/airflow/example_dags/tutorial_taskflow_templates.py
[2025-03-26T17:29:16.629+0000] {processor.py:925} INFO - DAG(s) 'tutorial_taskflow_templates' retrieved from /home/ubuntu/customer_churn_youtube_venv/lib/python3.12/site-packages/airflow/example_dags/tutorial_taskflow_templates.py
[2025-03-26T17:29:16.644+0000] {logging_mixin.py:190} INFO - [2025-03-26T17:29:16.644+0000] {dag.py:3239} INFO - Sync 1 DAGs
[2025-03-26T17:29:16.665+0000] {logging_mixin.py:190} INFO - [2025-03-26T17:29:16.664+0000] {dag.py:4180} INFO - Setting next_dagrun for tutorial_taskflow_templates to 2025-03-25 00:00:00+00:00, run_after=2025-03-26 00:00:00+00:00
[2025-03-26T17:29:16.687+0000] {processor.py:208} INFO - Processing /home/ubuntu/customer_churn_youtube_venv/lib/python3.12/site-packages/airflow/example_dags/tutorial_taskflow_templates.py took 0.080 seconds
[2025-03-26T17:30:06.936+0000] {processor.py:186} INFO - Started process (PID=7354) to work on /home/ubuntu/customer_churn_youtube_venv/lib/python3.12/site-packages/airflow/example_dags/tutorial_taskflow_templates.py
[2025-03-26T17:30:06.937+0000] {processor.py:914} INFO - Processing file /home/ubuntu/customer_churn_youtube_venv/lib/python3.12/site-packages/airflow/example_dags/tutorial_taskflow_templates.py for tasks to queue
[2025-03-26T17:30:06.939+0000] {logging_mixin.py:190} INFO - [2025-03-26T17:30:06.939+0000] {dagbag.py:588} INFO - Filling up the DagBag from /home/ubuntu/customer_churn_youtube_venv/lib/python3.12/site-packages/airflow/example_dags/tutorial_taskflow_templates.py
[2025-03-26T17:30:06.953+0000] {processor.py:925} INFO - DAG(s) 'tutorial_taskflow_templates' retrieved from /home/ubuntu/customer_churn_youtube_venv/lib/python3.12/site-packages/airflow/example_dags/tutorial_taskflow_templates.py
[2025-03-26T17:30:06.969+0000] {logging_mixin.py:190} INFO - [2025-03-26T17:30:06.969+0000] {dag.py:3239} INFO - Sync 1 DAGs
[2025-03-26T17:30:06.989+0000] {logging_mixin.py:190} INFO - [2025-03-26T17:30:06.989+0000] {dag.py:4180} INFO - Setting next_dagrun for tutorial_taskflow_templates to 2025-03-25 00:00:00+00:00, run_after=2025-03-26 00:00:00+00:00
[2025-03-26T17:30:07.011+0000] {processor.py:208} INFO - Processing /home/ubuntu/customer_churn_youtube_venv/lib/python3.12/site-packages/airflow/example_dags/tutorial_taskflow_templates.py took 0.081 seconds
[2025-03-26T17:30:55.585+0000] {processor.py:186} INFO - Started process (PID=7405) to work on /home/ubuntu/customer_churn_youtube_venv/lib/python3.12/site-packages/airflow/example_dags/tutorial_taskflow_templates.py
[2025-03-26T17:30:55.587+0000] {processor.py:914} INFO - Processing file /home/ubuntu/customer_churn_youtube_venv/lib/python3.12/site-packages/airflow/example_dags/tutorial_taskflow_templates.py for tasks to queue
[2025-03-26T17:30:55.589+0000] {logging_mixin.py:190} INFO - [2025-03-26T17:30:55.588+0000] {dagbag.py:588} INFO - Filling up the DagBag from /home/ubuntu/customer_churn_youtube_venv/lib/python3.12/site-packages/airflow/example_dags/tutorial_taskflow_templates.py
[2025-03-26T17:30:55.602+0000] {processor.py:925} INFO - DAG(s) 'tutorial_taskflow_templates' retrieved from /home/ubuntu/customer_churn_youtube_venv/lib/python3.12/site-packages/airflow/example_dags/tutorial_taskflow_templates.py
[2025-03-26T17:30:55.618+0000] {logging_mixin.py:190} INFO - [2025-03-26T17:30:55.618+0000] {dag.py:3239} INFO - Sync 1 DAGs
[2025-03-26T17:30:55.637+0000] {logging_mixin.py:190} INFO - [2025-03-26T17:30:55.637+0000] {dag.py:4180} INFO - Setting next_dagrun for tutorial_taskflow_templates to 2025-03-25 00:00:00+00:00, run_after=2025-03-26 00:00:00+00:00
[2025-03-26T17:30:55.659+0000] {processor.py:208} INFO - Processing /home/ubuntu/customer_churn_youtube_venv/lib/python3.12/site-packages/airflow/example_dags/tutorial_taskflow_templates.py took 0.079 seconds
[2025-03-26T17:31:46.118+0000] {processor.py:186} INFO - Started process (PID=7458) to work on /home/ubuntu/customer_churn_youtube_venv/lib/python3.12/site-packages/airflow/example_dags/tutorial_taskflow_templates.py
[2025-03-26T17:31:46.120+0000] {processor.py:914} INFO - Processing file /home/ubuntu/customer_churn_youtube_venv/lib/python3.12/site-packages/airflow/example_dags/tutorial_taskflow_templates.py for tasks to queue
[2025-03-26T17:31:46.123+0000] {logging_mixin.py:190} INFO - [2025-03-26T17:31:46.122+0000] {dagbag.py:588} INFO - Filling up the DagBag from /home/ubuntu/customer_churn_youtube_venv/lib/python3.12/site-packages/airflow/example_dags/tutorial_taskflow_templates.py
[2025-03-26T17:31:46.136+0000] {processor.py:925} INFO - DAG(s) 'tutorial_taskflow_templates' retrieved from /home/ubuntu/customer_churn_youtube_venv/lib/python3.12/site-packages/airflow/example_dags/tutorial_taskflow_templates.py
[2025-03-26T17:31:46.153+0000] {logging_mixin.py:190} INFO - [2025-03-26T17:31:46.152+0000] {dag.py:3239} INFO - Sync 1 DAGs
[2025-03-26T17:31:46.172+0000] {logging_mixin.py:190} INFO - [2025-03-26T17:31:46.172+0000] {dag.py:4180} INFO - Setting next_dagrun for tutorial_taskflow_templates to 2025-03-25 00:00:00+00:00, run_after=2025-03-26 00:00:00+00:00
[2025-03-26T17:31:46.195+0000] {processor.py:208} INFO - Processing /home/ubuntu/customer_churn_youtube_venv/lib/python3.12/site-packages/airflow/example_dags/tutorial_taskflow_templates.py took 0.082 seconds
[2025-03-26T17:32:37.661+0000] {processor.py:186} INFO - Started process (PID=7551) to work on /home/ubuntu/customer_churn_youtube_venv/lib/python3.12/site-packages/airflow/example_dags/tutorial_taskflow_templates.py
[2025-03-26T17:32:37.663+0000] {processor.py:914} INFO - Processing file /home/ubuntu/customer_churn_youtube_venv/lib/python3.12/site-packages/airflow/example_dags/tutorial_taskflow_templates.py for tasks to queue
[2025-03-26T17:32:37.665+0000] {logging_mixin.py:190} INFO - [2025-03-26T17:32:37.664+0000] {dagbag.py:588} INFO - Filling up the DagBag from /home/ubuntu/customer_churn_youtube_venv/lib/python3.12/site-packages/airflow/example_dags/tutorial_taskflow_templates.py
[2025-03-26T17:32:37.678+0000] {processor.py:925} INFO - DAG(s) 'tutorial_taskflow_templates' retrieved from /home/ubuntu/customer_churn_youtube_venv/lib/python3.12/site-packages/airflow/example_dags/tutorial_taskflow_templates.py
[2025-03-26T17:32:37.693+0000] {logging_mixin.py:190} INFO - [2025-03-26T17:32:37.693+0000] {dag.py:3239} INFO - Sync 1 DAGs
[2025-03-26T17:32:37.712+0000] {logging_mixin.py:190} INFO - [2025-03-26T17:32:37.712+0000] {dag.py:4180} INFO - Setting next_dagrun for tutorial_taskflow_templates to 2025-03-25 00:00:00+00:00, run_after=2025-03-26 00:00:00+00:00
[2025-03-26T17:32:37.733+0000] {processor.py:208} INFO - Processing /home/ubuntu/customer_churn_youtube_venv/lib/python3.12/site-packages/airflow/example_dags/tutorial_taskflow_templates.py took 0.077 seconds
[2025-03-26T17:33:30.449+0000] {processor.py:186} INFO - Started process (PID=7605) to work on /home/ubuntu/customer_churn_youtube_venv/lib/python3.12/site-packages/airflow/example_dags/tutorial_taskflow_templates.py
[2025-03-26T17:33:30.452+0000] {processor.py:914} INFO - Processing file /home/ubuntu/customer_churn_youtube_venv/lib/python3.12/site-packages/airflow/example_dags/tutorial_taskflow_templates.py for tasks to queue
[2025-03-26T17:33:30.454+0000] {logging_mixin.py:190} INFO - [2025-03-26T17:33:30.453+0000] {dagbag.py:588} INFO - Filling up the DagBag from /home/ubuntu/customer_churn_youtube_venv/lib/python3.12/site-packages/airflow/example_dags/tutorial_taskflow_templates.py
[2025-03-26T17:33:30.468+0000] {processor.py:925} INFO - DAG(s) 'tutorial_taskflow_templates' retrieved from /home/ubuntu/customer_churn_youtube_venv/lib/python3.12/site-packages/airflow/example_dags/tutorial_taskflow_templates.py
[2025-03-26T17:33:30.484+0000] {logging_mixin.py:190} INFO - [2025-03-26T17:33:30.484+0000] {dag.py:3239} INFO - Sync 1 DAGs
[2025-03-26T17:33:30.503+0000] {logging_mixin.py:190} INFO - [2025-03-26T17:33:30.503+0000] {dag.py:4180} INFO - Setting next_dagrun for tutorial_taskflow_templates to 2025-03-25 00:00:00+00:00, run_after=2025-03-26 00:00:00+00:00
[2025-03-26T17:33:30.526+0000] {processor.py:208} INFO - Processing /home/ubuntu/customer_churn_youtube_venv/lib/python3.12/site-packages/airflow/example_dags/tutorial_taskflow_templates.py took 0.083 seconds
[2025-03-26T17:34:20.834+0000] {processor.py:186} INFO - Started process (PID=7657) to work on /home/ubuntu/customer_churn_youtube_venv/lib/python3.12/site-packages/airflow/example_dags/tutorial_taskflow_templates.py
[2025-03-26T17:34:20.836+0000] {processor.py:914} INFO - Processing file /home/ubuntu/customer_churn_youtube_venv/lib/python3.12/site-packages/airflow/example_dags/tutorial_taskflow_templates.py for tasks to queue
[2025-03-26T17:34:20.838+0000] {logging_mixin.py:190} INFO - [2025-03-26T17:34:20.837+0000] {dagbag.py:588} INFO - Filling up the DagBag from /home/ubuntu/customer_churn_youtube_venv/lib/python3.12/site-packages/airflow/example_dags/tutorial_taskflow_templates.py
[2025-03-26T17:34:20.851+0000] {processor.py:925} INFO - DAG(s) 'tutorial_taskflow_templates' retrieved from /home/ubuntu/customer_churn_youtube_venv/lib/python3.12/site-packages/airflow/example_dags/tutorial_taskflow_templates.py
[2025-03-26T17:34:20.867+0000] {logging_mixin.py:190} INFO - [2025-03-26T17:34:20.867+0000] {dag.py:3239} INFO - Sync 1 DAGs
[2025-03-26T17:34:20.887+0000] {logging_mixin.py:190} INFO - [2025-03-26T17:34:20.886+0000] {dag.py:4180} INFO - Setting next_dagrun for tutorial_taskflow_templates to 2025-03-25 00:00:00+00:00, run_after=2025-03-26 00:00:00+00:00
[2025-03-26T17:34:20.909+0000] {processor.py:208} INFO - Processing /home/ubuntu/customer_churn_youtube_venv/lib/python3.12/site-packages/airflow/example_dags/tutorial_taskflow_templates.py took 0.080 seconds
[2025-03-26T17:35:14.082+0000] {processor.py:186} INFO - Started process (PID=7718) to work on /home/ubuntu/customer_churn_youtube_venv/lib/python3.12/site-packages/airflow/example_dags/tutorial_taskflow_templates.py
[2025-03-26T17:35:14.085+0000] {processor.py:914} INFO - Processing file /home/ubuntu/customer_churn_youtube_venv/lib/python3.12/site-packages/airflow/example_dags/tutorial_taskflow_templates.py for tasks to queue
[2025-03-26T17:35:14.086+0000] {logging_mixin.py:190} INFO - [2025-03-26T17:35:14.086+0000] {dagbag.py:588} INFO - Filling up the DagBag from /home/ubuntu/customer_churn_youtube_venv/lib/python3.12/site-packages/airflow/example_dags/tutorial_taskflow_templates.py
[2025-03-26T17:35:14.101+0000] {processor.py:925} INFO - DAG(s) 'tutorial_taskflow_templates' retrieved from /home/ubuntu/customer_churn_youtube_venv/lib/python3.12/site-packages/airflow/example_dags/tutorial_taskflow_templates.py
[2025-03-26T17:35:14.116+0000] {logging_mixin.py:190} INFO - [2025-03-26T17:35:14.116+0000] {dag.py:3239} INFO - Sync 1 DAGs
[2025-03-26T17:35:14.135+0000] {logging_mixin.py:190} INFO - [2025-03-26T17:35:14.135+0000] {dag.py:4180} INFO - Setting next_dagrun for tutorial_taskflow_templates to 2025-03-25 00:00:00+00:00, run_after=2025-03-26 00:00:00+00:00
[2025-03-26T17:35:14.157+0000] {processor.py:208} INFO - Processing /home/ubuntu/customer_churn_youtube_venv/lib/python3.12/site-packages/airflow/example_dags/tutorial_taskflow_templates.py took 0.080 seconds
[2025-03-26T17:36:07.701+0000] {processor.py:186} INFO - Started process (PID=7773) to work on /home/ubuntu/customer_churn_youtube_venv/lib/python3.12/site-packages/airflow/example_dags/tutorial_taskflow_templates.py
[2025-03-26T17:36:07.703+0000] {processor.py:914} INFO - Processing file /home/ubuntu/customer_churn_youtube_venv/lib/python3.12/site-packages/airflow/example_dags/tutorial_taskflow_templates.py for tasks to queue
[2025-03-26T17:36:07.705+0000] {logging_mixin.py:190} INFO - [2025-03-26T17:36:07.704+0000] {dagbag.py:588} INFO - Filling up the DagBag from /home/ubuntu/customer_churn_youtube_venv/lib/python3.12/site-packages/airflow/example_dags/tutorial_taskflow_templates.py
[2025-03-26T17:36:07.718+0000] {processor.py:925} INFO - DAG(s) 'tutorial_taskflow_templates' retrieved from /home/ubuntu/customer_churn_youtube_venv/lib/python3.12/site-packages/airflow/example_dags/tutorial_taskflow_templates.py
[2025-03-26T17:36:07.734+0000] {logging_mixin.py:190} INFO - [2025-03-26T17:36:07.734+0000] {dag.py:3239} INFO - Sync 1 DAGs
[2025-03-26T17:36:07.754+0000] {logging_mixin.py:190} INFO - [2025-03-26T17:36:07.754+0000] {dag.py:4180} INFO - Setting next_dagrun for tutorial_taskflow_templates to 2025-03-25 00:00:00+00:00, run_after=2025-03-26 00:00:00+00:00
[2025-03-26T17:36:07.775+0000] {processor.py:208} INFO - Processing /home/ubuntu/customer_churn_youtube_venv/lib/python3.12/site-packages/airflow/example_dags/tutorial_taskflow_templates.py took 0.080 seconds
[2025-03-26T17:36:59.866+0000] {processor.py:186} INFO - Started process (PID=7827) to work on /home/ubuntu/customer_churn_youtube_venv/lib/python3.12/site-packages/airflow/example_dags/tutorial_taskflow_templates.py
[2025-03-26T17:36:59.869+0000] {processor.py:914} INFO - Processing file /home/ubuntu/customer_churn_youtube_venv/lib/python3.12/site-packages/airflow/example_dags/tutorial_taskflow_templates.py for tasks to queue
[2025-03-26T17:36:59.871+0000] {logging_mixin.py:190} INFO - [2025-03-26T17:36:59.871+0000] {dagbag.py:588} INFO - Filling up the DagBag from /home/ubuntu/customer_churn_youtube_venv/lib/python3.12/site-packages/airflow/example_dags/tutorial_taskflow_templates.py
[2025-03-26T17:36:59.885+0000] {processor.py:925} INFO - DAG(s) 'tutorial_taskflow_templates' retrieved from /home/ubuntu/customer_churn_youtube_venv/lib/python3.12/site-packages/airflow/example_dags/tutorial_taskflow_templates.py
[2025-03-26T17:36:59.901+0000] {logging_mixin.py:190} INFO - [2025-03-26T17:36:59.901+0000] {dag.py:3239} INFO - Sync 1 DAGs
[2025-03-26T17:36:59.920+0000] {logging_mixin.py:190} INFO - [2025-03-26T17:36:59.920+0000] {dag.py:4180} INFO - Setting next_dagrun for tutorial_taskflow_templates to 2025-03-25 00:00:00+00:00, run_after=2025-03-26 00:00:00+00:00
[2025-03-26T17:36:59.945+0000] {processor.py:208} INFO - Processing /home/ubuntu/customer_churn_youtube_venv/lib/python3.12/site-packages/airflow/example_dags/tutorial_taskflow_templates.py took 0.084 seconds
