[2025-03-26T17:13:13.079+0000] {processor.py:186} INFO - Started process (PID=6262) to work on /home/ubuntu/customer_churn_youtube_venv/lib/python3.12/site-packages/airflow/example_dags/tutorial_taskflow_api.py
[2025-03-26T17:13:13.080+0000] {processor.py:914} INFO - Processing file /home/ubuntu/customer_churn_youtube_venv/lib/python3.12/site-packages/airflow/example_dags/tutorial_taskflow_api.py for tasks to queue
[2025-03-26T17:13:13.083+0000] {logging_mixin.py:190} INFO - [2025-03-26T17:13:13.083+0000] {dagbag.py:588} INFO - Filling up the DagBag from /home/ubuntu/customer_churn_youtube_venv/lib/python3.12/site-packages/airflow/example_dags/tutorial_taskflow_api.py
[2025-03-26T17:13:13.092+0000] {processor.py:925} INFO - DAG(s) 'tutorial_taskflow_api' retrieved from /home/ubuntu/customer_churn_youtube_venv/lib/python3.12/site-packages/airflow/example_dags/tutorial_taskflow_api.py
[2025-03-26T17:13:13.201+0000] {logging_mixin.py:190} INFO - [2025-03-26T17:13:13.201+0000] {override.py:1930} INFO - Created Permission View: can edit on DAG:tutorial_taskflow_api
[2025-03-26T17:13:13.215+0000] {logging_mixin.py:190} INFO - [2025-03-26T17:13:13.214+0000] {override.py:1930} INFO - Created Permission View: can read on DAG:tutorial_taskflow_api
[2025-03-26T17:13:13.224+0000] {logging_mixin.py:190} INFO - [2025-03-26T17:13:13.224+0000] {override.py:1930} INFO - Created Permission View: can delete on DAG:tutorial_taskflow_api
[2025-03-26T17:13:13.242+0000] {logging_mixin.py:190} INFO - [2025-03-26T17:13:13.241+0000] {override.py:1930} INFO - Created Permission View: menu access on DAG Run:tutorial_taskflow_api
[2025-03-26T17:13:13.252+0000] {logging_mixin.py:190} INFO - [2025-03-26T17:13:13.251+0000] {override.py:1930} INFO - Created Permission View: can create on DAG Run:tutorial_taskflow_api
[2025-03-26T17:13:13.263+0000] {logging_mixin.py:190} INFO - [2025-03-26T17:13:13.262+0000] {override.py:1930} INFO - Created Permission View: can delete on DAG Run:tutorial_taskflow_api
[2025-03-26T17:13:13.273+0000] {logging_mixin.py:190} INFO - [2025-03-26T17:13:13.273+0000] {override.py:1930} INFO - Created Permission View: can read on DAG Run:tutorial_taskflow_api
[2025-03-26T17:13:13.273+0000] {logging_mixin.py:190} INFO - [2025-03-26T17:13:13.273+0000] {dag.py:3239} INFO - Sync 1 DAGs
[2025-03-26T17:13:13.285+0000] {logging_mixin.py:190} INFO - [2025-03-26T17:13:13.285+0000] {dag.py:3262} INFO - Creating ORM DAG for tutorial_taskflow_api
[2025-03-26T17:13:13.285+0000] {logging_mixin.py:190} INFO - [2025-03-26T17:13:13.285+0000] {dag.py:4180} INFO - Setting next_dagrun for tutorial_taskflow_api to None, run_after=None
[2025-03-26T17:13:13.303+0000] {processor.py:208} INFO - Processing /home/ubuntu/customer_churn_youtube_venv/lib/python3.12/site-packages/airflow/example_dags/tutorial_taskflow_api.py took 0.229 seconds
[2025-03-26T17:14:23.313+0000] {processor.py:186} INFO - Started process (PID=6319) to work on /home/ubuntu/customer_churn_youtube_venv/lib/python3.12/site-packages/airflow/example_dags/tutorial_taskflow_api.py
[2025-03-26T17:14:23.315+0000] {processor.py:914} INFO - Processing file /home/ubuntu/customer_churn_youtube_venv/lib/python3.12/site-packages/airflow/example_dags/tutorial_taskflow_api.py for tasks to queue
[2025-03-26T17:14:23.317+0000] {logging_mixin.py:190} INFO - [2025-03-26T17:14:23.317+0000] {dagbag.py:588} INFO - Filling up the DagBag from /home/ubuntu/customer_churn_youtube_venv/lib/python3.12/site-packages/airflow/example_dags/tutorial_taskflow_api.py
[2025-03-26T17:14:23.326+0000] {processor.py:925} INFO - DAG(s) 'tutorial_taskflow_api' retrieved from /home/ubuntu/customer_churn_youtube_venv/lib/python3.12/site-packages/airflow/example_dags/tutorial_taskflow_api.py
[2025-03-26T17:14:23.341+0000] {logging_mixin.py:190} INFO - [2025-03-26T17:14:23.341+0000] {dag.py:3239} INFO - Sync 1 DAGs
[2025-03-26T17:14:23.352+0000] {logging_mixin.py:190} INFO - [2025-03-26T17:14:23.352+0000] {dag.py:4180} INFO - Setting next_dagrun for tutorial_taskflow_api to None, run_after=None
[2025-03-26T17:14:23.374+0000] {processor.py:208} INFO - Processing /home/ubuntu/customer_churn_youtube_venv/lib/python3.12/site-packages/airflow/example_dags/tutorial_taskflow_api.py took 0.065 seconds
[2025-03-26T17:15:19.348+0000] {processor.py:186} INFO - Started process (PID=6382) to work on /home/ubuntu/customer_churn_youtube_venv/lib/python3.12/site-packages/airflow/example_dags/tutorial_taskflow_api.py
[2025-03-26T17:15:19.350+0000] {processor.py:914} INFO - Processing file /home/ubuntu/customer_churn_youtube_venv/lib/python3.12/site-packages/airflow/example_dags/tutorial_taskflow_api.py for tasks to queue
[2025-03-26T17:15:19.352+0000] {logging_mixin.py:190} INFO - [2025-03-26T17:15:19.352+0000] {dagbag.py:588} INFO - Filling up the DagBag from /home/ubuntu/customer_churn_youtube_venv/lib/python3.12/site-packages/airflow/example_dags/tutorial_taskflow_api.py
[2025-03-26T17:15:19.360+0000] {processor.py:925} INFO - DAG(s) 'tutorial_taskflow_api' retrieved from /home/ubuntu/customer_churn_youtube_venv/lib/python3.12/site-packages/airflow/example_dags/tutorial_taskflow_api.py
[2025-03-26T17:15:19.375+0000] {logging_mixin.py:190} INFO - [2025-03-26T17:15:19.375+0000] {dag.py:3239} INFO - Sync 1 DAGs
[2025-03-26T17:15:19.387+0000] {logging_mixin.py:190} INFO - [2025-03-26T17:15:19.387+0000] {dag.py:4180} INFO - Setting next_dagrun for tutorial_taskflow_api to None, run_after=None
[2025-03-26T17:15:19.409+0000] {processor.py:208} INFO - Processing /home/ubuntu/customer_churn_youtube_venv/lib/python3.12/site-packages/airflow/example_dags/tutorial_taskflow_api.py took 0.066 seconds
[2025-03-26T17:16:10.582+0000] {processor.py:186} INFO - Started process (PID=6435) to work on /home/ubuntu/customer_churn_youtube_venv/lib/python3.12/site-packages/airflow/example_dags/tutorial_taskflow_api.py
[2025-03-26T17:16:10.584+0000] {processor.py:914} INFO - Processing file /home/ubuntu/customer_churn_youtube_venv/lib/python3.12/site-packages/airflow/example_dags/tutorial_taskflow_api.py for tasks to queue
[2025-03-26T17:16:10.586+0000] {logging_mixin.py:190} INFO - [2025-03-26T17:16:10.585+0000] {dagbag.py:588} INFO - Filling up the DagBag from /home/ubuntu/customer_churn_youtube_venv/lib/python3.12/site-packages/airflow/example_dags/tutorial_taskflow_api.py
[2025-03-26T17:16:10.594+0000] {processor.py:925} INFO - DAG(s) 'tutorial_taskflow_api' retrieved from /home/ubuntu/customer_churn_youtube_venv/lib/python3.12/site-packages/airflow/example_dags/tutorial_taskflow_api.py
[2025-03-26T17:16:10.611+0000] {logging_mixin.py:190} INFO - [2025-03-26T17:16:10.611+0000] {dag.py:3239} INFO - Sync 1 DAGs
[2025-03-26T17:16:10.621+0000] {logging_mixin.py:190} INFO - [2025-03-26T17:16:10.621+0000] {dag.py:4180} INFO - Setting next_dagrun for tutorial_taskflow_api to None, run_after=None
[2025-03-26T17:16:10.645+0000] {processor.py:208} INFO - Processing /home/ubuntu/customer_churn_youtube_venv/lib/python3.12/site-packages/airflow/example_dags/tutorial_taskflow_api.py took 0.069 seconds
[2025-03-26T17:17:05.068+0000] {processor.py:186} INFO - Started process (PID=6493) to work on /home/ubuntu/customer_churn_youtube_venv/lib/python3.12/site-packages/airflow/example_dags/tutorial_taskflow_api.py
[2025-03-26T17:17:05.069+0000] {processor.py:914} INFO - Processing file /home/ubuntu/customer_churn_youtube_venv/lib/python3.12/site-packages/airflow/example_dags/tutorial_taskflow_api.py for tasks to queue
[2025-03-26T17:17:05.072+0000] {logging_mixin.py:190} INFO - [2025-03-26T17:17:05.071+0000] {dagbag.py:588} INFO - Filling up the DagBag from /home/ubuntu/customer_churn_youtube_venv/lib/python3.12/site-packages/airflow/example_dags/tutorial_taskflow_api.py
[2025-03-26T17:17:05.080+0000] {processor.py:925} INFO - DAG(s) 'tutorial_taskflow_api' retrieved from /home/ubuntu/customer_churn_youtube_venv/lib/python3.12/site-packages/airflow/example_dags/tutorial_taskflow_api.py
[2025-03-26T17:17:05.095+0000] {logging_mixin.py:190} INFO - [2025-03-26T17:17:05.095+0000] {dag.py:3239} INFO - Sync 1 DAGs
[2025-03-26T17:17:05.108+0000] {logging_mixin.py:190} INFO - [2025-03-26T17:17:05.108+0000] {dag.py:4180} INFO - Setting next_dagrun for tutorial_taskflow_api to None, run_after=None
[2025-03-26T17:17:05.130+0000] {processor.py:208} INFO - Processing /home/ubuntu/customer_churn_youtube_venv/lib/python3.12/site-packages/airflow/example_dags/tutorial_taskflow_api.py took 0.068 seconds
[2025-03-26T17:17:57.568+0000] {processor.py:186} INFO - Started process (PID=6547) to work on /home/ubuntu/customer_churn_youtube_venv/lib/python3.12/site-packages/airflow/example_dags/tutorial_taskflow_api.py
[2025-03-26T17:17:57.569+0000] {processor.py:914} INFO - Processing file /home/ubuntu/customer_churn_youtube_venv/lib/python3.12/site-packages/airflow/example_dags/tutorial_taskflow_api.py for tasks to queue
[2025-03-26T17:17:57.572+0000] {logging_mixin.py:190} INFO - [2025-03-26T17:17:57.572+0000] {dagbag.py:588} INFO - Filling up the DagBag from /home/ubuntu/customer_churn_youtube_venv/lib/python3.12/site-packages/airflow/example_dags/tutorial_taskflow_api.py
[2025-03-26T17:17:57.580+0000] {processor.py:925} INFO - DAG(s) 'tutorial_taskflow_api' retrieved from /home/ubuntu/customer_churn_youtube_venv/lib/python3.12/site-packages/airflow/example_dags/tutorial_taskflow_api.py
[2025-03-26T17:17:57.595+0000] {logging_mixin.py:190} INFO - [2025-03-26T17:17:57.594+0000] {dag.py:3239} INFO - Sync 1 DAGs
[2025-03-26T17:17:57.606+0000] {logging_mixin.py:190} INFO - [2025-03-26T17:17:57.606+0000] {dag.py:4180} INFO - Setting next_dagrun for tutorial_taskflow_api to None, run_after=None
[2025-03-26T17:17:57.628+0000] {processor.py:208} INFO - Processing /home/ubuntu/customer_churn_youtube_venv/lib/python3.12/site-packages/airflow/example_dags/tutorial_taskflow_api.py took 0.065 seconds
[2025-03-26T17:18:51.031+0000] {processor.py:186} INFO - Started process (PID=6602) to work on /home/ubuntu/customer_churn_youtube_venv/lib/python3.12/site-packages/airflow/example_dags/tutorial_taskflow_api.py
[2025-03-26T17:18:51.033+0000] {processor.py:914} INFO - Processing file /home/ubuntu/customer_churn_youtube_venv/lib/python3.12/site-packages/airflow/example_dags/tutorial_taskflow_api.py for tasks to queue
[2025-03-26T17:18:51.036+0000] {logging_mixin.py:190} INFO - [2025-03-26T17:18:51.035+0000] {dagbag.py:588} INFO - Filling up the DagBag from /home/ubuntu/customer_churn_youtube_venv/lib/python3.12/site-packages/airflow/example_dags/tutorial_taskflow_api.py
[2025-03-26T17:18:51.043+0000] {processor.py:925} INFO - DAG(s) 'tutorial_taskflow_api' retrieved from /home/ubuntu/customer_churn_youtube_venv/lib/python3.12/site-packages/airflow/example_dags/tutorial_taskflow_api.py
[2025-03-26T17:18:51.059+0000] {logging_mixin.py:190} INFO - [2025-03-26T17:18:51.059+0000] {dag.py:3239} INFO - Sync 1 DAGs
[2025-03-26T17:18:51.070+0000] {logging_mixin.py:190} INFO - [2025-03-26T17:18:51.070+0000] {dag.py:4180} INFO - Setting next_dagrun for tutorial_taskflow_api to None, run_after=None
[2025-03-26T17:18:51.092+0000] {processor.py:208} INFO - Processing /home/ubuntu/customer_churn_youtube_venv/lib/python3.12/site-packages/airflow/example_dags/tutorial_taskflow_api.py took 0.065 seconds
[2025-03-26T17:19:52.101+0000] {processor.py:186} INFO - Started process (PID=6659) to work on /home/ubuntu/customer_churn_youtube_venv/lib/python3.12/site-packages/airflow/example_dags/tutorial_taskflow_api.py
[2025-03-26T17:19:52.103+0000] {processor.py:914} INFO - Processing file /home/ubuntu/customer_churn_youtube_venv/lib/python3.12/site-packages/airflow/example_dags/tutorial_taskflow_api.py for tasks to queue
[2025-03-26T17:19:52.104+0000] {logging_mixin.py:190} INFO - [2025-03-26T17:19:52.104+0000] {dagbag.py:588} INFO - Filling up the DagBag from /home/ubuntu/customer_churn_youtube_venv/lib/python3.12/site-packages/airflow/example_dags/tutorial_taskflow_api.py
[2025-03-26T17:19:52.113+0000] {processor.py:925} INFO - DAG(s) 'tutorial_taskflow_api' retrieved from /home/ubuntu/customer_churn_youtube_venv/lib/python3.12/site-packages/airflow/example_dags/tutorial_taskflow_api.py
[2025-03-26T17:19:52.130+0000] {logging_mixin.py:190} INFO - [2025-03-26T17:19:52.130+0000] {dag.py:3239} INFO - Sync 1 DAGs
[2025-03-26T17:19:52.142+0000] {logging_mixin.py:190} INFO - [2025-03-26T17:19:52.141+0000] {dag.py:4180} INFO - Setting next_dagrun for tutorial_taskflow_api to None, run_after=None
[2025-03-26T17:19:52.166+0000] {processor.py:208} INFO - Processing /home/ubuntu/customer_churn_youtube_venv/lib/python3.12/site-packages/airflow/example_dags/tutorial_taskflow_api.py took 0.071 seconds
[2025-03-26T17:20:48.791+0000] {processor.py:186} INFO - Started process (PID=6722) to work on /home/ubuntu/customer_churn_youtube_venv/lib/python3.12/site-packages/airflow/example_dags/tutorial_taskflow_api.py
[2025-03-26T17:20:48.793+0000] {processor.py:914} INFO - Processing file /home/ubuntu/customer_churn_youtube_venv/lib/python3.12/site-packages/airflow/example_dags/tutorial_taskflow_api.py for tasks to queue
[2025-03-26T17:20:48.795+0000] {logging_mixin.py:190} INFO - [2025-03-26T17:20:48.795+0000] {dagbag.py:588} INFO - Filling up the DagBag from /home/ubuntu/customer_churn_youtube_venv/lib/python3.12/site-packages/airflow/example_dags/tutorial_taskflow_api.py
[2025-03-26T17:20:48.804+0000] {processor.py:925} INFO - DAG(s) 'tutorial_taskflow_api' retrieved from /home/ubuntu/customer_churn_youtube_venv/lib/python3.12/site-packages/airflow/example_dags/tutorial_taskflow_api.py
[2025-03-26T17:20:48.818+0000] {logging_mixin.py:190} INFO - [2025-03-26T17:20:48.818+0000] {dag.py:3239} INFO - Sync 1 DAGs
[2025-03-26T17:20:48.830+0000] {logging_mixin.py:190} INFO - [2025-03-26T17:20:48.830+0000] {dag.py:4180} INFO - Setting next_dagrun for tutorial_taskflow_api to None, run_after=None
[2025-03-26T17:20:48.850+0000] {processor.py:208} INFO - Processing /home/ubuntu/customer_churn_youtube_venv/lib/python3.12/site-packages/airflow/example_dags/tutorial_taskflow_api.py took 0.064 seconds
[2025-03-26T17:21:41.294+0000] {processor.py:186} INFO - Started process (PID=6776) to work on /home/ubuntu/customer_churn_youtube_venv/lib/python3.12/site-packages/airflow/example_dags/tutorial_taskflow_api.py
[2025-03-26T17:21:41.296+0000] {processor.py:914} INFO - Processing file /home/ubuntu/customer_churn_youtube_venv/lib/python3.12/site-packages/airflow/example_dags/tutorial_taskflow_api.py for tasks to queue
[2025-03-26T17:21:41.298+0000] {logging_mixin.py:190} INFO - [2025-03-26T17:21:41.298+0000] {dagbag.py:588} INFO - Filling up the DagBag from /home/ubuntu/customer_churn_youtube_venv/lib/python3.12/site-packages/airflow/example_dags/tutorial_taskflow_api.py
[2025-03-26T17:21:41.306+0000] {processor.py:925} INFO - DAG(s) 'tutorial_taskflow_api' retrieved from /home/ubuntu/customer_churn_youtube_venv/lib/python3.12/site-packages/airflow/example_dags/tutorial_taskflow_api.py
[2025-03-26T17:21:41.322+0000] {logging_mixin.py:190} INFO - [2025-03-26T17:21:41.322+0000] {dag.py:3239} INFO - Sync 1 DAGs
[2025-03-26T17:21:41.334+0000] {logging_mixin.py:190} INFO - [2025-03-26T17:21:41.334+0000] {dag.py:4180} INFO - Setting next_dagrun for tutorial_taskflow_api to None, run_after=None
[2025-03-26T17:21:41.356+0000] {processor.py:208} INFO - Processing /home/ubuntu/customer_churn_youtube_venv/lib/python3.12/site-packages/airflow/example_dags/tutorial_taskflow_api.py took 0.067 seconds
[2025-03-26T17:22:33.237+0000] {processor.py:186} INFO - Started process (PID=6830) to work on /home/ubuntu/customer_churn_youtube_venv/lib/python3.12/site-packages/airflow/example_dags/tutorial_taskflow_api.py
[2025-03-26T17:22:33.239+0000] {processor.py:914} INFO - Processing file /home/ubuntu/customer_churn_youtube_venv/lib/python3.12/site-packages/airflow/example_dags/tutorial_taskflow_api.py for tasks to queue
[2025-03-26T17:22:33.242+0000] {logging_mixin.py:190} INFO - [2025-03-26T17:22:33.242+0000] {dagbag.py:588} INFO - Filling up the DagBag from /home/ubuntu/customer_churn_youtube_venv/lib/python3.12/site-packages/airflow/example_dags/tutorial_taskflow_api.py
[2025-03-26T17:22:33.251+0000] {processor.py:925} INFO - DAG(s) 'tutorial_taskflow_api' retrieved from /home/ubuntu/customer_churn_youtube_venv/lib/python3.12/site-packages/airflow/example_dags/tutorial_taskflow_api.py
[2025-03-26T17:22:33.266+0000] {logging_mixin.py:190} INFO - [2025-03-26T17:22:33.266+0000] {dag.py:3239} INFO - Sync 1 DAGs
[2025-03-26T17:22:33.278+0000] {logging_mixin.py:190} INFO - [2025-03-26T17:22:33.277+0000] {dag.py:4180} INFO - Setting next_dagrun for tutorial_taskflow_api to None, run_after=None
[2025-03-26T17:22:33.299+0000] {processor.py:208} INFO - Processing /home/ubuntu/customer_churn_youtube_venv/lib/python3.12/site-packages/airflow/example_dags/tutorial_taskflow_api.py took 0.067 seconds
[2025-03-26T17:23:25.631+0000] {processor.py:186} INFO - Started process (PID=6883) to work on /home/ubuntu/customer_churn_youtube_venv/lib/python3.12/site-packages/airflow/example_dags/tutorial_taskflow_api.py
[2025-03-26T17:23:25.634+0000] {processor.py:914} INFO - Processing file /home/ubuntu/customer_churn_youtube_venv/lib/python3.12/site-packages/airflow/example_dags/tutorial_taskflow_api.py for tasks to queue
[2025-03-26T17:23:25.636+0000] {logging_mixin.py:190} INFO - [2025-03-26T17:23:25.635+0000] {dagbag.py:588} INFO - Filling up the DagBag from /home/ubuntu/customer_churn_youtube_venv/lib/python3.12/site-packages/airflow/example_dags/tutorial_taskflow_api.py
[2025-03-26T17:23:25.645+0000] {processor.py:925} INFO - DAG(s) 'tutorial_taskflow_api' retrieved from /home/ubuntu/customer_churn_youtube_venv/lib/python3.12/site-packages/airflow/example_dags/tutorial_taskflow_api.py
[2025-03-26T17:23:25.659+0000] {logging_mixin.py:190} INFO - [2025-03-26T17:23:25.659+0000] {dag.py:3239} INFO - Sync 1 DAGs
[2025-03-26T17:23:25.672+0000] {logging_mixin.py:190} INFO - [2025-03-26T17:23:25.671+0000] {dag.py:4180} INFO - Setting next_dagrun for tutorial_taskflow_api to None, run_after=None
[2025-03-26T17:23:25.692+0000] {processor.py:208} INFO - Processing /home/ubuntu/customer_churn_youtube_venv/lib/python3.12/site-packages/airflow/example_dags/tutorial_taskflow_api.py took 0.066 seconds
[2025-03-26T17:24:15.869+0000] {processor.py:186} INFO - Started process (PID=6936) to work on /home/ubuntu/customer_churn_youtube_venv/lib/python3.12/site-packages/airflow/example_dags/tutorial_taskflow_api.py
[2025-03-26T17:24:15.871+0000] {processor.py:914} INFO - Processing file /home/ubuntu/customer_churn_youtube_venv/lib/python3.12/site-packages/airflow/example_dags/tutorial_taskflow_api.py for tasks to queue
[2025-03-26T17:24:15.872+0000] {logging_mixin.py:190} INFO - [2025-03-26T17:24:15.872+0000] {dagbag.py:588} INFO - Filling up the DagBag from /home/ubuntu/customer_churn_youtube_venv/lib/python3.12/site-packages/airflow/example_dags/tutorial_taskflow_api.py
[2025-03-26T17:24:15.882+0000] {processor.py:925} INFO - DAG(s) 'tutorial_taskflow_api' retrieved from /home/ubuntu/customer_churn_youtube_venv/lib/python3.12/site-packages/airflow/example_dags/tutorial_taskflow_api.py
[2025-03-26T17:24:15.896+0000] {logging_mixin.py:190} INFO - [2025-03-26T17:24:15.896+0000] {dag.py:3239} INFO - Sync 1 DAGs
[2025-03-26T17:24:15.908+0000] {logging_mixin.py:190} INFO - [2025-03-26T17:24:15.908+0000] {dag.py:4180} INFO - Setting next_dagrun for tutorial_taskflow_api to None, run_after=None
[2025-03-26T17:24:15.931+0000] {processor.py:208} INFO - Processing /home/ubuntu/customer_churn_youtube_venv/lib/python3.12/site-packages/airflow/example_dags/tutorial_taskflow_api.py took 0.068 seconds
[2025-03-26T17:25:06.140+0000] {processor.py:186} INFO - Started process (PID=6992) to work on /home/ubuntu/customer_churn_youtube_venv/lib/python3.12/site-packages/airflow/example_dags/tutorial_taskflow_api.py
[2025-03-26T17:25:06.141+0000] {processor.py:914} INFO - Processing file /home/ubuntu/customer_churn_youtube_venv/lib/python3.12/site-packages/airflow/example_dags/tutorial_taskflow_api.py for tasks to queue
[2025-03-26T17:25:06.143+0000] {logging_mixin.py:190} INFO - [2025-03-26T17:25:06.143+0000] {dagbag.py:588} INFO - Filling up the DagBag from /home/ubuntu/customer_churn_youtube_venv/lib/python3.12/site-packages/airflow/example_dags/tutorial_taskflow_api.py
[2025-03-26T17:25:06.152+0000] {processor.py:925} INFO - DAG(s) 'tutorial_taskflow_api' retrieved from /home/ubuntu/customer_churn_youtube_venv/lib/python3.12/site-packages/airflow/example_dags/tutorial_taskflow_api.py
[2025-03-26T17:25:06.168+0000] {logging_mixin.py:190} INFO - [2025-03-26T17:25:06.167+0000] {dag.py:3239} INFO - Sync 1 DAGs
[2025-03-26T17:25:06.180+0000] {logging_mixin.py:190} INFO - [2025-03-26T17:25:06.180+0000] {dag.py:4180} INFO - Setting next_dagrun for tutorial_taskflow_api to None, run_after=None
[2025-03-26T17:25:06.204+0000] {processor.py:208} INFO - Processing /home/ubuntu/customer_churn_youtube_venv/lib/python3.12/site-packages/airflow/example_dags/tutorial_taskflow_api.py took 0.069 seconds
[2025-03-26T17:25:55.260+0000] {processor.py:186} INFO - Started process (PID=7043) to work on /home/ubuntu/customer_churn_youtube_venv/lib/python3.12/site-packages/airflow/example_dags/tutorial_taskflow_api.py
[2025-03-26T17:25:55.263+0000] {processor.py:914} INFO - Processing file /home/ubuntu/customer_churn_youtube_venv/lib/python3.12/site-packages/airflow/example_dags/tutorial_taskflow_api.py for tasks to queue
[2025-03-26T17:25:55.264+0000] {logging_mixin.py:190} INFO - [2025-03-26T17:25:55.264+0000] {dagbag.py:588} INFO - Filling up the DagBag from /home/ubuntu/customer_churn_youtube_venv/lib/python3.12/site-packages/airflow/example_dags/tutorial_taskflow_api.py
[2025-03-26T17:25:55.274+0000] {processor.py:925} INFO - DAG(s) 'tutorial_taskflow_api' retrieved from /home/ubuntu/customer_churn_youtube_venv/lib/python3.12/site-packages/airflow/example_dags/tutorial_taskflow_api.py
[2025-03-26T17:25:55.289+0000] {logging_mixin.py:190} INFO - [2025-03-26T17:25:55.289+0000] {dag.py:3239} INFO - Sync 1 DAGs
[2025-03-26T17:25:55.301+0000] {logging_mixin.py:190} INFO - [2025-03-26T17:25:55.301+0000] {dag.py:4180} INFO - Setting next_dagrun for tutorial_taskflow_api to None, run_after=None
[2025-03-26T17:25:55.325+0000] {processor.py:208} INFO - Processing /home/ubuntu/customer_churn_youtube_venv/lib/python3.12/site-packages/airflow/example_dags/tutorial_taskflow_api.py took 0.069 seconds
[2025-03-26T17:26:45.907+0000] {processor.py:186} INFO - Started process (PID=7095) to work on /home/ubuntu/customer_churn_youtube_venv/lib/python3.12/site-packages/airflow/example_dags/tutorial_taskflow_api.py
[2025-03-26T17:26:45.908+0000] {processor.py:914} INFO - Processing file /home/ubuntu/customer_churn_youtube_venv/lib/python3.12/site-packages/airflow/example_dags/tutorial_taskflow_api.py for tasks to queue
[2025-03-26T17:26:45.910+0000] {logging_mixin.py:190} INFO - [2025-03-26T17:26:45.910+0000] {dagbag.py:588} INFO - Filling up the DagBag from /home/ubuntu/customer_churn_youtube_venv/lib/python3.12/site-packages/airflow/example_dags/tutorial_taskflow_api.py
[2025-03-26T17:26:45.919+0000] {processor.py:925} INFO - DAG(s) 'tutorial_taskflow_api' retrieved from /home/ubuntu/customer_churn_youtube_venv/lib/python3.12/site-packages/airflow/example_dags/tutorial_taskflow_api.py
[2025-03-26T17:26:45.935+0000] {logging_mixin.py:190} INFO - [2025-03-26T17:26:45.934+0000] {dag.py:3239} INFO - Sync 1 DAGs
[2025-03-26T17:26:45.946+0000] {logging_mixin.py:190} INFO - [2025-03-26T17:26:45.946+0000] {dag.py:4180} INFO - Setting next_dagrun for tutorial_taskflow_api to None, run_after=None
[2025-03-26T17:26:45.967+0000] {processor.py:208} INFO - Processing /home/ubuntu/customer_churn_youtube_venv/lib/python3.12/site-packages/airflow/example_dags/tutorial_taskflow_api.py took 0.066 seconds
[2025-03-26T17:27:38.340+0000] {processor.py:186} INFO - Started process (PID=7195) to work on /home/ubuntu/customer_churn_youtube_venv/lib/python3.12/site-packages/airflow/example_dags/tutorial_taskflow_api.py
[2025-03-26T17:27:38.341+0000] {processor.py:914} INFO - Processing file /home/ubuntu/customer_churn_youtube_venv/lib/python3.12/site-packages/airflow/example_dags/tutorial_taskflow_api.py for tasks to queue
[2025-03-26T17:27:38.342+0000] {logging_mixin.py:190} INFO - [2025-03-26T17:27:38.342+0000] {dagbag.py:588} INFO - Filling up the DagBag from /home/ubuntu/customer_churn_youtube_venv/lib/python3.12/site-packages/airflow/example_dags/tutorial_taskflow_api.py
[2025-03-26T17:27:38.352+0000] {processor.py:925} INFO - DAG(s) 'tutorial_taskflow_api' retrieved from /home/ubuntu/customer_churn_youtube_venv/lib/python3.12/site-packages/airflow/example_dags/tutorial_taskflow_api.py
[2025-03-26T17:27:38.367+0000] {logging_mixin.py:190} INFO - [2025-03-26T17:27:38.367+0000] {dag.py:3239} INFO - Sync 1 DAGs
[2025-03-26T17:27:38.379+0000] {logging_mixin.py:190} INFO - [2025-03-26T17:27:38.379+0000] {dag.py:4180} INFO - Setting next_dagrun for tutorial_taskflow_api to None, run_after=None
[2025-03-26T17:27:38.403+0000] {processor.py:208} INFO - Processing /home/ubuntu/customer_churn_youtube_venv/lib/python3.12/site-packages/airflow/example_dags/tutorial_taskflow_api.py took 0.070 seconds
[2025-03-26T17:28:29.139+0000] {processor.py:186} INFO - Started process (PID=7249) to work on /home/ubuntu/customer_churn_youtube_venv/lib/python3.12/site-packages/airflow/example_dags/tutorial_taskflow_api.py
[2025-03-26T17:28:29.140+0000] {processor.py:914} INFO - Processing file /home/ubuntu/customer_churn_youtube_venv/lib/python3.12/site-packages/airflow/example_dags/tutorial_taskflow_api.py for tasks to queue
[2025-03-26T17:28:29.142+0000] {logging_mixin.py:190} INFO - [2025-03-26T17:28:29.142+0000] {dagbag.py:588} INFO - Filling up the DagBag from /home/ubuntu/customer_churn_youtube_venv/lib/python3.12/site-packages/airflow/example_dags/tutorial_taskflow_api.py
[2025-03-26T17:28:29.151+0000] {processor.py:925} INFO - DAG(s) 'tutorial_taskflow_api' retrieved from /home/ubuntu/customer_churn_youtube_venv/lib/python3.12/site-packages/airflow/example_dags/tutorial_taskflow_api.py
[2025-03-26T17:28:29.166+0000] {logging_mixin.py:190} INFO - [2025-03-26T17:28:29.166+0000] {dag.py:3239} INFO - Sync 1 DAGs
[2025-03-26T17:28:29.179+0000] {logging_mixin.py:190} INFO - [2025-03-26T17:28:29.178+0000] {dag.py:4180} INFO - Setting next_dagrun for tutorial_taskflow_api to None, run_after=None
[2025-03-26T17:28:29.201+0000] {processor.py:208} INFO - Processing /home/ubuntu/customer_churn_youtube_venv/lib/python3.12/site-packages/airflow/example_dags/tutorial_taskflow_api.py took 0.068 seconds
[2025-03-26T17:29:19.356+0000] {processor.py:186} INFO - Started process (PID=7301) to work on /home/ubuntu/customer_churn_youtube_venv/lib/python3.12/site-packages/airflow/example_dags/tutorial_taskflow_api.py
[2025-03-26T17:29:19.357+0000] {processor.py:914} INFO - Processing file /home/ubuntu/customer_churn_youtube_venv/lib/python3.12/site-packages/airflow/example_dags/tutorial_taskflow_api.py for tasks to queue
[2025-03-26T17:29:19.359+0000] {logging_mixin.py:190} INFO - [2025-03-26T17:29:19.359+0000] {dagbag.py:588} INFO - Filling up the DagBag from /home/ubuntu/customer_churn_youtube_venv/lib/python3.12/site-packages/airflow/example_dags/tutorial_taskflow_api.py
[2025-03-26T17:29:19.368+0000] {processor.py:925} INFO - DAG(s) 'tutorial_taskflow_api' retrieved from /home/ubuntu/customer_churn_youtube_venv/lib/python3.12/site-packages/airflow/example_dags/tutorial_taskflow_api.py
[2025-03-26T17:29:19.382+0000] {logging_mixin.py:190} INFO - [2025-03-26T17:29:19.382+0000] {dag.py:3239} INFO - Sync 1 DAGs
[2025-03-26T17:29:19.394+0000] {logging_mixin.py:190} INFO - [2025-03-26T17:29:19.394+0000] {dag.py:4180} INFO - Setting next_dagrun for tutorial_taskflow_api to None, run_after=None
[2025-03-26T17:29:19.416+0000] {processor.py:208} INFO - Processing /home/ubuntu/customer_churn_youtube_venv/lib/python3.12/site-packages/airflow/example_dags/tutorial_taskflow_api.py took 0.065 seconds
[2025-03-26T17:30:08.797+0000] {processor.py:186} INFO - Started process (PID=7357) to work on /home/ubuntu/customer_churn_youtube_venv/lib/python3.12/site-packages/airflow/example_dags/tutorial_taskflow_api.py
[2025-03-26T17:30:08.799+0000] {processor.py:914} INFO - Processing file /home/ubuntu/customer_churn_youtube_venv/lib/python3.12/site-packages/airflow/example_dags/tutorial_taskflow_api.py for tasks to queue
[2025-03-26T17:30:08.800+0000] {logging_mixin.py:190} INFO - [2025-03-26T17:30:08.800+0000] {dagbag.py:588} INFO - Filling up the DagBag from /home/ubuntu/customer_churn_youtube_venv/lib/python3.12/site-packages/airflow/example_dags/tutorial_taskflow_api.py
[2025-03-26T17:30:08.809+0000] {processor.py:925} INFO - DAG(s) 'tutorial_taskflow_api' retrieved from /home/ubuntu/customer_churn_youtube_venv/lib/python3.12/site-packages/airflow/example_dags/tutorial_taskflow_api.py
[2025-03-26T17:30:08.825+0000] {logging_mixin.py:190} INFO - [2025-03-26T17:30:08.824+0000] {dag.py:3239} INFO - Sync 1 DAGs
[2025-03-26T17:30:08.837+0000] {logging_mixin.py:190} INFO - [2025-03-26T17:30:08.837+0000] {dag.py:4180} INFO - Setting next_dagrun for tutorial_taskflow_api to None, run_after=None
[2025-03-26T17:30:08.860+0000] {processor.py:208} INFO - Processing /home/ubuntu/customer_churn_youtube_venv/lib/python3.12/site-packages/airflow/example_dags/tutorial_taskflow_api.py took 0.068 seconds
[2025-03-26T17:30:58.993+0000] {processor.py:186} INFO - Started process (PID=7408) to work on /home/ubuntu/customer_churn_youtube_venv/lib/python3.12/site-packages/airflow/example_dags/tutorial_taskflow_api.py
[2025-03-26T17:30:58.995+0000] {processor.py:914} INFO - Processing file /home/ubuntu/customer_churn_youtube_venv/lib/python3.12/site-packages/airflow/example_dags/tutorial_taskflow_api.py for tasks to queue
[2025-03-26T17:30:58.997+0000] {logging_mixin.py:190} INFO - [2025-03-26T17:30:58.997+0000] {dagbag.py:588} INFO - Filling up the DagBag from /home/ubuntu/customer_churn_youtube_venv/lib/python3.12/site-packages/airflow/example_dags/tutorial_taskflow_api.py
[2025-03-26T17:30:59.006+0000] {processor.py:925} INFO - DAG(s) 'tutorial_taskflow_api' retrieved from /home/ubuntu/customer_churn_youtube_venv/lib/python3.12/site-packages/airflow/example_dags/tutorial_taskflow_api.py
[2025-03-26T17:30:59.022+0000] {logging_mixin.py:190} INFO - [2025-03-26T17:30:59.022+0000] {dag.py:3239} INFO - Sync 1 DAGs
[2025-03-26T17:30:59.034+0000] {logging_mixin.py:190} INFO - [2025-03-26T17:30:59.034+0000] {dag.py:4180} INFO - Setting next_dagrun for tutorial_taskflow_api to None, run_after=None
[2025-03-26T17:30:59.055+0000] {processor.py:208} INFO - Processing /home/ubuntu/customer_churn_youtube_venv/lib/python3.12/site-packages/airflow/example_dags/tutorial_taskflow_api.py took 0.067 seconds
[2025-03-26T17:31:49.539+0000] {processor.py:186} INFO - Started process (PID=7461) to work on /home/ubuntu/customer_churn_youtube_venv/lib/python3.12/site-packages/airflow/example_dags/tutorial_taskflow_api.py
[2025-03-26T17:31:49.541+0000] {processor.py:914} INFO - Processing file /home/ubuntu/customer_churn_youtube_venv/lib/python3.12/site-packages/airflow/example_dags/tutorial_taskflow_api.py for tasks to queue
[2025-03-26T17:31:49.543+0000] {logging_mixin.py:190} INFO - [2025-03-26T17:31:49.542+0000] {dagbag.py:588} INFO - Filling up the DagBag from /home/ubuntu/customer_churn_youtube_venv/lib/python3.12/site-packages/airflow/example_dags/tutorial_taskflow_api.py
[2025-03-26T17:31:49.551+0000] {processor.py:925} INFO - DAG(s) 'tutorial_taskflow_api' retrieved from /home/ubuntu/customer_churn_youtube_venv/lib/python3.12/site-packages/airflow/example_dags/tutorial_taskflow_api.py
[2025-03-26T17:31:49.567+0000] {logging_mixin.py:190} INFO - [2025-03-26T17:31:49.567+0000] {dag.py:3239} INFO - Sync 1 DAGs
[2025-03-26T17:31:49.579+0000] {logging_mixin.py:190} INFO - [2025-03-26T17:31:49.579+0000] {dag.py:4180} INFO - Setting next_dagrun for tutorial_taskflow_api to None, run_after=None
[2025-03-26T17:31:49.600+0000] {processor.py:208} INFO - Processing /home/ubuntu/customer_churn_youtube_venv/lib/python3.12/site-packages/airflow/example_dags/tutorial_taskflow_api.py took 0.067 seconds
[2025-03-26T17:32:40.654+0000] {processor.py:186} INFO - Started process (PID=7554) to work on /home/ubuntu/customer_churn_youtube_venv/lib/python3.12/site-packages/airflow/example_dags/tutorial_taskflow_api.py
[2025-03-26T17:32:40.656+0000] {processor.py:914} INFO - Processing file /home/ubuntu/customer_churn_youtube_venv/lib/python3.12/site-packages/airflow/example_dags/tutorial_taskflow_api.py for tasks to queue
[2025-03-26T17:32:40.658+0000] {logging_mixin.py:190} INFO - [2025-03-26T17:32:40.658+0000] {dagbag.py:588} INFO - Filling up the DagBag from /home/ubuntu/customer_churn_youtube_venv/lib/python3.12/site-packages/airflow/example_dags/tutorial_taskflow_api.py
[2025-03-26T17:32:40.667+0000] {processor.py:925} INFO - DAG(s) 'tutorial_taskflow_api' retrieved from /home/ubuntu/customer_churn_youtube_venv/lib/python3.12/site-packages/airflow/example_dags/tutorial_taskflow_api.py
[2025-03-26T17:32:40.682+0000] {logging_mixin.py:190} INFO - [2025-03-26T17:32:40.682+0000] {dag.py:3239} INFO - Sync 1 DAGs
[2025-03-26T17:32:40.694+0000] {logging_mixin.py:190} INFO - [2025-03-26T17:32:40.694+0000] {dag.py:4180} INFO - Setting next_dagrun for tutorial_taskflow_api to None, run_after=None
[2025-03-26T17:32:40.715+0000] {processor.py:208} INFO - Processing /home/ubuntu/customer_churn_youtube_venv/lib/python3.12/site-packages/airflow/example_dags/tutorial_taskflow_api.py took 0.067 seconds
[2025-03-26T17:33:32.588+0000] {processor.py:186} INFO - Started process (PID=7608) to work on /home/ubuntu/customer_churn_youtube_venv/lib/python3.12/site-packages/airflow/example_dags/tutorial_taskflow_api.py
[2025-03-26T17:33:32.590+0000] {processor.py:914} INFO - Processing file /home/ubuntu/customer_churn_youtube_venv/lib/python3.12/site-packages/airflow/example_dags/tutorial_taskflow_api.py for tasks to queue
[2025-03-26T17:33:32.592+0000] {logging_mixin.py:190} INFO - [2025-03-26T17:33:32.591+0000] {dagbag.py:588} INFO - Filling up the DagBag from /home/ubuntu/customer_churn_youtube_venv/lib/python3.12/site-packages/airflow/example_dags/tutorial_taskflow_api.py
[2025-03-26T17:33:32.601+0000] {processor.py:925} INFO - DAG(s) 'tutorial_taskflow_api' retrieved from /home/ubuntu/customer_churn_youtube_venv/lib/python3.12/site-packages/airflow/example_dags/tutorial_taskflow_api.py
[2025-03-26T17:33:32.615+0000] {logging_mixin.py:190} INFO - [2025-03-26T17:33:32.615+0000] {dag.py:3239} INFO - Sync 1 DAGs
[2025-03-26T17:33:32.628+0000] {logging_mixin.py:190} INFO - [2025-03-26T17:33:32.628+0000] {dag.py:4180} INFO - Setting next_dagrun for tutorial_taskflow_api to None, run_after=None
[2025-03-26T17:33:32.651+0000] {processor.py:208} INFO - Processing /home/ubuntu/customer_churn_youtube_venv/lib/python3.12/site-packages/airflow/example_dags/tutorial_taskflow_api.py took 0.068 seconds
[2025-03-26T17:34:23.390+0000] {processor.py:186} INFO - Started process (PID=7660) to work on /home/ubuntu/customer_churn_youtube_venv/lib/python3.12/site-packages/airflow/example_dags/tutorial_taskflow_api.py
[2025-03-26T17:34:23.392+0000] {processor.py:914} INFO - Processing file /home/ubuntu/customer_churn_youtube_venv/lib/python3.12/site-packages/airflow/example_dags/tutorial_taskflow_api.py for tasks to queue
[2025-03-26T17:34:23.393+0000] {logging_mixin.py:190} INFO - [2025-03-26T17:34:23.393+0000] {dagbag.py:588} INFO - Filling up the DagBag from /home/ubuntu/customer_churn_youtube_venv/lib/python3.12/site-packages/airflow/example_dags/tutorial_taskflow_api.py
[2025-03-26T17:34:23.403+0000] {processor.py:925} INFO - DAG(s) 'tutorial_taskflow_api' retrieved from /home/ubuntu/customer_churn_youtube_venv/lib/python3.12/site-packages/airflow/example_dags/tutorial_taskflow_api.py
[2025-03-26T17:34:23.419+0000] {logging_mixin.py:190} INFO - [2025-03-26T17:34:23.419+0000] {dag.py:3239} INFO - Sync 1 DAGs
[2025-03-26T17:34:23.431+0000] {logging_mixin.py:190} INFO - [2025-03-26T17:34:23.431+0000] {dag.py:4180} INFO - Setting next_dagrun for tutorial_taskflow_api to None, run_after=None
[2025-03-26T17:34:23.451+0000] {processor.py:208} INFO - Processing /home/ubuntu/customer_churn_youtube_venv/lib/python3.12/site-packages/airflow/example_dags/tutorial_taskflow_api.py took 0.067 seconds
[2025-03-26T17:35:16.568+0000] {processor.py:186} INFO - Started process (PID=7721) to work on /home/ubuntu/customer_churn_youtube_venv/lib/python3.12/site-packages/airflow/example_dags/tutorial_taskflow_api.py
[2025-03-26T17:35:16.569+0000] {processor.py:914} INFO - Processing file /home/ubuntu/customer_churn_youtube_venv/lib/python3.12/site-packages/airflow/example_dags/tutorial_taskflow_api.py for tasks to queue
[2025-03-26T17:35:16.571+0000] {logging_mixin.py:190} INFO - [2025-03-26T17:35:16.571+0000] {dagbag.py:588} INFO - Filling up the DagBag from /home/ubuntu/customer_churn_youtube_venv/lib/python3.12/site-packages/airflow/example_dags/tutorial_taskflow_api.py
[2025-03-26T17:35:16.580+0000] {processor.py:925} INFO - DAG(s) 'tutorial_taskflow_api' retrieved from /home/ubuntu/customer_churn_youtube_venv/lib/python3.12/site-packages/airflow/example_dags/tutorial_taskflow_api.py
[2025-03-26T17:35:16.595+0000] {logging_mixin.py:190} INFO - [2025-03-26T17:35:16.595+0000] {dag.py:3239} INFO - Sync 1 DAGs
[2025-03-26T17:35:16.607+0000] {logging_mixin.py:190} INFO - [2025-03-26T17:35:16.606+0000] {dag.py:4180} INFO - Setting next_dagrun for tutorial_taskflow_api to None, run_after=None
[2025-03-26T17:35:16.627+0000] {processor.py:208} INFO - Processing /home/ubuntu/customer_churn_youtube_venv/lib/python3.12/site-packages/airflow/example_dags/tutorial_taskflow_api.py took 0.065 seconds
[2025-03-26T17:36:11.054+0000] {processor.py:186} INFO - Started process (PID=7777) to work on /home/ubuntu/customer_churn_youtube_venv/lib/python3.12/site-packages/airflow/example_dags/tutorial_taskflow_api.py
[2025-03-26T17:36:11.055+0000] {processor.py:914} INFO - Processing file /home/ubuntu/customer_churn_youtube_venv/lib/python3.12/site-packages/airflow/example_dags/tutorial_taskflow_api.py for tasks to queue
[2025-03-26T17:36:11.057+0000] {logging_mixin.py:190} INFO - [2025-03-26T17:36:11.057+0000] {dagbag.py:588} INFO - Filling up the DagBag from /home/ubuntu/customer_churn_youtube_venv/lib/python3.12/site-packages/airflow/example_dags/tutorial_taskflow_api.py
[2025-03-26T17:36:11.067+0000] {processor.py:925} INFO - DAG(s) 'tutorial_taskflow_api' retrieved from /home/ubuntu/customer_churn_youtube_venv/lib/python3.12/site-packages/airflow/example_dags/tutorial_taskflow_api.py
[2025-03-26T17:36:11.082+0000] {logging_mixin.py:190} INFO - [2025-03-26T17:36:11.082+0000] {dag.py:3239} INFO - Sync 1 DAGs
[2025-03-26T17:36:11.095+0000] {logging_mixin.py:190} INFO - [2025-03-26T17:36:11.095+0000] {dag.py:4180} INFO - Setting next_dagrun for tutorial_taskflow_api to None, run_after=None
[2025-03-26T17:36:11.120+0000] {processor.py:208} INFO - Processing /home/ubuntu/customer_churn_youtube_venv/lib/python3.12/site-packages/airflow/example_dags/tutorial_taskflow_api.py took 0.072 seconds
[2025-03-26T17:37:02.339+0000] {processor.py:186} INFO - Started process (PID=7830) to work on /home/ubuntu/customer_churn_youtube_venv/lib/python3.12/site-packages/airflow/example_dags/tutorial_taskflow_api.py
[2025-03-26T17:37:02.340+0000] {processor.py:914} INFO - Processing file /home/ubuntu/customer_churn_youtube_venv/lib/python3.12/site-packages/airflow/example_dags/tutorial_taskflow_api.py for tasks to queue
[2025-03-26T17:37:02.343+0000] {logging_mixin.py:190} INFO - [2025-03-26T17:37:02.343+0000] {dagbag.py:588} INFO - Filling up the DagBag from /home/ubuntu/customer_churn_youtube_venv/lib/python3.12/site-packages/airflow/example_dags/tutorial_taskflow_api.py
[2025-03-26T17:37:02.353+0000] {processor.py:925} INFO - DAG(s) 'tutorial_taskflow_api' retrieved from /home/ubuntu/customer_churn_youtube_venv/lib/python3.12/site-packages/airflow/example_dags/tutorial_taskflow_api.py
[2025-03-26T17:37:02.372+0000] {logging_mixin.py:190} INFO - [2025-03-26T17:37:02.372+0000] {dag.py:3239} INFO - Sync 1 DAGs
[2025-03-26T17:37:02.386+0000] {logging_mixin.py:190} INFO - [2025-03-26T17:37:02.386+0000] {dag.py:4180} INFO - Setting next_dagrun for tutorial_taskflow_api to None, run_after=None
[2025-03-26T17:37:02.414+0000] {processor.py:208} INFO - Processing /home/ubuntu/customer_churn_youtube_venv/lib/python3.12/site-packages/airflow/example_dags/tutorial_taskflow_api.py took 0.081 seconds
