[2025-03-26T17:13:11.743+0000] {processor.py:186} INFO - Started process (PID=6261) to work on /home/ubuntu/customer_churn_youtube_venv/lib/python3.12/site-packages/airflow/example_dags/tutorial_objectstorage.py
[2025-03-26T17:13:11.744+0000] {processor.py:914} INFO - Processing file /home/ubuntu/customer_churn_youtube_venv/lib/python3.12/site-packages/airflow/example_dags/tutorial_objectstorage.py for tasks to queue
[2025-03-26T17:13:11.745+0000] {logging_mixin.py:190} INFO - [2025-03-26T17:13:11.745+0000] {dagbag.py:588} INFO - Filling up the DagBag from /home/ubuntu/customer_churn_youtube_venv/lib/python3.12/site-packages/airflow/example_dags/tutorial_objectstorage.py
[2025-03-26T17:13:11.756+0000] {processor.py:925} INFO - DAG(s) 'tutorial_objectstorage' retrieved from /home/ubuntu/customer_churn_youtube_venv/lib/python3.12/site-packages/airflow/example_dags/tutorial_objectstorage.py
[2025-03-26T17:13:11.862+0000] {logging_mixin.py:190} INFO - [2025-03-26T17:13:11.862+0000] {override.py:1930} INFO - Created Permission View: can edit on DAG:tutorial_objectstorage
[2025-03-26T17:13:11.875+0000] {logging_mixin.py:190} INFO - [2025-03-26T17:13:11.875+0000] {override.py:1930} INFO - Created Permission View: can read on DAG:tutorial_objectstorage
[2025-03-26T17:13:11.885+0000] {logging_mixin.py:190} INFO - [2025-03-26T17:13:11.885+0000] {override.py:1930} INFO - Created Permission View: can delete on DAG:tutorial_objectstorage
[2025-03-26T17:13:11.903+0000] {logging_mixin.py:190} INFO - [2025-03-26T17:13:11.902+0000] {override.py:1930} INFO - Created Permission View: menu access on DAG Run:tutorial_objectstorage
[2025-03-26T17:13:11.914+0000] {logging_mixin.py:190} INFO - [2025-03-26T17:13:11.914+0000] {override.py:1930} INFO - Created Permission View: can create on DAG Run:tutorial_objectstorage
[2025-03-26T17:13:11.924+0000] {logging_mixin.py:190} INFO - [2025-03-26T17:13:11.924+0000] {override.py:1930} INFO - Created Permission View: can delete on DAG Run:tutorial_objectstorage
[2025-03-26T17:13:11.934+0000] {logging_mixin.py:190} INFO - [2025-03-26T17:13:11.934+0000] {override.py:1930} INFO - Created Permission View: can read on DAG Run:tutorial_objectstorage
[2025-03-26T17:13:11.935+0000] {logging_mixin.py:190} INFO - [2025-03-26T17:13:11.934+0000] {dag.py:3239} INFO - Sync 1 DAGs
[2025-03-26T17:13:11.946+0000] {logging_mixin.py:190} INFO - [2025-03-26T17:13:11.946+0000] {dag.py:3262} INFO - Creating ORM DAG for tutorial_objectstorage
[2025-03-26T17:13:11.946+0000] {logging_mixin.py:190} INFO - [2025-03-26T17:13:11.946+0000] {dag.py:4180} INFO - Setting next_dagrun for tutorial_objectstorage to None, run_after=None
[2025-03-26T17:13:11.968+0000] {processor.py:208} INFO - Processing /home/ubuntu/customer_churn_youtube_venv/lib/python3.12/site-packages/airflow/example_dags/tutorial_objectstorage.py took 0.230 seconds
[2025-03-26T17:14:22.177+0000] {processor.py:186} INFO - Started process (PID=6318) to work on /home/ubuntu/customer_churn_youtube_venv/lib/python3.12/site-packages/airflow/example_dags/tutorial_objectstorage.py
[2025-03-26T17:14:22.178+0000] {processor.py:914} INFO - Processing file /home/ubuntu/customer_churn_youtube_venv/lib/python3.12/site-packages/airflow/example_dags/tutorial_objectstorage.py for tasks to queue
[2025-03-26T17:14:22.180+0000] {logging_mixin.py:190} INFO - [2025-03-26T17:14:22.180+0000] {dagbag.py:588} INFO - Filling up the DagBag from /home/ubuntu/customer_churn_youtube_venv/lib/python3.12/site-packages/airflow/example_dags/tutorial_objectstorage.py
[2025-03-26T17:14:22.190+0000] {processor.py:925} INFO - DAG(s) 'tutorial_objectstorage' retrieved from /home/ubuntu/customer_churn_youtube_venv/lib/python3.12/site-packages/airflow/example_dags/tutorial_objectstorage.py
[2025-03-26T17:14:22.206+0000] {logging_mixin.py:190} INFO - [2025-03-26T17:14:22.206+0000] {dag.py:3239} INFO - Sync 1 DAGs
[2025-03-26T17:14:22.218+0000] {logging_mixin.py:190} INFO - [2025-03-26T17:14:22.218+0000] {dag.py:4180} INFO - Setting next_dagrun for tutorial_objectstorage to None, run_after=None
[2025-03-26T17:14:22.239+0000] {processor.py:208} INFO - Processing /home/ubuntu/customer_churn_youtube_venv/lib/python3.12/site-packages/airflow/example_dags/tutorial_objectstorage.py took 0.068 seconds
[2025-03-26T17:15:18.212+0000] {processor.py:186} INFO - Started process (PID=6381) to work on /home/ubuntu/customer_churn_youtube_venv/lib/python3.12/site-packages/airflow/example_dags/tutorial_objectstorage.py
[2025-03-26T17:15:18.214+0000] {processor.py:914} INFO - Processing file /home/ubuntu/customer_churn_youtube_venv/lib/python3.12/site-packages/airflow/example_dags/tutorial_objectstorage.py for tasks to queue
[2025-03-26T17:15:18.216+0000] {logging_mixin.py:190} INFO - [2025-03-26T17:15:18.216+0000] {dagbag.py:588} INFO - Filling up the DagBag from /home/ubuntu/customer_churn_youtube_venv/lib/python3.12/site-packages/airflow/example_dags/tutorial_objectstorage.py
[2025-03-26T17:15:18.225+0000] {processor.py:925} INFO - DAG(s) 'tutorial_objectstorage' retrieved from /home/ubuntu/customer_churn_youtube_venv/lib/python3.12/site-packages/airflow/example_dags/tutorial_objectstorage.py
[2025-03-26T17:15:18.240+0000] {logging_mixin.py:190} INFO - [2025-03-26T17:15:18.240+0000] {dag.py:3239} INFO - Sync 1 DAGs
[2025-03-26T17:15:18.251+0000] {logging_mixin.py:190} INFO - [2025-03-26T17:15:18.251+0000] {dag.py:4180} INFO - Setting next_dagrun for tutorial_objectstorage to None, run_after=None
[2025-03-26T17:15:18.274+0000] {processor.py:208} INFO - Processing /home/ubuntu/customer_churn_youtube_venv/lib/python3.12/site-packages/airflow/example_dags/tutorial_objectstorage.py took 0.067 seconds
[2025-03-26T17:16:09.447+0000] {processor.py:186} INFO - Started process (PID=6434) to work on /home/ubuntu/customer_churn_youtube_venv/lib/python3.12/site-packages/airflow/example_dags/tutorial_objectstorage.py
[2025-03-26T17:16:09.449+0000] {processor.py:914} INFO - Processing file /home/ubuntu/customer_churn_youtube_venv/lib/python3.12/site-packages/airflow/example_dags/tutorial_objectstorage.py for tasks to queue
[2025-03-26T17:16:09.450+0000] {logging_mixin.py:190} INFO - [2025-03-26T17:16:09.450+0000] {dagbag.py:588} INFO - Filling up the DagBag from /home/ubuntu/customer_churn_youtube_venv/lib/python3.12/site-packages/airflow/example_dags/tutorial_objectstorage.py
[2025-03-26T17:16:09.460+0000] {processor.py:925} INFO - DAG(s) 'tutorial_objectstorage' retrieved from /home/ubuntu/customer_churn_youtube_venv/lib/python3.12/site-packages/airflow/example_dags/tutorial_objectstorage.py
[2025-03-26T17:16:09.473+0000] {logging_mixin.py:190} INFO - [2025-03-26T17:16:09.473+0000] {dag.py:3239} INFO - Sync 1 DAGs
[2025-03-26T17:16:09.485+0000] {logging_mixin.py:190} INFO - [2025-03-26T17:16:09.484+0000] {dag.py:4180} INFO - Setting next_dagrun for tutorial_objectstorage to None, run_after=None
[2025-03-26T17:16:09.507+0000] {processor.py:208} INFO - Processing /home/ubuntu/customer_churn_youtube_venv/lib/python3.12/site-packages/airflow/example_dags/tutorial_objectstorage.py took 0.064 seconds
[2025-03-26T17:17:04.858+0000] {processor.py:186} INFO - Started process (PID=6492) to work on /home/ubuntu/customer_churn_youtube_venv/lib/python3.12/site-packages/airflow/example_dags/tutorial_objectstorage.py
[2025-03-26T17:17:04.860+0000] {processor.py:914} INFO - Processing file /home/ubuntu/customer_churn_youtube_venv/lib/python3.12/site-packages/airflow/example_dags/tutorial_objectstorage.py for tasks to queue
[2025-03-26T17:17:04.861+0000] {logging_mixin.py:190} INFO - [2025-03-26T17:17:04.861+0000] {dagbag.py:588} INFO - Filling up the DagBag from /home/ubuntu/customer_churn_youtube_venv/lib/python3.12/site-packages/airflow/example_dags/tutorial_objectstorage.py
[2025-03-26T17:17:04.871+0000] {processor.py:925} INFO - DAG(s) 'tutorial_objectstorage' retrieved from /home/ubuntu/customer_churn_youtube_venv/lib/python3.12/site-packages/airflow/example_dags/tutorial_objectstorage.py
[2025-03-26T17:17:04.887+0000] {logging_mixin.py:190} INFO - [2025-03-26T17:17:04.886+0000] {dag.py:3239} INFO - Sync 1 DAGs
[2025-03-26T17:17:04.898+0000] {logging_mixin.py:190} INFO - [2025-03-26T17:17:04.898+0000] {dag.py:4180} INFO - Setting next_dagrun for tutorial_objectstorage to None, run_after=None
[2025-03-26T17:17:04.920+0000] {processor.py:208} INFO - Processing /home/ubuntu/customer_churn_youtube_venv/lib/python3.12/site-packages/airflow/example_dags/tutorial_objectstorage.py took 0.068 seconds
[2025-03-26T17:17:56.430+0000] {processor.py:186} INFO - Started process (PID=6546) to work on /home/ubuntu/customer_churn_youtube_venv/lib/python3.12/site-packages/airflow/example_dags/tutorial_objectstorage.py
[2025-03-26T17:17:56.432+0000] {processor.py:914} INFO - Processing file /home/ubuntu/customer_churn_youtube_venv/lib/python3.12/site-packages/airflow/example_dags/tutorial_objectstorage.py for tasks to queue
[2025-03-26T17:17:56.434+0000] {logging_mixin.py:190} INFO - [2025-03-26T17:17:56.434+0000] {dagbag.py:588} INFO - Filling up the DagBag from /home/ubuntu/customer_churn_youtube_venv/lib/python3.12/site-packages/airflow/example_dags/tutorial_objectstorage.py
[2025-03-26T17:17:56.444+0000] {processor.py:925} INFO - DAG(s) 'tutorial_objectstorage' retrieved from /home/ubuntu/customer_churn_youtube_venv/lib/python3.12/site-packages/airflow/example_dags/tutorial_objectstorage.py
[2025-03-26T17:17:56.459+0000] {logging_mixin.py:190} INFO - [2025-03-26T17:17:56.458+0000] {dag.py:3239} INFO - Sync 1 DAGs
[2025-03-26T17:17:56.470+0000] {logging_mixin.py:190} INFO - [2025-03-26T17:17:56.470+0000] {dag.py:4180} INFO - Setting next_dagrun for tutorial_objectstorage to None, run_after=None
[2025-03-26T17:17:56.491+0000] {processor.py:208} INFO - Processing /home/ubuntu/customer_churn_youtube_venv/lib/python3.12/site-packages/airflow/example_dags/tutorial_objectstorage.py took 0.065 seconds
[2025-03-26T17:18:49.896+0000] {processor.py:186} INFO - Started process (PID=6601) to work on /home/ubuntu/customer_churn_youtube_venv/lib/python3.12/site-packages/airflow/example_dags/tutorial_objectstorage.py
[2025-03-26T17:18:49.898+0000] {processor.py:914} INFO - Processing file /home/ubuntu/customer_churn_youtube_venv/lib/python3.12/site-packages/airflow/example_dags/tutorial_objectstorage.py for tasks to queue
[2025-03-26T17:18:49.900+0000] {logging_mixin.py:190} INFO - [2025-03-26T17:18:49.900+0000] {dagbag.py:588} INFO - Filling up the DagBag from /home/ubuntu/customer_churn_youtube_venv/lib/python3.12/site-packages/airflow/example_dags/tutorial_objectstorage.py
[2025-03-26T17:18:49.910+0000] {processor.py:925} INFO - DAG(s) 'tutorial_objectstorage' retrieved from /home/ubuntu/customer_churn_youtube_venv/lib/python3.12/site-packages/airflow/example_dags/tutorial_objectstorage.py
[2025-03-26T17:18:49.923+0000] {logging_mixin.py:190} INFO - [2025-03-26T17:18:49.923+0000] {dag.py:3239} INFO - Sync 1 DAGs
[2025-03-26T17:18:49.934+0000] {logging_mixin.py:190} INFO - [2025-03-26T17:18:49.934+0000] {dag.py:4180} INFO - Setting next_dagrun for tutorial_objectstorage to None, run_after=None
[2025-03-26T17:18:49.956+0000] {processor.py:208} INFO - Processing /home/ubuntu/customer_churn_youtube_venv/lib/python3.12/site-packages/airflow/example_dags/tutorial_objectstorage.py took 0.065 seconds
[2025-03-26T17:19:50.964+0000] {processor.py:186} INFO - Started process (PID=6658) to work on /home/ubuntu/customer_churn_youtube_venv/lib/python3.12/site-packages/airflow/example_dags/tutorial_objectstorage.py
[2025-03-26T17:19:50.966+0000] {processor.py:914} INFO - Processing file /home/ubuntu/customer_churn_youtube_venv/lib/python3.12/site-packages/airflow/example_dags/tutorial_objectstorage.py for tasks to queue
[2025-03-26T17:19:50.968+0000] {logging_mixin.py:190} INFO - [2025-03-26T17:19:50.968+0000] {dagbag.py:588} INFO - Filling up the DagBag from /home/ubuntu/customer_churn_youtube_venv/lib/python3.12/site-packages/airflow/example_dags/tutorial_objectstorage.py
[2025-03-26T17:19:50.978+0000] {processor.py:925} INFO - DAG(s) 'tutorial_objectstorage' retrieved from /home/ubuntu/customer_churn_youtube_venv/lib/python3.12/site-packages/airflow/example_dags/tutorial_objectstorage.py
[2025-03-26T17:19:50.993+0000] {logging_mixin.py:190} INFO - [2025-03-26T17:19:50.992+0000] {dag.py:3239} INFO - Sync 1 DAGs
[2025-03-26T17:19:51.006+0000] {logging_mixin.py:190} INFO - [2025-03-26T17:19:51.005+0000] {dag.py:4180} INFO - Setting next_dagrun for tutorial_objectstorage to None, run_after=None
[2025-03-26T17:19:51.028+0000] {processor.py:208} INFO - Processing /home/ubuntu/customer_churn_youtube_venv/lib/python3.12/site-packages/airflow/example_dags/tutorial_objectstorage.py took 0.070 seconds
[2025-03-26T17:20:47.657+0000] {processor.py:186} INFO - Started process (PID=6721) to work on /home/ubuntu/customer_churn_youtube_venv/lib/python3.12/site-packages/airflow/example_dags/tutorial_objectstorage.py
[2025-03-26T17:20:47.658+0000] {processor.py:914} INFO - Processing file /home/ubuntu/customer_churn_youtube_venv/lib/python3.12/site-packages/airflow/example_dags/tutorial_objectstorage.py for tasks to queue
[2025-03-26T17:20:47.661+0000] {logging_mixin.py:190} INFO - [2025-03-26T17:20:47.660+0000] {dagbag.py:588} INFO - Filling up the DagBag from /home/ubuntu/customer_churn_youtube_venv/lib/python3.12/site-packages/airflow/example_dags/tutorial_objectstorage.py
[2025-03-26T17:20:47.670+0000] {processor.py:925} INFO - DAG(s) 'tutorial_objectstorage' retrieved from /home/ubuntu/customer_churn_youtube_venv/lib/python3.12/site-packages/airflow/example_dags/tutorial_objectstorage.py
[2025-03-26T17:20:47.685+0000] {logging_mixin.py:190} INFO - [2025-03-26T17:20:47.685+0000] {dag.py:3239} INFO - Sync 1 DAGs
[2025-03-26T17:20:47.696+0000] {logging_mixin.py:190} INFO - [2025-03-26T17:20:47.696+0000] {dag.py:4180} INFO - Setting next_dagrun for tutorial_objectstorage to None, run_after=None
[2025-03-26T17:20:47.716+0000] {processor.py:208} INFO - Processing /home/ubuntu/customer_churn_youtube_venv/lib/python3.12/site-packages/airflow/example_dags/tutorial_objectstorage.py took 0.065 seconds
[2025-03-26T17:21:40.737+0000] {processor.py:186} INFO - Started process (PID=6775) to work on /home/ubuntu/customer_churn_youtube_venv/lib/python3.12/site-packages/airflow/example_dags/tutorial_objectstorage.py
[2025-03-26T17:21:40.739+0000] {processor.py:914} INFO - Processing file /home/ubuntu/customer_churn_youtube_venv/lib/python3.12/site-packages/airflow/example_dags/tutorial_objectstorage.py for tasks to queue
[2025-03-26T17:21:40.741+0000] {logging_mixin.py:190} INFO - [2025-03-26T17:21:40.741+0000] {dagbag.py:588} INFO - Filling up the DagBag from /home/ubuntu/customer_churn_youtube_venv/lib/python3.12/site-packages/airflow/example_dags/tutorial_objectstorage.py
[2025-03-26T17:21:40.752+0000] {processor.py:925} INFO - DAG(s) 'tutorial_objectstorage' retrieved from /home/ubuntu/customer_churn_youtube_venv/lib/python3.12/site-packages/airflow/example_dags/tutorial_objectstorage.py
[2025-03-26T17:21:40.768+0000] {logging_mixin.py:190} INFO - [2025-03-26T17:21:40.767+0000] {dag.py:3239} INFO - Sync 1 DAGs
[2025-03-26T17:21:40.779+0000] {logging_mixin.py:190} INFO - [2025-03-26T17:21:40.779+0000] {dag.py:4180} INFO - Setting next_dagrun for tutorial_objectstorage to None, run_after=None
[2025-03-26T17:21:40.801+0000] {processor.py:208} INFO - Processing /home/ubuntu/customer_churn_youtube_venv/lib/python3.12/site-packages/airflow/example_dags/tutorial_objectstorage.py took 0.069 seconds
[2025-03-26T17:22:32.098+0000] {processor.py:186} INFO - Started process (PID=6829) to work on /home/ubuntu/customer_churn_youtube_venv/lib/python3.12/site-packages/airflow/example_dags/tutorial_objectstorage.py
[2025-03-26T17:22:32.100+0000] {processor.py:914} INFO - Processing file /home/ubuntu/customer_churn_youtube_venv/lib/python3.12/site-packages/airflow/example_dags/tutorial_objectstorage.py for tasks to queue
[2025-03-26T17:22:32.102+0000] {logging_mixin.py:190} INFO - [2025-03-26T17:22:32.102+0000] {dagbag.py:588} INFO - Filling up the DagBag from /home/ubuntu/customer_churn_youtube_venv/lib/python3.12/site-packages/airflow/example_dags/tutorial_objectstorage.py
[2025-03-26T17:22:32.112+0000] {processor.py:925} INFO - DAG(s) 'tutorial_objectstorage' retrieved from /home/ubuntu/customer_churn_youtube_venv/lib/python3.12/site-packages/airflow/example_dags/tutorial_objectstorage.py
[2025-03-26T17:22:32.128+0000] {logging_mixin.py:190} INFO - [2025-03-26T17:22:32.127+0000] {dag.py:3239} INFO - Sync 1 DAGs
[2025-03-26T17:22:32.140+0000] {logging_mixin.py:190} INFO - [2025-03-26T17:22:32.139+0000] {dag.py:4180} INFO - Setting next_dagrun for tutorial_objectstorage to None, run_after=None
[2025-03-26T17:22:32.162+0000] {processor.py:208} INFO - Processing /home/ubuntu/customer_churn_youtube_venv/lib/python3.12/site-packages/airflow/example_dags/tutorial_objectstorage.py took 0.069 seconds
[2025-03-26T17:23:25.078+0000] {processor.py:186} INFO - Started process (PID=6882) to work on /home/ubuntu/customer_churn_youtube_venv/lib/python3.12/site-packages/airflow/example_dags/tutorial_objectstorage.py
[2025-03-26T17:23:25.079+0000] {processor.py:914} INFO - Processing file /home/ubuntu/customer_churn_youtube_venv/lib/python3.12/site-packages/airflow/example_dags/tutorial_objectstorage.py for tasks to queue
[2025-03-26T17:23:25.082+0000] {logging_mixin.py:190} INFO - [2025-03-26T17:23:25.081+0000] {dagbag.py:588} INFO - Filling up the DagBag from /home/ubuntu/customer_churn_youtube_venv/lib/python3.12/site-packages/airflow/example_dags/tutorial_objectstorage.py
[2025-03-26T17:23:25.092+0000] {processor.py:925} INFO - DAG(s) 'tutorial_objectstorage' retrieved from /home/ubuntu/customer_churn_youtube_venv/lib/python3.12/site-packages/airflow/example_dags/tutorial_objectstorage.py
[2025-03-26T17:23:25.107+0000] {logging_mixin.py:190} INFO - [2025-03-26T17:23:25.107+0000] {dag.py:3239} INFO - Sync 1 DAGs
[2025-03-26T17:23:25.118+0000] {logging_mixin.py:190} INFO - [2025-03-26T17:23:25.118+0000] {dag.py:4180} INFO - Setting next_dagrun for tutorial_objectstorage to None, run_after=None
[2025-03-26T17:23:25.140+0000] {processor.py:208} INFO - Processing /home/ubuntu/customer_churn_youtube_venv/lib/python3.12/site-packages/airflow/example_dags/tutorial_objectstorage.py took 0.068 seconds
[2025-03-26T17:24:14.732+0000] {processor.py:186} INFO - Started process (PID=6935) to work on /home/ubuntu/customer_churn_youtube_venv/lib/python3.12/site-packages/airflow/example_dags/tutorial_objectstorage.py
[2025-03-26T17:24:14.734+0000] {processor.py:914} INFO - Processing file /home/ubuntu/customer_churn_youtube_venv/lib/python3.12/site-packages/airflow/example_dags/tutorial_objectstorage.py for tasks to queue
[2025-03-26T17:24:14.735+0000] {logging_mixin.py:190} INFO - [2025-03-26T17:24:14.735+0000] {dagbag.py:588} INFO - Filling up the DagBag from /home/ubuntu/customer_churn_youtube_venv/lib/python3.12/site-packages/airflow/example_dags/tutorial_objectstorage.py
[2025-03-26T17:24:14.746+0000] {processor.py:925} INFO - DAG(s) 'tutorial_objectstorage' retrieved from /home/ubuntu/customer_churn_youtube_venv/lib/python3.12/site-packages/airflow/example_dags/tutorial_objectstorage.py
[2025-03-26T17:24:14.760+0000] {logging_mixin.py:190} INFO - [2025-03-26T17:24:14.759+0000] {dag.py:3239} INFO - Sync 1 DAGs
[2025-03-26T17:24:14.772+0000] {logging_mixin.py:190} INFO - [2025-03-26T17:24:14.772+0000] {dag.py:4180} INFO - Setting next_dagrun for tutorial_objectstorage to None, run_after=None
[2025-03-26T17:24:14.794+0000] {processor.py:208} INFO - Processing /home/ubuntu/customer_churn_youtube_venv/lib/python3.12/site-packages/airflow/example_dags/tutorial_objectstorage.py took 0.067 seconds
[2025-03-26T17:25:05.717+0000] {processor.py:186} INFO - Started process (PID=6991) to work on /home/ubuntu/customer_churn_youtube_venv/lib/python3.12/site-packages/airflow/example_dags/tutorial_objectstorage.py
[2025-03-26T17:25:05.718+0000] {processor.py:914} INFO - Processing file /home/ubuntu/customer_churn_youtube_venv/lib/python3.12/site-packages/airflow/example_dags/tutorial_objectstorage.py for tasks to queue
[2025-03-26T17:25:05.721+0000] {logging_mixin.py:190} INFO - [2025-03-26T17:25:05.720+0000] {dagbag.py:588} INFO - Filling up the DagBag from /home/ubuntu/customer_churn_youtube_venv/lib/python3.12/site-packages/airflow/example_dags/tutorial_objectstorage.py
[2025-03-26T17:25:05.732+0000] {processor.py:925} INFO - DAG(s) 'tutorial_objectstorage' retrieved from /home/ubuntu/customer_churn_youtube_venv/lib/python3.12/site-packages/airflow/example_dags/tutorial_objectstorage.py
[2025-03-26T17:25:05.747+0000] {logging_mixin.py:190} INFO - [2025-03-26T17:25:05.747+0000] {dag.py:3239} INFO - Sync 1 DAGs
[2025-03-26T17:25:05.760+0000] {logging_mixin.py:190} INFO - [2025-03-26T17:25:05.760+0000] {dag.py:4180} INFO - Setting next_dagrun for tutorial_objectstorage to None, run_after=None
[2025-03-26T17:25:05.783+0000] {processor.py:208} INFO - Processing /home/ubuntu/customer_churn_youtube_venv/lib/python3.12/site-packages/airflow/example_dags/tutorial_objectstorage.py took 0.072 seconds
[2025-03-26T17:25:55.110+0000] {processor.py:186} INFO - Started process (PID=7042) to work on /home/ubuntu/customer_churn_youtube_venv/lib/python3.12/site-packages/airflow/example_dags/tutorial_objectstorage.py
[2025-03-26T17:25:55.112+0000] {processor.py:914} INFO - Processing file /home/ubuntu/customer_churn_youtube_venv/lib/python3.12/site-packages/airflow/example_dags/tutorial_objectstorage.py for tasks to queue
[2025-03-26T17:25:55.114+0000] {logging_mixin.py:190} INFO - [2025-03-26T17:25:55.113+0000] {dagbag.py:588} INFO - Filling up the DagBag from /home/ubuntu/customer_churn_youtube_venv/lib/python3.12/site-packages/airflow/example_dags/tutorial_objectstorage.py
[2025-03-26T17:25:55.124+0000] {processor.py:925} INFO - DAG(s) 'tutorial_objectstorage' retrieved from /home/ubuntu/customer_churn_youtube_venv/lib/python3.12/site-packages/airflow/example_dags/tutorial_objectstorage.py
[2025-03-26T17:25:55.138+0000] {logging_mixin.py:190} INFO - [2025-03-26T17:25:55.137+0000] {dag.py:3239} INFO - Sync 1 DAGs
[2025-03-26T17:25:55.149+0000] {logging_mixin.py:190} INFO - [2025-03-26T17:25:55.149+0000] {dag.py:4180} INFO - Setting next_dagrun for tutorial_objectstorage to None, run_after=None
[2025-03-26T17:25:55.172+0000] {processor.py:208} INFO - Processing /home/ubuntu/customer_churn_youtube_venv/lib/python3.12/site-packages/airflow/example_dags/tutorial_objectstorage.py took 0.067 seconds
[2025-03-26T17:26:45.512+0000] {processor.py:186} INFO - Started process (PID=7094) to work on /home/ubuntu/customer_churn_youtube_venv/lib/python3.12/site-packages/airflow/example_dags/tutorial_objectstorage.py
[2025-03-26T17:26:45.514+0000] {processor.py:914} INFO - Processing file /home/ubuntu/customer_churn_youtube_venv/lib/python3.12/site-packages/airflow/example_dags/tutorial_objectstorage.py for tasks to queue
[2025-03-26T17:26:45.516+0000] {logging_mixin.py:190} INFO - [2025-03-26T17:26:45.516+0000] {dagbag.py:588} INFO - Filling up the DagBag from /home/ubuntu/customer_churn_youtube_venv/lib/python3.12/site-packages/airflow/example_dags/tutorial_objectstorage.py
[2025-03-26T17:26:45.526+0000] {processor.py:925} INFO - DAG(s) 'tutorial_objectstorage' retrieved from /home/ubuntu/customer_churn_youtube_venv/lib/python3.12/site-packages/airflow/example_dags/tutorial_objectstorage.py
[2025-03-26T17:26:45.541+0000] {logging_mixin.py:190} INFO - [2025-03-26T17:26:45.541+0000] {dag.py:3239} INFO - Sync 1 DAGs
[2025-03-26T17:26:45.552+0000] {logging_mixin.py:190} INFO - [2025-03-26T17:26:45.552+0000] {dag.py:4180} INFO - Setting next_dagrun for tutorial_objectstorage to None, run_after=None
[2025-03-26T17:26:45.576+0000] {processor.py:208} INFO - Processing /home/ubuntu/customer_churn_youtube_venv/lib/python3.12/site-packages/airflow/example_dags/tutorial_objectstorage.py took 0.069 seconds
[2025-03-26T17:27:37.759+0000] {processor.py:186} INFO - Started process (PID=7194) to work on /home/ubuntu/customer_churn_youtube_venv/lib/python3.12/site-packages/airflow/example_dags/tutorial_objectstorage.py
[2025-03-26T17:27:37.760+0000] {processor.py:914} INFO - Processing file /home/ubuntu/customer_churn_youtube_venv/lib/python3.12/site-packages/airflow/example_dags/tutorial_objectstorage.py for tasks to queue
[2025-03-26T17:27:37.762+0000] {logging_mixin.py:190} INFO - [2025-03-26T17:27:37.762+0000] {dagbag.py:588} INFO - Filling up the DagBag from /home/ubuntu/customer_churn_youtube_venv/lib/python3.12/site-packages/airflow/example_dags/tutorial_objectstorage.py
[2025-03-26T17:27:37.771+0000] {processor.py:925} INFO - DAG(s) 'tutorial_objectstorage' retrieved from /home/ubuntu/customer_churn_youtube_venv/lib/python3.12/site-packages/airflow/example_dags/tutorial_objectstorage.py
[2025-03-26T17:27:37.786+0000] {logging_mixin.py:190} INFO - [2025-03-26T17:27:37.786+0000] {dag.py:3239} INFO - Sync 1 DAGs
[2025-03-26T17:27:37.798+0000] {logging_mixin.py:190} INFO - [2025-03-26T17:27:37.798+0000] {dag.py:4180} INFO - Setting next_dagrun for tutorial_objectstorage to None, run_after=None
[2025-03-26T17:27:37.819+0000] {processor.py:208} INFO - Processing /home/ubuntu/customer_churn_youtube_venv/lib/python3.12/site-packages/airflow/example_dags/tutorial_objectstorage.py took 0.066 seconds
[2025-03-26T17:28:28.000+0000] {processor.py:186} INFO - Started process (PID=7248) to work on /home/ubuntu/customer_churn_youtube_venv/lib/python3.12/site-packages/airflow/example_dags/tutorial_objectstorage.py
[2025-03-26T17:28:28.002+0000] {processor.py:914} INFO - Processing file /home/ubuntu/customer_churn_youtube_venv/lib/python3.12/site-packages/airflow/example_dags/tutorial_objectstorage.py for tasks to queue
[2025-03-26T17:28:28.003+0000] {logging_mixin.py:190} INFO - [2025-03-26T17:28:28.003+0000] {dagbag.py:588} INFO - Filling up the DagBag from /home/ubuntu/customer_churn_youtube_venv/lib/python3.12/site-packages/airflow/example_dags/tutorial_objectstorage.py
[2025-03-26T17:28:28.014+0000] {processor.py:925} INFO - DAG(s) 'tutorial_objectstorage' retrieved from /home/ubuntu/customer_churn_youtube_venv/lib/python3.12/site-packages/airflow/example_dags/tutorial_objectstorage.py
[2025-03-26T17:28:28.029+0000] {logging_mixin.py:190} INFO - [2025-03-26T17:28:28.028+0000] {dag.py:3239} INFO - Sync 1 DAGs
[2025-03-26T17:28:28.040+0000] {logging_mixin.py:190} INFO - [2025-03-26T17:28:28.040+0000] {dag.py:4180} INFO - Setting next_dagrun for tutorial_objectstorage to None, run_after=None
[2025-03-26T17:28:28.064+0000] {processor.py:208} INFO - Processing /home/ubuntu/customer_churn_youtube_venv/lib/python3.12/site-packages/airflow/example_dags/tutorial_objectstorage.py took 0.069 seconds
[2025-03-26T17:29:18.215+0000] {processor.py:186} INFO - Started process (PID=7300) to work on /home/ubuntu/customer_churn_youtube_venv/lib/python3.12/site-packages/airflow/example_dags/tutorial_objectstorage.py
[2025-03-26T17:29:18.216+0000] {processor.py:914} INFO - Processing file /home/ubuntu/customer_churn_youtube_venv/lib/python3.12/site-packages/airflow/example_dags/tutorial_objectstorage.py for tasks to queue
[2025-03-26T17:29:18.218+0000] {logging_mixin.py:190} INFO - [2025-03-26T17:29:18.218+0000] {dagbag.py:588} INFO - Filling up the DagBag from /home/ubuntu/customer_churn_youtube_venv/lib/python3.12/site-packages/airflow/example_dags/tutorial_objectstorage.py
[2025-03-26T17:29:18.227+0000] {processor.py:925} INFO - DAG(s) 'tutorial_objectstorage' retrieved from /home/ubuntu/customer_churn_youtube_venv/lib/python3.12/site-packages/airflow/example_dags/tutorial_objectstorage.py
[2025-03-26T17:29:18.242+0000] {logging_mixin.py:190} INFO - [2025-03-26T17:29:18.241+0000] {dag.py:3239} INFO - Sync 1 DAGs
[2025-03-26T17:29:18.253+0000] {logging_mixin.py:190} INFO - [2025-03-26T17:29:18.253+0000] {dag.py:4180} INFO - Setting next_dagrun for tutorial_objectstorage to None, run_after=None
[2025-03-26T17:29:18.275+0000] {processor.py:208} INFO - Processing /home/ubuntu/customer_churn_youtube_venv/lib/python3.12/site-packages/airflow/example_dags/tutorial_objectstorage.py took 0.066 seconds
[2025-03-26T17:30:08.380+0000] {processor.py:186} INFO - Started process (PID=7356) to work on /home/ubuntu/customer_churn_youtube_venv/lib/python3.12/site-packages/airflow/example_dags/tutorial_objectstorage.py
[2025-03-26T17:30:08.382+0000] {processor.py:914} INFO - Processing file /home/ubuntu/customer_churn_youtube_venv/lib/python3.12/site-packages/airflow/example_dags/tutorial_objectstorage.py for tasks to queue
[2025-03-26T17:30:08.383+0000] {logging_mixin.py:190} INFO - [2025-03-26T17:30:08.383+0000] {dagbag.py:588} INFO - Filling up the DagBag from /home/ubuntu/customer_churn_youtube_venv/lib/python3.12/site-packages/airflow/example_dags/tutorial_objectstorage.py
[2025-03-26T17:30:08.394+0000] {processor.py:925} INFO - DAG(s) 'tutorial_objectstorage' retrieved from /home/ubuntu/customer_churn_youtube_venv/lib/python3.12/site-packages/airflow/example_dags/tutorial_objectstorage.py
[2025-03-26T17:30:08.409+0000] {logging_mixin.py:190} INFO - [2025-03-26T17:30:08.409+0000] {dag.py:3239} INFO - Sync 1 DAGs
[2025-03-26T17:30:08.420+0000] {logging_mixin.py:190} INFO - [2025-03-26T17:30:08.420+0000] {dag.py:4180} INFO - Setting next_dagrun for tutorial_objectstorage to None, run_after=None
[2025-03-26T17:30:08.444+0000] {processor.py:208} INFO - Processing /home/ubuntu/customer_churn_youtube_venv/lib/python3.12/site-packages/airflow/example_dags/tutorial_objectstorage.py took 0.070 seconds
[2025-03-26T17:30:57.857+0000] {processor.py:186} INFO - Started process (PID=7407) to work on /home/ubuntu/customer_churn_youtube_venv/lib/python3.12/site-packages/airflow/example_dags/tutorial_objectstorage.py
[2025-03-26T17:30:57.859+0000] {processor.py:914} INFO - Processing file /home/ubuntu/customer_churn_youtube_venv/lib/python3.12/site-packages/airflow/example_dags/tutorial_objectstorage.py for tasks to queue
[2025-03-26T17:30:57.861+0000] {logging_mixin.py:190} INFO - [2025-03-26T17:30:57.861+0000] {dagbag.py:588} INFO - Filling up the DagBag from /home/ubuntu/customer_churn_youtube_venv/lib/python3.12/site-packages/airflow/example_dags/tutorial_objectstorage.py
[2025-03-26T17:30:57.872+0000] {processor.py:925} INFO - DAG(s) 'tutorial_objectstorage' retrieved from /home/ubuntu/customer_churn_youtube_venv/lib/python3.12/site-packages/airflow/example_dags/tutorial_objectstorage.py
[2025-03-26T17:30:57.885+0000] {logging_mixin.py:190} INFO - [2025-03-26T17:30:57.885+0000] {dag.py:3239} INFO - Sync 1 DAGs
[2025-03-26T17:30:57.898+0000] {logging_mixin.py:190} INFO - [2025-03-26T17:30:57.898+0000] {dag.py:4180} INFO - Setting next_dagrun for tutorial_objectstorage to None, run_after=None
[2025-03-26T17:30:57.920+0000] {processor.py:208} INFO - Processing /home/ubuntu/customer_churn_youtube_venv/lib/python3.12/site-packages/airflow/example_dags/tutorial_objectstorage.py took 0.068 seconds
[2025-03-26T17:31:48.402+0000] {processor.py:186} INFO - Started process (PID=7460) to work on /home/ubuntu/customer_churn_youtube_venv/lib/python3.12/site-packages/airflow/example_dags/tutorial_objectstorage.py
[2025-03-26T17:31:48.404+0000] {processor.py:914} INFO - Processing file /home/ubuntu/customer_churn_youtube_venv/lib/python3.12/site-packages/airflow/example_dags/tutorial_objectstorage.py for tasks to queue
[2025-03-26T17:31:48.407+0000] {logging_mixin.py:190} INFO - [2025-03-26T17:31:48.406+0000] {dagbag.py:588} INFO - Filling up the DagBag from /home/ubuntu/customer_churn_youtube_venv/lib/python3.12/site-packages/airflow/example_dags/tutorial_objectstorage.py
[2025-03-26T17:31:48.416+0000] {processor.py:925} INFO - DAG(s) 'tutorial_objectstorage' retrieved from /home/ubuntu/customer_churn_youtube_venv/lib/python3.12/site-packages/airflow/example_dags/tutorial_objectstorage.py
[2025-03-26T17:31:48.431+0000] {logging_mixin.py:190} INFO - [2025-03-26T17:31:48.430+0000] {dag.py:3239} INFO - Sync 1 DAGs
[2025-03-26T17:31:48.442+0000] {logging_mixin.py:190} INFO - [2025-03-26T17:31:48.442+0000] {dag.py:4180} INFO - Setting next_dagrun for tutorial_objectstorage to None, run_after=None
[2025-03-26T17:31:48.465+0000] {processor.py:208} INFO - Processing /home/ubuntu/customer_churn_youtube_venv/lib/python3.12/site-packages/airflow/example_dags/tutorial_objectstorage.py took 0.068 seconds
[2025-03-26T17:32:39.945+0000] {processor.py:186} INFO - Started process (PID=7553) to work on /home/ubuntu/customer_churn_youtube_venv/lib/python3.12/site-packages/airflow/example_dags/tutorial_objectstorage.py
[2025-03-26T17:32:39.946+0000] {processor.py:914} INFO - Processing file /home/ubuntu/customer_churn_youtube_venv/lib/python3.12/site-packages/airflow/example_dags/tutorial_objectstorage.py for tasks to queue
[2025-03-26T17:32:39.948+0000] {logging_mixin.py:190} INFO - [2025-03-26T17:32:39.948+0000] {dagbag.py:588} INFO - Filling up the DagBag from /home/ubuntu/customer_churn_youtube_venv/lib/python3.12/site-packages/airflow/example_dags/tutorial_objectstorage.py
[2025-03-26T17:32:39.958+0000] {processor.py:925} INFO - DAG(s) 'tutorial_objectstorage' retrieved from /home/ubuntu/customer_churn_youtube_venv/lib/python3.12/site-packages/airflow/example_dags/tutorial_objectstorage.py
[2025-03-26T17:32:39.973+0000] {logging_mixin.py:190} INFO - [2025-03-26T17:32:39.973+0000] {dag.py:3239} INFO - Sync 1 DAGs
[2025-03-26T17:32:39.984+0000] {logging_mixin.py:190} INFO - [2025-03-26T17:32:39.984+0000] {dag.py:4180} INFO - Setting next_dagrun for tutorial_objectstorage to None, run_after=None
[2025-03-26T17:32:40.008+0000] {processor.py:208} INFO - Processing /home/ubuntu/customer_churn_youtube_venv/lib/python3.12/site-packages/airflow/example_dags/tutorial_objectstorage.py took 0.069 seconds
[2025-03-26T17:33:31.449+0000] {processor.py:186} INFO - Started process (PID=7607) to work on /home/ubuntu/customer_churn_youtube_venv/lib/python3.12/site-packages/airflow/example_dags/tutorial_objectstorage.py
[2025-03-26T17:33:31.451+0000] {processor.py:914} INFO - Processing file /home/ubuntu/customer_churn_youtube_venv/lib/python3.12/site-packages/airflow/example_dags/tutorial_objectstorage.py for tasks to queue
[2025-03-26T17:33:31.453+0000] {logging_mixin.py:190} INFO - [2025-03-26T17:33:31.452+0000] {dagbag.py:588} INFO - Filling up the DagBag from /home/ubuntu/customer_churn_youtube_venv/lib/python3.12/site-packages/airflow/example_dags/tutorial_objectstorage.py
[2025-03-26T17:33:31.462+0000] {processor.py:925} INFO - DAG(s) 'tutorial_objectstorage' retrieved from /home/ubuntu/customer_churn_youtube_venv/lib/python3.12/site-packages/airflow/example_dags/tutorial_objectstorage.py
[2025-03-26T17:33:31.476+0000] {logging_mixin.py:190} INFO - [2025-03-26T17:33:31.476+0000] {dag.py:3239} INFO - Sync 1 DAGs
[2025-03-26T17:33:31.489+0000] {logging_mixin.py:190} INFO - [2025-03-26T17:33:31.488+0000] {dag.py:4180} INFO - Setting next_dagrun for tutorial_objectstorage to None, run_after=None
[2025-03-26T17:33:31.510+0000] {processor.py:208} INFO - Processing /home/ubuntu/customer_churn_youtube_venv/lib/python3.12/site-packages/airflow/example_dags/tutorial_objectstorage.py took 0.066 seconds
[2025-03-26T17:34:22.251+0000] {processor.py:186} INFO - Started process (PID=7659) to work on /home/ubuntu/customer_churn_youtube_venv/lib/python3.12/site-packages/airflow/example_dags/tutorial_objectstorage.py
[2025-03-26T17:34:22.253+0000] {processor.py:914} INFO - Processing file /home/ubuntu/customer_churn_youtube_venv/lib/python3.12/site-packages/airflow/example_dags/tutorial_objectstorage.py for tasks to queue
[2025-03-26T17:34:22.255+0000] {logging_mixin.py:190} INFO - [2025-03-26T17:34:22.255+0000] {dagbag.py:588} INFO - Filling up the DagBag from /home/ubuntu/customer_churn_youtube_venv/lib/python3.12/site-packages/airflow/example_dags/tutorial_objectstorage.py
[2025-03-26T17:34:22.265+0000] {processor.py:925} INFO - DAG(s) 'tutorial_objectstorage' retrieved from /home/ubuntu/customer_churn_youtube_venv/lib/python3.12/site-packages/airflow/example_dags/tutorial_objectstorage.py
[2025-03-26T17:34:22.279+0000] {logging_mixin.py:190} INFO - [2025-03-26T17:34:22.279+0000] {dag.py:3239} INFO - Sync 1 DAGs
[2025-03-26T17:34:22.292+0000] {logging_mixin.py:190} INFO - [2025-03-26T17:34:22.292+0000] {dag.py:4180} INFO - Setting next_dagrun for tutorial_objectstorage to None, run_after=None
[2025-03-26T17:34:22.313+0000] {processor.py:208} INFO - Processing /home/ubuntu/customer_churn_youtube_venv/lib/python3.12/site-packages/airflow/example_dags/tutorial_objectstorage.py took 0.068 seconds
[2025-03-26T17:35:16.356+0000] {processor.py:186} INFO - Started process (PID=7720) to work on /home/ubuntu/customer_churn_youtube_venv/lib/python3.12/site-packages/airflow/example_dags/tutorial_objectstorage.py
[2025-03-26T17:35:16.358+0000] {processor.py:914} INFO - Processing file /home/ubuntu/customer_churn_youtube_venv/lib/python3.12/site-packages/airflow/example_dags/tutorial_objectstorage.py for tasks to queue
[2025-03-26T17:35:16.360+0000] {logging_mixin.py:190} INFO - [2025-03-26T17:35:16.360+0000] {dagbag.py:588} INFO - Filling up the DagBag from /home/ubuntu/customer_churn_youtube_venv/lib/python3.12/site-packages/airflow/example_dags/tutorial_objectstorage.py
[2025-03-26T17:35:16.372+0000] {processor.py:925} INFO - DAG(s) 'tutorial_objectstorage' retrieved from /home/ubuntu/customer_churn_youtube_venv/lib/python3.12/site-packages/airflow/example_dags/tutorial_objectstorage.py
[2025-03-26T17:35:16.385+0000] {logging_mixin.py:190} INFO - [2025-03-26T17:35:16.385+0000] {dag.py:3239} INFO - Sync 1 DAGs
[2025-03-26T17:35:16.397+0000] {logging_mixin.py:190} INFO - [2025-03-26T17:35:16.397+0000] {dag.py:4180} INFO - Setting next_dagrun for tutorial_objectstorage to None, run_after=None
[2025-03-26T17:35:16.419+0000] {processor.py:208} INFO - Processing /home/ubuntu/customer_churn_youtube_venv/lib/python3.12/site-packages/airflow/example_dags/tutorial_objectstorage.py took 0.068 seconds
[2025-03-26T17:36:09.917+0000] {processor.py:186} INFO - Started process (PID=7775) to work on /home/ubuntu/customer_churn_youtube_venv/lib/python3.12/site-packages/airflow/example_dags/tutorial_objectstorage.py
[2025-03-26T17:36:09.918+0000] {processor.py:914} INFO - Processing file /home/ubuntu/customer_churn_youtube_venv/lib/python3.12/site-packages/airflow/example_dags/tutorial_objectstorage.py for tasks to queue
[2025-03-26T17:36:09.920+0000] {logging_mixin.py:190} INFO - [2025-03-26T17:36:09.920+0000] {dagbag.py:588} INFO - Filling up the DagBag from /home/ubuntu/customer_churn_youtube_venv/lib/python3.12/site-packages/airflow/example_dags/tutorial_objectstorage.py
[2025-03-26T17:36:09.929+0000] {processor.py:925} INFO - DAG(s) 'tutorial_objectstorage' retrieved from /home/ubuntu/customer_churn_youtube_venv/lib/python3.12/site-packages/airflow/example_dags/tutorial_objectstorage.py
[2025-03-26T17:36:09.944+0000] {logging_mixin.py:190} INFO - [2025-03-26T17:36:09.944+0000] {dag.py:3239} INFO - Sync 1 DAGs
[2025-03-26T17:36:09.955+0000] {logging_mixin.py:190} INFO - [2025-03-26T17:36:09.955+0000] {dag.py:4180} INFO - Setting next_dagrun for tutorial_objectstorage to None, run_after=None
[2025-03-26T17:36:09.976+0000] {processor.py:208} INFO - Processing /home/ubuntu/customer_churn_youtube_venv/lib/python3.12/site-packages/airflow/example_dags/tutorial_objectstorage.py took 0.065 seconds
[2025-03-26T17:37:01.608+0000] {processor.py:186} INFO - Started process (PID=7829) to work on /home/ubuntu/customer_churn_youtube_venv/lib/python3.12/site-packages/airflow/example_dags/tutorial_objectstorage.py
[2025-03-26T17:37:01.609+0000] {processor.py:914} INFO - Processing file /home/ubuntu/customer_churn_youtube_venv/lib/python3.12/site-packages/airflow/example_dags/tutorial_objectstorage.py for tasks to queue
[2025-03-26T17:37:01.612+0000] {logging_mixin.py:190} INFO - [2025-03-26T17:37:01.611+0000] {dagbag.py:588} INFO - Filling up the DagBag from /home/ubuntu/customer_churn_youtube_venv/lib/python3.12/site-packages/airflow/example_dags/tutorial_objectstorage.py
[2025-03-26T17:37:01.622+0000] {processor.py:925} INFO - DAG(s) 'tutorial_objectstorage' retrieved from /home/ubuntu/customer_churn_youtube_venv/lib/python3.12/site-packages/airflow/example_dags/tutorial_objectstorage.py
[2025-03-26T17:37:01.639+0000] {logging_mixin.py:190} INFO - [2025-03-26T17:37:01.639+0000] {dag.py:3239} INFO - Sync 1 DAGs
[2025-03-26T17:37:01.653+0000] {logging_mixin.py:190} INFO - [2025-03-26T17:37:01.653+0000] {dag.py:4180} INFO - Setting next_dagrun for tutorial_objectstorage to None, run_after=None
[2025-03-26T17:37:01.681+0000] {processor.py:208} INFO - Processing /home/ubuntu/customer_churn_youtube_venv/lib/python3.12/site-packages/airflow/example_dags/tutorial_objectstorage.py took 0.079 seconds
