[2025-03-26T17:13:10.607+0000] {processor.py:186} INFO - Started process (PID=6260) to work on /home/ubuntu/customer_churn_youtube_venv/lib/python3.12/site-packages/airflow/example_dags/tutorial_taskflow_api_virtualenv.py
[2025-03-26T17:13:10.608+0000] {processor.py:914} INFO - Processing file /home/ubuntu/customer_churn_youtube_venv/lib/python3.12/site-packages/airflow/example_dags/tutorial_taskflow_api_virtualenv.py for tasks to queue
[2025-03-26T17:13:10.609+0000] {logging_mixin.py:190} INFO - [2025-03-26T17:13:10.609+0000] {dagbag.py:588} INFO - Filling up the DagBag from /home/ubuntu/customer_churn_youtube_venv/lib/python3.12/site-packages/airflow/example_dags/tutorial_taskflow_api_virtualenv.py
[2025-03-26T17:13:10.612+0000] {logging_mixin.py:190} INFO - [2025-03-26T17:13:10.612+0000] {tutorial_taskflow_api_virtualenv.py:29} WARNING - The tutorial_taskflow_api_virtualenv example DAG requires virtualenv, please install it.
[2025-03-26T17:13:10.612+0000] {processor.py:927} WARNING - No viable dags retrieved from /home/ubuntu/customer_churn_youtube_venv/lib/python3.12/site-packages/airflow/example_dags/tutorial_taskflow_api_virtualenv.py
[2025-03-26T17:13:10.624+0000] {processor.py:208} INFO - Processing /home/ubuntu/customer_churn_youtube_venv/lib/python3.12/site-packages/airflow/example_dags/tutorial_taskflow_api_virtualenv.py took 0.022 seconds
[2025-03-26T17:14:21.041+0000] {processor.py:186} INFO - Started process (PID=6317) to work on /home/ubuntu/customer_churn_youtube_venv/lib/python3.12/site-packages/airflow/example_dags/tutorial_taskflow_api_virtualenv.py
[2025-03-26T17:14:21.043+0000] {processor.py:914} INFO - Processing file /home/ubuntu/customer_churn_youtube_venv/lib/python3.12/site-packages/airflow/example_dags/tutorial_taskflow_api_virtualenv.py for tasks to queue
[2025-03-26T17:14:21.045+0000] {logging_mixin.py:190} INFO - [2025-03-26T17:14:21.044+0000] {dagbag.py:588} INFO - Filling up the DagBag from /home/ubuntu/customer_churn_youtube_venv/lib/python3.12/site-packages/airflow/example_dags/tutorial_taskflow_api_virtualenv.py
[2025-03-26T17:14:21.048+0000] {logging_mixin.py:190} INFO - [2025-03-26T17:14:21.048+0000] {tutorial_taskflow_api_virtualenv.py:29} WARNING - The tutorial_taskflow_api_virtualenv example DAG requires virtualenv, please install it.
[2025-03-26T17:14:21.048+0000] {processor.py:927} WARNING - No viable dags retrieved from /home/ubuntu/customer_churn_youtube_venv/lib/python3.12/site-packages/airflow/example_dags/tutorial_taskflow_api_virtualenv.py
[2025-03-26T17:14:21.060+0000] {processor.py:208} INFO - Processing /home/ubuntu/customer_churn_youtube_venv/lib/python3.12/site-packages/airflow/example_dags/tutorial_taskflow_api_virtualenv.py took 0.024 seconds
[2025-03-26T17:15:17.074+0000] {processor.py:186} INFO - Started process (PID=6380) to work on /home/ubuntu/customer_churn_youtube_venv/lib/python3.12/site-packages/airflow/example_dags/tutorial_taskflow_api_virtualenv.py
[2025-03-26T17:15:17.075+0000] {processor.py:914} INFO - Processing file /home/ubuntu/customer_churn_youtube_venv/lib/python3.12/site-packages/airflow/example_dags/tutorial_taskflow_api_virtualenv.py for tasks to queue
[2025-03-26T17:15:17.076+0000] {logging_mixin.py:190} INFO - [2025-03-26T17:15:17.076+0000] {dagbag.py:588} INFO - Filling up the DagBag from /home/ubuntu/customer_churn_youtube_venv/lib/python3.12/site-packages/airflow/example_dags/tutorial_taskflow_api_virtualenv.py
[2025-03-26T17:15:17.080+0000] {logging_mixin.py:190} INFO - [2025-03-26T17:15:17.080+0000] {tutorial_taskflow_api_virtualenv.py:29} WARNING - The tutorial_taskflow_api_virtualenv example DAG requires virtualenv, please install it.
[2025-03-26T17:15:17.080+0000] {processor.py:927} WARNING - No viable dags retrieved from /home/ubuntu/customer_churn_youtube_venv/lib/python3.12/site-packages/airflow/example_dags/tutorial_taskflow_api_virtualenv.py
[2025-03-26T17:15:17.091+0000] {processor.py:208} INFO - Processing /home/ubuntu/customer_churn_youtube_venv/lib/python3.12/site-packages/airflow/example_dags/tutorial_taskflow_api_virtualenv.py took 0.023 seconds
[2025-03-26T17:16:08.309+0000] {processor.py:186} INFO - Started process (PID=6433) to work on /home/ubuntu/customer_churn_youtube_venv/lib/python3.12/site-packages/airflow/example_dags/tutorial_taskflow_api_virtualenv.py
[2025-03-26T17:16:08.312+0000] {processor.py:914} INFO - Processing file /home/ubuntu/customer_churn_youtube_venv/lib/python3.12/site-packages/airflow/example_dags/tutorial_taskflow_api_virtualenv.py for tasks to queue
[2025-03-26T17:16:08.313+0000] {logging_mixin.py:190} INFO - [2025-03-26T17:16:08.313+0000] {dagbag.py:588} INFO - Filling up the DagBag from /home/ubuntu/customer_churn_youtube_venv/lib/python3.12/site-packages/airflow/example_dags/tutorial_taskflow_api_virtualenv.py
[2025-03-26T17:16:08.316+0000] {logging_mixin.py:190} INFO - [2025-03-26T17:16:08.316+0000] {tutorial_taskflow_api_virtualenv.py:29} WARNING - The tutorial_taskflow_api_virtualenv example DAG requires virtualenv, please install it.
[2025-03-26T17:16:08.316+0000] {processor.py:927} WARNING - No viable dags retrieved from /home/ubuntu/customer_churn_youtube_venv/lib/python3.12/site-packages/airflow/example_dags/tutorial_taskflow_api_virtualenv.py
[2025-03-26T17:16:08.327+0000] {processor.py:208} INFO - Processing /home/ubuntu/customer_churn_youtube_venv/lib/python3.12/site-packages/airflow/example_dags/tutorial_taskflow_api_virtualenv.py took 0.022 seconds
[2025-03-26T17:17:03.704+0000] {processor.py:186} INFO - Started process (PID=6491) to work on /home/ubuntu/customer_churn_youtube_venv/lib/python3.12/site-packages/airflow/example_dags/tutorial_taskflow_api_virtualenv.py
[2025-03-26T17:17:03.707+0000] {processor.py:914} INFO - Processing file /home/ubuntu/customer_churn_youtube_venv/lib/python3.12/site-packages/airflow/example_dags/tutorial_taskflow_api_virtualenv.py for tasks to queue
[2025-03-26T17:17:03.708+0000] {logging_mixin.py:190} INFO - [2025-03-26T17:17:03.708+0000] {dagbag.py:588} INFO - Filling up the DagBag from /home/ubuntu/customer_churn_youtube_venv/lib/python3.12/site-packages/airflow/example_dags/tutorial_taskflow_api_virtualenv.py
[2025-03-26T17:17:03.711+0000] {logging_mixin.py:190} INFO - [2025-03-26T17:17:03.710+0000] {tutorial_taskflow_api_virtualenv.py:29} WARNING - The tutorial_taskflow_api_virtualenv example DAG requires virtualenv, please install it.
[2025-03-26T17:17:03.711+0000] {processor.py:927} WARNING - No viable dags retrieved from /home/ubuntu/customer_churn_youtube_venv/lib/python3.12/site-packages/airflow/example_dags/tutorial_taskflow_api_virtualenv.py
[2025-03-26T17:17:03.722+0000] {processor.py:208} INFO - Processing /home/ubuntu/customer_churn_youtube_venv/lib/python3.12/site-packages/airflow/example_dags/tutorial_taskflow_api_virtualenv.py took 0.023 seconds
[2025-03-26T17:17:55.283+0000] {processor.py:186} INFO - Started process (PID=6545) to work on /home/ubuntu/customer_churn_youtube_venv/lib/python3.12/site-packages/airflow/example_dags/tutorial_taskflow_api_virtualenv.py
[2025-03-26T17:17:55.285+0000] {processor.py:914} INFO - Processing file /home/ubuntu/customer_churn_youtube_venv/lib/python3.12/site-packages/airflow/example_dags/tutorial_taskflow_api_virtualenv.py for tasks to queue
[2025-03-26T17:17:55.287+0000] {logging_mixin.py:190} INFO - [2025-03-26T17:17:55.287+0000] {dagbag.py:588} INFO - Filling up the DagBag from /home/ubuntu/customer_churn_youtube_venv/lib/python3.12/site-packages/airflow/example_dags/tutorial_taskflow_api_virtualenv.py
[2025-03-26T17:17:55.290+0000] {logging_mixin.py:190} INFO - [2025-03-26T17:17:55.290+0000] {tutorial_taskflow_api_virtualenv.py:29} WARNING - The tutorial_taskflow_api_virtualenv example DAG requires virtualenv, please install it.
[2025-03-26T17:17:55.290+0000] {processor.py:927} WARNING - No viable dags retrieved from /home/ubuntu/customer_churn_youtube_venv/lib/python3.12/site-packages/airflow/example_dags/tutorial_taskflow_api_virtualenv.py
[2025-03-26T17:17:55.300+0000] {processor.py:208} INFO - Processing /home/ubuntu/customer_churn_youtube_venv/lib/python3.12/site-packages/airflow/example_dags/tutorial_taskflow_api_virtualenv.py took 0.022 seconds
[2025-03-26T17:18:48.757+0000] {processor.py:186} INFO - Started process (PID=6600) to work on /home/ubuntu/customer_churn_youtube_venv/lib/python3.12/site-packages/airflow/example_dags/tutorial_taskflow_api_virtualenv.py
[2025-03-26T17:18:48.758+0000] {processor.py:914} INFO - Processing file /home/ubuntu/customer_churn_youtube_venv/lib/python3.12/site-packages/airflow/example_dags/tutorial_taskflow_api_virtualenv.py for tasks to queue
[2025-03-26T17:18:48.760+0000] {logging_mixin.py:190} INFO - [2025-03-26T17:18:48.760+0000] {dagbag.py:588} INFO - Filling up the DagBag from /home/ubuntu/customer_churn_youtube_venv/lib/python3.12/site-packages/airflow/example_dags/tutorial_taskflow_api_virtualenv.py
[2025-03-26T17:18:48.764+0000] {logging_mixin.py:190} INFO - [2025-03-26T17:18:48.764+0000] {tutorial_taskflow_api_virtualenv.py:29} WARNING - The tutorial_taskflow_api_virtualenv example DAG requires virtualenv, please install it.
[2025-03-26T17:18:48.764+0000] {processor.py:927} WARNING - No viable dags retrieved from /home/ubuntu/customer_churn_youtube_venv/lib/python3.12/site-packages/airflow/example_dags/tutorial_taskflow_api_virtualenv.py
[2025-03-26T17:18:48.774+0000] {processor.py:208} INFO - Processing /home/ubuntu/customer_churn_youtube_venv/lib/python3.12/site-packages/airflow/example_dags/tutorial_taskflow_api_virtualenv.py took 0.022 seconds
[2025-03-26T17:19:49.824+0000] {processor.py:186} INFO - Started process (PID=6657) to work on /home/ubuntu/customer_churn_youtube_venv/lib/python3.12/site-packages/airflow/example_dags/tutorial_taskflow_api_virtualenv.py
[2025-03-26T17:19:49.826+0000] {processor.py:914} INFO - Processing file /home/ubuntu/customer_churn_youtube_venv/lib/python3.12/site-packages/airflow/example_dags/tutorial_taskflow_api_virtualenv.py for tasks to queue
[2025-03-26T17:19:49.828+0000] {logging_mixin.py:190} INFO - [2025-03-26T17:19:49.828+0000] {dagbag.py:588} INFO - Filling up the DagBag from /home/ubuntu/customer_churn_youtube_venv/lib/python3.12/site-packages/airflow/example_dags/tutorial_taskflow_api_virtualenv.py
[2025-03-26T17:19:49.831+0000] {logging_mixin.py:190} INFO - [2025-03-26T17:19:49.831+0000] {tutorial_taskflow_api_virtualenv.py:29} WARNING - The tutorial_taskflow_api_virtualenv example DAG requires virtualenv, please install it.
[2025-03-26T17:19:49.831+0000] {processor.py:927} WARNING - No viable dags retrieved from /home/ubuntu/customer_churn_youtube_venv/lib/python3.12/site-packages/airflow/example_dags/tutorial_taskflow_api_virtualenv.py
[2025-03-26T17:19:49.841+0000] {processor.py:208} INFO - Processing /home/ubuntu/customer_churn_youtube_venv/lib/python3.12/site-packages/airflow/example_dags/tutorial_taskflow_api_virtualenv.py took 0.022 seconds
[2025-03-26T17:20:46.520+0000] {processor.py:186} INFO - Started process (PID=6720) to work on /home/ubuntu/customer_churn_youtube_venv/lib/python3.12/site-packages/airflow/example_dags/tutorial_taskflow_api_virtualenv.py
[2025-03-26T17:20:46.522+0000] {processor.py:914} INFO - Processing file /home/ubuntu/customer_churn_youtube_venv/lib/python3.12/site-packages/airflow/example_dags/tutorial_taskflow_api_virtualenv.py for tasks to queue
[2025-03-26T17:20:46.524+0000] {logging_mixin.py:190} INFO - [2025-03-26T17:20:46.524+0000] {dagbag.py:588} INFO - Filling up the DagBag from /home/ubuntu/customer_churn_youtube_venv/lib/python3.12/site-packages/airflow/example_dags/tutorial_taskflow_api_virtualenv.py
[2025-03-26T17:20:46.527+0000] {logging_mixin.py:190} INFO - [2025-03-26T17:20:46.527+0000] {tutorial_taskflow_api_virtualenv.py:29} WARNING - The tutorial_taskflow_api_virtualenv example DAG requires virtualenv, please install it.
[2025-03-26T17:20:46.527+0000] {processor.py:927} WARNING - No viable dags retrieved from /home/ubuntu/customer_churn_youtube_venv/lib/python3.12/site-packages/airflow/example_dags/tutorial_taskflow_api_virtualenv.py
[2025-03-26T17:20:46.538+0000] {processor.py:208} INFO - Processing /home/ubuntu/customer_churn_youtube_venv/lib/python3.12/site-packages/airflow/example_dags/tutorial_taskflow_api_virtualenv.py took 0.024 seconds
[2025-03-26T17:21:39.596+0000] {processor.py:186} INFO - Started process (PID=6774) to work on /home/ubuntu/customer_churn_youtube_venv/lib/python3.12/site-packages/airflow/example_dags/tutorial_taskflow_api_virtualenv.py
[2025-03-26T17:21:39.597+0000] {processor.py:914} INFO - Processing file /home/ubuntu/customer_churn_youtube_venv/lib/python3.12/site-packages/airflow/example_dags/tutorial_taskflow_api_virtualenv.py for tasks to queue
[2025-03-26T17:21:39.599+0000] {logging_mixin.py:190} INFO - [2025-03-26T17:21:39.599+0000] {dagbag.py:588} INFO - Filling up the DagBag from /home/ubuntu/customer_churn_youtube_venv/lib/python3.12/site-packages/airflow/example_dags/tutorial_taskflow_api_virtualenv.py
[2025-03-26T17:21:39.602+0000] {logging_mixin.py:190} INFO - [2025-03-26T17:21:39.601+0000] {tutorial_taskflow_api_virtualenv.py:29} WARNING - The tutorial_taskflow_api_virtualenv example DAG requires virtualenv, please install it.
[2025-03-26T17:21:39.602+0000] {processor.py:927} WARNING - No viable dags retrieved from /home/ubuntu/customer_churn_youtube_venv/lib/python3.12/site-packages/airflow/example_dags/tutorial_taskflow_api_virtualenv.py
[2025-03-26T17:21:39.613+0000] {processor.py:208} INFO - Processing /home/ubuntu/customer_churn_youtube_venv/lib/python3.12/site-packages/airflow/example_dags/tutorial_taskflow_api_virtualenv.py took 0.023 seconds
[2025-03-26T17:22:31.261+0000] {processor.py:186} INFO - Started process (PID=6828) to work on /home/ubuntu/customer_churn_youtube_venv/lib/python3.12/site-packages/airflow/example_dags/tutorial_taskflow_api_virtualenv.py
[2025-03-26T17:22:31.262+0000] {processor.py:914} INFO - Processing file /home/ubuntu/customer_churn_youtube_venv/lib/python3.12/site-packages/airflow/example_dags/tutorial_taskflow_api_virtualenv.py for tasks to queue
[2025-03-26T17:22:31.264+0000] {logging_mixin.py:190} INFO - [2025-03-26T17:22:31.263+0000] {dagbag.py:588} INFO - Filling up the DagBag from /home/ubuntu/customer_churn_youtube_venv/lib/python3.12/site-packages/airflow/example_dags/tutorial_taskflow_api_virtualenv.py
[2025-03-26T17:22:31.267+0000] {logging_mixin.py:190} INFO - [2025-03-26T17:22:31.267+0000] {tutorial_taskflow_api_virtualenv.py:29} WARNING - The tutorial_taskflow_api_virtualenv example DAG requires virtualenv, please install it.
[2025-03-26T17:22:31.267+0000] {processor.py:927} WARNING - No viable dags retrieved from /home/ubuntu/customer_churn_youtube_venv/lib/python3.12/site-packages/airflow/example_dags/tutorial_taskflow_api_virtualenv.py
[2025-03-26T17:22:31.278+0000] {processor.py:208} INFO - Processing /home/ubuntu/customer_churn_youtube_venv/lib/python3.12/site-packages/airflow/example_dags/tutorial_taskflow_api_virtualenv.py took 0.023 seconds
[2025-03-26T17:23:23.940+0000] {processor.py:186} INFO - Started process (PID=6881) to work on /home/ubuntu/customer_churn_youtube_venv/lib/python3.12/site-packages/airflow/example_dags/tutorial_taskflow_api_virtualenv.py
[2025-03-26T17:23:23.941+0000] {processor.py:914} INFO - Processing file /home/ubuntu/customer_churn_youtube_venv/lib/python3.12/site-packages/airflow/example_dags/tutorial_taskflow_api_virtualenv.py for tasks to queue
[2025-03-26T17:23:23.944+0000] {logging_mixin.py:190} INFO - [2025-03-26T17:23:23.943+0000] {dagbag.py:588} INFO - Filling up the DagBag from /home/ubuntu/customer_churn_youtube_venv/lib/python3.12/site-packages/airflow/example_dags/tutorial_taskflow_api_virtualenv.py
[2025-03-26T17:23:23.946+0000] {logging_mixin.py:190} INFO - [2025-03-26T17:23:23.946+0000] {tutorial_taskflow_api_virtualenv.py:29} WARNING - The tutorial_taskflow_api_virtualenv example DAG requires virtualenv, please install it.
[2025-03-26T17:23:23.946+0000] {processor.py:927} WARNING - No viable dags retrieved from /home/ubuntu/customer_churn_youtube_venv/lib/python3.12/site-packages/airflow/example_dags/tutorial_taskflow_api_virtualenv.py
[2025-03-26T17:23:23.957+0000] {processor.py:208} INFO - Processing /home/ubuntu/customer_churn_youtube_venv/lib/python3.12/site-packages/airflow/example_dags/tutorial_taskflow_api_virtualenv.py took 0.023 seconds
[2025-03-26T17:24:13.594+0000] {processor.py:186} INFO - Started process (PID=6934) to work on /home/ubuntu/customer_churn_youtube_venv/lib/python3.12/site-packages/airflow/example_dags/tutorial_taskflow_api_virtualenv.py
[2025-03-26T17:24:13.596+0000] {processor.py:914} INFO - Processing file /home/ubuntu/customer_churn_youtube_venv/lib/python3.12/site-packages/airflow/example_dags/tutorial_taskflow_api_virtualenv.py for tasks to queue
[2025-03-26T17:24:13.597+0000] {logging_mixin.py:190} INFO - [2025-03-26T17:24:13.597+0000] {dagbag.py:588} INFO - Filling up the DagBag from /home/ubuntu/customer_churn_youtube_venv/lib/python3.12/site-packages/airflow/example_dags/tutorial_taskflow_api_virtualenv.py
[2025-03-26T17:24:13.600+0000] {logging_mixin.py:190} INFO - [2025-03-26T17:24:13.600+0000] {tutorial_taskflow_api_virtualenv.py:29} WARNING - The tutorial_taskflow_api_virtualenv example DAG requires virtualenv, please install it.
[2025-03-26T17:24:13.601+0000] {processor.py:927} WARNING - No viable dags retrieved from /home/ubuntu/customer_churn_youtube_venv/lib/python3.12/site-packages/airflow/example_dags/tutorial_taskflow_api_virtualenv.py
[2025-03-26T17:24:13.611+0000] {processor.py:208} INFO - Processing /home/ubuntu/customer_churn_youtube_venv/lib/python3.12/site-packages/airflow/example_dags/tutorial_taskflow_api_virtualenv.py took 0.022 seconds
[2025-03-26T17:25:04.575+0000] {processor.py:186} INFO - Started process (PID=6990) to work on /home/ubuntu/customer_churn_youtube_venv/lib/python3.12/site-packages/airflow/example_dags/tutorial_taskflow_api_virtualenv.py
[2025-03-26T17:25:04.577+0000] {processor.py:914} INFO - Processing file /home/ubuntu/customer_churn_youtube_venv/lib/python3.12/site-packages/airflow/example_dags/tutorial_taskflow_api_virtualenv.py for tasks to queue
[2025-03-26T17:25:04.579+0000] {logging_mixin.py:190} INFO - [2025-03-26T17:25:04.579+0000] {dagbag.py:588} INFO - Filling up the DagBag from /home/ubuntu/customer_churn_youtube_venv/lib/python3.12/site-packages/airflow/example_dags/tutorial_taskflow_api_virtualenv.py
[2025-03-26T17:25:04.582+0000] {logging_mixin.py:190} INFO - [2025-03-26T17:25:04.582+0000] {tutorial_taskflow_api_virtualenv.py:29} WARNING - The tutorial_taskflow_api_virtualenv example DAG requires virtualenv, please install it.
[2025-03-26T17:25:04.582+0000] {processor.py:927} WARNING - No viable dags retrieved from /home/ubuntu/customer_churn_youtube_venv/lib/python3.12/site-packages/airflow/example_dags/tutorial_taskflow_api_virtualenv.py
[2025-03-26T17:25:04.593+0000] {processor.py:208} INFO - Processing /home/ubuntu/customer_churn_youtube_venv/lib/python3.12/site-packages/airflow/example_dags/tutorial_taskflow_api_virtualenv.py took 0.023 seconds
[2025-03-26T17:25:54.673+0000] {processor.py:186} INFO - Started process (PID=7041) to work on /home/ubuntu/customer_churn_youtube_venv/lib/python3.12/site-packages/airflow/example_dags/tutorial_taskflow_api_virtualenv.py
[2025-03-26T17:25:54.675+0000] {processor.py:914} INFO - Processing file /home/ubuntu/customer_churn_youtube_venv/lib/python3.12/site-packages/airflow/example_dags/tutorial_taskflow_api_virtualenv.py for tasks to queue
[2025-03-26T17:25:54.677+0000] {logging_mixin.py:190} INFO - [2025-03-26T17:25:54.677+0000] {dagbag.py:588} INFO - Filling up the DagBag from /home/ubuntu/customer_churn_youtube_venv/lib/python3.12/site-packages/airflow/example_dags/tutorial_taskflow_api_virtualenv.py
[2025-03-26T17:25:54.679+0000] {logging_mixin.py:190} INFO - [2025-03-26T17:25:54.679+0000] {tutorial_taskflow_api_virtualenv.py:29} WARNING - The tutorial_taskflow_api_virtualenv example DAG requires virtualenv, please install it.
[2025-03-26T17:25:54.680+0000] {processor.py:927} WARNING - No viable dags retrieved from /home/ubuntu/customer_churn_youtube_venv/lib/python3.12/site-packages/airflow/example_dags/tutorial_taskflow_api_virtualenv.py
[2025-03-26T17:25:54.691+0000] {processor.py:208} INFO - Processing /home/ubuntu/customer_churn_youtube_venv/lib/python3.12/site-packages/airflow/example_dags/tutorial_taskflow_api_virtualenv.py took 0.024 seconds
[2025-03-26T17:26:44.377+0000] {processor.py:186} INFO - Started process (PID=7093) to work on /home/ubuntu/customer_churn_youtube_venv/lib/python3.12/site-packages/airflow/example_dags/tutorial_taskflow_api_virtualenv.py
[2025-03-26T17:26:44.378+0000] {processor.py:914} INFO - Processing file /home/ubuntu/customer_churn_youtube_venv/lib/python3.12/site-packages/airflow/example_dags/tutorial_taskflow_api_virtualenv.py for tasks to queue
[2025-03-26T17:26:44.380+0000] {logging_mixin.py:190} INFO - [2025-03-26T17:26:44.380+0000] {dagbag.py:588} INFO - Filling up the DagBag from /home/ubuntu/customer_churn_youtube_venv/lib/python3.12/site-packages/airflow/example_dags/tutorial_taskflow_api_virtualenv.py
[2025-03-26T17:26:44.383+0000] {logging_mixin.py:190} INFO - [2025-03-26T17:26:44.383+0000] {tutorial_taskflow_api_virtualenv.py:29} WARNING - The tutorial_taskflow_api_virtualenv example DAG requires virtualenv, please install it.
[2025-03-26T17:26:44.384+0000] {processor.py:927} WARNING - No viable dags retrieved from /home/ubuntu/customer_churn_youtube_venv/lib/python3.12/site-packages/airflow/example_dags/tutorial_taskflow_api_virtualenv.py
[2025-03-26T17:26:44.394+0000] {processor.py:208} INFO - Processing /home/ubuntu/customer_churn_youtube_venv/lib/python3.12/site-packages/airflow/example_dags/tutorial_taskflow_api_virtualenv.py took 0.022 seconds
[2025-03-26T17:27:36.619+0000] {processor.py:186} INFO - Started process (PID=7193) to work on /home/ubuntu/customer_churn_youtube_venv/lib/python3.12/site-packages/airflow/example_dags/tutorial_taskflow_api_virtualenv.py
[2025-03-26T17:27:36.620+0000] {processor.py:914} INFO - Processing file /home/ubuntu/customer_churn_youtube_venv/lib/python3.12/site-packages/airflow/example_dags/tutorial_taskflow_api_virtualenv.py for tasks to queue
[2025-03-26T17:27:36.623+0000] {logging_mixin.py:190} INFO - [2025-03-26T17:27:36.623+0000] {dagbag.py:588} INFO - Filling up the DagBag from /home/ubuntu/customer_churn_youtube_venv/lib/python3.12/site-packages/airflow/example_dags/tutorial_taskflow_api_virtualenv.py
[2025-03-26T17:27:36.626+0000] {logging_mixin.py:190} INFO - [2025-03-26T17:27:36.625+0000] {tutorial_taskflow_api_virtualenv.py:29} WARNING - The tutorial_taskflow_api_virtualenv example DAG requires virtualenv, please install it.
[2025-03-26T17:27:36.626+0000] {processor.py:927} WARNING - No viable dags retrieved from /home/ubuntu/customer_churn_youtube_venv/lib/python3.12/site-packages/airflow/example_dags/tutorial_taskflow_api_virtualenv.py
[2025-03-26T17:27:36.636+0000] {processor.py:208} INFO - Processing /home/ubuntu/customer_churn_youtube_venv/lib/python3.12/site-packages/airflow/example_dags/tutorial_taskflow_api_virtualenv.py took 0.023 seconds
[2025-03-26T17:28:27.316+0000] {processor.py:186} INFO - Started process (PID=7247) to work on /home/ubuntu/customer_churn_youtube_venv/lib/python3.12/site-packages/airflow/example_dags/tutorial_taskflow_api_virtualenv.py
[2025-03-26T17:28:27.319+0000] {processor.py:914} INFO - Processing file /home/ubuntu/customer_churn_youtube_venv/lib/python3.12/site-packages/airflow/example_dags/tutorial_taskflow_api_virtualenv.py for tasks to queue
[2025-03-26T17:28:27.320+0000] {logging_mixin.py:190} INFO - [2025-03-26T17:28:27.320+0000] {dagbag.py:588} INFO - Filling up the DagBag from /home/ubuntu/customer_churn_youtube_venv/lib/python3.12/site-packages/airflow/example_dags/tutorial_taskflow_api_virtualenv.py
[2025-03-26T17:28:27.323+0000] {logging_mixin.py:190} INFO - [2025-03-26T17:28:27.323+0000] {tutorial_taskflow_api_virtualenv.py:29} WARNING - The tutorial_taskflow_api_virtualenv example DAG requires virtualenv, please install it.
[2025-03-26T17:28:27.323+0000] {processor.py:927} WARNING - No viable dags retrieved from /home/ubuntu/customer_churn_youtube_venv/lib/python3.12/site-packages/airflow/example_dags/tutorial_taskflow_api_virtualenv.py
[2025-03-26T17:28:27.334+0000] {processor.py:208} INFO - Processing /home/ubuntu/customer_churn_youtube_venv/lib/python3.12/site-packages/airflow/example_dags/tutorial_taskflow_api_virtualenv.py took 0.023 seconds
[2025-03-26T17:29:17.762+0000] {processor.py:186} INFO - Started process (PID=7299) to work on /home/ubuntu/customer_churn_youtube_venv/lib/python3.12/site-packages/airflow/example_dags/tutorial_taskflow_api_virtualenv.py
[2025-03-26T17:29:17.763+0000] {processor.py:914} INFO - Processing file /home/ubuntu/customer_churn_youtube_venv/lib/python3.12/site-packages/airflow/example_dags/tutorial_taskflow_api_virtualenv.py for tasks to queue
[2025-03-26T17:29:17.765+0000] {logging_mixin.py:190} INFO - [2025-03-26T17:29:17.765+0000] {dagbag.py:588} INFO - Filling up the DagBag from /home/ubuntu/customer_churn_youtube_venv/lib/python3.12/site-packages/airflow/example_dags/tutorial_taskflow_api_virtualenv.py
[2025-03-26T17:29:17.767+0000] {logging_mixin.py:190} INFO - [2025-03-26T17:29:17.767+0000] {tutorial_taskflow_api_virtualenv.py:29} WARNING - The tutorial_taskflow_api_virtualenv example DAG requires virtualenv, please install it.
[2025-03-26T17:29:17.768+0000] {processor.py:927} WARNING - No viable dags retrieved from /home/ubuntu/customer_churn_youtube_venv/lib/python3.12/site-packages/airflow/example_dags/tutorial_taskflow_api_virtualenv.py
[2025-03-26T17:29:17.778+0000] {processor.py:208} INFO - Processing /home/ubuntu/customer_churn_youtube_venv/lib/python3.12/site-packages/airflow/example_dags/tutorial_taskflow_api_virtualenv.py took 0.022 seconds
[2025-03-26T17:30:08.076+0000] {processor.py:186} INFO - Started process (PID=7355) to work on /home/ubuntu/customer_churn_youtube_venv/lib/python3.12/site-packages/airflow/example_dags/tutorial_taskflow_api_virtualenv.py
[2025-03-26T17:30:08.077+0000] {processor.py:914} INFO - Processing file /home/ubuntu/customer_churn_youtube_venv/lib/python3.12/site-packages/airflow/example_dags/tutorial_taskflow_api_virtualenv.py for tasks to queue
[2025-03-26T17:30:08.079+0000] {logging_mixin.py:190} INFO - [2025-03-26T17:30:08.079+0000] {dagbag.py:588} INFO - Filling up the DagBag from /home/ubuntu/customer_churn_youtube_venv/lib/python3.12/site-packages/airflow/example_dags/tutorial_taskflow_api_virtualenv.py
[2025-03-26T17:30:08.083+0000] {logging_mixin.py:190} INFO - [2025-03-26T17:30:08.083+0000] {tutorial_taskflow_api_virtualenv.py:29} WARNING - The tutorial_taskflow_api_virtualenv example DAG requires virtualenv, please install it.
[2025-03-26T17:30:08.083+0000] {processor.py:927} WARNING - No viable dags retrieved from /home/ubuntu/customer_churn_youtube_venv/lib/python3.12/site-packages/airflow/example_dags/tutorial_taskflow_api_virtualenv.py
[2025-03-26T17:30:08.094+0000] {processor.py:208} INFO - Processing /home/ubuntu/customer_churn_youtube_venv/lib/python3.12/site-packages/airflow/example_dags/tutorial_taskflow_api_virtualenv.py took 0.023 seconds
[2025-03-26T17:30:56.720+0000] {processor.py:186} INFO - Started process (PID=7406) to work on /home/ubuntu/customer_churn_youtube_venv/lib/python3.12/site-packages/airflow/example_dags/tutorial_taskflow_api_virtualenv.py
[2025-03-26T17:30:56.722+0000] {processor.py:914} INFO - Processing file /home/ubuntu/customer_churn_youtube_venv/lib/python3.12/site-packages/airflow/example_dags/tutorial_taskflow_api_virtualenv.py for tasks to queue
[2025-03-26T17:30:56.724+0000] {logging_mixin.py:190} INFO - [2025-03-26T17:30:56.723+0000] {dagbag.py:588} INFO - Filling up the DagBag from /home/ubuntu/customer_churn_youtube_venv/lib/python3.12/site-packages/airflow/example_dags/tutorial_taskflow_api_virtualenv.py
[2025-03-26T17:30:56.726+0000] {logging_mixin.py:190} INFO - [2025-03-26T17:30:56.726+0000] {tutorial_taskflow_api_virtualenv.py:29} WARNING - The tutorial_taskflow_api_virtualenv example DAG requires virtualenv, please install it.
[2025-03-26T17:30:56.726+0000] {processor.py:927} WARNING - No viable dags retrieved from /home/ubuntu/customer_churn_youtube_venv/lib/python3.12/site-packages/airflow/example_dags/tutorial_taskflow_api_virtualenv.py
[2025-03-26T17:30:56.737+0000] {processor.py:208} INFO - Processing /home/ubuntu/customer_churn_youtube_venv/lib/python3.12/site-packages/airflow/example_dags/tutorial_taskflow_api_virtualenv.py took 0.022 seconds
[2025-03-26T17:31:47.266+0000] {processor.py:186} INFO - Started process (PID=7459) to work on /home/ubuntu/customer_churn_youtube_venv/lib/python3.12/site-packages/airflow/example_dags/tutorial_taskflow_api_virtualenv.py
[2025-03-26T17:31:47.268+0000] {processor.py:914} INFO - Processing file /home/ubuntu/customer_churn_youtube_venv/lib/python3.12/site-packages/airflow/example_dags/tutorial_taskflow_api_virtualenv.py for tasks to queue
[2025-03-26T17:31:47.270+0000] {logging_mixin.py:190} INFO - [2025-03-26T17:31:47.270+0000] {dagbag.py:588} INFO - Filling up the DagBag from /home/ubuntu/customer_churn_youtube_venv/lib/python3.12/site-packages/airflow/example_dags/tutorial_taskflow_api_virtualenv.py
[2025-03-26T17:31:47.273+0000] {logging_mixin.py:190} INFO - [2025-03-26T17:31:47.273+0000] {tutorial_taskflow_api_virtualenv.py:29} WARNING - The tutorial_taskflow_api_virtualenv example DAG requires virtualenv, please install it.
[2025-03-26T17:31:47.273+0000] {processor.py:927} WARNING - No viable dags retrieved from /home/ubuntu/customer_churn_youtube_venv/lib/python3.12/site-packages/airflow/example_dags/tutorial_taskflow_api_virtualenv.py
[2025-03-26T17:31:47.284+0000] {processor.py:208} INFO - Processing /home/ubuntu/customer_churn_youtube_venv/lib/python3.12/site-packages/airflow/example_dags/tutorial_taskflow_api_virtualenv.py took 0.024 seconds
[2025-03-26T17:32:38.809+0000] {processor.py:186} INFO - Started process (PID=7552) to work on /home/ubuntu/customer_churn_youtube_venv/lib/python3.12/site-packages/airflow/example_dags/tutorial_taskflow_api_virtualenv.py
[2025-03-26T17:32:38.811+0000] {processor.py:914} INFO - Processing file /home/ubuntu/customer_churn_youtube_venv/lib/python3.12/site-packages/airflow/example_dags/tutorial_taskflow_api_virtualenv.py for tasks to queue
[2025-03-26T17:32:38.812+0000] {logging_mixin.py:190} INFO - [2025-03-26T17:32:38.812+0000] {dagbag.py:588} INFO - Filling up the DagBag from /home/ubuntu/customer_churn_youtube_venv/lib/python3.12/site-packages/airflow/example_dags/tutorial_taskflow_api_virtualenv.py
[2025-03-26T17:32:38.815+0000] {logging_mixin.py:190} INFO - [2025-03-26T17:32:38.815+0000] {tutorial_taskflow_api_virtualenv.py:29} WARNING - The tutorial_taskflow_api_virtualenv example DAG requires virtualenv, please install it.
[2025-03-26T17:32:38.816+0000] {processor.py:927} WARNING - No viable dags retrieved from /home/ubuntu/customer_churn_youtube_venv/lib/python3.12/site-packages/airflow/example_dags/tutorial_taskflow_api_virtualenv.py
[2025-03-26T17:32:38.825+0000] {processor.py:208} INFO - Processing /home/ubuntu/customer_churn_youtube_venv/lib/python3.12/site-packages/airflow/example_dags/tutorial_taskflow_api_virtualenv.py took 0.022 seconds
[2025-03-26T17:33:30.619+0000] {processor.py:186} INFO - Started process (PID=7606) to work on /home/ubuntu/customer_churn_youtube_venv/lib/python3.12/site-packages/airflow/example_dags/tutorial_taskflow_api_virtualenv.py
[2025-03-26T17:33:30.621+0000] {processor.py:914} INFO - Processing file /home/ubuntu/customer_churn_youtube_venv/lib/python3.12/site-packages/airflow/example_dags/tutorial_taskflow_api_virtualenv.py for tasks to queue
[2025-03-26T17:33:30.623+0000] {logging_mixin.py:190} INFO - [2025-03-26T17:33:30.622+0000] {dagbag.py:588} INFO - Filling up the DagBag from /home/ubuntu/customer_churn_youtube_venv/lib/python3.12/site-packages/airflow/example_dags/tutorial_taskflow_api_virtualenv.py
[2025-03-26T17:33:30.625+0000] {logging_mixin.py:190} INFO - [2025-03-26T17:33:30.625+0000] {tutorial_taskflow_api_virtualenv.py:29} WARNING - The tutorial_taskflow_api_virtualenv example DAG requires virtualenv, please install it.
[2025-03-26T17:33:30.625+0000] {processor.py:927} WARNING - No viable dags retrieved from /home/ubuntu/customer_churn_youtube_venv/lib/python3.12/site-packages/airflow/example_dags/tutorial_taskflow_api_virtualenv.py
[2025-03-26T17:33:30.636+0000] {processor.py:208} INFO - Processing /home/ubuntu/customer_churn_youtube_venv/lib/python3.12/site-packages/airflow/example_dags/tutorial_taskflow_api_virtualenv.py took 0.023 seconds
[2025-03-26T17:34:21.986+0000] {processor.py:186} INFO - Started process (PID=7658) to work on /home/ubuntu/customer_churn_youtube_venv/lib/python3.12/site-packages/airflow/example_dags/tutorial_taskflow_api_virtualenv.py
[2025-03-26T17:34:21.988+0000] {processor.py:914} INFO - Processing file /home/ubuntu/customer_churn_youtube_venv/lib/python3.12/site-packages/airflow/example_dags/tutorial_taskflow_api_virtualenv.py for tasks to queue
[2025-03-26T17:34:21.989+0000] {logging_mixin.py:190} INFO - [2025-03-26T17:34:21.989+0000] {dagbag.py:588} INFO - Filling up the DagBag from /home/ubuntu/customer_churn_youtube_venv/lib/python3.12/site-packages/airflow/example_dags/tutorial_taskflow_api_virtualenv.py
[2025-03-26T17:34:21.992+0000] {logging_mixin.py:190} INFO - [2025-03-26T17:34:21.991+0000] {tutorial_taskflow_api_virtualenv.py:29} WARNING - The tutorial_taskflow_api_virtualenv example DAG requires virtualenv, please install it.
[2025-03-26T17:34:21.992+0000] {processor.py:927} WARNING - No viable dags retrieved from /home/ubuntu/customer_churn_youtube_venv/lib/python3.12/site-packages/airflow/example_dags/tutorial_taskflow_api_virtualenv.py
[2025-03-26T17:34:22.002+0000] {processor.py:208} INFO - Processing /home/ubuntu/customer_churn_youtube_venv/lib/python3.12/site-packages/airflow/example_dags/tutorial_taskflow_api_virtualenv.py took 0.022 seconds
[2025-03-26T17:35:15.218+0000] {processor.py:186} INFO - Started process (PID=7719) to work on /home/ubuntu/customer_churn_youtube_venv/lib/python3.12/site-packages/airflow/example_dags/tutorial_taskflow_api_virtualenv.py
[2025-03-26T17:35:15.219+0000] {processor.py:914} INFO - Processing file /home/ubuntu/customer_churn_youtube_venv/lib/python3.12/site-packages/airflow/example_dags/tutorial_taskflow_api_virtualenv.py for tasks to queue
[2025-03-26T17:35:15.222+0000] {logging_mixin.py:190} INFO - [2025-03-26T17:35:15.221+0000] {dagbag.py:588} INFO - Filling up the DagBag from /home/ubuntu/customer_churn_youtube_venv/lib/python3.12/site-packages/airflow/example_dags/tutorial_taskflow_api_virtualenv.py
[2025-03-26T17:35:15.224+0000] {logging_mixin.py:190} INFO - [2025-03-26T17:35:15.224+0000] {tutorial_taskflow_api_virtualenv.py:29} WARNING - The tutorial_taskflow_api_virtualenv example DAG requires virtualenv, please install it.
[2025-03-26T17:35:15.225+0000] {processor.py:927} WARNING - No viable dags retrieved from /home/ubuntu/customer_churn_youtube_venv/lib/python3.12/site-packages/airflow/example_dags/tutorial_taskflow_api_virtualenv.py
[2025-03-26T17:35:15.235+0000] {processor.py:208} INFO - Processing /home/ubuntu/customer_churn_youtube_venv/lib/python3.12/site-packages/airflow/example_dags/tutorial_taskflow_api_virtualenv.py took 0.023 seconds
[2025-03-26T17:36:08.768+0000] {processor.py:186} INFO - Started process (PID=7774) to work on /home/ubuntu/customer_churn_youtube_venv/lib/python3.12/site-packages/airflow/example_dags/tutorial_taskflow_api_virtualenv.py
[2025-03-26T17:36:08.771+0000] {processor.py:914} INFO - Processing file /home/ubuntu/customer_churn_youtube_venv/lib/python3.12/site-packages/airflow/example_dags/tutorial_taskflow_api_virtualenv.py for tasks to queue
[2025-03-26T17:36:08.772+0000] {logging_mixin.py:190} INFO - [2025-03-26T17:36:08.772+0000] {dagbag.py:588} INFO - Filling up the DagBag from /home/ubuntu/customer_churn_youtube_venv/lib/python3.12/site-packages/airflow/example_dags/tutorial_taskflow_api_virtualenv.py
[2025-03-26T17:36:08.775+0000] {logging_mixin.py:190} INFO - [2025-03-26T17:36:08.775+0000] {tutorial_taskflow_api_virtualenv.py:29} WARNING - The tutorial_taskflow_api_virtualenv example DAG requires virtualenv, please install it.
[2025-03-26T17:36:08.776+0000] {processor.py:927} WARNING - No viable dags retrieved from /home/ubuntu/customer_churn_youtube_venv/lib/python3.12/site-packages/airflow/example_dags/tutorial_taskflow_api_virtualenv.py
[2025-03-26T17:36:08.786+0000] {processor.py:208} INFO - Processing /home/ubuntu/customer_churn_youtube_venv/lib/python3.12/site-packages/airflow/example_dags/tutorial_taskflow_api_virtualenv.py took 0.023 seconds
[2025-03-26T17:37:00.457+0000] {processor.py:186} INFO - Started process (PID=7828) to work on /home/ubuntu/customer_churn_youtube_venv/lib/python3.12/site-packages/airflow/example_dags/tutorial_taskflow_api_virtualenv.py
[2025-03-26T17:37:00.459+0000] {processor.py:914} INFO - Processing file /home/ubuntu/customer_churn_youtube_venv/lib/python3.12/site-packages/airflow/example_dags/tutorial_taskflow_api_virtualenv.py for tasks to queue
[2025-03-26T17:37:00.461+0000] {logging_mixin.py:190} INFO - [2025-03-26T17:37:00.461+0000] {dagbag.py:588} INFO - Filling up the DagBag from /home/ubuntu/customer_churn_youtube_venv/lib/python3.12/site-packages/airflow/example_dags/tutorial_taskflow_api_virtualenv.py
[2025-03-26T17:37:00.464+0000] {logging_mixin.py:190} INFO - [2025-03-26T17:37:00.464+0000] {tutorial_taskflow_api_virtualenv.py:29} WARNING - The tutorial_taskflow_api_virtualenv example DAG requires virtualenv, please install it.
[2025-03-26T17:37:00.465+0000] {processor.py:927} WARNING - No viable dags retrieved from /home/ubuntu/customer_churn_youtube_venv/lib/python3.12/site-packages/airflow/example_dags/tutorial_taskflow_api_virtualenv.py
[2025-03-26T17:37:00.476+0000] {processor.py:208} INFO - Processing /home/ubuntu/customer_churn_youtube_venv/lib/python3.12/site-packages/airflow/example_dags/tutorial_taskflow_api_virtualenv.py took 0.024 seconds
