2025-03-30 11:57:18.061 [info] [main] Log level: Info
2025-03-30 11:57:18.061 [info] [main] Validating found git in: "git"
2025-03-30 11:57:18.061 [info] [main] Using git "2.43.0" from "git"
2025-03-30 11:57:18.061 [info] [Model][doInitialScan] Initial repository scan started
2025-03-30 11:57:18.061 [info] > git rev-parse --show-toplevel [26ms]
2025-03-30 11:57:18.061 [info] fatal: not a git repository (or any of the parent directories): .git
2025-03-30 11:57:18.061 [info] > git rev-parse --show-toplevel [11ms]
2025-03-30 11:57:18.061 [info] fatal: not a git repository (or any of the parent directories): .git
2025-03-30 11:57:18.061 [info] > git rev-parse --show-toplevel [1ms]
2025-03-30 11:57:18.061 [info] fatal: not a git repository (or any of the parent directories): .git
2025-03-30 11:57:18.061 [info] > git rev-parse --show-toplevel [2ms]
2025-03-30 11:57:18.061 [info] fatal: not a git repository (or any of the parent directories): .git
2025-03-30 11:57:18.061 [info] > git rev-parse --show-toplevel [1ms]
2025-03-30 11:57:18.061 [info] fatal: not a git repository (or any of the parent directories): .git
2025-03-30 11:57:18.061 [info] > git rev-parse --show-toplevel [1ms]
2025-03-30 11:57:18.061 [info] fatal: not a git repository (or any of the parent directories): .git
2025-03-30 11:57:18.061 [info] > git rev-parse --show-toplevel [1ms]
2025-03-30 11:57:18.061 [info] fatal: not a git repository (or any of the parent directories): .git
2025-03-30 11:57:18.061 [info] > git rev-parse --show-toplevel [1ms]
2025-03-30 11:57:18.061 [info] fatal: not a git repository (or any of the parent directories): .git
2025-03-30 11:57:18.061 [info] [Model][doInitialScan] Initial repository scan completed - repositories (0), closed repositories (0), parent repositories (0), unsafe repositories (0)
2025-03-30 11:57:20.818 [info] > git rev-parse --show-toplevel [1ms]
2025-03-30 11:57:20.818 [info] fatal: not a git repository (or any of the parent directories): .git
2025-03-30 12:01:07.471 [info] > git rev-parse --show-toplevel [1ms]
2025-03-30 12:01:07.471 [info] fatal: not a git repository (or any of the parent directories): .git
2025-03-30 13:02:53.001 [info] > git rev-parse --show-toplevel [1ms]
2025-03-30 13:02:53.001 [info] fatal: not a git repository (or any of the parent directories): .git
