2025-03-27 16:45:49.830 [info] [main] Log level: Info
2025-03-27 16:45:49.830 [info] [main] Validating found git in: "git"
2025-03-27 16:45:49.830 [info] [main] Using git "2.43.0" from "git"
2025-03-27 16:45:49.830 [info] [Model][doInitialScan] Initial repository scan started
2025-03-27 16:45:49.830 [info] > git rev-parse --show-toplevel [26ms]
2025-03-27 16:45:49.830 [info] fatal: not a git repository (or any of the parent directories): .git
2025-03-27 16:45:49.830 [info] > git rev-parse --show-toplevel [1ms]
2025-03-27 16:45:49.830 [info] fatal: not a git repository (or any of the parent directories): .git
2025-03-27 16:45:49.830 [info] > git rev-parse --show-toplevel [1ms]
2025-03-27 16:45:49.830 [info] fatal: not a git repository (or any of the parent directories): .git
2025-03-27 16:45:49.830 [info] > git rev-parse --show-toplevel [1ms]
2025-03-27 16:45:49.830 [info] fatal: not a git repository (or any of the parent directories): .git
2025-03-27 16:45:49.830 [info] > git rev-parse --show-toplevel [0ms]
2025-03-27 16:45:49.830 [info] fatal: not a git repository (or any of the parent directories): .git
2025-03-27 16:45:49.830 [info] > git rev-parse --show-toplevel [1ms]
2025-03-27 16:45:49.830 [info] fatal: not a git repository (or any of the parent directories): .git
2025-03-27 16:45:49.830 [info] > git rev-parse --show-toplevel [2ms]
2025-03-27 16:45:49.830 [info] fatal: not a git repository (or any of the parent directories): .git
2025-03-27 16:45:49.830 [info] [Model][doInitialScan] Initial repository scan completed - repositories (0), closed repositories (0), parent repositories (0), unsafe repositories (0)
2025-03-27 16:45:52.372 [info] > git rev-parse --show-toplevel [1ms]
2025-03-27 16:45:52.372 [info] fatal: not a git repository (or any of the parent directories): .git
2025-03-27 16:45:57.243 [info] > git rev-parse --show-toplevel [1ms]
2025-03-27 16:45:57.244 [info] fatal: not a git repository (or any of the parent directories): .git
