[2025-03-26T17:13:07.190+0000] {processor.py:186} INFO - Started process (PID=6254) to work on /home/ubuntu/customer_churn_youtube_venv/lib/python3.12/site-packages/airflow/example_dags/plugins/listener_plugin.py
[2025-03-26T17:13:07.191+0000] {processor.py:914} INFO - Processing file /home/ubuntu/customer_churn_youtube_venv/lib/python3.12/site-packages/airflow/example_dags/plugins/listener_plugin.py for tasks to queue
[2025-03-26T17:13:07.194+0000] {logging_mixin.py:190} INFO - [2025-03-26T17:13:07.193+0000] {dagbag.py:588} INFO - Filling up the DagBag from /home/ubuntu/customer_churn_youtube_venv/lib/python3.12/site-packages/airflow/example_dags/plugins/listener_plugin.py
[2025-03-26T17:13:07.196+0000] {processor.py:927} WARNING - No viable dags retrieved from /home/ubuntu/customer_churn_youtube_venv/lib/python3.12/site-packages/airflow/example_dags/plugins/listener_plugin.py
[2025-03-26T17:13:07.207+0000] {processor.py:208} INFO - Processing /home/ubuntu/customer_churn_youtube_venv/lib/python3.12/site-packages/airflow/example_dags/plugins/listener_plugin.py took 0.022 seconds
[2025-03-26T17:14:18.945+0000] {processor.py:186} INFO - Started process (PID=6315) to work on /home/ubuntu/customer_churn_youtube_venv/lib/python3.12/site-packages/airflow/example_dags/plugins/listener_plugin.py
[2025-03-26T17:14:18.947+0000] {processor.py:914} INFO - Processing file /home/ubuntu/customer_churn_youtube_venv/lib/python3.12/site-packages/airflow/example_dags/plugins/listener_plugin.py for tasks to queue
[2025-03-26T17:14:18.949+0000] {logging_mixin.py:190} INFO - [2025-03-26T17:14:18.949+0000] {dagbag.py:588} INFO - Filling up the DagBag from /home/ubuntu/customer_churn_youtube_venv/lib/python3.12/site-packages/airflow/example_dags/plugins/listener_plugin.py
[2025-03-26T17:14:18.952+0000] {processor.py:927} WARNING - No viable dags retrieved from /home/ubuntu/customer_churn_youtube_venv/lib/python3.12/site-packages/airflow/example_dags/plugins/listener_plugin.py
[2025-03-26T17:14:18.963+0000] {processor.py:208} INFO - Processing /home/ubuntu/customer_churn_youtube_venv/lib/python3.12/site-packages/airflow/example_dags/plugins/listener_plugin.py took 0.023 seconds
[2025-03-26T17:14:52.459+0000] {processor.py:186} INFO - Started process (PID=6349) to work on /home/ubuntu/customer_churn_youtube_venv/lib/python3.12/site-packages/airflow/example_dags/plugins/listener_plugin.py
[2025-03-26T17:14:52.460+0000] {processor.py:914} INFO - Processing file /home/ubuntu/customer_churn_youtube_venv/lib/python3.12/site-packages/airflow/example_dags/plugins/listener_plugin.py for tasks to queue
[2025-03-26T17:14:52.461+0000] {logging_mixin.py:190} INFO - [2025-03-26T17:14:52.461+0000] {dagbag.py:588} INFO - Filling up the DagBag from /home/ubuntu/customer_churn_youtube_venv/lib/python3.12/site-packages/airflow/example_dags/plugins/listener_plugin.py
[2025-03-26T17:14:52.464+0000] {processor.py:927} WARNING - No viable dags retrieved from /home/ubuntu/customer_churn_youtube_venv/lib/python3.12/site-packages/airflow/example_dags/plugins/listener_plugin.py
[2025-03-26T17:14:52.474+0000] {processor.py:208} INFO - Processing /home/ubuntu/customer_churn_youtube_venv/lib/python3.12/site-packages/airflow/example_dags/plugins/listener_plugin.py took 0.021 seconds
[2025-03-26T17:15:45.876+0000] {processor.py:186} INFO - Started process (PID=6409) to work on /home/ubuntu/customer_churn_youtube_venv/lib/python3.12/site-packages/airflow/example_dags/plugins/listener_plugin.py
[2025-03-26T17:15:45.878+0000] {processor.py:914} INFO - Processing file /home/ubuntu/customer_churn_youtube_venv/lib/python3.12/site-packages/airflow/example_dags/plugins/listener_plugin.py for tasks to queue
[2025-03-26T17:15:45.880+0000] {logging_mixin.py:190} INFO - [2025-03-26T17:15:45.879+0000] {dagbag.py:588} INFO - Filling up the DagBag from /home/ubuntu/customer_churn_youtube_venv/lib/python3.12/site-packages/airflow/example_dags/plugins/listener_plugin.py
[2025-03-26T17:15:45.883+0000] {processor.py:927} WARNING - No viable dags retrieved from /home/ubuntu/customer_churn_youtube_venv/lib/python3.12/site-packages/airflow/example_dags/plugins/listener_plugin.py
[2025-03-26T17:15:45.893+0000] {processor.py:208} INFO - Processing /home/ubuntu/customer_churn_youtube_venv/lib/python3.12/site-packages/airflow/example_dags/plugins/listener_plugin.py took 0.022 seconds
[2025-03-26T17:16:37.006+0000] {processor.py:186} INFO - Started process (PID=6461) to work on /home/ubuntu/customer_churn_youtube_venv/lib/python3.12/site-packages/airflow/example_dags/plugins/listener_plugin.py
[2025-03-26T17:16:37.008+0000] {processor.py:914} INFO - Processing file /home/ubuntu/customer_churn_youtube_venv/lib/python3.12/site-packages/airflow/example_dags/plugins/listener_plugin.py for tasks to queue
[2025-03-26T17:16:37.010+0000] {logging_mixin.py:190} INFO - [2025-03-26T17:16:37.010+0000] {dagbag.py:588} INFO - Filling up the DagBag from /home/ubuntu/customer_churn_youtube_venv/lib/python3.12/site-packages/airflow/example_dags/plugins/listener_plugin.py
[2025-03-26T17:16:37.012+0000] {processor.py:927} WARNING - No viable dags retrieved from /home/ubuntu/customer_churn_youtube_venv/lib/python3.12/site-packages/airflow/example_dags/plugins/listener_plugin.py
[2025-03-26T17:16:37.023+0000] {processor.py:208} INFO - Processing /home/ubuntu/customer_churn_youtube_venv/lib/python3.12/site-packages/airflow/example_dags/plugins/listener_plugin.py took 0.022 seconds
[2025-03-26T17:17:32.758+0000] {processor.py:186} INFO - Started process (PID=6523) to work on /home/ubuntu/customer_churn_youtube_venv/lib/python3.12/site-packages/airflow/example_dags/plugins/listener_plugin.py
[2025-03-26T17:17:32.759+0000] {processor.py:914} INFO - Processing file /home/ubuntu/customer_churn_youtube_venv/lib/python3.12/site-packages/airflow/example_dags/plugins/listener_plugin.py for tasks to queue
[2025-03-26T17:17:32.762+0000] {logging_mixin.py:190} INFO - [2025-03-26T17:17:32.760+0000] {dagbag.py:588} INFO - Filling up the DagBag from /home/ubuntu/customer_churn_youtube_venv/lib/python3.12/site-packages/airflow/example_dags/plugins/listener_plugin.py
[2025-03-26T17:17:32.764+0000] {processor.py:927} WARNING - No viable dags retrieved from /home/ubuntu/customer_churn_youtube_venv/lib/python3.12/site-packages/airflow/example_dags/plugins/listener_plugin.py
[2025-03-26T17:17:32.775+0000] {processor.py:208} INFO - Processing /home/ubuntu/customer_churn_youtube_venv/lib/python3.12/site-packages/airflow/example_dags/plugins/listener_plugin.py took 0.023 seconds
[2025-03-26T17:18:24.672+0000] {processor.py:186} INFO - Started process (PID=6575) to work on /home/ubuntu/customer_churn_youtube_venv/lib/python3.12/site-packages/airflow/example_dags/plugins/listener_plugin.py
[2025-03-26T17:18:24.674+0000] {processor.py:914} INFO - Processing file /home/ubuntu/customer_churn_youtube_venv/lib/python3.12/site-packages/airflow/example_dags/plugins/listener_plugin.py for tasks to queue
[2025-03-26T17:18:24.676+0000] {logging_mixin.py:190} INFO - [2025-03-26T17:18:24.675+0000] {dagbag.py:588} INFO - Filling up the DagBag from /home/ubuntu/customer_churn_youtube_venv/lib/python3.12/site-packages/airflow/example_dags/plugins/listener_plugin.py
[2025-03-26T17:18:24.678+0000] {processor.py:927} WARNING - No viable dags retrieved from /home/ubuntu/customer_churn_youtube_venv/lib/python3.12/site-packages/airflow/example_dags/plugins/listener_plugin.py
[2025-03-26T17:18:24.690+0000] {processor.py:208} INFO - Processing /home/ubuntu/customer_churn_youtube_venv/lib/python3.12/site-packages/airflow/example_dags/plugins/listener_plugin.py took 0.023 seconds
[2025-03-26T17:19:17.932+0000] {processor.py:186} INFO - Started process (PID=6629) to work on /home/ubuntu/customer_churn_youtube_venv/lib/python3.12/site-packages/airflow/example_dags/plugins/listener_plugin.py
[2025-03-26T17:19:17.934+0000] {processor.py:914} INFO - Processing file /home/ubuntu/customer_churn_youtube_venv/lib/python3.12/site-packages/airflow/example_dags/plugins/listener_plugin.py for tasks to queue
[2025-03-26T17:19:17.936+0000] {logging_mixin.py:190} INFO - [2025-03-26T17:19:17.935+0000] {dagbag.py:588} INFO - Filling up the DagBag from /home/ubuntu/customer_churn_youtube_venv/lib/python3.12/site-packages/airflow/example_dags/plugins/listener_plugin.py
[2025-03-26T17:19:17.938+0000] {processor.py:927} WARNING - No viable dags retrieved from /home/ubuntu/customer_churn_youtube_venv/lib/python3.12/site-packages/airflow/example_dags/plugins/listener_plugin.py
[2025-03-26T17:19:17.948+0000] {processor.py:208} INFO - Processing /home/ubuntu/customer_churn_youtube_venv/lib/python3.12/site-packages/airflow/example_dags/plugins/listener_plugin.py took 0.021 seconds
[2025-03-26T17:20:19.634+0000] {processor.py:186} INFO - Started process (PID=6693) to work on /home/ubuntu/customer_churn_youtube_venv/lib/python3.12/site-packages/airflow/example_dags/plugins/listener_plugin.py
[2025-03-26T17:20:19.635+0000] {processor.py:914} INFO - Processing file /home/ubuntu/customer_churn_youtube_venv/lib/python3.12/site-packages/airflow/example_dags/plugins/listener_plugin.py for tasks to queue
[2025-03-26T17:20:19.638+0000] {logging_mixin.py:190} INFO - [2025-03-26T17:20:19.637+0000] {dagbag.py:588} INFO - Filling up the DagBag from /home/ubuntu/customer_churn_youtube_venv/lib/python3.12/site-packages/airflow/example_dags/plugins/listener_plugin.py
[2025-03-26T17:20:19.639+0000] {processor.py:927} WARNING - No viable dags retrieved from /home/ubuntu/customer_churn_youtube_venv/lib/python3.12/site-packages/airflow/example_dags/plugins/listener_plugin.py
[2025-03-26T17:20:19.650+0000] {processor.py:208} INFO - Processing /home/ubuntu/customer_churn_youtube_venv/lib/python3.12/site-packages/airflow/example_dags/plugins/listener_plugin.py took 0.022 seconds
[2025-03-26T17:21:12.360+0000] {processor.py:186} INFO - Started process (PID=6748) to work on /home/ubuntu/customer_churn_youtube_venv/lib/python3.12/site-packages/airflow/example_dags/plugins/listener_plugin.py
[2025-03-26T17:21:12.361+0000] {processor.py:914} INFO - Processing file /home/ubuntu/customer_churn_youtube_venv/lib/python3.12/site-packages/airflow/example_dags/plugins/listener_plugin.py for tasks to queue
[2025-03-26T17:21:12.363+0000] {logging_mixin.py:190} INFO - [2025-03-26T17:21:12.363+0000] {dagbag.py:588} INFO - Filling up the DagBag from /home/ubuntu/customer_churn_youtube_venv/lib/python3.12/site-packages/airflow/example_dags/plugins/listener_plugin.py
[2025-03-26T17:21:12.365+0000] {processor.py:927} WARNING - No viable dags retrieved from /home/ubuntu/customer_churn_youtube_venv/lib/python3.12/site-packages/airflow/example_dags/plugins/listener_plugin.py
[2025-03-26T17:21:12.376+0000] {processor.py:208} INFO - Processing /home/ubuntu/customer_churn_youtube_venv/lib/python3.12/site-packages/airflow/example_dags/plugins/listener_plugin.py took 0.022 seconds
[2025-03-26T17:22:05.619+0000] {processor.py:186} INFO - Started process (PID=6802) to work on /home/ubuntu/customer_churn_youtube_venv/lib/python3.12/site-packages/airflow/example_dags/plugins/listener_plugin.py
[2025-03-26T17:22:05.621+0000] {processor.py:914} INFO - Processing file /home/ubuntu/customer_churn_youtube_venv/lib/python3.12/site-packages/airflow/example_dags/plugins/listener_plugin.py for tasks to queue
[2025-03-26T17:22:05.622+0000] {logging_mixin.py:190} INFO - [2025-03-26T17:22:05.622+0000] {dagbag.py:588} INFO - Filling up the DagBag from /home/ubuntu/customer_churn_youtube_venv/lib/python3.12/site-packages/airflow/example_dags/plugins/listener_plugin.py
[2025-03-26T17:22:05.625+0000] {processor.py:927} WARNING - No viable dags retrieved from /home/ubuntu/customer_churn_youtube_venv/lib/python3.12/site-packages/airflow/example_dags/plugins/listener_plugin.py
[2025-03-26T17:22:05.636+0000] {processor.py:208} INFO - Processing /home/ubuntu/customer_churn_youtube_venv/lib/python3.12/site-packages/airflow/example_dags/plugins/listener_plugin.py took 0.022 seconds
[2025-03-26T17:22:56.393+0000] {processor.py:186} INFO - Started process (PID=6853) to work on /home/ubuntu/customer_churn_youtube_venv/lib/python3.12/site-packages/airflow/example_dags/plugins/listener_plugin.py
[2025-03-26T17:22:56.395+0000] {processor.py:914} INFO - Processing file /home/ubuntu/customer_churn_youtube_venv/lib/python3.12/site-packages/airflow/example_dags/plugins/listener_plugin.py for tasks to queue
[2025-03-26T17:22:56.397+0000] {logging_mixin.py:190} INFO - [2025-03-26T17:22:56.396+0000] {dagbag.py:588} INFO - Filling up the DagBag from /home/ubuntu/customer_churn_youtube_venv/lib/python3.12/site-packages/airflow/example_dags/plugins/listener_plugin.py
[2025-03-26T17:22:56.399+0000] {processor.py:927} WARNING - No viable dags retrieved from /home/ubuntu/customer_churn_youtube_venv/lib/python3.12/site-packages/airflow/example_dags/plugins/listener_plugin.py
[2025-03-26T17:22:56.410+0000] {processor.py:208} INFO - Processing /home/ubuntu/customer_churn_youtube_venv/lib/python3.12/site-packages/airflow/example_dags/plugins/listener_plugin.py took 0.023 seconds
[2025-03-26T17:23:49.796+0000] {processor.py:186} INFO - Started process (PID=6907) to work on /home/ubuntu/customer_churn_youtube_venv/lib/python3.12/site-packages/airflow/example_dags/plugins/listener_plugin.py
[2025-03-26T17:23:49.797+0000] {processor.py:914} INFO - Processing file /home/ubuntu/customer_churn_youtube_venv/lib/python3.12/site-packages/airflow/example_dags/plugins/listener_plugin.py for tasks to queue
[2025-03-26T17:23:49.799+0000] {logging_mixin.py:190} INFO - [2025-03-26T17:23:49.799+0000] {dagbag.py:588} INFO - Filling up the DagBag from /home/ubuntu/customer_churn_youtube_venv/lib/python3.12/site-packages/airflow/example_dags/plugins/listener_plugin.py
[2025-03-26T17:23:49.802+0000] {processor.py:927} WARNING - No viable dags retrieved from /home/ubuntu/customer_churn_youtube_venv/lib/python3.12/site-packages/airflow/example_dags/plugins/listener_plugin.py
[2025-03-26T17:23:49.813+0000] {processor.py:208} INFO - Processing /home/ubuntu/customer_churn_youtube_venv/lib/python3.12/site-packages/airflow/example_dags/plugins/listener_plugin.py took 0.023 seconds
[2025-03-26T17:24:39.121+0000] {processor.py:186} INFO - Started process (PID=6959) to work on /home/ubuntu/customer_churn_youtube_venv/lib/python3.12/site-packages/airflow/example_dags/plugins/listener_plugin.py
[2025-03-26T17:24:39.123+0000] {processor.py:914} INFO - Processing file /home/ubuntu/customer_churn_youtube_venv/lib/python3.12/site-packages/airflow/example_dags/plugins/listener_plugin.py for tasks to queue
[2025-03-26T17:24:39.125+0000] {logging_mixin.py:190} INFO - [2025-03-26T17:24:39.124+0000] {dagbag.py:588} INFO - Filling up the DagBag from /home/ubuntu/customer_churn_youtube_venv/lib/python3.12/site-packages/airflow/example_dags/plugins/listener_plugin.py
[2025-03-26T17:24:39.127+0000] {processor.py:927} WARNING - No viable dags retrieved from /home/ubuntu/customer_churn_youtube_venv/lib/python3.12/site-packages/airflow/example_dags/plugins/listener_plugin.py
[2025-03-26T17:24:39.138+0000] {processor.py:208} INFO - Processing /home/ubuntu/customer_churn_youtube_venv/lib/python3.12/site-packages/airflow/example_dags/plugins/listener_plugin.py took 0.022 seconds
[2025-03-26T17:25:29.560+0000] {processor.py:186} INFO - Started process (PID=7017) to work on /home/ubuntu/customer_churn_youtube_venv/lib/python3.12/site-packages/airflow/example_dags/plugins/listener_plugin.py
[2025-03-26T17:25:29.561+0000] {processor.py:914} INFO - Processing file /home/ubuntu/customer_churn_youtube_venv/lib/python3.12/site-packages/airflow/example_dags/plugins/listener_plugin.py for tasks to queue
[2025-03-26T17:25:29.563+0000] {logging_mixin.py:190} INFO - [2025-03-26T17:25:29.563+0000] {dagbag.py:588} INFO - Filling up the DagBag from /home/ubuntu/customer_churn_youtube_venv/lib/python3.12/site-packages/airflow/example_dags/plugins/listener_plugin.py
[2025-03-26T17:25:29.565+0000] {processor.py:927} WARNING - No viable dags retrieved from /home/ubuntu/customer_churn_youtube_venv/lib/python3.12/site-packages/airflow/example_dags/plugins/listener_plugin.py
[2025-03-26T17:25:29.577+0000] {processor.py:208} INFO - Processing /home/ubuntu/customer_churn_youtube_venv/lib/python3.12/site-packages/airflow/example_dags/plugins/listener_plugin.py took 0.023 seconds
[2025-03-26T17:26:19.283+0000] {processor.py:186} INFO - Started process (PID=7068) to work on /home/ubuntu/customer_churn_youtube_venv/lib/python3.12/site-packages/airflow/example_dags/plugins/listener_plugin.py
[2025-03-26T17:26:19.285+0000] {processor.py:914} INFO - Processing file /home/ubuntu/customer_churn_youtube_venv/lib/python3.12/site-packages/airflow/example_dags/plugins/listener_plugin.py for tasks to queue
[2025-03-26T17:26:19.287+0000] {logging_mixin.py:190} INFO - [2025-03-26T17:26:19.286+0000] {dagbag.py:588} INFO - Filling up the DagBag from /home/ubuntu/customer_churn_youtube_venv/lib/python3.12/site-packages/airflow/example_dags/plugins/listener_plugin.py
[2025-03-26T17:26:19.289+0000] {processor.py:927} WARNING - No viable dags retrieved from /home/ubuntu/customer_churn_youtube_venv/lib/python3.12/site-packages/airflow/example_dags/plugins/listener_plugin.py
[2025-03-26T17:26:19.301+0000] {processor.py:208} INFO - Processing /home/ubuntu/customer_churn_youtube_venv/lib/python3.12/site-packages/airflow/example_dags/plugins/listener_plugin.py took 0.023 seconds
[2025-03-26T17:27:12.009+0000] {processor.py:186} INFO - Started process (PID=7121) to work on /home/ubuntu/customer_churn_youtube_venv/lib/python3.12/site-packages/airflow/example_dags/plugins/listener_plugin.py
[2025-03-26T17:27:12.012+0000] {processor.py:914} INFO - Processing file /home/ubuntu/customer_churn_youtube_venv/lib/python3.12/site-packages/airflow/example_dags/plugins/listener_plugin.py for tasks to queue
[2025-03-26T17:27:12.013+0000] {logging_mixin.py:190} INFO - [2025-03-26T17:27:12.013+0000] {dagbag.py:588} INFO - Filling up the DagBag from /home/ubuntu/customer_churn_youtube_venv/lib/python3.12/site-packages/airflow/example_dags/plugins/listener_plugin.py
[2025-03-26T17:27:12.016+0000] {processor.py:927} WARNING - No viable dags retrieved from /home/ubuntu/customer_churn_youtube_venv/lib/python3.12/site-packages/airflow/example_dags/plugins/listener_plugin.py
[2025-03-26T17:27:12.027+0000] {processor.py:208} INFO - Processing /home/ubuntu/customer_churn_youtube_venv/lib/python3.12/site-packages/airflow/example_dags/plugins/listener_plugin.py took 0.024 seconds
[2025-03-26T17:28:02.359+0000] {processor.py:186} INFO - Started process (PID=7218) to work on /home/ubuntu/customer_churn_youtube_venv/lib/python3.12/site-packages/airflow/example_dags/plugins/listener_plugin.py
[2025-03-26T17:28:02.361+0000] {processor.py:914} INFO - Processing file /home/ubuntu/customer_churn_youtube_venv/lib/python3.12/site-packages/airflow/example_dags/plugins/listener_plugin.py for tasks to queue
[2025-03-26T17:28:02.364+0000] {logging_mixin.py:190} INFO - [2025-03-26T17:28:02.363+0000] {dagbag.py:588} INFO - Filling up the DagBag from /home/ubuntu/customer_churn_youtube_venv/lib/python3.12/site-packages/airflow/example_dags/plugins/listener_plugin.py
[2025-03-26T17:28:02.366+0000] {processor.py:927} WARNING - No viable dags retrieved from /home/ubuntu/customer_churn_youtube_venv/lib/python3.12/site-packages/airflow/example_dags/plugins/listener_plugin.py
[2025-03-26T17:28:02.379+0000] {processor.py:208} INFO - Processing /home/ubuntu/customer_churn_youtube_venv/lib/python3.12/site-packages/airflow/example_dags/plugins/listener_plugin.py took 0.026 seconds
[2025-03-26T17:28:52.853+0000] {processor.py:186} INFO - Started process (PID=7272) to work on /home/ubuntu/customer_churn_youtube_venv/lib/python3.12/site-packages/airflow/example_dags/plugins/listener_plugin.py
[2025-03-26T17:28:52.855+0000] {processor.py:914} INFO - Processing file /home/ubuntu/customer_churn_youtube_venv/lib/python3.12/site-packages/airflow/example_dags/plugins/listener_plugin.py for tasks to queue
[2025-03-26T17:28:52.857+0000] {logging_mixin.py:190} INFO - [2025-03-26T17:28:52.857+0000] {dagbag.py:588} INFO - Filling up the DagBag from /home/ubuntu/customer_churn_youtube_venv/lib/python3.12/site-packages/airflow/example_dags/plugins/listener_plugin.py
[2025-03-26T17:28:52.859+0000] {processor.py:927} WARNING - No viable dags retrieved from /home/ubuntu/customer_churn_youtube_venv/lib/python3.12/site-packages/airflow/example_dags/plugins/listener_plugin.py
[2025-03-26T17:28:52.870+0000] {processor.py:208} INFO - Processing /home/ubuntu/customer_churn_youtube_venv/lib/python3.12/site-packages/airflow/example_dags/plugins/listener_plugin.py took 0.022 seconds
[2025-03-26T17:29:42.223+0000] {processor.py:186} INFO - Started process (PID=7325) to work on /home/ubuntu/customer_churn_youtube_venv/lib/python3.12/site-packages/airflow/example_dags/plugins/listener_plugin.py
[2025-03-26T17:29:42.224+0000] {processor.py:914} INFO - Processing file /home/ubuntu/customer_churn_youtube_venv/lib/python3.12/site-packages/airflow/example_dags/plugins/listener_plugin.py for tasks to queue
[2025-03-26T17:29:42.226+0000] {logging_mixin.py:190} INFO - [2025-03-26T17:29:42.226+0000] {dagbag.py:588} INFO - Filling up the DagBag from /home/ubuntu/customer_churn_youtube_venv/lib/python3.12/site-packages/airflow/example_dags/plugins/listener_plugin.py
[2025-03-26T17:29:42.229+0000] {processor.py:927} WARNING - No viable dags retrieved from /home/ubuntu/customer_churn_youtube_venv/lib/python3.12/site-packages/airflow/example_dags/plugins/listener_plugin.py
[2025-03-26T17:29:42.239+0000] {processor.py:208} INFO - Processing /home/ubuntu/customer_churn_youtube_venv/lib/python3.12/site-packages/airflow/example_dags/plugins/listener_plugin.py took 0.022 seconds
[2025-03-26T17:30:31.358+0000] {processor.py:186} INFO - Started process (PID=7381) to work on /home/ubuntu/customer_churn_youtube_venv/lib/python3.12/site-packages/airflow/example_dags/plugins/listener_plugin.py
[2025-03-26T17:30:31.359+0000] {processor.py:914} INFO - Processing file /home/ubuntu/customer_churn_youtube_venv/lib/python3.12/site-packages/airflow/example_dags/plugins/listener_plugin.py for tasks to queue
[2025-03-26T17:30:31.362+0000] {logging_mixin.py:190} INFO - [2025-03-26T17:30:31.361+0000] {dagbag.py:588} INFO - Filling up the DagBag from /home/ubuntu/customer_churn_youtube_venv/lib/python3.12/site-packages/airflow/example_dags/plugins/listener_plugin.py
[2025-03-26T17:30:31.365+0000] {processor.py:927} WARNING - No viable dags retrieved from /home/ubuntu/customer_churn_youtube_venv/lib/python3.12/site-packages/airflow/example_dags/plugins/listener_plugin.py
[2025-03-26T17:30:31.375+0000] {processor.py:208} INFO - Processing /home/ubuntu/customer_churn_youtube_venv/lib/python3.12/site-packages/airflow/example_dags/plugins/listener_plugin.py took 0.023 seconds
[2025-03-26T17:31:22.461+0000] {processor.py:186} INFO - Started process (PID=7433) to work on /home/ubuntu/customer_churn_youtube_venv/lib/python3.12/site-packages/airflow/example_dags/plugins/listener_plugin.py
[2025-03-26T17:31:22.462+0000] {processor.py:914} INFO - Processing file /home/ubuntu/customer_churn_youtube_venv/lib/python3.12/site-packages/airflow/example_dags/plugins/listener_plugin.py for tasks to queue
[2025-03-26T17:31:22.464+0000] {logging_mixin.py:190} INFO - [2025-03-26T17:31:22.464+0000] {dagbag.py:588} INFO - Filling up the DagBag from /home/ubuntu/customer_churn_youtube_venv/lib/python3.12/site-packages/airflow/example_dags/plugins/listener_plugin.py
[2025-03-26T17:31:22.467+0000] {processor.py:927} WARNING - No viable dags retrieved from /home/ubuntu/customer_churn_youtube_venv/lib/python3.12/site-packages/airflow/example_dags/plugins/listener_plugin.py
[2025-03-26T17:31:22.477+0000] {processor.py:208} INFO - Processing /home/ubuntu/customer_churn_youtube_venv/lib/python3.12/site-packages/airflow/example_dags/plugins/listener_plugin.py took 0.022 seconds
[2025-03-26T17:32:12.954+0000] {processor.py:186} INFO - Started process (PID=7498) to work on /home/ubuntu/customer_churn_youtube_venv/lib/python3.12/site-packages/airflow/example_dags/plugins/listener_plugin.py
[2025-03-26T17:32:12.955+0000] {processor.py:914} INFO - Processing file /home/ubuntu/customer_churn_youtube_venv/lib/python3.12/site-packages/airflow/example_dags/plugins/listener_plugin.py for tasks to queue
[2025-03-26T17:32:12.957+0000] {logging_mixin.py:190} INFO - [2025-03-26T17:32:12.957+0000] {dagbag.py:588} INFO - Filling up the DagBag from /home/ubuntu/customer_churn_youtube_venv/lib/python3.12/site-packages/airflow/example_dags/plugins/listener_plugin.py
[2025-03-26T17:32:12.959+0000] {processor.py:927} WARNING - No viable dags retrieved from /home/ubuntu/customer_churn_youtube_venv/lib/python3.12/site-packages/airflow/example_dags/plugins/listener_plugin.py
[2025-03-26T17:32:12.971+0000] {processor.py:208} INFO - Processing /home/ubuntu/customer_churn_youtube_venv/lib/python3.12/site-packages/airflow/example_dags/plugins/listener_plugin.py took 0.023 seconds
[2025-03-26T17:33:06.049+0000] {processor.py:186} INFO - Started process (PID=7580) to work on /home/ubuntu/customer_churn_youtube_venv/lib/python3.12/site-packages/airflow/example_dags/plugins/listener_plugin.py
[2025-03-26T17:33:06.050+0000] {processor.py:914} INFO - Processing file /home/ubuntu/customer_churn_youtube_venv/lib/python3.12/site-packages/airflow/example_dags/plugins/listener_plugin.py for tasks to queue
[2025-03-26T17:33:06.053+0000] {logging_mixin.py:190} INFO - [2025-03-26T17:33:06.052+0000] {dagbag.py:588} INFO - Filling up the DagBag from /home/ubuntu/customer_churn_youtube_venv/lib/python3.12/site-packages/airflow/example_dags/plugins/listener_plugin.py
[2025-03-26T17:33:06.055+0000] {processor.py:927} WARNING - No viable dags retrieved from /home/ubuntu/customer_churn_youtube_venv/lib/python3.12/site-packages/airflow/example_dags/plugins/listener_plugin.py
[2025-03-26T17:33:06.065+0000] {processor.py:208} INFO - Processing /home/ubuntu/customer_churn_youtube_venv/lib/python3.12/site-packages/airflow/example_dags/plugins/listener_plugin.py took 0.022 seconds
[2025-03-26T17:33:56.190+0000] {processor.py:186} INFO - Started process (PID=7631) to work on /home/ubuntu/customer_churn_youtube_venv/lib/python3.12/site-packages/airflow/example_dags/plugins/listener_plugin.py
[2025-03-26T17:33:56.192+0000] {processor.py:914} INFO - Processing file /home/ubuntu/customer_churn_youtube_venv/lib/python3.12/site-packages/airflow/example_dags/plugins/listener_plugin.py for tasks to queue
[2025-03-26T17:33:56.194+0000] {logging_mixin.py:190} INFO - [2025-03-26T17:33:56.194+0000] {dagbag.py:588} INFO - Filling up the DagBag from /home/ubuntu/customer_churn_youtube_venv/lib/python3.12/site-packages/airflow/example_dags/plugins/listener_plugin.py
[2025-03-26T17:33:56.196+0000] {processor.py:927} WARNING - No viable dags retrieved from /home/ubuntu/customer_churn_youtube_venv/lib/python3.12/site-packages/airflow/example_dags/plugins/listener_plugin.py
[2025-03-26T17:33:56.208+0000] {processor.py:208} INFO - Processing /home/ubuntu/customer_churn_youtube_venv/lib/python3.12/site-packages/airflow/example_dags/plugins/listener_plugin.py took 0.023 seconds
[2025-03-26T17:34:47.827+0000] {processor.py:186} INFO - Started process (PID=7686) to work on /home/ubuntu/customer_churn_youtube_venv/lib/python3.12/site-packages/airflow/example_dags/plugins/listener_plugin.py
[2025-03-26T17:34:47.829+0000] {processor.py:914} INFO - Processing file /home/ubuntu/customer_churn_youtube_venv/lib/python3.12/site-packages/airflow/example_dags/plugins/listener_plugin.py for tasks to queue
[2025-03-26T17:34:47.830+0000] {logging_mixin.py:190} INFO - [2025-03-26T17:34:47.830+0000] {dagbag.py:588} INFO - Filling up the DagBag from /home/ubuntu/customer_churn_youtube_venv/lib/python3.12/site-packages/airflow/example_dags/plugins/listener_plugin.py
[2025-03-26T17:34:47.833+0000] {processor.py:927} WARNING - No viable dags retrieved from /home/ubuntu/customer_churn_youtube_venv/lib/python3.12/site-packages/airflow/example_dags/plugins/listener_plugin.py
[2025-03-26T17:34:47.844+0000] {processor.py:208} INFO - Processing /home/ubuntu/customer_churn_youtube_venv/lib/python3.12/site-packages/airflow/example_dags/plugins/listener_plugin.py took 0.022 seconds
[2025-03-26T17:35:42.429+0000] {processor.py:186} INFO - Started process (PID=7746) to work on /home/ubuntu/customer_churn_youtube_venv/lib/python3.12/site-packages/airflow/example_dags/plugins/listener_plugin.py
[2025-03-26T17:35:42.431+0000] {processor.py:914} INFO - Processing file /home/ubuntu/customer_churn_youtube_venv/lib/python3.12/site-packages/airflow/example_dags/plugins/listener_plugin.py for tasks to queue
[2025-03-26T17:35:42.433+0000] {logging_mixin.py:190} INFO - [2025-03-26T17:35:42.432+0000] {dagbag.py:588} INFO - Filling up the DagBag from /home/ubuntu/customer_churn_youtube_venv/lib/python3.12/site-packages/airflow/example_dags/plugins/listener_plugin.py
[2025-03-26T17:35:42.435+0000] {processor.py:927} WARNING - No viable dags retrieved from /home/ubuntu/customer_churn_youtube_venv/lib/python3.12/site-packages/airflow/example_dags/plugins/listener_plugin.py
[2025-03-26T17:35:42.446+0000] {processor.py:208} INFO - Processing /home/ubuntu/customer_churn_youtube_venv/lib/python3.12/site-packages/airflow/example_dags/plugins/listener_plugin.py took 0.023 seconds
[2025-03-26T17:36:34.047+0000] {processor.py:186} INFO - Started process (PID=7802) to work on /home/ubuntu/customer_churn_youtube_venv/lib/python3.12/site-packages/airflow/example_dags/plugins/listener_plugin.py
[2025-03-26T17:36:34.049+0000] {processor.py:914} INFO - Processing file /home/ubuntu/customer_churn_youtube_venv/lib/python3.12/site-packages/airflow/example_dags/plugins/listener_plugin.py for tasks to queue
[2025-03-26T17:36:34.051+0000] {logging_mixin.py:190} INFO - [2025-03-26T17:36:34.051+0000] {dagbag.py:588} INFO - Filling up the DagBag from /home/ubuntu/customer_churn_youtube_venv/lib/python3.12/site-packages/airflow/example_dags/plugins/listener_plugin.py
[2025-03-26T17:36:34.054+0000] {processor.py:927} WARNING - No viable dags retrieved from /home/ubuntu/customer_churn_youtube_venv/lib/python3.12/site-packages/airflow/example_dags/plugins/listener_plugin.py
[2025-03-26T17:36:34.065+0000] {processor.py:208} INFO - Processing /home/ubuntu/customer_churn_youtube_venv/lib/python3.12/site-packages/airflow/example_dags/plugins/listener_plugin.py took 0.023 seconds
