[2025-03-26T17:13:06.034+0000] {processor.py:186} INFO - Started process (PID=6253) to work on /home/ubuntu/customer_churn_youtube_venv/lib/python3.12/site-packages/airflow/example_dags/plugins/workday.py
[2025-03-26T17:13:06.035+0000] {processor.py:914} INFO - Processing file /home/ubuntu/customer_churn_youtube_venv/lib/python3.12/site-packages/airflow/example_dags/plugins/workday.py for tasks to queue
[2025-03-26T17:13:06.037+0000] {logging_mixin.py:190} INFO - [2025-03-26T17:13:06.037+0000] {dagbag.py:588} INFO - Filling up the DagBag from /home/ubuntu/customer_churn_youtube_venv/lib/python3.12/site-packages/airflow/example_dags/plugins/workday.py
[2025-03-26T17:13:06.042+0000] {logging_mixin.py:190} INFO - [2025-03-26T17:13:06.042+0000] {workday.py:41} WARNING - Could not import pandas. Holidays will not be considered.
[2025-03-26T17:13:06.042+0000] {processor.py:927} WARNING - No viable dags retrieved from /home/ubuntu/customer_churn_youtube_venv/lib/python3.12/site-packages/airflow/example_dags/plugins/workday.py
[2025-03-26T17:13:06.062+0000] {processor.py:208} INFO - Processing /home/ubuntu/customer_churn_youtube_venv/lib/python3.12/site-packages/airflow/example_dags/plugins/workday.py took 0.034 seconds
[2025-03-26T17:14:18.516+0000] {processor.py:186} INFO - Started process (PID=6314) to work on /home/ubuntu/customer_churn_youtube_venv/lib/python3.12/site-packages/airflow/example_dags/plugins/workday.py
[2025-03-26T17:14:18.518+0000] {processor.py:914} INFO - Processing file /home/ubuntu/customer_churn_youtube_venv/lib/python3.12/site-packages/airflow/example_dags/plugins/workday.py for tasks to queue
[2025-03-26T17:14:18.520+0000] {logging_mixin.py:190} INFO - [2025-03-26T17:14:18.519+0000] {dagbag.py:588} INFO - Filling up the DagBag from /home/ubuntu/customer_churn_youtube_venv/lib/python3.12/site-packages/airflow/example_dags/plugins/workday.py
[2025-03-26T17:14:18.524+0000] {logging_mixin.py:190} INFO - [2025-03-26T17:14:18.524+0000] {workday.py:41} WARNING - Could not import pandas. Holidays will not be considered.
[2025-03-26T17:14:18.524+0000] {processor.py:927} WARNING - No viable dags retrieved from /home/ubuntu/customer_churn_youtube_venv/lib/python3.12/site-packages/airflow/example_dags/plugins/workday.py
[2025-03-26T17:14:18.535+0000] {processor.py:208} INFO - Processing /home/ubuntu/customer_churn_youtube_venv/lib/python3.12/site-packages/airflow/example_dags/plugins/workday.py took 0.024 seconds
[2025-03-26T17:14:51.323+0000] {processor.py:186} INFO - Started process (PID=6348) to work on /home/ubuntu/customer_churn_youtube_venv/lib/python3.12/site-packages/airflow/example_dags/plugins/workday.py
[2025-03-26T17:14:51.323+0000] {processor.py:914} INFO - Processing file /home/ubuntu/customer_churn_youtube_venv/lib/python3.12/site-packages/airflow/example_dags/plugins/workday.py for tasks to queue
[2025-03-26T17:14:51.325+0000] {logging_mixin.py:190} INFO - [2025-03-26T17:14:51.324+0000] {dagbag.py:588} INFO - Filling up the DagBag from /home/ubuntu/customer_churn_youtube_venv/lib/python3.12/site-packages/airflow/example_dags/plugins/workday.py
[2025-03-26T17:14:51.328+0000] {logging_mixin.py:190} INFO - [2025-03-26T17:14:51.328+0000] {workday.py:41} WARNING - Could not import pandas. Holidays will not be considered.
[2025-03-26T17:14:51.328+0000] {processor.py:927} WARNING - No viable dags retrieved from /home/ubuntu/customer_churn_youtube_venv/lib/python3.12/site-packages/airflow/example_dags/plugins/workday.py
[2025-03-26T17:14:51.339+0000] {processor.py:208} INFO - Processing /home/ubuntu/customer_churn_youtube_venv/lib/python3.12/site-packages/airflow/example_dags/plugins/workday.py took 0.022 seconds
[2025-03-26T17:15:44.740+0000] {processor.py:186} INFO - Started process (PID=6408) to work on /home/ubuntu/customer_churn_youtube_venv/lib/python3.12/site-packages/airflow/example_dags/plugins/workday.py
[2025-03-26T17:15:44.742+0000] {processor.py:914} INFO - Processing file /home/ubuntu/customer_churn_youtube_venv/lib/python3.12/site-packages/airflow/example_dags/plugins/workday.py for tasks to queue
[2025-03-26T17:15:44.743+0000] {logging_mixin.py:190} INFO - [2025-03-26T17:15:44.743+0000] {dagbag.py:588} INFO - Filling up the DagBag from /home/ubuntu/customer_churn_youtube_venv/lib/python3.12/site-packages/airflow/example_dags/plugins/workday.py
[2025-03-26T17:15:44.747+0000] {logging_mixin.py:190} INFO - [2025-03-26T17:15:44.746+0000] {workday.py:41} WARNING - Could not import pandas. Holidays will not be considered.
[2025-03-26T17:15:44.747+0000] {processor.py:927} WARNING - No viable dags retrieved from /home/ubuntu/customer_churn_youtube_venv/lib/python3.12/site-packages/airflow/example_dags/plugins/workday.py
[2025-03-26T17:15:44.757+0000] {processor.py:208} INFO - Processing /home/ubuntu/customer_churn_youtube_venv/lib/python3.12/site-packages/airflow/example_dags/plugins/workday.py took 0.023 seconds
[2025-03-26T17:16:36.016+0000] {processor.py:186} INFO - Started process (PID=6460) to work on /home/ubuntu/customer_churn_youtube_venv/lib/python3.12/site-packages/airflow/example_dags/plugins/workday.py
[2025-03-26T17:16:36.018+0000] {processor.py:914} INFO - Processing file /home/ubuntu/customer_churn_youtube_venv/lib/python3.12/site-packages/airflow/example_dags/plugins/workday.py for tasks to queue
[2025-03-26T17:16:36.019+0000] {logging_mixin.py:190} INFO - [2025-03-26T17:16:36.019+0000] {dagbag.py:588} INFO - Filling up the DagBag from /home/ubuntu/customer_churn_youtube_venv/lib/python3.12/site-packages/airflow/example_dags/plugins/workday.py
[2025-03-26T17:16:36.023+0000] {logging_mixin.py:190} INFO - [2025-03-26T17:16:36.023+0000] {workday.py:41} WARNING - Could not import pandas. Holidays will not be considered.
[2025-03-26T17:16:36.024+0000] {processor.py:927} WARNING - No viable dags retrieved from /home/ubuntu/customer_churn_youtube_venv/lib/python3.12/site-packages/airflow/example_dags/plugins/workday.py
[2025-03-26T17:16:36.034+0000] {processor.py:208} INFO - Processing /home/ubuntu/customer_churn_youtube_venv/lib/python3.12/site-packages/airflow/example_dags/plugins/workday.py took 0.023 seconds
[2025-03-26T17:17:31.620+0000] {processor.py:186} INFO - Started process (PID=6522) to work on /home/ubuntu/customer_churn_youtube_venv/lib/python3.12/site-packages/airflow/example_dags/plugins/workday.py
[2025-03-26T17:17:31.622+0000] {processor.py:914} INFO - Processing file /home/ubuntu/customer_churn_youtube_venv/lib/python3.12/site-packages/airflow/example_dags/plugins/workday.py for tasks to queue
[2025-03-26T17:17:31.624+0000] {logging_mixin.py:190} INFO - [2025-03-26T17:17:31.623+0000] {dagbag.py:588} INFO - Filling up the DagBag from /home/ubuntu/customer_churn_youtube_venv/lib/python3.12/site-packages/airflow/example_dags/plugins/workday.py
[2025-03-26T17:17:31.627+0000] {logging_mixin.py:190} INFO - [2025-03-26T17:17:31.626+0000] {workday.py:41} WARNING - Could not import pandas. Holidays will not be considered.
[2025-03-26T17:17:31.627+0000] {processor.py:927} WARNING - No viable dags retrieved from /home/ubuntu/customer_churn_youtube_venv/lib/python3.12/site-packages/airflow/example_dags/plugins/workday.py
[2025-03-26T17:17:31.637+0000] {processor.py:208} INFO - Processing /home/ubuntu/customer_churn_youtube_venv/lib/python3.12/site-packages/airflow/example_dags/plugins/workday.py took 0.022 seconds
[2025-03-26T17:18:23.537+0000] {processor.py:186} INFO - Started process (PID=6574) to work on /home/ubuntu/customer_churn_youtube_venv/lib/python3.12/site-packages/airflow/example_dags/plugins/workday.py
[2025-03-26T17:18:23.539+0000] {processor.py:914} INFO - Processing file /home/ubuntu/customer_churn_youtube_venv/lib/python3.12/site-packages/airflow/example_dags/plugins/workday.py for tasks to queue
[2025-03-26T17:18:23.541+0000] {logging_mixin.py:190} INFO - [2025-03-26T17:18:23.541+0000] {dagbag.py:588} INFO - Filling up the DagBag from /home/ubuntu/customer_churn_youtube_venv/lib/python3.12/site-packages/airflow/example_dags/plugins/workday.py
[2025-03-26T17:18:23.543+0000] {logging_mixin.py:190} INFO - [2025-03-26T17:18:23.543+0000] {workday.py:41} WARNING - Could not import pandas. Holidays will not be considered.
[2025-03-26T17:18:23.544+0000] {processor.py:927} WARNING - No viable dags retrieved from /home/ubuntu/customer_churn_youtube_venv/lib/python3.12/site-packages/airflow/example_dags/plugins/workday.py
[2025-03-26T17:18:23.554+0000] {processor.py:208} INFO - Processing /home/ubuntu/customer_churn_youtube_venv/lib/python3.12/site-packages/airflow/example_dags/plugins/workday.py took 0.022 seconds
[2025-03-26T17:19:17.440+0000] {processor.py:186} INFO - Started process (PID=6628) to work on /home/ubuntu/customer_churn_youtube_venv/lib/python3.12/site-packages/airflow/example_dags/plugins/workday.py
[2025-03-26T17:19:17.442+0000] {processor.py:914} INFO - Processing file /home/ubuntu/customer_churn_youtube_venv/lib/python3.12/site-packages/airflow/example_dags/plugins/workday.py for tasks to queue
[2025-03-26T17:19:17.444+0000] {logging_mixin.py:190} INFO - [2025-03-26T17:19:17.443+0000] {dagbag.py:588} INFO - Filling up the DagBag from /home/ubuntu/customer_churn_youtube_venv/lib/python3.12/site-packages/airflow/example_dags/plugins/workday.py
[2025-03-26T17:19:17.446+0000] {logging_mixin.py:190} INFO - [2025-03-26T17:19:17.446+0000] {workday.py:41} WARNING - Could not import pandas. Holidays will not be considered.
[2025-03-26T17:19:17.446+0000] {processor.py:927} WARNING - No viable dags retrieved from /home/ubuntu/customer_churn_youtube_venv/lib/python3.12/site-packages/airflow/example_dags/plugins/workday.py
[2025-03-26T17:19:17.457+0000] {processor.py:208} INFO - Processing /home/ubuntu/customer_churn_youtube_venv/lib/python3.12/site-packages/airflow/example_dags/plugins/workday.py took 0.022 seconds
[2025-03-26T17:20:19.047+0000] {processor.py:186} INFO - Started process (PID=6692) to work on /home/ubuntu/customer_churn_youtube_venv/lib/python3.12/site-packages/airflow/example_dags/plugins/workday.py
[2025-03-26T17:20:19.049+0000] {processor.py:914} INFO - Processing file /home/ubuntu/customer_churn_youtube_venv/lib/python3.12/site-packages/airflow/example_dags/plugins/workday.py for tasks to queue
[2025-03-26T17:20:19.052+0000] {logging_mixin.py:190} INFO - [2025-03-26T17:20:19.051+0000] {dagbag.py:588} INFO - Filling up the DagBag from /home/ubuntu/customer_churn_youtube_venv/lib/python3.12/site-packages/airflow/example_dags/plugins/workday.py
[2025-03-26T17:20:19.054+0000] {logging_mixin.py:190} INFO - [2025-03-26T17:20:19.054+0000] {workday.py:41} WARNING - Could not import pandas. Holidays will not be considered.
[2025-03-26T17:20:19.054+0000] {processor.py:927} WARNING - No viable dags retrieved from /home/ubuntu/customer_churn_youtube_venv/lib/python3.12/site-packages/airflow/example_dags/plugins/workday.py
[2025-03-26T17:20:19.065+0000] {processor.py:208} INFO - Processing /home/ubuntu/customer_churn_youtube_venv/lib/python3.12/site-packages/airflow/example_dags/plugins/workday.py took 0.023 seconds
[2025-03-26T17:21:11.213+0000] {processor.py:186} INFO - Started process (PID=6747) to work on /home/ubuntu/customer_churn_youtube_venv/lib/python3.12/site-packages/airflow/example_dags/plugins/workday.py
[2025-03-26T17:21:11.215+0000] {processor.py:914} INFO - Processing file /home/ubuntu/customer_churn_youtube_venv/lib/python3.12/site-packages/airflow/example_dags/plugins/workday.py for tasks to queue
[2025-03-26T17:21:11.217+0000] {logging_mixin.py:190} INFO - [2025-03-26T17:21:11.217+0000] {dagbag.py:588} INFO - Filling up the DagBag from /home/ubuntu/customer_churn_youtube_venv/lib/python3.12/site-packages/airflow/example_dags/plugins/workday.py
[2025-03-26T17:21:11.220+0000] {logging_mixin.py:190} INFO - [2025-03-26T17:21:11.220+0000] {workday.py:41} WARNING - Could not import pandas. Holidays will not be considered.
[2025-03-26T17:21:11.220+0000] {processor.py:927} WARNING - No viable dags retrieved from /home/ubuntu/customer_churn_youtube_venv/lib/python3.12/site-packages/airflow/example_dags/plugins/workday.py
[2025-03-26T17:21:11.231+0000] {processor.py:208} INFO - Processing /home/ubuntu/customer_churn_youtube_venv/lib/python3.12/site-packages/airflow/example_dags/plugins/workday.py took 0.024 seconds
[2025-03-26T17:22:05.321+0000] {processor.py:186} INFO - Started process (PID=6801) to work on /home/ubuntu/customer_churn_youtube_venv/lib/python3.12/site-packages/airflow/example_dags/plugins/workday.py
[2025-03-26T17:22:05.322+0000] {processor.py:914} INFO - Processing file /home/ubuntu/customer_churn_youtube_venv/lib/python3.12/site-packages/airflow/example_dags/plugins/workday.py for tasks to queue
[2025-03-26T17:22:05.324+0000] {logging_mixin.py:190} INFO - [2025-03-26T17:22:05.323+0000] {dagbag.py:588} INFO - Filling up the DagBag from /home/ubuntu/customer_churn_youtube_venv/lib/python3.12/site-packages/airflow/example_dags/plugins/workday.py
[2025-03-26T17:22:05.327+0000] {logging_mixin.py:190} INFO - [2025-03-26T17:22:05.327+0000] {workday.py:41} WARNING - Could not import pandas. Holidays will not be considered.
[2025-03-26T17:22:05.327+0000] {processor.py:927} WARNING - No viable dags retrieved from /home/ubuntu/customer_churn_youtube_venv/lib/python3.12/site-packages/airflow/example_dags/plugins/workday.py
[2025-03-26T17:22:05.338+0000] {processor.py:208} INFO - Processing /home/ubuntu/customer_churn_youtube_venv/lib/python3.12/site-packages/airflow/example_dags/plugins/workday.py took 0.023 seconds
[2025-03-26T17:22:55.254+0000] {processor.py:186} INFO - Started process (PID=6852) to work on /home/ubuntu/customer_churn_youtube_venv/lib/python3.12/site-packages/airflow/example_dags/plugins/workday.py
[2025-03-26T17:22:55.256+0000] {processor.py:914} INFO - Processing file /home/ubuntu/customer_churn_youtube_venv/lib/python3.12/site-packages/airflow/example_dags/plugins/workday.py for tasks to queue
[2025-03-26T17:22:55.259+0000] {logging_mixin.py:190} INFO - [2025-03-26T17:22:55.258+0000] {dagbag.py:588} INFO - Filling up the DagBag from /home/ubuntu/customer_churn_youtube_venv/lib/python3.12/site-packages/airflow/example_dags/plugins/workday.py
[2025-03-26T17:22:55.262+0000] {logging_mixin.py:190} INFO - [2025-03-26T17:22:55.262+0000] {workday.py:41} WARNING - Could not import pandas. Holidays will not be considered.
[2025-03-26T17:22:55.262+0000] {processor.py:927} WARNING - No viable dags retrieved from /home/ubuntu/customer_churn_youtube_venv/lib/python3.12/site-packages/airflow/example_dags/plugins/workday.py
[2025-03-26T17:22:55.273+0000] {processor.py:208} INFO - Processing /home/ubuntu/customer_churn_youtube_venv/lib/python3.12/site-packages/airflow/example_dags/plugins/workday.py took 0.024 seconds
[2025-03-26T17:23:48.660+0000] {processor.py:186} INFO - Started process (PID=6906) to work on /home/ubuntu/customer_churn_youtube_venv/lib/python3.12/site-packages/airflow/example_dags/plugins/workday.py
[2025-03-26T17:23:48.662+0000] {processor.py:914} INFO - Processing file /home/ubuntu/customer_churn_youtube_venv/lib/python3.12/site-packages/airflow/example_dags/plugins/workday.py for tasks to queue
[2025-03-26T17:23:48.663+0000] {logging_mixin.py:190} INFO - [2025-03-26T17:23:48.663+0000] {dagbag.py:588} INFO - Filling up the DagBag from /home/ubuntu/customer_churn_youtube_venv/lib/python3.12/site-packages/airflow/example_dags/plugins/workday.py
[2025-03-26T17:23:48.666+0000] {logging_mixin.py:190} INFO - [2025-03-26T17:23:48.666+0000] {workday.py:41} WARNING - Could not import pandas. Holidays will not be considered.
[2025-03-26T17:23:48.667+0000] {processor.py:927} WARNING - No viable dags retrieved from /home/ubuntu/customer_churn_youtube_venv/lib/python3.12/site-packages/airflow/example_dags/plugins/workday.py
[2025-03-26T17:23:48.677+0000] {processor.py:208} INFO - Processing /home/ubuntu/customer_churn_youtube_venv/lib/python3.12/site-packages/airflow/example_dags/plugins/workday.py took 0.023 seconds
[2025-03-26T17:24:37.971+0000] {processor.py:186} INFO - Started process (PID=6958) to work on /home/ubuntu/customer_churn_youtube_venv/lib/python3.12/site-packages/airflow/example_dags/plugins/workday.py
[2025-03-26T17:24:37.972+0000] {processor.py:914} INFO - Processing file /home/ubuntu/customer_churn_youtube_venv/lib/python3.12/site-packages/airflow/example_dags/plugins/workday.py for tasks to queue
[2025-03-26T17:24:37.975+0000] {logging_mixin.py:190} INFO - [2025-03-26T17:24:37.974+0000] {dagbag.py:588} INFO - Filling up the DagBag from /home/ubuntu/customer_churn_youtube_venv/lib/python3.12/site-packages/airflow/example_dags/plugins/workday.py
[2025-03-26T17:24:37.978+0000] {logging_mixin.py:190} INFO - [2025-03-26T17:24:37.978+0000] {workday.py:41} WARNING - Could not import pandas. Holidays will not be considered.
[2025-03-26T17:24:37.978+0000] {processor.py:927} WARNING - No viable dags retrieved from /home/ubuntu/customer_churn_youtube_venv/lib/python3.12/site-packages/airflow/example_dags/plugins/workday.py
[2025-03-26T17:24:37.988+0000] {processor.py:208} INFO - Processing /home/ubuntu/customer_churn_youtube_venv/lib/python3.12/site-packages/airflow/example_dags/plugins/workday.py took 0.023 seconds
[2025-03-26T17:25:28.667+0000] {processor.py:186} INFO - Started process (PID=7016) to work on /home/ubuntu/customer_churn_youtube_venv/lib/python3.12/site-packages/airflow/example_dags/plugins/workday.py
[2025-03-26T17:25:28.670+0000] {processor.py:914} INFO - Processing file /home/ubuntu/customer_churn_youtube_venv/lib/python3.12/site-packages/airflow/example_dags/plugins/workday.py for tasks to queue
[2025-03-26T17:25:28.672+0000] {logging_mixin.py:190} INFO - [2025-03-26T17:25:28.671+0000] {dagbag.py:588} INFO - Filling up the DagBag from /home/ubuntu/customer_churn_youtube_venv/lib/python3.12/site-packages/airflow/example_dags/plugins/workday.py
[2025-03-26T17:25:28.674+0000] {logging_mixin.py:190} INFO - [2025-03-26T17:25:28.674+0000] {workday.py:41} WARNING - Could not import pandas. Holidays will not be considered.
[2025-03-26T17:25:28.674+0000] {processor.py:927} WARNING - No viable dags retrieved from /home/ubuntu/customer_churn_youtube_venv/lib/python3.12/site-packages/airflow/example_dags/plugins/workday.py
[2025-03-26T17:25:28.686+0000] {processor.py:208} INFO - Processing /home/ubuntu/customer_churn_youtube_venv/lib/python3.12/site-packages/airflow/example_dags/plugins/workday.py took 0.024 seconds
[2025-03-26T17:26:18.141+0000] {processor.py:186} INFO - Started process (PID=7067) to work on /home/ubuntu/customer_churn_youtube_venv/lib/python3.12/site-packages/airflow/example_dags/plugins/workday.py
[2025-03-26T17:26:18.144+0000] {processor.py:914} INFO - Processing file /home/ubuntu/customer_churn_youtube_venv/lib/python3.12/site-packages/airflow/example_dags/plugins/workday.py for tasks to queue
[2025-03-26T17:26:18.145+0000] {logging_mixin.py:190} INFO - [2025-03-26T17:26:18.145+0000] {dagbag.py:588} INFO - Filling up the DagBag from /home/ubuntu/customer_churn_youtube_venv/lib/python3.12/site-packages/airflow/example_dags/plugins/workday.py
[2025-03-26T17:26:18.149+0000] {logging_mixin.py:190} INFO - [2025-03-26T17:26:18.148+0000] {workday.py:41} WARNING - Could not import pandas. Holidays will not be considered.
[2025-03-26T17:26:18.149+0000] {processor.py:927} WARNING - No viable dags retrieved from /home/ubuntu/customer_churn_youtube_venv/lib/python3.12/site-packages/airflow/example_dags/plugins/workday.py
[2025-03-26T17:26:18.160+0000] {processor.py:208} INFO - Processing /home/ubuntu/customer_churn_youtube_venv/lib/python3.12/site-packages/airflow/example_dags/plugins/workday.py took 0.024 seconds
[2025-03-26T17:27:10.873+0000] {processor.py:186} INFO - Started process (PID=7120) to work on /home/ubuntu/customer_churn_youtube_venv/lib/python3.12/site-packages/airflow/example_dags/plugins/workday.py
[2025-03-26T17:27:10.875+0000] {processor.py:914} INFO - Processing file /home/ubuntu/customer_churn_youtube_venv/lib/python3.12/site-packages/airflow/example_dags/plugins/workday.py for tasks to queue
[2025-03-26T17:27:10.877+0000] {logging_mixin.py:190} INFO - [2025-03-26T17:27:10.877+0000] {dagbag.py:588} INFO - Filling up the DagBag from /home/ubuntu/customer_churn_youtube_venv/lib/python3.12/site-packages/airflow/example_dags/plugins/workday.py
[2025-03-26T17:27:10.880+0000] {logging_mixin.py:190} INFO - [2025-03-26T17:27:10.880+0000] {workday.py:41} WARNING - Could not import pandas. Holidays will not be considered.
[2025-03-26T17:27:10.880+0000] {processor.py:927} WARNING - No viable dags retrieved from /home/ubuntu/customer_churn_youtube_venv/lib/python3.12/site-packages/airflow/example_dags/plugins/workday.py
[2025-03-26T17:27:10.891+0000] {processor.py:208} INFO - Processing /home/ubuntu/customer_churn_youtube_venv/lib/python3.12/site-packages/airflow/example_dags/plugins/workday.py took 0.024 seconds
[2025-03-26T17:28:01.220+0000] {processor.py:186} INFO - Started process (PID=7217) to work on /home/ubuntu/customer_churn_youtube_venv/lib/python3.12/site-packages/airflow/example_dags/plugins/workday.py
[2025-03-26T17:28:01.222+0000] {processor.py:914} INFO - Processing file /home/ubuntu/customer_churn_youtube_venv/lib/python3.12/site-packages/airflow/example_dags/plugins/workday.py for tasks to queue
[2025-03-26T17:28:01.224+0000] {logging_mixin.py:190} INFO - [2025-03-26T17:28:01.224+0000] {dagbag.py:588} INFO - Filling up the DagBag from /home/ubuntu/customer_churn_youtube_venv/lib/python3.12/site-packages/airflow/example_dags/plugins/workday.py
[2025-03-26T17:28:01.227+0000] {logging_mixin.py:190} INFO - [2025-03-26T17:28:01.227+0000] {workday.py:41} WARNING - Could not import pandas. Holidays will not be considered.
[2025-03-26T17:28:01.228+0000] {processor.py:927} WARNING - No viable dags retrieved from /home/ubuntu/customer_churn_youtube_venv/lib/python3.12/site-packages/airflow/example_dags/plugins/workday.py
[2025-03-26T17:28:01.239+0000] {processor.py:208} INFO - Processing /home/ubuntu/customer_churn_youtube_venv/lib/python3.12/site-packages/airflow/example_dags/plugins/workday.py took 0.025 seconds
[2025-03-26T17:28:51.719+0000] {processor.py:186} INFO - Started process (PID=7271) to work on /home/ubuntu/customer_churn_youtube_venv/lib/python3.12/site-packages/airflow/example_dags/plugins/workday.py
[2025-03-26T17:28:51.720+0000] {processor.py:914} INFO - Processing file /home/ubuntu/customer_churn_youtube_venv/lib/python3.12/site-packages/airflow/example_dags/plugins/workday.py for tasks to queue
[2025-03-26T17:28:51.723+0000] {logging_mixin.py:190} INFO - [2025-03-26T17:28:51.723+0000] {dagbag.py:588} INFO - Filling up the DagBag from /home/ubuntu/customer_churn_youtube_venv/lib/python3.12/site-packages/airflow/example_dags/plugins/workday.py
[2025-03-26T17:28:51.726+0000] {logging_mixin.py:190} INFO - [2025-03-26T17:28:51.726+0000] {workday.py:41} WARNING - Could not import pandas. Holidays will not be considered.
[2025-03-26T17:28:51.727+0000] {processor.py:927} WARNING - No viable dags retrieved from /home/ubuntu/customer_churn_youtube_venv/lib/python3.12/site-packages/airflow/example_dags/plugins/workday.py
[2025-03-26T17:28:51.741+0000] {processor.py:208} INFO - Processing /home/ubuntu/customer_churn_youtube_venv/lib/python3.12/site-packages/airflow/example_dags/plugins/workday.py took 0.028 seconds
[2025-03-26T17:29:41.909+0000] {processor.py:186} INFO - Started process (PID=7324) to work on /home/ubuntu/customer_churn_youtube_venv/lib/python3.12/site-packages/airflow/example_dags/plugins/workday.py
[2025-03-26T17:29:41.911+0000] {processor.py:914} INFO - Processing file /home/ubuntu/customer_churn_youtube_venv/lib/python3.12/site-packages/airflow/example_dags/plugins/workday.py for tasks to queue
[2025-03-26T17:29:41.913+0000] {logging_mixin.py:190} INFO - [2025-03-26T17:29:41.913+0000] {dagbag.py:588} INFO - Filling up the DagBag from /home/ubuntu/customer_churn_youtube_venv/lib/python3.12/site-packages/airflow/example_dags/plugins/workday.py
[2025-03-26T17:29:41.916+0000] {logging_mixin.py:190} INFO - [2025-03-26T17:29:41.916+0000] {workday.py:41} WARNING - Could not import pandas. Holidays will not be considered.
[2025-03-26T17:29:41.916+0000] {processor.py:927} WARNING - No viable dags retrieved from /home/ubuntu/customer_churn_youtube_venv/lib/python3.12/site-packages/airflow/example_dags/plugins/workday.py
[2025-03-26T17:29:41.926+0000] {processor.py:208} INFO - Processing /home/ubuntu/customer_churn_youtube_venv/lib/python3.12/site-packages/airflow/example_dags/plugins/workday.py took 0.022 seconds
[2025-03-26T17:30:30.222+0000] {processor.py:186} INFO - Started process (PID=7380) to work on /home/ubuntu/customer_churn_youtube_venv/lib/python3.12/site-packages/airflow/example_dags/plugins/workday.py
[2025-03-26T17:30:30.223+0000] {processor.py:914} INFO - Processing file /home/ubuntu/customer_churn_youtube_venv/lib/python3.12/site-packages/airflow/example_dags/plugins/workday.py for tasks to queue
[2025-03-26T17:30:30.225+0000] {logging_mixin.py:190} INFO - [2025-03-26T17:30:30.225+0000] {dagbag.py:588} INFO - Filling up the DagBag from /home/ubuntu/customer_churn_youtube_venv/lib/python3.12/site-packages/airflow/example_dags/plugins/workday.py
[2025-03-26T17:30:30.228+0000] {logging_mixin.py:190} INFO - [2025-03-26T17:30:30.228+0000] {workday.py:41} WARNING - Could not import pandas. Holidays will not be considered.
[2025-03-26T17:30:30.229+0000] {processor.py:927} WARNING - No viable dags retrieved from /home/ubuntu/customer_churn_youtube_venv/lib/python3.12/site-packages/airflow/example_dags/plugins/workday.py
[2025-03-26T17:30:30.239+0000] {processor.py:208} INFO - Processing /home/ubuntu/customer_churn_youtube_venv/lib/python3.12/site-packages/airflow/example_dags/plugins/workday.py took 0.023 seconds
[2025-03-26T17:31:21.326+0000] {processor.py:186} INFO - Started process (PID=7432) to work on /home/ubuntu/customer_churn_youtube_venv/lib/python3.12/site-packages/airflow/example_dags/plugins/workday.py
[2025-03-26T17:31:21.327+0000] {processor.py:914} INFO - Processing file /home/ubuntu/customer_churn_youtube_venv/lib/python3.12/site-packages/airflow/example_dags/plugins/workday.py for tasks to queue
[2025-03-26T17:31:21.329+0000] {logging_mixin.py:190} INFO - [2025-03-26T17:31:21.329+0000] {dagbag.py:588} INFO - Filling up the DagBag from /home/ubuntu/customer_churn_youtube_venv/lib/python3.12/site-packages/airflow/example_dags/plugins/workday.py
[2025-03-26T17:31:21.331+0000] {logging_mixin.py:190} INFO - [2025-03-26T17:31:21.331+0000] {workday.py:41} WARNING - Could not import pandas. Holidays will not be considered.
[2025-03-26T17:31:21.332+0000] {processor.py:927} WARNING - No viable dags retrieved from /home/ubuntu/customer_churn_youtube_venv/lib/python3.12/site-packages/airflow/example_dags/plugins/workday.py
[2025-03-26T17:31:21.342+0000] {processor.py:208} INFO - Processing /home/ubuntu/customer_churn_youtube_venv/lib/python3.12/site-packages/airflow/example_dags/plugins/workday.py took 0.022 seconds
[2025-03-26T17:32:11.806+0000] {processor.py:186} INFO - Started process (PID=7497) to work on /home/ubuntu/customer_churn_youtube_venv/lib/python3.12/site-packages/airflow/example_dags/plugins/workday.py
[2025-03-26T17:32:11.808+0000] {processor.py:914} INFO - Processing file /home/ubuntu/customer_churn_youtube_venv/lib/python3.12/site-packages/airflow/example_dags/plugins/workday.py for tasks to queue
[2025-03-26T17:32:11.811+0000] {logging_mixin.py:190} INFO - [2025-03-26T17:32:11.810+0000] {dagbag.py:588} INFO - Filling up the DagBag from /home/ubuntu/customer_churn_youtube_venv/lib/python3.12/site-packages/airflow/example_dags/plugins/workday.py
[2025-03-26T17:32:11.813+0000] {logging_mixin.py:190} INFO - [2025-03-26T17:32:11.813+0000] {workday.py:41} WARNING - Could not import pandas. Holidays will not be considered.
[2025-03-26T17:32:11.814+0000] {processor.py:927} WARNING - No viable dags retrieved from /home/ubuntu/customer_churn_youtube_venv/lib/python3.12/site-packages/airflow/example_dags/plugins/workday.py
[2025-03-26T17:32:11.824+0000] {processor.py:208} INFO - Processing /home/ubuntu/customer_churn_youtube_venv/lib/python3.12/site-packages/airflow/example_dags/plugins/workday.py took 0.024 seconds
[2025-03-26T17:33:04.884+0000] {processor.py:186} INFO - Started process (PID=7579) to work on /home/ubuntu/customer_churn_youtube_venv/lib/python3.12/site-packages/airflow/example_dags/plugins/workday.py
[2025-03-26T17:33:04.885+0000] {processor.py:914} INFO - Processing file /home/ubuntu/customer_churn_youtube_venv/lib/python3.12/site-packages/airflow/example_dags/plugins/workday.py for tasks to queue
[2025-03-26T17:33:04.887+0000] {logging_mixin.py:190} INFO - [2025-03-26T17:33:04.887+0000] {dagbag.py:588} INFO - Filling up the DagBag from /home/ubuntu/customer_churn_youtube_venv/lib/python3.12/site-packages/airflow/example_dags/plugins/workday.py
[2025-03-26T17:33:04.890+0000] {logging_mixin.py:190} INFO - [2025-03-26T17:33:04.890+0000] {workday.py:41} WARNING - Could not import pandas. Holidays will not be considered.
[2025-03-26T17:33:04.891+0000] {processor.py:927} WARNING - No viable dags retrieved from /home/ubuntu/customer_churn_youtube_venv/lib/python3.12/site-packages/airflow/example_dags/plugins/workday.py
[2025-03-26T17:33:04.901+0000] {processor.py:208} INFO - Processing /home/ubuntu/customer_churn_youtube_venv/lib/python3.12/site-packages/airflow/example_dags/plugins/workday.py took 0.023 seconds
[2025-03-26T17:33:55.042+0000] {processor.py:186} INFO - Started process (PID=7630) to work on /home/ubuntu/customer_churn_youtube_venv/lib/python3.12/site-packages/airflow/example_dags/plugins/workday.py
[2025-03-26T17:33:55.043+0000] {processor.py:914} INFO - Processing file /home/ubuntu/customer_churn_youtube_venv/lib/python3.12/site-packages/airflow/example_dags/plugins/workday.py for tasks to queue
[2025-03-26T17:33:55.045+0000] {logging_mixin.py:190} INFO - [2025-03-26T17:33:55.044+0000] {dagbag.py:588} INFO - Filling up the DagBag from /home/ubuntu/customer_churn_youtube_venv/lib/python3.12/site-packages/airflow/example_dags/plugins/workday.py
[2025-03-26T17:33:55.048+0000] {logging_mixin.py:190} INFO - [2025-03-26T17:33:55.047+0000] {workday.py:41} WARNING - Could not import pandas. Holidays will not be considered.
[2025-03-26T17:33:55.048+0000] {processor.py:927} WARNING - No viable dags retrieved from /home/ubuntu/customer_churn_youtube_venv/lib/python3.12/site-packages/airflow/example_dags/plugins/workday.py
[2025-03-26T17:33:55.059+0000] {processor.py:208} INFO - Processing /home/ubuntu/customer_churn_youtube_venv/lib/python3.12/site-packages/airflow/example_dags/plugins/workday.py took 0.023 seconds
[2025-03-26T17:34:46.680+0000] {processor.py:186} INFO - Started process (PID=7685) to work on /home/ubuntu/customer_churn_youtube_venv/lib/python3.12/site-packages/airflow/example_dags/plugins/workday.py
[2025-03-26T17:34:46.682+0000] {processor.py:914} INFO - Processing file /home/ubuntu/customer_churn_youtube_venv/lib/python3.12/site-packages/airflow/example_dags/plugins/workday.py for tasks to queue
[2025-03-26T17:34:46.684+0000] {logging_mixin.py:190} INFO - [2025-03-26T17:34:46.684+0000] {dagbag.py:588} INFO - Filling up the DagBag from /home/ubuntu/customer_churn_youtube_venv/lib/python3.12/site-packages/airflow/example_dags/plugins/workday.py
[2025-03-26T17:34:46.687+0000] {logging_mixin.py:190} INFO - [2025-03-26T17:34:46.687+0000] {workday.py:41} WARNING - Could not import pandas. Holidays will not be considered.
[2025-03-26T17:34:46.687+0000] {processor.py:927} WARNING - No viable dags retrieved from /home/ubuntu/customer_churn_youtube_venv/lib/python3.12/site-packages/airflow/example_dags/plugins/workday.py
[2025-03-26T17:34:46.698+0000] {processor.py:208} INFO - Processing /home/ubuntu/customer_churn_youtube_venv/lib/python3.12/site-packages/airflow/example_dags/plugins/workday.py took 0.024 seconds
[2025-03-26T17:35:41.293+0000] {processor.py:186} INFO - Started process (PID=7745) to work on /home/ubuntu/customer_churn_youtube_venv/lib/python3.12/site-packages/airflow/example_dags/plugins/workday.py
[2025-03-26T17:35:41.295+0000] {processor.py:914} INFO - Processing file /home/ubuntu/customer_churn_youtube_venv/lib/python3.12/site-packages/airflow/example_dags/plugins/workday.py for tasks to queue
[2025-03-26T17:35:41.297+0000] {logging_mixin.py:190} INFO - [2025-03-26T17:35:41.296+0000] {dagbag.py:588} INFO - Filling up the DagBag from /home/ubuntu/customer_churn_youtube_venv/lib/python3.12/site-packages/airflow/example_dags/plugins/workday.py
[2025-03-26T17:35:41.300+0000] {logging_mixin.py:190} INFO - [2025-03-26T17:35:41.300+0000] {workday.py:41} WARNING - Could not import pandas. Holidays will not be considered.
[2025-03-26T17:35:41.300+0000] {processor.py:927} WARNING - No viable dags retrieved from /home/ubuntu/customer_churn_youtube_venv/lib/python3.12/site-packages/airflow/example_dags/plugins/workday.py
[2025-03-26T17:35:41.311+0000] {processor.py:208} INFO - Processing /home/ubuntu/customer_churn_youtube_venv/lib/python3.12/site-packages/airflow/example_dags/plugins/workday.py took 0.023 seconds
[2025-03-26T17:36:33.320+0000] {processor.py:186} INFO - Started process (PID=7801) to work on /home/ubuntu/customer_churn_youtube_venv/lib/python3.12/site-packages/airflow/example_dags/plugins/workday.py
[2025-03-26T17:36:33.322+0000] {processor.py:914} INFO - Processing file /home/ubuntu/customer_churn_youtube_venv/lib/python3.12/site-packages/airflow/example_dags/plugins/workday.py for tasks to queue
[2025-03-26T17:36:33.323+0000] {logging_mixin.py:190} INFO - [2025-03-26T17:36:33.323+0000] {dagbag.py:588} INFO - Filling up the DagBag from /home/ubuntu/customer_churn_youtube_venv/lib/python3.12/site-packages/airflow/example_dags/plugins/workday.py
[2025-03-26T17:36:33.327+0000] {logging_mixin.py:190} INFO - [2025-03-26T17:36:33.327+0000] {workday.py:41} WARNING - Could not import pandas. Holidays will not be considered.
[2025-03-26T17:36:33.327+0000] {processor.py:927} WARNING - No viable dags retrieved from /home/ubuntu/customer_churn_youtube_venv/lib/python3.12/site-packages/airflow/example_dags/plugins/workday.py
[2025-03-26T17:36:33.338+0000] {processor.py:208} INFO - Processing /home/ubuntu/customer_churn_youtube_venv/lib/python3.12/site-packages/airflow/example_dags/plugins/workday.py took 0.024 seconds
