[2025-03-27T16:08:47.467+0000] {processor.py:186} INFO - Started process (PID=2909) to work on /home/ubuntu/customer_churn_youtube_venv/lib/python3.12/site-packages/airflow/example_dags/plugins/event_listener.py
[2025-03-27T16:08:47.470+0000] {processor.py:914} INFO - Processing file /home/ubuntu/customer_churn_youtube_venv/lib/python3.12/site-packages/airflow/example_dags/plugins/event_listener.py for tasks to queue
[2025-03-27T16:08:47.474+0000] {logging_mixin.py:190} INFO - [2025-03-27T16:08:47.472+0000] {dagbag.py:588} INFO - Filling up the DagBag from /home/ubuntu/customer_churn_youtube_venv/lib/python3.12/site-packages/airflow/example_dags/plugins/event_listener.py
[2025-03-27T16:08:47.480+0000] {processor.py:927} WARNING - No viable dags retrieved from /home/ubuntu/customer_churn_youtube_venv/lib/python3.12/site-packages/airflow/example_dags/plugins/event_listener.py
[2025-03-27T16:08:47.506+0000] {processor.py:208} INFO - Processing /home/ubuntu/customer_churn_youtube_venv/lib/python3.12/site-packages/airflow/example_dags/plugins/event_listener.py took 0.050 seconds
[2025-03-27T16:09:42.842+0000] {processor.py:186} INFO - Started process (PID=3124) to work on /home/ubuntu/customer_churn_youtube_venv/lib/python3.12/site-packages/airflow/example_dags/plugins/event_listener.py
[2025-03-27T16:09:42.843+0000] {processor.py:914} INFO - Processing file /home/ubuntu/customer_churn_youtube_venv/lib/python3.12/site-packages/airflow/example_dags/plugins/event_listener.py for tasks to queue
[2025-03-27T16:09:42.846+0000] {logging_mixin.py:190} INFO - [2025-03-27T16:09:42.845+0000] {dagbag.py:588} INFO - Filling up the DagBag from /home/ubuntu/customer_churn_youtube_venv/lib/python3.12/site-packages/airflow/example_dags/plugins/event_listener.py
[2025-03-27T16:09:42.848+0000] {processor.py:927} WARNING - No viable dags retrieved from /home/ubuntu/customer_churn_youtube_venv/lib/python3.12/site-packages/airflow/example_dags/plugins/event_listener.py
[2025-03-27T16:09:42.858+0000] {processor.py:208} INFO - Processing /home/ubuntu/customer_churn_youtube_venv/lib/python3.12/site-packages/airflow/example_dags/plugins/event_listener.py took 0.021 seconds
[2025-03-27T16:10:34.366+0000] {processor.py:186} INFO - Started process (PID=3184) to work on /home/ubuntu/customer_churn_youtube_venv/lib/python3.12/site-packages/airflow/example_dags/plugins/event_listener.py
[2025-03-27T16:10:34.368+0000] {processor.py:914} INFO - Processing file /home/ubuntu/customer_churn_youtube_venv/lib/python3.12/site-packages/airflow/example_dags/plugins/event_listener.py for tasks to queue
[2025-03-27T16:10:34.369+0000] {logging_mixin.py:190} INFO - [2025-03-27T16:10:34.369+0000] {dagbag.py:588} INFO - Filling up the DagBag from /home/ubuntu/customer_churn_youtube_venv/lib/python3.12/site-packages/airflow/example_dags/plugins/event_listener.py
[2025-03-27T16:10:34.372+0000] {processor.py:927} WARNING - No viable dags retrieved from /home/ubuntu/customer_churn_youtube_venv/lib/python3.12/site-packages/airflow/example_dags/plugins/event_listener.py
[2025-03-27T16:10:34.382+0000] {processor.py:208} INFO - Processing /home/ubuntu/customer_churn_youtube_venv/lib/python3.12/site-packages/airflow/example_dags/plugins/event_listener.py took 0.021 seconds
[2025-03-27T16:11:27.102+0000] {processor.py:186} INFO - Started process (PID=3245) to work on /home/ubuntu/customer_churn_youtube_venv/lib/python3.12/site-packages/airflow/example_dags/plugins/event_listener.py
[2025-03-27T16:11:27.104+0000] {processor.py:914} INFO - Processing file /home/ubuntu/customer_churn_youtube_venv/lib/python3.12/site-packages/airflow/example_dags/plugins/event_listener.py for tasks to queue
[2025-03-27T16:11:27.106+0000] {logging_mixin.py:190} INFO - [2025-03-27T16:11:27.105+0000] {dagbag.py:588} INFO - Filling up the DagBag from /home/ubuntu/customer_churn_youtube_venv/lib/python3.12/site-packages/airflow/example_dags/plugins/event_listener.py
[2025-03-27T16:11:27.108+0000] {processor.py:927} WARNING - No viable dags retrieved from /home/ubuntu/customer_churn_youtube_venv/lib/python3.12/site-packages/airflow/example_dags/plugins/event_listener.py
[2025-03-27T16:11:27.119+0000] {processor.py:208} INFO - Processing /home/ubuntu/customer_churn_youtube_venv/lib/python3.12/site-packages/airflow/example_dags/plugins/event_listener.py took 0.022 seconds
[2025-03-27T16:12:23.720+0000] {processor.py:186} INFO - Started process (PID=3316) to work on /home/ubuntu/customer_churn_youtube_venv/lib/python3.12/site-packages/airflow/example_dags/plugins/event_listener.py
[2025-03-27T16:12:23.721+0000] {processor.py:914} INFO - Processing file /home/ubuntu/customer_churn_youtube_venv/lib/python3.12/site-packages/airflow/example_dags/plugins/event_listener.py for tasks to queue
[2025-03-27T16:12:23.723+0000] {logging_mixin.py:190} INFO - [2025-03-27T16:12:23.723+0000] {dagbag.py:588} INFO - Filling up the DagBag from /home/ubuntu/customer_churn_youtube_venv/lib/python3.12/site-packages/airflow/example_dags/plugins/event_listener.py
[2025-03-27T16:12:23.725+0000] {processor.py:927} WARNING - No viable dags retrieved from /home/ubuntu/customer_churn_youtube_venv/lib/python3.12/site-packages/airflow/example_dags/plugins/event_listener.py
[2025-03-27T16:12:23.736+0000] {processor.py:208} INFO - Processing /home/ubuntu/customer_churn_youtube_venv/lib/python3.12/site-packages/airflow/example_dags/plugins/event_listener.py took 0.022 seconds
[2025-03-27T16:13:18.147+0000] {processor.py:186} INFO - Started process (PID=3385) to work on /home/ubuntu/customer_churn_youtube_venv/lib/python3.12/site-packages/airflow/example_dags/plugins/event_listener.py
[2025-03-27T16:13:18.148+0000] {processor.py:914} INFO - Processing file /home/ubuntu/customer_churn_youtube_venv/lib/python3.12/site-packages/airflow/example_dags/plugins/event_listener.py for tasks to queue
[2025-03-27T16:13:18.150+0000] {logging_mixin.py:190} INFO - [2025-03-27T16:13:18.150+0000] {dagbag.py:588} INFO - Filling up the DagBag from /home/ubuntu/customer_churn_youtube_venv/lib/python3.12/site-packages/airflow/example_dags/plugins/event_listener.py
[2025-03-27T16:13:18.152+0000] {processor.py:927} WARNING - No viable dags retrieved from /home/ubuntu/customer_churn_youtube_venv/lib/python3.12/site-packages/airflow/example_dags/plugins/event_listener.py
[2025-03-27T16:13:18.163+0000] {processor.py:208} INFO - Processing /home/ubuntu/customer_churn_youtube_venv/lib/python3.12/site-packages/airflow/example_dags/plugins/event_listener.py took 0.021 seconds
[2025-03-27T16:14:09.277+0000] {processor.py:186} INFO - Started process (PID=3449) to work on /home/ubuntu/customer_churn_youtube_venv/lib/python3.12/site-packages/airflow/example_dags/plugins/event_listener.py
[2025-03-27T16:14:09.279+0000] {processor.py:914} INFO - Processing file /home/ubuntu/customer_churn_youtube_venv/lib/python3.12/site-packages/airflow/example_dags/plugins/event_listener.py for tasks to queue
[2025-03-27T16:14:09.280+0000] {logging_mixin.py:190} INFO - [2025-03-27T16:14:09.280+0000] {dagbag.py:588} INFO - Filling up the DagBag from /home/ubuntu/customer_churn_youtube_venv/lib/python3.12/site-packages/airflow/example_dags/plugins/event_listener.py
[2025-03-27T16:14:09.283+0000] {processor.py:927} WARNING - No viable dags retrieved from /home/ubuntu/customer_churn_youtube_venv/lib/python3.12/site-packages/airflow/example_dags/plugins/event_listener.py
[2025-03-27T16:14:09.294+0000] {processor.py:208} INFO - Processing /home/ubuntu/customer_churn_youtube_venv/lib/python3.12/site-packages/airflow/example_dags/plugins/event_listener.py took 0.023 seconds
[2025-03-27T16:15:01.050+0000] {processor.py:186} INFO - Started process (PID=3508) to work on /home/ubuntu/customer_churn_youtube_venv/lib/python3.12/site-packages/airflow/example_dags/plugins/event_listener.py
[2025-03-27T16:15:01.052+0000] {processor.py:914} INFO - Processing file /home/ubuntu/customer_churn_youtube_venv/lib/python3.12/site-packages/airflow/example_dags/plugins/event_listener.py for tasks to queue
[2025-03-27T16:15:01.053+0000] {logging_mixin.py:190} INFO - [2025-03-27T16:15:01.053+0000] {dagbag.py:588} INFO - Filling up the DagBag from /home/ubuntu/customer_churn_youtube_venv/lib/python3.12/site-packages/airflow/example_dags/plugins/event_listener.py
[2025-03-27T16:15:01.056+0000] {processor.py:927} WARNING - No viable dags retrieved from /home/ubuntu/customer_churn_youtube_venv/lib/python3.12/site-packages/airflow/example_dags/plugins/event_listener.py
[2025-03-27T16:15:01.067+0000] {processor.py:208} INFO - Processing /home/ubuntu/customer_churn_youtube_venv/lib/python3.12/site-packages/airflow/example_dags/plugins/event_listener.py took 0.023 seconds
[2025-03-27T16:16:00.136+0000] {processor.py:186} INFO - Started process (PID=3574) to work on /home/ubuntu/customer_churn_youtube_venv/lib/python3.12/site-packages/airflow/example_dags/plugins/event_listener.py
[2025-03-27T16:16:00.138+0000] {processor.py:914} INFO - Processing file /home/ubuntu/customer_churn_youtube_venv/lib/python3.12/site-packages/airflow/example_dags/plugins/event_listener.py for tasks to queue
[2025-03-27T16:16:00.139+0000] {logging_mixin.py:190} INFO - [2025-03-27T16:16:00.139+0000] {dagbag.py:588} INFO - Filling up the DagBag from /home/ubuntu/customer_churn_youtube_venv/lib/python3.12/site-packages/airflow/example_dags/plugins/event_listener.py
[2025-03-27T16:16:00.142+0000] {processor.py:927} WARNING - No viable dags retrieved from /home/ubuntu/customer_churn_youtube_venv/lib/python3.12/site-packages/airflow/example_dags/plugins/event_listener.py
[2025-03-27T16:16:00.153+0000] {processor.py:208} INFO - Processing /home/ubuntu/customer_churn_youtube_venv/lib/python3.12/site-packages/airflow/example_dags/plugins/event_listener.py took 0.022 seconds
[2025-03-27T16:16:52.136+0000] {processor.py:186} INFO - Started process (PID=3647) to work on /home/ubuntu/customer_churn_youtube_venv/lib/python3.12/site-packages/airflow/example_dags/plugins/event_listener.py
[2025-03-27T16:16:52.138+0000] {processor.py:914} INFO - Processing file /home/ubuntu/customer_churn_youtube_venv/lib/python3.12/site-packages/airflow/example_dags/plugins/event_listener.py for tasks to queue
[2025-03-27T16:16:52.140+0000] {logging_mixin.py:190} INFO - [2025-03-27T16:16:52.139+0000] {dagbag.py:588} INFO - Filling up the DagBag from /home/ubuntu/customer_churn_youtube_venv/lib/python3.12/site-packages/airflow/example_dags/plugins/event_listener.py
[2025-03-27T16:16:52.142+0000] {processor.py:927} WARNING - No viable dags retrieved from /home/ubuntu/customer_churn_youtube_venv/lib/python3.12/site-packages/airflow/example_dags/plugins/event_listener.py
[2025-03-27T16:16:52.152+0000] {processor.py:208} INFO - Processing /home/ubuntu/customer_churn_youtube_venv/lib/python3.12/site-packages/airflow/example_dags/plugins/event_listener.py took 0.021 seconds
[2025-03-27T16:17:43.685+0000] {processor.py:186} INFO - Started process (PID=3714) to work on /home/ubuntu/customer_churn_youtube_venv/lib/python3.12/site-packages/airflow/example_dags/plugins/event_listener.py
[2025-03-27T16:17:43.688+0000] {processor.py:914} INFO - Processing file /home/ubuntu/customer_churn_youtube_venv/lib/python3.12/site-packages/airflow/example_dags/plugins/event_listener.py for tasks to queue
[2025-03-27T16:17:43.690+0000] {logging_mixin.py:190} INFO - [2025-03-27T16:17:43.689+0000] {dagbag.py:588} INFO - Filling up the DagBag from /home/ubuntu/customer_churn_youtube_venv/lib/python3.12/site-packages/airflow/example_dags/plugins/event_listener.py
[2025-03-27T16:17:43.704+0000] {processor.py:927} WARNING - No viable dags retrieved from /home/ubuntu/customer_churn_youtube_venv/lib/python3.12/site-packages/airflow/example_dags/plugins/event_listener.py
[2025-03-27T16:17:43.716+0000] {processor.py:208} INFO - Processing /home/ubuntu/customer_churn_youtube_venv/lib/python3.12/site-packages/airflow/example_dags/plugins/event_listener.py took 0.036 seconds
[2025-03-27T16:18:35.282+0000] {processor.py:186} INFO - Started process (PID=3771) to work on /home/ubuntu/customer_churn_youtube_venv/lib/python3.12/site-packages/airflow/example_dags/plugins/event_listener.py
[2025-03-27T16:18:35.283+0000] {processor.py:914} INFO - Processing file /home/ubuntu/customer_churn_youtube_venv/lib/python3.12/site-packages/airflow/example_dags/plugins/event_listener.py for tasks to queue
[2025-03-27T16:18:35.285+0000] {logging_mixin.py:190} INFO - [2025-03-27T16:18:35.285+0000] {dagbag.py:588} INFO - Filling up the DagBag from /home/ubuntu/customer_churn_youtube_venv/lib/python3.12/site-packages/airflow/example_dags/plugins/event_listener.py
[2025-03-27T16:18:35.287+0000] {processor.py:927} WARNING - No viable dags retrieved from /home/ubuntu/customer_churn_youtube_venv/lib/python3.12/site-packages/airflow/example_dags/plugins/event_listener.py
[2025-03-27T16:18:35.299+0000] {processor.py:208} INFO - Processing /home/ubuntu/customer_churn_youtube_venv/lib/python3.12/site-packages/airflow/example_dags/plugins/event_listener.py took 0.023 seconds
[2025-03-27T16:19:29.205+0000] {processor.py:186} INFO - Started process (PID=3826) to work on /home/ubuntu/customer_churn_youtube_venv/lib/python3.12/site-packages/airflow/example_dags/plugins/event_listener.py
[2025-03-27T16:19:29.206+0000] {processor.py:914} INFO - Processing file /home/ubuntu/customer_churn_youtube_venv/lib/python3.12/site-packages/airflow/example_dags/plugins/event_listener.py for tasks to queue
[2025-03-27T16:19:29.208+0000] {logging_mixin.py:190} INFO - [2025-03-27T16:19:29.208+0000] {dagbag.py:588} INFO - Filling up the DagBag from /home/ubuntu/customer_churn_youtube_venv/lib/python3.12/site-packages/airflow/example_dags/plugins/event_listener.py
[2025-03-27T16:19:29.210+0000] {processor.py:927} WARNING - No viable dags retrieved from /home/ubuntu/customer_churn_youtube_venv/lib/python3.12/site-packages/airflow/example_dags/plugins/event_listener.py
[2025-03-27T16:19:29.221+0000] {processor.py:208} INFO - Processing /home/ubuntu/customer_churn_youtube_venv/lib/python3.12/site-packages/airflow/example_dags/plugins/event_listener.py took 0.021 seconds
[2025-03-27T16:20:20.688+0000] {processor.py:186} INFO - Started process (PID=3884) to work on /home/ubuntu/customer_churn_youtube_venv/lib/python3.12/site-packages/airflow/example_dags/plugins/event_listener.py
[2025-03-27T16:20:20.690+0000] {processor.py:914} INFO - Processing file /home/ubuntu/customer_churn_youtube_venv/lib/python3.12/site-packages/airflow/example_dags/plugins/event_listener.py for tasks to queue
[2025-03-27T16:20:20.692+0000] {logging_mixin.py:190} INFO - [2025-03-27T16:20:20.691+0000] {dagbag.py:588} INFO - Filling up the DagBag from /home/ubuntu/customer_churn_youtube_venv/lib/python3.12/site-packages/airflow/example_dags/plugins/event_listener.py
[2025-03-27T16:20:20.694+0000] {processor.py:927} WARNING - No viable dags retrieved from /home/ubuntu/customer_churn_youtube_venv/lib/python3.12/site-packages/airflow/example_dags/plugins/event_listener.py
[2025-03-27T16:20:20.704+0000] {processor.py:208} INFO - Processing /home/ubuntu/customer_churn_youtube_venv/lib/python3.12/site-packages/airflow/example_dags/plugins/event_listener.py took 0.022 seconds
[2025-03-27T16:21:12.290+0000] {processor.py:186} INFO - Started process (PID=3982) to work on /home/ubuntu/customer_churn_youtube_venv/lib/python3.12/site-packages/airflow/example_dags/plugins/event_listener.py
[2025-03-27T16:21:12.292+0000] {processor.py:914} INFO - Processing file /home/ubuntu/customer_churn_youtube_venv/lib/python3.12/site-packages/airflow/example_dags/plugins/event_listener.py for tasks to queue
[2025-03-27T16:21:12.294+0000] {logging_mixin.py:190} INFO - [2025-03-27T16:21:12.294+0000] {dagbag.py:588} INFO - Filling up the DagBag from /home/ubuntu/customer_churn_youtube_venv/lib/python3.12/site-packages/airflow/example_dags/plugins/event_listener.py
[2025-03-27T16:21:12.296+0000] {processor.py:927} WARNING - No viable dags retrieved from /home/ubuntu/customer_churn_youtube_venv/lib/python3.12/site-packages/airflow/example_dags/plugins/event_listener.py
[2025-03-27T16:21:12.307+0000] {processor.py:208} INFO - Processing /home/ubuntu/customer_churn_youtube_venv/lib/python3.12/site-packages/airflow/example_dags/plugins/event_listener.py took 0.022 seconds
[2025-03-27T16:22:05.838+0000] {processor.py:186} INFO - Started process (PID=4513) to work on /home/ubuntu/customer_churn_youtube_venv/lib/python3.12/site-packages/airflow/example_dags/plugins/event_listener.py
[2025-03-27T16:22:05.840+0000] {processor.py:914} INFO - Processing file /home/ubuntu/customer_churn_youtube_venv/lib/python3.12/site-packages/airflow/example_dags/plugins/event_listener.py for tasks to queue
[2025-03-27T16:22:05.842+0000] {logging_mixin.py:190} INFO - [2025-03-27T16:22:05.842+0000] {dagbag.py:588} INFO - Filling up the DagBag from /home/ubuntu/customer_churn_youtube_venv/lib/python3.12/site-packages/airflow/example_dags/plugins/event_listener.py
[2025-03-27T16:22:05.845+0000] {processor.py:927} WARNING - No viable dags retrieved from /home/ubuntu/customer_churn_youtube_venv/lib/python3.12/site-packages/airflow/example_dags/plugins/event_listener.py
[2025-03-27T16:22:05.856+0000] {processor.py:208} INFO - Processing /home/ubuntu/customer_churn_youtube_venv/lib/python3.12/site-packages/airflow/example_dags/plugins/event_listener.py took 0.023 seconds
[2025-03-27T16:22:58.387+0000] {processor.py:186} INFO - Started process (PID=4567) to work on /home/ubuntu/customer_churn_youtube_venv/lib/python3.12/site-packages/airflow/example_dags/plugins/event_listener.py
[2025-03-27T16:22:58.388+0000] {processor.py:914} INFO - Processing file /home/ubuntu/customer_churn_youtube_venv/lib/python3.12/site-packages/airflow/example_dags/plugins/event_listener.py for tasks to queue
[2025-03-27T16:22:58.390+0000] {logging_mixin.py:190} INFO - [2025-03-27T16:22:58.390+0000] {dagbag.py:588} INFO - Filling up the DagBag from /home/ubuntu/customer_churn_youtube_venv/lib/python3.12/site-packages/airflow/example_dags/plugins/event_listener.py
[2025-03-27T16:22:58.393+0000] {processor.py:927} WARNING - No viable dags retrieved from /home/ubuntu/customer_churn_youtube_venv/lib/python3.12/site-packages/airflow/example_dags/plugins/event_listener.py
[2025-03-27T16:22:58.402+0000] {processor.py:208} INFO - Processing /home/ubuntu/customer_churn_youtube_venv/lib/python3.12/site-packages/airflow/example_dags/plugins/event_listener.py took 0.021 seconds
[2025-03-27T16:23:48.998+0000] {processor.py:186} INFO - Started process (PID=4624) to work on /home/ubuntu/customer_churn_youtube_venv/lib/python3.12/site-packages/airflow/example_dags/plugins/event_listener.py
[2025-03-27T16:23:49.000+0000] {processor.py:914} INFO - Processing file /home/ubuntu/customer_churn_youtube_venv/lib/python3.12/site-packages/airflow/example_dags/plugins/event_listener.py for tasks to queue
[2025-03-27T16:23:49.002+0000] {logging_mixin.py:190} INFO - [2025-03-27T16:23:49.001+0000] {dagbag.py:588} INFO - Filling up the DagBag from /home/ubuntu/customer_churn_youtube_venv/lib/python3.12/site-packages/airflow/example_dags/plugins/event_listener.py
[2025-03-27T16:23:49.004+0000] {processor.py:927} WARNING - No viable dags retrieved from /home/ubuntu/customer_churn_youtube_venv/lib/python3.12/site-packages/airflow/example_dags/plugins/event_listener.py
[2025-03-27T16:23:49.014+0000] {processor.py:208} INFO - Processing /home/ubuntu/customer_churn_youtube_venv/lib/python3.12/site-packages/airflow/example_dags/plugins/event_listener.py took 0.022 seconds
[2025-03-27T16:24:36.939+0000] {processor.py:186} INFO - Started process (PID=4675) to work on /home/ubuntu/customer_churn_youtube_venv/lib/python3.12/site-packages/airflow/example_dags/plugins/event_listener.py
[2025-03-27T16:24:36.941+0000] {processor.py:914} INFO - Processing file /home/ubuntu/customer_churn_youtube_venv/lib/python3.12/site-packages/airflow/example_dags/plugins/event_listener.py for tasks to queue
[2025-03-27T16:24:36.943+0000] {logging_mixin.py:190} INFO - [2025-03-27T16:24:36.943+0000] {dagbag.py:588} INFO - Filling up the DagBag from /home/ubuntu/customer_churn_youtube_venv/lib/python3.12/site-packages/airflow/example_dags/plugins/event_listener.py
[2025-03-27T16:24:36.945+0000] {processor.py:927} WARNING - No viable dags retrieved from /home/ubuntu/customer_churn_youtube_venv/lib/python3.12/site-packages/airflow/example_dags/plugins/event_listener.py
[2025-03-27T16:24:36.956+0000] {processor.py:208} INFO - Processing /home/ubuntu/customer_churn_youtube_venv/lib/python3.12/site-packages/airflow/example_dags/plugins/event_listener.py took 0.022 seconds
[2025-03-27T16:25:26.445+0000] {processor.py:186} INFO - Started process (PID=4733) to work on /home/ubuntu/customer_churn_youtube_venv/lib/python3.12/site-packages/airflow/example_dags/plugins/event_listener.py
[2025-03-27T16:25:26.447+0000] {processor.py:914} INFO - Processing file /home/ubuntu/customer_churn_youtube_venv/lib/python3.12/site-packages/airflow/example_dags/plugins/event_listener.py for tasks to queue
[2025-03-27T16:25:26.448+0000] {logging_mixin.py:190} INFO - [2025-03-27T16:25:26.448+0000] {dagbag.py:588} INFO - Filling up the DagBag from /home/ubuntu/customer_churn_youtube_venv/lib/python3.12/site-packages/airflow/example_dags/plugins/event_listener.py
[2025-03-27T16:25:26.451+0000] {processor.py:927} WARNING - No viable dags retrieved from /home/ubuntu/customer_churn_youtube_venv/lib/python3.12/site-packages/airflow/example_dags/plugins/event_listener.py
[2025-03-27T16:25:26.461+0000] {processor.py:208} INFO - Processing /home/ubuntu/customer_churn_youtube_venv/lib/python3.12/site-packages/airflow/example_dags/plugins/event_listener.py took 0.021 seconds
[2025-03-27T16:26:19.086+0000] {processor.py:186} INFO - Started process (PID=4793) to work on /home/ubuntu/customer_churn_youtube_venv/lib/python3.12/site-packages/airflow/example_dags/plugins/event_listener.py
[2025-03-27T16:26:19.087+0000] {processor.py:914} INFO - Processing file /home/ubuntu/customer_churn_youtube_venv/lib/python3.12/site-packages/airflow/example_dags/plugins/event_listener.py for tasks to queue
[2025-03-27T16:26:19.089+0000] {logging_mixin.py:190} INFO - [2025-03-27T16:26:19.089+0000] {dagbag.py:588} INFO - Filling up the DagBag from /home/ubuntu/customer_churn_youtube_venv/lib/python3.12/site-packages/airflow/example_dags/plugins/event_listener.py
[2025-03-27T16:26:19.091+0000] {processor.py:927} WARNING - No viable dags retrieved from /home/ubuntu/customer_churn_youtube_venv/lib/python3.12/site-packages/airflow/example_dags/plugins/event_listener.py
[2025-03-27T16:26:19.102+0000] {processor.py:208} INFO - Processing /home/ubuntu/customer_churn_youtube_venv/lib/python3.12/site-packages/airflow/example_dags/plugins/event_listener.py took 0.021 seconds
[2025-03-27T16:27:13.326+0000] {processor.py:186} INFO - Started process (PID=4852) to work on /home/ubuntu/customer_churn_youtube_venv/lib/python3.12/site-packages/airflow/example_dags/plugins/event_listener.py
[2025-03-27T16:27:13.328+0000] {processor.py:914} INFO - Processing file /home/ubuntu/customer_churn_youtube_venv/lib/python3.12/site-packages/airflow/example_dags/plugins/event_listener.py for tasks to queue
[2025-03-27T16:27:13.329+0000] {logging_mixin.py:190} INFO - [2025-03-27T16:27:13.329+0000] {dagbag.py:588} INFO - Filling up the DagBag from /home/ubuntu/customer_churn_youtube_venv/lib/python3.12/site-packages/airflow/example_dags/plugins/event_listener.py
[2025-03-27T16:27:13.332+0000] {processor.py:927} WARNING - No viable dags retrieved from /home/ubuntu/customer_churn_youtube_venv/lib/python3.12/site-packages/airflow/example_dags/plugins/event_listener.py
[2025-03-27T16:27:13.341+0000] {processor.py:208} INFO - Processing /home/ubuntu/customer_churn_youtube_venv/lib/python3.12/site-packages/airflow/example_dags/plugins/event_listener.py took 0.021 seconds
[2025-03-27T16:28:02.833+0000] {processor.py:186} INFO - Started process (PID=4906) to work on /home/ubuntu/customer_churn_youtube_venv/lib/python3.12/site-packages/airflow/example_dags/plugins/event_listener.py
[2025-03-27T16:28:02.834+0000] {processor.py:914} INFO - Processing file /home/ubuntu/customer_churn_youtube_venv/lib/python3.12/site-packages/airflow/example_dags/plugins/event_listener.py for tasks to queue
[2025-03-27T16:28:02.836+0000] {logging_mixin.py:190} INFO - [2025-03-27T16:28:02.836+0000] {dagbag.py:588} INFO - Filling up the DagBag from /home/ubuntu/customer_churn_youtube_venv/lib/python3.12/site-packages/airflow/example_dags/plugins/event_listener.py
[2025-03-27T16:28:02.839+0000] {processor.py:927} WARNING - No viable dags retrieved from /home/ubuntu/customer_churn_youtube_venv/lib/python3.12/site-packages/airflow/example_dags/plugins/event_listener.py
[2025-03-27T16:28:02.849+0000] {processor.py:208} INFO - Processing /home/ubuntu/customer_churn_youtube_venv/lib/python3.12/site-packages/airflow/example_dags/plugins/event_listener.py took 0.021 seconds
[2025-03-27T16:28:53.502+0000] {processor.py:186} INFO - Started process (PID=4963) to work on /home/ubuntu/customer_churn_youtube_venv/lib/python3.12/site-packages/airflow/example_dags/plugins/event_listener.py
[2025-03-27T16:28:53.504+0000] {processor.py:914} INFO - Processing file /home/ubuntu/customer_churn_youtube_venv/lib/python3.12/site-packages/airflow/example_dags/plugins/event_listener.py for tasks to queue
[2025-03-27T16:28:53.505+0000] {logging_mixin.py:190} INFO - [2025-03-27T16:28:53.505+0000] {dagbag.py:588} INFO - Filling up the DagBag from /home/ubuntu/customer_churn_youtube_venv/lib/python3.12/site-packages/airflow/example_dags/plugins/event_listener.py
[2025-03-27T16:28:53.507+0000] {processor.py:927} WARNING - No viable dags retrieved from /home/ubuntu/customer_churn_youtube_venv/lib/python3.12/site-packages/airflow/example_dags/plugins/event_listener.py
[2025-03-27T16:28:53.518+0000] {processor.py:208} INFO - Processing /home/ubuntu/customer_churn_youtube_venv/lib/python3.12/site-packages/airflow/example_dags/plugins/event_listener.py took 0.021 seconds
[2025-03-27T16:29:44.132+0000] {processor.py:186} INFO - Started process (PID=5017) to work on /home/ubuntu/customer_churn_youtube_venv/lib/python3.12/site-packages/airflow/example_dags/plugins/event_listener.py
[2025-03-27T16:29:44.134+0000] {processor.py:914} INFO - Processing file /home/ubuntu/customer_churn_youtube_venv/lib/python3.12/site-packages/airflow/example_dags/plugins/event_listener.py for tasks to queue
[2025-03-27T16:29:44.136+0000] {logging_mixin.py:190} INFO - [2025-03-27T16:29:44.136+0000] {dagbag.py:588} INFO - Filling up the DagBag from /home/ubuntu/customer_churn_youtube_venv/lib/python3.12/site-packages/airflow/example_dags/plugins/event_listener.py
[2025-03-27T16:29:44.138+0000] {processor.py:927} WARNING - No viable dags retrieved from /home/ubuntu/customer_churn_youtube_venv/lib/python3.12/site-packages/airflow/example_dags/plugins/event_listener.py
[2025-03-27T16:29:44.148+0000] {processor.py:208} INFO - Processing /home/ubuntu/customer_churn_youtube_venv/lib/python3.12/site-packages/airflow/example_dags/plugins/event_listener.py took 0.022 seconds
[2025-03-27T16:30:35.980+0000] {processor.py:186} INFO - Started process (PID=5074) to work on /home/ubuntu/customer_churn_youtube_venv/lib/python3.12/site-packages/airflow/example_dags/plugins/event_listener.py
[2025-03-27T16:30:35.982+0000] {processor.py:914} INFO - Processing file /home/ubuntu/customer_churn_youtube_venv/lib/python3.12/site-packages/airflow/example_dags/plugins/event_listener.py for tasks to queue
[2025-03-27T16:30:35.983+0000] {logging_mixin.py:190} INFO - [2025-03-27T16:30:35.983+0000] {dagbag.py:588} INFO - Filling up the DagBag from /home/ubuntu/customer_churn_youtube_venv/lib/python3.12/site-packages/airflow/example_dags/plugins/event_listener.py
[2025-03-27T16:30:35.986+0000] {processor.py:927} WARNING - No viable dags retrieved from /home/ubuntu/customer_churn_youtube_venv/lib/python3.12/site-packages/airflow/example_dags/plugins/event_listener.py
[2025-03-27T16:30:35.996+0000] {processor.py:208} INFO - Processing /home/ubuntu/customer_churn_youtube_venv/lib/python3.12/site-packages/airflow/example_dags/plugins/event_listener.py took 0.022 seconds
[2025-03-27T16:31:31.054+0000] {processor.py:186} INFO - Started process (PID=5134) to work on /home/ubuntu/customer_churn_youtube_venv/lib/python3.12/site-packages/airflow/example_dags/plugins/event_listener.py
[2025-03-27T16:31:31.055+0000] {processor.py:914} INFO - Processing file /home/ubuntu/customer_churn_youtube_venv/lib/python3.12/site-packages/airflow/example_dags/plugins/event_listener.py for tasks to queue
[2025-03-27T16:31:31.057+0000] {logging_mixin.py:190} INFO - [2025-03-27T16:31:31.057+0000] {dagbag.py:588} INFO - Filling up the DagBag from /home/ubuntu/customer_churn_youtube_venv/lib/python3.12/site-packages/airflow/example_dags/plugins/event_listener.py
[2025-03-27T16:31:31.060+0000] {processor.py:927} WARNING - No viable dags retrieved from /home/ubuntu/customer_churn_youtube_venv/lib/python3.12/site-packages/airflow/example_dags/plugins/event_listener.py
[2025-03-27T16:31:31.071+0000] {processor.py:208} INFO - Processing /home/ubuntu/customer_churn_youtube_venv/lib/python3.12/site-packages/airflow/example_dags/plugins/event_listener.py took 0.024 seconds
[2025-03-27T16:32:24.788+0000] {processor.py:186} INFO - Started process (PID=5191) to work on /home/ubuntu/customer_churn_youtube_venv/lib/python3.12/site-packages/airflow/example_dags/plugins/event_listener.py
[2025-03-27T16:32:24.791+0000] {processor.py:914} INFO - Processing file /home/ubuntu/customer_churn_youtube_venv/lib/python3.12/site-packages/airflow/example_dags/plugins/event_listener.py for tasks to queue
[2025-03-27T16:32:24.792+0000] {logging_mixin.py:190} INFO - [2025-03-27T16:32:24.792+0000] {dagbag.py:588} INFO - Filling up the DagBag from /home/ubuntu/customer_churn_youtube_venv/lib/python3.12/site-packages/airflow/example_dags/plugins/event_listener.py
[2025-03-27T16:32:24.795+0000] {processor.py:927} WARNING - No viable dags retrieved from /home/ubuntu/customer_churn_youtube_venv/lib/python3.12/site-packages/airflow/example_dags/plugins/event_listener.py
[2025-03-27T16:32:24.805+0000] {processor.py:208} INFO - Processing /home/ubuntu/customer_churn_youtube_venv/lib/python3.12/site-packages/airflow/example_dags/plugins/event_listener.py took 0.021 seconds
[2025-03-27T16:33:16.946+0000] {processor.py:186} INFO - Started process (PID=5244) to work on /home/ubuntu/customer_churn_youtube_venv/lib/python3.12/site-packages/airflow/example_dags/plugins/event_listener.py
[2025-03-27T16:33:16.948+0000] {processor.py:914} INFO - Processing file /home/ubuntu/customer_churn_youtube_venv/lib/python3.12/site-packages/airflow/example_dags/plugins/event_listener.py for tasks to queue
[2025-03-27T16:33:16.950+0000] {logging_mixin.py:190} INFO - [2025-03-27T16:33:16.950+0000] {dagbag.py:588} INFO - Filling up the DagBag from /home/ubuntu/customer_churn_youtube_venv/lib/python3.12/site-packages/airflow/example_dags/plugins/event_listener.py
[2025-03-27T16:33:16.952+0000] {processor.py:927} WARNING - No viable dags retrieved from /home/ubuntu/customer_churn_youtube_venv/lib/python3.12/site-packages/airflow/example_dags/plugins/event_listener.py
[2025-03-27T16:33:16.963+0000] {processor.py:208} INFO - Processing /home/ubuntu/customer_churn_youtube_venv/lib/python3.12/site-packages/airflow/example_dags/plugins/event_listener.py took 0.023 seconds
[2025-03-27T16:34:07.786+0000] {processor.py:186} INFO - Started process (PID=5298) to work on /home/ubuntu/customer_churn_youtube_venv/lib/python3.12/site-packages/airflow/example_dags/plugins/event_listener.py
[2025-03-27T16:34:07.788+0000] {processor.py:914} INFO - Processing file /home/ubuntu/customer_churn_youtube_venv/lib/python3.12/site-packages/airflow/example_dags/plugins/event_listener.py for tasks to queue
[2025-03-27T16:34:07.790+0000] {logging_mixin.py:190} INFO - [2025-03-27T16:34:07.790+0000] {dagbag.py:588} INFO - Filling up the DagBag from /home/ubuntu/customer_churn_youtube_venv/lib/python3.12/site-packages/airflow/example_dags/plugins/event_listener.py
[2025-03-27T16:34:07.792+0000] {processor.py:927} WARNING - No viable dags retrieved from /home/ubuntu/customer_churn_youtube_venv/lib/python3.12/site-packages/airflow/example_dags/plugins/event_listener.py
[2025-03-27T16:34:07.803+0000] {processor.py:208} INFO - Processing /home/ubuntu/customer_churn_youtube_venv/lib/python3.12/site-packages/airflow/example_dags/plugins/event_listener.py took 0.023 seconds
[2025-03-27T16:35:00.426+0000] {processor.py:186} INFO - Started process (PID=5353) to work on /home/ubuntu/customer_churn_youtube_venv/lib/python3.12/site-packages/airflow/example_dags/plugins/event_listener.py
[2025-03-27T16:35:00.427+0000] {processor.py:914} INFO - Processing file /home/ubuntu/customer_churn_youtube_venv/lib/python3.12/site-packages/airflow/example_dags/plugins/event_listener.py for tasks to queue
[2025-03-27T16:35:00.430+0000] {logging_mixin.py:190} INFO - [2025-03-27T16:35:00.430+0000] {dagbag.py:588} INFO - Filling up the DagBag from /home/ubuntu/customer_churn_youtube_venv/lib/python3.12/site-packages/airflow/example_dags/plugins/event_listener.py
[2025-03-27T16:35:00.432+0000] {processor.py:927} WARNING - No viable dags retrieved from /home/ubuntu/customer_churn_youtube_venv/lib/python3.12/site-packages/airflow/example_dags/plugins/event_listener.py
[2025-03-27T16:35:00.443+0000] {processor.py:208} INFO - Processing /home/ubuntu/customer_churn_youtube_venv/lib/python3.12/site-packages/airflow/example_dags/plugins/event_listener.py took 0.023 seconds
[2025-03-27T16:35:49.794+0000] {processor.py:186} INFO - Started process (PID=5409) to work on /home/ubuntu/customer_churn_youtube_venv/lib/python3.12/site-packages/airflow/example_dags/plugins/event_listener.py
[2025-03-27T16:35:49.797+0000] {processor.py:914} INFO - Processing file /home/ubuntu/customer_churn_youtube_venv/lib/python3.12/site-packages/airflow/example_dags/plugins/event_listener.py for tasks to queue
[2025-03-27T16:35:49.799+0000] {logging_mixin.py:190} INFO - [2025-03-27T16:35:49.799+0000] {dagbag.py:588} INFO - Filling up the DagBag from /home/ubuntu/customer_churn_youtube_venv/lib/python3.12/site-packages/airflow/example_dags/plugins/event_listener.py
[2025-03-27T16:35:49.801+0000] {processor.py:927} WARNING - No viable dags retrieved from /home/ubuntu/customer_churn_youtube_venv/lib/python3.12/site-packages/airflow/example_dags/plugins/event_listener.py
[2025-03-27T16:35:49.812+0000] {processor.py:208} INFO - Processing /home/ubuntu/customer_churn_youtube_venv/lib/python3.12/site-packages/airflow/example_dags/plugins/event_listener.py took 0.023 seconds
[2025-03-27T16:36:43.564+0000] {processor.py:186} INFO - Started process (PID=5463) to work on /home/ubuntu/customer_churn_youtube_venv/lib/python3.12/site-packages/airflow/example_dags/plugins/event_listener.py
[2025-03-27T16:36:43.566+0000] {processor.py:914} INFO - Processing file /home/ubuntu/customer_churn_youtube_venv/lib/python3.12/site-packages/airflow/example_dags/plugins/event_listener.py for tasks to queue
[2025-03-27T16:36:43.568+0000] {logging_mixin.py:190} INFO - [2025-03-27T16:36:43.567+0000] {dagbag.py:588} INFO - Filling up the DagBag from /home/ubuntu/customer_churn_youtube_venv/lib/python3.12/site-packages/airflow/example_dags/plugins/event_listener.py
[2025-03-27T16:36:43.570+0000] {processor.py:927} WARNING - No viable dags retrieved from /home/ubuntu/customer_churn_youtube_venv/lib/python3.12/site-packages/airflow/example_dags/plugins/event_listener.py
[2025-03-27T16:36:43.581+0000] {processor.py:208} INFO - Processing /home/ubuntu/customer_churn_youtube_venv/lib/python3.12/site-packages/airflow/example_dags/plugins/event_listener.py took 0.022 seconds
[2025-03-27T16:37:36.091+0000] {processor.py:186} INFO - Started process (PID=5521) to work on /home/ubuntu/customer_churn_youtube_venv/lib/python3.12/site-packages/airflow/example_dags/plugins/event_listener.py
[2025-03-27T16:37:36.093+0000] {processor.py:914} INFO - Processing file /home/ubuntu/customer_churn_youtube_venv/lib/python3.12/site-packages/airflow/example_dags/plugins/event_listener.py for tasks to queue
[2025-03-27T16:37:36.095+0000] {logging_mixin.py:190} INFO - [2025-03-27T16:37:36.095+0000] {dagbag.py:588} INFO - Filling up the DagBag from /home/ubuntu/customer_churn_youtube_venv/lib/python3.12/site-packages/airflow/example_dags/plugins/event_listener.py
[2025-03-27T16:37:36.097+0000] {processor.py:927} WARNING - No viable dags retrieved from /home/ubuntu/customer_churn_youtube_venv/lib/python3.12/site-packages/airflow/example_dags/plugins/event_listener.py
[2025-03-27T16:37:36.109+0000] {processor.py:208} INFO - Processing /home/ubuntu/customer_churn_youtube_venv/lib/python3.12/site-packages/airflow/example_dags/plugins/event_listener.py took 0.024 seconds
[2025-03-27T16:38:28.723+0000] {processor.py:186} INFO - Started process (PID=5574) to work on /home/ubuntu/customer_churn_youtube_venv/lib/python3.12/site-packages/airflow/example_dags/plugins/event_listener.py
[2025-03-27T16:38:28.725+0000] {processor.py:914} INFO - Processing file /home/ubuntu/customer_churn_youtube_venv/lib/python3.12/site-packages/airflow/example_dags/plugins/event_listener.py for tasks to queue
[2025-03-27T16:38:28.727+0000] {logging_mixin.py:190} INFO - [2025-03-27T16:38:28.726+0000] {dagbag.py:588} INFO - Filling up the DagBag from /home/ubuntu/customer_churn_youtube_venv/lib/python3.12/site-packages/airflow/example_dags/plugins/event_listener.py
[2025-03-27T16:38:28.729+0000] {processor.py:927} WARNING - No viable dags retrieved from /home/ubuntu/customer_churn_youtube_venv/lib/python3.12/site-packages/airflow/example_dags/plugins/event_listener.py
[2025-03-27T16:38:28.740+0000] {processor.py:208} INFO - Processing /home/ubuntu/customer_churn_youtube_venv/lib/python3.12/site-packages/airflow/example_dags/plugins/event_listener.py took 0.023 seconds
[2025-03-27T16:39:18.285+0000] {processor.py:186} INFO - Started process (PID=5631) to work on /home/ubuntu/customer_churn_youtube_venv/lib/python3.12/site-packages/airflow/example_dags/plugins/event_listener.py
[2025-03-27T16:39:18.286+0000] {processor.py:914} INFO - Processing file /home/ubuntu/customer_churn_youtube_venv/lib/python3.12/site-packages/airflow/example_dags/plugins/event_listener.py for tasks to queue
[2025-03-27T16:39:18.288+0000] {logging_mixin.py:190} INFO - [2025-03-27T16:39:18.288+0000] {dagbag.py:588} INFO - Filling up the DagBag from /home/ubuntu/customer_churn_youtube_venv/lib/python3.12/site-packages/airflow/example_dags/plugins/event_listener.py
[2025-03-27T16:39:18.290+0000] {processor.py:927} WARNING - No viable dags retrieved from /home/ubuntu/customer_churn_youtube_venv/lib/python3.12/site-packages/airflow/example_dags/plugins/event_listener.py
[2025-03-27T16:39:18.301+0000] {processor.py:208} INFO - Processing /home/ubuntu/customer_churn_youtube_venv/lib/python3.12/site-packages/airflow/example_dags/plugins/event_listener.py took 0.022 seconds
[2025-03-27T16:40:08.444+0000] {processor.py:186} INFO - Started process (PID=5685) to work on /home/ubuntu/customer_churn_youtube_venv/lib/python3.12/site-packages/airflow/example_dags/plugins/event_listener.py
[2025-03-27T16:40:08.445+0000] {processor.py:914} INFO - Processing file /home/ubuntu/customer_churn_youtube_venv/lib/python3.12/site-packages/airflow/example_dags/plugins/event_listener.py for tasks to queue
[2025-03-27T16:40:08.448+0000] {logging_mixin.py:190} INFO - [2025-03-27T16:40:08.447+0000] {dagbag.py:588} INFO - Filling up the DagBag from /home/ubuntu/customer_churn_youtube_venv/lib/python3.12/site-packages/airflow/example_dags/plugins/event_listener.py
[2025-03-27T16:40:08.450+0000] {processor.py:927} WARNING - No viable dags retrieved from /home/ubuntu/customer_churn_youtube_venv/lib/python3.12/site-packages/airflow/example_dags/plugins/event_listener.py
[2025-03-27T16:40:08.460+0000] {processor.py:208} INFO - Processing /home/ubuntu/customer_churn_youtube_venv/lib/python3.12/site-packages/airflow/example_dags/plugins/event_listener.py took 0.022 seconds
[2025-03-27T16:41:03.015+0000] {processor.py:186} INFO - Started process (PID=5744) to work on /home/ubuntu/customer_churn_youtube_venv/lib/python3.12/site-packages/airflow/example_dags/plugins/event_listener.py
[2025-03-27T16:41:03.016+0000] {processor.py:914} INFO - Processing file /home/ubuntu/customer_churn_youtube_venv/lib/python3.12/site-packages/airflow/example_dags/plugins/event_listener.py for tasks to queue
[2025-03-27T16:41:03.018+0000] {logging_mixin.py:190} INFO - [2025-03-27T16:41:03.018+0000] {dagbag.py:588} INFO - Filling up the DagBag from /home/ubuntu/customer_churn_youtube_venv/lib/python3.12/site-packages/airflow/example_dags/plugins/event_listener.py
[2025-03-27T16:41:03.021+0000] {processor.py:927} WARNING - No viable dags retrieved from /home/ubuntu/customer_churn_youtube_venv/lib/python3.12/site-packages/airflow/example_dags/plugins/event_listener.py
[2025-03-27T16:41:03.031+0000] {processor.py:208} INFO - Processing /home/ubuntu/customer_churn_youtube_venv/lib/python3.12/site-packages/airflow/example_dags/plugins/event_listener.py took 0.022 seconds
[2025-03-27T16:41:59.162+0000] {processor.py:186} INFO - Started process (PID=5839) to work on /home/ubuntu/customer_churn_youtube_venv/lib/python3.12/site-packages/airflow/example_dags/plugins/event_listener.py
[2025-03-27T16:41:59.164+0000] {processor.py:914} INFO - Processing file /home/ubuntu/customer_churn_youtube_venv/lib/python3.12/site-packages/airflow/example_dags/plugins/event_listener.py for tasks to queue
[2025-03-27T16:41:59.167+0000] {logging_mixin.py:190} INFO - [2025-03-27T16:41:59.166+0000] {dagbag.py:588} INFO - Filling up the DagBag from /home/ubuntu/customer_churn_youtube_venv/lib/python3.12/site-packages/airflow/example_dags/plugins/event_listener.py
[2025-03-27T16:41:59.169+0000] {processor.py:927} WARNING - No viable dags retrieved from /home/ubuntu/customer_churn_youtube_venv/lib/python3.12/site-packages/airflow/example_dags/plugins/event_listener.py
[2025-03-27T16:41:59.179+0000] {processor.py:208} INFO - Processing /home/ubuntu/customer_churn_youtube_venv/lib/python3.12/site-packages/airflow/example_dags/plugins/event_listener.py took 0.022 seconds
[2025-03-27T16:42:51.904+0000] {processor.py:186} INFO - Started process (PID=5920) to work on /home/ubuntu/customer_churn_youtube_venv/lib/python3.12/site-packages/airflow/example_dags/plugins/event_listener.py
[2025-03-27T16:42:51.906+0000] {processor.py:914} INFO - Processing file /home/ubuntu/customer_churn_youtube_venv/lib/python3.12/site-packages/airflow/example_dags/plugins/event_listener.py for tasks to queue
[2025-03-27T16:42:51.908+0000] {logging_mixin.py:190} INFO - [2025-03-27T16:42:51.907+0000] {dagbag.py:588} INFO - Filling up the DagBag from /home/ubuntu/customer_churn_youtube_venv/lib/python3.12/site-packages/airflow/example_dags/plugins/event_listener.py
[2025-03-27T16:42:51.910+0000] {processor.py:927} WARNING - No viable dags retrieved from /home/ubuntu/customer_churn_youtube_venv/lib/python3.12/site-packages/airflow/example_dags/plugins/event_listener.py
[2025-03-27T16:42:51.921+0000] {processor.py:208} INFO - Processing /home/ubuntu/customer_churn_youtube_venv/lib/python3.12/site-packages/airflow/example_dags/plugins/event_listener.py took 0.022 seconds
[2025-03-27T16:43:43.588+0000] {processor.py:186} INFO - Started process (PID=6035) to work on /home/ubuntu/customer_churn_youtube_venv/lib/python3.12/site-packages/airflow/example_dags/plugins/event_listener.py
[2025-03-27T16:43:43.590+0000] {processor.py:914} INFO - Processing file /home/ubuntu/customer_churn_youtube_venv/lib/python3.12/site-packages/airflow/example_dags/plugins/event_listener.py for tasks to queue
[2025-03-27T16:43:43.592+0000] {logging_mixin.py:190} INFO - [2025-03-27T16:43:43.591+0000] {dagbag.py:588} INFO - Filling up the DagBag from /home/ubuntu/customer_churn_youtube_venv/lib/python3.12/site-packages/airflow/example_dags/plugins/event_listener.py
[2025-03-27T16:43:43.594+0000] {processor.py:927} WARNING - No viable dags retrieved from /home/ubuntu/customer_churn_youtube_venv/lib/python3.12/site-packages/airflow/example_dags/plugins/event_listener.py
[2025-03-27T16:43:43.605+0000] {processor.py:208} INFO - Processing /home/ubuntu/customer_churn_youtube_venv/lib/python3.12/site-packages/airflow/example_dags/plugins/event_listener.py took 0.022 seconds
[2025-03-27T16:44:34.752+0000] {processor.py:186} INFO - Started process (PID=6451) to work on /home/ubuntu/customer_churn_youtube_venv/lib/python3.12/site-packages/airflow/example_dags/plugins/event_listener.py
[2025-03-27T16:44:34.753+0000] {processor.py:914} INFO - Processing file /home/ubuntu/customer_churn_youtube_venv/lib/python3.12/site-packages/airflow/example_dags/plugins/event_listener.py for tasks to queue
[2025-03-27T16:44:34.755+0000] {logging_mixin.py:190} INFO - [2025-03-27T16:44:34.755+0000] {dagbag.py:588} INFO - Filling up the DagBag from /home/ubuntu/customer_churn_youtube_venv/lib/python3.12/site-packages/airflow/example_dags/plugins/event_listener.py
[2025-03-27T16:44:34.757+0000] {processor.py:927} WARNING - No viable dags retrieved from /home/ubuntu/customer_churn_youtube_venv/lib/python3.12/site-packages/airflow/example_dags/plugins/event_listener.py
[2025-03-27T16:44:34.768+0000] {processor.py:208} INFO - Processing /home/ubuntu/customer_churn_youtube_venv/lib/python3.12/site-packages/airflow/example_dags/plugins/event_listener.py took 0.022 seconds
[2025-03-27T16:45:22.730+0000] {processor.py:186} INFO - Started process (PID=6640) to work on /home/ubuntu/customer_churn_youtube_venv/lib/python3.12/site-packages/airflow/example_dags/plugins/event_listener.py
[2025-03-27T16:45:22.732+0000] {processor.py:914} INFO - Processing file /home/ubuntu/customer_churn_youtube_venv/lib/python3.12/site-packages/airflow/example_dags/plugins/event_listener.py for tasks to queue
[2025-03-27T16:45:22.734+0000] {logging_mixin.py:190} INFO - [2025-03-27T16:45:22.734+0000] {dagbag.py:588} INFO - Filling up the DagBag from /home/ubuntu/customer_churn_youtube_venv/lib/python3.12/site-packages/airflow/example_dags/plugins/event_listener.py
[2025-03-27T16:45:22.737+0000] {processor.py:927} WARNING - No viable dags retrieved from /home/ubuntu/customer_churn_youtube_venv/lib/python3.12/site-packages/airflow/example_dags/plugins/event_listener.py
[2025-03-27T16:45:22.748+0000] {processor.py:208} INFO - Processing /home/ubuntu/customer_churn_youtube_venv/lib/python3.12/site-packages/airflow/example_dags/plugins/event_listener.py took 0.024 seconds
[2025-03-27T16:46:15.298+0000] {processor.py:186} INFO - Started process (PID=6847) to work on /home/ubuntu/customer_churn_youtube_venv/lib/python3.12/site-packages/airflow/example_dags/plugins/event_listener.py
[2025-03-27T16:46:15.300+0000] {processor.py:914} INFO - Processing file /home/ubuntu/customer_churn_youtube_venv/lib/python3.12/site-packages/airflow/example_dags/plugins/event_listener.py for tasks to queue
[2025-03-27T16:46:15.302+0000] {logging_mixin.py:190} INFO - [2025-03-27T16:46:15.302+0000] {dagbag.py:588} INFO - Filling up the DagBag from /home/ubuntu/customer_churn_youtube_venv/lib/python3.12/site-packages/airflow/example_dags/plugins/event_listener.py
[2025-03-27T16:46:15.305+0000] {processor.py:927} WARNING - No viable dags retrieved from /home/ubuntu/customer_churn_youtube_venv/lib/python3.12/site-packages/airflow/example_dags/plugins/event_listener.py
[2025-03-27T16:46:15.315+0000] {processor.py:208} INFO - Processing /home/ubuntu/customer_churn_youtube_venv/lib/python3.12/site-packages/airflow/example_dags/plugins/event_listener.py took 0.027 seconds
[2025-03-27T16:47:07.670+0000] {processor.py:186} INFO - Started process (PID=7368) to work on /home/ubuntu/customer_churn_youtube_venv/lib/python3.12/site-packages/airflow/example_dags/plugins/event_listener.py
[2025-03-27T16:47:07.672+0000] {processor.py:914} INFO - Processing file /home/ubuntu/customer_churn_youtube_venv/lib/python3.12/site-packages/airflow/example_dags/plugins/event_listener.py for tasks to queue
[2025-03-27T16:47:07.673+0000] {logging_mixin.py:190} INFO - [2025-03-27T16:47:07.673+0000] {dagbag.py:588} INFO - Filling up the DagBag from /home/ubuntu/customer_churn_youtube_venv/lib/python3.12/site-packages/airflow/example_dags/plugins/event_listener.py
[2025-03-27T16:47:07.676+0000] {processor.py:927} WARNING - No viable dags retrieved from /home/ubuntu/customer_churn_youtube_venv/lib/python3.12/site-packages/airflow/example_dags/plugins/event_listener.py
[2025-03-27T16:47:07.686+0000] {processor.py:208} INFO - Processing /home/ubuntu/customer_churn_youtube_venv/lib/python3.12/site-packages/airflow/example_dags/plugins/event_listener.py took 0.022 seconds
[2025-03-27T16:47:58.516+0000] {processor.py:186} INFO - Started process (PID=7545) to work on /home/ubuntu/customer_churn_youtube_venv/lib/python3.12/site-packages/airflow/example_dags/plugins/event_listener.py
[2025-03-27T16:47:58.518+0000] {processor.py:914} INFO - Processing file /home/ubuntu/customer_churn_youtube_venv/lib/python3.12/site-packages/airflow/example_dags/plugins/event_listener.py for tasks to queue
[2025-03-27T16:47:58.521+0000] {logging_mixin.py:190} INFO - [2025-03-27T16:47:58.521+0000] {dagbag.py:588} INFO - Filling up the DagBag from /home/ubuntu/customer_churn_youtube_venv/lib/python3.12/site-packages/airflow/example_dags/plugins/event_listener.py
[2025-03-27T16:47:58.524+0000] {processor.py:927} WARNING - No viable dags retrieved from /home/ubuntu/customer_churn_youtube_venv/lib/python3.12/site-packages/airflow/example_dags/plugins/event_listener.py
[2025-03-27T16:47:58.535+0000] {processor.py:208} INFO - Processing /home/ubuntu/customer_churn_youtube_venv/lib/python3.12/site-packages/airflow/example_dags/plugins/event_listener.py took 0.024 seconds
[2025-03-27T16:48:51.806+0000] {processor.py:186} INFO - Started process (PID=7604) to work on /home/ubuntu/customer_churn_youtube_venv/lib/python3.12/site-packages/airflow/example_dags/plugins/event_listener.py
[2025-03-27T16:48:51.809+0000] {processor.py:914} INFO - Processing file /home/ubuntu/customer_churn_youtube_venv/lib/python3.12/site-packages/airflow/example_dags/plugins/event_listener.py for tasks to queue
[2025-03-27T16:48:51.811+0000] {logging_mixin.py:190} INFO - [2025-03-27T16:48:51.810+0000] {dagbag.py:588} INFO - Filling up the DagBag from /home/ubuntu/customer_churn_youtube_venv/lib/python3.12/site-packages/airflow/example_dags/plugins/event_listener.py
[2025-03-27T16:48:51.813+0000] {processor.py:927} WARNING - No viable dags retrieved from /home/ubuntu/customer_churn_youtube_venv/lib/python3.12/site-packages/airflow/example_dags/plugins/event_listener.py
[2025-03-27T16:48:51.824+0000] {processor.py:208} INFO - Processing /home/ubuntu/customer_churn_youtube_venv/lib/python3.12/site-packages/airflow/example_dags/plugins/event_listener.py took 0.023 seconds
[2025-03-27T16:49:42.982+0000] {processor.py:186} INFO - Started process (PID=7656) to work on /home/ubuntu/customer_churn_youtube_venv/lib/python3.12/site-packages/airflow/example_dags/plugins/event_listener.py
[2025-03-27T16:49:42.984+0000] {processor.py:914} INFO - Processing file /home/ubuntu/customer_churn_youtube_venv/lib/python3.12/site-packages/airflow/example_dags/plugins/event_listener.py for tasks to queue
[2025-03-27T16:49:42.986+0000] {logging_mixin.py:190} INFO - [2025-03-27T16:49:42.986+0000] {dagbag.py:588} INFO - Filling up the DagBag from /home/ubuntu/customer_churn_youtube_venv/lib/python3.12/site-packages/airflow/example_dags/plugins/event_listener.py
[2025-03-27T16:49:42.988+0000] {processor.py:927} WARNING - No viable dags retrieved from /home/ubuntu/customer_churn_youtube_venv/lib/python3.12/site-packages/airflow/example_dags/plugins/event_listener.py
[2025-03-27T16:49:42.999+0000] {processor.py:208} INFO - Processing /home/ubuntu/customer_churn_youtube_venv/lib/python3.12/site-packages/airflow/example_dags/plugins/event_listener.py took 0.023 seconds
[2025-03-27T16:50:35.505+0000] {processor.py:186} INFO - Started process (PID=7713) to work on /home/ubuntu/customer_churn_youtube_venv/lib/python3.12/site-packages/airflow/example_dags/plugins/event_listener.py
[2025-03-27T16:50:35.507+0000] {processor.py:914} INFO - Processing file /home/ubuntu/customer_churn_youtube_venv/lib/python3.12/site-packages/airflow/example_dags/plugins/event_listener.py for tasks to queue
[2025-03-27T16:50:35.509+0000] {logging_mixin.py:190} INFO - [2025-03-27T16:50:35.509+0000] {dagbag.py:588} INFO - Filling up the DagBag from /home/ubuntu/customer_churn_youtube_venv/lib/python3.12/site-packages/airflow/example_dags/plugins/event_listener.py
[2025-03-27T16:50:35.511+0000] {processor.py:927} WARNING - No viable dags retrieved from /home/ubuntu/customer_churn_youtube_venv/lib/python3.12/site-packages/airflow/example_dags/plugins/event_listener.py
[2025-03-27T16:50:35.521+0000] {processor.py:208} INFO - Processing /home/ubuntu/customer_churn_youtube_venv/lib/python3.12/site-packages/airflow/example_dags/plugins/event_listener.py took 0.021 seconds
[2025-03-27T16:51:28.232+0000] {processor.py:186} INFO - Started process (PID=7766) to work on /home/ubuntu/customer_churn_youtube_venv/lib/python3.12/site-packages/airflow/example_dags/plugins/event_listener.py
[2025-03-27T16:51:28.234+0000] {processor.py:914} INFO - Processing file /home/ubuntu/customer_churn_youtube_venv/lib/python3.12/site-packages/airflow/example_dags/plugins/event_listener.py for tasks to queue
[2025-03-27T16:51:28.236+0000] {logging_mixin.py:190} INFO - [2025-03-27T16:51:28.236+0000] {dagbag.py:588} INFO - Filling up the DagBag from /home/ubuntu/customer_churn_youtube_venv/lib/python3.12/site-packages/airflow/example_dags/plugins/event_listener.py
[2025-03-27T16:51:28.239+0000] {processor.py:927} WARNING - No viable dags retrieved from /home/ubuntu/customer_churn_youtube_venv/lib/python3.12/site-packages/airflow/example_dags/plugins/event_listener.py
[2025-03-27T16:51:28.249+0000] {processor.py:208} INFO - Processing /home/ubuntu/customer_churn_youtube_venv/lib/python3.12/site-packages/airflow/example_dags/plugins/event_listener.py took 0.022 seconds
[2025-03-27T16:52:18.501+0000] {processor.py:186} INFO - Started process (PID=7820) to work on /home/ubuntu/customer_churn_youtube_venv/lib/python3.12/site-packages/airflow/example_dags/plugins/event_listener.py
[2025-03-27T16:52:18.503+0000] {processor.py:914} INFO - Processing file /home/ubuntu/customer_churn_youtube_venv/lib/python3.12/site-packages/airflow/example_dags/plugins/event_listener.py for tasks to queue
[2025-03-27T16:52:18.505+0000] {logging_mixin.py:190} INFO - [2025-03-27T16:52:18.505+0000] {dagbag.py:588} INFO - Filling up the DagBag from /home/ubuntu/customer_churn_youtube_venv/lib/python3.12/site-packages/airflow/example_dags/plugins/event_listener.py
[2025-03-27T16:52:18.507+0000] {processor.py:927} WARNING - No viable dags retrieved from /home/ubuntu/customer_churn_youtube_venv/lib/python3.12/site-packages/airflow/example_dags/plugins/event_listener.py
[2025-03-27T16:52:18.518+0000] {processor.py:208} INFO - Processing /home/ubuntu/customer_churn_youtube_venv/lib/python3.12/site-packages/airflow/example_dags/plugins/event_listener.py took 0.023 seconds
[2025-03-27T16:53:08.885+0000] {processor.py:186} INFO - Started process (PID=7874) to work on /home/ubuntu/customer_churn_youtube_venv/lib/python3.12/site-packages/airflow/example_dags/plugins/event_listener.py
[2025-03-27T16:53:08.887+0000] {processor.py:914} INFO - Processing file /home/ubuntu/customer_churn_youtube_venv/lib/python3.12/site-packages/airflow/example_dags/plugins/event_listener.py for tasks to queue
[2025-03-27T16:53:08.889+0000] {logging_mixin.py:190} INFO - [2025-03-27T16:53:08.888+0000] {dagbag.py:588} INFO - Filling up the DagBag from /home/ubuntu/customer_churn_youtube_venv/lib/python3.12/site-packages/airflow/example_dags/plugins/event_listener.py
[2025-03-27T16:53:08.891+0000] {processor.py:927} WARNING - No viable dags retrieved from /home/ubuntu/customer_churn_youtube_venv/lib/python3.12/site-packages/airflow/example_dags/plugins/event_listener.py
[2025-03-27T16:53:08.903+0000] {processor.py:208} INFO - Processing /home/ubuntu/customer_churn_youtube_venv/lib/python3.12/site-packages/airflow/example_dags/plugins/event_listener.py took 0.023 seconds
[2025-03-27T16:53:59.132+0000] {processor.py:186} INFO - Started process (PID=7928) to work on /home/ubuntu/customer_churn_youtube_venv/lib/python3.12/site-packages/airflow/example_dags/plugins/event_listener.py
[2025-03-27T16:53:59.133+0000] {processor.py:914} INFO - Processing file /home/ubuntu/customer_churn_youtube_venv/lib/python3.12/site-packages/airflow/example_dags/plugins/event_listener.py for tasks to queue
[2025-03-27T16:53:59.135+0000] {logging_mixin.py:190} INFO - [2025-03-27T16:53:59.135+0000] {dagbag.py:588} INFO - Filling up the DagBag from /home/ubuntu/customer_churn_youtube_venv/lib/python3.12/site-packages/airflow/example_dags/plugins/event_listener.py
[2025-03-27T16:53:59.137+0000] {processor.py:927} WARNING - No viable dags retrieved from /home/ubuntu/customer_churn_youtube_venv/lib/python3.12/site-packages/airflow/example_dags/plugins/event_listener.py
[2025-03-27T16:53:59.149+0000] {processor.py:208} INFO - Processing /home/ubuntu/customer_churn_youtube_venv/lib/python3.12/site-packages/airflow/example_dags/plugins/event_listener.py took 0.022 seconds
[2025-03-27T16:54:49.782+0000] {processor.py:186} INFO - Started process (PID=7981) to work on /home/ubuntu/customer_churn_youtube_venv/lib/python3.12/site-packages/airflow/example_dags/plugins/event_listener.py
[2025-03-27T16:54:49.784+0000] {processor.py:914} INFO - Processing file /home/ubuntu/customer_churn_youtube_venv/lib/python3.12/site-packages/airflow/example_dags/plugins/event_listener.py for tasks to queue
[2025-03-27T16:54:49.786+0000] {logging_mixin.py:190} INFO - [2025-03-27T16:54:49.786+0000] {dagbag.py:588} INFO - Filling up the DagBag from /home/ubuntu/customer_churn_youtube_venv/lib/python3.12/site-packages/airflow/example_dags/plugins/event_listener.py
[2025-03-27T16:54:49.788+0000] {processor.py:927} WARNING - No viable dags retrieved from /home/ubuntu/customer_churn_youtube_venv/lib/python3.12/site-packages/airflow/example_dags/plugins/event_listener.py
[2025-03-27T16:54:49.799+0000] {processor.py:208} INFO - Processing /home/ubuntu/customer_churn_youtube_venv/lib/python3.12/site-packages/airflow/example_dags/plugins/event_listener.py took 0.022 seconds
[2025-03-27T16:55:40.784+0000] {processor.py:186} INFO - Started process (PID=8059) to work on /home/ubuntu/customer_churn_youtube_venv/lib/python3.12/site-packages/airflow/example_dags/plugins/event_listener.py
[2025-03-27T16:55:40.789+0000] {processor.py:914} INFO - Processing file /home/ubuntu/customer_churn_youtube_venv/lib/python3.12/site-packages/airflow/example_dags/plugins/event_listener.py for tasks to queue
[2025-03-27T16:55:40.792+0000] {logging_mixin.py:190} INFO - [2025-03-27T16:55:40.792+0000] {dagbag.py:588} INFO - Filling up the DagBag from /home/ubuntu/customer_churn_youtube_venv/lib/python3.12/site-packages/airflow/example_dags/plugins/event_listener.py
[2025-03-27T16:55:40.795+0000] {processor.py:927} WARNING - No viable dags retrieved from /home/ubuntu/customer_churn_youtube_venv/lib/python3.12/site-packages/airflow/example_dags/plugins/event_listener.py
[2025-03-27T16:55:40.807+0000] {processor.py:208} INFO - Processing /home/ubuntu/customer_churn_youtube_venv/lib/python3.12/site-packages/airflow/example_dags/plugins/event_listener.py took 0.029 seconds
[2025-03-27T16:56:39.579+0000] {processor.py:186} INFO - Started process (PID=8115) to work on /home/ubuntu/customer_churn_youtube_venv/lib/python3.12/site-packages/airflow/example_dags/plugins/event_listener.py
[2025-03-27T16:56:39.581+0000] {processor.py:914} INFO - Processing file /home/ubuntu/customer_churn_youtube_venv/lib/python3.12/site-packages/airflow/example_dags/plugins/event_listener.py for tasks to queue
[2025-03-27T16:56:39.583+0000] {logging_mixin.py:190} INFO - [2025-03-27T16:56:39.583+0000] {dagbag.py:588} INFO - Filling up the DagBag from /home/ubuntu/customer_churn_youtube_venv/lib/python3.12/site-packages/airflow/example_dags/plugins/event_listener.py
[2025-03-27T16:56:39.586+0000] {processor.py:927} WARNING - No viable dags retrieved from /home/ubuntu/customer_churn_youtube_venv/lib/python3.12/site-packages/airflow/example_dags/plugins/event_listener.py
[2025-03-27T16:56:39.596+0000] {processor.py:208} INFO - Processing /home/ubuntu/customer_churn_youtube_venv/lib/python3.12/site-packages/airflow/example_dags/plugins/event_listener.py took 0.023 seconds
[2025-03-27T16:57:37.655+0000] {processor.py:186} INFO - Started process (PID=8172) to work on /home/ubuntu/customer_churn_youtube_venv/lib/python3.12/site-packages/airflow/example_dags/plugins/event_listener.py
[2025-03-27T16:57:37.657+0000] {processor.py:914} INFO - Processing file /home/ubuntu/customer_churn_youtube_venv/lib/python3.12/site-packages/airflow/example_dags/plugins/event_listener.py for tasks to queue
[2025-03-27T16:57:37.659+0000] {logging_mixin.py:190} INFO - [2025-03-27T16:57:37.659+0000] {dagbag.py:588} INFO - Filling up the DagBag from /home/ubuntu/customer_churn_youtube_venv/lib/python3.12/site-packages/airflow/example_dags/plugins/event_listener.py
[2025-03-27T16:57:37.662+0000] {processor.py:927} WARNING - No viable dags retrieved from /home/ubuntu/customer_churn_youtube_venv/lib/python3.12/site-packages/airflow/example_dags/plugins/event_listener.py
[2025-03-27T16:57:37.672+0000] {processor.py:208} INFO - Processing /home/ubuntu/customer_churn_youtube_venv/lib/python3.12/site-packages/airflow/example_dags/plugins/event_listener.py took 0.022 seconds
[2025-03-27T16:58:35.333+0000] {processor.py:186} INFO - Started process (PID=8229) to work on /home/ubuntu/customer_churn_youtube_venv/lib/python3.12/site-packages/airflow/example_dags/plugins/event_listener.py
[2025-03-27T16:58:35.334+0000] {processor.py:914} INFO - Processing file /home/ubuntu/customer_churn_youtube_venv/lib/python3.12/site-packages/airflow/example_dags/plugins/event_listener.py for tasks to queue
[2025-03-27T16:58:35.336+0000] {logging_mixin.py:190} INFO - [2025-03-27T16:58:35.336+0000] {dagbag.py:588} INFO - Filling up the DagBag from /home/ubuntu/customer_churn_youtube_venv/lib/python3.12/site-packages/airflow/example_dags/plugins/event_listener.py
[2025-03-27T16:58:35.338+0000] {processor.py:927} WARNING - No viable dags retrieved from /home/ubuntu/customer_churn_youtube_venv/lib/python3.12/site-packages/airflow/example_dags/plugins/event_listener.py
[2025-03-27T16:58:35.348+0000] {processor.py:208} INFO - Processing /home/ubuntu/customer_churn_youtube_venv/lib/python3.12/site-packages/airflow/example_dags/plugins/event_listener.py took 0.021 seconds
[2025-03-27T16:59:34.670+0000] {processor.py:186} INFO - Started process (PID=8311) to work on /home/ubuntu/customer_churn_youtube_venv/lib/python3.12/site-packages/airflow/example_dags/plugins/event_listener.py
[2025-03-27T16:59:34.671+0000] {processor.py:914} INFO - Processing file /home/ubuntu/customer_churn_youtube_venv/lib/python3.12/site-packages/airflow/example_dags/plugins/event_listener.py for tasks to queue
[2025-03-27T16:59:34.673+0000] {logging_mixin.py:190} INFO - [2025-03-27T16:59:34.673+0000] {dagbag.py:588} INFO - Filling up the DagBag from /home/ubuntu/customer_churn_youtube_venv/lib/python3.12/site-packages/airflow/example_dags/plugins/event_listener.py
[2025-03-27T16:59:34.676+0000] {processor.py:927} WARNING - No viable dags retrieved from /home/ubuntu/customer_churn_youtube_venv/lib/python3.12/site-packages/airflow/example_dags/plugins/event_listener.py
[2025-03-27T16:59:34.686+0000] {processor.py:208} INFO - Processing /home/ubuntu/customer_churn_youtube_venv/lib/python3.12/site-packages/airflow/example_dags/plugins/event_listener.py took 0.022 seconds
[2025-03-27T17:00:31.063+0000] {processor.py:186} INFO - Started process (PID=8374) to work on /home/ubuntu/customer_churn_youtube_venv/lib/python3.12/site-packages/airflow/example_dags/plugins/event_listener.py
[2025-03-27T17:00:31.065+0000] {processor.py:914} INFO - Processing file /home/ubuntu/customer_churn_youtube_venv/lib/python3.12/site-packages/airflow/example_dags/plugins/event_listener.py for tasks to queue
[2025-03-27T17:00:31.067+0000] {logging_mixin.py:190} INFO - [2025-03-27T17:00:31.066+0000] {dagbag.py:588} INFO - Filling up the DagBag from /home/ubuntu/customer_churn_youtube_venv/lib/python3.12/site-packages/airflow/example_dags/plugins/event_listener.py
[2025-03-27T17:00:31.070+0000] {processor.py:927} WARNING - No viable dags retrieved from /home/ubuntu/customer_churn_youtube_venv/lib/python3.12/site-packages/airflow/example_dags/plugins/event_listener.py
[2025-03-27T17:00:31.080+0000] {processor.py:208} INFO - Processing /home/ubuntu/customer_churn_youtube_venv/lib/python3.12/site-packages/airflow/example_dags/plugins/event_listener.py took 0.023 seconds
[2025-03-27T17:01:22.349+0000] {processor.py:186} INFO - Started process (PID=8427) to work on /home/ubuntu/customer_churn_youtube_venv/lib/python3.12/site-packages/airflow/example_dags/plugins/event_listener.py
[2025-03-27T17:01:22.351+0000] {processor.py:914} INFO - Processing file /home/ubuntu/customer_churn_youtube_venv/lib/python3.12/site-packages/airflow/example_dags/plugins/event_listener.py for tasks to queue
[2025-03-27T17:01:22.353+0000] {logging_mixin.py:190} INFO - [2025-03-27T17:01:22.353+0000] {dagbag.py:588} INFO - Filling up the DagBag from /home/ubuntu/customer_churn_youtube_venv/lib/python3.12/site-packages/airflow/example_dags/plugins/event_listener.py
[2025-03-27T17:01:22.356+0000] {processor.py:927} WARNING - No viable dags retrieved from /home/ubuntu/customer_churn_youtube_venv/lib/python3.12/site-packages/airflow/example_dags/plugins/event_listener.py
[2025-03-27T17:01:22.366+0000] {processor.py:208} INFO - Processing /home/ubuntu/customer_churn_youtube_venv/lib/python3.12/site-packages/airflow/example_dags/plugins/event_listener.py took 0.023 seconds
[2025-03-27T17:02:14.550+0000] {processor.py:186} INFO - Started process (PID=8483) to work on /home/ubuntu/customer_churn_youtube_venv/lib/python3.12/site-packages/airflow/example_dags/plugins/event_listener.py
[2025-03-27T17:02:14.552+0000] {processor.py:914} INFO - Processing file /home/ubuntu/customer_churn_youtube_venv/lib/python3.12/site-packages/airflow/example_dags/plugins/event_listener.py for tasks to queue
[2025-03-27T17:02:14.554+0000] {logging_mixin.py:190} INFO - [2025-03-27T17:02:14.554+0000] {dagbag.py:588} INFO - Filling up the DagBag from /home/ubuntu/customer_churn_youtube_venv/lib/python3.12/site-packages/airflow/example_dags/plugins/event_listener.py
[2025-03-27T17:02:14.556+0000] {processor.py:927} WARNING - No viable dags retrieved from /home/ubuntu/customer_churn_youtube_venv/lib/python3.12/site-packages/airflow/example_dags/plugins/event_listener.py
[2025-03-27T17:02:14.567+0000] {processor.py:208} INFO - Processing /home/ubuntu/customer_churn_youtube_venv/lib/python3.12/site-packages/airflow/example_dags/plugins/event_listener.py took 0.021 seconds
[2025-03-27T17:03:04.825+0000] {processor.py:186} INFO - Started process (PID=8538) to work on /home/ubuntu/customer_churn_youtube_venv/lib/python3.12/site-packages/airflow/example_dags/plugins/event_listener.py
[2025-03-27T17:03:04.827+0000] {processor.py:914} INFO - Processing file /home/ubuntu/customer_churn_youtube_venv/lib/python3.12/site-packages/airflow/example_dags/plugins/event_listener.py for tasks to queue
[2025-03-27T17:03:04.829+0000] {logging_mixin.py:190} INFO - [2025-03-27T17:03:04.828+0000] {dagbag.py:588} INFO - Filling up the DagBag from /home/ubuntu/customer_churn_youtube_venv/lib/python3.12/site-packages/airflow/example_dags/plugins/event_listener.py
[2025-03-27T17:03:04.832+0000] {processor.py:927} WARNING - No viable dags retrieved from /home/ubuntu/customer_churn_youtube_venv/lib/python3.12/site-packages/airflow/example_dags/plugins/event_listener.py
[2025-03-27T17:03:04.842+0000] {processor.py:208} INFO - Processing /home/ubuntu/customer_churn_youtube_venv/lib/python3.12/site-packages/airflow/example_dags/plugins/event_listener.py took 0.023 seconds
[2025-03-27T17:03:59.171+0000] {processor.py:186} INFO - Started process (PID=8601) to work on /home/ubuntu/customer_churn_youtube_venv/lib/python3.12/site-packages/airflow/example_dags/plugins/event_listener.py
[2025-03-27T17:03:59.173+0000] {processor.py:914} INFO - Processing file /home/ubuntu/customer_churn_youtube_venv/lib/python3.12/site-packages/airflow/example_dags/plugins/event_listener.py for tasks to queue
[2025-03-27T17:03:59.175+0000] {logging_mixin.py:190} INFO - [2025-03-27T17:03:59.175+0000] {dagbag.py:588} INFO - Filling up the DagBag from /home/ubuntu/customer_churn_youtube_venv/lib/python3.12/site-packages/airflow/example_dags/plugins/event_listener.py
[2025-03-27T17:03:59.178+0000] {processor.py:927} WARNING - No viable dags retrieved from /home/ubuntu/customer_churn_youtube_venv/lib/python3.12/site-packages/airflow/example_dags/plugins/event_listener.py
[2025-03-27T17:03:59.188+0000] {processor.py:208} INFO - Processing /home/ubuntu/customer_churn_youtube_venv/lib/python3.12/site-packages/airflow/example_dags/plugins/event_listener.py took 0.023 seconds
[2025-03-27T17:04:50.486+0000] {processor.py:186} INFO - Started process (PID=8660) to work on /home/ubuntu/customer_churn_youtube_venv/lib/python3.12/site-packages/airflow/example_dags/plugins/event_listener.py
[2025-03-27T17:04:50.488+0000] {processor.py:914} INFO - Processing file /home/ubuntu/customer_churn_youtube_venv/lib/python3.12/site-packages/airflow/example_dags/plugins/event_listener.py for tasks to queue
[2025-03-27T17:04:50.490+0000] {logging_mixin.py:190} INFO - [2025-03-27T17:04:50.490+0000] {dagbag.py:588} INFO - Filling up the DagBag from /home/ubuntu/customer_churn_youtube_venv/lib/python3.12/site-packages/airflow/example_dags/plugins/event_listener.py
[2025-03-27T17:04:50.494+0000] {processor.py:927} WARNING - No viable dags retrieved from /home/ubuntu/customer_churn_youtube_venv/lib/python3.12/site-packages/airflow/example_dags/plugins/event_listener.py
[2025-03-27T17:04:50.504+0000] {processor.py:208} INFO - Processing /home/ubuntu/customer_churn_youtube_venv/lib/python3.12/site-packages/airflow/example_dags/plugins/event_listener.py took 0.024 seconds
[2025-03-27T17:05:42.232+0000] {processor.py:186} INFO - Started process (PID=8730) to work on /home/ubuntu/customer_churn_youtube_venv/lib/python3.12/site-packages/airflow/example_dags/plugins/event_listener.py
[2025-03-27T17:05:42.235+0000] {processor.py:914} INFO - Processing file /home/ubuntu/customer_churn_youtube_venv/lib/python3.12/site-packages/airflow/example_dags/plugins/event_listener.py for tasks to queue
[2025-03-27T17:05:42.237+0000] {logging_mixin.py:190} INFO - [2025-03-27T17:05:42.236+0000] {dagbag.py:588} INFO - Filling up the DagBag from /home/ubuntu/customer_churn_youtube_venv/lib/python3.12/site-packages/airflow/example_dags/plugins/event_listener.py
[2025-03-27T17:05:42.239+0000] {processor.py:927} WARNING - No viable dags retrieved from /home/ubuntu/customer_churn_youtube_venv/lib/python3.12/site-packages/airflow/example_dags/plugins/event_listener.py
[2025-03-27T17:05:42.250+0000] {processor.py:208} INFO - Processing /home/ubuntu/customer_churn_youtube_venv/lib/python3.12/site-packages/airflow/example_dags/plugins/event_listener.py took 0.023 seconds
[2025-03-27T17:06:36.696+0000] {processor.py:186} INFO - Started process (PID=8785) to work on /home/ubuntu/customer_churn_youtube_venv/lib/python3.12/site-packages/airflow/example_dags/plugins/event_listener.py
[2025-03-27T17:06:36.697+0000] {processor.py:914} INFO - Processing file /home/ubuntu/customer_churn_youtube_venv/lib/python3.12/site-packages/airflow/example_dags/plugins/event_listener.py for tasks to queue
[2025-03-27T17:06:36.699+0000] {logging_mixin.py:190} INFO - [2025-03-27T17:06:36.699+0000] {dagbag.py:588} INFO - Filling up the DagBag from /home/ubuntu/customer_churn_youtube_venv/lib/python3.12/site-packages/airflow/example_dags/plugins/event_listener.py
[2025-03-27T17:06:36.701+0000] {processor.py:927} WARNING - No viable dags retrieved from /home/ubuntu/customer_churn_youtube_venv/lib/python3.12/site-packages/airflow/example_dags/plugins/event_listener.py
[2025-03-27T17:06:36.711+0000] {processor.py:208} INFO - Processing /home/ubuntu/customer_churn_youtube_venv/lib/python3.12/site-packages/airflow/example_dags/plugins/event_listener.py took 0.022 seconds
[2025-03-27T17:07:28.397+0000] {processor.py:186} INFO - Started process (PID=8848) to work on /home/ubuntu/customer_churn_youtube_venv/lib/python3.12/site-packages/airflow/example_dags/plugins/event_listener.py
[2025-03-27T17:07:28.399+0000] {processor.py:914} INFO - Processing file /home/ubuntu/customer_churn_youtube_venv/lib/python3.12/site-packages/airflow/example_dags/plugins/event_listener.py for tasks to queue
[2025-03-27T17:07:28.401+0000] {logging_mixin.py:190} INFO - [2025-03-27T17:07:28.400+0000] {dagbag.py:588} INFO - Filling up the DagBag from /home/ubuntu/customer_churn_youtube_venv/lib/python3.12/site-packages/airflow/example_dags/plugins/event_listener.py
[2025-03-27T17:07:28.403+0000] {processor.py:927} WARNING - No viable dags retrieved from /home/ubuntu/customer_churn_youtube_venv/lib/python3.12/site-packages/airflow/example_dags/plugins/event_listener.py
[2025-03-27T17:07:28.414+0000] {processor.py:208} INFO - Processing /home/ubuntu/customer_churn_youtube_venv/lib/python3.12/site-packages/airflow/example_dags/plugins/event_listener.py took 0.022 seconds
[2025-03-27T17:08:21.317+0000] {processor.py:186} INFO - Started process (PID=8907) to work on /home/ubuntu/customer_churn_youtube_venv/lib/python3.12/site-packages/airflow/example_dags/plugins/event_listener.py
[2025-03-27T17:08:21.319+0000] {processor.py:914} INFO - Processing file /home/ubuntu/customer_churn_youtube_venv/lib/python3.12/site-packages/airflow/example_dags/plugins/event_listener.py for tasks to queue
[2025-03-27T17:08:21.321+0000] {logging_mixin.py:190} INFO - [2025-03-27T17:08:21.321+0000] {dagbag.py:588} INFO - Filling up the DagBag from /home/ubuntu/customer_churn_youtube_venv/lib/python3.12/site-packages/airflow/example_dags/plugins/event_listener.py
[2025-03-27T17:08:21.323+0000] {processor.py:927} WARNING - No viable dags retrieved from /home/ubuntu/customer_churn_youtube_venv/lib/python3.12/site-packages/airflow/example_dags/plugins/event_listener.py
[2025-03-27T17:08:21.334+0000] {processor.py:208} INFO - Processing /home/ubuntu/customer_churn_youtube_venv/lib/python3.12/site-packages/airflow/example_dags/plugins/event_listener.py took 0.023 seconds
[2025-03-27T17:09:12.971+0000] {processor.py:186} INFO - Started process (PID=8965) to work on /home/ubuntu/customer_churn_youtube_venv/lib/python3.12/site-packages/airflow/example_dags/plugins/event_listener.py
[2025-03-27T17:09:12.972+0000] {processor.py:914} INFO - Processing file /home/ubuntu/customer_churn_youtube_venv/lib/python3.12/site-packages/airflow/example_dags/plugins/event_listener.py for tasks to queue
[2025-03-27T17:09:12.974+0000] {logging_mixin.py:190} INFO - [2025-03-27T17:09:12.974+0000] {dagbag.py:588} INFO - Filling up the DagBag from /home/ubuntu/customer_churn_youtube_venv/lib/python3.12/site-packages/airflow/example_dags/plugins/event_listener.py
[2025-03-27T17:09:12.977+0000] {processor.py:927} WARNING - No viable dags retrieved from /home/ubuntu/customer_churn_youtube_venv/lib/python3.12/site-packages/airflow/example_dags/plugins/event_listener.py
[2025-03-27T17:09:12.988+0000] {processor.py:208} INFO - Processing /home/ubuntu/customer_churn_youtube_venv/lib/python3.12/site-packages/airflow/example_dags/plugins/event_listener.py took 0.023 seconds
[2025-03-27T17:10:07.981+0000] {processor.py:186} INFO - Started process (PID=9024) to work on /home/ubuntu/customer_churn_youtube_venv/lib/python3.12/site-packages/airflow/example_dags/plugins/event_listener.py
[2025-03-27T17:10:07.983+0000] {processor.py:914} INFO - Processing file /home/ubuntu/customer_churn_youtube_venv/lib/python3.12/site-packages/airflow/example_dags/plugins/event_listener.py for tasks to queue
[2025-03-27T17:10:07.985+0000] {logging_mixin.py:190} INFO - [2025-03-27T17:10:07.984+0000] {dagbag.py:588} INFO - Filling up the DagBag from /home/ubuntu/customer_churn_youtube_venv/lib/python3.12/site-packages/airflow/example_dags/plugins/event_listener.py
[2025-03-27T17:10:07.987+0000] {processor.py:927} WARNING - No viable dags retrieved from /home/ubuntu/customer_churn_youtube_venv/lib/python3.12/site-packages/airflow/example_dags/plugins/event_listener.py
[2025-03-27T17:10:07.997+0000] {processor.py:208} INFO - Processing /home/ubuntu/customer_churn_youtube_venv/lib/python3.12/site-packages/airflow/example_dags/plugins/event_listener.py took 0.021 seconds
[2025-03-27T17:11:02.484+0000] {processor.py:186} INFO - Started process (PID=9084) to work on /home/ubuntu/customer_churn_youtube_venv/lib/python3.12/site-packages/airflow/example_dags/plugins/event_listener.py
[2025-03-27T17:11:02.485+0000] {processor.py:914} INFO - Processing file /home/ubuntu/customer_churn_youtube_venv/lib/python3.12/site-packages/airflow/example_dags/plugins/event_listener.py for tasks to queue
[2025-03-27T17:11:02.487+0000] {logging_mixin.py:190} INFO - [2025-03-27T17:11:02.487+0000] {dagbag.py:588} INFO - Filling up the DagBag from /home/ubuntu/customer_churn_youtube_venv/lib/python3.12/site-packages/airflow/example_dags/plugins/event_listener.py
[2025-03-27T17:11:02.490+0000] {processor.py:927} WARNING - No viable dags retrieved from /home/ubuntu/customer_churn_youtube_venv/lib/python3.12/site-packages/airflow/example_dags/plugins/event_listener.py
[2025-03-27T17:11:02.502+0000] {processor.py:208} INFO - Processing /home/ubuntu/customer_churn_youtube_venv/lib/python3.12/site-packages/airflow/example_dags/plugins/event_listener.py took 0.024 seconds
[2025-03-27T17:11:57.458+0000] {processor.py:186} INFO - Started process (PID=9145) to work on /home/ubuntu/customer_churn_youtube_venv/lib/python3.12/site-packages/airflow/example_dags/plugins/event_listener.py
[2025-03-27T17:11:57.460+0000] {processor.py:914} INFO - Processing file /home/ubuntu/customer_churn_youtube_venv/lib/python3.12/site-packages/airflow/example_dags/plugins/event_listener.py for tasks to queue
[2025-03-27T17:11:57.463+0000] {logging_mixin.py:190} INFO - [2025-03-27T17:11:57.462+0000] {dagbag.py:588} INFO - Filling up the DagBag from /home/ubuntu/customer_churn_youtube_venv/lib/python3.12/site-packages/airflow/example_dags/plugins/event_listener.py
[2025-03-27T17:11:57.465+0000] {processor.py:927} WARNING - No viable dags retrieved from /home/ubuntu/customer_churn_youtube_venv/lib/python3.12/site-packages/airflow/example_dags/plugins/event_listener.py
[2025-03-27T17:11:57.476+0000] {processor.py:208} INFO - Processing /home/ubuntu/customer_churn_youtube_venv/lib/python3.12/site-packages/airflow/example_dags/plugins/event_listener.py took 0.024 seconds
[2025-03-27T17:12:50.834+0000] {processor.py:186} INFO - Started process (PID=9212) to work on /home/ubuntu/customer_churn_youtube_venv/lib/python3.12/site-packages/airflow/example_dags/plugins/event_listener.py
[2025-03-27T17:12:50.836+0000] {processor.py:914} INFO - Processing file /home/ubuntu/customer_churn_youtube_venv/lib/python3.12/site-packages/airflow/example_dags/plugins/event_listener.py for tasks to queue
[2025-03-27T17:12:50.838+0000] {logging_mixin.py:190} INFO - [2025-03-27T17:12:50.837+0000] {dagbag.py:588} INFO - Filling up the DagBag from /home/ubuntu/customer_churn_youtube_venv/lib/python3.12/site-packages/airflow/example_dags/plugins/event_listener.py
[2025-03-27T17:12:50.840+0000] {processor.py:927} WARNING - No viable dags retrieved from /home/ubuntu/customer_churn_youtube_venv/lib/python3.12/site-packages/airflow/example_dags/plugins/event_listener.py
[2025-03-27T17:12:50.851+0000] {processor.py:208} INFO - Processing /home/ubuntu/customer_churn_youtube_venv/lib/python3.12/site-packages/airflow/example_dags/plugins/event_listener.py took 0.022 seconds
[2025-03-27T17:13:42.320+0000] {processor.py:186} INFO - Started process (PID=9266) to work on /home/ubuntu/customer_churn_youtube_venv/lib/python3.12/site-packages/airflow/example_dags/plugins/event_listener.py
[2025-03-27T17:13:42.322+0000] {processor.py:914} INFO - Processing file /home/ubuntu/customer_churn_youtube_venv/lib/python3.12/site-packages/airflow/example_dags/plugins/event_listener.py for tasks to queue
[2025-03-27T17:13:42.324+0000] {logging_mixin.py:190} INFO - [2025-03-27T17:13:42.323+0000] {dagbag.py:588} INFO - Filling up the DagBag from /home/ubuntu/customer_churn_youtube_venv/lib/python3.12/site-packages/airflow/example_dags/plugins/event_listener.py
[2025-03-27T17:13:42.326+0000] {processor.py:927} WARNING - No viable dags retrieved from /home/ubuntu/customer_churn_youtube_venv/lib/python3.12/site-packages/airflow/example_dags/plugins/event_listener.py
[2025-03-27T17:13:42.338+0000] {processor.py:208} INFO - Processing /home/ubuntu/customer_churn_youtube_venv/lib/python3.12/site-packages/airflow/example_dags/plugins/event_listener.py took 0.023 seconds
[2025-03-27T17:14:36.631+0000] {processor.py:186} INFO - Started process (PID=9324) to work on /home/ubuntu/customer_churn_youtube_venv/lib/python3.12/site-packages/airflow/example_dags/plugins/event_listener.py
[2025-03-27T17:14:36.633+0000] {processor.py:914} INFO - Processing file /home/ubuntu/customer_churn_youtube_venv/lib/python3.12/site-packages/airflow/example_dags/plugins/event_listener.py for tasks to queue
[2025-03-27T17:14:36.635+0000] {logging_mixin.py:190} INFO - [2025-03-27T17:14:36.634+0000] {dagbag.py:588} INFO - Filling up the DagBag from /home/ubuntu/customer_churn_youtube_venv/lib/python3.12/site-packages/airflow/example_dags/plugins/event_listener.py
[2025-03-27T17:14:36.638+0000] {processor.py:927} WARNING - No viable dags retrieved from /home/ubuntu/customer_churn_youtube_venv/lib/python3.12/site-packages/airflow/example_dags/plugins/event_listener.py
[2025-03-27T17:14:36.650+0000] {processor.py:208} INFO - Processing /home/ubuntu/customer_churn_youtube_venv/lib/python3.12/site-packages/airflow/example_dags/plugins/event_listener.py took 0.024 seconds
