[2025-03-27T16:08:48.628+0000] {processor.py:186} INFO - Started process (PID=2930) to work on /home/ubuntu/customer_churn_youtube_venv/lib/python3.12/site-packages/airflow/example_dags/plugins/workday.py
[2025-03-27T16:08:48.629+0000] {processor.py:914} INFO - Processing file /home/ubuntu/customer_churn_youtube_venv/lib/python3.12/site-packages/airflow/example_dags/plugins/workday.py for tasks to queue
[2025-03-27T16:08:48.633+0000] {logging_mixin.py:190} INFO - [2025-03-27T16:08:48.632+0000] {dagbag.py:588} INFO - Filling up the DagBag from /home/ubuntu/customer_churn_youtube_venv/lib/python3.12/site-packages/airflow/example_dags/plugins/workday.py
[2025-03-27T16:08:48.640+0000] {logging_mixin.py:190} INFO - [2025-03-27T16:08:48.640+0000] {workday.py:41} WARNING - Could not import pandas. Holidays will not be considered.
[2025-03-27T16:08:48.640+0000] {processor.py:927} WARNING - No viable dags retrieved from /home/ubuntu/customer_churn_youtube_venv/lib/python3.12/site-packages/airflow/example_dags/plugins/workday.py
[2025-03-27T16:08:48.667+0000] {processor.py:208} INFO - Processing /home/ubuntu/customer_churn_youtube_venv/lib/python3.12/site-packages/airflow/example_dags/plugins/workday.py took 0.051 seconds
[2025-03-27T16:09:43.987+0000] {processor.py:186} INFO - Started process (PID=3125) to work on /home/ubuntu/customer_churn_youtube_venv/lib/python3.12/site-packages/airflow/example_dags/plugins/workday.py
[2025-03-27T16:09:43.990+0000] {processor.py:914} INFO - Processing file /home/ubuntu/customer_churn_youtube_venv/lib/python3.12/site-packages/airflow/example_dags/plugins/workday.py for tasks to queue
[2025-03-27T16:09:43.991+0000] {logging_mixin.py:190} INFO - [2025-03-27T16:09:43.991+0000] {dagbag.py:588} INFO - Filling up the DagBag from /home/ubuntu/customer_churn_youtube_venv/lib/python3.12/site-packages/airflow/example_dags/plugins/workday.py
[2025-03-27T16:09:43.994+0000] {logging_mixin.py:190} INFO - [2025-03-27T16:09:43.994+0000] {workday.py:41} WARNING - Could not import pandas. Holidays will not be considered.
[2025-03-27T16:09:43.994+0000] {processor.py:927} WARNING - No viable dags retrieved from /home/ubuntu/customer_churn_youtube_venv/lib/python3.12/site-packages/airflow/example_dags/plugins/workday.py
[2025-03-27T16:09:44.005+0000] {processor.py:208} INFO - Processing /home/ubuntu/customer_churn_youtube_venv/lib/python3.12/site-packages/airflow/example_dags/plugins/workday.py took 0.022 seconds
[2025-03-27T16:10:35.513+0000] {processor.py:186} INFO - Started process (PID=3185) to work on /home/ubuntu/customer_churn_youtube_venv/lib/python3.12/site-packages/airflow/example_dags/plugins/workday.py
[2025-03-27T16:10:35.515+0000] {processor.py:914} INFO - Processing file /home/ubuntu/customer_churn_youtube_venv/lib/python3.12/site-packages/airflow/example_dags/plugins/workday.py for tasks to queue
[2025-03-27T16:10:35.517+0000] {logging_mixin.py:190} INFO - [2025-03-27T16:10:35.517+0000] {dagbag.py:588} INFO - Filling up the DagBag from /home/ubuntu/customer_churn_youtube_venv/lib/python3.12/site-packages/airflow/example_dags/plugins/workday.py
[2025-03-27T16:10:35.520+0000] {logging_mixin.py:190} INFO - [2025-03-27T16:10:35.520+0000] {workday.py:41} WARNING - Could not import pandas. Holidays will not be considered.
[2025-03-27T16:10:35.520+0000] {processor.py:927} WARNING - No viable dags retrieved from /home/ubuntu/customer_churn_youtube_venv/lib/python3.12/site-packages/airflow/example_dags/plugins/workday.py
[2025-03-27T16:10:35.532+0000] {processor.py:208} INFO - Processing /home/ubuntu/customer_churn_youtube_venv/lib/python3.12/site-packages/airflow/example_dags/plugins/workday.py took 0.024 seconds
[2025-03-27T16:11:28.238+0000] {processor.py:186} INFO - Started process (PID=3257) to work on /home/ubuntu/customer_churn_youtube_venv/lib/python3.12/site-packages/airflow/example_dags/plugins/workday.py
[2025-03-27T16:11:28.240+0000] {processor.py:914} INFO - Processing file /home/ubuntu/customer_churn_youtube_venv/lib/python3.12/site-packages/airflow/example_dags/plugins/workday.py for tasks to queue
[2025-03-27T16:11:28.242+0000] {logging_mixin.py:190} INFO - [2025-03-27T16:11:28.242+0000] {dagbag.py:588} INFO - Filling up the DagBag from /home/ubuntu/customer_churn_youtube_venv/lib/python3.12/site-packages/airflow/example_dags/plugins/workday.py
[2025-03-27T16:11:28.245+0000] {logging_mixin.py:190} INFO - [2025-03-27T16:11:28.244+0000] {workday.py:41} WARNING - Could not import pandas. Holidays will not be considered.
[2025-03-27T16:11:28.245+0000] {processor.py:927} WARNING - No viable dags retrieved from /home/ubuntu/customer_churn_youtube_venv/lib/python3.12/site-packages/airflow/example_dags/plugins/workday.py
[2025-03-27T16:11:28.256+0000] {processor.py:208} INFO - Processing /home/ubuntu/customer_churn_youtube_venv/lib/python3.12/site-packages/airflow/example_dags/plugins/workday.py took 0.022 seconds
[2025-03-27T16:12:24.855+0000] {processor.py:186} INFO - Started process (PID=3317) to work on /home/ubuntu/customer_churn_youtube_venv/lib/python3.12/site-packages/airflow/example_dags/plugins/workday.py
[2025-03-27T16:12:24.857+0000] {processor.py:914} INFO - Processing file /home/ubuntu/customer_churn_youtube_venv/lib/python3.12/site-packages/airflow/example_dags/plugins/workday.py for tasks to queue
[2025-03-27T16:12:24.859+0000] {logging_mixin.py:190} INFO - [2025-03-27T16:12:24.859+0000] {dagbag.py:588} INFO - Filling up the DagBag from /home/ubuntu/customer_churn_youtube_venv/lib/python3.12/site-packages/airflow/example_dags/plugins/workday.py
[2025-03-27T16:12:24.862+0000] {logging_mixin.py:190} INFO - [2025-03-27T16:12:24.862+0000] {workday.py:41} WARNING - Could not import pandas. Holidays will not be considered.
[2025-03-27T16:12:24.863+0000] {processor.py:927} WARNING - No viable dags retrieved from /home/ubuntu/customer_churn_youtube_venv/lib/python3.12/site-packages/airflow/example_dags/plugins/workday.py
[2025-03-27T16:12:24.873+0000] {processor.py:208} INFO - Processing /home/ubuntu/customer_churn_youtube_venv/lib/python3.12/site-packages/airflow/example_dags/plugins/workday.py took 0.023 seconds
[2025-03-27T16:13:19.291+0000] {processor.py:186} INFO - Started process (PID=3386) to work on /home/ubuntu/customer_churn_youtube_venv/lib/python3.12/site-packages/airflow/example_dags/plugins/workday.py
[2025-03-27T16:13:19.293+0000] {processor.py:914} INFO - Processing file /home/ubuntu/customer_churn_youtube_venv/lib/python3.12/site-packages/airflow/example_dags/plugins/workday.py for tasks to queue
[2025-03-27T16:13:19.295+0000] {logging_mixin.py:190} INFO - [2025-03-27T16:13:19.294+0000] {dagbag.py:588} INFO - Filling up the DagBag from /home/ubuntu/customer_churn_youtube_venv/lib/python3.12/site-packages/airflow/example_dags/plugins/workday.py
[2025-03-27T16:13:19.298+0000] {logging_mixin.py:190} INFO - [2025-03-27T16:13:19.298+0000] {workday.py:41} WARNING - Could not import pandas. Holidays will not be considered.
[2025-03-27T16:13:19.299+0000] {processor.py:927} WARNING - No viable dags retrieved from /home/ubuntu/customer_churn_youtube_venv/lib/python3.12/site-packages/airflow/example_dags/plugins/workday.py
[2025-03-27T16:13:19.309+0000] {processor.py:208} INFO - Processing /home/ubuntu/customer_churn_youtube_venv/lib/python3.12/site-packages/airflow/example_dags/plugins/workday.py took 0.024 seconds
[2025-03-27T16:14:10.150+0000] {processor.py:186} INFO - Started process (PID=3450) to work on /home/ubuntu/customer_churn_youtube_venv/lib/python3.12/site-packages/airflow/example_dags/plugins/workday.py
[2025-03-27T16:14:10.152+0000] {processor.py:914} INFO - Processing file /home/ubuntu/customer_churn_youtube_venv/lib/python3.12/site-packages/airflow/example_dags/plugins/workday.py for tasks to queue
[2025-03-27T16:14:10.154+0000] {logging_mixin.py:190} INFO - [2025-03-27T16:14:10.154+0000] {dagbag.py:588} INFO - Filling up the DagBag from /home/ubuntu/customer_churn_youtube_venv/lib/python3.12/site-packages/airflow/example_dags/plugins/workday.py
[2025-03-27T16:14:10.156+0000] {logging_mixin.py:190} INFO - [2025-03-27T16:14:10.156+0000] {workday.py:41} WARNING - Could not import pandas. Holidays will not be considered.
[2025-03-27T16:14:10.157+0000] {processor.py:927} WARNING - No viable dags retrieved from /home/ubuntu/customer_churn_youtube_venv/lib/python3.12/site-packages/airflow/example_dags/plugins/workday.py
[2025-03-27T16:14:10.167+0000] {processor.py:208} INFO - Processing /home/ubuntu/customer_churn_youtube_venv/lib/python3.12/site-packages/airflow/example_dags/plugins/workday.py took 0.022 seconds
[2025-03-27T16:15:02.194+0000] {processor.py:186} INFO - Started process (PID=3512) to work on /home/ubuntu/customer_churn_youtube_venv/lib/python3.12/site-packages/airflow/example_dags/plugins/workday.py
[2025-03-27T16:15:02.196+0000] {processor.py:914} INFO - Processing file /home/ubuntu/customer_churn_youtube_venv/lib/python3.12/site-packages/airflow/example_dags/plugins/workday.py for tasks to queue
[2025-03-27T16:15:02.198+0000] {logging_mixin.py:190} INFO - [2025-03-27T16:15:02.198+0000] {dagbag.py:588} INFO - Filling up the DagBag from /home/ubuntu/customer_churn_youtube_venv/lib/python3.12/site-packages/airflow/example_dags/plugins/workday.py
[2025-03-27T16:15:02.201+0000] {logging_mixin.py:190} INFO - [2025-03-27T16:15:02.201+0000] {workday.py:41} WARNING - Could not import pandas. Holidays will not be considered.
[2025-03-27T16:15:02.201+0000] {processor.py:927} WARNING - No viable dags retrieved from /home/ubuntu/customer_churn_youtube_venv/lib/python3.12/site-packages/airflow/example_dags/plugins/workday.py
[2025-03-27T16:15:02.212+0000] {processor.py:208} INFO - Processing /home/ubuntu/customer_churn_youtube_venv/lib/python3.12/site-packages/airflow/example_dags/plugins/workday.py took 0.026 seconds
[2025-03-27T16:16:00.722+0000] {processor.py:186} INFO - Started process (PID=3575) to work on /home/ubuntu/customer_churn_youtube_venv/lib/python3.12/site-packages/airflow/example_dags/plugins/workday.py
[2025-03-27T16:16:00.724+0000] {processor.py:914} INFO - Processing file /home/ubuntu/customer_churn_youtube_venv/lib/python3.12/site-packages/airflow/example_dags/plugins/workday.py for tasks to queue
[2025-03-27T16:16:00.726+0000] {logging_mixin.py:190} INFO - [2025-03-27T16:16:00.726+0000] {dagbag.py:588} INFO - Filling up the DagBag from /home/ubuntu/customer_churn_youtube_venv/lib/python3.12/site-packages/airflow/example_dags/plugins/workday.py
[2025-03-27T16:16:00.729+0000] {logging_mixin.py:190} INFO - [2025-03-27T16:16:00.728+0000] {workday.py:41} WARNING - Could not import pandas. Holidays will not be considered.
[2025-03-27T16:16:00.730+0000] {processor.py:927} WARNING - No viable dags retrieved from /home/ubuntu/customer_churn_youtube_venv/lib/python3.12/site-packages/airflow/example_dags/plugins/workday.py
[2025-03-27T16:16:00.741+0000] {processor.py:208} INFO - Processing /home/ubuntu/customer_churn_youtube_venv/lib/python3.12/site-packages/airflow/example_dags/plugins/workday.py took 0.024 seconds
[2025-03-27T16:16:52.888+0000] {processor.py:186} INFO - Started process (PID=3648) to work on /home/ubuntu/customer_churn_youtube_venv/lib/python3.12/site-packages/airflow/example_dags/plugins/workday.py
[2025-03-27T16:16:52.892+0000] {processor.py:914} INFO - Processing file /home/ubuntu/customer_churn_youtube_venv/lib/python3.12/site-packages/airflow/example_dags/plugins/workday.py for tasks to queue
[2025-03-27T16:16:52.894+0000] {logging_mixin.py:190} INFO - [2025-03-27T16:16:52.893+0000] {dagbag.py:588} INFO - Filling up the DagBag from /home/ubuntu/customer_churn_youtube_venv/lib/python3.12/site-packages/airflow/example_dags/plugins/workday.py
[2025-03-27T16:16:52.897+0000] {logging_mixin.py:190} INFO - [2025-03-27T16:16:52.897+0000] {workday.py:41} WARNING - Could not import pandas. Holidays will not be considered.
[2025-03-27T16:16:52.898+0000] {processor.py:927} WARNING - No viable dags retrieved from /home/ubuntu/customer_churn_youtube_venv/lib/python3.12/site-packages/airflow/example_dags/plugins/workday.py
[2025-03-27T16:16:52.909+0000] {processor.py:208} INFO - Processing /home/ubuntu/customer_churn_youtube_venv/lib/python3.12/site-packages/airflow/example_dags/plugins/workday.py took 0.025 seconds
[2025-03-27T16:17:44.837+0000] {processor.py:186} INFO - Started process (PID=3715) to work on /home/ubuntu/customer_churn_youtube_venv/lib/python3.12/site-packages/airflow/example_dags/plugins/workday.py
[2025-03-27T16:17:44.839+0000] {processor.py:914} INFO - Processing file /home/ubuntu/customer_churn_youtube_venv/lib/python3.12/site-packages/airflow/example_dags/plugins/workday.py for tasks to queue
[2025-03-27T16:17:44.841+0000] {logging_mixin.py:190} INFO - [2025-03-27T16:17:44.841+0000] {dagbag.py:588} INFO - Filling up the DagBag from /home/ubuntu/customer_churn_youtube_venv/lib/python3.12/site-packages/airflow/example_dags/plugins/workday.py
[2025-03-27T16:17:44.843+0000] {logging_mixin.py:190} INFO - [2025-03-27T16:17:44.843+0000] {workday.py:41} WARNING - Could not import pandas. Holidays will not be considered.
[2025-03-27T16:17:44.843+0000] {processor.py:927} WARNING - No viable dags retrieved from /home/ubuntu/customer_churn_youtube_venv/lib/python3.12/site-packages/airflow/example_dags/plugins/workday.py
[2025-03-27T16:17:44.855+0000] {processor.py:208} INFO - Processing /home/ubuntu/customer_churn_youtube_venv/lib/python3.12/site-packages/airflow/example_dags/plugins/workday.py took 0.023 seconds
[2025-03-27T16:18:36.434+0000] {processor.py:186} INFO - Started process (PID=3772) to work on /home/ubuntu/customer_churn_youtube_venv/lib/python3.12/site-packages/airflow/example_dags/plugins/workday.py
[2025-03-27T16:18:36.436+0000] {processor.py:914} INFO - Processing file /home/ubuntu/customer_churn_youtube_venv/lib/python3.12/site-packages/airflow/example_dags/plugins/workday.py for tasks to queue
[2025-03-27T16:18:36.438+0000] {logging_mixin.py:190} INFO - [2025-03-27T16:18:36.437+0000] {dagbag.py:588} INFO - Filling up the DagBag from /home/ubuntu/customer_churn_youtube_venv/lib/python3.12/site-packages/airflow/example_dags/plugins/workday.py
[2025-03-27T16:18:36.441+0000] {logging_mixin.py:190} INFO - [2025-03-27T16:18:36.441+0000] {workday.py:41} WARNING - Could not import pandas. Holidays will not be considered.
[2025-03-27T16:18:36.442+0000] {processor.py:927} WARNING - No viable dags retrieved from /home/ubuntu/customer_churn_youtube_venv/lib/python3.12/site-packages/airflow/example_dags/plugins/workday.py
[2025-03-27T16:18:36.452+0000] {processor.py:208} INFO - Processing /home/ubuntu/customer_churn_youtube_venv/lib/python3.12/site-packages/airflow/example_dags/plugins/workday.py took 0.023 seconds
[2025-03-27T16:19:30.344+0000] {processor.py:186} INFO - Started process (PID=3827) to work on /home/ubuntu/customer_churn_youtube_venv/lib/python3.12/site-packages/airflow/example_dags/plugins/workday.py
[2025-03-27T16:19:30.346+0000] {processor.py:914} INFO - Processing file /home/ubuntu/customer_churn_youtube_venv/lib/python3.12/site-packages/airflow/example_dags/plugins/workday.py for tasks to queue
[2025-03-27T16:19:30.348+0000] {logging_mixin.py:190} INFO - [2025-03-27T16:19:30.347+0000] {dagbag.py:588} INFO - Filling up the DagBag from /home/ubuntu/customer_churn_youtube_venv/lib/python3.12/site-packages/airflow/example_dags/plugins/workday.py
[2025-03-27T16:19:30.351+0000] {logging_mixin.py:190} INFO - [2025-03-27T16:19:30.350+0000] {workday.py:41} WARNING - Could not import pandas. Holidays will not be considered.
[2025-03-27T16:19:30.352+0000] {processor.py:927} WARNING - No viable dags retrieved from /home/ubuntu/customer_churn_youtube_venv/lib/python3.12/site-packages/airflow/example_dags/plugins/workday.py
[2025-03-27T16:19:30.361+0000] {processor.py:208} INFO - Processing /home/ubuntu/customer_churn_youtube_venv/lib/python3.12/site-packages/airflow/example_dags/plugins/workday.py took 0.023 seconds
[2025-03-27T16:20:21.824+0000] {processor.py:186} INFO - Started process (PID=3885) to work on /home/ubuntu/customer_churn_youtube_venv/lib/python3.12/site-packages/airflow/example_dags/plugins/workday.py
[2025-03-27T16:20:21.826+0000] {processor.py:914} INFO - Processing file /home/ubuntu/customer_churn_youtube_venv/lib/python3.12/site-packages/airflow/example_dags/plugins/workday.py for tasks to queue
[2025-03-27T16:20:21.828+0000] {logging_mixin.py:190} INFO - [2025-03-27T16:20:21.827+0000] {dagbag.py:588} INFO - Filling up the DagBag from /home/ubuntu/customer_churn_youtube_venv/lib/python3.12/site-packages/airflow/example_dags/plugins/workday.py
[2025-03-27T16:20:21.831+0000] {logging_mixin.py:190} INFO - [2025-03-27T16:20:21.831+0000] {workday.py:41} WARNING - Could not import pandas. Holidays will not be considered.
[2025-03-27T16:20:21.831+0000] {processor.py:927} WARNING - No viable dags retrieved from /home/ubuntu/customer_churn_youtube_venv/lib/python3.12/site-packages/airflow/example_dags/plugins/workday.py
[2025-03-27T16:20:21.841+0000] {processor.py:208} INFO - Processing /home/ubuntu/customer_churn_youtube_venv/lib/python3.12/site-packages/airflow/example_dags/plugins/workday.py took 0.023 seconds
[2025-03-27T16:21:13.427+0000] {processor.py:186} INFO - Started process (PID=3983) to work on /home/ubuntu/customer_churn_youtube_venv/lib/python3.12/site-packages/airflow/example_dags/plugins/workday.py
[2025-03-27T16:21:13.428+0000] {processor.py:914} INFO - Processing file /home/ubuntu/customer_churn_youtube_venv/lib/python3.12/site-packages/airflow/example_dags/plugins/workday.py for tasks to queue
[2025-03-27T16:21:13.430+0000] {logging_mixin.py:190} INFO - [2025-03-27T16:21:13.429+0000] {dagbag.py:588} INFO - Filling up the DagBag from /home/ubuntu/customer_churn_youtube_venv/lib/python3.12/site-packages/airflow/example_dags/plugins/workday.py
[2025-03-27T16:21:13.433+0000] {logging_mixin.py:190} INFO - [2025-03-27T16:21:13.433+0000] {workday.py:41} WARNING - Could not import pandas. Holidays will not be considered.
[2025-03-27T16:21:13.434+0000] {processor.py:927} WARNING - No viable dags retrieved from /home/ubuntu/customer_churn_youtube_venv/lib/python3.12/site-packages/airflow/example_dags/plugins/workday.py
[2025-03-27T16:21:13.444+0000] {processor.py:208} INFO - Processing /home/ubuntu/customer_churn_youtube_venv/lib/python3.12/site-packages/airflow/example_dags/plugins/workday.py took 0.023 seconds
[2025-03-27T16:22:06.425+0000] {processor.py:186} INFO - Started process (PID=4514) to work on /home/ubuntu/customer_churn_youtube_venv/lib/python3.12/site-packages/airflow/example_dags/plugins/workday.py
[2025-03-27T16:22:06.426+0000] {processor.py:914} INFO - Processing file /home/ubuntu/customer_churn_youtube_venv/lib/python3.12/site-packages/airflow/example_dags/plugins/workday.py for tasks to queue
[2025-03-27T16:22:06.429+0000] {logging_mixin.py:190} INFO - [2025-03-27T16:22:06.429+0000] {dagbag.py:588} INFO - Filling up the DagBag from /home/ubuntu/customer_churn_youtube_venv/lib/python3.12/site-packages/airflow/example_dags/plugins/workday.py
[2025-03-27T16:22:06.432+0000] {logging_mixin.py:190} INFO - [2025-03-27T16:22:06.432+0000] {workday.py:41} WARNING - Could not import pandas. Holidays will not be considered.
[2025-03-27T16:22:06.433+0000] {processor.py:927} WARNING - No viable dags retrieved from /home/ubuntu/customer_churn_youtube_venv/lib/python3.12/site-packages/airflow/example_dags/plugins/workday.py
[2025-03-27T16:22:06.442+0000] {processor.py:208} INFO - Processing /home/ubuntu/customer_churn_youtube_venv/lib/python3.12/site-packages/airflow/example_dags/plugins/workday.py took 0.023 seconds
[2025-03-27T16:22:59.532+0000] {processor.py:186} INFO - Started process (PID=4569) to work on /home/ubuntu/customer_churn_youtube_venv/lib/python3.12/site-packages/airflow/example_dags/plugins/workday.py
[2025-03-27T16:22:59.534+0000] {processor.py:914} INFO - Processing file /home/ubuntu/customer_churn_youtube_venv/lib/python3.12/site-packages/airflow/example_dags/plugins/workday.py for tasks to queue
[2025-03-27T16:22:59.535+0000] {logging_mixin.py:190} INFO - [2025-03-27T16:22:59.535+0000] {dagbag.py:588} INFO - Filling up the DagBag from /home/ubuntu/customer_churn_youtube_venv/lib/python3.12/site-packages/airflow/example_dags/plugins/workday.py
[2025-03-27T16:22:59.538+0000] {logging_mixin.py:190} INFO - [2025-03-27T16:22:59.538+0000] {workday.py:41} WARNING - Could not import pandas. Holidays will not be considered.
[2025-03-27T16:22:59.538+0000] {processor.py:927} WARNING - No viable dags retrieved from /home/ubuntu/customer_churn_youtube_venv/lib/python3.12/site-packages/airflow/example_dags/plugins/workday.py
[2025-03-27T16:22:59.550+0000] {processor.py:208} INFO - Processing /home/ubuntu/customer_churn_youtube_venv/lib/python3.12/site-packages/airflow/example_dags/plugins/workday.py took 0.024 seconds
[2025-03-27T16:23:49.225+0000] {processor.py:186} INFO - Started process (PID=4625) to work on /home/ubuntu/customer_churn_youtube_venv/lib/python3.12/site-packages/airflow/example_dags/plugins/workday.py
[2025-03-27T16:23:49.227+0000] {processor.py:914} INFO - Processing file /home/ubuntu/customer_churn_youtube_venv/lib/python3.12/site-packages/airflow/example_dags/plugins/workday.py for tasks to queue
[2025-03-27T16:23:49.229+0000] {logging_mixin.py:190} INFO - [2025-03-27T16:23:49.229+0000] {dagbag.py:588} INFO - Filling up the DagBag from /home/ubuntu/customer_churn_youtube_venv/lib/python3.12/site-packages/airflow/example_dags/plugins/workday.py
[2025-03-27T16:23:49.232+0000] {logging_mixin.py:190} INFO - [2025-03-27T16:23:49.232+0000] {workday.py:41} WARNING - Could not import pandas. Holidays will not be considered.
[2025-03-27T16:23:49.233+0000] {processor.py:927} WARNING - No viable dags retrieved from /home/ubuntu/customer_churn_youtube_venv/lib/python3.12/site-packages/airflow/example_dags/plugins/workday.py
[2025-03-27T16:23:49.243+0000] {processor.py:208} INFO - Processing /home/ubuntu/customer_churn_youtube_venv/lib/python3.12/site-packages/airflow/example_dags/plugins/workday.py took 0.024 seconds
[2025-03-27T16:24:38.075+0000] {processor.py:186} INFO - Started process (PID=4676) to work on /home/ubuntu/customer_churn_youtube_venv/lib/python3.12/site-packages/airflow/example_dags/plugins/workday.py
[2025-03-27T16:24:38.076+0000] {processor.py:914} INFO - Processing file /home/ubuntu/customer_churn_youtube_venv/lib/python3.12/site-packages/airflow/example_dags/plugins/workday.py for tasks to queue
[2025-03-27T16:24:38.078+0000] {logging_mixin.py:190} INFO - [2025-03-27T16:24:38.078+0000] {dagbag.py:588} INFO - Filling up the DagBag from /home/ubuntu/customer_churn_youtube_venv/lib/python3.12/site-packages/airflow/example_dags/plugins/workday.py
[2025-03-27T16:24:38.081+0000] {logging_mixin.py:190} INFO - [2025-03-27T16:24:38.080+0000] {workday.py:41} WARNING - Could not import pandas. Holidays will not be considered.
[2025-03-27T16:24:38.081+0000] {processor.py:927} WARNING - No viable dags retrieved from /home/ubuntu/customer_churn_youtube_venv/lib/python3.12/site-packages/airflow/example_dags/plugins/workday.py
[2025-03-27T16:24:38.092+0000] {processor.py:208} INFO - Processing /home/ubuntu/customer_churn_youtube_venv/lib/python3.12/site-packages/airflow/example_dags/plugins/workday.py took 0.023 seconds
[2025-03-27T16:25:27.496+0000] {processor.py:186} INFO - Started process (PID=4735) to work on /home/ubuntu/customer_churn_youtube_venv/lib/python3.12/site-packages/airflow/example_dags/plugins/workday.py
[2025-03-27T16:25:27.497+0000] {processor.py:914} INFO - Processing file /home/ubuntu/customer_churn_youtube_venv/lib/python3.12/site-packages/airflow/example_dags/plugins/workday.py for tasks to queue
[2025-03-27T16:25:27.500+0000] {logging_mixin.py:190} INFO - [2025-03-27T16:25:27.499+0000] {dagbag.py:588} INFO - Filling up the DagBag from /home/ubuntu/customer_churn_youtube_venv/lib/python3.12/site-packages/airflow/example_dags/plugins/workday.py
[2025-03-27T16:25:27.502+0000] {logging_mixin.py:190} INFO - [2025-03-27T16:25:27.502+0000] {workday.py:41} WARNING - Could not import pandas. Holidays will not be considered.
[2025-03-27T16:25:27.502+0000] {processor.py:927} WARNING - No viable dags retrieved from /home/ubuntu/customer_churn_youtube_venv/lib/python3.12/site-packages/airflow/example_dags/plugins/workday.py
[2025-03-27T16:25:27.513+0000] {processor.py:208} INFO - Processing /home/ubuntu/customer_churn_youtube_venv/lib/python3.12/site-packages/airflow/example_dags/plugins/workday.py took 0.023 seconds
[2025-03-27T16:26:20.236+0000] {processor.py:186} INFO - Started process (PID=4794) to work on /home/ubuntu/customer_churn_youtube_venv/lib/python3.12/site-packages/airflow/example_dags/plugins/workday.py
[2025-03-27T16:26:20.238+0000] {processor.py:914} INFO - Processing file /home/ubuntu/customer_churn_youtube_venv/lib/python3.12/site-packages/airflow/example_dags/plugins/workday.py for tasks to queue
[2025-03-27T16:26:20.240+0000] {logging_mixin.py:190} INFO - [2025-03-27T16:26:20.239+0000] {dagbag.py:588} INFO - Filling up the DagBag from /home/ubuntu/customer_churn_youtube_venv/lib/python3.12/site-packages/airflow/example_dags/plugins/workday.py
[2025-03-27T16:26:20.243+0000] {logging_mixin.py:190} INFO - [2025-03-27T16:26:20.243+0000] {workday.py:41} WARNING - Could not import pandas. Holidays will not be considered.
[2025-03-27T16:26:20.243+0000] {processor.py:927} WARNING - No viable dags retrieved from /home/ubuntu/customer_churn_youtube_venv/lib/python3.12/site-packages/airflow/example_dags/plugins/workday.py
[2025-03-27T16:26:20.253+0000] {processor.py:208} INFO - Processing /home/ubuntu/customer_churn_youtube_venv/lib/python3.12/site-packages/airflow/example_dags/plugins/workday.py took 0.022 seconds
[2025-03-27T16:27:14.461+0000] {processor.py:186} INFO - Started process (PID=4853) to work on /home/ubuntu/customer_churn_youtube_venv/lib/python3.12/site-packages/airflow/example_dags/plugins/workday.py
[2025-03-27T16:27:14.462+0000] {processor.py:914} INFO - Processing file /home/ubuntu/customer_churn_youtube_venv/lib/python3.12/site-packages/airflow/example_dags/plugins/workday.py for tasks to queue
[2025-03-27T16:27:14.465+0000] {logging_mixin.py:190} INFO - [2025-03-27T16:27:14.464+0000] {dagbag.py:588} INFO - Filling up the DagBag from /home/ubuntu/customer_churn_youtube_venv/lib/python3.12/site-packages/airflow/example_dags/plugins/workday.py
[2025-03-27T16:27:14.467+0000] {logging_mixin.py:190} INFO - [2025-03-27T16:27:14.467+0000] {workday.py:41} WARNING - Could not import pandas. Holidays will not be considered.
[2025-03-27T16:27:14.467+0000] {processor.py:927} WARNING - No viable dags retrieved from /home/ubuntu/customer_churn_youtube_venv/lib/python3.12/site-packages/airflow/example_dags/plugins/workday.py
[2025-03-27T16:27:14.478+0000] {processor.py:208} INFO - Processing /home/ubuntu/customer_churn_youtube_venv/lib/python3.12/site-packages/airflow/example_dags/plugins/workday.py took 0.022 seconds
[2025-03-27T16:28:03.961+0000] {processor.py:186} INFO - Started process (PID=4907) to work on /home/ubuntu/customer_churn_youtube_venv/lib/python3.12/site-packages/airflow/example_dags/plugins/workday.py
[2025-03-27T16:28:03.963+0000] {processor.py:914} INFO - Processing file /home/ubuntu/customer_churn_youtube_venv/lib/python3.12/site-packages/airflow/example_dags/plugins/workday.py for tasks to queue
[2025-03-27T16:28:03.964+0000] {logging_mixin.py:190} INFO - [2025-03-27T16:28:03.964+0000] {dagbag.py:588} INFO - Filling up the DagBag from /home/ubuntu/customer_churn_youtube_venv/lib/python3.12/site-packages/airflow/example_dags/plugins/workday.py
[2025-03-27T16:28:03.967+0000] {logging_mixin.py:190} INFO - [2025-03-27T16:28:03.967+0000] {workday.py:41} WARNING - Could not import pandas. Holidays will not be considered.
[2025-03-27T16:28:03.968+0000] {processor.py:927} WARNING - No viable dags retrieved from /home/ubuntu/customer_churn_youtube_venv/lib/python3.12/site-packages/airflow/example_dags/plugins/workday.py
[2025-03-27T16:28:03.977+0000] {processor.py:208} INFO - Processing /home/ubuntu/customer_churn_youtube_venv/lib/python3.12/site-packages/airflow/example_dags/plugins/workday.py took 0.021 seconds
[2025-03-27T16:28:53.849+0000] {processor.py:186} INFO - Started process (PID=4964) to work on /home/ubuntu/customer_churn_youtube_venv/lib/python3.12/site-packages/airflow/example_dags/plugins/workday.py
[2025-03-27T16:28:53.852+0000] {processor.py:914} INFO - Processing file /home/ubuntu/customer_churn_youtube_venv/lib/python3.12/site-packages/airflow/example_dags/plugins/workday.py for tasks to queue
[2025-03-27T16:28:53.854+0000] {logging_mixin.py:190} INFO - [2025-03-27T16:28:53.854+0000] {dagbag.py:588} INFO - Filling up the DagBag from /home/ubuntu/customer_churn_youtube_venv/lib/python3.12/site-packages/airflow/example_dags/plugins/workday.py
[2025-03-27T16:28:53.858+0000] {logging_mixin.py:190} INFO - [2025-03-27T16:28:53.858+0000] {workday.py:41} WARNING - Could not import pandas. Holidays will not be considered.
[2025-03-27T16:28:53.858+0000] {processor.py:927} WARNING - No viable dags retrieved from /home/ubuntu/customer_churn_youtube_venv/lib/python3.12/site-packages/airflow/example_dags/plugins/workday.py
[2025-03-27T16:28:53.868+0000] {processor.py:208} INFO - Processing /home/ubuntu/customer_churn_youtube_venv/lib/python3.12/site-packages/airflow/example_dags/plugins/workday.py took 0.025 seconds
[2025-03-27T16:29:45.272+0000] {processor.py:186} INFO - Started process (PID=5018) to work on /home/ubuntu/customer_churn_youtube_venv/lib/python3.12/site-packages/airflow/example_dags/plugins/workday.py
[2025-03-27T16:29:45.274+0000] {processor.py:914} INFO - Processing file /home/ubuntu/customer_churn_youtube_venv/lib/python3.12/site-packages/airflow/example_dags/plugins/workday.py for tasks to queue
[2025-03-27T16:29:45.276+0000] {logging_mixin.py:190} INFO - [2025-03-27T16:29:45.276+0000] {dagbag.py:588} INFO - Filling up the DagBag from /home/ubuntu/customer_churn_youtube_venv/lib/python3.12/site-packages/airflow/example_dags/plugins/workday.py
[2025-03-27T16:29:45.279+0000] {logging_mixin.py:190} INFO - [2025-03-27T16:29:45.279+0000] {workday.py:41} WARNING - Could not import pandas. Holidays will not be considered.
[2025-03-27T16:29:45.279+0000] {processor.py:927} WARNING - No viable dags retrieved from /home/ubuntu/customer_churn_youtube_venv/lib/python3.12/site-packages/airflow/example_dags/plugins/workday.py
[2025-03-27T16:29:45.290+0000] {processor.py:208} INFO - Processing /home/ubuntu/customer_churn_youtube_venv/lib/python3.12/site-packages/airflow/example_dags/plugins/workday.py took 0.023 seconds
[2025-03-27T16:30:36.753+0000] {processor.py:186} INFO - Started process (PID=5075) to work on /home/ubuntu/customer_churn_youtube_venv/lib/python3.12/site-packages/airflow/example_dags/plugins/workday.py
[2025-03-27T16:30:36.755+0000] {processor.py:914} INFO - Processing file /home/ubuntu/customer_churn_youtube_venv/lib/python3.12/site-packages/airflow/example_dags/plugins/workday.py for tasks to queue
[2025-03-27T16:30:36.757+0000] {logging_mixin.py:190} INFO - [2025-03-27T16:30:36.757+0000] {dagbag.py:588} INFO - Filling up the DagBag from /home/ubuntu/customer_churn_youtube_venv/lib/python3.12/site-packages/airflow/example_dags/plugins/workday.py
[2025-03-27T16:30:36.759+0000] {logging_mixin.py:190} INFO - [2025-03-27T16:30:36.759+0000] {workday.py:41} WARNING - Could not import pandas. Holidays will not be considered.
[2025-03-27T16:30:36.760+0000] {processor.py:927} WARNING - No viable dags retrieved from /home/ubuntu/customer_churn_youtube_venv/lib/python3.12/site-packages/airflow/example_dags/plugins/workday.py
[2025-03-27T16:30:36.771+0000] {processor.py:208} INFO - Processing /home/ubuntu/customer_churn_youtube_venv/lib/python3.12/site-packages/airflow/example_dags/plugins/workday.py took 0.024 seconds
[2025-03-27T16:31:32.190+0000] {processor.py:186} INFO - Started process (PID=5135) to work on /home/ubuntu/customer_churn_youtube_venv/lib/python3.12/site-packages/airflow/example_dags/plugins/workday.py
[2025-03-27T16:31:32.192+0000] {processor.py:914} INFO - Processing file /home/ubuntu/customer_churn_youtube_venv/lib/python3.12/site-packages/airflow/example_dags/plugins/workday.py for tasks to queue
[2025-03-27T16:31:32.194+0000] {logging_mixin.py:190} INFO - [2025-03-27T16:31:32.193+0000] {dagbag.py:588} INFO - Filling up the DagBag from /home/ubuntu/customer_churn_youtube_venv/lib/python3.12/site-packages/airflow/example_dags/plugins/workday.py
[2025-03-27T16:31:32.197+0000] {logging_mixin.py:190} INFO - [2025-03-27T16:31:32.197+0000] {workday.py:41} WARNING - Could not import pandas. Holidays will not be considered.
[2025-03-27T16:31:32.197+0000] {processor.py:927} WARNING - No viable dags retrieved from /home/ubuntu/customer_churn_youtube_venv/lib/python3.12/site-packages/airflow/example_dags/plugins/workday.py
[2025-03-27T16:31:32.208+0000] {processor.py:208} INFO - Processing /home/ubuntu/customer_churn_youtube_venv/lib/python3.12/site-packages/airflow/example_dags/plugins/workday.py took 0.023 seconds
[2025-03-27T16:32:25.943+0000] {processor.py:186} INFO - Started process (PID=5192) to work on /home/ubuntu/customer_churn_youtube_venv/lib/python3.12/site-packages/airflow/example_dags/plugins/workday.py
[2025-03-27T16:32:25.945+0000] {processor.py:914} INFO - Processing file /home/ubuntu/customer_churn_youtube_venv/lib/python3.12/site-packages/airflow/example_dags/plugins/workday.py for tasks to queue
[2025-03-27T16:32:25.947+0000] {logging_mixin.py:190} INFO - [2025-03-27T16:32:25.947+0000] {dagbag.py:588} INFO - Filling up the DagBag from /home/ubuntu/customer_churn_youtube_venv/lib/python3.12/site-packages/airflow/example_dags/plugins/workday.py
[2025-03-27T16:32:25.950+0000] {logging_mixin.py:190} INFO - [2025-03-27T16:32:25.950+0000] {workday.py:41} WARNING - Could not import pandas. Holidays will not be considered.
[2025-03-27T16:32:25.950+0000] {processor.py:927} WARNING - No viable dags retrieved from /home/ubuntu/customer_churn_youtube_venv/lib/python3.12/site-packages/airflow/example_dags/plugins/workday.py
[2025-03-27T16:32:25.961+0000] {processor.py:208} INFO - Processing /home/ubuntu/customer_churn_youtube_venv/lib/python3.12/site-packages/airflow/example_dags/plugins/workday.py took 0.023 seconds
[2025-03-27T16:33:18.086+0000] {processor.py:186} INFO - Started process (PID=5245) to work on /home/ubuntu/customer_churn_youtube_venv/lib/python3.12/site-packages/airflow/example_dags/plugins/workday.py
[2025-03-27T16:33:18.087+0000] {processor.py:914} INFO - Processing file /home/ubuntu/customer_churn_youtube_venv/lib/python3.12/site-packages/airflow/example_dags/plugins/workday.py for tasks to queue
[2025-03-27T16:33:18.089+0000] {logging_mixin.py:190} INFO - [2025-03-27T16:33:18.089+0000] {dagbag.py:588} INFO - Filling up the DagBag from /home/ubuntu/customer_churn_youtube_venv/lib/python3.12/site-packages/airflow/example_dags/plugins/workday.py
[2025-03-27T16:33:18.093+0000] {logging_mixin.py:190} INFO - [2025-03-27T16:33:18.093+0000] {workday.py:41} WARNING - Could not import pandas. Holidays will not be considered.
[2025-03-27T16:33:18.093+0000] {processor.py:927} WARNING - No viable dags retrieved from /home/ubuntu/customer_churn_youtube_venv/lib/python3.12/site-packages/airflow/example_dags/plugins/workday.py
[2025-03-27T16:33:18.104+0000] {processor.py:208} INFO - Processing /home/ubuntu/customer_churn_youtube_venv/lib/python3.12/site-packages/airflow/example_dags/plugins/workday.py took 0.024 seconds
[2025-03-27T16:34:08.934+0000] {processor.py:186} INFO - Started process (PID=5299) to work on /home/ubuntu/customer_churn_youtube_venv/lib/python3.12/site-packages/airflow/example_dags/plugins/workday.py
[2025-03-27T16:34:08.936+0000] {processor.py:914} INFO - Processing file /home/ubuntu/customer_churn_youtube_venv/lib/python3.12/site-packages/airflow/example_dags/plugins/workday.py for tasks to queue
[2025-03-27T16:34:08.937+0000] {logging_mixin.py:190} INFO - [2025-03-27T16:34:08.937+0000] {dagbag.py:588} INFO - Filling up the DagBag from /home/ubuntu/customer_churn_youtube_venv/lib/python3.12/site-packages/airflow/example_dags/plugins/workday.py
[2025-03-27T16:34:08.940+0000] {logging_mixin.py:190} INFO - [2025-03-27T16:34:08.940+0000] {workday.py:41} WARNING - Could not import pandas. Holidays will not be considered.
[2025-03-27T16:34:08.941+0000] {processor.py:927} WARNING - No viable dags retrieved from /home/ubuntu/customer_churn_youtube_venv/lib/python3.12/site-packages/airflow/example_dags/plugins/workday.py
[2025-03-27T16:34:08.950+0000] {processor.py:208} INFO - Processing /home/ubuntu/customer_churn_youtube_venv/lib/python3.12/site-packages/airflow/example_dags/plugins/workday.py took 0.022 seconds
[2025-03-27T16:35:00.816+0000] {processor.py:186} INFO - Started process (PID=5354) to work on /home/ubuntu/customer_churn_youtube_venv/lib/python3.12/site-packages/airflow/example_dags/plugins/workday.py
[2025-03-27T16:35:00.818+0000] {processor.py:914} INFO - Processing file /home/ubuntu/customer_churn_youtube_venv/lib/python3.12/site-packages/airflow/example_dags/plugins/workday.py for tasks to queue
[2025-03-27T16:35:00.820+0000] {logging_mixin.py:190} INFO - [2025-03-27T16:35:00.819+0000] {dagbag.py:588} INFO - Filling up the DagBag from /home/ubuntu/customer_churn_youtube_venv/lib/python3.12/site-packages/airflow/example_dags/plugins/workday.py
[2025-03-27T16:35:00.823+0000] {logging_mixin.py:190} INFO - [2025-03-27T16:35:00.822+0000] {workday.py:41} WARNING - Could not import pandas. Holidays will not be considered.
[2025-03-27T16:35:00.823+0000] {processor.py:927} WARNING - No viable dags retrieved from /home/ubuntu/customer_churn_youtube_venv/lib/python3.12/site-packages/airflow/example_dags/plugins/workday.py
[2025-03-27T16:35:00.833+0000] {processor.py:208} INFO - Processing /home/ubuntu/customer_churn_youtube_venv/lib/python3.12/site-packages/airflow/example_dags/plugins/workday.py took 0.025 seconds
[2025-03-27T16:35:50.764+0000] {processor.py:186} INFO - Started process (PID=5410) to work on /home/ubuntu/customer_churn_youtube_venv/lib/python3.12/site-packages/airflow/example_dags/plugins/workday.py
[2025-03-27T16:35:50.765+0000] {processor.py:914} INFO - Processing file /home/ubuntu/customer_churn_youtube_venv/lib/python3.12/site-packages/airflow/example_dags/plugins/workday.py for tasks to queue
[2025-03-27T16:35:50.767+0000] {logging_mixin.py:190} INFO - [2025-03-27T16:35:50.766+0000] {dagbag.py:588} INFO - Filling up the DagBag from /home/ubuntu/customer_churn_youtube_venv/lib/python3.12/site-packages/airflow/example_dags/plugins/workday.py
[2025-03-27T16:35:50.770+0000] {logging_mixin.py:190} INFO - [2025-03-27T16:35:50.770+0000] {workday.py:41} WARNING - Could not import pandas. Holidays will not be considered.
[2025-03-27T16:35:50.770+0000] {processor.py:927} WARNING - No viable dags retrieved from /home/ubuntu/customer_churn_youtube_venv/lib/python3.12/site-packages/airflow/example_dags/plugins/workday.py
[2025-03-27T16:35:50.781+0000] {processor.py:208} INFO - Processing /home/ubuntu/customer_churn_youtube_venv/lib/python3.12/site-packages/airflow/example_dags/plugins/workday.py took 0.023 seconds
[2025-03-27T16:36:44.700+0000] {processor.py:186} INFO - Started process (PID=5464) to work on /home/ubuntu/customer_churn_youtube_venv/lib/python3.12/site-packages/airflow/example_dags/plugins/workday.py
[2025-03-27T16:36:44.702+0000] {processor.py:914} INFO - Processing file /home/ubuntu/customer_churn_youtube_venv/lib/python3.12/site-packages/airflow/example_dags/plugins/workday.py for tasks to queue
[2025-03-27T16:36:44.704+0000] {logging_mixin.py:190} INFO - [2025-03-27T16:36:44.704+0000] {dagbag.py:588} INFO - Filling up the DagBag from /home/ubuntu/customer_churn_youtube_venv/lib/python3.12/site-packages/airflow/example_dags/plugins/workday.py
[2025-03-27T16:36:44.707+0000] {logging_mixin.py:190} INFO - [2025-03-27T16:36:44.707+0000] {workday.py:41} WARNING - Could not import pandas. Holidays will not be considered.
[2025-03-27T16:36:44.707+0000] {processor.py:927} WARNING - No viable dags retrieved from /home/ubuntu/customer_churn_youtube_venv/lib/python3.12/site-packages/airflow/example_dags/plugins/workday.py
[2025-03-27T16:36:44.717+0000] {processor.py:208} INFO - Processing /home/ubuntu/customer_churn_youtube_venv/lib/python3.12/site-packages/airflow/example_dags/plugins/workday.py took 0.023 seconds
[2025-03-27T16:37:37.228+0000] {processor.py:186} INFO - Started process (PID=5522) to work on /home/ubuntu/customer_churn_youtube_venv/lib/python3.12/site-packages/airflow/example_dags/plugins/workday.py
[2025-03-27T16:37:37.231+0000] {processor.py:914} INFO - Processing file /home/ubuntu/customer_churn_youtube_venv/lib/python3.12/site-packages/airflow/example_dags/plugins/workday.py for tasks to queue
[2025-03-27T16:37:37.233+0000] {logging_mixin.py:190} INFO - [2025-03-27T16:37:37.233+0000] {dagbag.py:588} INFO - Filling up the DagBag from /home/ubuntu/customer_churn_youtube_venv/lib/python3.12/site-packages/airflow/example_dags/plugins/workday.py
[2025-03-27T16:37:37.236+0000] {logging_mixin.py:190} INFO - [2025-03-27T16:37:37.235+0000] {workday.py:41} WARNING - Could not import pandas. Holidays will not be considered.
[2025-03-27T16:37:37.237+0000] {processor.py:927} WARNING - No viable dags retrieved from /home/ubuntu/customer_churn_youtube_venv/lib/python3.12/site-packages/airflow/example_dags/plugins/workday.py
[2025-03-27T16:37:37.247+0000] {processor.py:208} INFO - Processing /home/ubuntu/customer_churn_youtube_venv/lib/python3.12/site-packages/airflow/example_dags/plugins/workday.py took 0.023 seconds
[2025-03-27T16:38:29.863+0000] {processor.py:186} INFO - Started process (PID=5575) to work on /home/ubuntu/customer_churn_youtube_venv/lib/python3.12/site-packages/airflow/example_dags/plugins/workday.py
[2025-03-27T16:38:29.864+0000] {processor.py:914} INFO - Processing file /home/ubuntu/customer_churn_youtube_venv/lib/python3.12/site-packages/airflow/example_dags/plugins/workday.py for tasks to queue
[2025-03-27T16:38:29.867+0000] {logging_mixin.py:190} INFO - [2025-03-27T16:38:29.866+0000] {dagbag.py:588} INFO - Filling up the DagBag from /home/ubuntu/customer_churn_youtube_venv/lib/python3.12/site-packages/airflow/example_dags/plugins/workday.py
[2025-03-27T16:38:29.869+0000] {logging_mixin.py:190} INFO - [2025-03-27T16:38:29.869+0000] {workday.py:41} WARNING - Could not import pandas. Holidays will not be considered.
[2025-03-27T16:38:29.869+0000] {processor.py:927} WARNING - No viable dags retrieved from /home/ubuntu/customer_churn_youtube_venv/lib/python3.12/site-packages/airflow/example_dags/plugins/workday.py
[2025-03-27T16:38:29.880+0000] {processor.py:208} INFO - Processing /home/ubuntu/customer_churn_youtube_venv/lib/python3.12/site-packages/airflow/example_dags/plugins/workday.py took 0.023 seconds
[2025-03-27T16:39:19.424+0000] {processor.py:186} INFO - Started process (PID=5632) to work on /home/ubuntu/customer_churn_youtube_venv/lib/python3.12/site-packages/airflow/example_dags/plugins/workday.py
[2025-03-27T16:39:19.426+0000] {processor.py:914} INFO - Processing file /home/ubuntu/customer_churn_youtube_venv/lib/python3.12/site-packages/airflow/example_dags/plugins/workday.py for tasks to queue
[2025-03-27T16:39:19.428+0000] {logging_mixin.py:190} INFO - [2025-03-27T16:39:19.427+0000] {dagbag.py:588} INFO - Filling up the DagBag from /home/ubuntu/customer_churn_youtube_venv/lib/python3.12/site-packages/airflow/example_dags/plugins/workday.py
[2025-03-27T16:39:19.431+0000] {logging_mixin.py:190} INFO - [2025-03-27T16:39:19.431+0000] {workday.py:41} WARNING - Could not import pandas. Holidays will not be considered.
[2025-03-27T16:39:19.431+0000] {processor.py:927} WARNING - No viable dags retrieved from /home/ubuntu/customer_churn_youtube_venv/lib/python3.12/site-packages/airflow/example_dags/plugins/workday.py
[2025-03-27T16:39:19.442+0000] {processor.py:208} INFO - Processing /home/ubuntu/customer_churn_youtube_venv/lib/python3.12/site-packages/airflow/example_dags/plugins/workday.py took 0.023 seconds
[2025-03-27T16:40:09.594+0000] {processor.py:186} INFO - Started process (PID=5686) to work on /home/ubuntu/customer_churn_youtube_venv/lib/python3.12/site-packages/airflow/example_dags/plugins/workday.py
[2025-03-27T16:40:09.596+0000] {processor.py:914} INFO - Processing file /home/ubuntu/customer_churn_youtube_venv/lib/python3.12/site-packages/airflow/example_dags/plugins/workday.py for tasks to queue
[2025-03-27T16:40:09.598+0000] {logging_mixin.py:190} INFO - [2025-03-27T16:40:09.597+0000] {dagbag.py:588} INFO - Filling up the DagBag from /home/ubuntu/customer_churn_youtube_venv/lib/python3.12/site-packages/airflow/example_dags/plugins/workday.py
[2025-03-27T16:40:09.600+0000] {logging_mixin.py:190} INFO - [2025-03-27T16:40:09.600+0000] {workday.py:41} WARNING - Could not import pandas. Holidays will not be considered.
[2025-03-27T16:40:09.600+0000] {processor.py:927} WARNING - No viable dags retrieved from /home/ubuntu/customer_churn_youtube_venv/lib/python3.12/site-packages/airflow/example_dags/plugins/workday.py
[2025-03-27T16:40:09.611+0000] {processor.py:208} INFO - Processing /home/ubuntu/customer_churn_youtube_venv/lib/python3.12/site-packages/airflow/example_dags/plugins/workday.py took 0.023 seconds
[2025-03-27T16:41:04.059+0000] {processor.py:186} INFO - Started process (PID=5745) to work on /home/ubuntu/customer_churn_youtube_venv/lib/python3.12/site-packages/airflow/example_dags/plugins/workday.py
[2025-03-27T16:41:04.061+0000] {processor.py:914} INFO - Processing file /home/ubuntu/customer_churn_youtube_venv/lib/python3.12/site-packages/airflow/example_dags/plugins/workday.py for tasks to queue
[2025-03-27T16:41:04.063+0000] {logging_mixin.py:190} INFO - [2025-03-27T16:41:04.063+0000] {dagbag.py:588} INFO - Filling up the DagBag from /home/ubuntu/customer_churn_youtube_venv/lib/python3.12/site-packages/airflow/example_dags/plugins/workday.py
[2025-03-27T16:41:04.066+0000] {logging_mixin.py:190} INFO - [2025-03-27T16:41:04.065+0000] {workday.py:41} WARNING - Could not import pandas. Holidays will not be considered.
[2025-03-27T16:41:04.066+0000] {processor.py:927} WARNING - No viable dags retrieved from /home/ubuntu/customer_churn_youtube_venv/lib/python3.12/site-packages/airflow/example_dags/plugins/workday.py
[2025-03-27T16:41:04.076+0000] {processor.py:208} INFO - Processing /home/ubuntu/customer_churn_youtube_venv/lib/python3.12/site-packages/airflow/example_dags/plugins/workday.py took 0.023 seconds
[2025-03-27T16:42:00.300+0000] {processor.py:186} INFO - Started process (PID=5840) to work on /home/ubuntu/customer_churn_youtube_venv/lib/python3.12/site-packages/airflow/example_dags/plugins/workday.py
[2025-03-27T16:42:00.302+0000] {processor.py:914} INFO - Processing file /home/ubuntu/customer_churn_youtube_venv/lib/python3.12/site-packages/airflow/example_dags/plugins/workday.py for tasks to queue
[2025-03-27T16:42:00.304+0000] {logging_mixin.py:190} INFO - [2025-03-27T16:42:00.303+0000] {dagbag.py:588} INFO - Filling up the DagBag from /home/ubuntu/customer_churn_youtube_venv/lib/python3.12/site-packages/airflow/example_dags/plugins/workday.py
[2025-03-27T16:42:00.306+0000] {logging_mixin.py:190} INFO - [2025-03-27T16:42:00.306+0000] {workday.py:41} WARNING - Could not import pandas. Holidays will not be considered.
[2025-03-27T16:42:00.307+0000] {processor.py:927} WARNING - No viable dags retrieved from /home/ubuntu/customer_churn_youtube_venv/lib/python3.12/site-packages/airflow/example_dags/plugins/workday.py
[2025-03-27T16:42:00.317+0000] {processor.py:208} INFO - Processing /home/ubuntu/customer_churn_youtube_venv/lib/python3.12/site-packages/airflow/example_dags/plugins/workday.py took 0.022 seconds
[2025-03-27T16:42:53.042+0000] {processor.py:186} INFO - Started process (PID=5921) to work on /home/ubuntu/customer_churn_youtube_venv/lib/python3.12/site-packages/airflow/example_dags/plugins/workday.py
[2025-03-27T16:42:53.044+0000] {processor.py:914} INFO - Processing file /home/ubuntu/customer_churn_youtube_venv/lib/python3.12/site-packages/airflow/example_dags/plugins/workday.py for tasks to queue
[2025-03-27T16:42:53.046+0000] {logging_mixin.py:190} INFO - [2025-03-27T16:42:53.045+0000] {dagbag.py:588} INFO - Filling up the DagBag from /home/ubuntu/customer_churn_youtube_venv/lib/python3.12/site-packages/airflow/example_dags/plugins/workday.py
[2025-03-27T16:42:53.049+0000] {logging_mixin.py:190} INFO - [2025-03-27T16:42:53.049+0000] {workday.py:41} WARNING - Could not import pandas. Holidays will not be considered.
[2025-03-27T16:42:53.049+0000] {processor.py:927} WARNING - No viable dags retrieved from /home/ubuntu/customer_churn_youtube_venv/lib/python3.12/site-packages/airflow/example_dags/plugins/workday.py
[2025-03-27T16:42:53.061+0000] {processor.py:208} INFO - Processing /home/ubuntu/customer_churn_youtube_venv/lib/python3.12/site-packages/airflow/example_dags/plugins/workday.py took 0.024 seconds
[2025-03-27T16:43:44.726+0000] {processor.py:186} INFO - Started process (PID=6036) to work on /home/ubuntu/customer_churn_youtube_venv/lib/python3.12/site-packages/airflow/example_dags/plugins/workday.py
[2025-03-27T16:43:44.728+0000] {processor.py:914} INFO - Processing file /home/ubuntu/customer_churn_youtube_venv/lib/python3.12/site-packages/airflow/example_dags/plugins/workday.py for tasks to queue
[2025-03-27T16:43:44.730+0000] {logging_mixin.py:190} INFO - [2025-03-27T16:43:44.729+0000] {dagbag.py:588} INFO - Filling up the DagBag from /home/ubuntu/customer_churn_youtube_venv/lib/python3.12/site-packages/airflow/example_dags/plugins/workday.py
[2025-03-27T16:43:44.741+0000] {logging_mixin.py:190} INFO - [2025-03-27T16:43:44.741+0000] {workday.py:41} WARNING - Could not import pandas. Holidays will not be considered.
[2025-03-27T16:43:44.742+0000] {processor.py:927} WARNING - No viable dags retrieved from /home/ubuntu/customer_churn_youtube_venv/lib/python3.12/site-packages/airflow/example_dags/plugins/workday.py
[2025-03-27T16:43:44.753+0000] {processor.py:208} INFO - Processing /home/ubuntu/customer_churn_youtube_venv/lib/python3.12/site-packages/airflow/example_dags/plugins/workday.py took 0.032 seconds
[2025-03-27T16:44:35.888+0000] {processor.py:186} INFO - Started process (PID=6452) to work on /home/ubuntu/customer_churn_youtube_venv/lib/python3.12/site-packages/airflow/example_dags/plugins/workday.py
[2025-03-27T16:44:35.891+0000] {processor.py:914} INFO - Processing file /home/ubuntu/customer_churn_youtube_venv/lib/python3.12/site-packages/airflow/example_dags/plugins/workday.py for tasks to queue
[2025-03-27T16:44:35.893+0000] {logging_mixin.py:190} INFO - [2025-03-27T16:44:35.893+0000] {dagbag.py:588} INFO - Filling up the DagBag from /home/ubuntu/customer_churn_youtube_venv/lib/python3.12/site-packages/airflow/example_dags/plugins/workday.py
[2025-03-27T16:44:35.896+0000] {logging_mixin.py:190} INFO - [2025-03-27T16:44:35.896+0000] {workday.py:41} WARNING - Could not import pandas. Holidays will not be considered.
[2025-03-27T16:44:35.897+0000] {processor.py:927} WARNING - No viable dags retrieved from /home/ubuntu/customer_churn_youtube_venv/lib/python3.12/site-packages/airflow/example_dags/plugins/workday.py
[2025-03-27T16:44:35.907+0000] {processor.py:208} INFO - Processing /home/ubuntu/customer_churn_youtube_venv/lib/python3.12/site-packages/airflow/example_dags/plugins/workday.py took 0.025 seconds
[2025-03-27T16:45:23.880+0000] {processor.py:186} INFO - Started process (PID=6641) to work on /home/ubuntu/customer_churn_youtube_venv/lib/python3.12/site-packages/airflow/example_dags/plugins/workday.py
[2025-03-27T16:45:23.882+0000] {processor.py:914} INFO - Processing file /home/ubuntu/customer_churn_youtube_venv/lib/python3.12/site-packages/airflow/example_dags/plugins/workday.py for tasks to queue
[2025-03-27T16:45:23.883+0000] {logging_mixin.py:190} INFO - [2025-03-27T16:45:23.883+0000] {dagbag.py:588} INFO - Filling up the DagBag from /home/ubuntu/customer_churn_youtube_venv/lib/python3.12/site-packages/airflow/example_dags/plugins/workday.py
[2025-03-27T16:45:23.887+0000] {logging_mixin.py:190} INFO - [2025-03-27T16:45:23.886+0000] {workday.py:41} WARNING - Could not import pandas. Holidays will not be considered.
[2025-03-27T16:45:23.887+0000] {processor.py:927} WARNING - No viable dags retrieved from /home/ubuntu/customer_churn_youtube_venv/lib/python3.12/site-packages/airflow/example_dags/plugins/workday.py
[2025-03-27T16:45:23.897+0000] {processor.py:208} INFO - Processing /home/ubuntu/customer_churn_youtube_venv/lib/python3.12/site-packages/airflow/example_dags/plugins/workday.py took 0.023 seconds
[2025-03-27T16:46:16.432+0000] {processor.py:186} INFO - Started process (PID=6848) to work on /home/ubuntu/customer_churn_youtube_venv/lib/python3.12/site-packages/airflow/example_dags/plugins/workday.py
[2025-03-27T16:46:16.434+0000] {processor.py:914} INFO - Processing file /home/ubuntu/customer_churn_youtube_venv/lib/python3.12/site-packages/airflow/example_dags/plugins/workday.py for tasks to queue
[2025-03-27T16:46:16.437+0000] {logging_mixin.py:190} INFO - [2025-03-27T16:46:16.436+0000] {dagbag.py:588} INFO - Filling up the DagBag from /home/ubuntu/customer_churn_youtube_venv/lib/python3.12/site-packages/airflow/example_dags/plugins/workday.py
[2025-03-27T16:46:16.439+0000] {logging_mixin.py:190} INFO - [2025-03-27T16:46:16.439+0000] {workday.py:41} WARNING - Could not import pandas. Holidays will not be considered.
[2025-03-27T16:46:16.439+0000] {processor.py:927} WARNING - No viable dags retrieved from /home/ubuntu/customer_churn_youtube_venv/lib/python3.12/site-packages/airflow/example_dags/plugins/workday.py
[2025-03-27T16:46:16.449+0000] {processor.py:208} INFO - Processing /home/ubuntu/customer_churn_youtube_venv/lib/python3.12/site-packages/airflow/example_dags/plugins/workday.py took 0.022 seconds
[2025-03-27T16:47:08.552+0000] {processor.py:186} INFO - Started process (PID=7369) to work on /home/ubuntu/customer_churn_youtube_venv/lib/python3.12/site-packages/airflow/example_dags/plugins/workday.py
[2025-03-27T16:47:08.554+0000] {processor.py:914} INFO - Processing file /home/ubuntu/customer_churn_youtube_venv/lib/python3.12/site-packages/airflow/example_dags/plugins/workday.py for tasks to queue
[2025-03-27T16:47:08.556+0000] {logging_mixin.py:190} INFO - [2025-03-27T16:47:08.555+0000] {dagbag.py:588} INFO - Filling up the DagBag from /home/ubuntu/customer_churn_youtube_venv/lib/python3.12/site-packages/airflow/example_dags/plugins/workday.py
[2025-03-27T16:47:08.558+0000] {logging_mixin.py:190} INFO - [2025-03-27T16:47:08.558+0000] {workday.py:41} WARNING - Could not import pandas. Holidays will not be considered.
[2025-03-27T16:47:08.558+0000] {processor.py:927} WARNING - No viable dags retrieved from /home/ubuntu/customer_churn_youtube_venv/lib/python3.12/site-packages/airflow/example_dags/plugins/workday.py
[2025-03-27T16:47:08.569+0000] {processor.py:208} INFO - Processing /home/ubuntu/customer_churn_youtube_venv/lib/python3.12/site-packages/airflow/example_dags/plugins/workday.py took 0.022 seconds
[2025-03-27T16:47:59.339+0000] {processor.py:186} INFO - Started process (PID=7546) to work on /home/ubuntu/customer_churn_youtube_venv/lib/python3.12/site-packages/airflow/example_dags/plugins/workday.py
[2025-03-27T16:47:59.341+0000] {processor.py:914} INFO - Processing file /home/ubuntu/customer_churn_youtube_venv/lib/python3.12/site-packages/airflow/example_dags/plugins/workday.py for tasks to queue
[2025-03-27T16:47:59.343+0000] {logging_mixin.py:190} INFO - [2025-03-27T16:47:59.343+0000] {dagbag.py:588} INFO - Filling up the DagBag from /home/ubuntu/customer_churn_youtube_venv/lib/python3.12/site-packages/airflow/example_dags/plugins/workday.py
[2025-03-27T16:47:59.346+0000] {logging_mixin.py:190} INFO - [2025-03-27T16:47:59.346+0000] {workday.py:41} WARNING - Could not import pandas. Holidays will not be considered.
[2025-03-27T16:47:59.346+0000] {processor.py:927} WARNING - No viable dags retrieved from /home/ubuntu/customer_churn_youtube_venv/lib/python3.12/site-packages/airflow/example_dags/plugins/workday.py
[2025-03-27T16:47:59.356+0000] {processor.py:208} INFO - Processing /home/ubuntu/customer_churn_youtube_venv/lib/python3.12/site-packages/airflow/example_dags/plugins/workday.py took 0.023 seconds
[2025-03-27T16:48:52.946+0000] {processor.py:186} INFO - Started process (PID=7605) to work on /home/ubuntu/customer_churn_youtube_venv/lib/python3.12/site-packages/airflow/example_dags/plugins/workday.py
[2025-03-27T16:48:52.948+0000] {processor.py:914} INFO - Processing file /home/ubuntu/customer_churn_youtube_venv/lib/python3.12/site-packages/airflow/example_dags/plugins/workday.py for tasks to queue
[2025-03-27T16:48:52.950+0000] {logging_mixin.py:190} INFO - [2025-03-27T16:48:52.949+0000] {dagbag.py:588} INFO - Filling up the DagBag from /home/ubuntu/customer_churn_youtube_venv/lib/python3.12/site-packages/airflow/example_dags/plugins/workday.py
[2025-03-27T16:48:52.952+0000] {logging_mixin.py:190} INFO - [2025-03-27T16:48:52.952+0000] {workday.py:41} WARNING - Could not import pandas. Holidays will not be considered.
[2025-03-27T16:48:52.953+0000] {processor.py:927} WARNING - No viable dags retrieved from /home/ubuntu/customer_churn_youtube_venv/lib/python3.12/site-packages/airflow/example_dags/plugins/workday.py
[2025-03-27T16:48:52.964+0000] {processor.py:208} INFO - Processing /home/ubuntu/customer_churn_youtube_venv/lib/python3.12/site-packages/airflow/example_dags/plugins/workday.py took 0.023 seconds
[2025-03-27T16:49:44.119+0000] {processor.py:186} INFO - Started process (PID=7657) to work on /home/ubuntu/customer_churn_youtube_venv/lib/python3.12/site-packages/airflow/example_dags/plugins/workday.py
[2025-03-27T16:49:44.121+0000] {processor.py:914} INFO - Processing file /home/ubuntu/customer_churn_youtube_venv/lib/python3.12/site-packages/airflow/example_dags/plugins/workday.py for tasks to queue
[2025-03-27T16:49:44.123+0000] {logging_mixin.py:190} INFO - [2025-03-27T16:49:44.123+0000] {dagbag.py:588} INFO - Filling up the DagBag from /home/ubuntu/customer_churn_youtube_venv/lib/python3.12/site-packages/airflow/example_dags/plugins/workday.py
[2025-03-27T16:49:44.127+0000] {logging_mixin.py:190} INFO - [2025-03-27T16:49:44.126+0000] {workday.py:41} WARNING - Could not import pandas. Holidays will not be considered.
[2025-03-27T16:49:44.127+0000] {processor.py:927} WARNING - No viable dags retrieved from /home/ubuntu/customer_churn_youtube_venv/lib/python3.12/site-packages/airflow/example_dags/plugins/workday.py
[2025-03-27T16:49:44.137+0000] {processor.py:208} INFO - Processing /home/ubuntu/customer_churn_youtube_venv/lib/python3.12/site-packages/airflow/example_dags/plugins/workday.py took 0.024 seconds
[2025-03-27T16:50:36.644+0000] {processor.py:186} INFO - Started process (PID=7714) to work on /home/ubuntu/customer_churn_youtube_venv/lib/python3.12/site-packages/airflow/example_dags/plugins/workday.py
[2025-03-27T16:50:36.646+0000] {processor.py:914} INFO - Processing file /home/ubuntu/customer_churn_youtube_venv/lib/python3.12/site-packages/airflow/example_dags/plugins/workday.py for tasks to queue
[2025-03-27T16:50:36.648+0000] {logging_mixin.py:190} INFO - [2025-03-27T16:50:36.647+0000] {dagbag.py:588} INFO - Filling up the DagBag from /home/ubuntu/customer_churn_youtube_venv/lib/python3.12/site-packages/airflow/example_dags/plugins/workday.py
[2025-03-27T16:50:36.652+0000] {logging_mixin.py:190} INFO - [2025-03-27T16:50:36.652+0000] {workday.py:41} WARNING - Could not import pandas. Holidays will not be considered.
[2025-03-27T16:50:36.653+0000] {processor.py:927} WARNING - No viable dags retrieved from /home/ubuntu/customer_churn_youtube_venv/lib/python3.12/site-packages/airflow/example_dags/plugins/workday.py
[2025-03-27T16:50:36.664+0000] {processor.py:208} INFO - Processing /home/ubuntu/customer_churn_youtube_venv/lib/python3.12/site-packages/airflow/example_dags/plugins/workday.py took 0.025 seconds
[2025-03-27T16:51:28.623+0000] {processor.py:186} INFO - Started process (PID=7767) to work on /home/ubuntu/customer_churn_youtube_venv/lib/python3.12/site-packages/airflow/example_dags/plugins/workday.py
[2025-03-27T16:51:28.625+0000] {processor.py:914} INFO - Processing file /home/ubuntu/customer_churn_youtube_venv/lib/python3.12/site-packages/airflow/example_dags/plugins/workday.py for tasks to queue
[2025-03-27T16:51:28.627+0000] {logging_mixin.py:190} INFO - [2025-03-27T16:51:28.626+0000] {dagbag.py:588} INFO - Filling up the DagBag from /home/ubuntu/customer_churn_youtube_venv/lib/python3.12/site-packages/airflow/example_dags/plugins/workday.py
[2025-03-27T16:51:28.629+0000] {logging_mixin.py:190} INFO - [2025-03-27T16:51:28.629+0000] {workday.py:41} WARNING - Could not import pandas. Holidays will not be considered.
[2025-03-27T16:51:28.630+0000] {processor.py:927} WARNING - No viable dags retrieved from /home/ubuntu/customer_churn_youtube_venv/lib/python3.12/site-packages/airflow/example_dags/plugins/workday.py
[2025-03-27T16:51:28.640+0000] {processor.py:208} INFO - Processing /home/ubuntu/customer_churn_youtube_venv/lib/python3.12/site-packages/airflow/example_dags/plugins/workday.py took 0.023 seconds
[2025-03-27T16:52:19.639+0000] {processor.py:186} INFO - Started process (PID=7821) to work on /home/ubuntu/customer_churn_youtube_venv/lib/python3.12/site-packages/airflow/example_dags/plugins/workday.py
[2025-03-27T16:52:19.640+0000] {processor.py:914} INFO - Processing file /home/ubuntu/customer_churn_youtube_venv/lib/python3.12/site-packages/airflow/example_dags/plugins/workday.py for tasks to queue
[2025-03-27T16:52:19.642+0000] {logging_mixin.py:190} INFO - [2025-03-27T16:52:19.642+0000] {dagbag.py:588} INFO - Filling up the DagBag from /home/ubuntu/customer_churn_youtube_venv/lib/python3.12/site-packages/airflow/example_dags/plugins/workday.py
[2025-03-27T16:52:19.645+0000] {logging_mixin.py:190} INFO - [2025-03-27T16:52:19.645+0000] {workday.py:41} WARNING - Could not import pandas. Holidays will not be considered.
[2025-03-27T16:52:19.645+0000] {processor.py:927} WARNING - No viable dags retrieved from /home/ubuntu/customer_churn_youtube_venv/lib/python3.12/site-packages/airflow/example_dags/plugins/workday.py
[2025-03-27T16:52:19.656+0000] {processor.py:208} INFO - Processing /home/ubuntu/customer_churn_youtube_venv/lib/python3.12/site-packages/airflow/example_dags/plugins/workday.py took 0.023 seconds
[2025-03-27T16:53:10.030+0000] {processor.py:186} INFO - Started process (PID=7875) to work on /home/ubuntu/customer_churn_youtube_venv/lib/python3.12/site-packages/airflow/example_dags/plugins/workday.py
[2025-03-27T16:53:10.032+0000] {processor.py:914} INFO - Processing file /home/ubuntu/customer_churn_youtube_venv/lib/python3.12/site-packages/airflow/example_dags/plugins/workday.py for tasks to queue
[2025-03-27T16:53:10.034+0000] {logging_mixin.py:190} INFO - [2025-03-27T16:53:10.033+0000] {dagbag.py:588} INFO - Filling up the DagBag from /home/ubuntu/customer_churn_youtube_venv/lib/python3.12/site-packages/airflow/example_dags/plugins/workday.py
[2025-03-27T16:53:10.037+0000] {logging_mixin.py:190} INFO - [2025-03-27T16:53:10.037+0000] {workday.py:41} WARNING - Could not import pandas. Holidays will not be considered.
[2025-03-27T16:53:10.037+0000] {processor.py:927} WARNING - No viable dags retrieved from /home/ubuntu/customer_churn_youtube_venv/lib/python3.12/site-packages/airflow/example_dags/plugins/workday.py
[2025-03-27T16:53:10.048+0000] {processor.py:208} INFO - Processing /home/ubuntu/customer_churn_youtube_venv/lib/python3.12/site-packages/airflow/example_dags/plugins/workday.py took 0.024 seconds
[2025-03-27T16:54:00.270+0000] {processor.py:186} INFO - Started process (PID=7929) to work on /home/ubuntu/customer_churn_youtube_venv/lib/python3.12/site-packages/airflow/example_dags/plugins/workday.py
[2025-03-27T16:54:00.271+0000] {processor.py:914} INFO - Processing file /home/ubuntu/customer_churn_youtube_venv/lib/python3.12/site-packages/airflow/example_dags/plugins/workday.py for tasks to queue
[2025-03-27T16:54:00.274+0000] {logging_mixin.py:190} INFO - [2025-03-27T16:54:00.274+0000] {dagbag.py:588} INFO - Filling up the DagBag from /home/ubuntu/customer_churn_youtube_venv/lib/python3.12/site-packages/airflow/example_dags/plugins/workday.py
[2025-03-27T16:54:00.276+0000] {logging_mixin.py:190} INFO - [2025-03-27T16:54:00.276+0000] {workday.py:41} WARNING - Could not import pandas. Holidays will not be considered.
[2025-03-27T16:54:00.277+0000] {processor.py:927} WARNING - No viable dags retrieved from /home/ubuntu/customer_churn_youtube_venv/lib/python3.12/site-packages/airflow/example_dags/plugins/workday.py
[2025-03-27T16:54:00.287+0000] {processor.py:208} INFO - Processing /home/ubuntu/customer_churn_youtube_venv/lib/python3.12/site-packages/airflow/example_dags/plugins/workday.py took 0.024 seconds
[2025-03-27T16:54:50.921+0000] {processor.py:186} INFO - Started process (PID=7982) to work on /home/ubuntu/customer_churn_youtube_venv/lib/python3.12/site-packages/airflow/example_dags/plugins/workday.py
[2025-03-27T16:54:50.922+0000] {processor.py:914} INFO - Processing file /home/ubuntu/customer_churn_youtube_venv/lib/python3.12/site-packages/airflow/example_dags/plugins/workday.py for tasks to queue
[2025-03-27T16:54:50.925+0000] {logging_mixin.py:190} INFO - [2025-03-27T16:54:50.924+0000] {dagbag.py:588} INFO - Filling up the DagBag from /home/ubuntu/customer_churn_youtube_venv/lib/python3.12/site-packages/airflow/example_dags/plugins/workday.py
[2025-03-27T16:54:50.927+0000] {logging_mixin.py:190} INFO - [2025-03-27T16:54:50.927+0000] {workday.py:41} WARNING - Could not import pandas. Holidays will not be considered.
[2025-03-27T16:54:50.928+0000] {processor.py:927} WARNING - No viable dags retrieved from /home/ubuntu/customer_churn_youtube_venv/lib/python3.12/site-packages/airflow/example_dags/plugins/workday.py
[2025-03-27T16:54:50.938+0000] {processor.py:208} INFO - Processing /home/ubuntu/customer_churn_youtube_venv/lib/python3.12/site-packages/airflow/example_dags/plugins/workday.py took 0.023 seconds
[2025-03-27T16:55:41.941+0000] {processor.py:186} INFO - Started process (PID=8061) to work on /home/ubuntu/customer_churn_youtube_venv/lib/python3.12/site-packages/airflow/example_dags/plugins/workday.py
[2025-03-27T16:55:41.942+0000] {processor.py:914} INFO - Processing file /home/ubuntu/customer_churn_youtube_venv/lib/python3.12/site-packages/airflow/example_dags/plugins/workday.py for tasks to queue
[2025-03-27T16:55:41.945+0000] {logging_mixin.py:190} INFO - [2025-03-27T16:55:41.945+0000] {dagbag.py:588} INFO - Filling up the DagBag from /home/ubuntu/customer_churn_youtube_venv/lib/python3.12/site-packages/airflow/example_dags/plugins/workday.py
[2025-03-27T16:55:41.947+0000] {logging_mixin.py:190} INFO - [2025-03-27T16:55:41.947+0000] {workday.py:41} WARNING - Could not import pandas. Holidays will not be considered.
[2025-03-27T16:55:41.948+0000] {processor.py:927} WARNING - No viable dags retrieved from /home/ubuntu/customer_churn_youtube_venv/lib/python3.12/site-packages/airflow/example_dags/plugins/workday.py
[2025-03-27T16:55:41.959+0000] {processor.py:208} INFO - Processing /home/ubuntu/customer_churn_youtube_venv/lib/python3.12/site-packages/airflow/example_dags/plugins/workday.py took 0.025 seconds
[2025-03-27T16:56:40.717+0000] {processor.py:186} INFO - Started process (PID=8116) to work on /home/ubuntu/customer_churn_youtube_venv/lib/python3.12/site-packages/airflow/example_dags/plugins/workday.py
[2025-03-27T16:56:40.718+0000] {processor.py:914} INFO - Processing file /home/ubuntu/customer_churn_youtube_venv/lib/python3.12/site-packages/airflow/example_dags/plugins/workday.py for tasks to queue
[2025-03-27T16:56:40.721+0000] {logging_mixin.py:190} INFO - [2025-03-27T16:56:40.720+0000] {dagbag.py:588} INFO - Filling up the DagBag from /home/ubuntu/customer_churn_youtube_venv/lib/python3.12/site-packages/airflow/example_dags/plugins/workday.py
[2025-03-27T16:56:40.724+0000] {logging_mixin.py:190} INFO - [2025-03-27T16:56:40.723+0000] {workday.py:41} WARNING - Could not import pandas. Holidays will not be considered.
[2025-03-27T16:56:40.724+0000] {processor.py:927} WARNING - No viable dags retrieved from /home/ubuntu/customer_churn_youtube_venv/lib/python3.12/site-packages/airflow/example_dags/plugins/workday.py
[2025-03-27T16:56:40.735+0000] {processor.py:208} INFO - Processing /home/ubuntu/customer_churn_youtube_venv/lib/python3.12/site-packages/airflow/example_dags/plugins/workday.py took 0.024 seconds
[2025-03-27T16:57:38.797+0000] {processor.py:186} INFO - Started process (PID=8173) to work on /home/ubuntu/customer_churn_youtube_venv/lib/python3.12/site-packages/airflow/example_dags/plugins/workday.py
[2025-03-27T16:57:38.799+0000] {processor.py:914} INFO - Processing file /home/ubuntu/customer_churn_youtube_venv/lib/python3.12/site-packages/airflow/example_dags/plugins/workday.py for tasks to queue
[2025-03-27T16:57:38.802+0000] {logging_mixin.py:190} INFO - [2025-03-27T16:57:38.801+0000] {dagbag.py:588} INFO - Filling up the DagBag from /home/ubuntu/customer_churn_youtube_venv/lib/python3.12/site-packages/airflow/example_dags/plugins/workday.py
[2025-03-27T16:57:38.804+0000] {logging_mixin.py:190} INFO - [2025-03-27T16:57:38.804+0000] {workday.py:41} WARNING - Could not import pandas. Holidays will not be considered.
[2025-03-27T16:57:38.805+0000] {processor.py:927} WARNING - No viable dags retrieved from /home/ubuntu/customer_churn_youtube_venv/lib/python3.12/site-packages/airflow/example_dags/plugins/workday.py
[2025-03-27T16:57:38.816+0000] {processor.py:208} INFO - Processing /home/ubuntu/customer_churn_youtube_venv/lib/python3.12/site-packages/airflow/example_dags/plugins/workday.py took 0.025 seconds
[2025-03-27T16:58:36.469+0000] {processor.py:186} INFO - Started process (PID=8230) to work on /home/ubuntu/customer_churn_youtube_venv/lib/python3.12/site-packages/airflow/example_dags/plugins/workday.py
[2025-03-27T16:58:36.471+0000] {processor.py:914} INFO - Processing file /home/ubuntu/customer_churn_youtube_venv/lib/python3.12/site-packages/airflow/example_dags/plugins/workday.py for tasks to queue
[2025-03-27T16:58:36.474+0000] {logging_mixin.py:190} INFO - [2025-03-27T16:58:36.472+0000] {dagbag.py:588} INFO - Filling up the DagBag from /home/ubuntu/customer_churn_youtube_venv/lib/python3.12/site-packages/airflow/example_dags/plugins/workday.py
[2025-03-27T16:58:36.477+0000] {logging_mixin.py:190} INFO - [2025-03-27T16:58:36.477+0000] {workday.py:41} WARNING - Could not import pandas. Holidays will not be considered.
[2025-03-27T16:58:36.477+0000] {processor.py:927} WARNING - No viable dags retrieved from /home/ubuntu/customer_churn_youtube_venv/lib/python3.12/site-packages/airflow/example_dags/plugins/workday.py
[2025-03-27T16:58:36.488+0000] {processor.py:208} INFO - Processing /home/ubuntu/customer_churn_youtube_venv/lib/python3.12/site-packages/airflow/example_dags/plugins/workday.py took 0.024 seconds
[2025-03-27T16:59:35.819+0000] {processor.py:186} INFO - Started process (PID=8312) to work on /home/ubuntu/customer_churn_youtube_venv/lib/python3.12/site-packages/airflow/example_dags/plugins/workday.py
[2025-03-27T16:59:35.821+0000] {processor.py:914} INFO - Processing file /home/ubuntu/customer_churn_youtube_venv/lib/python3.12/site-packages/airflow/example_dags/plugins/workday.py for tasks to queue
[2025-03-27T16:59:35.822+0000] {logging_mixin.py:190} INFO - [2025-03-27T16:59:35.822+0000] {dagbag.py:588} INFO - Filling up the DagBag from /home/ubuntu/customer_churn_youtube_venv/lib/python3.12/site-packages/airflow/example_dags/plugins/workday.py
[2025-03-27T16:59:35.826+0000] {logging_mixin.py:190} INFO - [2025-03-27T16:59:35.826+0000] {workday.py:41} WARNING - Could not import pandas. Holidays will not be considered.
[2025-03-27T16:59:35.827+0000] {processor.py:927} WARNING - No viable dags retrieved from /home/ubuntu/customer_churn_youtube_venv/lib/python3.12/site-packages/airflow/example_dags/plugins/workday.py
[2025-03-27T16:59:35.837+0000] {processor.py:208} INFO - Processing /home/ubuntu/customer_churn_youtube_venv/lib/python3.12/site-packages/airflow/example_dags/plugins/workday.py took 0.023 seconds
[2025-03-27T17:00:31.570+0000] {processor.py:186} INFO - Started process (PID=8375) to work on /home/ubuntu/customer_churn_youtube_venv/lib/python3.12/site-packages/airflow/example_dags/plugins/workday.py
[2025-03-27T17:00:31.573+0000] {processor.py:914} INFO - Processing file /home/ubuntu/customer_churn_youtube_venv/lib/python3.12/site-packages/airflow/example_dags/plugins/workday.py for tasks to queue
[2025-03-27T17:00:31.575+0000] {logging_mixin.py:190} INFO - [2025-03-27T17:00:31.574+0000] {dagbag.py:588} INFO - Filling up the DagBag from /home/ubuntu/customer_churn_youtube_venv/lib/python3.12/site-packages/airflow/example_dags/plugins/workday.py
[2025-03-27T17:00:31.578+0000] {logging_mixin.py:190} INFO - [2025-03-27T17:00:31.578+0000] {workday.py:41} WARNING - Could not import pandas. Holidays will not be considered.
[2025-03-27T17:00:31.579+0000] {processor.py:927} WARNING - No viable dags retrieved from /home/ubuntu/customer_churn_youtube_venv/lib/python3.12/site-packages/airflow/example_dags/plugins/workday.py
[2025-03-27T17:00:31.590+0000] {processor.py:208} INFO - Processing /home/ubuntu/customer_churn_youtube_venv/lib/python3.12/site-packages/airflow/example_dags/plugins/workday.py took 0.024 seconds
[2025-03-27T17:01:23.087+0000] {processor.py:186} INFO - Started process (PID=8428) to work on /home/ubuntu/customer_churn_youtube_venv/lib/python3.12/site-packages/airflow/example_dags/plugins/workday.py
[2025-03-27T17:01:23.088+0000] {processor.py:914} INFO - Processing file /home/ubuntu/customer_churn_youtube_venv/lib/python3.12/site-packages/airflow/example_dags/plugins/workday.py for tasks to queue
[2025-03-27T17:01:23.091+0000] {logging_mixin.py:190} INFO - [2025-03-27T17:01:23.090+0000] {dagbag.py:588} INFO - Filling up the DagBag from /home/ubuntu/customer_churn_youtube_venv/lib/python3.12/site-packages/airflow/example_dags/plugins/workday.py
[2025-03-27T17:01:23.093+0000] {logging_mixin.py:190} INFO - [2025-03-27T17:01:23.093+0000] {workday.py:41} WARNING - Could not import pandas. Holidays will not be considered.
[2025-03-27T17:01:23.094+0000] {processor.py:927} WARNING - No viable dags retrieved from /home/ubuntu/customer_churn_youtube_venv/lib/python3.12/site-packages/airflow/example_dags/plugins/workday.py
[2025-03-27T17:01:23.104+0000] {processor.py:208} INFO - Processing /home/ubuntu/customer_churn_youtube_venv/lib/python3.12/site-packages/airflow/example_dags/plugins/workday.py took 0.023 seconds
[2025-03-27T17:02:15.703+0000] {processor.py:186} INFO - Started process (PID=8484) to work on /home/ubuntu/customer_churn_youtube_venv/lib/python3.12/site-packages/airflow/example_dags/plugins/workday.py
[2025-03-27T17:02:15.705+0000] {processor.py:914} INFO - Processing file /home/ubuntu/customer_churn_youtube_venv/lib/python3.12/site-packages/airflow/example_dags/plugins/workday.py for tasks to queue
[2025-03-27T17:02:15.707+0000] {logging_mixin.py:190} INFO - [2025-03-27T17:02:15.707+0000] {dagbag.py:588} INFO - Filling up the DagBag from /home/ubuntu/customer_churn_youtube_venv/lib/python3.12/site-packages/airflow/example_dags/plugins/workday.py
[2025-03-27T17:02:15.710+0000] {logging_mixin.py:190} INFO - [2025-03-27T17:02:15.710+0000] {workday.py:41} WARNING - Could not import pandas. Holidays will not be considered.
[2025-03-27T17:02:15.711+0000] {processor.py:927} WARNING - No viable dags retrieved from /home/ubuntu/customer_churn_youtube_venv/lib/python3.12/site-packages/airflow/example_dags/plugins/workday.py
[2025-03-27T17:02:15.721+0000] {processor.py:208} INFO - Processing /home/ubuntu/customer_churn_youtube_venv/lib/python3.12/site-packages/airflow/example_dags/plugins/workday.py took 0.024 seconds
[2025-03-27T17:03:05.962+0000] {processor.py:186} INFO - Started process (PID=8539) to work on /home/ubuntu/customer_churn_youtube_venv/lib/python3.12/site-packages/airflow/example_dags/plugins/workday.py
[2025-03-27T17:03:05.963+0000] {processor.py:914} INFO - Processing file /home/ubuntu/customer_churn_youtube_venv/lib/python3.12/site-packages/airflow/example_dags/plugins/workday.py for tasks to queue
[2025-03-27T17:03:05.965+0000] {logging_mixin.py:190} INFO - [2025-03-27T17:03:05.965+0000] {dagbag.py:588} INFO - Filling up the DagBag from /home/ubuntu/customer_churn_youtube_venv/lib/python3.12/site-packages/airflow/example_dags/plugins/workday.py
[2025-03-27T17:03:05.968+0000] {logging_mixin.py:190} INFO - [2025-03-27T17:03:05.968+0000] {workday.py:41} WARNING - Could not import pandas. Holidays will not be considered.
[2025-03-27T17:03:05.969+0000] {processor.py:927} WARNING - No viable dags retrieved from /home/ubuntu/customer_churn_youtube_venv/lib/python3.12/site-packages/airflow/example_dags/plugins/workday.py
[2025-03-27T17:03:05.979+0000] {processor.py:208} INFO - Processing /home/ubuntu/customer_churn_youtube_venv/lib/python3.12/site-packages/airflow/example_dags/plugins/workday.py took 0.023 seconds
[2025-03-27T17:04:00.309+0000] {processor.py:186} INFO - Started process (PID=8602) to work on /home/ubuntu/customer_churn_youtube_venv/lib/python3.12/site-packages/airflow/example_dags/plugins/workday.py
[2025-03-27T17:04:00.310+0000] {processor.py:914} INFO - Processing file /home/ubuntu/customer_churn_youtube_venv/lib/python3.12/site-packages/airflow/example_dags/plugins/workday.py for tasks to queue
[2025-03-27T17:04:00.312+0000] {logging_mixin.py:190} INFO - [2025-03-27T17:04:00.312+0000] {dagbag.py:588} INFO - Filling up the DagBag from /home/ubuntu/customer_churn_youtube_venv/lib/python3.12/site-packages/airflow/example_dags/plugins/workday.py
[2025-03-27T17:04:00.315+0000] {logging_mixin.py:190} INFO - [2025-03-27T17:04:00.315+0000] {workday.py:41} WARNING - Could not import pandas. Holidays will not be considered.
[2025-03-27T17:04:00.316+0000] {processor.py:927} WARNING - No viable dags retrieved from /home/ubuntu/customer_churn_youtube_venv/lib/python3.12/site-packages/airflow/example_dags/plugins/workday.py
[2025-03-27T17:04:00.326+0000] {processor.py:208} INFO - Processing /home/ubuntu/customer_churn_youtube_venv/lib/python3.12/site-packages/airflow/example_dags/plugins/workday.py took 0.023 seconds
[2025-03-27T17:04:51.627+0000] {processor.py:186} INFO - Started process (PID=8661) to work on /home/ubuntu/customer_churn_youtube_venv/lib/python3.12/site-packages/airflow/example_dags/plugins/workday.py
[2025-03-27T17:04:51.628+0000] {processor.py:914} INFO - Processing file /home/ubuntu/customer_churn_youtube_venv/lib/python3.12/site-packages/airflow/example_dags/plugins/workday.py for tasks to queue
[2025-03-27T17:04:51.630+0000] {logging_mixin.py:190} INFO - [2025-03-27T17:04:51.630+0000] {dagbag.py:588} INFO - Filling up the DagBag from /home/ubuntu/customer_churn_youtube_venv/lib/python3.12/site-packages/airflow/example_dags/plugins/workday.py
[2025-03-27T17:04:51.634+0000] {logging_mixin.py:190} INFO - [2025-03-27T17:04:51.633+0000] {workday.py:41} WARNING - Could not import pandas. Holidays will not be considered.
[2025-03-27T17:04:51.634+0000] {processor.py:927} WARNING - No viable dags retrieved from /home/ubuntu/customer_churn_youtube_venv/lib/python3.12/site-packages/airflow/example_dags/plugins/workday.py
[2025-03-27T17:04:51.644+0000] {processor.py:208} INFO - Processing /home/ubuntu/customer_churn_youtube_venv/lib/python3.12/site-packages/airflow/example_dags/plugins/workday.py took 0.023 seconds
[2025-03-27T17:05:43.370+0000] {processor.py:186} INFO - Started process (PID=8731) to work on /home/ubuntu/customer_churn_youtube_venv/lib/python3.12/site-packages/airflow/example_dags/plugins/workday.py
[2025-03-27T17:05:43.373+0000] {processor.py:914} INFO - Processing file /home/ubuntu/customer_churn_youtube_venv/lib/python3.12/site-packages/airflow/example_dags/plugins/workday.py for tasks to queue
[2025-03-27T17:05:43.375+0000] {logging_mixin.py:190} INFO - [2025-03-27T17:05:43.375+0000] {dagbag.py:588} INFO - Filling up the DagBag from /home/ubuntu/customer_churn_youtube_venv/lib/python3.12/site-packages/airflow/example_dags/plugins/workday.py
[2025-03-27T17:05:43.378+0000] {logging_mixin.py:190} INFO - [2025-03-27T17:05:43.378+0000] {workday.py:41} WARNING - Could not import pandas. Holidays will not be considered.
[2025-03-27T17:05:43.378+0000] {processor.py:927} WARNING - No viable dags retrieved from /home/ubuntu/customer_churn_youtube_venv/lib/python3.12/site-packages/airflow/example_dags/plugins/workday.py
[2025-03-27T17:05:43.389+0000] {processor.py:208} INFO - Processing /home/ubuntu/customer_churn_youtube_venv/lib/python3.12/site-packages/airflow/example_dags/plugins/workday.py took 0.023 seconds
[2025-03-27T17:06:37.833+0000] {processor.py:186} INFO - Started process (PID=8786) to work on /home/ubuntu/customer_churn_youtube_venv/lib/python3.12/site-packages/airflow/example_dags/plugins/workday.py
[2025-03-27T17:06:37.835+0000] {processor.py:914} INFO - Processing file /home/ubuntu/customer_churn_youtube_venv/lib/python3.12/site-packages/airflow/example_dags/plugins/workday.py for tasks to queue
[2025-03-27T17:06:37.837+0000] {logging_mixin.py:190} INFO - [2025-03-27T17:06:37.836+0000] {dagbag.py:588} INFO - Filling up the DagBag from /home/ubuntu/customer_churn_youtube_venv/lib/python3.12/site-packages/airflow/example_dags/plugins/workday.py
[2025-03-27T17:06:37.840+0000] {logging_mixin.py:190} INFO - [2025-03-27T17:06:37.839+0000] {workday.py:41} WARNING - Could not import pandas. Holidays will not be considered.
[2025-03-27T17:06:37.840+0000] {processor.py:927} WARNING - No viable dags retrieved from /home/ubuntu/customer_churn_youtube_venv/lib/python3.12/site-packages/airflow/example_dags/plugins/workday.py
[2025-03-27T17:06:37.852+0000] {processor.py:208} INFO - Processing /home/ubuntu/customer_churn_youtube_venv/lib/python3.12/site-packages/airflow/example_dags/plugins/workday.py took 0.025 seconds
[2025-03-27T17:07:29.533+0000] {processor.py:186} INFO - Started process (PID=8849) to work on /home/ubuntu/customer_churn_youtube_venv/lib/python3.12/site-packages/airflow/example_dags/plugins/workday.py
[2025-03-27T17:07:29.535+0000] {processor.py:914} INFO - Processing file /home/ubuntu/customer_churn_youtube_venv/lib/python3.12/site-packages/airflow/example_dags/plugins/workday.py for tasks to queue
[2025-03-27T17:07:29.537+0000] {logging_mixin.py:190} INFO - [2025-03-27T17:07:29.536+0000] {dagbag.py:588} INFO - Filling up the DagBag from /home/ubuntu/customer_churn_youtube_venv/lib/python3.12/site-packages/airflow/example_dags/plugins/workday.py
[2025-03-27T17:07:29.539+0000] {logging_mixin.py:190} INFO - [2025-03-27T17:07:29.539+0000] {workday.py:41} WARNING - Could not import pandas. Holidays will not be considered.
[2025-03-27T17:07:29.539+0000] {processor.py:927} WARNING - No viable dags retrieved from /home/ubuntu/customer_churn_youtube_venv/lib/python3.12/site-packages/airflow/example_dags/plugins/workday.py
[2025-03-27T17:07:29.550+0000] {processor.py:208} INFO - Processing /home/ubuntu/customer_churn_youtube_venv/lib/python3.12/site-packages/airflow/example_dags/plugins/workday.py took 0.022 seconds
[2025-03-27T17:08:22.466+0000] {processor.py:186} INFO - Started process (PID=8908) to work on /home/ubuntu/customer_churn_youtube_venv/lib/python3.12/site-packages/airflow/example_dags/plugins/workday.py
[2025-03-27T17:08:22.468+0000] {processor.py:914} INFO - Processing file /home/ubuntu/customer_churn_youtube_venv/lib/python3.12/site-packages/airflow/example_dags/plugins/workday.py for tasks to queue
[2025-03-27T17:08:22.469+0000] {logging_mixin.py:190} INFO - [2025-03-27T17:08:22.469+0000] {dagbag.py:588} INFO - Filling up the DagBag from /home/ubuntu/customer_churn_youtube_venv/lib/python3.12/site-packages/airflow/example_dags/plugins/workday.py
[2025-03-27T17:08:22.473+0000] {logging_mixin.py:190} INFO - [2025-03-27T17:08:22.473+0000] {workday.py:41} WARNING - Could not import pandas. Holidays will not be considered.
[2025-03-27T17:08:22.473+0000] {processor.py:927} WARNING - No viable dags retrieved from /home/ubuntu/customer_churn_youtube_venv/lib/python3.12/site-packages/airflow/example_dags/plugins/workday.py
[2025-03-27T17:08:22.483+0000] {processor.py:208} INFO - Processing /home/ubuntu/customer_churn_youtube_venv/lib/python3.12/site-packages/airflow/example_dags/plugins/workday.py took 0.023 seconds
[2025-03-27T17:09:14.123+0000] {processor.py:186} INFO - Started process (PID=8966) to work on /home/ubuntu/customer_churn_youtube_venv/lib/python3.12/site-packages/airflow/example_dags/plugins/workday.py
[2025-03-27T17:09:14.125+0000] {processor.py:914} INFO - Processing file /home/ubuntu/customer_churn_youtube_venv/lib/python3.12/site-packages/airflow/example_dags/plugins/workday.py for tasks to queue
[2025-03-27T17:09:14.127+0000] {logging_mixin.py:190} INFO - [2025-03-27T17:09:14.126+0000] {dagbag.py:588} INFO - Filling up the DagBag from /home/ubuntu/customer_churn_youtube_venv/lib/python3.12/site-packages/airflow/example_dags/plugins/workday.py
[2025-03-27T17:09:14.129+0000] {logging_mixin.py:190} INFO - [2025-03-27T17:09:14.129+0000] {workday.py:41} WARNING - Could not import pandas. Holidays will not be considered.
[2025-03-27T17:09:14.130+0000] {processor.py:927} WARNING - No viable dags retrieved from /home/ubuntu/customer_churn_youtube_venv/lib/python3.12/site-packages/airflow/example_dags/plugins/workday.py
[2025-03-27T17:09:14.140+0000] {processor.py:208} INFO - Processing /home/ubuntu/customer_churn_youtube_venv/lib/python3.12/site-packages/airflow/example_dags/plugins/workday.py took 0.023 seconds
[2025-03-27T17:10:08.449+0000] {processor.py:186} INFO - Started process (PID=9025) to work on /home/ubuntu/customer_churn_youtube_venv/lib/python3.12/site-packages/airflow/example_dags/plugins/workday.py
[2025-03-27T17:10:08.451+0000] {processor.py:914} INFO - Processing file /home/ubuntu/customer_churn_youtube_venv/lib/python3.12/site-packages/airflow/example_dags/plugins/workday.py for tasks to queue
[2025-03-27T17:10:08.453+0000] {logging_mixin.py:190} INFO - [2025-03-27T17:10:08.452+0000] {dagbag.py:588} INFO - Filling up the DagBag from /home/ubuntu/customer_churn_youtube_venv/lib/python3.12/site-packages/airflow/example_dags/plugins/workday.py
[2025-03-27T17:10:08.456+0000] {logging_mixin.py:190} INFO - [2025-03-27T17:10:08.455+0000] {workday.py:41} WARNING - Could not import pandas. Holidays will not be considered.
[2025-03-27T17:10:08.456+0000] {processor.py:927} WARNING - No viable dags retrieved from /home/ubuntu/customer_churn_youtube_venv/lib/python3.12/site-packages/airflow/example_dags/plugins/workday.py
[2025-03-27T17:10:08.467+0000] {processor.py:208} INFO - Processing /home/ubuntu/customer_churn_youtube_venv/lib/python3.12/site-packages/airflow/example_dags/plugins/workday.py took 0.022 seconds
[2025-03-27T17:11:03.622+0000] {processor.py:186} INFO - Started process (PID=9085) to work on /home/ubuntu/customer_churn_youtube_venv/lib/python3.12/site-packages/airflow/example_dags/plugins/workday.py
[2025-03-27T17:11:03.624+0000] {processor.py:914} INFO - Processing file /home/ubuntu/customer_churn_youtube_venv/lib/python3.12/site-packages/airflow/example_dags/plugins/workday.py for tasks to queue
[2025-03-27T17:11:03.626+0000] {logging_mixin.py:190} INFO - [2025-03-27T17:11:03.626+0000] {dagbag.py:588} INFO - Filling up the DagBag from /home/ubuntu/customer_churn_youtube_venv/lib/python3.12/site-packages/airflow/example_dags/plugins/workday.py
[2025-03-27T17:11:03.629+0000] {logging_mixin.py:190} INFO - [2025-03-27T17:11:03.629+0000] {workday.py:41} WARNING - Could not import pandas. Holidays will not be considered.
[2025-03-27T17:11:03.629+0000] {processor.py:927} WARNING - No viable dags retrieved from /home/ubuntu/customer_churn_youtube_venv/lib/python3.12/site-packages/airflow/example_dags/plugins/workday.py
[2025-03-27T17:11:03.640+0000] {processor.py:208} INFO - Processing /home/ubuntu/customer_churn_youtube_venv/lib/python3.12/site-packages/airflow/example_dags/plugins/workday.py took 0.024 seconds
[2025-03-27T17:11:58.188+0000] {processor.py:186} INFO - Started process (PID=9146) to work on /home/ubuntu/customer_churn_youtube_venv/lib/python3.12/site-packages/airflow/example_dags/plugins/workday.py
[2025-03-27T17:11:58.191+0000] {processor.py:914} INFO - Processing file /home/ubuntu/customer_churn_youtube_venv/lib/python3.12/site-packages/airflow/example_dags/plugins/workday.py for tasks to queue
[2025-03-27T17:11:58.193+0000] {logging_mixin.py:190} INFO - [2025-03-27T17:11:58.192+0000] {dagbag.py:588} INFO - Filling up the DagBag from /home/ubuntu/customer_churn_youtube_venv/lib/python3.12/site-packages/airflow/example_dags/plugins/workday.py
[2025-03-27T17:11:58.195+0000] {logging_mixin.py:190} INFO - [2025-03-27T17:11:58.195+0000] {workday.py:41} WARNING - Could not import pandas. Holidays will not be considered.
[2025-03-27T17:11:58.196+0000] {processor.py:927} WARNING - No viable dags retrieved from /home/ubuntu/customer_churn_youtube_venv/lib/python3.12/site-packages/airflow/example_dags/plugins/workday.py
[2025-03-27T17:11:58.205+0000] {processor.py:208} INFO - Processing /home/ubuntu/customer_churn_youtube_venv/lib/python3.12/site-packages/airflow/example_dags/plugins/workday.py took 0.023 seconds
[2025-03-27T17:12:51.049+0000] {processor.py:186} INFO - Started process (PID=9213) to work on /home/ubuntu/customer_churn_youtube_venv/lib/python3.12/site-packages/airflow/example_dags/plugins/workday.py
[2025-03-27T17:12:51.052+0000] {processor.py:914} INFO - Processing file /home/ubuntu/customer_churn_youtube_venv/lib/python3.12/site-packages/airflow/example_dags/plugins/workday.py for tasks to queue
[2025-03-27T17:12:51.054+0000] {logging_mixin.py:190} INFO - [2025-03-27T17:12:51.053+0000] {dagbag.py:588} INFO - Filling up the DagBag from /home/ubuntu/customer_churn_youtube_venv/lib/python3.12/site-packages/airflow/example_dags/plugins/workday.py
[2025-03-27T17:12:51.057+0000] {logging_mixin.py:190} INFO - [2025-03-27T17:12:51.057+0000] {workday.py:41} WARNING - Could not import pandas. Holidays will not be considered.
[2025-03-27T17:12:51.057+0000] {processor.py:927} WARNING - No viable dags retrieved from /home/ubuntu/customer_churn_youtube_venv/lib/python3.12/site-packages/airflow/example_dags/plugins/workday.py
[2025-03-27T17:12:51.068+0000] {processor.py:208} INFO - Processing /home/ubuntu/customer_churn_youtube_venv/lib/python3.12/site-packages/airflow/example_dags/plugins/workday.py took 0.024 seconds
[2025-03-27T17:13:42.544+0000] {processor.py:186} INFO - Started process (PID=9267) to work on /home/ubuntu/customer_churn_youtube_venv/lib/python3.12/site-packages/airflow/example_dags/plugins/workday.py
[2025-03-27T17:13:42.546+0000] {processor.py:914} INFO - Processing file /home/ubuntu/customer_churn_youtube_venv/lib/python3.12/site-packages/airflow/example_dags/plugins/workday.py for tasks to queue
[2025-03-27T17:13:42.548+0000] {logging_mixin.py:190} INFO - [2025-03-27T17:13:42.548+0000] {dagbag.py:588} INFO - Filling up the DagBag from /home/ubuntu/customer_churn_youtube_venv/lib/python3.12/site-packages/airflow/example_dags/plugins/workday.py
[2025-03-27T17:13:42.551+0000] {logging_mixin.py:190} INFO - [2025-03-27T17:13:42.551+0000] {workday.py:41} WARNING - Could not import pandas. Holidays will not be considered.
[2025-03-27T17:13:42.551+0000] {processor.py:927} WARNING - No viable dags retrieved from /home/ubuntu/customer_churn_youtube_venv/lib/python3.12/site-packages/airflow/example_dags/plugins/workday.py
[2025-03-27T17:13:42.562+0000] {processor.py:208} INFO - Processing /home/ubuntu/customer_churn_youtube_venv/lib/python3.12/site-packages/airflow/example_dags/plugins/workday.py took 0.023 seconds
[2025-03-27T17:14:37.770+0000] {processor.py:186} INFO - Started process (PID=9325) to work on /home/ubuntu/customer_churn_youtube_venv/lib/python3.12/site-packages/airflow/example_dags/plugins/workday.py
[2025-03-27T17:14:37.775+0000] {processor.py:914} INFO - Processing file /home/ubuntu/customer_churn_youtube_venv/lib/python3.12/site-packages/airflow/example_dags/plugins/workday.py for tasks to queue
[2025-03-27T17:14:37.777+0000] {logging_mixin.py:190} INFO - [2025-03-27T17:14:37.777+0000] {dagbag.py:588} INFO - Filling up the DagBag from /home/ubuntu/customer_churn_youtube_venv/lib/python3.12/site-packages/airflow/example_dags/plugins/workday.py
[2025-03-27T17:14:37.780+0000] {logging_mixin.py:190} INFO - [2025-03-27T17:14:37.780+0000] {workday.py:41} WARNING - Could not import pandas. Holidays will not be considered.
[2025-03-27T17:14:37.780+0000] {processor.py:927} WARNING - No viable dags retrieved from /home/ubuntu/customer_churn_youtube_venv/lib/python3.12/site-packages/airflow/example_dags/plugins/workday.py
[2025-03-27T17:14:37.791+0000] {processor.py:208} INFO - Processing /home/ubuntu/customer_churn_youtube_venv/lib/python3.12/site-packages/airflow/example_dags/plugins/workday.py took 0.026 seconds
