2025-03-27 16:44:28.682 [info] [main] Log level: Info
2025-03-27 16:44:28.682 [info] [main] Validating found git in: "git"
2025-03-27 16:44:28.682 [info] [main] Using git "2.43.0" from "git"
2025-03-27 16:44:28.682 [info] [Model][doInitialScan] Initial repository scan started
2025-03-27 16:44:28.682 [info] > git rev-parse --show-toplevel [2ms]
2025-03-27 16:44:28.682 [info] fatal: not a git repository (or any of the parent directories): .git
2025-03-27 16:44:28.682 [info] > git rev-parse --show-toplevel [2ms]
2025-03-27 16:44:28.682 [info] fatal: not a git repository (or any of the parent directories): .git
2025-03-27 16:44:28.682 [info] > git rev-parse --show-toplevel [11ms]
2025-03-27 16:44:28.682 [info] fatal: not a git repository (or any of the parent directories): .git
2025-03-27 16:44:28.682 [info] > git rev-parse --show-toplevel [1ms]
2025-03-27 16:44:28.682 [info] fatal: not a git repository (or any of the parent directories): .git
2025-03-27 16:44:28.682 [info] [Model][doInitialScan] Initial repository scan completed - repositories (0), closed repositories (0), parent repositories (0), unsafe repositories (0)
2025-03-27 16:44:29.105 [info] > git rev-parse --show-toplevel [1ms]
2025-03-27 16:44:29.105 [info] fatal: not a git repository (or any of the parent directories): .git
2025-03-27 16:44:31.315 [info] > git rev-parse --show-toplevel [1ms]
2025-03-27 16:44:31.315 [info] fatal: not a git repository (or any of the parent directories): .git
2025-03-27 16:44:36.908 [info] > git rev-parse --show-toplevel [2ms]
2025-03-27 16:44:36.908 [info] fatal: not a git repository (or any of the parent directories): .git
2025-03-27 16:45:38.460 [info] > git rev-parse --show-toplevel [1ms]
2025-03-27 16:45:38.460 [info] fatal: not a git repository (or any of the parent directories): .git
